Running with EXTRA_FLAGS='', SUFFIX=''
Running with suffix: 
Running with #1 cores
Running with base flags: -fopenmp -fstrict-aliasing -std=c++17 -faligned-new -fPIC -Wall -Wextra -O3 -ffast-math -Wno-unused-parameter -Wno-unused-label
Running with env flags: 
Running with flags: -fopenmp -fstrict-aliasing -std=c++17 -faligned-new -fPIC -Wall -Wextra -O3 -ffast-math -Wno-unused-parameter -Wno-unused-label
Running with EXTRA_FLAGS='-march=armv9-a+simd -no-simd -mcpu=neoverse-v2 -mprefer-vector-width=128', SUFFIX='neon'
Running with suffix: _neon
Running with #1 cores
Running with base flags: -fopenmp -fstrict-aliasing -std=c++17 -faligned-new -fPIC -Wall -Wextra -O3 -ffast-math -Wno-unused-parameter -Wno-unused-label
Running with env flags: -march=armv9-a+simd -no-simd -mcpu=neoverse-v2 -mprefer-vector-width=128
Running with flags: -fopenmp -fstrict-aliasing -std=c++17 -faligned-new -fPIC -Wall -Wextra -O3 -ffast-math -Wno-unused-parameter -Wno-unused-label -march=armv9-a+simd -no-simd -mcpu=neoverse-v2 -mprefer-vector-width=128
Running with EXTRA_FLAGS='-march=armv9-a+sve2 -no-simd -mcpu=neoverse-v2', SUFFIX='sve'
Running with suffix: _sve
Running with #1 cores
Running with base flags: -fopenmp -fstrict-aliasing -std=c++17 -faligned-new -fPIC -Wall -Wextra -O3 -ffast-math -Wno-unused-parameter -Wno-unused-label
Running with env flags: -march=armv9-a+sve2 -no-simd -mcpu=neoverse-v2
Running with flags: -fopenmp -fstrict-aliasing -std=c++17 -faligned-new -fPIC -Wall -Wextra -O3 -ffast-math -Wno-unused-parameter -Wno-unused-label -march=armv9-a+sve2 -no-simd -mcpu=neoverse-v2
Running with EXTRA_FLAGS='-fno-tree-vectorize -fno-tree-slp-vectorize', SUFFIX='no-vectorize'
Running with suffix: _no-vectorize
Running with #1 cores
Running with base flags: -fopenmp -fstrict-aliasing -std=c++17 -faligned-new -fPIC -Wall -Wextra -O3 -ffast-math -Wno-unused-parameter -Wno-unused-label
Running with env flags: -fno-tree-vectorize -fno-tree-slp-vectorize
Running with flags: -fopenmp -fstrict-aliasing -std=c++17 -faligned-new -fPIC -Wall -Wextra -O3 -ffast-math -Wno-unused-parameter -Wno-unused-label -fno-tree-vectorize -fno-tree-slp-vectorize
Running with EXTRA_FLAGS='', SUFFIX=''
Running with suffix: 
Running with #72 cores
Running with base flags: -fopenmp -fstrict-aliasing -std=c++17 -faligned-new -fPIC -Wall -Wextra -O3 -ffast-math -Wno-unused-parameter -Wno-unused-label
Running with env flags: 
Running with flags: -fopenmp -fstrict-aliasing -std=c++17 -faligned-new -fPIC -Wall -Wextra -O3 -ffast-math -Wno-unused-parameter -Wno-unused-label
Running with EXTRA_FLAGS='-march=armv9-a+simd -no-simd -mcpu=neoverse-v2 -mprefer-vector-width=128', SUFFIX='neon'
Running with suffix: _neon
Running with #72 cores
Running with base flags: -fopenmp -fstrict-aliasing -std=c++17 -faligned-new -fPIC -Wall -Wextra -O3 -ffast-math -Wno-unused-parameter -Wno-unused-label
Running with env flags: -march=armv9-a+simd -no-simd -mcpu=neoverse-v2 -mprefer-vector-width=128
Running with flags: -fopenmp -fstrict-aliasing -std=c++17 -faligned-new -fPIC -Wall -Wextra -O3 -ffast-math -Wno-unused-parameter -Wno-unused-label -march=armv9-a+simd -no-simd -mcpu=neoverse-v2 -mprefer-vector-width=128
Running with EXTRA_FLAGS='-march=armv9-a+sve2 -no-simd -mcpu=neoverse-v2', SUFFIX='sve'
Running with suffix: _sve
Running with #72 cores
Running with base flags: -fopenmp -fstrict-aliasing -std=c++17 -faligned-new -fPIC -Wall -Wextra -O3 -ffast-math -Wno-unused-parameter -Wno-unused-label
Running with env flags: -march=armv9-a+sve2 -no-simd -mcpu=neoverse-v2
Running with flags: -fopenmp -fstrict-aliasing -std=c++17 -faligned-new -fPIC -Wall -Wextra -O3 -ffast-math -Wno-unused-parameter -Wno-unused-label -march=armv9-a+sve2 -no-simd -mcpu=neoverse-v2
Running with EXTRA_FLAGS='-fno-tree-vectorize -fno-tree-slp-vectorize', SUFFIX='no-vectorize'
Running with suffix: _no-vectorize
Running with #72 cores
Running with base flags: -fopenmp -fstrict-aliasing -std=c++17 -faligned-new -fPIC -Wall -Wextra -O3 -ffast-math -Wno-unused-parameter -Wno-unused-label
Running with env flags: -fno-tree-vectorize -fno-tree-slp-vectorize
Running with flags: -fopenmp -fstrict-aliasing -std=c++17 -faligned-new -fPIC -Wall -Wextra -O3 -ffast-math -Wno-unused-parameter -Wno-unused-label -fno-tree-vectorize -fno-tree-slp-vectorize
