Script path: 
Script dir:  
Running with EXTRA_FLAGS='', SUFFIX=''
Running with suffix: 
Running with #1 cores
Running with base flags: -fstrict-aliasing -std=c++17 -faligned-new -fPIC -Wall -Wextra -O3 -march=native -ffast-math -Wno-unused-parameter -Wno-unused-label -qopenmp
Running with env flags: 
Running with flags: -fstrict-aliasing -std=c++17 -faligned-new -fPIC -Wall -Wextra -O3 -march=native -ffast-math -Wno-unused-parameter -Wno-unused-label -qopenmp
Running with EXTRA_FLAGS='-qopt-zmm-usage=high -diag-enable=vec -qopt-report=5 -qopt-report-phase=vec -qopt-report-file=/division_by_zero_vec_report.optrpt', SUFFIX='force_width_512'
Running with suffix: _force_width_512
Running with #1 cores
Running with base flags: -fstrict-aliasing -std=c++17 -faligned-new -fPIC -Wall -Wextra -O3 -march=native -ffast-math -Wno-unused-parameter -Wno-unused-label -qopenmp
Running with env flags: -qopt-zmm-usage=high -diag-enable=vec -qopt-report=5 -qopt-report-phase=vec -qopt-report-file=/division_by_zero_vec_report.optrpt
Running with flags: -fstrict-aliasing -std=c++17 -faligned-new -fPIC -Wall -Wextra -O3 -march=native -ffast-math -Wno-unused-parameter -Wno-unused-label -qopenmp -qopt-zmm-usage=high -diag-enable=vec -qopt-report=5 -qopt-report-phase=vec -qopt-report-file=/division_by_zero_vec_report.optrpt
Running with EXTRA_FLAGS='-no-vec', SUFFIX='no_vectorize'
Running with suffix: _no_vectorize
Running with #1 cores
Running with base flags: -fstrict-aliasing -std=c++17 -faligned-new -fPIC -Wall -Wextra -O3 -march=native -ffast-math -Wno-unused-parameter -Wno-unused-label -qopenmp
Running with env flags: -no-vec
Running with flags: -fstrict-aliasing -std=c++17 -faligned-new -fPIC -Wall -Wextra -O3 -march=native -ffast-math -Wno-unused-parameter -Wno-unused-label -qopenmp -no-vec
Running with EXTRA_FLAGS='', SUFFIX=''
Running with suffix: 
Running with #18 cores
Running with base flags: -fstrict-aliasing -std=c++17 -faligned-new -fPIC -Wall -Wextra -O3 -march=native -ffast-math -Wno-unused-parameter -Wno-unused-label -qopenmp
Running with env flags: 
Running with flags: -fstrict-aliasing -std=c++17 -faligned-new -fPIC -Wall -Wextra -O3 -march=native -ffast-math -Wno-unused-parameter -Wno-unused-label -qopenmp
Running with EXTRA_FLAGS='-qopt-zmm-usage=high -diag-enable=vec -qopt-report=5 -qopt-report-phase=vec -qopt-report-file=/division_by_zero_vec_report.optrpt', SUFFIX='force_width_512'
Running with suffix: _force_width_512
Running with #18 cores
Running with base flags: -fstrict-aliasing -std=c++17 -faligned-new -fPIC -Wall -Wextra -O3 -march=native -ffast-math -Wno-unused-parameter -Wno-unused-label -qopenmp
Running with env flags: -qopt-zmm-usage=high -diag-enable=vec -qopt-report=5 -qopt-report-phase=vec -qopt-report-file=/division_by_zero_vec_report.optrpt
Running with flags: -fstrict-aliasing -std=c++17 -faligned-new -fPIC -Wall -Wextra -O3 -march=native -ffast-math -Wno-unused-parameter -Wno-unused-label -qopenmp -qopt-zmm-usage=high -diag-enable=vec -qopt-report=5 -qopt-report-phase=vec -qopt-report-file=/division_by_zero_vec_report.optrpt
Running with EXTRA_FLAGS='-no-vec', SUFFIX='no_vectorize'
Running with suffix: _no_vectorize
Running with #18 cores
Running with base flags: -fstrict-aliasing -std=c++17 -faligned-new -fPIC -Wall -Wextra -O3 -march=native -ffast-math -Wno-unused-parameter -Wno-unused-label -qopenmp
Running with env flags: -no-vec
Running with flags: -fstrict-aliasing -std=c++17 -faligned-new -fPIC -Wall -Wextra -O3 -march=native -ffast-math -Wno-unused-parameter -Wno-unused-label -qopenmp -no-vec
