Script path: 
Script dir:  
Running with EXTRA_FLAGS='', SUFFIX=''
Run time cloudsc_pattern_1 iter 0: 528.234 ms
Run time cloudsc_pattern_1 iter 1: 528.179 ms
Run time cloudsc_pattern_1 iter 2: 528.455 ms
Run time cloudsc_pattern_1 iter 3: 528.222 ms
Run time cloudsc_pattern_1 iter 4: 528.174 ms
Run time cloudsc_pattern_1 iter 5: 529.887 ms
Run time cloudsc_pattern_1 iter 6: 529.853 ms
Run time cloudsc_pattern_1 iter 7: 531.085 ms
Run time cloudsc_pattern_1 iter 8: 534.154 ms
Run time cloudsc_pattern_1 iter 9: 529.936 ms
Run time cloudsc_pattern_1 iter 10: 531.107 ms
Run time cloudsc_pattern_1 iter 11: 529.643 ms
Run time cloudsc_pattern_1 iter 12: 537.806 ms
Run time cloudsc_pattern_1 iter 13: 532.102 ms
Run time cloudsc_pattern_1 iter 14: 529.965 ms
Run time cloudsc_pattern_1 iter 15: 530.360 ms
Run time cloudsc_pattern_1 iter 16: 529.755 ms
Run time cloudsc_pattern_1 iter 17: 528.847 ms
Run time cloudsc_pattern_1 iter 18: 529.805 ms
Run time cloudsc_pattern_1 iter 19: 529.757 ms
Running with EXTRA_FLAGS='-mprefer-vector-width=512', SUFFIX='force_width_512'
Run time cloudsc_pattern_1 iter 0: 532.862 ms
Run time cloudsc_pattern_1 iter 1: 535.463 ms
Run time cloudsc_pattern_1 iter 2: 529.868 ms
Run time cloudsc_pattern_1 iter 3: 533.671 ms
Run time cloudsc_pattern_1 iter 4: 537.689 ms
Run time cloudsc_pattern_1 iter 5: 536.570 ms
Run time cloudsc_pattern_1 iter 6: 537.060 ms
Run time cloudsc_pattern_1 iter 7: 536.823 ms
Run time cloudsc_pattern_1 iter 8: 537.969 ms
Run time cloudsc_pattern_1 iter 9: 537.189 ms
Run time cloudsc_pattern_1 iter 10: 539.300 ms
Run time cloudsc_pattern_1 iter 11: 538.589 ms
Run time cloudsc_pattern_1 iter 12: 536.988 ms
Run time cloudsc_pattern_1 iter 13: 534.399 ms
Run time cloudsc_pattern_1 iter 14: 537.579 ms
Run time cloudsc_pattern_1 iter 15: 536.406 ms
Run time cloudsc_pattern_1 iter 16: 538.621 ms
Run time cloudsc_pattern_1 iter 17: 539.484 ms
Run time cloudsc_pattern_1 iter 18: 538.629 ms
Run time cloudsc_pattern_1 iter 19: 537.611 ms
Running with EXTRA_FLAGS='-fno-vectorize', SUFFIX='no_vectorize'
Run time cloudsc_pattern_1 iter 0: 537.198 ms
Run time cloudsc_pattern_1 iter 1: 536.417 ms
Run time cloudsc_pattern_1 iter 2: 538.262 ms
Run time cloudsc_pattern_1 iter 3: 539.076 ms
Run time cloudsc_pattern_1 iter 4: 537.894 ms
Run time cloudsc_pattern_1 iter 5: 536.281 ms
Run time cloudsc_pattern_1 iter 6: 536.393 ms
Run time cloudsc_pattern_1 iter 7: 538.758 ms
Run time cloudsc_pattern_1 iter 8: 538.890 ms
Run time cloudsc_pattern_1 iter 9: 537.793 ms
Run time cloudsc_pattern_1 iter 10: 537.371 ms
Run time cloudsc_pattern_1 iter 11: 539.423 ms
Run time cloudsc_pattern_1 iter 12: 539.693 ms
Run time cloudsc_pattern_1 iter 13: 539.222 ms
Run time cloudsc_pattern_1 iter 14: 537.822 ms
Run time cloudsc_pattern_1 iter 15: 537.088 ms
Run time cloudsc_pattern_1 iter 16: 539.881 ms
Run time cloudsc_pattern_1 iter 17: 537.381 ms
Run time cloudsc_pattern_1 iter 18: 537.064 ms
Run time cloudsc_pattern_1 iter 19: 536.730 ms
Running with EXTRA_FLAGS='-fno-math-errno -fveclib=libmvec -mprefer-vector-width=512', SUFFIX='libmvec'
Run time cloudsc_pattern_1 iter 0: 538.467 ms
Run time cloudsc_pattern_1 iter 1: 536.737 ms
Run time cloudsc_pattern_1 iter 2: 537.288 ms
Run time cloudsc_pattern_1 iter 3: 538.068 ms
Run time cloudsc_pattern_1 iter 4: 537.188 ms
Run time cloudsc_pattern_1 iter 5: 538.741 ms
Run time cloudsc_pattern_1 iter 6: 537.701 ms
Run time cloudsc_pattern_1 iter 7: 538.129 ms
Run time cloudsc_pattern_1 iter 8: 536.579 ms
Run time cloudsc_pattern_1 iter 9: 537.227 ms
Run time cloudsc_pattern_1 iter 10: 538.141 ms
Run time cloudsc_pattern_1 iter 11: 536.666 ms
Run time cloudsc_pattern_1 iter 12: 536.049 ms
Run time cloudsc_pattern_1 iter 13: 536.156 ms
Run time cloudsc_pattern_1 iter 14: 537.043 ms
Run time cloudsc_pattern_1 iter 15: 536.205 ms
Run time cloudsc_pattern_1 iter 16: 536.340 ms
Run time cloudsc_pattern_1 iter 17: 535.717 ms
Run time cloudsc_pattern_1 iter 18: 536.241 ms
Run time cloudsc_pattern_1 iter 19: 536.993 ms
Running with EXTRA_FLAGS='', SUFFIX=''
Run time cloudsc_pattern_1 iter 0: 351.927 ms
Run time cloudsc_pattern_1 iter 1: 326.676 ms
Run time cloudsc_pattern_1 iter 2: 324.575 ms
Run time cloudsc_pattern_1 iter 3: 323.279 ms
Run time cloudsc_pattern_1 iter 4: 323.098 ms
Run time cloudsc_pattern_1 iter 5: 322.708 ms
Run time cloudsc_pattern_1 iter 6: 323.301 ms
Run time cloudsc_pattern_1 iter 7: 322.901 ms
Run time cloudsc_pattern_1 iter 8: 320.282 ms
Run time cloudsc_pattern_1 iter 9: 325.023 ms
Run time cloudsc_pattern_1 iter 10: 322.603 ms
Run time cloudsc_pattern_1 iter 11: 321.485 ms
Run time cloudsc_pattern_1 iter 12: 321.418 ms
Run time cloudsc_pattern_1 iter 13: 324.166 ms
Run time cloudsc_pattern_1 iter 14: 322.235 ms
Run time cloudsc_pattern_1 iter 15: 322.351 ms
Run time cloudsc_pattern_1 iter 16: 328.965 ms
Run time cloudsc_pattern_1 iter 17: 323.712 ms
Run time cloudsc_pattern_1 iter 18: 322.803 ms
Run time cloudsc_pattern_1 iter 19: 322.863 ms
Running with EXTRA_FLAGS='-mprefer-vector-width=512', SUFFIX='force_width_512'
Run time cloudsc_pattern_1 iter 0: 366.275 ms
Run time cloudsc_pattern_1 iter 1: 336.957 ms
Run time cloudsc_pattern_1 iter 2: 324.937 ms
Run time cloudsc_pattern_1 iter 3: 319.013 ms
Run time cloudsc_pattern_1 iter 4: 322.699 ms
Run time cloudsc_pattern_1 iter 5: 342.842 ms
Run time cloudsc_pattern_1 iter 6: 322.081 ms
Run time cloudsc_pattern_1 iter 7: 325.142 ms
Run time cloudsc_pattern_1 iter 8: 348.694 ms
Run time cloudsc_pattern_1 iter 9: 323.160 ms
Run time cloudsc_pattern_1 iter 10: 331.034 ms
Run time cloudsc_pattern_1 iter 11: 344.404 ms
Run time cloudsc_pattern_1 iter 12: 347.123 ms
Run time cloudsc_pattern_1 iter 13: 324.439 ms
Run time cloudsc_pattern_1 iter 14: 330.757 ms
Run time cloudsc_pattern_1 iter 15: 353.339 ms
Run time cloudsc_pattern_1 iter 16: 323.566 ms
Run time cloudsc_pattern_1 iter 17: 322.069 ms
Run time cloudsc_pattern_1 iter 18: 329.490 ms
Run time cloudsc_pattern_1 iter 19: 318.103 ms
Running with EXTRA_FLAGS='-fno-vectorize', SUFFIX='no_vectorize'
Run time cloudsc_pattern_1 iter 0: 332.086 ms
Run time cloudsc_pattern_1 iter 1: 327.466 ms
Run time cloudsc_pattern_1 iter 2: 318.827 ms
Run time cloudsc_pattern_1 iter 3: 326.576 ms
Run time cloudsc_pattern_1 iter 4: 328.838 ms
Run time cloudsc_pattern_1 iter 5: 318.443 ms
Run time cloudsc_pattern_1 iter 6: 322.783 ms
Run time cloudsc_pattern_1 iter 7: 345.667 ms
Run time cloudsc_pattern_1 iter 8: 322.390 ms
Run time cloudsc_pattern_1 iter 9: 321.911 ms
Run time cloudsc_pattern_1 iter 10: 327.124 ms
Run time cloudsc_pattern_1 iter 11: 322.408 ms
Run time cloudsc_pattern_1 iter 12: 324.782 ms
Run time cloudsc_pattern_1 iter 13: 325.356 ms
Run time cloudsc_pattern_1 iter 14: 331.320 ms
Run time cloudsc_pattern_1 iter 15: 332.302 ms
Run time cloudsc_pattern_1 iter 16: 329.633 ms
Run time cloudsc_pattern_1 iter 17: 323.671 ms
Run time cloudsc_pattern_1 iter 18: 350.570 ms
Run time cloudsc_pattern_1 iter 19: 323.013 ms
Running with EXTRA_FLAGS='-fno-math-errno -fveclib=libmvec -mprefer-vector-width=512', SUFFIX='libmvec'
Run time cloudsc_pattern_1 iter 0: 408.110 ms
Run time cloudsc_pattern_1 iter 1: 351.925 ms
Run time cloudsc_pattern_1 iter 2: 321.456 ms
Run time cloudsc_pattern_1 iter 3: 323.659 ms
Run time cloudsc_pattern_1 iter 4: 322.857 ms
Run time cloudsc_pattern_1 iter 5: 326.106 ms
Run time cloudsc_pattern_1 iter 6: 322.729 ms
Run time cloudsc_pattern_1 iter 7: 321.307 ms
Run time cloudsc_pattern_1 iter 8: 323.134 ms
Run time cloudsc_pattern_1 iter 9: 328.042 ms
Run time cloudsc_pattern_1 iter 10: 338.634 ms
Run time cloudsc_pattern_1 iter 11: 318.605 ms
Run time cloudsc_pattern_1 iter 12: 318.262 ms
Run time cloudsc_pattern_1 iter 13: 322.311 ms
Run time cloudsc_pattern_1 iter 14: 326.412 ms
Run time cloudsc_pattern_1 iter 15: 326.356 ms
Run time cloudsc_pattern_1 iter 16: 349.105 ms
Run time cloudsc_pattern_1 iter 17: 351.849 ms
Run time cloudsc_pattern_1 iter 18: 324.145 ms
Run time cloudsc_pattern_1 iter 19: 323.557 ms
