Script path: 
Script dir:  
Running with EXTRA_FLAGS='', SUFFIX=''
Run time cloudsc_pattern_one iter 0: 537.930 ms
Run time cloudsc_pattern_one iter 1: 538.373 ms
Run time cloudsc_pattern_one iter 2: 537.846 ms
Run time cloudsc_pattern_one iter 3: 538.874 ms
Run time cloudsc_pattern_one iter 4: 538.438 ms
Run time cloudsc_pattern_one iter 5: 539.296 ms
Run time cloudsc_pattern_one iter 6: 539.167 ms
Run time cloudsc_pattern_one iter 7: 540.425 ms
Run time cloudsc_pattern_one iter 8: 538.233 ms
Run time cloudsc_pattern_one iter 9: 539.418 ms
Run time cloudsc_pattern_one iter 10: 538.744 ms
Run time cloudsc_pattern_one iter 11: 538.753 ms
Run time cloudsc_pattern_one iter 12: 538.207 ms
Run time cloudsc_pattern_one iter 13: 538.839 ms
Run time cloudsc_pattern_one iter 14: 540.469 ms
Run time cloudsc_pattern_one iter 15: 538.764 ms
Run time cloudsc_pattern_one iter 16: 537.841 ms
Run time cloudsc_pattern_one iter 17: 537.703 ms
Run time cloudsc_pattern_one iter 18: 537.820 ms
Run time cloudsc_pattern_one iter 19: 537.796 ms
Running with EXTRA_FLAGS='-mprefer-vector-width=512', SUFFIX='force_width_512'
Run time cloudsc_pattern_one iter 0: 538.494 ms
Run time cloudsc_pattern_one iter 1: 539.008 ms
Run time cloudsc_pattern_one iter 2: 539.512 ms
Run time cloudsc_pattern_one iter 3: 539.169 ms
Run time cloudsc_pattern_one iter 4: 539.882 ms
Run time cloudsc_pattern_one iter 5: 539.382 ms
Run time cloudsc_pattern_one iter 6: 540.756 ms
Run time cloudsc_pattern_one iter 7: 539.029 ms
Run time cloudsc_pattern_one iter 8: 540.307 ms
Run time cloudsc_pattern_one iter 9: 537.683 ms
Run time cloudsc_pattern_one iter 10: 538.635 ms
Run time cloudsc_pattern_one iter 11: 538.086 ms
Run time cloudsc_pattern_one iter 12: 539.859 ms
Run time cloudsc_pattern_one iter 13: 538.884 ms
Run time cloudsc_pattern_one iter 14: 539.560 ms
Run time cloudsc_pattern_one iter 15: 538.853 ms
Run time cloudsc_pattern_one iter 16: 538.039 ms
Run time cloudsc_pattern_one iter 17: 538.338 ms
Run time cloudsc_pattern_one iter 18: 541.062 ms
Run time cloudsc_pattern_one iter 19: 537.657 ms
Running with EXTRA_FLAGS='-fno-vectorize', SUFFIX='no_vectorize'
Run time cloudsc_pattern_one iter 0: 540.664 ms
Run time cloudsc_pattern_one iter 1: 538.953 ms
Run time cloudsc_pattern_one iter 2: 539.087 ms
Run time cloudsc_pattern_one iter 3: 540.096 ms
Run time cloudsc_pattern_one iter 4: 537.437 ms
Run time cloudsc_pattern_one iter 5: 539.523 ms
Run time cloudsc_pattern_one iter 6: 538.029 ms
Run time cloudsc_pattern_one iter 7: 539.798 ms
Run time cloudsc_pattern_one iter 8: 538.308 ms
Run time cloudsc_pattern_one iter 9: 538.660 ms
Run time cloudsc_pattern_one iter 10: 539.446 ms
Run time cloudsc_pattern_one iter 11: 537.938 ms
Run time cloudsc_pattern_one iter 12: 538.657 ms
Run time cloudsc_pattern_one iter 13: 538.940 ms
Run time cloudsc_pattern_one iter 14: 538.325 ms
Run time cloudsc_pattern_one iter 15: 538.011 ms
Run time cloudsc_pattern_one iter 16: 538.868 ms
Run time cloudsc_pattern_one iter 17: 538.198 ms
Run time cloudsc_pattern_one iter 18: 537.822 ms
Run time cloudsc_pattern_one iter 19: 538.263 ms
Running with EXTRA_FLAGS='-fno-math-errno -fveclib=libmvec -mprefer-vector-width=512', SUFFIX='libmvec'
Run time cloudsc_pattern_one iter 0: 538.840 ms
Run time cloudsc_pattern_one iter 1: 538.033 ms
Run time cloudsc_pattern_one iter 2: 537.659 ms
Run time cloudsc_pattern_one iter 3: 537.127 ms
Run time cloudsc_pattern_one iter 4: 535.097 ms
Run time cloudsc_pattern_one iter 5: 537.037 ms
Run time cloudsc_pattern_one iter 6: 536.224 ms
Run time cloudsc_pattern_one iter 7: 538.974 ms
Run time cloudsc_pattern_one iter 8: 537.252 ms
Run time cloudsc_pattern_one iter 9: 537.097 ms
Run time cloudsc_pattern_one iter 10: 536.460 ms
Run time cloudsc_pattern_one iter 11: 536.804 ms
Run time cloudsc_pattern_one iter 12: 537.411 ms
Run time cloudsc_pattern_one iter 13: 537.796 ms
Run time cloudsc_pattern_one iter 14: 537.404 ms
Run time cloudsc_pattern_one iter 15: 537.165 ms
Run time cloudsc_pattern_one iter 16: 537.845 ms
Run time cloudsc_pattern_one iter 17: 537.682 ms
Run time cloudsc_pattern_one iter 18: 537.264 ms
Run time cloudsc_pattern_one iter 19: 537.701 ms
Running with EXTRA_FLAGS='', SUFFIX=''
Run time cloudsc_pattern_one iter 0: 346.925 ms
Run time cloudsc_pattern_one iter 1: 338.444 ms
Run time cloudsc_pattern_one iter 2: 328.360 ms
Run time cloudsc_pattern_one iter 3: 346.231 ms
Run time cloudsc_pattern_one iter 4: 323.786 ms
Run time cloudsc_pattern_one iter 5: 322.602 ms
Run time cloudsc_pattern_one iter 6: 324.019 ms
Run time cloudsc_pattern_one iter 7: 336.117 ms
Run time cloudsc_pattern_one iter 8: 400.852 ms
Run time cloudsc_pattern_one iter 9: 394.677 ms
Run time cloudsc_pattern_one iter 10: 327.712 ms
Run time cloudsc_pattern_one iter 11: 332.707 ms
Run time cloudsc_pattern_one iter 12: 347.624 ms
Run time cloudsc_pattern_one iter 13: 324.035 ms
Run time cloudsc_pattern_one iter 14: 346.083 ms
Run time cloudsc_pattern_one iter 15: 346.680 ms
Run time cloudsc_pattern_one iter 16: 321.183 ms
Run time cloudsc_pattern_one iter 17: 324.712 ms
Run time cloudsc_pattern_one iter 18: 325.979 ms
Run time cloudsc_pattern_one iter 19: 325.214 ms
Running with EXTRA_FLAGS='-mprefer-vector-width=512', SUFFIX='force_width_512'
Run time cloudsc_pattern_one iter 0: 419.173 ms
Run time cloudsc_pattern_one iter 1: 401.694 ms
Run time cloudsc_pattern_one iter 2: 451.990 ms
Run time cloudsc_pattern_one iter 3: 404.507 ms
Run time cloudsc_pattern_one iter 4: 391.237 ms
Run time cloudsc_pattern_one iter 5: 336.802 ms
Run time cloudsc_pattern_one iter 6: 324.596 ms
Run time cloudsc_pattern_one iter 7: 350.637 ms
Run time cloudsc_pattern_one iter 8: 425.960 ms
Run time cloudsc_pattern_one iter 9: 377.968 ms
Run time cloudsc_pattern_one iter 10: 416.200 ms
Run time cloudsc_pattern_one iter 11: 386.675 ms
Run time cloudsc_pattern_one iter 12: 397.220 ms
Run time cloudsc_pattern_one iter 13: 375.553 ms
Run time cloudsc_pattern_one iter 14: 351.186 ms
Run time cloudsc_pattern_one iter 15: 324.384 ms
Run time cloudsc_pattern_one iter 16: 323.003 ms
Run time cloudsc_pattern_one iter 17: 324.594 ms
Run time cloudsc_pattern_one iter 18: 345.051 ms
Run time cloudsc_pattern_one iter 19: 322.322 ms
Running with EXTRA_FLAGS='-fno-vectorize', SUFFIX='no_vectorize'
Run time cloudsc_pattern_one iter 0: 369.764 ms
Run time cloudsc_pattern_one iter 1: 367.101 ms
Run time cloudsc_pattern_one iter 2: 340.484 ms
Run time cloudsc_pattern_one iter 3: 329.643 ms
Run time cloudsc_pattern_one iter 4: 324.949 ms
Run time cloudsc_pattern_one iter 5: 325.310 ms
Run time cloudsc_pattern_one iter 6: 325.147 ms
Run time cloudsc_pattern_one iter 7: 343.745 ms
Run time cloudsc_pattern_one iter 8: 430.256 ms
Run time cloudsc_pattern_one iter 9: 466.987 ms
Run time cloudsc_pattern_one iter 10: 407.369 ms
Run time cloudsc_pattern_one iter 11: 437.229 ms
Run time cloudsc_pattern_one iter 12: 408.167 ms
Run time cloudsc_pattern_one iter 13: 417.470 ms
Run time cloudsc_pattern_one iter 14: 361.004 ms
Run time cloudsc_pattern_one iter 15: 395.445 ms
Run time cloudsc_pattern_one iter 16: 371.412 ms
Run time cloudsc_pattern_one iter 17: 469.477 ms
Run time cloudsc_pattern_one iter 18: 399.097 ms
Run time cloudsc_pattern_one iter 19: 425.407 ms
Running with EXTRA_FLAGS='-fno-math-errno -fveclib=libmvec -mprefer-vector-width=512', SUFFIX='libmvec'
Run time cloudsc_pattern_one iter 0: 349.673 ms
Run time cloudsc_pattern_one iter 1: 333.195 ms
Run time cloudsc_pattern_one iter 2: 322.241 ms
Run time cloudsc_pattern_one iter 3: 347.547 ms
Run time cloudsc_pattern_one iter 4: 323.945 ms
Run time cloudsc_pattern_one iter 5: 324.193 ms
Run time cloudsc_pattern_one iter 6: 349.176 ms
Run time cloudsc_pattern_one iter 7: 324.169 ms
Run time cloudsc_pattern_one iter 8: 322.994 ms
Run time cloudsc_pattern_one iter 9: 324.752 ms
Run time cloudsc_pattern_one iter 10: 323.612 ms
Run time cloudsc_pattern_one iter 11: 363.799 ms
Run time cloudsc_pattern_one iter 12: 325.132 ms
Run time cloudsc_pattern_one iter 13: 328.301 ms
Run time cloudsc_pattern_one iter 14: 322.801 ms
Run time cloudsc_pattern_one iter 15: 325.187 ms
Run time cloudsc_pattern_one iter 16: 319.620 ms
Run time cloudsc_pattern_one iter 17: 325.427 ms
Run time cloudsc_pattern_one iter 18: 325.646 ms
Run time cloudsc_pattern_one iter 19: 322.452 ms
