Script path: 
Script dir:  
Running with EXTRA_FLAGS='', SUFFIX=''
Run time cloudsc_pattern_1 iter 0: 531.677 ms
Run time cloudsc_pattern_1 iter 1: 531.584 ms
Run time cloudsc_pattern_1 iter 2: 535.883 ms
Run time cloudsc_pattern_1 iter 3: 538.520 ms
Run time cloudsc_pattern_1 iter 4: 538.808 ms
Run time cloudsc_pattern_1 iter 5: 540.322 ms
Run time cloudsc_pattern_1 iter 6: 536.998 ms
Run time cloudsc_pattern_1 iter 7: 537.953 ms
Run time cloudsc_pattern_1 iter 8: 538.118 ms
Run time cloudsc_pattern_1 iter 9: 538.673 ms
Run time cloudsc_pattern_1 iter 10: 536.996 ms
Run time cloudsc_pattern_1 iter 11: 537.222 ms
Run time cloudsc_pattern_1 iter 12: 538.001 ms
Run time cloudsc_pattern_1 iter 13: 537.472 ms
Run time cloudsc_pattern_1 iter 14: 537.561 ms
Run time cloudsc_pattern_1 iter 15: 538.476 ms
Run time cloudsc_pattern_1 iter 16: 537.230 ms
Run time cloudsc_pattern_1 iter 17: 537.091 ms
Run time cloudsc_pattern_1 iter 18: 536.643 ms
Run time cloudsc_pattern_1 iter 19: 536.780 ms
Running with EXTRA_FLAGS='-mprefer-vector-width=512', SUFFIX='force_width_512'
Run time cloudsc_pattern_1 iter 0: 539.514 ms
Run time cloudsc_pattern_1 iter 1: 536.743 ms
Run time cloudsc_pattern_1 iter 2: 537.165 ms
Run time cloudsc_pattern_1 iter 3: 537.076 ms
Run time cloudsc_pattern_1 iter 4: 537.119 ms
Run time cloudsc_pattern_1 iter 5: 538.519 ms
Run time cloudsc_pattern_1 iter 6: 536.897 ms
Run time cloudsc_pattern_1 iter 7: 538.576 ms
Run time cloudsc_pattern_1 iter 8: 539.514 ms
Run time cloudsc_pattern_1 iter 9: 538.044 ms
Run time cloudsc_pattern_1 iter 10: 538.597 ms
Run time cloudsc_pattern_1 iter 11: 539.054 ms
Run time cloudsc_pattern_1 iter 12: 538.478 ms
Run time cloudsc_pattern_1 iter 13: 538.970 ms
Run time cloudsc_pattern_1 iter 14: 540.071 ms
Run time cloudsc_pattern_1 iter 15: 538.624 ms
Run time cloudsc_pattern_1 iter 16: 538.431 ms
Run time cloudsc_pattern_1 iter 17: 538.677 ms
Run time cloudsc_pattern_1 iter 18: 539.124 ms
Run time cloudsc_pattern_1 iter 19: 539.128 ms
Running with EXTRA_FLAGS='-fno-vectorize', SUFFIX='no_vectorize'
Run time cloudsc_pattern_1 iter 0: 536.991 ms
Run time cloudsc_pattern_1 iter 1: 536.612 ms
Run time cloudsc_pattern_1 iter 2: 536.812 ms
Run time cloudsc_pattern_1 iter 3: 535.993 ms
Run time cloudsc_pattern_1 iter 4: 536.168 ms
Run time cloudsc_pattern_1 iter 5: 537.674 ms
Run time cloudsc_pattern_1 iter 6: 536.807 ms
Run time cloudsc_pattern_1 iter 7: 538.048 ms
Run time cloudsc_pattern_1 iter 8: 536.646 ms
Run time cloudsc_pattern_1 iter 9: 537.263 ms
Run time cloudsc_pattern_1 iter 10: 536.837 ms
Run time cloudsc_pattern_1 iter 11: 537.200 ms
Run time cloudsc_pattern_1 iter 12: 538.529 ms
Run time cloudsc_pattern_1 iter 13: 538.055 ms
Run time cloudsc_pattern_1 iter 14: 537.938 ms
Run time cloudsc_pattern_1 iter 15: 536.633 ms
Run time cloudsc_pattern_1 iter 16: 537.547 ms
Run time cloudsc_pattern_1 iter 17: 539.131 ms
Run time cloudsc_pattern_1 iter 18: 540.049 ms
Run time cloudsc_pattern_1 iter 19: 535.776 ms
Running with EXTRA_FLAGS='-fno-math-errno -fveclib=libmvec -mprefer-vector-width=512', SUFFIX='libmvec'
Run time cloudsc_pattern_1 iter 0: 537.476 ms
Run time cloudsc_pattern_1 iter 1: 537.646 ms
Run time cloudsc_pattern_1 iter 2: 536.331 ms
Run time cloudsc_pattern_1 iter 3: 536.797 ms
Run time cloudsc_pattern_1 iter 4: 539.012 ms
Run time cloudsc_pattern_1 iter 5: 534.448 ms
Run time cloudsc_pattern_1 iter 6: 538.610 ms
Run time cloudsc_pattern_1 iter 7: 537.248 ms
Run time cloudsc_pattern_1 iter 8: 536.852 ms
Run time cloudsc_pattern_1 iter 9: 537.171 ms
Run time cloudsc_pattern_1 iter 10: 537.958 ms
Run time cloudsc_pattern_1 iter 11: 536.426 ms
Run time cloudsc_pattern_1 iter 12: 540.005 ms
Run time cloudsc_pattern_1 iter 13: 538.294 ms
Run time cloudsc_pattern_1 iter 14: 537.706 ms
Run time cloudsc_pattern_1 iter 15: 537.723 ms
Run time cloudsc_pattern_1 iter 16: 537.032 ms
Run time cloudsc_pattern_1 iter 17: 538.150 ms
Run time cloudsc_pattern_1 iter 18: 536.865 ms
Run time cloudsc_pattern_1 iter 19: 538.692 ms
Running with EXTRA_FLAGS='', SUFFIX=''
Run time cloudsc_pattern_1 iter 0: 373.194 ms
Run time cloudsc_pattern_1 iter 1: 318.454 ms
Run time cloudsc_pattern_1 iter 2: 323.084 ms
Run time cloudsc_pattern_1 iter 3: 323.418 ms
Run time cloudsc_pattern_1 iter 4: 328.253 ms
Run time cloudsc_pattern_1 iter 5: 325.473 ms
Run time cloudsc_pattern_1 iter 6: 325.659 ms
Run time cloudsc_pattern_1 iter 7: 323.014 ms
Run time cloudsc_pattern_1 iter 8: 326.329 ms
Run time cloudsc_pattern_1 iter 9: 324.006 ms
Run time cloudsc_pattern_1 iter 10: 322.610 ms
Run time cloudsc_pattern_1 iter 11: 323.061 ms
Run time cloudsc_pattern_1 iter 12: 323.628 ms
Run time cloudsc_pattern_1 iter 13: 327.990 ms
Run time cloudsc_pattern_1 iter 14: 325.032 ms
Run time cloudsc_pattern_1 iter 15: 326.355 ms
Run time cloudsc_pattern_1 iter 16: 324.534 ms
Run time cloudsc_pattern_1 iter 17: 325.552 ms
Run time cloudsc_pattern_1 iter 18: 326.054 ms
Run time cloudsc_pattern_1 iter 19: 327.495 ms
Running with EXTRA_FLAGS='-mprefer-vector-width=512', SUFFIX='force_width_512'
Run time cloudsc_pattern_1 iter 0: 355.753 ms
Run time cloudsc_pattern_1 iter 1: 336.428 ms
Run time cloudsc_pattern_1 iter 2: 394.381 ms
Run time cloudsc_pattern_1 iter 3: 339.162 ms
Run time cloudsc_pattern_1 iter 4: 321.606 ms
Run time cloudsc_pattern_1 iter 5: 325.332 ms
Run time cloudsc_pattern_1 iter 6: 322.035 ms
Run time cloudsc_pattern_1 iter 7: 322.923 ms
Run time cloudsc_pattern_1 iter 8: 322.169 ms
Run time cloudsc_pattern_1 iter 9: 324.889 ms
Run time cloudsc_pattern_1 iter 10: 322.036 ms
Run time cloudsc_pattern_1 iter 11: 323.537 ms
Run time cloudsc_pattern_1 iter 12: 322.880 ms
Run time cloudsc_pattern_1 iter 13: 325.279 ms
Run time cloudsc_pattern_1 iter 14: 322.410 ms
Run time cloudsc_pattern_1 iter 15: 324.318 ms
Run time cloudsc_pattern_1 iter 16: 322.170 ms
Run time cloudsc_pattern_1 iter 17: 321.245 ms
Run time cloudsc_pattern_1 iter 18: 326.614 ms
Run time cloudsc_pattern_1 iter 19: 326.084 ms
Running with EXTRA_FLAGS='-fno-vectorize', SUFFIX='no_vectorize'
Run time cloudsc_pattern_1 iter 0: 370.287 ms
Run time cloudsc_pattern_1 iter 1: 354.766 ms
Run time cloudsc_pattern_1 iter 2: 326.743 ms
Run time cloudsc_pattern_1 iter 3: 325.477 ms
Run time cloudsc_pattern_1 iter 4: 334.938 ms
Run time cloudsc_pattern_1 iter 5: 321.720 ms
Run time cloudsc_pattern_1 iter 6: 330.142 ms
Run time cloudsc_pattern_1 iter 7: 329.156 ms
Run time cloudsc_pattern_1 iter 8: 328.379 ms
Run time cloudsc_pattern_1 iter 9: 321.450 ms
Run time cloudsc_pattern_1 iter 10: 326.818 ms
Run time cloudsc_pattern_1 iter 11: 323.997 ms
Run time cloudsc_pattern_1 iter 12: 325.601 ms
Run time cloudsc_pattern_1 iter 13: 323.184 ms
Run time cloudsc_pattern_1 iter 14: 346.302 ms
Run time cloudsc_pattern_1 iter 15: 326.119 ms
Run time cloudsc_pattern_1 iter 16: 321.887 ms
Run time cloudsc_pattern_1 iter 17: 324.589 ms
Run time cloudsc_pattern_1 iter 18: 322.760 ms
Run time cloudsc_pattern_1 iter 19: 333.888 ms
Running with EXTRA_FLAGS='-fno-math-errno -fveclib=libmvec -mprefer-vector-width=512', SUFFIX='libmvec'
Run time cloudsc_pattern_1 iter 0: 343.910 ms
Run time cloudsc_pattern_1 iter 1: 373.933 ms
Run time cloudsc_pattern_1 iter 2: 350.054 ms
Run time cloudsc_pattern_1 iter 3: 325.040 ms
Run time cloudsc_pattern_1 iter 4: 353.037 ms
Run time cloudsc_pattern_1 iter 5: 346.414 ms
Run time cloudsc_pattern_1 iter 6: 337.573 ms
Run time cloudsc_pattern_1 iter 7: 340.807 ms
Run time cloudsc_pattern_1 iter 8: 332.318 ms
Run time cloudsc_pattern_1 iter 9: 332.280 ms
Run time cloudsc_pattern_1 iter 10: 324.125 ms
Run time cloudsc_pattern_1 iter 11: 331.177 ms
Run time cloudsc_pattern_1 iter 12: 337.459 ms
Run time cloudsc_pattern_1 iter 13: 324.133 ms
Run time cloudsc_pattern_1 iter 14: 388.646 ms
Run time cloudsc_pattern_1 iter 15: 352.903 ms
Run time cloudsc_pattern_1 iter 16: 327.190 ms
Run time cloudsc_pattern_1 iter 17: 338.788 ms
Run time cloudsc_pattern_1 iter 18: 317.304 ms
Run time cloudsc_pattern_1 iter 19: 351.508 ms
