Script path: 
Script dir:  
Running with EXTRA_FLAGS='', SUFFIX=''
Run time cloudsc_pattern_one iter 0: 528.663 ms
Run time cloudsc_pattern_one iter 1: 528.668 ms
Run time cloudsc_pattern_one iter 2: 528.626 ms
Run time cloudsc_pattern_one iter 3: 528.463 ms
Run time cloudsc_pattern_one iter 4: 528.666 ms
Run time cloudsc_pattern_one iter 5: 528.880 ms
Run time cloudsc_pattern_one iter 6: 528.776 ms
Run time cloudsc_pattern_one iter 7: 528.856 ms
Run time cloudsc_pattern_one iter 8: 528.786 ms
Run time cloudsc_pattern_one iter 9: 529.249 ms
Run time cloudsc_pattern_one iter 10: 528.740 ms
Run time cloudsc_pattern_one iter 11: 528.546 ms
Run time cloudsc_pattern_one iter 12: 528.600 ms
Run time cloudsc_pattern_one iter 13: 528.547 ms
Run time cloudsc_pattern_one iter 14: 528.688 ms
Run time cloudsc_pattern_one iter 15: 528.585 ms
Run time cloudsc_pattern_one iter 16: 528.502 ms
Run time cloudsc_pattern_one iter 17: 528.703 ms
Run time cloudsc_pattern_one iter 18: 529.298 ms
Run time cloudsc_pattern_one iter 19: 528.788 ms
Run time cloudsc_pattern_one iter 0: 528.766 ms
Run time cloudsc_pattern_one iter 1: 528.512 ms
Run time cloudsc_pattern_one iter 2: 528.722 ms
Run time cloudsc_pattern_one iter 3: 528.643 ms
Run time cloudsc_pattern_one iter 4: 528.615 ms
Run time cloudsc_pattern_one iter 5: 528.642 ms
Run time cloudsc_pattern_one iter 6: 528.489 ms
Run time cloudsc_pattern_one iter 7: 528.643 ms
Run time cloudsc_pattern_one iter 8: 528.601 ms
Run time cloudsc_pattern_one iter 9: 528.777 ms
Run time cloudsc_pattern_one iter 10: 528.613 ms
Run time cloudsc_pattern_one iter 11: 528.503 ms
Run time cloudsc_pattern_one iter 12: 528.624 ms
Run time cloudsc_pattern_one iter 13: 528.725 ms
Run time cloudsc_pattern_one iter 14: 528.554 ms
Run time cloudsc_pattern_one iter 15: 528.605 ms
Run time cloudsc_pattern_one iter 16: 528.678 ms
Run time cloudsc_pattern_one iter 17: 528.632 ms
Run time cloudsc_pattern_one iter 18: 528.415 ms
Run time cloudsc_pattern_one iter 19: 528.491 ms
Running with EXTRA_FLAGS='-mprefer-vector-width=512', SUFFIX='force_width_512'
Run time cloudsc_pattern_one iter 0: 532.378 ms
Run time cloudsc_pattern_one iter 1: 532.642 ms
Run time cloudsc_pattern_one iter 2: 532.644 ms
Run time cloudsc_pattern_one iter 3: 532.312 ms
Run time cloudsc_pattern_one iter 4: 532.307 ms
Run time cloudsc_pattern_one iter 5: 532.240 ms
Run time cloudsc_pattern_one iter 6: 532.002 ms
Run time cloudsc_pattern_one iter 7: 532.247 ms
Run time cloudsc_pattern_one iter 8: 532.608 ms
Run time cloudsc_pattern_one iter 9: 532.316 ms
Run time cloudsc_pattern_one iter 10: 532.259 ms
Run time cloudsc_pattern_one iter 11: 532.488 ms
Run time cloudsc_pattern_one iter 12: 532.668 ms
Run time cloudsc_pattern_one iter 13: 532.510 ms
Run time cloudsc_pattern_one iter 14: 532.288 ms
Run time cloudsc_pattern_one iter 15: 532.045 ms
Run time cloudsc_pattern_one iter 16: 532.530 ms
Run time cloudsc_pattern_one iter 17: 532.026 ms
Run time cloudsc_pattern_one iter 18: 532.292 ms
Run time cloudsc_pattern_one iter 19: 532.008 ms
Run time cloudsc_pattern_one iter 0: 532.511 ms
Run time cloudsc_pattern_one iter 1: 532.170 ms
Run time cloudsc_pattern_one iter 2: 532.532 ms
Run time cloudsc_pattern_one iter 3: 532.522 ms
Run time cloudsc_pattern_one iter 4: 532.531 ms
Run time cloudsc_pattern_one iter 5: 532.763 ms
Run time cloudsc_pattern_one iter 6: 532.526 ms
Run time cloudsc_pattern_one iter 7: 532.143 ms
Run time cloudsc_pattern_one iter 8: 532.532 ms
Run time cloudsc_pattern_one iter 9: 532.589 ms
Run time cloudsc_pattern_one iter 10: 532.253 ms
Run time cloudsc_pattern_one iter 11: 531.881 ms
Run time cloudsc_pattern_one iter 12: 532.314 ms
Run time cloudsc_pattern_one iter 13: 532.301 ms
Run time cloudsc_pattern_one iter 14: 532.146 ms
Run time cloudsc_pattern_one iter 15: 532.379 ms
Run time cloudsc_pattern_one iter 16: 532.293 ms
Run time cloudsc_pattern_one iter 17: 532.545 ms
Run time cloudsc_pattern_one iter 18: 532.277 ms
Run time cloudsc_pattern_one iter 19: 532.589 ms
Running with EXTRA_FLAGS='-fno-vectorize', SUFFIX='no_vectorize'
Run time cloudsc_pattern_one iter 0: 532.441 ms
Run time cloudsc_pattern_one iter 1: 532.485 ms
Run time cloudsc_pattern_one iter 2: 532.307 ms
Run time cloudsc_pattern_one iter 3: 532.222 ms
Run time cloudsc_pattern_one iter 4: 531.674 ms
Run time cloudsc_pattern_one iter 5: 531.758 ms
Run time cloudsc_pattern_one iter 6: 532.200 ms
Run time cloudsc_pattern_one iter 7: 532.218 ms
Run time cloudsc_pattern_one iter 8: 532.224 ms
Run time cloudsc_pattern_one iter 9: 532.323 ms
Run time cloudsc_pattern_one iter 10: 532.178 ms
Run time cloudsc_pattern_one iter 11: 532.014 ms
Run time cloudsc_pattern_one iter 12: 531.760 ms
Run time cloudsc_pattern_one iter 13: 531.776 ms
Run time cloudsc_pattern_one iter 14: 531.991 ms
Run time cloudsc_pattern_one iter 15: 531.850 ms
Run time cloudsc_pattern_one iter 16: 532.280 ms
Run time cloudsc_pattern_one iter 17: 532.464 ms
Run time cloudsc_pattern_one iter 18: 532.187 ms
Run time cloudsc_pattern_one iter 19: 532.342 ms
Run time cloudsc_pattern_one iter 0: 532.384 ms
Run time cloudsc_pattern_one iter 1: 531.953 ms
Run time cloudsc_pattern_one iter 2: 532.361 ms
Run time cloudsc_pattern_one iter 3: 531.866 ms
Run time cloudsc_pattern_one iter 4: 532.031 ms
Run time cloudsc_pattern_one iter 5: 532.589 ms
Run time cloudsc_pattern_one iter 6: 532.069 ms
Run time cloudsc_pattern_one iter 7: 532.062 ms
Run time cloudsc_pattern_one iter 8: 532.425 ms
Run time cloudsc_pattern_one iter 9: 532.383 ms
Run time cloudsc_pattern_one iter 10: 532.302 ms
Run time cloudsc_pattern_one iter 11: 532.291 ms
Run time cloudsc_pattern_one iter 12: 532.199 ms
Run time cloudsc_pattern_one iter 13: 532.263 ms
Run time cloudsc_pattern_one iter 14: 532.123 ms
Run time cloudsc_pattern_one iter 15: 531.955 ms
Run time cloudsc_pattern_one iter 16: 531.995 ms
Run time cloudsc_pattern_one iter 17: 532.078 ms
Run time cloudsc_pattern_one iter 18: 532.048 ms
Run time cloudsc_pattern_one iter 19: 532.493 ms
Running with EXTRA_FLAGS='-fno-math-errno -fveclib=libmvec -mprefer-vector-width=512', SUFFIX='libmvec'
Run time cloudsc_pattern_one iter 0: 531.654 ms
Run time cloudsc_pattern_one iter 1: 531.420 ms
Run time cloudsc_pattern_one iter 2: 531.582 ms
Run time cloudsc_pattern_one iter 3: 531.700 ms
Run time cloudsc_pattern_one iter 4: 531.592 ms
Run time cloudsc_pattern_one iter 5: 531.575 ms
Run time cloudsc_pattern_one iter 6: 531.724 ms
Run time cloudsc_pattern_one iter 7: 531.406 ms
Run time cloudsc_pattern_one iter 8: 531.465 ms
Run time cloudsc_pattern_one iter 9: 531.492 ms
Run time cloudsc_pattern_one iter 10: 531.447 ms
Run time cloudsc_pattern_one iter 11: 531.558 ms
Run time cloudsc_pattern_one iter 12: 531.581 ms
Run time cloudsc_pattern_one iter 13: 531.377 ms
Run time cloudsc_pattern_one iter 14: 531.531 ms
Run time cloudsc_pattern_one iter 15: 531.658 ms
Run time cloudsc_pattern_one iter 16: 531.861 ms
Run time cloudsc_pattern_one iter 17: 531.601 ms
Run time cloudsc_pattern_one iter 18: 531.349 ms
Run time cloudsc_pattern_one iter 19: 531.673 ms
Run time cloudsc_pattern_one iter 0: 531.630 ms
Run time cloudsc_pattern_one iter 1: 531.934 ms
Run time cloudsc_pattern_one iter 2: 531.842 ms
Run time cloudsc_pattern_one iter 3: 531.981 ms
Run time cloudsc_pattern_one iter 4: 531.768 ms
Run time cloudsc_pattern_one iter 5: 531.644 ms
Run time cloudsc_pattern_one iter 6: 531.370 ms
Run time cloudsc_pattern_one iter 7: 531.711 ms
Run time cloudsc_pattern_one iter 8: 531.937 ms
Run time cloudsc_pattern_one iter 9: 531.774 ms
Run time cloudsc_pattern_one iter 10: 531.645 ms
Run time cloudsc_pattern_one iter 11: 531.615 ms
Run time cloudsc_pattern_one iter 12: 531.693 ms
Run time cloudsc_pattern_one iter 13: 531.864 ms
Run time cloudsc_pattern_one iter 14: 531.797 ms
Run time cloudsc_pattern_one iter 15: 531.918 ms
Run time cloudsc_pattern_one iter 16: 531.614 ms
Run time cloudsc_pattern_one iter 17: 531.800 ms
Run time cloudsc_pattern_one iter 18: 531.469 ms
Run time cloudsc_pattern_one iter 19: 531.574 ms
Running with EXTRA_FLAGS='', SUFFIX=''
Run time cloudsc_pattern_one iter 0: 31.358 ms
Run time cloudsc_pattern_one iter 1: 31.525 ms
Run time cloudsc_pattern_one iter 2: 31.139 ms
Run time cloudsc_pattern_one iter 3: 31.205 ms
Run time cloudsc_pattern_one iter 4: 31.404 ms
Run time cloudsc_pattern_one iter 5: 31.833 ms
Run time cloudsc_pattern_one iter 6: 31.508 ms
Run time cloudsc_pattern_one iter 7: 30.770 ms
Run time cloudsc_pattern_one iter 8: 30.745 ms
Run time cloudsc_pattern_one iter 9: 30.776 ms
Run time cloudsc_pattern_one iter 10: 30.797 ms
Run time cloudsc_pattern_one iter 11: 30.726 ms
Run time cloudsc_pattern_one iter 12: 31.068 ms
Run time cloudsc_pattern_one iter 13: 30.898 ms
Run time cloudsc_pattern_one iter 14: 30.802 ms
Run time cloudsc_pattern_one iter 15: 30.773 ms
Run time cloudsc_pattern_one iter 16: 30.666 ms
Run time cloudsc_pattern_one iter 17: 30.693 ms
Run time cloudsc_pattern_one iter 18: 30.851 ms
Run time cloudsc_pattern_one iter 19: 30.846 ms
Run time cloudsc_pattern_one iter 0: 31.212 ms
Run time cloudsc_pattern_one iter 1: 31.111 ms
Run time cloudsc_pattern_one iter 2: 30.478 ms
Run time cloudsc_pattern_one iter 3: 30.487 ms
Run time cloudsc_pattern_one iter 4: 30.546 ms
Run time cloudsc_pattern_one iter 5: 30.708 ms
Run time cloudsc_pattern_one iter 6: 30.702 ms
Run time cloudsc_pattern_one iter 7: 30.682 ms
Run time cloudsc_pattern_one iter 8: 30.737 ms
Run time cloudsc_pattern_one iter 9: 30.842 ms
Run time cloudsc_pattern_one iter 10: 31.004 ms
Run time cloudsc_pattern_one iter 11: 31.050 ms
Run time cloudsc_pattern_one iter 12: 31.112 ms
Run time cloudsc_pattern_one iter 13: 31.214 ms
Run time cloudsc_pattern_one iter 14: 31.150 ms
Run time cloudsc_pattern_one iter 15: 31.430 ms
Run time cloudsc_pattern_one iter 16: 31.263 ms
Run time cloudsc_pattern_one iter 17: 31.532 ms
Run time cloudsc_pattern_one iter 18: 31.490 ms
Run time cloudsc_pattern_one iter 19: 31.408 ms
Running with EXTRA_FLAGS='-mprefer-vector-width=512', SUFFIX='force_width_512'
Run time cloudsc_pattern_one iter 0: 31.468 ms
Run time cloudsc_pattern_one iter 1: 31.465 ms
Run time cloudsc_pattern_one iter 2: 31.444 ms
Run time cloudsc_pattern_one iter 3: 31.262 ms
Run time cloudsc_pattern_one iter 4: 31.410 ms
Run time cloudsc_pattern_one iter 5: 31.440 ms
Run time cloudsc_pattern_one iter 6: 31.641 ms
Run time cloudsc_pattern_one iter 7: 31.868 ms
Run time cloudsc_pattern_one iter 8: 31.911 ms
Run time cloudsc_pattern_one iter 9: 31.883 ms
Run time cloudsc_pattern_one iter 10: 31.861 ms
Run time cloudsc_pattern_one iter 11: 32.046 ms
Run time cloudsc_pattern_one iter 12: 31.974 ms
Run time cloudsc_pattern_one iter 13: 31.707 ms
Run time cloudsc_pattern_one iter 14: 31.705 ms
Run time cloudsc_pattern_one iter 15: 31.970 ms
Run time cloudsc_pattern_one iter 16: 31.691 ms
Run time cloudsc_pattern_one iter 17: 31.037 ms
Run time cloudsc_pattern_one iter 18: 31.053 ms
Run time cloudsc_pattern_one iter 19: 31.042 ms
Run time cloudsc_pattern_one iter 0: 31.228 ms
Run time cloudsc_pattern_one iter 1: 31.141 ms
Run time cloudsc_pattern_one iter 2: 31.265 ms
Run time cloudsc_pattern_one iter 3: 31.559 ms
Run time cloudsc_pattern_one iter 4: 31.495 ms
Run time cloudsc_pattern_one iter 5: 30.642 ms
Run time cloudsc_pattern_one iter 6: 30.548 ms
Run time cloudsc_pattern_one iter 7: 30.541 ms
Run time cloudsc_pattern_one iter 8: 30.286 ms
Run time cloudsc_pattern_one iter 9: 30.378 ms
Run time cloudsc_pattern_one iter 10: 30.400 ms
Run time cloudsc_pattern_one iter 11: 30.405 ms
Run time cloudsc_pattern_one iter 12: 30.468 ms
Run time cloudsc_pattern_one iter 13: 30.541 ms
Run time cloudsc_pattern_one iter 14: 30.622 ms
Run time cloudsc_pattern_one iter 15: 30.702 ms
Run time cloudsc_pattern_one iter 16: 30.819 ms
Run time cloudsc_pattern_one iter 17: 30.545 ms
Run time cloudsc_pattern_one iter 18: 30.550 ms
Run time cloudsc_pattern_one iter 19: 30.581 ms
Running with EXTRA_FLAGS='-fno-vectorize', SUFFIX='no_vectorize'
Run time cloudsc_pattern_one iter 0: 30.784 ms
Run time cloudsc_pattern_one iter 1: 30.858 ms
Run time cloudsc_pattern_one iter 2: 30.797 ms
Run time cloudsc_pattern_one iter 3: 30.868 ms
Run time cloudsc_pattern_one iter 4: 30.853 ms
Run time cloudsc_pattern_one iter 5: 31.051 ms
Run time cloudsc_pattern_one iter 6: 31.289 ms
Run time cloudsc_pattern_one iter 7: 31.495 ms
Run time cloudsc_pattern_one iter 8: 31.654 ms
Run time cloudsc_pattern_one iter 9: 31.555 ms
Run time cloudsc_pattern_one iter 10: 31.977 ms
Run time cloudsc_pattern_one iter 11: 31.760 ms
Run time cloudsc_pattern_one iter 12: 31.148 ms
Run time cloudsc_pattern_one iter 13: 31.063 ms
Run time cloudsc_pattern_one iter 14: 31.102 ms
Run time cloudsc_pattern_one iter 15: 31.075 ms
Run time cloudsc_pattern_one iter 16: 31.066 ms
Run time cloudsc_pattern_one iter 17: 31.031 ms
Run time cloudsc_pattern_one iter 18: 31.032 ms
Run time cloudsc_pattern_one iter 19: 31.080 ms
Run time cloudsc_pattern_one iter 0: 31.039 ms
Run time cloudsc_pattern_one iter 1: 31.243 ms
Run time cloudsc_pattern_one iter 2: 31.230 ms
Run time cloudsc_pattern_one iter 3: 31.250 ms
Run time cloudsc_pattern_one iter 4: 31.438 ms
Run time cloudsc_pattern_one iter 5: 31.522 ms
Run time cloudsc_pattern_one iter 6: 31.705 ms
Run time cloudsc_pattern_one iter 7: 31.735 ms
Run time cloudsc_pattern_one iter 8: 31.844 ms
Run time cloudsc_pattern_one iter 9: 31.890 ms
Run time cloudsc_pattern_one iter 10: 31.859 ms
Run time cloudsc_pattern_one iter 11: 31.779 ms
Run time cloudsc_pattern_one iter 12: 31.884 ms
Run time cloudsc_pattern_one iter 13: 31.797 ms
Run time cloudsc_pattern_one iter 14: 31.897 ms
Run time cloudsc_pattern_one iter 15: 31.583 ms
Run time cloudsc_pattern_one iter 16: 31.642 ms
Run time cloudsc_pattern_one iter 17: 31.724 ms
Run time cloudsc_pattern_one iter 18: 31.791 ms
Run time cloudsc_pattern_one iter 19: 31.606 ms
Running with EXTRA_FLAGS='-fno-math-errno -fveclib=libmvec -mprefer-vector-width=512', SUFFIX='libmvec'
Run time cloudsc_pattern_one iter 0: 31.850 ms
Run time cloudsc_pattern_one iter 1: 32.022 ms
Run time cloudsc_pattern_one iter 2: 32.093 ms
Run time cloudsc_pattern_one iter 3: 30.859 ms
Run time cloudsc_pattern_one iter 4: 30.801 ms
Run time cloudsc_pattern_one iter 5: 30.963 ms
Run time cloudsc_pattern_one iter 6: 30.957 ms
Run time cloudsc_pattern_one iter 7: 31.078 ms
Run time cloudsc_pattern_one iter 8: 31.136 ms
Run time cloudsc_pattern_one iter 9: 31.309 ms
Run time cloudsc_pattern_one iter 10: 31.290 ms
Run time cloudsc_pattern_one iter 11: 31.338 ms
Run time cloudsc_pattern_one iter 12: 31.285 ms
Run time cloudsc_pattern_one iter 13: 31.148 ms
Run time cloudsc_pattern_one iter 14: 31.225 ms
Run time cloudsc_pattern_one iter 15: 31.142 ms
Run time cloudsc_pattern_one iter 16: 30.740 ms
Run time cloudsc_pattern_one iter 17: 30.807 ms
Run time cloudsc_pattern_one iter 18: 30.927 ms
Run time cloudsc_pattern_one iter 19: 31.044 ms
Run time cloudsc_pattern_one iter 0: 31.151 ms
Run time cloudsc_pattern_one iter 1: 31.139 ms
Run time cloudsc_pattern_one iter 2: 31.044 ms
Run time cloudsc_pattern_one iter 3: 31.118 ms
Run time cloudsc_pattern_one iter 4: 31.175 ms
Run time cloudsc_pattern_one iter 5: 31.195 ms
Run time cloudsc_pattern_one iter 6: 31.102 ms
Run time cloudsc_pattern_one iter 7: 31.366 ms
Run time cloudsc_pattern_one iter 8: 31.312 ms
Run time cloudsc_pattern_one iter 9: 31.684 ms
Run time cloudsc_pattern_one iter 10: 31.311 ms
Run time cloudsc_pattern_one iter 11: 31.276 ms
Run time cloudsc_pattern_one iter 12: 31.403 ms
Run time cloudsc_pattern_one iter 13: 31.451 ms
Run time cloudsc_pattern_one iter 14: 30.879 ms
Run time cloudsc_pattern_one iter 15: 31.147 ms
Run time cloudsc_pattern_one iter 16: 31.174 ms
Run time cloudsc_pattern_one iter 17: 31.266 ms
Run time cloudsc_pattern_one iter 18: 31.315 ms
Run time cloudsc_pattern_one iter 19: 31.391 ms
