Running with EXTRA_FLAGS='', SUFFIX=''
Running with suffix: 
Running with #1 cores
Running with base flags: -fopenmp -fstrict-aliasing -std=c++17 -faligned-new -fPIC -Wall -Wextra -O3 -march=native -ffast-math -Wno-unused-parameter -Wno-unused-label
Running with env flags: 
Running with flags: -fopenmp -fstrict-aliasing -std=c++17 -faligned-new -fPIC -Wall -Wextra -O3 -march=native -ffast-math -Wno-unused-parameter -Wno-unused-label
Running with EXTRA_FLAGS='-D__DACE_USE_INTRINSICS=1', SUFFIX='dace_intrinsics'
Running with suffix: _dace_intrinsics
Running with #1 cores
Running with base flags: -fopenmp -fstrict-aliasing -std=c++17 -faligned-new -fPIC -Wall -Wextra -O3 -march=native -ffast-math -Wno-unused-parameter -Wno-unused-label
Running with env flags: -D__DACE_USE_INTRINSICS=1
Running with flags: -fopenmp -fstrict-aliasing -std=c++17 -faligned-new -fPIC -Wall -Wextra -O3 -march=native -ffast-math -Wno-unused-parameter -Wno-unused-label -D__DACE_USE_INTRINSICS=1
Running with EXTRA_FLAGS='-mprefer-vector-width=512', SUFFIX='force_width_512'
Running with suffix: _force_width_512
Running with #1 cores
Running with base flags: -fopenmp -fstrict-aliasing -std=c++17 -faligned-new -fPIC -Wall -Wextra -O3 -march=native -ffast-math -Wno-unused-parameter -Wno-unused-label
Running with env flags: -mprefer-vector-width=512
Running with flags: -fopenmp -fstrict-aliasing -std=c++17 -faligned-new -fPIC -Wall -Wextra -O3 -march=native -ffast-math -Wno-unused-parameter -Wno-unused-label -mprefer-vector-width=512
Running with EXTRA_FLAGS='-fno-tree-vectorize -fno-tree-slp-vectorize', SUFFIX='no-vectorize'
Running with suffix: _no-vectorize
Running with #1 cores
Running with base flags: -fopenmp -fstrict-aliasing -std=c++17 -faligned-new -fPIC -Wall -Wextra -O3 -march=native -ffast-math -Wno-unused-parameter -Wno-unused-label
Running with env flags: -fno-tree-vectorize -fno-tree-slp-vectorize
Running with flags: -fopenmp -fstrict-aliasing -std=c++17 -faligned-new -fPIC -Wall -Wextra -O3 -march=native -ffast-math -Wno-unused-parameter -Wno-unused-label -fno-tree-vectorize -fno-tree-slp-vectorize
Running with EXTRA_FLAGS='', SUFFIX=''
Running with suffix: 
Running with #18 cores
Running with base flags: -fopenmp -fstrict-aliasing -std=c++17 -faligned-new -fPIC -Wall -Wextra -O3 -march=native -ffast-math -Wno-unused-parameter -Wno-unused-label
Running with env flags: 
Running with flags: -fopenmp -fstrict-aliasing -std=c++17 -faligned-new -fPIC -Wall -Wextra -O3 -march=native -ffast-math -Wno-unused-parameter -Wno-unused-label
Running with EXTRA_FLAGS='-D__DACE_USE_INTRINSICS=1', SUFFIX='dace_intrinsics'
Running with suffix: _dace_intrinsics
Running with #18 cores
Running with base flags: -fopenmp -fstrict-aliasing -std=c++17 -faligned-new -fPIC -Wall -Wextra -O3 -march=native -ffast-math -Wno-unused-parameter -Wno-unused-label
Running with env flags: -D__DACE_USE_INTRINSICS=1
Running with flags: -fopenmp -fstrict-aliasing -std=c++17 -faligned-new -fPIC -Wall -Wextra -O3 -march=native -ffast-math -Wno-unused-parameter -Wno-unused-label -D__DACE_USE_INTRINSICS=1
Running with EXTRA_FLAGS='-mprefer-vector-width=512', SUFFIX='force_width_512'
Running with suffix: _force_width_512
Running with #18 cores
Running with base flags: -fopenmp -fstrict-aliasing -std=c++17 -faligned-new -fPIC -Wall -Wextra -O3 -march=native -ffast-math -Wno-unused-parameter -Wno-unused-label
Running with env flags: -mprefer-vector-width=512
Running with flags: -fopenmp -fstrict-aliasing -std=c++17 -faligned-new -fPIC -Wall -Wextra -O3 -march=native -ffast-math -Wno-unused-parameter -Wno-unused-label -mprefer-vector-width=512
Running with EXTRA_FLAGS='-fno-tree-vectorize -fno-tree-slp-vectorize', SUFFIX='no-vectorize'
Running with suffix: _no-vectorize
Running with #18 cores
Running with base flags: -fopenmp -fstrict-aliasing -std=c++17 -faligned-new -fPIC -Wall -Wextra -O3 -march=native -ffast-math -Wno-unused-parameter -Wno-unused-label
Running with env flags: -fno-tree-vectorize -fno-tree-slp-vectorize
Running with flags: -fopenmp -fstrict-aliasing -std=c++17 -faligned-new -fPIC -Wall -Wextra -O3 -march=native -ffast-math -Wno-unused-parameter -Wno-unused-label -fno-tree-vectorize -fno-tree-slp-vectorize
