Physical cores: 128
Run time division_by_zero iter 0: 0.815 ms
Run time division_by_zero iter 1: 0.836 ms
Run time division_by_zero iter 2: 0.836 ms
Run time division_by_zero iter 3: 0.818 ms
Run time division_by_zero iter 4: 0.825 ms
Run time division_by_zero iter 5: 0.822 ms
Run time division_by_zero iter 6: 0.831 ms
Run time division_by_zero iter 7: 0.839 ms
Run time division_by_zero iter 8: 0.818 ms
Run time division_by_zero iter 9: 0.825 ms
Run time division_by_zero iter 10: 0.836 ms
Run time division_by_zero iter 11: 0.816 ms
Run time division_by_zero iter 12: 0.822 ms
Run time division_by_zero iter 13: 0.831 ms
Run time division_by_zero iter 14: 0.832 ms
Run time division_by_zero iter 15: 0.817 ms
Run time division_by_zero iter 16: 0.833 ms
Run time division_by_zero iter 17: 0.823 ms
Run time division_by_zero iter 18: 0.827 ms
Run time division_by_zero iter 19: 0.826 ms
[can_be_applied] to if_197 is True
[can_be_applied] to if_197 is True
Changing __out = (__in1 / __in2) to have +1.7800590868057611e-307 to avoid NaN/inf floating-point exception in division!
Run time division_by_zero_vectorized_static_veclen_8_no_cpy iter 0: 0.342 ms
Run time division_by_zero_vectorized_static_veclen_8_no_cpy iter 1: 0.367 ms
Run time division_by_zero_vectorized_static_veclen_8_no_cpy iter 2: 0.343 ms
Run time division_by_zero_vectorized_static_veclen_8_no_cpy iter 3: 0.364 ms
Run time division_by_zero_vectorized_static_veclen_8_no_cpy iter 4: 0.373 ms
Run time division_by_zero_vectorized_static_veclen_8_no_cpy iter 5: 0.378 ms
Run time division_by_zero_vectorized_static_veclen_8_no_cpy iter 6: 0.368 ms
Run time division_by_zero_vectorized_static_veclen_8_no_cpy iter 7: 0.384 ms
Run time division_by_zero_vectorized_static_veclen_8_no_cpy iter 8: 0.382 ms
Run time division_by_zero_vectorized_static_veclen_8_no_cpy iter 9: 0.368 ms
Run time division_by_zero_vectorized_static_veclen_8_no_cpy iter 10: 0.362 ms
Run time division_by_zero_vectorized_static_veclen_8_no_cpy iter 11: 0.375 ms
Run time division_by_zero_vectorized_static_veclen_8_no_cpy iter 12: 0.378 ms
Run time division_by_zero_vectorized_static_veclen_8_no_cpy iter 13: 0.356 ms
Run time division_by_zero_vectorized_static_veclen_8_no_cpy iter 14: 0.382 ms
Run time division_by_zero_vectorized_static_veclen_8_no_cpy iter 15: 0.364 ms
Run time division_by_zero_vectorized_static_veclen_8_no_cpy iter 16: 0.369 ms
Run time division_by_zero_vectorized_static_veclen_8_no_cpy iter 17: 0.369 ms
Run time division_by_zero_vectorized_static_veclen_8_no_cpy iter 18: 0.349 ms
Run time division_by_zero_vectorized_static_veclen_8_no_cpy iter 19: 0.342 ms
[can_be_applied] to if_197 is True
[can_be_applied] to if_197 is True
Changing __out = (__in1 / __in2) to have +1.7800590868057611e-307 to avoid NaN/inf floating-point exception in division!
Run time division_by_zero_vectorized_static_veclen_8_cpy iter 0: 0.355 ms
Run time division_by_zero_vectorized_static_veclen_8_cpy iter 1: 0.383 ms
Run time division_by_zero_vectorized_static_veclen_8_cpy iter 2: 0.366 ms
Run time division_by_zero_vectorized_static_veclen_8_cpy iter 3: 0.377 ms
Run time division_by_zero_vectorized_static_veclen_8_cpy iter 4: 0.385 ms
Run time division_by_zero_vectorized_static_veclen_8_cpy iter 5: 0.382 ms
Run time division_by_zero_vectorized_static_veclen_8_cpy iter 6: 0.383 ms
Run time division_by_zero_vectorized_static_veclen_8_cpy iter 7: 0.382 ms
Run time division_by_zero_vectorized_static_veclen_8_cpy iter 8: 0.388 ms
Run time division_by_zero_vectorized_static_veclen_8_cpy iter 9: 0.374 ms
Run time division_by_zero_vectorized_static_veclen_8_cpy iter 10: 0.395 ms
Run time division_by_zero_vectorized_static_veclen_8_cpy iter 11: 0.379 ms
Run time division_by_zero_vectorized_static_veclen_8_cpy iter 12: 0.386 ms
Run time division_by_zero_vectorized_static_veclen_8_cpy iter 13: 0.381 ms
Run time division_by_zero_vectorized_static_veclen_8_cpy iter 14: 0.366 ms
Run time division_by_zero_vectorized_static_veclen_8_cpy iter 15: 0.375 ms
Run time division_by_zero_vectorized_static_veclen_8_cpy iter 16: 0.520 ms
Run time division_by_zero_vectorized_static_veclen_8_cpy iter 17: 0.437 ms
Run time division_by_zero_vectorized_static_veclen_8_cpy iter 18: 0.376 ms
Run time division_by_zero_vectorized_static_veclen_8_cpy iter 19: 0.379 ms
[can_be_applied] to if_197 is True
[can_be_applied] to if_197 is True
Changing __out = (__in1 / __in2) to have +1.7800590868057611e-307 to avoid NaN/inf floating-point exception in division!
Run time division_by_zero_vectorized_static_veclen_16_no_cpy iter 0: 0.502 ms
Run time division_by_zero_vectorized_static_veclen_16_no_cpy iter 1: 0.532 ms
Run time division_by_zero_vectorized_static_veclen_16_no_cpy iter 2: 0.514 ms
Run time division_by_zero_vectorized_static_veclen_16_no_cpy iter 3: 0.513 ms
Run time division_by_zero_vectorized_static_veclen_16_no_cpy iter 4: 0.535 ms
Run time division_by_zero_vectorized_static_veclen_16_no_cpy iter 5: 0.527 ms
Run time division_by_zero_vectorized_static_veclen_16_no_cpy iter 6: 0.519 ms
Run time division_by_zero_vectorized_static_veclen_16_no_cpy iter 7: 0.516 ms
Run time division_by_zero_vectorized_static_veclen_16_no_cpy iter 8: 0.507 ms
Run time division_by_zero_vectorized_static_veclen_16_no_cpy iter 9: 0.520 ms
Run time division_by_zero_vectorized_static_veclen_16_no_cpy iter 10: 0.509 ms
Run time division_by_zero_vectorized_static_veclen_16_no_cpy iter 11: 0.514 ms
Run time division_by_zero_vectorized_static_veclen_16_no_cpy iter 12: 0.503 ms
Run time division_by_zero_vectorized_static_veclen_16_no_cpy iter 13: 0.542 ms
Run time division_by_zero_vectorized_static_veclen_16_no_cpy iter 14: 0.521 ms
Run time division_by_zero_vectorized_static_veclen_16_no_cpy iter 15: 0.570 ms
Run time division_by_zero_vectorized_static_veclen_16_no_cpy iter 16: 0.563 ms
Run time division_by_zero_vectorized_static_veclen_16_no_cpy iter 17: 0.584 ms
Run time division_by_zero_vectorized_static_veclen_16_no_cpy iter 18: 0.559 ms
Run time division_by_zero_vectorized_static_veclen_16_no_cpy iter 19: 0.507 ms
[can_be_applied] to if_197 is True
[can_be_applied] to if_197 is True
Changing __out = (__in1 / __in2) to have +1.7800590868057611e-307 to avoid NaN/inf floating-point exception in division!
Run time division_by_zero_vectorized_static_veclen_16_cpy iter 0: 0.656 ms
Run time division_by_zero_vectorized_static_veclen_16_cpy iter 1: 0.708 ms
Run time division_by_zero_vectorized_static_veclen_16_cpy iter 2: 0.665 ms
Run time division_by_zero_vectorized_static_veclen_16_cpy iter 3: 0.636 ms
Run time division_by_zero_vectorized_static_veclen_16_cpy iter 4: 0.720 ms
Run time division_by_zero_vectorized_static_veclen_16_cpy iter 5: 0.636 ms
Run time division_by_zero_vectorized_static_veclen_16_cpy iter 6: 0.648 ms
Run time division_by_zero_vectorized_static_veclen_16_cpy iter 7: 0.700 ms
Run time division_by_zero_vectorized_static_veclen_16_cpy iter 8: 0.635 ms
Run time division_by_zero_vectorized_static_veclen_16_cpy iter 9: 0.625 ms
Run time division_by_zero_vectorized_static_veclen_16_cpy iter 10: 0.687 ms
Run time division_by_zero_vectorized_static_veclen_16_cpy iter 11: 0.708 ms
Run time division_by_zero_vectorized_static_veclen_16_cpy iter 12: 0.701 ms
Run time division_by_zero_vectorized_static_veclen_16_cpy iter 13: 0.649 ms
Run time division_by_zero_vectorized_static_veclen_16_cpy iter 14: 0.678 ms
Run time division_by_zero_vectorized_static_veclen_16_cpy iter 15: 0.624 ms
Run time division_by_zero_vectorized_static_veclen_16_cpy iter 16: 0.752 ms
Run time division_by_zero_vectorized_static_veclen_16_cpy iter 17: 0.682 ms
Run time division_by_zero_vectorized_static_veclen_16_cpy iter 18: 0.641 ms
Run time division_by_zero_vectorized_static_veclen_16_cpy iter 19: 0.610 ms
[can_be_applied] to if_197 is True
[can_be_applied] to if_197 is True
Changing __out = (__in1 / __in2) to have +1.7800590868057611e-307 to avoid NaN/inf floating-point exception in division!
Run time division_by_zero_vectorized_static_veclen_32_no_cpy iter 0: 0.513 ms
Run time division_by_zero_vectorized_static_veclen_32_no_cpy iter 1: 0.505 ms
Run time division_by_zero_vectorized_static_veclen_32_no_cpy iter 2: 0.540 ms
Run time division_by_zero_vectorized_static_veclen_32_no_cpy iter 3: 0.522 ms
Run time division_by_zero_vectorized_static_veclen_32_no_cpy iter 4: 0.554 ms
Run time division_by_zero_vectorized_static_veclen_32_no_cpy iter 5: 0.512 ms
Run time division_by_zero_vectorized_static_veclen_32_no_cpy iter 6: 0.528 ms
Run time division_by_zero_vectorized_static_veclen_32_no_cpy iter 7: 0.590 ms
Run time division_by_zero_vectorized_static_veclen_32_no_cpy iter 8: 0.512 ms
Run time division_by_zero_vectorized_static_veclen_32_no_cpy iter 9: 0.525 ms
Run time division_by_zero_vectorized_static_veclen_32_no_cpy iter 10: 0.529 ms
Run time division_by_zero_vectorized_static_veclen_32_no_cpy iter 11: 0.544 ms
Run time division_by_zero_vectorized_static_veclen_32_no_cpy iter 12: 0.531 ms
Run time division_by_zero_vectorized_static_veclen_32_no_cpy iter 13: 0.521 ms
Run time division_by_zero_vectorized_static_veclen_32_no_cpy iter 14: 0.516 ms
Run time division_by_zero_vectorized_static_veclen_32_no_cpy iter 15: 0.543 ms
Run time division_by_zero_vectorized_static_veclen_32_no_cpy iter 16: 0.508 ms
Run time division_by_zero_vectorized_static_veclen_32_no_cpy iter 17: 0.511 ms
Run time division_by_zero_vectorized_static_veclen_32_no_cpy iter 18: 0.515 ms
Run time division_by_zero_vectorized_static_veclen_32_no_cpy iter 19: 0.503 ms
[can_be_applied] to if_197 is True
[can_be_applied] to if_197 is True
Changing __out = (__in1 / __in2) to have +1.7800590868057611e-307 to avoid NaN/inf floating-point exception in division!
Run time division_by_zero_vectorized_static_veclen_32_cpy iter 0: 0.697 ms
Run time division_by_zero_vectorized_static_veclen_32_cpy iter 1: 0.663 ms
Run time division_by_zero_vectorized_static_veclen_32_cpy iter 2: 0.772 ms
Run time division_by_zero_vectorized_static_veclen_32_cpy iter 3: 0.725 ms
Run time division_by_zero_vectorized_static_veclen_32_cpy iter 4: 0.680 ms
Run time division_by_zero_vectorized_static_veclen_32_cpy iter 5: 0.685 ms
Run time division_by_zero_vectorized_static_veclen_32_cpy iter 6: 0.666 ms
Run time division_by_zero_vectorized_static_veclen_32_cpy iter 7: 0.670 ms
Run time division_by_zero_vectorized_static_veclen_32_cpy iter 8: 0.660 ms
Run time division_by_zero_vectorized_static_veclen_32_cpy iter 9: 0.660 ms
Run time division_by_zero_vectorized_static_veclen_32_cpy iter 10: 0.669 ms
Run time division_by_zero_vectorized_static_veclen_32_cpy iter 11: 0.690 ms
Run time division_by_zero_vectorized_static_veclen_32_cpy iter 12: 0.670 ms
Run time division_by_zero_vectorized_static_veclen_32_cpy iter 13: 0.673 ms
Run time division_by_zero_vectorized_static_veclen_32_cpy iter 14: 0.678 ms
Run time division_by_zero_vectorized_static_veclen_32_cpy iter 15: 0.785 ms
Run time division_by_zero_vectorized_static_veclen_32_cpy iter 16: 0.676 ms
Run time division_by_zero_vectorized_static_veclen_32_cpy iter 17: 0.659 ms
Run time division_by_zero_vectorized_static_veclen_32_cpy iter 18: 0.795 ms
Run time division_by_zero_vectorized_static_veclen_32_cpy iter 19: 0.670 ms
[can_be_applied] to if_197 is True
[can_be_applied] to if_197 is True
Changing __out = (__in1 / __in2) to have +1.7800590868057611e-307 to avoid NaN/inf floating-point exception in division!
Run time division_by_zero_vectorized_static_veclen_64_no_cpy iter 0: 0.615 ms
Run time division_by_zero_vectorized_static_veclen_64_no_cpy iter 1: 0.638 ms
Run time division_by_zero_vectorized_static_veclen_64_no_cpy iter 2: 0.618 ms
Run time division_by_zero_vectorized_static_veclen_64_no_cpy iter 3: 0.612 ms
Run time division_by_zero_vectorized_static_veclen_64_no_cpy iter 4: 0.617 ms
Run time division_by_zero_vectorized_static_veclen_64_no_cpy iter 5: 0.623 ms
Run time division_by_zero_vectorized_static_veclen_64_no_cpy iter 6: 0.642 ms
Run time division_by_zero_vectorized_static_veclen_64_no_cpy iter 7: 0.615 ms
Run time division_by_zero_vectorized_static_veclen_64_no_cpy iter 8: 0.622 ms
Run time division_by_zero_vectorized_static_veclen_64_no_cpy iter 9: 0.613 ms
Run time division_by_zero_vectorized_static_veclen_64_no_cpy iter 10: 0.624 ms
Run time division_by_zero_vectorized_static_veclen_64_no_cpy iter 11: 0.626 ms
Run time division_by_zero_vectorized_static_veclen_64_no_cpy iter 12: 0.618 ms
Run time division_by_zero_vectorized_static_veclen_64_no_cpy iter 13: 0.635 ms
Run time division_by_zero_vectorized_static_veclen_64_no_cpy iter 14: 0.600 ms
Run time division_by_zero_vectorized_static_veclen_64_no_cpy iter 15: 0.611 ms
Run time division_by_zero_vectorized_static_veclen_64_no_cpy iter 16: 0.613 ms
Run time division_by_zero_vectorized_static_veclen_64_no_cpy iter 17: 0.619 ms
Run time division_by_zero_vectorized_static_veclen_64_no_cpy iter 18: 0.612 ms
Run time division_by_zero_vectorized_static_veclen_64_no_cpy iter 19: 0.613 ms
[can_be_applied] to if_197 is True
[can_be_applied] to if_197 is True
Changing __out = (__in1 / __in2) to have +1.7800590868057611e-307 to avoid NaN/inf floating-point exception in division!
Run time division_by_zero_vectorized_static_veclen_64_cpy iter 0: 0.779 ms
Run time division_by_zero_vectorized_static_veclen_64_cpy iter 1: 0.802 ms
Run time division_by_zero_vectorized_static_veclen_64_cpy iter 2: 0.793 ms
Run time division_by_zero_vectorized_static_veclen_64_cpy iter 3: 0.795 ms
Run time division_by_zero_vectorized_static_veclen_64_cpy iter 4: 0.798 ms
Run time division_by_zero_vectorized_static_veclen_64_cpy iter 5: 0.797 ms
Run time division_by_zero_vectorized_static_veclen_64_cpy iter 6: 0.788 ms
Run time division_by_zero_vectorized_static_veclen_64_cpy iter 7: 0.779 ms
Run time division_by_zero_vectorized_static_veclen_64_cpy iter 8: 0.786 ms
Run time division_by_zero_vectorized_static_veclen_64_cpy iter 9: 0.789 ms
Run time division_by_zero_vectorized_static_veclen_64_cpy iter 10: 0.798 ms
Run time division_by_zero_vectorized_static_veclen_64_cpy iter 11: 0.812 ms
Run time division_by_zero_vectorized_static_veclen_64_cpy iter 12: 0.791 ms
Run time division_by_zero_vectorized_static_veclen_64_cpy iter 13: 0.801 ms
Run time division_by_zero_vectorized_static_veclen_64_cpy iter 14: 0.804 ms
Run time division_by_zero_vectorized_static_veclen_64_cpy iter 15: 0.786 ms
Run time division_by_zero_vectorized_static_veclen_64_cpy iter 16: 0.793 ms
Run time division_by_zero_vectorized_static_veclen_64_cpy iter 17: 0.786 ms
Run time division_by_zero_vectorized_static_veclen_64_cpy iter 18: 0.796 ms
Run time division_by_zero_vectorized_static_veclen_64_cpy iter 19: 0.790 ms
Run time division_by_zero iter 0: 3.283 ms
Run time division_by_zero iter 1: 3.325 ms
Run time division_by_zero iter 2: 3.317 ms
Run time division_by_zero iter 3: 3.315 ms
Run time division_by_zero iter 4: 3.343 ms
Run time division_by_zero iter 5: 3.334 ms
Run time division_by_zero iter 6: 3.352 ms
Run time division_by_zero iter 7: 3.319 ms
Run time division_by_zero iter 8: 3.341 ms
Run time division_by_zero iter 9: 3.519 ms
Run time division_by_zero iter 10: 3.376 ms
Run time division_by_zero iter 11: 3.351 ms
Run time division_by_zero iter 12: 3.326 ms
Run time division_by_zero iter 13: 3.322 ms
Run time division_by_zero iter 14: 3.315 ms
Run time division_by_zero iter 15: 3.325 ms
Run time division_by_zero iter 16: 3.315 ms
Run time division_by_zero iter 17: 3.303 ms
Run time division_by_zero iter 18: 3.299 ms
Run time division_by_zero iter 19: 3.287 ms
[can_be_applied] to if_197 is True
[can_be_applied] to if_197 is True
Changing __out = (__in1 / __in2) to have +1.7800590868057611e-307 to avoid NaN/inf floating-point exception in division!
Run time division_by_zero_vectorized_static_veclen_8_no_cpy iter 0: 1.490 ms
Run time division_by_zero_vectorized_static_veclen_8_no_cpy iter 1: 1.540 ms
Run time division_by_zero_vectorized_static_veclen_8_no_cpy iter 2: 1.485 ms
Run time division_by_zero_vectorized_static_veclen_8_no_cpy iter 3: 1.489 ms
Run time division_by_zero_vectorized_static_veclen_8_no_cpy iter 4: 1.406 ms
Run time division_by_zero_vectorized_static_veclen_8_no_cpy iter 5: 1.425 ms
Run time division_by_zero_vectorized_static_veclen_8_no_cpy iter 6: 1.422 ms
Run time division_by_zero_vectorized_static_veclen_8_no_cpy iter 7: 1.423 ms
Run time division_by_zero_vectorized_static_veclen_8_no_cpy iter 8: 1.442 ms
Run time division_by_zero_vectorized_static_veclen_8_no_cpy iter 9: 1.429 ms
Run time division_by_zero_vectorized_static_veclen_8_no_cpy iter 10: 1.427 ms
Run time division_by_zero_vectorized_static_veclen_8_no_cpy iter 11: 1.415 ms
Run time division_by_zero_vectorized_static_veclen_8_no_cpy iter 12: 1.416 ms
Run time division_by_zero_vectorized_static_veclen_8_no_cpy iter 13: 1.505 ms
Run time division_by_zero_vectorized_static_veclen_8_no_cpy iter 14: 1.508 ms
Run time division_by_zero_vectorized_static_veclen_8_no_cpy iter 15: 1.513 ms
Run time division_by_zero_vectorized_static_veclen_8_no_cpy iter 16: 1.487 ms
Run time division_by_zero_vectorized_static_veclen_8_no_cpy iter 17: 1.502 ms
Run time division_by_zero_vectorized_static_veclen_8_no_cpy iter 18: 1.507 ms
Run time division_by_zero_vectorized_static_veclen_8_no_cpy iter 19: 1.493 ms
[can_be_applied] to if_197 is True
[can_be_applied] to if_197 is True
Changing __out = (__in1 / __in2) to have +1.7800590868057611e-307 to avoid NaN/inf floating-point exception in division!
Run time division_by_zero_vectorized_static_veclen_8_cpy iter 0: 1.575 ms
Run time division_by_zero_vectorized_static_veclen_8_cpy iter 1: 1.514 ms
Run time division_by_zero_vectorized_static_veclen_8_cpy iter 2: 1.473 ms
Run time division_by_zero_vectorized_static_veclen_8_cpy iter 3: 1.501 ms
Run time division_by_zero_vectorized_static_veclen_8_cpy iter 4: 1.741 ms
Run time division_by_zero_vectorized_static_veclen_8_cpy iter 5: 1.639 ms
Run time division_by_zero_vectorized_static_veclen_8_cpy iter 6: 1.533 ms
Run time division_by_zero_vectorized_static_veclen_8_cpy iter 7: 1.488 ms
Run time division_by_zero_vectorized_static_veclen_8_cpy iter 8: 1.551 ms
Run time division_by_zero_vectorized_static_veclen_8_cpy iter 9: 1.491 ms
Run time division_by_zero_vectorized_static_veclen_8_cpy iter 10: 1.575 ms
Run time division_by_zero_vectorized_static_veclen_8_cpy iter 11: 1.577 ms
Run time division_by_zero_vectorized_static_veclen_8_cpy iter 12: 1.500 ms
Run time division_by_zero_vectorized_static_veclen_8_cpy iter 13: 1.483 ms
Run time division_by_zero_vectorized_static_veclen_8_cpy iter 14: 1.531 ms
Run time division_by_zero_vectorized_static_veclen_8_cpy iter 15: 2.070 ms
Run time division_by_zero_vectorized_static_veclen_8_cpy iter 16: 1.457 ms
Run time division_by_zero_vectorized_static_veclen_8_cpy iter 17: 1.437 ms
Run time division_by_zero_vectorized_static_veclen_8_cpy iter 18: 1.468 ms
Run time division_by_zero_vectorized_static_veclen_8_cpy iter 19: 1.487 ms
[can_be_applied] to if_197 is True
[can_be_applied] to if_197 is True
Changing __out = (__in1 / __in2) to have +1.7800590868057611e-307 to avoid NaN/inf floating-point exception in division!
Run time division_by_zero_vectorized_static_veclen_16_no_cpy iter 0: 1.946 ms
Run time division_by_zero_vectorized_static_veclen_16_no_cpy iter 1: 1.920 ms
Run time division_by_zero_vectorized_static_veclen_16_no_cpy iter 2: 1.934 ms
Run time division_by_zero_vectorized_static_veclen_16_no_cpy iter 3: 1.957 ms
Run time division_by_zero_vectorized_static_veclen_16_no_cpy iter 4: 1.923 ms
Run time division_by_zero_vectorized_static_veclen_16_no_cpy iter 5: 1.913 ms
Run time division_by_zero_vectorized_static_veclen_16_no_cpy iter 6: 1.906 ms
Run time division_by_zero_vectorized_static_veclen_16_no_cpy iter 7: 1.915 ms
Run time division_by_zero_vectorized_static_veclen_16_no_cpy iter 8: 2.038 ms
Run time division_by_zero_vectorized_static_veclen_16_no_cpy iter 9: 1.952 ms
Run time division_by_zero_vectorized_static_veclen_16_no_cpy iter 10: 1.945 ms
Run time division_by_zero_vectorized_static_veclen_16_no_cpy iter 11: 1.926 ms
Run time division_by_zero_vectorized_static_veclen_16_no_cpy iter 12: 2.337 ms
Run time division_by_zero_vectorized_static_veclen_16_no_cpy iter 13: 1.906 ms
Run time division_by_zero_vectorized_static_veclen_16_no_cpy iter 14: 1.918 ms
Run time division_by_zero_vectorized_static_veclen_16_no_cpy iter 15: 2.002 ms
Run time division_by_zero_vectorized_static_veclen_16_no_cpy iter 16: 2.259 ms
Run time division_by_zero_vectorized_static_veclen_16_no_cpy iter 17: 1.900 ms
Run time division_by_zero_vectorized_static_veclen_16_no_cpy iter 18: 1.922 ms
Run time division_by_zero_vectorized_static_veclen_16_no_cpy iter 19: 1.987 ms
[can_be_applied] to if_197 is True
[can_be_applied] to if_197 is True
Changing __out = (__in1 / __in2) to have +1.7800590868057611e-307 to avoid NaN/inf floating-point exception in division!
Run time division_by_zero_vectorized_static_veclen_16_cpy iter 0: 2.713 ms
Run time division_by_zero_vectorized_static_veclen_16_cpy iter 1: 2.568 ms
Run time division_by_zero_vectorized_static_veclen_16_cpy iter 2: 2.860 ms
Run time division_by_zero_vectorized_static_veclen_16_cpy iter 3: 2.601 ms
Run time division_by_zero_vectorized_static_veclen_16_cpy iter 4: 2.577 ms
Run time division_by_zero_vectorized_static_veclen_16_cpy iter 5: 2.607 ms
Run time division_by_zero_vectorized_static_veclen_16_cpy iter 6: 2.666 ms
Run time division_by_zero_vectorized_static_veclen_16_cpy iter 7: 2.583 ms
Run time division_by_zero_vectorized_static_veclen_16_cpy iter 8: 2.585 ms
Run time division_by_zero_vectorized_static_veclen_16_cpy iter 9: 2.587 ms
Run time division_by_zero_vectorized_static_veclen_16_cpy iter 10: 2.547 ms
Run time division_by_zero_vectorized_static_veclen_16_cpy iter 11: 2.667 ms
Run time division_by_zero_vectorized_static_veclen_16_cpy iter 12: 2.621 ms
Run time division_by_zero_vectorized_static_veclen_16_cpy iter 13: 2.622 ms
Run time division_by_zero_vectorized_static_veclen_16_cpy iter 14: 2.639 ms
Run time division_by_zero_vectorized_static_veclen_16_cpy iter 15: 2.626 ms
Run time division_by_zero_vectorized_static_veclen_16_cpy iter 16: 2.595 ms
Run time division_by_zero_vectorized_static_veclen_16_cpy iter 17: 2.647 ms
Run time division_by_zero_vectorized_static_veclen_16_cpy iter 18: 2.597 ms
Run time division_by_zero_vectorized_static_veclen_16_cpy iter 19: 2.705 ms
[can_be_applied] to if_197 is True
[can_be_applied] to if_197 is True
Changing __out = (__in1 / __in2) to have +1.7800590868057611e-307 to avoid NaN/inf floating-point exception in division!
Run time division_by_zero_vectorized_static_veclen_32_no_cpy iter 0: 1.999 ms
Run time division_by_zero_vectorized_static_veclen_32_no_cpy iter 1: 2.009 ms
Run time division_by_zero_vectorized_static_veclen_32_no_cpy iter 2: 2.010 ms
Run time division_by_zero_vectorized_static_veclen_32_no_cpy iter 3: 2.018 ms
Run time division_by_zero_vectorized_static_veclen_32_no_cpy iter 4: 2.021 ms
Run time division_by_zero_vectorized_static_veclen_32_no_cpy iter 5: 2.006 ms
Run time division_by_zero_vectorized_static_veclen_32_no_cpy iter 6: 2.016 ms
Run time division_by_zero_vectorized_static_veclen_32_no_cpy iter 7: 1.999 ms
Run time division_by_zero_vectorized_static_veclen_32_no_cpy iter 8: 2.020 ms
Run time division_by_zero_vectorized_static_veclen_32_no_cpy iter 9: 2.010 ms
Run time division_by_zero_vectorized_static_veclen_32_no_cpy iter 10: 2.063 ms
Run time division_by_zero_vectorized_static_veclen_32_no_cpy iter 11: 2.010 ms
Run time division_by_zero_vectorized_static_veclen_32_no_cpy iter 12: 2.014 ms
Run time division_by_zero_vectorized_static_veclen_32_no_cpy iter 13: 2.019 ms
Run time division_by_zero_vectorized_static_veclen_32_no_cpy iter 14: 2.035 ms
Run time division_by_zero_vectorized_static_veclen_32_no_cpy iter 15: 2.006 ms
Run time division_by_zero_vectorized_static_veclen_32_no_cpy iter 16: 2.006 ms
Run time division_by_zero_vectorized_static_veclen_32_no_cpy iter 17: 2.023 ms
Run time division_by_zero_vectorized_static_veclen_32_no_cpy iter 18: 2.031 ms
Run time division_by_zero_vectorized_static_veclen_32_no_cpy iter 19: 2.023 ms
[can_be_applied] to if_197 is True
[can_be_applied] to if_197 is True
Changing __out = (__in1 / __in2) to have +1.7800590868057611e-307 to avoid NaN/inf floating-point exception in division!
Run time division_by_zero_vectorized_static_veclen_32_cpy iter 0: 2.879 ms
Run time division_by_zero_vectorized_static_veclen_32_cpy iter 1: 2.933 ms
Run time division_by_zero_vectorized_static_veclen_32_cpy iter 2: 2.886 ms
Run time division_by_zero_vectorized_static_veclen_32_cpy iter 3: 2.893 ms
Run time division_by_zero_vectorized_static_veclen_32_cpy iter 4: 3.010 ms
Run time division_by_zero_vectorized_static_veclen_32_cpy iter 5: 2.700 ms
Run time division_by_zero_vectorized_static_veclen_32_cpy iter 6: 2.671 ms
Run time division_by_zero_vectorized_static_veclen_32_cpy iter 7: 2.720 ms
Run time division_by_zero_vectorized_static_veclen_32_cpy iter 8: 2.662 ms
Run time division_by_zero_vectorized_static_veclen_32_cpy iter 9: 2.934 ms
Run time division_by_zero_vectorized_static_veclen_32_cpy iter 10: 2.710 ms
Run time division_by_zero_vectorized_static_veclen_32_cpy iter 11: 3.061 ms
Run time division_by_zero_vectorized_static_veclen_32_cpy iter 12: 2.723 ms
Run time division_by_zero_vectorized_static_veclen_32_cpy iter 13: 2.928 ms
Run time division_by_zero_vectorized_static_veclen_32_cpy iter 14: 2.961 ms
Run time division_by_zero_vectorized_static_veclen_32_cpy iter 15: 3.085 ms
Run time division_by_zero_vectorized_static_veclen_32_cpy iter 16: 3.018 ms
Run time division_by_zero_vectorized_static_veclen_32_cpy iter 17: 2.830 ms
Run time division_by_zero_vectorized_static_veclen_32_cpy iter 18: 3.048 ms
Run time division_by_zero_vectorized_static_veclen_32_cpy iter 19: 2.765 ms
[can_be_applied] to if_197 is True
[can_be_applied] to if_197 is True
Changing __out = (__in1 / __in2) to have +1.7800590868057611e-307 to avoid NaN/inf floating-point exception in division!
Run time division_by_zero_vectorized_static_veclen_64_no_cpy iter 0: 2.685 ms
Run time division_by_zero_vectorized_static_veclen_64_no_cpy iter 1: 2.436 ms
Run time division_by_zero_vectorized_static_veclen_64_no_cpy iter 2: 2.585 ms
Run time division_by_zero_vectorized_static_veclen_64_no_cpy iter 3: 2.426 ms
Run time division_by_zero_vectorized_static_veclen_64_no_cpy iter 4: 2.419 ms
Run time division_by_zero_vectorized_static_veclen_64_no_cpy iter 5: 2.416 ms
Run time division_by_zero_vectorized_static_veclen_64_no_cpy iter 6: 2.419 ms
Run time division_by_zero_vectorized_static_veclen_64_no_cpy iter 7: 2.451 ms
Run time division_by_zero_vectorized_static_veclen_64_no_cpy iter 8: 2.601 ms
Run time division_by_zero_vectorized_static_veclen_64_no_cpy iter 9: 2.449 ms
Run time division_by_zero_vectorized_static_veclen_64_no_cpy iter 10: 2.430 ms
Run time division_by_zero_vectorized_static_veclen_64_no_cpy iter 11: 2.415 ms
Run time division_by_zero_vectorized_static_veclen_64_no_cpy iter 12: 2.407 ms
Run time division_by_zero_vectorized_static_veclen_64_no_cpy iter 13: 2.423 ms
Run time division_by_zero_vectorized_static_veclen_64_no_cpy iter 14: 2.427 ms
Run time division_by_zero_vectorized_static_veclen_64_no_cpy iter 15: 2.438 ms
Run time division_by_zero_vectorized_static_veclen_64_no_cpy iter 16: 2.568 ms
Run time division_by_zero_vectorized_static_veclen_64_no_cpy iter 17: 2.707 ms
Run time division_by_zero_vectorized_static_veclen_64_no_cpy iter 18: 2.692 ms
Run time division_by_zero_vectorized_static_veclen_64_no_cpy iter 19: 2.571 ms
[can_be_applied] to if_197 is True
[can_be_applied] to if_197 is True
Changing __out = (__in1 / __in2) to have +1.7800590868057611e-307 to avoid NaN/inf floating-point exception in division!
Run time division_by_zero_vectorized_static_veclen_64_cpy iter 0: 3.369 ms
Run time division_by_zero_vectorized_static_veclen_64_cpy iter 1: 3.197 ms
Run time division_by_zero_vectorized_static_veclen_64_cpy iter 2: 3.312 ms
Run time division_by_zero_vectorized_static_veclen_64_cpy iter 3: 3.274 ms
Run time division_by_zero_vectorized_static_veclen_64_cpy iter 4: 3.108 ms
Run time division_by_zero_vectorized_static_veclen_64_cpy iter 5: 3.111 ms
Run time division_by_zero_vectorized_static_veclen_64_cpy iter 6: 3.269 ms
Run time division_by_zero_vectorized_static_veclen_64_cpy iter 7: 3.136 ms
Run time division_by_zero_vectorized_static_veclen_64_cpy iter 8: 3.101 ms
Run time division_by_zero_vectorized_static_veclen_64_cpy iter 9: 3.237 ms
Run time division_by_zero_vectorized_static_veclen_64_cpy iter 10: 3.096 ms
Run time division_by_zero_vectorized_static_veclen_64_cpy iter 11: 3.053 ms
Run time division_by_zero_vectorized_static_veclen_64_cpy iter 12: 3.165 ms
Run time division_by_zero_vectorized_static_veclen_64_cpy iter 13: 3.232 ms
Run time division_by_zero_vectorized_static_veclen_64_cpy iter 14: 3.179 ms
Run time division_by_zero_vectorized_static_veclen_64_cpy iter 15: 3.104 ms
Run time division_by_zero_vectorized_static_veclen_64_cpy iter 16: 3.123 ms
Run time division_by_zero_vectorized_static_veclen_64_cpy iter 17: 3.142 ms
Run time division_by_zero_vectorized_static_veclen_64_cpy iter 18: 3.217 ms
Run time division_by_zero_vectorized_static_veclen_64_cpy iter 19: 3.171 ms
Run time division_by_zero iter 0: 6.685 ms
Run time division_by_zero iter 1: 6.710 ms
Run time division_by_zero iter 2: 6.724 ms
Run time division_by_zero iter 3: 6.730 ms
Run time division_by_zero iter 4: 7.124 ms
Run time division_by_zero iter 5: 6.755 ms
Run time division_by_zero iter 6: 6.719 ms
Run time division_by_zero iter 7: 6.733 ms
Run time division_by_zero iter 8: 6.868 ms
Run time division_by_zero iter 9: 6.837 ms
Run time division_by_zero iter 10: 6.697 ms
Run time division_by_zero iter 11: 6.756 ms
Run time division_by_zero iter 12: 7.055 ms
Run time division_by_zero iter 13: 6.738 ms
Run time division_by_zero iter 14: 6.721 ms
Run time division_by_zero iter 15: 6.708 ms
Run time division_by_zero iter 16: 6.740 ms
Run time division_by_zero iter 17: 6.797 ms
Run time division_by_zero iter 18: 6.681 ms
Run time division_by_zero iter 19: 6.739 ms
[can_be_applied] to if_197 is True
[can_be_applied] to if_197 is True
Changing __out = (__in1 / __in2) to have +1.7800590868057611e-307 to avoid NaN/inf floating-point exception in division!
Run time division_by_zero_vectorized_static_veclen_8_no_cpy iter 0: 3.243 ms
Run time division_by_zero_vectorized_static_veclen_8_no_cpy iter 1: 5.922 ms
Run time division_by_zero_vectorized_static_veclen_8_no_cpy iter 2: 2.907 ms
Run time division_by_zero_vectorized_static_veclen_8_no_cpy iter 3: 2.929 ms
Run time division_by_zero_vectorized_static_veclen_8_no_cpy iter 4: 2.892 ms
Run time division_by_zero_vectorized_static_veclen_8_no_cpy iter 5: 2.902 ms
Run time division_by_zero_vectorized_static_veclen_8_no_cpy iter 6: 2.919 ms
Run time division_by_zero_vectorized_static_veclen_8_no_cpy iter 7: 4.156 ms
Run time division_by_zero_vectorized_static_veclen_8_no_cpy iter 8: 4.558 ms
Run time division_by_zero_vectorized_static_veclen_8_no_cpy iter 9: 2.953 ms
Run time division_by_zero_vectorized_static_veclen_8_no_cpy iter 10: 2.932 ms
Run time division_by_zero_vectorized_static_veclen_8_no_cpy iter 11: 2.923 ms
Run time division_by_zero_vectorized_static_veclen_8_no_cpy iter 12: 2.926 ms
Run time division_by_zero_vectorized_static_veclen_8_no_cpy iter 13: 2.915 ms
Run time division_by_zero_vectorized_static_veclen_8_no_cpy iter 14: 3.034 ms
Run time division_by_zero_vectorized_static_veclen_8_no_cpy iter 15: 2.939 ms
Run time division_by_zero_vectorized_static_veclen_8_no_cpy iter 16: 2.928 ms
Run time division_by_zero_vectorized_static_veclen_8_no_cpy iter 17: 2.968 ms
Run time division_by_zero_vectorized_static_veclen_8_no_cpy iter 18: 2.942 ms
Run time division_by_zero_vectorized_static_veclen_8_no_cpy iter 19: 2.915 ms
[can_be_applied] to if_197 is True
[can_be_applied] to if_197 is True
Changing __out = (__in1 / __in2) to have +1.7800590868057611e-307 to avoid NaN/inf floating-point exception in division!
Run time division_by_zero_vectorized_static_veclen_8_cpy iter 0: 3.104 ms
Run time division_by_zero_vectorized_static_veclen_8_cpy iter 1: 3.106 ms
Run time division_by_zero_vectorized_static_veclen_8_cpy iter 2: 3.228 ms
Run time division_by_zero_vectorized_static_veclen_8_cpy iter 3: 3.139 ms
Run time division_by_zero_vectorized_static_veclen_8_cpy iter 4: 3.083 ms
Run time division_by_zero_vectorized_static_veclen_8_cpy iter 5: 3.086 ms
Run time division_by_zero_vectorized_static_veclen_8_cpy iter 6: 3.116 ms
Run time division_by_zero_vectorized_static_veclen_8_cpy iter 7: 3.089 ms
Run time division_by_zero_vectorized_static_veclen_8_cpy iter 8: 3.085 ms
Run time division_by_zero_vectorized_static_veclen_8_cpy iter 9: 3.091 ms
Run time division_by_zero_vectorized_static_veclen_8_cpy iter 10: 3.163 ms
Run time division_by_zero_vectorized_static_veclen_8_cpy iter 11: 3.102 ms
Run time division_by_zero_vectorized_static_veclen_8_cpy iter 12: 3.088 ms
Run time division_by_zero_vectorized_static_veclen_8_cpy iter 13: 3.101 ms
Run time division_by_zero_vectorized_static_veclen_8_cpy iter 14: 3.082 ms
Run time division_by_zero_vectorized_static_veclen_8_cpy iter 15: 3.539 ms
Run time division_by_zero_vectorized_static_veclen_8_cpy iter 16: 3.104 ms
Run time division_by_zero_vectorized_static_veclen_8_cpy iter 17: 3.132 ms
Run time division_by_zero_vectorized_static_veclen_8_cpy iter 18: 3.110 ms
Run time division_by_zero_vectorized_static_veclen_8_cpy iter 19: 3.134 ms
[can_be_applied] to if_197 is True
[can_be_applied] to if_197 is True
Changing __out = (__in1 / __in2) to have +1.7800590868057611e-307 to avoid NaN/inf floating-point exception in division!
Run time division_by_zero_vectorized_static_veclen_16_no_cpy iter 0: 4.369 ms
Run time division_by_zero_vectorized_static_veclen_16_no_cpy iter 1: 4.365 ms
Run time division_by_zero_vectorized_static_veclen_16_no_cpy iter 2: 4.260 ms
Run time division_by_zero_vectorized_static_veclen_16_no_cpy iter 3: 4.275 ms
Run time division_by_zero_vectorized_static_veclen_16_no_cpy iter 4: 4.486 ms
Run time division_by_zero_vectorized_static_veclen_16_no_cpy iter 5: 4.243 ms
Run time division_by_zero_vectorized_static_veclen_16_no_cpy iter 6: 4.340 ms
Run time division_by_zero_vectorized_static_veclen_16_no_cpy iter 7: 4.270 ms
Run time division_by_zero_vectorized_static_veclen_16_no_cpy iter 8: 4.250 ms
Run time division_by_zero_vectorized_static_veclen_16_no_cpy iter 9: 4.459 ms
Run time division_by_zero_vectorized_static_veclen_16_no_cpy iter 10: 4.416 ms
Run time division_by_zero_vectorized_static_veclen_16_no_cpy iter 11: 4.739 ms
Run time division_by_zero_vectorized_static_veclen_16_no_cpy iter 12: 4.278 ms
Run time division_by_zero_vectorized_static_veclen_16_no_cpy iter 13: 4.552 ms
Run time division_by_zero_vectorized_static_veclen_16_no_cpy iter 14: 4.577 ms
Run time division_by_zero_vectorized_static_veclen_16_no_cpy iter 15: 4.236 ms
Run time division_by_zero_vectorized_static_veclen_16_no_cpy iter 16: 4.265 ms
Run time division_by_zero_vectorized_static_veclen_16_no_cpy iter 17: 4.264 ms
Run time division_by_zero_vectorized_static_veclen_16_no_cpy iter 18: 4.538 ms
Run time division_by_zero_vectorized_static_veclen_16_no_cpy iter 19: 4.528 ms
[can_be_applied] to if_197 is True
[can_be_applied] to if_197 is True
Changing __out = (__in1 / __in2) to have +1.7800590868057611e-307 to avoid NaN/inf floating-point exception in division!
Run time division_by_zero_vectorized_static_veclen_16_cpy iter 0: 5.729 ms
Run time division_by_zero_vectorized_static_veclen_16_cpy iter 1: 5.852 ms
Run time division_by_zero_vectorized_static_veclen_16_cpy iter 2: 5.677 ms
Run time division_by_zero_vectorized_static_veclen_16_cpy iter 3: 5.889 ms
Run time division_by_zero_vectorized_static_veclen_16_cpy iter 4: 5.924 ms
Run time division_by_zero_vectorized_static_veclen_16_cpy iter 5: 5.607 ms
Run time division_by_zero_vectorized_static_veclen_16_cpy iter 6: 5.673 ms
Run time division_by_zero_vectorized_static_veclen_16_cpy iter 7: 5.742 ms
Run time division_by_zero_vectorized_static_veclen_16_cpy iter 8: 5.577 ms
Run time division_by_zero_vectorized_static_veclen_16_cpy iter 9: 5.812 ms
Run time division_by_zero_vectorized_static_veclen_16_cpy iter 10: 5.695 ms
Run time division_by_zero_vectorized_static_veclen_16_cpy iter 11: 5.582 ms
Run time division_by_zero_vectorized_static_veclen_16_cpy iter 12: 6.379 ms
Run time division_by_zero_vectorized_static_veclen_16_cpy iter 13: 6.027 ms
Run time division_by_zero_vectorized_static_veclen_16_cpy iter 14: 6.021 ms
Run time division_by_zero_vectorized_static_veclen_16_cpy iter 15: 6.158 ms
Run time division_by_zero_vectorized_static_veclen_16_cpy iter 16: 6.175 ms
Run time division_by_zero_vectorized_static_veclen_16_cpy iter 17: 6.467 ms
Run time division_by_zero_vectorized_static_veclen_16_cpy iter 18: 5.947 ms
Run time division_by_zero_vectorized_static_veclen_16_cpy iter 19: 6.139 ms
[can_be_applied] to if_197 is True
[can_be_applied] to if_197 is True
Changing __out = (__in1 / __in2) to have +1.7800590868057611e-307 to avoid NaN/inf floating-point exception in division!
Run time division_by_zero_vectorized_static_veclen_32_no_cpy iter 0: 4.284 ms
Run time division_by_zero_vectorized_static_veclen_32_no_cpy iter 1: 4.245 ms
Run time division_by_zero_vectorized_static_veclen_32_no_cpy iter 2: 5.041 ms
Run time division_by_zero_vectorized_static_veclen_32_no_cpy iter 3: 4.294 ms
Run time division_by_zero_vectorized_static_veclen_32_no_cpy iter 4: 4.297 ms
Run time division_by_zero_vectorized_static_veclen_32_no_cpy iter 5: 4.242 ms
Run time division_by_zero_vectorized_static_veclen_32_no_cpy iter 6: 5.193 ms
Run time division_by_zero_vectorized_static_veclen_32_no_cpy iter 7: 4.448 ms
Run time division_by_zero_vectorized_static_veclen_32_no_cpy iter 8: 5.972 ms
Run time division_by_zero_vectorized_static_veclen_32_no_cpy iter 9: 6.040 ms
Run time division_by_zero_vectorized_static_veclen_32_no_cpy iter 10: 4.955 ms
Run time division_by_zero_vectorized_static_veclen_32_no_cpy iter 11: 4.567 ms
Run time division_by_zero_vectorized_static_veclen_32_no_cpy iter 12: 4.965 ms
Run time division_by_zero_vectorized_static_veclen_32_no_cpy iter 13: 4.561 ms
Run time division_by_zero_vectorized_static_veclen_32_no_cpy iter 14: 4.561 ms
Run time division_by_zero_vectorized_static_veclen_32_no_cpy iter 15: 5.295 ms
Run time division_by_zero_vectorized_static_veclen_32_no_cpy iter 16: 5.002 ms
Run time division_by_zero_vectorized_static_veclen_32_no_cpy iter 17: 5.045 ms
Run time division_by_zero_vectorized_static_veclen_32_no_cpy iter 18: 4.288 ms
Run time division_by_zero_vectorized_static_veclen_32_no_cpy iter 19: 4.410 ms
[can_be_applied] to if_197 is True
[can_be_applied] to if_197 is True
Changing __out = (__in1 / __in2) to have +1.7800590868057611e-307 to avoid NaN/inf floating-point exception in division!
Run time division_by_zero_vectorized_static_veclen_32_cpy iter 0: 6.503 ms
Run time division_by_zero_vectorized_static_veclen_32_cpy iter 1: 6.168 ms
Run time division_by_zero_vectorized_static_veclen_32_cpy iter 2: 7.035 ms
Run time division_by_zero_vectorized_static_veclen_32_cpy iter 3: 6.414 ms
Run time division_by_zero_vectorized_static_veclen_32_cpy iter 4: 6.507 ms
Run time division_by_zero_vectorized_static_veclen_32_cpy iter 5: 6.346 ms
Run time division_by_zero_vectorized_static_veclen_32_cpy iter 6: 6.602 ms
Run time division_by_zero_vectorized_static_veclen_32_cpy iter 7: 6.205 ms
Run time division_by_zero_vectorized_static_veclen_32_cpy iter 8: 6.534 ms
Run time division_by_zero_vectorized_static_veclen_32_cpy iter 9: 6.052 ms
Run time division_by_zero_vectorized_static_veclen_32_cpy iter 10: 6.361 ms
Run time division_by_zero_vectorized_static_veclen_32_cpy iter 11: 5.829 ms
Run time division_by_zero_vectorized_static_veclen_32_cpy iter 12: 6.333 ms
Run time division_by_zero_vectorized_static_veclen_32_cpy iter 13: 5.944 ms
Run time division_by_zero_vectorized_static_veclen_32_cpy iter 14: 5.932 ms
Run time division_by_zero_vectorized_static_veclen_32_cpy iter 15: 6.217 ms
Run time division_by_zero_vectorized_static_veclen_32_cpy iter 16: 6.068 ms
Run time division_by_zero_vectorized_static_veclen_32_cpy iter 17: 6.186 ms
Run time division_by_zero_vectorized_static_veclen_32_cpy iter 18: 6.117 ms
Run time division_by_zero_vectorized_static_veclen_32_cpy iter 19: 5.959 ms
[can_be_applied] to if_197 is True
[can_be_applied] to if_197 is True
Changing __out = (__in1 / __in2) to have +1.7800590868057611e-307 to avoid NaN/inf floating-point exception in division!
Run time division_by_zero_vectorized_static_veclen_64_no_cpy iter 0: 5.035 ms
Run time division_by_zero_vectorized_static_veclen_64_no_cpy iter 1: 5.025 ms
Run time division_by_zero_vectorized_static_veclen_64_no_cpy iter 2: 5.046 ms
Run time division_by_zero_vectorized_static_veclen_64_no_cpy iter 3: 5.056 ms
Run time division_by_zero_vectorized_static_veclen_64_no_cpy iter 4: 5.027 ms
Run time division_by_zero_vectorized_static_veclen_64_no_cpy iter 5: 5.044 ms
Run time division_by_zero_vectorized_static_veclen_64_no_cpy iter 6: 5.052 ms
Run time division_by_zero_vectorized_static_veclen_64_no_cpy iter 7: 5.041 ms
Run time division_by_zero_vectorized_static_veclen_64_no_cpy iter 8: 5.049 ms
Run time division_by_zero_vectorized_static_veclen_64_no_cpy iter 9: 5.250 ms
Run time division_by_zero_vectorized_static_veclen_64_no_cpy iter 10: 5.060 ms
Run time division_by_zero_vectorized_static_veclen_64_no_cpy iter 11: 5.043 ms
Run time division_by_zero_vectorized_static_veclen_64_no_cpy iter 12: 5.066 ms
Run time division_by_zero_vectorized_static_veclen_64_no_cpy iter 13: 5.045 ms
Run time division_by_zero_vectorized_static_veclen_64_no_cpy iter 14: 5.044 ms
Run time division_by_zero_vectorized_static_veclen_64_no_cpy iter 15: 5.048 ms
Run time division_by_zero_vectorized_static_veclen_64_no_cpy iter 16: 5.231 ms
Run time division_by_zero_vectorized_static_veclen_64_no_cpy iter 17: 5.251 ms
Run time division_by_zero_vectorized_static_veclen_64_no_cpy iter 18: 5.056 ms
Run time division_by_zero_vectorized_static_veclen_64_no_cpy iter 19: 5.053 ms
[can_be_applied] to if_197 is True
[can_be_applied] to if_197 is True
Changing __out = (__in1 / __in2) to have +1.7800590868057611e-307 to avoid NaN/inf floating-point exception in division!
Run time division_by_zero_vectorized_static_veclen_64_cpy iter 0: 6.546 ms
Run time division_by_zero_vectorized_static_veclen_64_cpy iter 1: 6.986 ms
Run time division_by_zero_vectorized_static_veclen_64_cpy iter 2: 6.440 ms
Run time division_by_zero_vectorized_static_veclen_64_cpy iter 3: 6.472 ms
Run time division_by_zero_vectorized_static_veclen_64_cpy iter 4: 7.015 ms
Run time division_by_zero_vectorized_static_veclen_64_cpy iter 5: 6.898 ms
Run time division_by_zero_vectorized_static_veclen_64_cpy iter 6: 6.734 ms
Run time division_by_zero_vectorized_static_veclen_64_cpy iter 7: 6.792 ms
Run time division_by_zero_vectorized_static_veclen_64_cpy iter 8: 6.758 ms
Run time division_by_zero_vectorized_static_veclen_64_cpy iter 9: 6.840 ms
Run time division_by_zero_vectorized_static_veclen_64_cpy iter 10: 6.815 ms
Run time division_by_zero_vectorized_static_veclen_64_cpy iter 11: 6.797 ms
Run time division_by_zero_vectorized_static_veclen_64_cpy iter 12: 6.868 ms
Run time division_by_zero_vectorized_static_veclen_64_cpy iter 13: 6.721 ms
Run time division_by_zero_vectorized_static_veclen_64_cpy iter 14: 6.822 ms
Run time division_by_zero_vectorized_static_veclen_64_cpy iter 15: 6.695 ms
Run time division_by_zero_vectorized_static_veclen_64_cpy iter 16: 6.892 ms
Run time division_by_zero_vectorized_static_veclen_64_cpy iter 17: 6.418 ms
Run time division_by_zero_vectorized_static_veclen_64_cpy iter 18: 6.405 ms
Run time division_by_zero_vectorized_static_veclen_64_cpy iter 19: 6.742 ms
Run time division_by_zero iter 0: 13.533 ms
Run time division_by_zero iter 1: 13.514 ms
Run time division_by_zero iter 2: 13.498 ms
Run time division_by_zero iter 3: 13.515 ms
Run time division_by_zero iter 4: 13.515 ms
Run time division_by_zero iter 5: 13.550 ms
Run time division_by_zero iter 6: 13.801 ms
Run time division_by_zero iter 7: 13.625 ms
Run time division_by_zero iter 8: 13.535 ms
Run time division_by_zero iter 9: 13.474 ms
Run time division_by_zero iter 10: 13.534 ms
Run time division_by_zero iter 11: 13.507 ms
Run time division_by_zero iter 12: 13.484 ms
Run time division_by_zero iter 13: 13.445 ms
Run time division_by_zero iter 14: 13.660 ms
Run time division_by_zero iter 15: 13.546 ms
Run time division_by_zero iter 16: 13.618 ms
Run time division_by_zero iter 17: 13.537 ms
Run time division_by_zero iter 18: 13.546 ms
Run time division_by_zero iter 19: 13.688 ms
[can_be_applied] to if_197 is True
[can_be_applied] to if_197 is True
Changing __out = (__in1 / __in2) to have +1.7800590868057611e-307 to avoid NaN/inf floating-point exception in division!
Run time division_by_zero_vectorized_static_veclen_8_no_cpy iter 0: 5.895 ms
Run time division_by_zero_vectorized_static_veclen_8_no_cpy iter 1: 5.930 ms
Run time division_by_zero_vectorized_static_veclen_8_no_cpy iter 2: 6.139 ms
Run time division_by_zero_vectorized_static_veclen_8_no_cpy iter 3: 5.682 ms
Run time division_by_zero_vectorized_static_veclen_8_no_cpy iter 4: 8.239 ms
Run time division_by_zero_vectorized_static_veclen_8_no_cpy iter 5: 5.871 ms
Run time division_by_zero_vectorized_static_veclen_8_no_cpy iter 6: 7.996 ms
Run time division_by_zero_vectorized_static_veclen_8_no_cpy iter 7: 8.067 ms
Run time division_by_zero_vectorized_static_veclen_8_no_cpy iter 8: 5.734 ms
Run time division_by_zero_vectorized_static_veclen_8_no_cpy iter 9: 7.075 ms
Run time division_by_zero_vectorized_static_veclen_8_no_cpy iter 10: 5.724 ms
Run time division_by_zero_vectorized_static_veclen_8_no_cpy iter 11: 8.146 ms
Run time division_by_zero_vectorized_static_veclen_8_no_cpy iter 12: 5.711 ms
Run time division_by_zero_vectorized_static_veclen_8_no_cpy iter 13: 7.638 ms
Run time division_by_zero_vectorized_static_veclen_8_no_cpy iter 14: 5.752 ms
Run time division_by_zero_vectorized_static_veclen_8_no_cpy iter 15: 7.664 ms
Run time division_by_zero_vectorized_static_veclen_8_no_cpy iter 16: 7.380 ms
Run time division_by_zero_vectorized_static_veclen_8_no_cpy iter 17: 7.792 ms
Run time division_by_zero_vectorized_static_veclen_8_no_cpy iter 18: 6.879 ms
Run time division_by_zero_vectorized_static_veclen_8_no_cpy iter 19: 6.193 ms
[can_be_applied] to if_197 is True
[can_be_applied] to if_197 is True
Changing __out = (__in1 / __in2) to have +1.7800590868057611e-307 to avoid NaN/inf floating-point exception in division!
Run time division_by_zero_vectorized_static_veclen_8_cpy iter 0: 6.313 ms
Run time division_by_zero_vectorized_static_veclen_8_cpy iter 1: 7.430 ms
Run time division_by_zero_vectorized_static_veclen_8_cpy iter 2: 7.670 ms
Run time division_by_zero_vectorized_static_veclen_8_cpy iter 3: 6.203 ms
Run time division_by_zero_vectorized_static_veclen_8_cpy iter 4: 6.262 ms
Run time division_by_zero_vectorized_static_veclen_8_cpy iter 5: 6.107 ms
Run time division_by_zero_vectorized_static_veclen_8_cpy iter 6: 8.542 ms
Run time division_by_zero_vectorized_static_veclen_8_cpy iter 7: 8.494 ms
Run time division_by_zero_vectorized_static_veclen_8_cpy iter 8: 7.985 ms
Run time division_by_zero_vectorized_static_veclen_8_cpy iter 9: 7.160 ms
Run time division_by_zero_vectorized_static_veclen_8_cpy iter 10: 6.716 ms
Run time division_by_zero_vectorized_static_veclen_8_cpy iter 11: 7.157 ms
Run time division_by_zero_vectorized_static_veclen_8_cpy iter 12: 7.193 ms
Run time division_by_zero_vectorized_static_veclen_8_cpy iter 13: 7.502 ms
Run time division_by_zero_vectorized_static_veclen_8_cpy iter 14: 7.157 ms
Run time division_by_zero_vectorized_static_veclen_8_cpy iter 15: 6.942 ms
Run time division_by_zero_vectorized_static_veclen_8_cpy iter 16: 6.497 ms
Run time division_by_zero_vectorized_static_veclen_8_cpy iter 17: 6.980 ms
Run time division_by_zero_vectorized_static_veclen_8_cpy iter 18: 6.076 ms
Run time division_by_zero_vectorized_static_veclen_8_cpy iter 19: 7.012 ms
[can_be_applied] to if_197 is True
[can_be_applied] to if_197 is True
Changing __out = (__in1 / __in2) to have +1.7800590868057611e-307 to avoid NaN/inf floating-point exception in division!
Run time division_by_zero_vectorized_static_veclen_16_no_cpy iter 0: 9.027 ms
Run time division_by_zero_vectorized_static_veclen_16_no_cpy iter 1: 9.703 ms
Run time division_by_zero_vectorized_static_veclen_16_no_cpy iter 2: 9.134 ms
Run time division_by_zero_vectorized_static_veclen_16_no_cpy iter 3: 9.366 ms
Run time division_by_zero_vectorized_static_veclen_16_no_cpy iter 4: 8.388 ms
Run time division_by_zero_vectorized_static_veclen_16_no_cpy iter 5: 8.414 ms
Run time division_by_zero_vectorized_static_veclen_16_no_cpy iter 6: 8.743 ms
Run time division_by_zero_vectorized_static_veclen_16_no_cpy iter 7: 9.345 ms
Run time division_by_zero_vectorized_static_veclen_16_no_cpy iter 8: 8.614 ms
Run time division_by_zero_vectorized_static_veclen_16_no_cpy iter 9: 8.831 ms
Run time division_by_zero_vectorized_static_veclen_16_no_cpy iter 10: 9.228 ms
Run time division_by_zero_vectorized_static_veclen_16_no_cpy iter 11: 9.380 ms
Run time division_by_zero_vectorized_static_veclen_16_no_cpy iter 12: 8.359 ms
Run time division_by_zero_vectorized_static_veclen_16_no_cpy iter 13: 9.080 ms
Run time division_by_zero_vectorized_static_veclen_16_no_cpy iter 14: 9.111 ms
Run time division_by_zero_vectorized_static_veclen_16_no_cpy iter 15: 8.405 ms
Run time division_by_zero_vectorized_static_veclen_16_no_cpy iter 16: 9.467 ms
Run time division_by_zero_vectorized_static_veclen_16_no_cpy iter 17: 10.257 ms
Run time division_by_zero_vectorized_static_veclen_16_no_cpy iter 18: 9.004 ms
Run time division_by_zero_vectorized_static_veclen_16_no_cpy iter 19: 8.469 ms
[can_be_applied] to if_197 is True
[can_be_applied] to if_197 is True
Changing __out = (__in1 / __in2) to have +1.7800590868057611e-307 to avoid NaN/inf floating-point exception in division!
Run time division_by_zero_vectorized_static_veclen_16_cpy iter 0: 13.810 ms
Run time division_by_zero_vectorized_static_veclen_16_cpy iter 1: 13.989 ms
Run time division_by_zero_vectorized_static_veclen_16_cpy iter 2: 13.207 ms
Run time division_by_zero_vectorized_static_veclen_16_cpy iter 3: 12.128 ms
Run time division_by_zero_vectorized_static_veclen_16_cpy iter 4: 11.871 ms
Run time division_by_zero_vectorized_static_veclen_16_cpy iter 5: 12.310 ms
Run time division_by_zero_vectorized_static_veclen_16_cpy iter 6: 12.198 ms
Run time division_by_zero_vectorized_static_veclen_16_cpy iter 7: 12.221 ms
Run time division_by_zero_vectorized_static_veclen_16_cpy iter 8: 12.308 ms
Run time division_by_zero_vectorized_static_veclen_16_cpy iter 9: 12.413 ms
Run time division_by_zero_vectorized_static_veclen_16_cpy iter 10: 12.768 ms
Run time division_by_zero_vectorized_static_veclen_16_cpy iter 11: 13.327 ms
Run time division_by_zero_vectorized_static_veclen_16_cpy iter 12: 11.364 ms
Run time division_by_zero_vectorized_static_veclen_16_cpy iter 13: 11.453 ms
Run time division_by_zero_vectorized_static_veclen_16_cpy iter 14: 11.452 ms
Run time division_by_zero_vectorized_static_veclen_16_cpy iter 15: 11.369 ms
Run time division_by_zero_vectorized_static_veclen_16_cpy iter 16: 11.490 ms
Run time division_by_zero_vectorized_static_veclen_16_cpy iter 17: 11.405 ms
Run time division_by_zero_vectorized_static_veclen_16_cpy iter 18: 11.579 ms
Run time division_by_zero_vectorized_static_veclen_16_cpy iter 19: 11.497 ms
[can_be_applied] to if_197 is True
[can_be_applied] to if_197 is True
Changing __out = (__in1 / __in2) to have +1.7800590868057611e-307 to avoid NaN/inf floating-point exception in division!
Run time division_by_zero_vectorized_static_veclen_32_no_cpy iter 0: 10.652 ms
Run time division_by_zero_vectorized_static_veclen_32_no_cpy iter 1: 8.599 ms
Run time division_by_zero_vectorized_static_veclen_32_no_cpy iter 2: 8.607 ms
Run time division_by_zero_vectorized_static_veclen_32_no_cpy iter 3: 8.551 ms
Run time division_by_zero_vectorized_static_veclen_32_no_cpy iter 4: 8.588 ms
Run time division_by_zero_vectorized_static_veclen_32_no_cpy iter 5: 8.999 ms
Run time division_by_zero_vectorized_static_veclen_32_no_cpy iter 6: 8.551 ms
Run time division_by_zero_vectorized_static_veclen_32_no_cpy iter 7: 8.636 ms
Run time division_by_zero_vectorized_static_veclen_32_no_cpy iter 8: 8.737 ms
Run time division_by_zero_vectorized_static_veclen_32_no_cpy iter 9: 8.893 ms
Run time division_by_zero_vectorized_static_veclen_32_no_cpy iter 10: 9.803 ms
Run time division_by_zero_vectorized_static_veclen_32_no_cpy iter 11: 9.475 ms
Run time division_by_zero_vectorized_static_veclen_32_no_cpy iter 12: 10.079 ms
Run time division_by_zero_vectorized_static_veclen_32_no_cpy iter 13: 8.805 ms
Run time division_by_zero_vectorized_static_veclen_32_no_cpy iter 14: 8.544 ms
Run time division_by_zero_vectorized_static_veclen_32_no_cpy iter 15: 8.539 ms
Run time division_by_zero_vectorized_static_veclen_32_no_cpy iter 16: 8.578 ms
Run time division_by_zero_vectorized_static_veclen_32_no_cpy iter 17: 8.557 ms
Run time division_by_zero_vectorized_static_veclen_32_no_cpy iter 18: 8.548 ms
Run time division_by_zero_vectorized_static_veclen_32_no_cpy iter 19: 8.817 ms
[can_be_applied] to if_197 is True
[can_be_applied] to if_197 is True
Changing __out = (__in1 / __in2) to have +1.7800590868057611e-307 to avoid NaN/inf floating-point exception in division!
Run time division_by_zero_vectorized_static_veclen_32_cpy iter 0: 11.675 ms
Run time division_by_zero_vectorized_static_veclen_32_cpy iter 1: 12.226 ms
Run time division_by_zero_vectorized_static_veclen_32_cpy iter 2: 12.581 ms
Run time division_by_zero_vectorized_static_veclen_32_cpy iter 3: 12.836 ms
Run time division_by_zero_vectorized_static_veclen_32_cpy iter 4: 11.587 ms
Run time division_by_zero_vectorized_static_veclen_32_cpy iter 5: 11.391 ms
Run time division_by_zero_vectorized_static_veclen_32_cpy iter 6: 11.883 ms
Run time division_by_zero_vectorized_static_veclen_32_cpy iter 7: 12.323 ms
Run time division_by_zero_vectorized_static_veclen_32_cpy iter 8: 12.247 ms
Run time division_by_zero_vectorized_static_veclen_32_cpy iter 9: 12.926 ms
Run time division_by_zero_vectorized_static_veclen_32_cpy iter 10: 12.421 ms
Run time division_by_zero_vectorized_static_veclen_32_cpy iter 11: 11.857 ms
Run time division_by_zero_vectorized_static_veclen_32_cpy iter 12: 11.802 ms
Run time division_by_zero_vectorized_static_veclen_32_cpy iter 13: 11.695 ms
Run time division_by_zero_vectorized_static_veclen_32_cpy iter 14: 12.119 ms
Run time division_by_zero_vectorized_static_veclen_32_cpy iter 15: 11.642 ms
Run time division_by_zero_vectorized_static_veclen_32_cpy iter 16: 11.728 ms
Run time division_by_zero_vectorized_static_veclen_32_cpy iter 17: 12.026 ms
Run time division_by_zero_vectorized_static_veclen_32_cpy iter 18: 11.806 ms
Run time division_by_zero_vectorized_static_veclen_32_cpy iter 19: 11.880 ms
[can_be_applied] to if_197 is True
[can_be_applied] to if_197 is True
Changing __out = (__in1 / __in2) to have +1.7800590868057611e-307 to avoid NaN/inf floating-point exception in division!
Run time division_by_zero_vectorized_static_veclen_64_no_cpy iter 0: 10.310 ms
Run time division_by_zero_vectorized_static_veclen_64_no_cpy iter 1: 10.686 ms
Run time division_by_zero_vectorized_static_veclen_64_no_cpy iter 2: 10.704 ms
Run time division_by_zero_vectorized_static_veclen_64_no_cpy iter 3: 10.334 ms
Run time division_by_zero_vectorized_static_veclen_64_no_cpy iter 4: 10.594 ms
Run time division_by_zero_vectorized_static_veclen_64_no_cpy iter 5: 10.411 ms
Run time division_by_zero_vectorized_static_veclen_64_no_cpy iter 6: 10.311 ms
Run time division_by_zero_vectorized_static_veclen_64_no_cpy iter 7: 10.806 ms
Run time division_by_zero_vectorized_static_veclen_64_no_cpy iter 8: 10.833 ms
Run time division_by_zero_vectorized_static_veclen_64_no_cpy iter 9: 10.355 ms
Run time division_by_zero_vectorized_static_veclen_64_no_cpy iter 10: 10.532 ms
Run time division_by_zero_vectorized_static_veclen_64_no_cpy iter 11: 11.041 ms
Run time division_by_zero_vectorized_static_veclen_64_no_cpy iter 12: 10.495 ms
Run time division_by_zero_vectorized_static_veclen_64_no_cpy iter 13: 10.303 ms
Run time division_by_zero_vectorized_static_veclen_64_no_cpy iter 14: 10.544 ms
Run time division_by_zero_vectorized_static_veclen_64_no_cpy iter 15: 10.352 ms
Run time division_by_zero_vectorized_static_veclen_64_no_cpy iter 16: 10.363 ms
Run time division_by_zero_vectorized_static_veclen_64_no_cpy iter 17: 10.737 ms
Run time division_by_zero_vectorized_static_veclen_64_no_cpy iter 18: 10.326 ms
Run time division_by_zero_vectorized_static_veclen_64_no_cpy iter 19: 10.345 ms
[can_be_applied] to if_197 is True
[can_be_applied] to if_197 is True
Changing __out = (__in1 / __in2) to have +1.7800590868057611e-307 to avoid NaN/inf floating-point exception in division!
Run time division_by_zero_vectorized_static_veclen_64_cpy iter 0: 13.908 ms
Run time division_by_zero_vectorized_static_veclen_64_cpy iter 1: 14.567 ms
Run time division_by_zero_vectorized_static_veclen_64_cpy iter 2: 14.388 ms
Run time division_by_zero_vectorized_static_veclen_64_cpy iter 3: 14.556 ms
Run time division_by_zero_vectorized_static_veclen_64_cpy iter 4: 14.715 ms
Run time division_by_zero_vectorized_static_veclen_64_cpy iter 5: 13.963 ms
Run time division_by_zero_vectorized_static_veclen_64_cpy iter 6: 14.024 ms
Run time division_by_zero_vectorized_static_veclen_64_cpy iter 7: 13.851 ms
Run time division_by_zero_vectorized_static_veclen_64_cpy iter 8: 14.258 ms
Run time division_by_zero_vectorized_static_veclen_64_cpy iter 9: 13.982 ms
Run time division_by_zero_vectorized_static_veclen_64_cpy iter 10: 13.607 ms
Run time division_by_zero_vectorized_static_veclen_64_cpy iter 11: 14.065 ms
Run time division_by_zero_vectorized_static_veclen_64_cpy iter 12: 14.013 ms
Run time division_by_zero_vectorized_static_veclen_64_cpy iter 13: 13.841 ms
Run time division_by_zero_vectorized_static_veclen_64_cpy iter 14: 13.753 ms
Run time division_by_zero_vectorized_static_veclen_64_cpy iter 15: 14.033 ms
Run time division_by_zero_vectorized_static_veclen_64_cpy iter 16: 14.139 ms
Run time division_by_zero_vectorized_static_veclen_64_cpy iter 17: 14.073 ms
Run time division_by_zero_vectorized_static_veclen_64_cpy iter 18: 13.940 ms
Run time division_by_zero_vectorized_static_veclen_64_cpy iter 19: 14.120 ms
Run time division_by_zero iter 0: 31.458 ms
Run time division_by_zero iter 1: 34.367 ms
Run time division_by_zero iter 2: 33.091 ms
Run time division_by_zero iter 3: 37.005 ms
Run time division_by_zero iter 4: 32.436 ms
Run time division_by_zero iter 5: 32.997 ms
Run time division_by_zero iter 6: 33.079 ms
Run time division_by_zero iter 7: 31.801 ms
Run time division_by_zero iter 8: 30.651 ms
Run time division_by_zero iter 9: 30.570 ms
Run time division_by_zero iter 10: 29.903 ms
Run time division_by_zero iter 11: 30.725 ms
Run time division_by_zero iter 12: 29.461 ms
Run time division_by_zero iter 13: 29.320 ms
Run time division_by_zero iter 14: 29.677 ms
Run time division_by_zero iter 15: 29.420 ms
Run time division_by_zero iter 16: 29.166 ms
Run time division_by_zero iter 17: 29.819 ms
Run time division_by_zero iter 18: 30.476 ms
Run time division_by_zero iter 19: 29.782 ms
[can_be_applied] to if_197 is True
[can_be_applied] to if_197 is True
Changing __out = (__in1 / __in2) to have +1.7800590868057611e-307 to avoid NaN/inf floating-point exception in division!
Run time division_by_zero_vectorized_static_veclen_8_no_cpy iter 0: 13.027 ms
Run time division_by_zero_vectorized_static_veclen_8_no_cpy iter 1: 12.815 ms
Run time division_by_zero_vectorized_static_veclen_8_no_cpy iter 2: 12.735 ms
Run time division_by_zero_vectorized_static_veclen_8_no_cpy iter 3: 12.757 ms
Run time division_by_zero_vectorized_static_veclen_8_no_cpy iter 4: 12.937 ms
Run time division_by_zero_vectorized_static_veclen_8_no_cpy iter 5: 16.010 ms
Run time division_by_zero_vectorized_static_veclen_8_no_cpy iter 6: 16.002 ms
Run time division_by_zero_vectorized_static_veclen_8_no_cpy iter 7: 15.838 ms
Run time division_by_zero_vectorized_static_veclen_8_no_cpy iter 8: 15.307 ms
Run time division_by_zero_vectorized_static_veclen_8_no_cpy iter 9: 14.119 ms
Run time division_by_zero_vectorized_static_veclen_8_no_cpy iter 10: 13.763 ms
Run time division_by_zero_vectorized_static_veclen_8_no_cpy iter 11: 14.871 ms
Run time division_by_zero_vectorized_static_veclen_8_no_cpy iter 12: 16.245 ms
Run time division_by_zero_vectorized_static_veclen_8_no_cpy iter 13: 16.276 ms
Run time division_by_zero_vectorized_static_veclen_8_no_cpy iter 14: 15.134 ms
Run time division_by_zero_vectorized_static_veclen_8_no_cpy iter 15: 14.426 ms
Run time division_by_zero_vectorized_static_veclen_8_no_cpy iter 16: 14.170 ms
Run time division_by_zero_vectorized_static_veclen_8_no_cpy iter 17: 14.391 ms
Run time division_by_zero_vectorized_static_veclen_8_no_cpy iter 18: 14.534 ms
Run time division_by_zero_vectorized_static_veclen_8_no_cpy iter 19: 15.321 ms
[can_be_applied] to if_197 is True
[can_be_applied] to if_197 is True
Changing __out = (__in1 / __in2) to have +1.7800590868057611e-307 to avoid NaN/inf floating-point exception in division!
Run time division_by_zero_vectorized_static_veclen_8_cpy iter 0: 17.226 ms
Run time division_by_zero_vectorized_static_veclen_8_cpy iter 1: 18.785 ms
Run time division_by_zero_vectorized_static_veclen_8_cpy iter 2: 22.276 ms
Run time division_by_zero_vectorized_static_veclen_8_cpy iter 3: 17.823 ms
Run time division_by_zero_vectorized_static_veclen_8_cpy iter 4: 19.558 ms
Run time division_by_zero_vectorized_static_veclen_8_cpy iter 5: 17.435 ms
Run time division_by_zero_vectorized_static_veclen_8_cpy iter 6: 18.899 ms
Run time division_by_zero_vectorized_static_veclen_8_cpy iter 7: 18.304 ms
Run time division_by_zero_vectorized_static_veclen_8_cpy iter 8: 15.947 ms
Run time division_by_zero_vectorized_static_veclen_8_cpy iter 9: 16.997 ms
Run time division_by_zero_vectorized_static_veclen_8_cpy iter 10: 16.403 ms
Run time division_by_zero_vectorized_static_veclen_8_cpy iter 11: 16.115 ms
Run time division_by_zero_vectorized_static_veclen_8_cpy iter 12: 15.422 ms
Run time division_by_zero_vectorized_static_veclen_8_cpy iter 13: 15.379 ms
Run time division_by_zero_vectorized_static_veclen_8_cpy iter 14: 19.416 ms
Run time division_by_zero_vectorized_static_veclen_8_cpy iter 15: 19.500 ms
Run time division_by_zero_vectorized_static_veclen_8_cpy iter 16: 19.143 ms
Run time division_by_zero_vectorized_static_veclen_8_cpy iter 17: 18.765 ms
Run time division_by_zero_vectorized_static_veclen_8_cpy iter 18: 16.979 ms
Run time division_by_zero_vectorized_static_veclen_8_cpy iter 19: 16.906 ms
[can_be_applied] to if_197 is True
[can_be_applied] to if_197 is True
Changing __out = (__in1 / __in2) to have +1.7800590868057611e-307 to avoid NaN/inf floating-point exception in division!
Run time division_by_zero_vectorized_static_veclen_16_no_cpy iter 0: 21.415 ms
Run time division_by_zero_vectorized_static_veclen_16_no_cpy iter 1: 24.963 ms
Run time division_by_zero_vectorized_static_veclen_16_no_cpy iter 2: 34.810 ms
Run time division_by_zero_vectorized_static_veclen_16_no_cpy iter 3: 31.672 ms
Run time division_by_zero_vectorized_static_veclen_16_no_cpy iter 4: 32.148 ms
Run time division_by_zero_vectorized_static_veclen_16_no_cpy iter 5: 31.965 ms
Run time division_by_zero_vectorized_static_veclen_16_no_cpy iter 6: 31.160 ms
Run time division_by_zero_vectorized_static_veclen_16_no_cpy iter 7: 28.648 ms
Run time division_by_zero_vectorized_static_veclen_16_no_cpy iter 8: 30.839 ms
Run time division_by_zero_vectorized_static_veclen_16_no_cpy iter 9: 30.943 ms
Run time division_by_zero_vectorized_static_veclen_16_no_cpy iter 10: 30.981 ms
Run time division_by_zero_vectorized_static_veclen_16_no_cpy iter 11: 33.330 ms
Run time division_by_zero_vectorized_static_veclen_16_no_cpy iter 12: 33.202 ms
Run time division_by_zero_vectorized_static_veclen_16_no_cpy iter 13: 31.362 ms
Run time division_by_zero_vectorized_static_veclen_16_no_cpy iter 14: 23.521 ms
Run time division_by_zero_vectorized_static_veclen_16_no_cpy iter 15: 25.180 ms
Run time division_by_zero_vectorized_static_veclen_16_no_cpy iter 16: 24.894 ms
Run time division_by_zero_vectorized_static_veclen_16_no_cpy iter 17: 26.229 ms
Run time division_by_zero_vectorized_static_veclen_16_no_cpy iter 18: 23.637 ms
Run time division_by_zero_vectorized_static_veclen_16_no_cpy iter 19: 23.309 ms
[can_be_applied] to if_197 is True
[can_be_applied] to if_197 is True
Changing __out = (__in1 / __in2) to have +1.7800590868057611e-307 to avoid NaN/inf floating-point exception in division!
Run time division_by_zero_vectorized_static_veclen_16_cpy iter 0: 36.157 ms
Run time division_by_zero_vectorized_static_veclen_16_cpy iter 1: 38.340 ms
Run time division_by_zero_vectorized_static_veclen_16_cpy iter 2: 33.019 ms
Run time division_by_zero_vectorized_static_veclen_16_cpy iter 3: 31.587 ms
Run time division_by_zero_vectorized_static_veclen_16_cpy iter 4: 28.878 ms
Run time division_by_zero_vectorized_static_veclen_16_cpy iter 5: 32.676 ms
Run time division_by_zero_vectorized_static_veclen_16_cpy iter 6: 27.150 ms
Run time division_by_zero_vectorized_static_veclen_16_cpy iter 7: 24.755 ms
Run time division_by_zero_vectorized_static_veclen_16_cpy iter 8: 25.467 ms
Run time division_by_zero_vectorized_static_veclen_16_cpy iter 9: 25.825 ms
Run time division_by_zero_vectorized_static_veclen_16_cpy iter 10: 32.755 ms
Run time division_by_zero_vectorized_static_veclen_16_cpy iter 11: 31.491 ms
Run time division_by_zero_vectorized_static_veclen_16_cpy iter 12: 31.756 ms
Run time division_by_zero_vectorized_static_veclen_16_cpy iter 13: 27.953 ms
Run time division_by_zero_vectorized_static_veclen_16_cpy iter 14: 27.551 ms
Run time division_by_zero_vectorized_static_veclen_16_cpy iter 15: 28.171 ms
Run time division_by_zero_vectorized_static_veclen_16_cpy iter 16: 27.937 ms
Run time division_by_zero_vectorized_static_veclen_16_cpy iter 17: 24.971 ms
Run time division_by_zero_vectorized_static_veclen_16_cpy iter 18: 25.124 ms
Run time division_by_zero_vectorized_static_veclen_16_cpy iter 19: 24.923 ms
[can_be_applied] to if_197 is True
[can_be_applied] to if_197 is True
Changing __out = (__in1 / __in2) to have +1.7800590868057611e-307 to avoid NaN/inf floating-point exception in division!
Run time division_by_zero_vectorized_static_veclen_32_no_cpy iter 0: 33.295 ms
Run time division_by_zero_vectorized_static_veclen_32_no_cpy iter 1: 27.403 ms
Run time division_by_zero_vectorized_static_veclen_32_no_cpy iter 2: 27.720 ms
Run time division_by_zero_vectorized_static_veclen_32_no_cpy iter 3: 35.817 ms
Run time division_by_zero_vectorized_static_veclen_32_no_cpy iter 4: 35.424 ms
Run time division_by_zero_vectorized_static_veclen_32_no_cpy iter 5: 31.078 ms
Run time division_by_zero_vectorized_static_veclen_32_no_cpy iter 6: 31.051 ms
Run time division_by_zero_vectorized_static_veclen_32_no_cpy iter 7: 31.748 ms
Run time division_by_zero_vectorized_static_veclen_32_no_cpy iter 8: 28.428 ms
Run time division_by_zero_vectorized_static_veclen_32_no_cpy iter 9: 22.904 ms
Run time division_by_zero_vectorized_static_veclen_32_no_cpy iter 10: 22.757 ms
Run time division_by_zero_vectorized_static_veclen_32_no_cpy iter 11: 22.276 ms
Run time division_by_zero_vectorized_static_veclen_32_no_cpy iter 12: 21.926 ms
Run time division_by_zero_vectorized_static_veclen_32_no_cpy iter 13: 20.657 ms
Run time division_by_zero_vectorized_static_veclen_32_no_cpy iter 14: 20.244 ms
Run time division_by_zero_vectorized_static_veclen_32_no_cpy iter 15: 20.189 ms
Run time division_by_zero_vectorized_static_veclen_32_no_cpy iter 16: 20.274 ms
Run time division_by_zero_vectorized_static_veclen_32_no_cpy iter 17: 20.428 ms
Run time division_by_zero_vectorized_static_veclen_32_no_cpy iter 18: 20.428 ms
Run time division_by_zero_vectorized_static_veclen_32_no_cpy iter 19: 20.410 ms
[can_be_applied] to if_197 is True
[can_be_applied] to if_197 is True
Changing __out = (__in1 / __in2) to have +1.7800590868057611e-307 to avoid NaN/inf floating-point exception in division!
Run time division_by_zero_vectorized_static_veclen_32_cpy iter 0: 31.935 ms
Run time division_by_zero_vectorized_static_veclen_32_cpy iter 1: 31.597 ms
Run time division_by_zero_vectorized_static_veclen_32_cpy iter 2: 30.789 ms
Run time division_by_zero_vectorized_static_veclen_32_cpy iter 3: 27.088 ms
Run time division_by_zero_vectorized_static_veclen_32_cpy iter 4: 25.162 ms
Run time division_by_zero_vectorized_static_veclen_32_cpy iter 5: 24.924 ms
Run time division_by_zero_vectorized_static_veclen_32_cpy iter 6: 25.073 ms
Run time division_by_zero_vectorized_static_veclen_32_cpy iter 7: 24.239 ms
Run time division_by_zero_vectorized_static_veclen_32_cpy iter 8: 24.647 ms
Run time division_by_zero_vectorized_static_veclen_32_cpy iter 9: 25.364 ms
Run time division_by_zero_vectorized_static_veclen_32_cpy iter 10: 24.337 ms
Run time division_by_zero_vectorized_static_veclen_32_cpy iter 11: 24.761 ms
Run time division_by_zero_vectorized_static_veclen_32_cpy iter 12: 25.415 ms
Run time division_by_zero_vectorized_static_veclen_32_cpy iter 13: 25.070 ms
Run time division_by_zero_vectorized_static_veclen_32_cpy iter 14: 24.434 ms
Run time division_by_zero_vectorized_static_veclen_32_cpy iter 15: 24.928 ms
Run time division_by_zero_vectorized_static_veclen_32_cpy iter 16: 24.432 ms
Run time division_by_zero_vectorized_static_veclen_32_cpy iter 17: 23.613 ms
Run time division_by_zero_vectorized_static_veclen_32_cpy iter 18: 23.587 ms
Run time division_by_zero_vectorized_static_veclen_32_cpy iter 19: 24.679 ms
[can_be_applied] to if_197 is True
[can_be_applied] to if_197 is True
Changing __out = (__in1 / __in2) to have +1.7800590868057611e-307 to avoid NaN/inf floating-point exception in division!
Run time division_by_zero_vectorized_static_veclen_64_no_cpy iter 0: 23.643 ms
Run time division_by_zero_vectorized_static_veclen_64_no_cpy iter 1: 23.574 ms
Run time division_by_zero_vectorized_static_veclen_64_no_cpy iter 2: 23.693 ms
Run time division_by_zero_vectorized_static_veclen_64_no_cpy iter 3: 23.538 ms
Run time division_by_zero_vectorized_static_veclen_64_no_cpy iter 4: 23.555 ms
Run time division_by_zero_vectorized_static_veclen_64_no_cpy iter 5: 23.634 ms
Run time division_by_zero_vectorized_static_veclen_64_no_cpy iter 6: 23.283 ms
Run time division_by_zero_vectorized_static_veclen_64_no_cpy iter 7: 23.210 ms
Run time division_by_zero_vectorized_static_veclen_64_no_cpy iter 8: 23.530 ms
Run time division_by_zero_vectorized_static_veclen_64_no_cpy iter 9: 23.348 ms
Run time division_by_zero_vectorized_static_veclen_64_no_cpy iter 10: 23.306 ms
Run time division_by_zero_vectorized_static_veclen_64_no_cpy iter 11: 23.435 ms
Run time division_by_zero_vectorized_static_veclen_64_no_cpy iter 12: 23.394 ms
Run time division_by_zero_vectorized_static_veclen_64_no_cpy iter 13: 23.407 ms
Run time division_by_zero_vectorized_static_veclen_64_no_cpy iter 14: 23.575 ms
Run time division_by_zero_vectorized_static_veclen_64_no_cpy iter 15: 23.307 ms
Run time division_by_zero_vectorized_static_veclen_64_no_cpy iter 16: 23.130 ms
Run time division_by_zero_vectorized_static_veclen_64_no_cpy iter 17: 22.769 ms
Run time division_by_zero_vectorized_static_veclen_64_no_cpy iter 18: 22.721 ms
Run time division_by_zero_vectorized_static_veclen_64_no_cpy iter 19: 22.640 ms
[can_be_applied] to if_197 is True
[can_be_applied] to if_197 is True
Changing __out = (__in1 / __in2) to have +1.7800590868057611e-307 to avoid NaN/inf floating-point exception in division!
Run time division_by_zero_vectorized_static_veclen_64_cpy iter 0: 28.498 ms
Run time division_by_zero_vectorized_static_veclen_64_cpy iter 1: 28.967 ms
Run time division_by_zero_vectorized_static_veclen_64_cpy iter 2: 29.006 ms
Run time division_by_zero_vectorized_static_veclen_64_cpy iter 3: 29.329 ms
Run time division_by_zero_vectorized_static_veclen_64_cpy iter 4: 30.347 ms
Run time division_by_zero_vectorized_static_veclen_64_cpy iter 5: 29.614 ms
Run time division_by_zero_vectorized_static_veclen_64_cpy iter 6: 29.239 ms
Run time division_by_zero_vectorized_static_veclen_64_cpy iter 7: 28.867 ms
Run time division_by_zero_vectorized_static_veclen_64_cpy iter 8: 28.996 ms
Run time division_by_zero_vectorized_static_veclen_64_cpy iter 9: 37.134 ms
Run time division_by_zero_vectorized_static_veclen_64_cpy iter 10: 35.798 ms
Run time division_by_zero_vectorized_static_veclen_64_cpy iter 11: 36.174 ms
Run time division_by_zero_vectorized_static_veclen_64_cpy iter 12: 34.463 ms
Run time division_by_zero_vectorized_static_veclen_64_cpy iter 13: 34.015 ms
Run time division_by_zero_vectorized_static_veclen_64_cpy iter 14: 34.397 ms
Run time division_by_zero_vectorized_static_veclen_64_cpy iter 15: 34.225 ms
Run time division_by_zero_vectorized_static_veclen_64_cpy iter 16: 34.837 ms
Run time division_by_zero_vectorized_static_veclen_64_cpy iter 17: 38.870 ms
Run time division_by_zero_vectorized_static_veclen_64_cpy iter 18: 37.586 ms
Run time division_by_zero_vectorized_static_veclen_64_cpy iter 19: 33.132 ms
Run time division_by_zero iter 0: 59.573 ms
Run time division_by_zero iter 1: 58.259 ms
Run time division_by_zero iter 2: 58.848 ms
Run time division_by_zero iter 3: 58.648 ms
Run time division_by_zero iter 4: 58.617 ms
Run time division_by_zero iter 5: 58.498 ms
Run time division_by_zero iter 6: 58.764 ms
Run time division_by_zero iter 7: 60.184 ms
Run time division_by_zero iter 8: 58.558 ms
Run time division_by_zero iter 9: 53.177 ms
Run time division_by_zero iter 10: 53.230 ms
Run time division_by_zero iter 11: 53.299 ms
Run time division_by_zero iter 12: 53.133 ms
Run time division_by_zero iter 13: 53.141 ms
Run time division_by_zero iter 14: 55.763 ms
Run time division_by_zero iter 15: 55.649 ms
Run time division_by_zero iter 16: 56.026 ms
Run time division_by_zero iter 17: 56.357 ms
Run time division_by_zero iter 18: 55.657 ms
Run time division_by_zero iter 19: 55.253 ms
[can_be_applied] to if_197 is True
[can_be_applied] to if_197 is True
Changing __out = (__in1 / __in2) to have +1.7800590868057611e-307 to avoid NaN/inf floating-point exception in division!
Run time division_by_zero_vectorized_static_veclen_8_no_cpy iter 0: 45.522 ms
Run time division_by_zero_vectorized_static_veclen_8_no_cpy iter 1: 44.992 ms
Run time division_by_zero_vectorized_static_veclen_8_no_cpy iter 2: 43.055 ms
Run time division_by_zero_vectorized_static_veclen_8_no_cpy iter 3: 35.769 ms
Run time division_by_zero_vectorized_static_veclen_8_no_cpy iter 4: 35.600 ms
Run time division_by_zero_vectorized_static_veclen_8_no_cpy iter 5: 34.621 ms
Run time division_by_zero_vectorized_static_veclen_8_no_cpy iter 6: 35.118 ms
Run time division_by_zero_vectorized_static_veclen_8_no_cpy iter 7: 37.259 ms
Run time division_by_zero_vectorized_static_veclen_8_no_cpy iter 8: 35.586 ms
Run time division_by_zero_vectorized_static_veclen_8_no_cpy iter 9: 36.942 ms
Run time division_by_zero_vectorized_static_veclen_8_no_cpy iter 10: 33.790 ms
Run time division_by_zero_vectorized_static_veclen_8_no_cpy iter 11: 32.756 ms
Run time division_by_zero_vectorized_static_veclen_8_no_cpy iter 12: 36.651 ms
Run time division_by_zero_vectorized_static_veclen_8_no_cpy iter 13: 35.208 ms
Run time division_by_zero_vectorized_static_veclen_8_no_cpy iter 14: 31.564 ms
Run time division_by_zero_vectorized_static_veclen_8_no_cpy iter 15: 31.912 ms
Run time division_by_zero_vectorized_static_veclen_8_no_cpy iter 16: 33.595 ms
Run time division_by_zero_vectorized_static_veclen_8_no_cpy iter 17: 42.141 ms
Run time division_by_zero_vectorized_static_veclen_8_no_cpy iter 18: 39.029 ms
Run time division_by_zero_vectorized_static_veclen_8_no_cpy iter 19: 28.563 ms
[can_be_applied] to if_197 is True
[can_be_applied] to if_197 is True
Changing __out = (__in1 / __in2) to have +1.7800590868057611e-307 to avoid NaN/inf floating-point exception in division!
Run time division_by_zero_vectorized_static_veclen_8_cpy iter 0: 39.952 ms
Run time division_by_zero_vectorized_static_veclen_8_cpy iter 1: 30.883 ms
Run time division_by_zero_vectorized_static_veclen_8_cpy iter 2: 39.650 ms
Run time division_by_zero_vectorized_static_veclen_8_cpy iter 3: 43.126 ms
Run time division_by_zero_vectorized_static_veclen_8_cpy iter 4: 38.046 ms
Run time division_by_zero_vectorized_static_veclen_8_cpy iter 5: 36.369 ms
Run time division_by_zero_vectorized_static_veclen_8_cpy iter 6: 38.563 ms
Run time division_by_zero_vectorized_static_veclen_8_cpy iter 7: 39.309 ms
Run time division_by_zero_vectorized_static_veclen_8_cpy iter 8: 39.261 ms
Run time division_by_zero_vectorized_static_veclen_8_cpy iter 9: 42.958 ms
Run time division_by_zero_vectorized_static_veclen_8_cpy iter 10: 35.040 ms
Run time division_by_zero_vectorized_static_veclen_8_cpy iter 11: 33.421 ms
Run time division_by_zero_vectorized_static_veclen_8_cpy iter 12: 33.626 ms
Run time division_by_zero_vectorized_static_veclen_8_cpy iter 13: 36.169 ms
Run time division_by_zero_vectorized_static_veclen_8_cpy iter 14: 34.703 ms
Run time division_by_zero_vectorized_static_veclen_8_cpy iter 15: 31.629 ms
Run time division_by_zero_vectorized_static_veclen_8_cpy iter 16: 33.462 ms
Run time division_by_zero_vectorized_static_veclen_8_cpy iter 17: 37.136 ms
Run time division_by_zero_vectorized_static_veclen_8_cpy iter 18: 34.654 ms
Run time division_by_zero_vectorized_static_veclen_8_cpy iter 19: 32.409 ms
[can_be_applied] to if_197 is True
[can_be_applied] to if_197 is True
Changing __out = (__in1 / __in2) to have +1.7800590868057611e-307 to avoid NaN/inf floating-point exception in division!
Run time division_by_zero_vectorized_static_veclen_16_no_cpy iter 0: 35.441 ms
Run time division_by_zero_vectorized_static_veclen_16_no_cpy iter 1: 30.209 ms
Run time division_by_zero_vectorized_static_veclen_16_no_cpy iter 2: 33.824 ms
Run time division_by_zero_vectorized_static_veclen_16_no_cpy iter 3: 37.133 ms
Run time division_by_zero_vectorized_static_veclen_16_no_cpy iter 4: 35.972 ms
Run time division_by_zero_vectorized_static_veclen_16_no_cpy iter 5: 38.093 ms
Run time division_by_zero_vectorized_static_veclen_16_no_cpy iter 6: 34.823 ms
Run time division_by_zero_vectorized_static_veclen_16_no_cpy iter 7: 34.348 ms
Run time division_by_zero_vectorized_static_veclen_16_no_cpy iter 8: 34.957 ms
Run time division_by_zero_vectorized_static_veclen_16_no_cpy iter 9: 35.991 ms
Run time division_by_zero_vectorized_static_veclen_16_no_cpy iter 10: 35.599 ms
Run time division_by_zero_vectorized_static_veclen_16_no_cpy iter 11: 34.797 ms
Run time division_by_zero_vectorized_static_veclen_16_no_cpy iter 12: 34.347 ms
Run time division_by_zero_vectorized_static_veclen_16_no_cpy iter 13: 37.073 ms
Run time division_by_zero_vectorized_static_veclen_16_no_cpy iter 14: 35.412 ms
Run time division_by_zero_vectorized_static_veclen_16_no_cpy iter 15: 35.900 ms
Run time division_by_zero_vectorized_static_veclen_16_no_cpy iter 16: 36.150 ms
Run time division_by_zero_vectorized_static_veclen_16_no_cpy iter 17: 35.780 ms
Run time division_by_zero_vectorized_static_veclen_16_no_cpy iter 18: 35.485 ms
Run time division_by_zero_vectorized_static_veclen_16_no_cpy iter 19: 35.117 ms
[can_be_applied] to if_197 is True
[can_be_applied] to if_197 is True
Changing __out = (__in1 / __in2) to have +1.7800590868057611e-307 to avoid NaN/inf floating-point exception in division!
Run time division_by_zero_vectorized_static_veclen_16_cpy iter 0: 40.394 ms
Run time division_by_zero_vectorized_static_veclen_16_cpy iter 1: 40.341 ms
Run time division_by_zero_vectorized_static_veclen_16_cpy iter 2: 40.200 ms
Run time division_by_zero_vectorized_static_veclen_16_cpy iter 3: 40.903 ms
Run time division_by_zero_vectorized_static_veclen_16_cpy iter 4: 40.846 ms
Run time division_by_zero_vectorized_static_veclen_16_cpy iter 5: 41.037 ms
Run time division_by_zero_vectorized_static_veclen_16_cpy iter 6: 41.239 ms
Run time division_by_zero_vectorized_static_veclen_16_cpy iter 7: 41.892 ms
Run time division_by_zero_vectorized_static_veclen_16_cpy iter 8: 41.214 ms
Run time division_by_zero_vectorized_static_veclen_16_cpy iter 9: 41.548 ms
Run time division_by_zero_vectorized_static_veclen_16_cpy iter 10: 42.312 ms
Run time division_by_zero_vectorized_static_veclen_16_cpy iter 11: 41.680 ms
Run time division_by_zero_vectorized_static_veclen_16_cpy iter 12: 42.006 ms
Run time division_by_zero_vectorized_static_veclen_16_cpy iter 13: 41.267 ms
Run time division_by_zero_vectorized_static_veclen_16_cpy iter 14: 41.963 ms
Run time division_by_zero_vectorized_static_veclen_16_cpy iter 15: 41.781 ms
Run time division_by_zero_vectorized_static_veclen_16_cpy iter 16: 41.685 ms
Run time division_by_zero_vectorized_static_veclen_16_cpy iter 17: 41.232 ms
Run time division_by_zero_vectorized_static_veclen_16_cpy iter 18: 41.082 ms
Run time division_by_zero_vectorized_static_veclen_16_cpy iter 19: 41.296 ms
[can_be_applied] to if_197 is True
[can_be_applied] to if_197 is True
Changing __out = (__in1 / __in2) to have +1.7800590868057611e-307 to avoid NaN/inf floating-point exception in division!
Run time division_by_zero_vectorized_static_veclen_32_no_cpy iter 0: 32.939 ms
Run time division_by_zero_vectorized_static_veclen_32_no_cpy iter 1: 32.201 ms
Run time division_by_zero_vectorized_static_veclen_32_no_cpy iter 2: 34.063 ms
Run time division_by_zero_vectorized_static_veclen_32_no_cpy iter 3: 32.668 ms
Run time division_by_zero_vectorized_static_veclen_32_no_cpy iter 4: 33.790 ms
Run time division_by_zero_vectorized_static_veclen_32_no_cpy iter 5: 38.632 ms
Run time division_by_zero_vectorized_static_veclen_32_no_cpy iter 6: 37.355 ms
Run time division_by_zero_vectorized_static_veclen_32_no_cpy iter 7: 37.000 ms
Run time division_by_zero_vectorized_static_veclen_32_no_cpy iter 8: 32.359 ms
Run time division_by_zero_vectorized_static_veclen_32_no_cpy iter 9: 37.097 ms
Run time division_by_zero_vectorized_static_veclen_32_no_cpy iter 10: 37.106 ms
Run time division_by_zero_vectorized_static_veclen_32_no_cpy iter 11: 38.084 ms
Run time division_by_zero_vectorized_static_veclen_32_no_cpy iter 12: 37.054 ms
Run time division_by_zero_vectorized_static_veclen_32_no_cpy iter 13: 36.559 ms
Run time division_by_zero_vectorized_static_veclen_32_no_cpy iter 14: 37.773 ms
Run time division_by_zero_vectorized_static_veclen_32_no_cpy iter 15: 37.223 ms
Run time division_by_zero_vectorized_static_veclen_32_no_cpy iter 16: 38.418 ms
Run time division_by_zero_vectorized_static_veclen_32_no_cpy iter 17: 38.569 ms
Run time division_by_zero_vectorized_static_veclen_32_no_cpy iter 18: 37.761 ms
Run time division_by_zero_vectorized_static_veclen_32_no_cpy iter 19: 38.869 ms
[can_be_applied] to if_197 is True
[can_be_applied] to if_197 is True
Changing __out = (__in1 / __in2) to have +1.7800590868057611e-307 to avoid NaN/inf floating-point exception in division!
Run time division_by_zero_vectorized_static_veclen_32_cpy iter 0: 49.856 ms
Run time division_by_zero_vectorized_static_veclen_32_cpy iter 1: 49.147 ms
Run time division_by_zero_vectorized_static_veclen_32_cpy iter 2: 48.800 ms
Run time division_by_zero_vectorized_static_veclen_32_cpy iter 3: 49.650 ms
Run time division_by_zero_vectorized_static_veclen_32_cpy iter 4: 50.392 ms
Run time division_by_zero_vectorized_static_veclen_32_cpy iter 5: 50.458 ms
Run time division_by_zero_vectorized_static_veclen_32_cpy iter 6: 49.281 ms
Run time division_by_zero_vectorized_static_veclen_32_cpy iter 7: 50.680 ms
Run time division_by_zero_vectorized_static_veclen_32_cpy iter 8: 51.523 ms
Run time division_by_zero_vectorized_static_veclen_32_cpy iter 9: 48.532 ms
Run time division_by_zero_vectorized_static_veclen_32_cpy iter 10: 51.609 ms
Run time division_by_zero_vectorized_static_veclen_32_cpy iter 11: 52.108 ms
Run time division_by_zero_vectorized_static_veclen_32_cpy iter 12: 52.920 ms
Run time division_by_zero_vectorized_static_veclen_32_cpy iter 13: 51.805 ms
Run time division_by_zero_vectorized_static_veclen_32_cpy iter 14: 50.097 ms
Run time division_by_zero_vectorized_static_veclen_32_cpy iter 15: 47.536 ms
Run time division_by_zero_vectorized_static_veclen_32_cpy iter 16: 50.740 ms
Run time division_by_zero_vectorized_static_veclen_32_cpy iter 17: 51.103 ms
Run time division_by_zero_vectorized_static_veclen_32_cpy iter 18: 49.981 ms
Run time division_by_zero_vectorized_static_veclen_32_cpy iter 19: 49.785 ms
[can_be_applied] to if_197 is True
[can_be_applied] to if_197 is True
Changing __out = (__in1 / __in2) to have +1.7800590868057611e-307 to avoid NaN/inf floating-point exception in division!
Run time division_by_zero_vectorized_static_veclen_64_no_cpy iter 0: 38.770 ms
Run time division_by_zero_vectorized_static_veclen_64_no_cpy iter 1: 38.609 ms
Run time division_by_zero_vectorized_static_veclen_64_no_cpy iter 2: 39.306 ms
Run time division_by_zero_vectorized_static_veclen_64_no_cpy iter 3: 39.986 ms
Run time division_by_zero_vectorized_static_veclen_64_no_cpy iter 4: 40.358 ms
Run time division_by_zero_vectorized_static_veclen_64_no_cpy iter 5: 40.214 ms
Run time division_by_zero_vectorized_static_veclen_64_no_cpy iter 6: 42.382 ms
Run time division_by_zero_vectorized_static_veclen_64_no_cpy iter 7: 39.431 ms
Run time division_by_zero_vectorized_static_veclen_64_no_cpy iter 8: 39.386 ms
Run time division_by_zero_vectorized_static_veclen_64_no_cpy iter 9: 39.446 ms
Run time division_by_zero_vectorized_static_veclen_64_no_cpy iter 10: 39.808 ms
Run time division_by_zero_vectorized_static_veclen_64_no_cpy iter 11: 39.589 ms
Run time division_by_zero_vectorized_static_veclen_64_no_cpy iter 12: 40.581 ms
Run time division_by_zero_vectorized_static_veclen_64_no_cpy iter 13: 40.316 ms
Run time division_by_zero_vectorized_static_veclen_64_no_cpy iter 14: 39.663 ms
Run time division_by_zero_vectorized_static_veclen_64_no_cpy iter 15: 39.606 ms
Run time division_by_zero_vectorized_static_veclen_64_no_cpy iter 16: 39.455 ms
Run time division_by_zero_vectorized_static_veclen_64_no_cpy iter 17: 40.179 ms
Run time division_by_zero_vectorized_static_veclen_64_no_cpy iter 18: 39.705 ms
Run time division_by_zero_vectorized_static_veclen_64_no_cpy iter 19: 39.825 ms
[can_be_applied] to if_197 is True
[can_be_applied] to if_197 is True
Changing __out = (__in1 / __in2) to have +1.7800590868057611e-307 to avoid NaN/inf floating-point exception in division!
Run time division_by_zero_vectorized_static_veclen_64_cpy iter 0: 49.872 ms
Run time division_by_zero_vectorized_static_veclen_64_cpy iter 1: 51.024 ms
Run time division_by_zero_vectorized_static_veclen_64_cpy iter 2: 51.098 ms
Run time division_by_zero_vectorized_static_veclen_64_cpy iter 3: 52.650 ms
Run time division_by_zero_vectorized_static_veclen_64_cpy iter 4: 51.060 ms
Run time division_by_zero_vectorized_static_veclen_64_cpy iter 5: 50.912 ms
Run time division_by_zero_vectorized_static_veclen_64_cpy iter 6: 50.579 ms
Run time division_by_zero_vectorized_static_veclen_64_cpy iter 7: 51.309 ms
Run time division_by_zero_vectorized_static_veclen_64_cpy iter 8: 52.423 ms
Run time division_by_zero_vectorized_static_veclen_64_cpy iter 9: 50.622 ms
Run time division_by_zero_vectorized_static_veclen_64_cpy iter 10: 51.485 ms
Run time division_by_zero_vectorized_static_veclen_64_cpy iter 11: 50.643 ms
Run time division_by_zero_vectorized_static_veclen_64_cpy iter 12: 51.434 ms
Run time division_by_zero_vectorized_static_veclen_64_cpy iter 13: 52.081 ms
Run time division_by_zero_vectorized_static_veclen_64_cpy iter 14: 51.156 ms
Run time division_by_zero_vectorized_static_veclen_64_cpy iter 15: 50.858 ms
Run time division_by_zero_vectorized_static_veclen_64_cpy iter 16: 51.314 ms
Run time division_by_zero_vectorized_static_veclen_64_cpy iter 17: 51.002 ms
Run time division_by_zero_vectorized_static_veclen_64_cpy iter 18: 51.144 ms
Run time division_by_zero_vectorized_static_veclen_64_cpy iter 19: 50.946 ms
Saved timing results to division_by_zero_timings.csv
