Physical cores: 128
Run time division_by_zero iter 0: 28.013 ms
Run time division_by_zero iter 1: 31.319 ms
Run time division_by_zero iter 2: 28.050 ms
Run time division_by_zero iter 3: 29.215 ms
Run time division_by_zero iter 4: 27.584 ms
Run time division_by_zero iter 5: 27.697 ms
Run time division_by_zero iter 6: 29.789 ms
Run time division_by_zero iter 7: 29.040 ms
Run time division_by_zero iter 8: 28.970 ms
Run time division_by_zero iter 9: 31.418 ms
Run time division_by_zero iter 10: 31.558 ms
Run time division_by_zero iter 11: 31.268 ms
Run time division_by_zero iter 12: 35.268 ms
Run time division_by_zero iter 13: 26.066 ms
Run time division_by_zero iter 14: 27.544 ms
Run time division_by_zero iter 15: 28.078 ms
Run time division_by_zero iter 16: 28.272 ms
Run time division_by_zero iter 17: 28.069 ms
Run time division_by_zero iter 18: 25.718 ms
Run time division_by_zero iter 19: 25.611 ms
[can_be_applied] to if_197 is True
[can_be_applied] to if_197 is True
Changing __out = (__in1 / __in2) to have +1.7800590868057611e-307 to avoid NaN/inf floating-point exception in division!
Run time division_by_zero_vectorized_static_veclen_8_no_cpy iter 0: 25.860 ms
Run time division_by_zero_vectorized_static_veclen_8_no_cpy iter 1: 42.199 ms
Run time division_by_zero_vectorized_static_veclen_8_no_cpy iter 2: 34.809 ms
Run time division_by_zero_vectorized_static_veclen_8_no_cpy iter 3: 34.410 ms
Run time division_by_zero_vectorized_static_veclen_8_no_cpy iter 4: 33.236 ms
Run time division_by_zero_vectorized_static_veclen_8_no_cpy iter 5: 32.961 ms
Run time division_by_zero_vectorized_static_veclen_8_no_cpy iter 6: 34.527 ms
Run time division_by_zero_vectorized_static_veclen_8_no_cpy iter 7: 28.205 ms
Run time division_by_zero_vectorized_static_veclen_8_no_cpy iter 8: 26.721 ms
Run time division_by_zero_vectorized_static_veclen_8_no_cpy iter 9: 31.673 ms
Run time division_by_zero_vectorized_static_veclen_8_no_cpy iter 10: 26.416 ms
Run time division_by_zero_vectorized_static_veclen_8_no_cpy iter 11: 29.468 ms
Run time division_by_zero_vectorized_static_veclen_8_no_cpy iter 12: 30.928 ms
Run time division_by_zero_vectorized_static_veclen_8_no_cpy iter 13: 30.412 ms
Run time division_by_zero_vectorized_static_veclen_8_no_cpy iter 14: 9.220 ms
Run time division_by_zero_vectorized_static_veclen_8_no_cpy iter 15: 29.507 ms
Run time division_by_zero_vectorized_static_veclen_8_no_cpy iter 16: 29.165 ms
Run time division_by_zero_vectorized_static_veclen_8_no_cpy iter 17: 29.277 ms
Run time division_by_zero_vectorized_static_veclen_8_no_cpy iter 18: 22.078 ms
Run time division_by_zero_vectorized_static_veclen_8_no_cpy iter 19: 29.749 ms
[can_be_applied] to if_197 is True
[can_be_applied] to if_197 is True
Changing __out = (__in1 / __in2) to have +1.7800590868057611e-307 to avoid NaN/inf floating-point exception in division!
Run time division_by_zero_vectorized_static_veclen_8_cpy iter 0: 45.787 ms
Run time division_by_zero_vectorized_static_veclen_8_cpy iter 1: 14.896 ms
Run time division_by_zero_vectorized_static_veclen_8_cpy iter 2: 28.522 ms
Run time division_by_zero_vectorized_static_veclen_8_cpy iter 3: 27.200 ms
Run time division_by_zero_vectorized_static_veclen_8_cpy iter 4: 27.738 ms
Run time division_by_zero_vectorized_static_veclen_8_cpy iter 5: 25.693 ms
Run time division_by_zero_vectorized_static_veclen_8_cpy iter 6: 26.321 ms
Run time division_by_zero_vectorized_static_veclen_8_cpy iter 7: 27.681 ms
Run time division_by_zero_vectorized_static_veclen_8_cpy iter 8: 27.286 ms
Run time division_by_zero_vectorized_static_veclen_8_cpy iter 9: 27.847 ms
Run time division_by_zero_vectorized_static_veclen_8_cpy iter 10: 28.063 ms
Run time division_by_zero_vectorized_static_veclen_8_cpy iter 11: 21.539 ms
Run time division_by_zero_vectorized_static_veclen_8_cpy iter 12: 28.961 ms
Run time division_by_zero_vectorized_static_veclen_8_cpy iter 13: 28.195 ms
Run time division_by_zero_vectorized_static_veclen_8_cpy iter 14: 29.882 ms
Run time division_by_zero_vectorized_static_veclen_8_cpy iter 15: 50.321 ms
Run time division_by_zero_vectorized_static_veclen_8_cpy iter 16: 32.249 ms
Run time division_by_zero_vectorized_static_veclen_8_cpy iter 17: 31.706 ms
Run time division_by_zero_vectorized_static_veclen_8_cpy iter 18: 36.565 ms
Run time division_by_zero_vectorized_static_veclen_8_cpy iter 19: 30.045 ms
[can_be_applied] to if_197 is True
[can_be_applied] to if_197 is True
Changing __out = (__in1 / __in2) to have +1.7800590868057611e-307 to avoid NaN/inf floating-point exception in division!
Run time division_by_zero_vectorized_static_veclen_16_no_cpy iter 0: 25.225 ms
Run time division_by_zero_vectorized_static_veclen_16_no_cpy iter 1: 41.258 ms
Run time division_by_zero_vectorized_static_veclen_16_no_cpy iter 2: 35.948 ms
Run time division_by_zero_vectorized_static_veclen_16_no_cpy iter 3: 30.182 ms
Run time division_by_zero_vectorized_static_veclen_16_no_cpy iter 4: 29.184 ms
Run time division_by_zero_vectorized_static_veclen_16_no_cpy iter 5: 35.951 ms
Run time division_by_zero_vectorized_static_veclen_16_no_cpy iter 6: 36.289 ms
Run time division_by_zero_vectorized_static_veclen_16_no_cpy iter 7: 36.756 ms
Run time division_by_zero_vectorized_static_veclen_16_no_cpy iter 8: 26.715 ms
Run time division_by_zero_vectorized_static_veclen_16_no_cpy iter 9: 29.240 ms
Run time division_by_zero_vectorized_static_veclen_16_no_cpy iter 10: 26.322 ms
Run time division_by_zero_vectorized_static_veclen_16_no_cpy iter 11: 29.714 ms
Run time division_by_zero_vectorized_static_veclen_16_no_cpy iter 12: 29.246 ms
Run time division_by_zero_vectorized_static_veclen_16_no_cpy iter 13: 27.608 ms
Run time division_by_zero_vectorized_static_veclen_16_no_cpy iter 14: 28.494 ms
Run time division_by_zero_vectorized_static_veclen_16_no_cpy iter 15: 36.185 ms
Run time division_by_zero_vectorized_static_veclen_16_no_cpy iter 16: 35.389 ms
Run time division_by_zero_vectorized_static_veclen_16_no_cpy iter 17: 28.717 ms
Run time division_by_zero_vectorized_static_veclen_16_no_cpy iter 18: 28.812 ms
Run time division_by_zero_vectorized_static_veclen_16_no_cpy iter 19: 29.177 ms
[can_be_applied] to if_197 is True
[can_be_applied] to if_197 is True
Changing __out = (__in1 / __in2) to have +1.7800590868057611e-307 to avoid NaN/inf floating-point exception in division!
Run time division_by_zero_vectorized_static_veclen_16_cpy iter 0: 21.698 ms
Run time division_by_zero_vectorized_static_veclen_16_cpy iter 1: 28.951 ms
Run time division_by_zero_vectorized_static_veclen_16_cpy iter 2: 28.397 ms
Run time division_by_zero_vectorized_static_veclen_16_cpy iter 3: 29.639 ms
Run time division_by_zero_vectorized_static_veclen_16_cpy iter 4: 31.829 ms
Run time division_by_zero_vectorized_static_veclen_16_cpy iter 5: 29.034 ms
Run time division_by_zero_vectorized_static_veclen_16_cpy iter 6: 29.392 ms
Run time division_by_zero_vectorized_static_veclen_16_cpy iter 7: 28.796 ms
Run time division_by_zero_vectorized_static_veclen_16_cpy iter 8: 28.102 ms
Run time division_by_zero_vectorized_static_veclen_16_cpy iter 9: 26.899 ms
Run time division_by_zero_vectorized_static_veclen_16_cpy iter 10: 27.444 ms
Run time division_by_zero_vectorized_static_veclen_16_cpy iter 11: 29.979 ms
Run time division_by_zero_vectorized_static_veclen_16_cpy iter 12: 30.273 ms
Run time division_by_zero_vectorized_static_veclen_16_cpy iter 13: 25.087 ms
Run time division_by_zero_vectorized_static_veclen_16_cpy iter 14: 24.599 ms
Run time division_by_zero_vectorized_static_veclen_16_cpy iter 15: 27.835 ms
Run time division_by_zero_vectorized_static_veclen_16_cpy iter 16: 25.039 ms
Run time division_by_zero_vectorized_static_veclen_16_cpy iter 17: 26.900 ms
Run time division_by_zero_vectorized_static_veclen_16_cpy iter 18: 24.789 ms
Run time division_by_zero_vectorized_static_veclen_16_cpy iter 19: 28.295 ms
[can_be_applied] to if_197 is True
[can_be_applied] to if_197 is True
Changing __out = (__in1 / __in2) to have +1.7800590868057611e-307 to avoid NaN/inf floating-point exception in division!
Run time division_by_zero_vectorized_static_veclen_32_no_cpy iter 0: 31.773 ms
Run time division_by_zero_vectorized_static_veclen_32_no_cpy iter 1: 29.774 ms
Run time division_by_zero_vectorized_static_veclen_32_no_cpy iter 2: 32.427 ms
Run time division_by_zero_vectorized_static_veclen_32_no_cpy iter 3: 29.921 ms
Run time division_by_zero_vectorized_static_veclen_32_no_cpy iter 4: 25.104 ms
Run time division_by_zero_vectorized_static_veclen_32_no_cpy iter 5: 26.942 ms
Run time division_by_zero_vectorized_static_veclen_32_no_cpy iter 6: 30.233 ms
Run time division_by_zero_vectorized_static_veclen_32_no_cpy iter 7: 29.097 ms
Run time division_by_zero_vectorized_static_veclen_32_no_cpy iter 8: 28.521 ms
Run time division_by_zero_vectorized_static_veclen_32_no_cpy iter 9: 30.582 ms
Run time division_by_zero_vectorized_static_veclen_32_no_cpy iter 10: 29.267 ms
Run time division_by_zero_vectorized_static_veclen_32_no_cpy iter 11: 31.101 ms
Run time division_by_zero_vectorized_static_veclen_32_no_cpy iter 12: 29.048 ms
Run time division_by_zero_vectorized_static_veclen_32_no_cpy iter 13: 27.391 ms
Run time division_by_zero_vectorized_static_veclen_32_no_cpy iter 14: 37.538 ms
Run time division_by_zero_vectorized_static_veclen_32_no_cpy iter 15: 28.146 ms
Run time division_by_zero_vectorized_static_veclen_32_no_cpy iter 16: 5.347 ms
Run time division_by_zero_vectorized_static_veclen_32_no_cpy iter 17: 30.693 ms
Run time division_by_zero_vectorized_static_veclen_32_no_cpy iter 18: 21.779 ms
Run time division_by_zero_vectorized_static_veclen_32_no_cpy iter 19: 39.596 ms
[can_be_applied] to if_197 is True
[can_be_applied] to if_197 is True
Changing __out = (__in1 / __in2) to have +1.7800590868057611e-307 to avoid NaN/inf floating-point exception in division!
Run time division_by_zero_vectorized_static_veclen_32_cpy iter 0: 18.779 ms
Run time division_by_zero_vectorized_static_veclen_32_cpy iter 1: 22.302 ms
Run time division_by_zero_vectorized_static_veclen_32_cpy iter 2: 31.258 ms
Run time division_by_zero_vectorized_static_veclen_32_cpy iter 3: 33.862 ms
Run time division_by_zero_vectorized_static_veclen_32_cpy iter 4: 29.823 ms
Run time division_by_zero_vectorized_static_veclen_32_cpy iter 5: 33.340 ms
Run time division_by_zero_vectorized_static_veclen_32_cpy iter 6: 26.330 ms
Run time division_by_zero_vectorized_static_veclen_32_cpy iter 7: 30.269 ms
Run time division_by_zero_vectorized_static_veclen_32_cpy iter 8: 33.479 ms
Run time division_by_zero_vectorized_static_veclen_32_cpy iter 9: 35.111 ms
Run time division_by_zero_vectorized_static_veclen_32_cpy iter 10: 27.736 ms
Run time division_by_zero_vectorized_static_veclen_32_cpy iter 11: 29.388 ms
Run time division_by_zero_vectorized_static_veclen_32_cpy iter 12: 29.440 ms
Run time division_by_zero_vectorized_static_veclen_32_cpy iter 13: 29.647 ms
Run time division_by_zero_vectorized_static_veclen_32_cpy iter 14: 21.184 ms
Run time division_by_zero_vectorized_static_veclen_32_cpy iter 15: 32.815 ms
Run time division_by_zero_vectorized_static_veclen_32_cpy iter 16: 29.695 ms
Run time division_by_zero_vectorized_static_veclen_32_cpy iter 17: 31.100 ms
Run time division_by_zero_vectorized_static_veclen_32_cpy iter 18: 31.971 ms
Run time division_by_zero_vectorized_static_veclen_32_cpy iter 19: 29.340 ms
[can_be_applied] to if_197 is True
[can_be_applied] to if_197 is True
Changing __out = (__in1 / __in2) to have +1.7800590868057611e-307 to avoid NaN/inf floating-point exception in division!
Run time division_by_zero_vectorized_static_veclen_64_no_cpy iter 0: 25.708 ms
Run time division_by_zero_vectorized_static_veclen_64_no_cpy iter 1: 31.897 ms
Run time division_by_zero_vectorized_static_veclen_64_no_cpy iter 2: 29.581 ms
Run time division_by_zero_vectorized_static_veclen_64_no_cpy iter 3: 29.751 ms
Run time division_by_zero_vectorized_static_veclen_64_no_cpy iter 4: 28.693 ms
Run time division_by_zero_vectorized_static_veclen_64_no_cpy iter 5: 28.434 ms
Run time division_by_zero_vectorized_static_veclen_64_no_cpy iter 6: 30.431 ms
Run time division_by_zero_vectorized_static_veclen_64_no_cpy iter 7: 28.425 ms
Run time division_by_zero_vectorized_static_veclen_64_no_cpy iter 8: 28.866 ms
Run time division_by_zero_vectorized_static_veclen_64_no_cpy iter 9: 27.998 ms
Run time division_by_zero_vectorized_static_veclen_64_no_cpy iter 10: 28.899 ms
Run time division_by_zero_vectorized_static_veclen_64_no_cpy iter 11: 28.545 ms
Run time division_by_zero_vectorized_static_veclen_64_no_cpy iter 12: 29.115 ms
Run time division_by_zero_vectorized_static_veclen_64_no_cpy iter 13: 29.577 ms
Run time division_by_zero_vectorized_static_veclen_64_no_cpy iter 14: 32.074 ms
Run time division_by_zero_vectorized_static_veclen_64_no_cpy iter 15: 27.926 ms
Run time division_by_zero_vectorized_static_veclen_64_no_cpy iter 16: 32.975 ms
Run time division_by_zero_vectorized_static_veclen_64_no_cpy iter 17: 28.791 ms
Run time division_by_zero_vectorized_static_veclen_64_no_cpy iter 18: 34.766 ms
Run time division_by_zero_vectorized_static_veclen_64_no_cpy iter 19: 36.462 ms
[can_be_applied] to if_197 is True
[can_be_applied] to if_197 is True
Changing __out = (__in1 / __in2) to have +1.7800590868057611e-307 to avoid NaN/inf floating-point exception in division!
Run time division_by_zero_vectorized_static_veclen_64_cpy iter 0: 16.629 ms
Run time division_by_zero_vectorized_static_veclen_64_cpy iter 1: 10.566 ms
Run time division_by_zero_vectorized_static_veclen_64_cpy iter 2: 10.277 ms
Run time division_by_zero_vectorized_static_veclen_64_cpy iter 3: 9.662 ms
Run time division_by_zero_vectorized_static_veclen_64_cpy iter 4: 9.323 ms
Run time division_by_zero_vectorized_static_veclen_64_cpy iter 5: 31.525 ms
Run time division_by_zero_vectorized_static_veclen_64_cpy iter 6: 28.690 ms
Run time division_by_zero_vectorized_static_veclen_64_cpy iter 7: 29.777 ms
Run time division_by_zero_vectorized_static_veclen_64_cpy iter 8: 33.453 ms
Run time division_by_zero_vectorized_static_veclen_64_cpy iter 9: 32.396 ms
Run time division_by_zero_vectorized_static_veclen_64_cpy iter 10: 32.800 ms
Run time division_by_zero_vectorized_static_veclen_64_cpy iter 11: 30.520 ms
Run time division_by_zero_vectorized_static_veclen_64_cpy iter 12: 33.240 ms
Run time division_by_zero_vectorized_static_veclen_64_cpy iter 13: 35.025 ms
Run time division_by_zero_vectorized_static_veclen_64_cpy iter 14: 28.123 ms
Run time division_by_zero_vectorized_static_veclen_64_cpy iter 15: 35.716 ms
Run time division_by_zero_vectorized_static_veclen_64_cpy iter 16: 32.871 ms
Run time division_by_zero_vectorized_static_veclen_64_cpy iter 17: 35.711 ms
Run time division_by_zero_vectorized_static_veclen_64_cpy iter 18: 31.770 ms
Run time division_by_zero_vectorized_static_veclen_64_cpy iter 19: 35.440 ms
Run time division_by_zero iter 0: 40.946 ms
Run time division_by_zero iter 1: 42.669 ms
Run time division_by_zero iter 2: 40.551 ms
Run time division_by_zero iter 3: 44.114 ms
Run time division_by_zero iter 4: 40.794 ms
Run time division_by_zero iter 5: 46.127 ms
Run time division_by_zero iter 6: 45.797 ms
Run time division_by_zero iter 7: 43.140 ms
Run time division_by_zero iter 8: 43.916 ms
Run time division_by_zero iter 9: 49.419 ms
Run time division_by_zero iter 10: 25.791 ms
Run time division_by_zero iter 11: 24.654 ms
Run time division_by_zero iter 12: 31.705 ms
Run time division_by_zero iter 13: 42.921 ms
Run time division_by_zero iter 14: 41.875 ms
Run time division_by_zero iter 15: 39.291 ms
Run time division_by_zero iter 16: 33.648 ms
Run time division_by_zero iter 17: 33.112 ms
Run time division_by_zero iter 18: 33.585 ms
Run time division_by_zero iter 19: 35.874 ms
[can_be_applied] to if_197 is True
[can_be_applied] to if_197 is True
Changing __out = (__in1 / __in2) to have +1.7800590868057611e-307 to avoid NaN/inf floating-point exception in division!
Run time division_by_zero_vectorized_static_veclen_8_no_cpy iter 0: 54.159 ms
Run time division_by_zero_vectorized_static_veclen_8_no_cpy iter 1: 40.656 ms
Run time division_by_zero_vectorized_static_veclen_8_no_cpy iter 2: 44.651 ms
Run time division_by_zero_vectorized_static_veclen_8_no_cpy iter 3: 36.714 ms
Run time division_by_zero_vectorized_static_veclen_8_no_cpy iter 4: 39.147 ms
Run time division_by_zero_vectorized_static_veclen_8_no_cpy iter 5: 38.612 ms
Run time division_by_zero_vectorized_static_veclen_8_no_cpy iter 6: 35.598 ms
Run time division_by_zero_vectorized_static_veclen_8_no_cpy iter 7: 40.660 ms
Run time division_by_zero_vectorized_static_veclen_8_no_cpy iter 8: 38.868 ms
Run time division_by_zero_vectorized_static_veclen_8_no_cpy iter 9: 36.979 ms
Run time division_by_zero_vectorized_static_veclen_8_no_cpy iter 10: 41.351 ms
Run time division_by_zero_vectorized_static_veclen_8_no_cpy iter 11: 36.070 ms
Run time division_by_zero_vectorized_static_veclen_8_no_cpy iter 12: 30.734 ms
Run time division_by_zero_vectorized_static_veclen_8_no_cpy iter 13: 31.657 ms
Run time division_by_zero_vectorized_static_veclen_8_no_cpy iter 14: 32.486 ms
Run time division_by_zero_vectorized_static_veclen_8_no_cpy iter 15: 32.466 ms
Run time division_by_zero_vectorized_static_veclen_8_no_cpy iter 16: 34.068 ms
Run time division_by_zero_vectorized_static_veclen_8_no_cpy iter 17: 30.220 ms
Run time division_by_zero_vectorized_static_veclen_8_no_cpy iter 18: 35.490 ms
Run time division_by_zero_vectorized_static_veclen_8_no_cpy iter 19: 34.500 ms
[can_be_applied] to if_197 is True
[can_be_applied] to if_197 is True
Changing __out = (__in1 / __in2) to have +1.7800590868057611e-307 to avoid NaN/inf floating-point exception in division!
Run time division_by_zero_vectorized_static_veclen_8_cpy iter 0: 26.490 ms
Run time division_by_zero_vectorized_static_veclen_8_cpy iter 1: 36.654 ms
Run time division_by_zero_vectorized_static_veclen_8_cpy iter 2: 37.396 ms
Run time division_by_zero_vectorized_static_veclen_8_cpy iter 3: 39.878 ms
Run time division_by_zero_vectorized_static_veclen_8_cpy iter 4: 37.267 ms
Run time division_by_zero_vectorized_static_veclen_8_cpy iter 5: 39.128 ms
Run time division_by_zero_vectorized_static_veclen_8_cpy iter 6: 37.312 ms
Run time division_by_zero_vectorized_static_veclen_8_cpy iter 7: 36.685 ms
Run time division_by_zero_vectorized_static_veclen_8_cpy iter 8: 40.529 ms
Run time division_by_zero_vectorized_static_veclen_8_cpy iter 9: 37.246 ms
Run time division_by_zero_vectorized_static_veclen_8_cpy iter 10: 34.739 ms
Run time division_by_zero_vectorized_static_veclen_8_cpy iter 11: 38.080 ms
Run time division_by_zero_vectorized_static_veclen_8_cpy iter 12: 40.055 ms
Run time division_by_zero_vectorized_static_veclen_8_cpy iter 13: 33.649 ms
Run time division_by_zero_vectorized_static_veclen_8_cpy iter 14: 35.304 ms
Run time division_by_zero_vectorized_static_veclen_8_cpy iter 15: 33.353 ms
Run time division_by_zero_vectorized_static_veclen_8_cpy iter 16: 33.884 ms
Run time division_by_zero_vectorized_static_veclen_8_cpy iter 17: 30.500 ms
Run time division_by_zero_vectorized_static_veclen_8_cpy iter 18: 34.191 ms
Run time division_by_zero_vectorized_static_veclen_8_cpy iter 19: 36.091 ms
[can_be_applied] to if_197 is True
[can_be_applied] to if_197 is True
Changing __out = (__in1 / __in2) to have +1.7800590868057611e-307 to avoid NaN/inf floating-point exception in division!
Run time division_by_zero_vectorized_static_veclen_16_no_cpy iter 0: 36.274 ms
Run time division_by_zero_vectorized_static_veclen_16_no_cpy iter 1: 48.334 ms
Run time division_by_zero_vectorized_static_veclen_16_no_cpy iter 2: 46.817 ms
Run time division_by_zero_vectorized_static_veclen_16_no_cpy iter 3: 44.813 ms
Run time division_by_zero_vectorized_static_veclen_16_no_cpy iter 4: 49.386 ms
Run time division_by_zero_vectorized_static_veclen_16_no_cpy iter 5: 45.623 ms
Run time division_by_zero_vectorized_static_veclen_16_no_cpy iter 6: 42.467 ms
Run time division_by_zero_vectorized_static_veclen_16_no_cpy iter 7: 39.349 ms
Run time division_by_zero_vectorized_static_veclen_16_no_cpy iter 8: 27.021 ms
Run time division_by_zero_vectorized_static_veclen_16_no_cpy iter 9: 41.845 ms
Run time division_by_zero_vectorized_static_veclen_16_no_cpy iter 10: 40.037 ms
Run time division_by_zero_vectorized_static_veclen_16_no_cpy iter 11: 39.620 ms
Run time division_by_zero_vectorized_static_veclen_16_no_cpy iter 12: 41.007 ms
Run time division_by_zero_vectorized_static_veclen_16_no_cpy iter 13: 38.211 ms
Run time division_by_zero_vectorized_static_veclen_16_no_cpy iter 14: 40.363 ms
Run time division_by_zero_vectorized_static_veclen_16_no_cpy iter 15: 37.403 ms
Run time division_by_zero_vectorized_static_veclen_16_no_cpy iter 16: 35.541 ms
Run time division_by_zero_vectorized_static_veclen_16_no_cpy iter 17: 37.183 ms
Run time division_by_zero_vectorized_static_veclen_16_no_cpy iter 18: 25.530 ms
Run time division_by_zero_vectorized_static_veclen_16_no_cpy iter 19: 35.176 ms
[can_be_applied] to if_197 is True
[can_be_applied] to if_197 is True
Changing __out = (__in1 / __in2) to have +1.7800590868057611e-307 to avoid NaN/inf floating-point exception in division!
Run time division_by_zero_vectorized_static_veclen_16_cpy iter 0: 38.389 ms
Run time division_by_zero_vectorized_static_veclen_16_cpy iter 1: 82.127 ms
Run time division_by_zero_vectorized_static_veclen_16_cpy iter 2: 46.560 ms
Run time division_by_zero_vectorized_static_veclen_16_cpy iter 3: 49.233 ms
Run time division_by_zero_vectorized_static_veclen_16_cpy iter 4: 53.755 ms
Run time division_by_zero_vectorized_static_veclen_16_cpy iter 5: 40.454 ms
Run time division_by_zero_vectorized_static_veclen_16_cpy iter 6: 47.718 ms
Run time division_by_zero_vectorized_static_veclen_16_cpy iter 7: 48.510 ms
Run time division_by_zero_vectorized_static_veclen_16_cpy iter 8: 47.215 ms
Run time division_by_zero_vectorized_static_veclen_16_cpy iter 9: 49.512 ms
Run time division_by_zero_vectorized_static_veclen_16_cpy iter 10: 47.265 ms
Run time division_by_zero_vectorized_static_veclen_16_cpy iter 11: 41.971 ms
Run time division_by_zero_vectorized_static_veclen_16_cpy iter 12: 34.779 ms
Run time division_by_zero_vectorized_static_veclen_16_cpy iter 13: 21.057 ms
Run time division_by_zero_vectorized_static_veclen_16_cpy iter 14: 30.910 ms
Run time division_by_zero_vectorized_static_veclen_16_cpy iter 15: 27.687 ms
Run time division_by_zero_vectorized_static_veclen_16_cpy iter 16: 38.982 ms
Run time division_by_zero_vectorized_static_veclen_16_cpy iter 17: 34.207 ms
Run time division_by_zero_vectorized_static_veclen_16_cpy iter 18: 17.093 ms
Run time division_by_zero_vectorized_static_veclen_16_cpy iter 19: 11.823 ms
[can_be_applied] to if_197 is True
[can_be_applied] to if_197 is True
Changing __out = (__in1 / __in2) to have +1.7800590868057611e-307 to avoid NaN/inf floating-point exception in division!
Run time division_by_zero_vectorized_static_veclen_32_no_cpy iter 0: 43.287 ms
Run time division_by_zero_vectorized_static_veclen_32_no_cpy iter 1: 51.475 ms
Run time division_by_zero_vectorized_static_veclen_32_no_cpy iter 2: 46.693 ms
Run time division_by_zero_vectorized_static_veclen_32_no_cpy iter 3: 50.597 ms
Run time division_by_zero_vectorized_static_veclen_32_no_cpy iter 4: 50.330 ms
Run time division_by_zero_vectorized_static_veclen_32_no_cpy iter 5: 48.377 ms
Run time division_by_zero_vectorized_static_veclen_32_no_cpy iter 6: 47.302 ms
Run time division_by_zero_vectorized_static_veclen_32_no_cpy iter 7: 50.188 ms
Run time division_by_zero_vectorized_static_veclen_32_no_cpy iter 8: 34.812 ms
Run time division_by_zero_vectorized_static_veclen_32_no_cpy iter 9: 22.102 ms
Run time division_by_zero_vectorized_static_veclen_32_no_cpy iter 10: 52.014 ms
Run time division_by_zero_vectorized_static_veclen_32_no_cpy iter 11: 11.721 ms
Run time division_by_zero_vectorized_static_veclen_32_no_cpy iter 12: 20.752 ms
Run time division_by_zero_vectorized_static_veclen_32_no_cpy iter 13: 37.694 ms
Run time division_by_zero_vectorized_static_veclen_32_no_cpy iter 14: 42.111 ms
Run time division_by_zero_vectorized_static_veclen_32_no_cpy iter 15: 45.000 ms
Run time division_by_zero_vectorized_static_veclen_32_no_cpy iter 16: 43.416 ms
Run time division_by_zero_vectorized_static_veclen_32_no_cpy iter 17: 45.879 ms
Run time division_by_zero_vectorized_static_veclen_32_no_cpy iter 18: 48.790 ms
Run time division_by_zero_vectorized_static_veclen_32_no_cpy iter 19: 33.783 ms
[can_be_applied] to if_197 is True
[can_be_applied] to if_197 is True
Changing __out = (__in1 / __in2) to have +1.7800590868057611e-307 to avoid NaN/inf floating-point exception in division!
Run time division_by_zero_vectorized_static_veclen_32_cpy iter 0: 20.682 ms
Run time division_by_zero_vectorized_static_veclen_32_cpy iter 1: 26.746 ms
Run time division_by_zero_vectorized_static_veclen_32_cpy iter 2: 21.926 ms
Run time division_by_zero_vectorized_static_veclen_32_cpy iter 3: 57.655 ms
Run time division_by_zero_vectorized_static_veclen_32_cpy iter 4: 34.539 ms
Run time division_by_zero_vectorized_static_veclen_32_cpy iter 5: 26.136 ms
Run time division_by_zero_vectorized_static_veclen_32_cpy iter 6: 50.677 ms
Run time division_by_zero_vectorized_static_veclen_32_cpy iter 7: 44.983 ms
Run time division_by_zero_vectorized_static_veclen_32_cpy iter 8: 50.395 ms
Run time division_by_zero_vectorized_static_veclen_32_cpy iter 9: 46.261 ms
Run time division_by_zero_vectorized_static_veclen_32_cpy iter 10: 41.622 ms
Run time division_by_zero_vectorized_static_veclen_32_cpy iter 11: 42.335 ms
Run time division_by_zero_vectorized_static_veclen_32_cpy iter 12: 53.210 ms
Run time division_by_zero_vectorized_static_veclen_32_cpy iter 13: 47.267 ms
Run time division_by_zero_vectorized_static_veclen_32_cpy iter 14: 24.796 ms
Run time division_by_zero_vectorized_static_veclen_32_cpy iter 15: 51.592 ms
Run time division_by_zero_vectorized_static_veclen_32_cpy iter 16: 54.206 ms
Run time division_by_zero_vectorized_static_veclen_32_cpy iter 17: 45.313 ms
Run time division_by_zero_vectorized_static_veclen_32_cpy iter 18: 47.812 ms
Run time division_by_zero_vectorized_static_veclen_32_cpy iter 19: 48.168 ms
[can_be_applied] to if_197 is True
[can_be_applied] to if_197 is True
Changing __out = (__in1 / __in2) to have +1.7800590868057611e-307 to avoid NaN/inf floating-point exception in division!
Run time division_by_zero_vectorized_static_veclen_64_no_cpy iter 0: 86.831 ms
Run time division_by_zero_vectorized_static_veclen_64_no_cpy iter 1: 40.719 ms
Run time division_by_zero_vectorized_static_veclen_64_no_cpy iter 2: 64.164 ms
Run time division_by_zero_vectorized_static_veclen_64_no_cpy iter 3: 54.757 ms
Run time division_by_zero_vectorized_static_veclen_64_no_cpy iter 4: 53.525 ms
Run time division_by_zero_vectorized_static_veclen_64_no_cpy iter 5: 51.244 ms
Run time division_by_zero_vectorized_static_veclen_64_no_cpy iter 6: 41.162 ms
Run time division_by_zero_vectorized_static_veclen_64_no_cpy iter 7: 52.272 ms
Run time division_by_zero_vectorized_static_veclen_64_no_cpy iter 8: 52.585 ms
Run time division_by_zero_vectorized_static_veclen_64_no_cpy iter 9: 106.539 ms
Run time division_by_zero_vectorized_static_veclen_64_no_cpy iter 10: 102.940 ms
Run time division_by_zero_vectorized_static_veclen_64_no_cpy iter 11: 53.929 ms
Run time division_by_zero_vectorized_static_veclen_64_no_cpy iter 12: 84.271 ms
Run time division_by_zero_vectorized_static_veclen_64_no_cpy iter 13: 48.169 ms
Run time division_by_zero_vectorized_static_veclen_64_no_cpy iter 14: 53.376 ms
Run time division_by_zero_vectorized_static_veclen_64_no_cpy iter 15: 50.184 ms
Run time division_by_zero_vectorized_static_veclen_64_no_cpy iter 16: 52.663 ms
Run time division_by_zero_vectorized_static_veclen_64_no_cpy iter 17: 54.296 ms
Run time division_by_zero_vectorized_static_veclen_64_no_cpy iter 18: 48.779 ms
Run time division_by_zero_vectorized_static_veclen_64_no_cpy iter 19: 44.192 ms
[can_be_applied] to if_197 is True
[can_be_applied] to if_197 is True
Changing __out = (__in1 / __in2) to have +1.7800590868057611e-307 to avoid NaN/inf floating-point exception in division!
Run time division_by_zero_vectorized_static_veclen_64_cpy iter 0: 46.350 ms
Run time division_by_zero_vectorized_static_veclen_64_cpy iter 1: 80.450 ms
Run time division_by_zero_vectorized_static_veclen_64_cpy iter 2: 50.427 ms
Run time division_by_zero_vectorized_static_veclen_64_cpy iter 3: 59.550 ms
Run time division_by_zero_vectorized_static_veclen_64_cpy iter 4: 46.963 ms
Run time division_by_zero_vectorized_static_veclen_64_cpy iter 5: 54.793 ms
Run time division_by_zero_vectorized_static_veclen_64_cpy iter 6: 53.556 ms
Run time division_by_zero_vectorized_static_veclen_64_cpy iter 7: 52.111 ms
Run time division_by_zero_vectorized_static_veclen_64_cpy iter 8: 55.732 ms
Run time division_by_zero_vectorized_static_veclen_64_cpy iter 9: 53.795 ms
Run time division_by_zero_vectorized_static_veclen_64_cpy iter 10: 53.089 ms
Run time division_by_zero_vectorized_static_veclen_64_cpy iter 11: 58.127 ms
Run time division_by_zero_vectorized_static_veclen_64_cpy iter 12: 47.272 ms
Run time division_by_zero_vectorized_static_veclen_64_cpy iter 13: 52.036 ms
Run time division_by_zero_vectorized_static_veclen_64_cpy iter 14: 53.622 ms
Run time division_by_zero_vectorized_static_veclen_64_cpy iter 15: 56.088 ms
Run time division_by_zero_vectorized_static_veclen_64_cpy iter 16: 40.433 ms
Run time division_by_zero_vectorized_static_veclen_64_cpy iter 17: 40.143 ms
Run time division_by_zero_vectorized_static_veclen_64_cpy iter 18: 40.106 ms
Run time division_by_zero_vectorized_static_veclen_64_cpy iter 19: 35.906 ms
Run time division_by_zero iter 0: 128.965 ms
Run time division_by_zero iter 1: 71.449 ms
Run time division_by_zero iter 2: 53.505 ms
Run time division_by_zero iter 3: 68.956 ms
Run time division_by_zero iter 4: 91.541 ms
Run time division_by_zero iter 5: 97.760 ms
Run time division_by_zero iter 6: 62.750 ms
Run time division_by_zero iter 7: 59.818 ms
Run time division_by_zero iter 8: 67.563 ms
Run time division_by_zero iter 9: 53.575 ms
Run time division_by_zero iter 10: 63.790 ms
Run time division_by_zero iter 11: 58.726 ms
Run time division_by_zero iter 12: 28.977 ms
Run time division_by_zero iter 13: 36.810 ms
Run time division_by_zero iter 14: 58.261 ms
Run time division_by_zero iter 15: 46.069 ms
Run time division_by_zero iter 16: 40.105 ms
Run time division_by_zero iter 17: 51.658 ms
Run time division_by_zero iter 18: 54.385 ms
Run time division_by_zero iter 19: 54.439 ms
[can_be_applied] to if_197 is True
[can_be_applied] to if_197 is True
Changing __out = (__in1 / __in2) to have +1.7800590868057611e-307 to avoid NaN/inf floating-point exception in division!
Run time division_by_zero_vectorized_static_veclen_8_no_cpy iter 0: 127.543 ms
Run time division_by_zero_vectorized_static_veclen_8_no_cpy iter 1: 104.437 ms
Run time division_by_zero_vectorized_static_veclen_8_no_cpy iter 2: 57.837 ms
Run time division_by_zero_vectorized_static_veclen_8_no_cpy iter 3: 70.977 ms
Run time division_by_zero_vectorized_static_veclen_8_no_cpy iter 4: 64.511 ms
Run time division_by_zero_vectorized_static_veclen_8_no_cpy iter 5: 81.042 ms
Run time division_by_zero_vectorized_static_veclen_8_no_cpy iter 6: 93.764 ms
Run time division_by_zero_vectorized_static_veclen_8_no_cpy iter 7: 83.275 ms
Run time division_by_zero_vectorized_static_veclen_8_no_cpy iter 8: 77.693 ms
Run time division_by_zero_vectorized_static_veclen_8_no_cpy iter 9: 65.681 ms
Run time division_by_zero_vectorized_static_veclen_8_no_cpy iter 10: 71.698 ms
Run time division_by_zero_vectorized_static_veclen_8_no_cpy iter 11: 69.635 ms
Run time division_by_zero_vectorized_static_veclen_8_no_cpy iter 12: 45.925 ms
Run time division_by_zero_vectorized_static_veclen_8_no_cpy iter 13: 46.766 ms
Run time division_by_zero_vectorized_static_veclen_8_no_cpy iter 14: 45.791 ms
Run time division_by_zero_vectorized_static_veclen_8_no_cpy iter 15: 45.849 ms
Run time division_by_zero_vectorized_static_veclen_8_no_cpy iter 16: 46.647 ms
Run time division_by_zero_vectorized_static_veclen_8_no_cpy iter 17: 42.078 ms
Run time division_by_zero_vectorized_static_veclen_8_no_cpy iter 18: 43.108 ms
Run time division_by_zero_vectorized_static_veclen_8_no_cpy iter 19: 41.528 ms
[can_be_applied] to if_197 is True
[can_be_applied] to if_197 is True
Changing __out = (__in1 / __in2) to have +1.7800590868057611e-307 to avoid NaN/inf floating-point exception in division!
Run time division_by_zero_vectorized_static_veclen_8_cpy iter 0: 145.239 ms
Run time division_by_zero_vectorized_static_veclen_8_cpy iter 1: 81.088 ms
Run time division_by_zero_vectorized_static_veclen_8_cpy iter 2: 62.194 ms
Run time division_by_zero_vectorized_static_veclen_8_cpy iter 3: 90.088 ms
Run time division_by_zero_vectorized_static_veclen_8_cpy iter 4: 131.207 ms
Run time division_by_zero_vectorized_static_veclen_8_cpy iter 5: 97.783 ms
Run time division_by_zero_vectorized_static_veclen_8_cpy iter 6: 77.119 ms
Run time division_by_zero_vectorized_static_veclen_8_cpy iter 7: 62.939 ms
Run time division_by_zero_vectorized_static_veclen_8_cpy iter 8: 68.838 ms
Run time division_by_zero_vectorized_static_veclen_8_cpy iter 9: 50.926 ms
Run time division_by_zero_vectorized_static_veclen_8_cpy iter 10: 51.224 ms
Run time division_by_zero_vectorized_static_veclen_8_cpy iter 11: 51.189 ms
Run time division_by_zero_vectorized_static_veclen_8_cpy iter 12: 49.814 ms
Run time division_by_zero_vectorized_static_veclen_8_cpy iter 13: 45.034 ms
Run time division_by_zero_vectorized_static_veclen_8_cpy iter 14: 43.339 ms
Run time division_by_zero_vectorized_static_veclen_8_cpy iter 15: 46.761 ms
Run time division_by_zero_vectorized_static_veclen_8_cpy iter 16: 42.996 ms
Run time division_by_zero_vectorized_static_veclen_8_cpy iter 17: 41.747 ms
Run time division_by_zero_vectorized_static_veclen_8_cpy iter 18: 49.092 ms
Run time division_by_zero_vectorized_static_veclen_8_cpy iter 19: 42.450 ms
[can_be_applied] to if_197 is True
[can_be_applied] to if_197 is True
Changing __out = (__in1 / __in2) to have +1.7800590868057611e-307 to avoid NaN/inf floating-point exception in division!
Run time division_by_zero_vectorized_static_veclen_16_no_cpy iter 0: 52.606 ms
Run time division_by_zero_vectorized_static_veclen_16_no_cpy iter 1: 55.660 ms
Run time division_by_zero_vectorized_static_veclen_16_no_cpy iter 2: 59.273 ms
Run time division_by_zero_vectorized_static_veclen_16_no_cpy iter 3: 55.495 ms
Run time division_by_zero_vectorized_static_veclen_16_no_cpy iter 4: 80.019 ms
Run time division_by_zero_vectorized_static_veclen_16_no_cpy iter 5: 93.208 ms
Run time division_by_zero_vectorized_static_veclen_16_no_cpy iter 6: 72.777 ms
Run time division_by_zero_vectorized_static_veclen_16_no_cpy iter 7: 68.584 ms
Run time division_by_zero_vectorized_static_veclen_16_no_cpy iter 8: 86.967 ms
Run time division_by_zero_vectorized_static_veclen_16_no_cpy iter 9: 164.802 ms
Run time division_by_zero_vectorized_static_veclen_16_no_cpy iter 10: 71.136 ms
Run time division_by_zero_vectorized_static_veclen_16_no_cpy iter 11: 67.330 ms
Run time division_by_zero_vectorized_static_veclen_16_no_cpy iter 12: 52.289 ms
Run time division_by_zero_vectorized_static_veclen_16_no_cpy iter 13: 64.603 ms
Run time division_by_zero_vectorized_static_veclen_16_no_cpy iter 14: 49.199 ms
Run time division_by_zero_vectorized_static_veclen_16_no_cpy iter 15: 61.199 ms
Run time division_by_zero_vectorized_static_veclen_16_no_cpy iter 16: 68.818 ms
Run time division_by_zero_vectorized_static_veclen_16_no_cpy iter 17: 67.099 ms
Run time division_by_zero_vectorized_static_veclen_16_no_cpy iter 18: 86.716 ms
Run time division_by_zero_vectorized_static_veclen_16_no_cpy iter 19: 54.278 ms
[can_be_applied] to if_197 is True
[can_be_applied] to if_197 is True
Changing __out = (__in1 / __in2) to have +1.7800590868057611e-307 to avoid NaN/inf floating-point exception in division!
Run time division_by_zero_vectorized_static_veclen_16_cpy iter 0: 99.531 ms
Run time division_by_zero_vectorized_static_veclen_16_cpy iter 1: 109.611 ms
Run time division_by_zero_vectorized_static_veclen_16_cpy iter 2: 71.360 ms
Run time division_by_zero_vectorized_static_veclen_16_cpy iter 3: 58.840 ms
Run time division_by_zero_vectorized_static_veclen_16_cpy iter 4: 54.027 ms
Run time division_by_zero_vectorized_static_veclen_16_cpy iter 5: 56.901 ms
Run time division_by_zero_vectorized_static_veclen_16_cpy iter 6: 59.146 ms
Run time division_by_zero_vectorized_static_veclen_16_cpy iter 7: 50.690 ms
Run time division_by_zero_vectorized_static_veclen_16_cpy iter 8: 46.386 ms
Run time division_by_zero_vectorized_static_veclen_16_cpy iter 9: 44.763 ms
Run time division_by_zero_vectorized_static_veclen_16_cpy iter 10: 46.465 ms
Run time division_by_zero_vectorized_static_veclen_16_cpy iter 11: 34.314 ms
Run time division_by_zero_vectorized_static_veclen_16_cpy iter 12: 39.861 ms
Run time division_by_zero_vectorized_static_veclen_16_cpy iter 13: 41.915 ms
Run time division_by_zero_vectorized_static_veclen_16_cpy iter 14: 39.275 ms
Run time division_by_zero_vectorized_static_veclen_16_cpy iter 15: 41.379 ms
Run time division_by_zero_vectorized_static_veclen_16_cpy iter 16: 40.688 ms
Run time division_by_zero_vectorized_static_veclen_16_cpy iter 17: 42.309 ms
Run time division_by_zero_vectorized_static_veclen_16_cpy iter 18: 38.472 ms
Run time division_by_zero_vectorized_static_veclen_16_cpy iter 19: 39.880 ms
[can_be_applied] to if_197 is True
[can_be_applied] to if_197 is True
Changing __out = (__in1 / __in2) to have +1.7800590868057611e-307 to avoid NaN/inf floating-point exception in division!
Run time division_by_zero_vectorized_static_veclen_32_no_cpy iter 0: 105.423 ms
Run time division_by_zero_vectorized_static_veclen_32_no_cpy iter 1: 55.480 ms
Run time division_by_zero_vectorized_static_veclen_32_no_cpy iter 2: 74.613 ms
Run time division_by_zero_vectorized_static_veclen_32_no_cpy iter 3: 48.553 ms
Run time division_by_zero_vectorized_static_veclen_32_no_cpy iter 4: 48.461 ms
Run time division_by_zero_vectorized_static_veclen_32_no_cpy iter 5: 68.191 ms
Run time division_by_zero_vectorized_static_veclen_32_no_cpy iter 6: 76.553 ms
Run time division_by_zero_vectorized_static_veclen_32_no_cpy iter 7: 116.597 ms
Run time division_by_zero_vectorized_static_veclen_32_no_cpy iter 8: 82.084 ms
Run time division_by_zero_vectorized_static_veclen_32_no_cpy iter 9: 67.595 ms
Run time division_by_zero_vectorized_static_veclen_32_no_cpy iter 10: 131.512 ms
Run time division_by_zero_vectorized_static_veclen_32_no_cpy iter 11: 68.822 ms
Run time division_by_zero_vectorized_static_veclen_32_no_cpy iter 12: 54.977 ms
Run time division_by_zero_vectorized_static_veclen_32_no_cpy iter 13: 56.253 ms
Run time division_by_zero_vectorized_static_veclen_32_no_cpy iter 14: 63.470 ms
Run time division_by_zero_vectorized_static_veclen_32_no_cpy iter 15: 58.587 ms
Run time division_by_zero_vectorized_static_veclen_32_no_cpy iter 16: 57.234 ms
Run time division_by_zero_vectorized_static_veclen_32_no_cpy iter 17: 69.544 ms
Run time division_by_zero_vectorized_static_veclen_32_no_cpy iter 18: 66.130 ms
Run time division_by_zero_vectorized_static_veclen_32_no_cpy iter 19: 60.107 ms
[can_be_applied] to if_197 is True
[can_be_applied] to if_197 is True
Changing __out = (__in1 / __in2) to have +1.7800590868057611e-307 to avoid NaN/inf floating-point exception in division!
Run time division_by_zero_vectorized_static_veclen_32_cpy iter 0: 54.698 ms
Run time division_by_zero_vectorized_static_veclen_32_cpy iter 1: 74.519 ms
Run time division_by_zero_vectorized_static_veclen_32_cpy iter 2: 73.333 ms
Run time division_by_zero_vectorized_static_veclen_32_cpy iter 3: 83.753 ms
Run time division_by_zero_vectorized_static_veclen_32_cpy iter 4: 66.808 ms
Run time division_by_zero_vectorized_static_veclen_32_cpy iter 5: 65.436 ms
Run time division_by_zero_vectorized_static_veclen_32_cpy iter 6: 72.148 ms
Run time division_by_zero_vectorized_static_veclen_32_cpy iter 7: 67.263 ms
Run time division_by_zero_vectorized_static_veclen_32_cpy iter 8: 75.300 ms
Run time division_by_zero_vectorized_static_veclen_32_cpy iter 9: 69.771 ms
Run time division_by_zero_vectorized_static_veclen_32_cpy iter 10: 68.566 ms
Run time division_by_zero_vectorized_static_veclen_32_cpy iter 11: 57.358 ms
Run time division_by_zero_vectorized_static_veclen_32_cpy iter 12: 60.664 ms
Run time division_by_zero_vectorized_static_veclen_32_cpy iter 13: 54.536 ms
Run time division_by_zero_vectorized_static_veclen_32_cpy iter 14: 69.367 ms
Run time division_by_zero_vectorized_static_veclen_32_cpy iter 15: 62.094 ms
Run time division_by_zero_vectorized_static_veclen_32_cpy iter 16: 65.928 ms
Run time division_by_zero_vectorized_static_veclen_32_cpy iter 17: 53.454 ms
Run time division_by_zero_vectorized_static_veclen_32_cpy iter 18: 55.805 ms
Run time division_by_zero_vectorized_static_veclen_32_cpy iter 19: 63.213 ms
[can_be_applied] to if_197 is True
[can_be_applied] to if_197 is True
Changing __out = (__in1 / __in2) to have +1.7800590868057611e-307 to avoid NaN/inf floating-point exception in division!
Run time division_by_zero_vectorized_static_veclen_64_no_cpy iter 0: 58.803 ms
Run time division_by_zero_vectorized_static_veclen_64_no_cpy iter 1: 52.164 ms
Run time division_by_zero_vectorized_static_veclen_64_no_cpy iter 2: 53.503 ms
Run time division_by_zero_vectorized_static_veclen_64_no_cpy iter 3: 53.780 ms
Run time division_by_zero_vectorized_static_veclen_64_no_cpy iter 4: 52.631 ms
Run time division_by_zero_vectorized_static_veclen_64_no_cpy iter 5: 56.890 ms
Run time division_by_zero_vectorized_static_veclen_64_no_cpy iter 6: 85.629 ms
Run time division_by_zero_vectorized_static_veclen_64_no_cpy iter 7: 74.745 ms
Run time division_by_zero_vectorized_static_veclen_64_no_cpy iter 8: 84.788 ms
Run time division_by_zero_vectorized_static_veclen_64_no_cpy iter 9: 94.720 ms
Run time division_by_zero_vectorized_static_veclen_64_no_cpy iter 10: 88.005 ms
Run time division_by_zero_vectorized_static_veclen_64_no_cpy iter 11: 88.400 ms
Run time division_by_zero_vectorized_static_veclen_64_no_cpy iter 12: 88.156 ms
Run time division_by_zero_vectorized_static_veclen_64_no_cpy iter 13: 90.010 ms
Run time division_by_zero_vectorized_static_veclen_64_no_cpy iter 14: 93.943 ms
Run time division_by_zero_vectorized_static_veclen_64_no_cpy iter 15: 72.883 ms
Run time division_by_zero_vectorized_static_veclen_64_no_cpy iter 16: 92.559 ms
Run time division_by_zero_vectorized_static_veclen_64_no_cpy iter 17: 88.242 ms
Run time division_by_zero_vectorized_static_veclen_64_no_cpy iter 18: 111.411 ms
Run time division_by_zero_vectorized_static_veclen_64_no_cpy iter 19: 89.881 ms
[can_be_applied] to if_197 is True
[can_be_applied] to if_197 is True
Changing __out = (__in1 / __in2) to have +1.7800590868057611e-307 to avoid NaN/inf floating-point exception in division!
Run time division_by_zero_vectorized_static_veclen_64_cpy iter 0: 49.809 ms
Run time division_by_zero_vectorized_static_veclen_64_cpy iter 1: 51.822 ms
Run time division_by_zero_vectorized_static_veclen_64_cpy iter 2: 42.337 ms
Run time division_by_zero_vectorized_static_veclen_64_cpy iter 3: 52.160 ms
Run time division_by_zero_vectorized_static_veclen_64_cpy iter 4: 50.195 ms
Run time division_by_zero_vectorized_static_veclen_64_cpy iter 5: 51.384 ms
Run time division_by_zero_vectorized_static_veclen_64_cpy iter 6: 52.746 ms
Run time division_by_zero_vectorized_static_veclen_64_cpy iter 7: 50.248 ms
Run time division_by_zero_vectorized_static_veclen_64_cpy iter 8: 52.908 ms
Run time division_by_zero_vectorized_static_veclen_64_cpy iter 9: 54.773 ms
Run time division_by_zero_vectorized_static_veclen_64_cpy iter 10: 55.407 ms
Run time division_by_zero_vectorized_static_veclen_64_cpy iter 11: 53.763 ms
Run time division_by_zero_vectorized_static_veclen_64_cpy iter 12: 62.949 ms
Run time division_by_zero_vectorized_static_veclen_64_cpy iter 13: 53.398 ms
Run time division_by_zero_vectorized_static_veclen_64_cpy iter 14: 101.667 ms
Run time division_by_zero_vectorized_static_veclen_64_cpy iter 15: 82.324 ms
Run time division_by_zero_vectorized_static_veclen_64_cpy iter 16: 86.002 ms
Run time division_by_zero_vectorized_static_veclen_64_cpy iter 17: 73.698 ms
Run time division_by_zero_vectorized_static_veclen_64_cpy iter 18: 104.630 ms
Run time division_by_zero_vectorized_static_veclen_64_cpy iter 19: 74.457 ms
Run time division_by_zero iter 0: 129.258 ms
Run time division_by_zero iter 1: 94.627 ms
Run time division_by_zero iter 2: 96.714 ms
Run time division_by_zero iter 3: 65.349 ms
Run time division_by_zero iter 4: 60.466 ms
Run time division_by_zero iter 5: 68.026 ms
Run time division_by_zero iter 6: 63.815 ms
Run time division_by_zero iter 7: 56.206 ms
Run time division_by_zero iter 8: 66.815 ms
Run time division_by_zero iter 9: 64.665 ms
Run time division_by_zero iter 10: 57.065 ms
Run time division_by_zero iter 11: 66.313 ms
Run time division_by_zero iter 12: 64.598 ms
Run time division_by_zero iter 13: 49.869 ms
Run time division_by_zero iter 14: 66.395 ms
Run time division_by_zero iter 15: 67.474 ms
Run time division_by_zero iter 16: 64.165 ms
Run time division_by_zero iter 17: 83.538 ms
Run time division_by_zero iter 18: 64.904 ms
Run time division_by_zero iter 19: 67.568 ms
[can_be_applied] to if_197 is True
[can_be_applied] to if_197 is True
Changing __out = (__in1 / __in2) to have +1.7800590868057611e-307 to avoid NaN/inf floating-point exception in division!
Run time division_by_zero_vectorized_static_veclen_8_no_cpy iter 0: 147.757 ms
Run time division_by_zero_vectorized_static_veclen_8_no_cpy iter 1: 158.839 ms
Run time division_by_zero_vectorized_static_veclen_8_no_cpy iter 2: 183.761 ms
Run time division_by_zero_vectorized_static_veclen_8_no_cpy iter 3: 169.605 ms
Run time division_by_zero_vectorized_static_veclen_8_no_cpy iter 4: 105.865 ms
Run time division_by_zero_vectorized_static_veclen_8_no_cpy iter 5: 100.302 ms
Run time division_by_zero_vectorized_static_veclen_8_no_cpy iter 6: 100.093 ms
Run time division_by_zero_vectorized_static_veclen_8_no_cpy iter 7: 100.826 ms
Run time division_by_zero_vectorized_static_veclen_8_no_cpy iter 8: 104.433 ms
Run time division_by_zero_vectorized_static_veclen_8_no_cpy iter 9: 106.953 ms
Run time division_by_zero_vectorized_static_veclen_8_no_cpy iter 10: 91.592 ms
Run time division_by_zero_vectorized_static_veclen_8_no_cpy iter 11: 102.472 ms
Run time division_by_zero_vectorized_static_veclen_8_no_cpy iter 12: 104.274 ms
Run time division_by_zero_vectorized_static_veclen_8_no_cpy iter 13: 87.785 ms
Run time division_by_zero_vectorized_static_veclen_8_no_cpy iter 14: 68.689 ms
Run time division_by_zero_vectorized_static_veclen_8_no_cpy iter 15: 66.046 ms
Run time division_by_zero_vectorized_static_veclen_8_no_cpy iter 16: 62.675 ms
Run time division_by_zero_vectorized_static_veclen_8_no_cpy iter 17: 79.148 ms
Run time division_by_zero_vectorized_static_veclen_8_no_cpy iter 18: 113.261 ms
Run time division_by_zero_vectorized_static_veclen_8_no_cpy iter 19: 115.224 ms
[can_be_applied] to if_197 is True
[can_be_applied] to if_197 is True
Changing __out = (__in1 / __in2) to have +1.7800590868057611e-307 to avoid NaN/inf floating-point exception in division!
Run time division_by_zero_vectorized_static_veclen_8_cpy iter 0: 134.435 ms
Run time division_by_zero_vectorized_static_veclen_8_cpy iter 1: 146.813 ms
Run time division_by_zero_vectorized_static_veclen_8_cpy iter 2: 242.976 ms
Run time division_by_zero_vectorized_static_veclen_8_cpy iter 3: 99.660 ms
Run time division_by_zero_vectorized_static_veclen_8_cpy iter 4: 91.385 ms
Run time division_by_zero_vectorized_static_veclen_8_cpy iter 5: 85.075 ms
Run time division_by_zero_vectorized_static_veclen_8_cpy iter 6: 89.471 ms
Run time division_by_zero_vectorized_static_veclen_8_cpy iter 7: 95.465 ms
Run time division_by_zero_vectorized_static_veclen_8_cpy iter 8: 97.161 ms
Run time division_by_zero_vectorized_static_veclen_8_cpy iter 9: 94.685 ms
Run time division_by_zero_vectorized_static_veclen_8_cpy iter 10: 84.061 ms
Run time division_by_zero_vectorized_static_veclen_8_cpy iter 11: 99.620 ms
Run time division_by_zero_vectorized_static_veclen_8_cpy iter 12: 79.920 ms
Run time division_by_zero_vectorized_static_veclen_8_cpy iter 13: 97.114 ms
Run time division_by_zero_vectorized_static_veclen_8_cpy iter 14: 78.608 ms
Run time division_by_zero_vectorized_static_veclen_8_cpy iter 15: 83.431 ms
Run time division_by_zero_vectorized_static_veclen_8_cpy iter 16: 96.344 ms
Run time division_by_zero_vectorized_static_veclen_8_cpy iter 17: 150.978 ms
Run time division_by_zero_vectorized_static_veclen_8_cpy iter 18: 116.352 ms
Run time division_by_zero_vectorized_static_veclen_8_cpy iter 19: 104.710 ms
[can_be_applied] to if_197 is True
[can_be_applied] to if_197 is True
Changing __out = (__in1 / __in2) to have +1.7800590868057611e-307 to avoid NaN/inf floating-point exception in division!
Run time division_by_zero_vectorized_static_veclen_16_no_cpy iter 0: 120.084 ms
Run time division_by_zero_vectorized_static_veclen_16_no_cpy iter 1: 99.725 ms
Run time division_by_zero_vectorized_static_veclen_16_no_cpy iter 2: 77.324 ms
Run time division_by_zero_vectorized_static_veclen_16_no_cpy iter 3: 88.987 ms
Run time division_by_zero_vectorized_static_veclen_16_no_cpy iter 4: 95.385 ms
Run time division_by_zero_vectorized_static_veclen_16_no_cpy iter 5: 95.497 ms
Run time division_by_zero_vectorized_static_veclen_16_no_cpy iter 6: 104.147 ms
Run time division_by_zero_vectorized_static_veclen_16_no_cpy iter 7: 120.386 ms
Run time division_by_zero_vectorized_static_veclen_16_no_cpy iter 8: 108.206 ms
Run time division_by_zero_vectorized_static_veclen_16_no_cpy iter 9: 111.609 ms
Run time division_by_zero_vectorized_static_veclen_16_no_cpy iter 10: 108.092 ms
Run time division_by_zero_vectorized_static_veclen_16_no_cpy iter 11: 111.019 ms
Run time division_by_zero_vectorized_static_veclen_16_no_cpy iter 12: 102.053 ms
Run time division_by_zero_vectorized_static_veclen_16_no_cpy iter 13: 126.469 ms
Run time division_by_zero_vectorized_static_veclen_16_no_cpy iter 14: 170.795 ms
Run time division_by_zero_vectorized_static_veclen_16_no_cpy iter 15: 186.555 ms
Run time division_by_zero_vectorized_static_veclen_16_no_cpy iter 16: 175.787 ms
Run time division_by_zero_vectorized_static_veclen_16_no_cpy iter 17: 176.831 ms
Run time division_by_zero_vectorized_static_veclen_16_no_cpy iter 18: 185.857 ms
Run time division_by_zero_vectorized_static_veclen_16_no_cpy iter 19: 180.022 ms
[can_be_applied] to if_197 is True
[can_be_applied] to if_197 is True
Changing __out = (__in1 / __in2) to have +1.7800590868057611e-307 to avoid NaN/inf floating-point exception in division!
Run time division_by_zero_vectorized_static_veclen_16_cpy iter 0: 57.972 ms
Run time division_by_zero_vectorized_static_veclen_16_cpy iter 1: 62.511 ms
Run time division_by_zero_vectorized_static_veclen_16_cpy iter 2: 63.959 ms
Run time division_by_zero_vectorized_static_veclen_16_cpy iter 3: 62.914 ms
Run time division_by_zero_vectorized_static_veclen_16_cpy iter 4: 64.309 ms
Run time division_by_zero_vectorized_static_veclen_16_cpy iter 5: 61.827 ms
Run time division_by_zero_vectorized_static_veclen_16_cpy iter 6: 62.558 ms
Run time division_by_zero_vectorized_static_veclen_16_cpy iter 7: 66.115 ms
Run time division_by_zero_vectorized_static_veclen_16_cpy iter 8: 59.865 ms
Run time division_by_zero_vectorized_static_veclen_16_cpy iter 9: 63.590 ms
Run time division_by_zero_vectorized_static_veclen_16_cpy iter 10: 67.796 ms
Run time division_by_zero_vectorized_static_veclen_16_cpy iter 11: 65.443 ms
Run time division_by_zero_vectorized_static_veclen_16_cpy iter 12: 98.091 ms
Run time division_by_zero_vectorized_static_veclen_16_cpy iter 13: 146.187 ms
Run time division_by_zero_vectorized_static_veclen_16_cpy iter 14: 89.977 ms
Run time division_by_zero_vectorized_static_veclen_16_cpy iter 15: 74.880 ms
Run time division_by_zero_vectorized_static_veclen_16_cpy iter 16: 105.260 ms
Run time division_by_zero_vectorized_static_veclen_16_cpy iter 17: 89.397 ms
Run time division_by_zero_vectorized_static_veclen_16_cpy iter 18: 110.286 ms
Run time division_by_zero_vectorized_static_veclen_16_cpy iter 19: 142.240 ms
[can_be_applied] to if_197 is True
[can_be_applied] to if_197 is True
Changing __out = (__in1 / __in2) to have +1.7800590868057611e-307 to avoid NaN/inf floating-point exception in division!
Run time division_by_zero_vectorized_static_veclen_32_no_cpy iter 0: 92.281 ms
Run time division_by_zero_vectorized_static_veclen_32_no_cpy iter 1: 97.825 ms
Run time division_by_zero_vectorized_static_veclen_32_no_cpy iter 2: 96.449 ms
Run time division_by_zero_vectorized_static_veclen_32_no_cpy iter 3: 94.509 ms
Run time division_by_zero_vectorized_static_veclen_32_no_cpy iter 4: 95.274 ms
Run time division_by_zero_vectorized_static_veclen_32_no_cpy iter 5: 97.443 ms
Run time division_by_zero_vectorized_static_veclen_32_no_cpy iter 6: 80.665 ms
Run time division_by_zero_vectorized_static_veclen_32_no_cpy iter 7: 84.427 ms
Run time division_by_zero_vectorized_static_veclen_32_no_cpy iter 8: 68.782 ms
Run time division_by_zero_vectorized_static_veclen_32_no_cpy iter 9: 71.843 ms
Run time division_by_zero_vectorized_static_veclen_32_no_cpy iter 10: 66.934 ms
Run time division_by_zero_vectorized_static_veclen_32_no_cpy iter 11: 86.183 ms
Run time division_by_zero_vectorized_static_veclen_32_no_cpy iter 12: 66.362 ms
Run time division_by_zero_vectorized_static_veclen_32_no_cpy iter 13: 66.193 ms
Run time division_by_zero_vectorized_static_veclen_32_no_cpy iter 14: 85.597 ms
Run time division_by_zero_vectorized_static_veclen_32_no_cpy iter 15: 68.718 ms
Run time division_by_zero_vectorized_static_veclen_32_no_cpy iter 16: 72.005 ms
Run time division_by_zero_vectorized_static_veclen_32_no_cpy iter 17: 66.610 ms
Run time division_by_zero_vectorized_static_veclen_32_no_cpy iter 18: 70.810 ms
Run time division_by_zero_vectorized_static_veclen_32_no_cpy iter 19: 70.724 ms
[can_be_applied] to if_197 is True
[can_be_applied] to if_197 is True
Changing __out = (__in1 / __in2) to have +1.7800590868057611e-307 to avoid NaN/inf floating-point exception in division!
Run time division_by_zero_vectorized_static_veclen_32_cpy iter 0: 77.637 ms
Run time division_by_zero_vectorized_static_veclen_32_cpy iter 1: 64.788 ms
Run time division_by_zero_vectorized_static_veclen_32_cpy iter 2: 65.291 ms
Run time division_by_zero_vectorized_static_veclen_32_cpy iter 3: 59.869 ms
Run time division_by_zero_vectorized_static_veclen_32_cpy iter 4: 63.499 ms
Run time division_by_zero_vectorized_static_veclen_32_cpy iter 5: 62.214 ms
Run time division_by_zero_vectorized_static_veclen_32_cpy iter 6: 62.592 ms
Run time division_by_zero_vectorized_static_veclen_32_cpy iter 7: 65.136 ms
Run time division_by_zero_vectorized_static_veclen_32_cpy iter 8: 58.152 ms
Run time division_by_zero_vectorized_static_veclen_32_cpy iter 9: 59.210 ms
Run time division_by_zero_vectorized_static_veclen_32_cpy iter 10: 71.575 ms
Run time division_by_zero_vectorized_static_veclen_32_cpy iter 11: 66.555 ms
Run time division_by_zero_vectorized_static_veclen_32_cpy iter 12: 65.951 ms
Run time division_by_zero_vectorized_static_veclen_32_cpy iter 13: 74.096 ms
Run time division_by_zero_vectorized_static_veclen_32_cpy iter 14: 66.845 ms
Run time division_by_zero_vectorized_static_veclen_32_cpy iter 15: 66.870 ms
Run time division_by_zero_vectorized_static_veclen_32_cpy iter 16: 77.482 ms
Run time division_by_zero_vectorized_static_veclen_32_cpy iter 17: 66.390 ms
Run time division_by_zero_vectorized_static_veclen_32_cpy iter 18: 69.127 ms
Run time division_by_zero_vectorized_static_veclen_32_cpy iter 19: 67.954 ms
[can_be_applied] to if_197 is True
[can_be_applied] to if_197 is True
Changing __out = (__in1 / __in2) to have +1.7800590868057611e-307 to avoid NaN/inf floating-point exception in division!
Run time division_by_zero_vectorized_static_veclen_64_no_cpy iter 0: 143.512 ms
Run time division_by_zero_vectorized_static_veclen_64_no_cpy iter 1: 149.324 ms
Run time division_by_zero_vectorized_static_veclen_64_no_cpy iter 2: 136.718 ms
Run time division_by_zero_vectorized_static_veclen_64_no_cpy iter 3: 141.934 ms
Run time division_by_zero_vectorized_static_veclen_64_no_cpy iter 4: 146.811 ms
Run time division_by_zero_vectorized_static_veclen_64_no_cpy iter 5: 143.216 ms
Run time division_by_zero_vectorized_static_veclen_64_no_cpy iter 6: 160.175 ms
Run time division_by_zero_vectorized_static_veclen_64_no_cpy iter 7: 188.621 ms
Run time division_by_zero_vectorized_static_veclen_64_no_cpy iter 8: 173.425 ms
Run time division_by_zero_vectorized_static_veclen_64_no_cpy iter 9: 130.753 ms
Run time division_by_zero_vectorized_static_veclen_64_no_cpy iter 10: 171.041 ms
Run time division_by_zero_vectorized_static_veclen_64_no_cpy iter 11: 182.907 ms
Run time division_by_zero_vectorized_static_veclen_64_no_cpy iter 12: 194.341 ms
Run time division_by_zero_vectorized_static_veclen_64_no_cpy iter 13: 227.918 ms
Run time division_by_zero_vectorized_static_veclen_64_no_cpy iter 14: 204.325 ms
Run time division_by_zero_vectorized_static_veclen_64_no_cpy iter 15: 205.686 ms
Run time division_by_zero_vectorized_static_veclen_64_no_cpy iter 16: 264.864 ms
Run time division_by_zero_vectorized_static_veclen_64_no_cpy iter 17: 180.363 ms
Run time division_by_zero_vectorized_static_veclen_64_no_cpy iter 18: 179.132 ms
Run time division_by_zero_vectorized_static_veclen_64_no_cpy iter 19: 258.617 ms
[can_be_applied] to if_197 is True
[can_be_applied] to if_197 is True
Changing __out = (__in1 / __in2) to have +1.7800590868057611e-307 to avoid NaN/inf floating-point exception in division!
Run time division_by_zero_vectorized_static_veclen_64_cpy iter 0: 157.072 ms
Run time division_by_zero_vectorized_static_veclen_64_cpy iter 1: 142.303 ms
Run time division_by_zero_vectorized_static_veclen_64_cpy iter 2: 156.360 ms
Run time division_by_zero_vectorized_static_veclen_64_cpy iter 3: 142.971 ms
Run time division_by_zero_vectorized_static_veclen_64_cpy iter 4: 178.917 ms
Run time division_by_zero_vectorized_static_veclen_64_cpy iter 5: 117.288 ms
Run time division_by_zero_vectorized_static_veclen_64_cpy iter 6: 83.687 ms
Run time division_by_zero_vectorized_static_veclen_64_cpy iter 7: 84.952 ms
Run time division_by_zero_vectorized_static_veclen_64_cpy iter 8: 82.543 ms
Run time division_by_zero_vectorized_static_veclen_64_cpy iter 9: 82.694 ms
Run time division_by_zero_vectorized_static_veclen_64_cpy iter 10: 93.288 ms
Run time division_by_zero_vectorized_static_veclen_64_cpy iter 11: 80.319 ms
Run time division_by_zero_vectorized_static_veclen_64_cpy iter 12: 80.483 ms
Run time division_by_zero_vectorized_static_veclen_64_cpy iter 13: 95.394 ms
Run time division_by_zero_vectorized_static_veclen_64_cpy iter 14: 123.609 ms
Run time division_by_zero_vectorized_static_veclen_64_cpy iter 15: 125.346 ms
Run time division_by_zero_vectorized_static_veclen_64_cpy iter 16: 90.199 ms
Run time division_by_zero_vectorized_static_veclen_64_cpy iter 17: 95.130 ms
Run time division_by_zero_vectorized_static_veclen_64_cpy iter 18: 216.999 ms
Run time division_by_zero_vectorized_static_veclen_64_cpy iter 19: 245.998 ms
Run time division_by_zero iter 0: 213.314 ms
Run time division_by_zero iter 1: 320.289 ms
Run time division_by_zero iter 2: 187.337 ms
Run time division_by_zero iter 3: 194.976 ms
Run time division_by_zero iter 4: 198.489 ms
Run time division_by_zero iter 5: 173.313 ms
Run time division_by_zero iter 6: 184.491 ms
Run time division_by_zero iter 7: 170.708 ms
Run time division_by_zero iter 8: 179.981 ms
Run time division_by_zero iter 9: 175.085 ms
Run time division_by_zero iter 10: 184.829 ms
Run time division_by_zero iter 11: 183.665 ms
Run time division_by_zero iter 12: 284.278 ms
Run time division_by_zero iter 13: 359.012 ms
Run time division_by_zero iter 14: 213.622 ms
Run time division_by_zero iter 15: 212.319 ms
Run time division_by_zero iter 16: 278.490 ms
Run time division_by_zero iter 17: 213.418 ms
Run time division_by_zero iter 18: 179.548 ms
Run time division_by_zero iter 19: 157.598 ms
[can_be_applied] to if_197 is True
[can_be_applied] to if_197 is True
Changing __out = (__in1 / __in2) to have +1.7800590868057611e-307 to avoid NaN/inf floating-point exception in division!
Run time division_by_zero_vectorized_static_veclen_8_no_cpy iter 0: 271.366 ms
Run time division_by_zero_vectorized_static_veclen_8_no_cpy iter 1: 292.983 ms
Run time division_by_zero_vectorized_static_veclen_8_no_cpy iter 2: 292.622 ms
Run time division_by_zero_vectorized_static_veclen_8_no_cpy iter 3: 178.057 ms
Run time division_by_zero_vectorized_static_veclen_8_no_cpy iter 4: 182.861 ms
Run time division_by_zero_vectorized_static_veclen_8_no_cpy iter 5: 176.754 ms
Run time division_by_zero_vectorized_static_veclen_8_no_cpy iter 6: 190.056 ms
Run time division_by_zero_vectorized_static_veclen_8_no_cpy iter 7: 178.545 ms
Run time division_by_zero_vectorized_static_veclen_8_no_cpy iter 8: 185.754 ms
Run time division_by_zero_vectorized_static_veclen_8_no_cpy iter 9: 180.178 ms
Run time division_by_zero_vectorized_static_veclen_8_no_cpy iter 10: 184.858 ms
Run time division_by_zero_vectorized_static_veclen_8_no_cpy iter 11: 183.006 ms
Run time division_by_zero_vectorized_static_veclen_8_no_cpy iter 12: 180.502 ms
Run time division_by_zero_vectorized_static_veclen_8_no_cpy iter 13: 386.632 ms
Run time division_by_zero_vectorized_static_veclen_8_no_cpy iter 14: 281.484 ms
Run time division_by_zero_vectorized_static_veclen_8_no_cpy iter 15: 352.357 ms
Run time division_by_zero_vectorized_static_veclen_8_no_cpy iter 16: 279.978 ms
Run time division_by_zero_vectorized_static_veclen_8_no_cpy iter 17: 334.445 ms
Run time division_by_zero_vectorized_static_veclen_8_no_cpy iter 18: 391.224 ms
Run time division_by_zero_vectorized_static_veclen_8_no_cpy iter 19: 341.476 ms
[can_be_applied] to if_197 is True
[can_be_applied] to if_197 is True
Changing __out = (__in1 / __in2) to have +1.7800590868057611e-307 to avoid NaN/inf floating-point exception in division!
Run time division_by_zero_vectorized_static_veclen_8_cpy iter 0: 177.712 ms
Run time division_by_zero_vectorized_static_veclen_8_cpy iter 1: 333.571 ms
Run time division_by_zero_vectorized_static_veclen_8_cpy iter 2: 397.340 ms
Run time division_by_zero_vectorized_static_veclen_8_cpy iter 3: 282.575 ms
Run time division_by_zero_vectorized_static_veclen_8_cpy iter 4: 193.396 ms
Run time division_by_zero_vectorized_static_veclen_8_cpy iter 5: 166.980 ms
Run time division_by_zero_vectorized_static_veclen_8_cpy iter 6: 170.839 ms
Run time division_by_zero_vectorized_static_veclen_8_cpy iter 7: 168.932 ms
Run time division_by_zero_vectorized_static_veclen_8_cpy iter 8: 179.905 ms
Run time division_by_zero_vectorized_static_veclen_8_cpy iter 9: 177.321 ms
Run time division_by_zero_vectorized_static_veclen_8_cpy iter 10: 177.927 ms
Run time division_by_zero_vectorized_static_veclen_8_cpy iter 11: 196.098 ms
Run time division_by_zero_vectorized_static_veclen_8_cpy iter 12: 158.163 ms
Run time division_by_zero_vectorized_static_veclen_8_cpy iter 13: 175.427 ms
Run time division_by_zero_vectorized_static_veclen_8_cpy iter 14: 182.943 ms
Run time division_by_zero_vectorized_static_veclen_8_cpy iter 15: 297.931 ms
Run time division_by_zero_vectorized_static_veclen_8_cpy iter 16: 213.247 ms
Run time division_by_zero_vectorized_static_veclen_8_cpy iter 17: 337.958 ms
Run time division_by_zero_vectorized_static_veclen_8_cpy iter 18: 397.759 ms
Run time division_by_zero_vectorized_static_veclen_8_cpy iter 19: 323.616 ms
[can_be_applied] to if_197 is True
[can_be_applied] to if_197 is True
Changing __out = (__in1 / __in2) to have +1.7800590868057611e-307 to avoid NaN/inf floating-point exception in division!
Run time division_by_zero_vectorized_static_veclen_16_no_cpy iter 0: 303.948 ms
Run time division_by_zero_vectorized_static_veclen_16_no_cpy iter 1: 309.815 ms
Run time division_by_zero_vectorized_static_veclen_16_no_cpy iter 2: 211.398 ms
Run time division_by_zero_vectorized_static_veclen_16_no_cpy iter 3: 147.961 ms
Run time division_by_zero_vectorized_static_veclen_16_no_cpy iter 4: 148.303 ms
Run time division_by_zero_vectorized_static_veclen_16_no_cpy iter 5: 153.193 ms
Run time division_by_zero_vectorized_static_veclen_16_no_cpy iter 6: 154.633 ms
Run time division_by_zero_vectorized_static_veclen_16_no_cpy iter 7: 143.162 ms
Run time division_by_zero_vectorized_static_veclen_16_no_cpy iter 8: 151.103 ms
Run time division_by_zero_vectorized_static_veclen_16_no_cpy iter 9: 147.683 ms
Run time division_by_zero_vectorized_static_veclen_16_no_cpy iter 10: 203.609 ms
Run time division_by_zero_vectorized_static_veclen_16_no_cpy iter 11: 203.146 ms
Run time division_by_zero_vectorized_static_veclen_16_no_cpy iter 12: 299.748 ms
Run time division_by_zero_vectorized_static_veclen_16_no_cpy iter 13: 345.429 ms
Run time division_by_zero_vectorized_static_veclen_16_no_cpy iter 14: 412.440 ms
Run time division_by_zero_vectorized_static_veclen_16_no_cpy iter 15: 319.465 ms
Run time division_by_zero_vectorized_static_veclen_16_no_cpy iter 16: 328.269 ms
Run time division_by_zero_vectorized_static_veclen_16_no_cpy iter 17: 362.307 ms
Run time division_by_zero_vectorized_static_veclen_16_no_cpy iter 18: 422.202 ms
Run time division_by_zero_vectorized_static_veclen_16_no_cpy iter 19: 315.480 ms
[can_be_applied] to if_197 is True
[can_be_applied] to if_197 is True
Changing __out = (__in1 / __in2) to have +1.7800590868057611e-307 to avoid NaN/inf floating-point exception in division!
Run time division_by_zero_vectorized_static_veclen_16_cpy iter 0: 268.225 ms
Run time division_by_zero_vectorized_static_veclen_16_cpy iter 1: 363.855 ms
Run time division_by_zero_vectorized_static_veclen_16_cpy iter 2: 297.059 ms
Run time division_by_zero_vectorized_static_veclen_16_cpy iter 3: 167.452 ms
Run time division_by_zero_vectorized_static_veclen_16_cpy iter 4: 169.247 ms
Run time division_by_zero_vectorized_static_veclen_16_cpy iter 5: 176.083 ms
Run time division_by_zero_vectorized_static_veclen_16_cpy iter 6: 175.701 ms
Run time division_by_zero_vectorized_static_veclen_16_cpy iter 7: 174.130 ms
Run time division_by_zero_vectorized_static_veclen_16_cpy iter 8: 180.340 ms
Run time division_by_zero_vectorized_static_veclen_16_cpy iter 9: 183.401 ms
Run time division_by_zero_vectorized_static_veclen_16_cpy iter 10: 180.801 ms
Run time division_by_zero_vectorized_static_veclen_16_cpy iter 11: 183.056 ms
Run time division_by_zero_vectorized_static_veclen_16_cpy iter 12: 202.917 ms
Run time division_by_zero_vectorized_static_veclen_16_cpy iter 13: 340.230 ms
Run time division_by_zero_vectorized_static_veclen_16_cpy iter 14: 314.817 ms
Run time division_by_zero_vectorized_static_veclen_16_cpy iter 15: 211.319 ms
Run time division_by_zero_vectorized_static_veclen_16_cpy iter 16: 161.661 ms
Run time division_by_zero_vectorized_static_veclen_16_cpy iter 17: 136.570 ms
Run time division_by_zero_vectorized_static_veclen_16_cpy iter 18: 131.336 ms
Run time division_by_zero_vectorized_static_veclen_16_cpy iter 19: 151.398 ms
[can_be_applied] to if_197 is True
[can_be_applied] to if_197 is True
Changing __out = (__in1 / __in2) to have +1.7800590868057611e-307 to avoid NaN/inf floating-point exception in division!
Run time division_by_zero_vectorized_static_veclen_32_no_cpy iter 0: 353.784 ms
Run time division_by_zero_vectorized_static_veclen_32_no_cpy iter 1: 252.488 ms
Run time division_by_zero_vectorized_static_veclen_32_no_cpy iter 2: 314.354 ms
Run time division_by_zero_vectorized_static_veclen_32_no_cpy iter 3: 200.756 ms
Run time division_by_zero_vectorized_static_veclen_32_no_cpy iter 4: 154.469 ms
Run time division_by_zero_vectorized_static_veclen_32_no_cpy iter 5: 176.009 ms
Run time division_by_zero_vectorized_static_veclen_32_no_cpy iter 6: 171.385 ms
Run time division_by_zero_vectorized_static_veclen_32_no_cpy iter 7: 179.704 ms
Run time division_by_zero_vectorized_static_veclen_32_no_cpy iter 8: 167.895 ms
Run time division_by_zero_vectorized_static_veclen_32_no_cpy iter 9: 177.317 ms
Run time division_by_zero_vectorized_static_veclen_32_no_cpy iter 10: 172.794 ms
Run time division_by_zero_vectorized_static_veclen_32_no_cpy iter 11: 173.924 ms
Run time division_by_zero_vectorized_static_veclen_32_no_cpy iter 12: 175.891 ms
Run time division_by_zero_vectorized_static_veclen_32_no_cpy iter 13: 291.933 ms
Run time division_by_zero_vectorized_static_veclen_32_no_cpy iter 14: 295.790 ms
Run time division_by_zero_vectorized_static_veclen_32_no_cpy iter 15: 377.427 ms
Run time division_by_zero_vectorized_static_veclen_32_no_cpy iter 16: 327.779 ms
Run time division_by_zero_vectorized_static_veclen_32_no_cpy iter 17: 303.384 ms
Run time division_by_zero_vectorized_static_veclen_32_no_cpy iter 18: 361.818 ms
Run time division_by_zero_vectorized_static_veclen_32_no_cpy iter 19: 296.398 ms
[can_be_applied] to if_197 is True
[can_be_applied] to if_197 is True
Changing __out = (__in1 / __in2) to have +1.7800590868057611e-307 to avoid NaN/inf floating-point exception in division!
Run time division_by_zero_vectorized_static_veclen_32_cpy iter 0: 194.895 ms
Run time division_by_zero_vectorized_static_veclen_32_cpy iter 1: 179.242 ms
Run time division_by_zero_vectorized_static_veclen_32_cpy iter 2: 135.210 ms
Run time division_by_zero_vectorized_static_veclen_32_cpy iter 3: 164.714 ms
Run time division_by_zero_vectorized_static_veclen_32_cpy iter 4: 162.520 ms
Run time division_by_zero_vectorized_static_veclen_32_cpy iter 5: 170.948 ms
Run time division_by_zero_vectorized_static_veclen_32_cpy iter 6: 178.200 ms
Run time division_by_zero_vectorized_static_veclen_32_cpy iter 7: 161.348 ms
Run time division_by_zero_vectorized_static_veclen_32_cpy iter 8: 224.474 ms
Run time division_by_zero_vectorized_static_veclen_32_cpy iter 9: 197.731 ms
Run time division_by_zero_vectorized_static_veclen_32_cpy iter 10: 272.083 ms
Run time division_by_zero_vectorized_static_veclen_32_cpy iter 11: 185.167 ms
Run time division_by_zero_vectorized_static_veclen_32_cpy iter 12: 373.090 ms
Run time division_by_zero_vectorized_static_veclen_32_cpy iter 13: 336.800 ms
Run time division_by_zero_vectorized_static_veclen_32_cpy iter 14: 253.828 ms
Run time division_by_zero_vectorized_static_veclen_32_cpy iter 15: 337.748 ms
Run time division_by_zero_vectorized_static_veclen_32_cpy iter 16: 363.174 ms
Run time division_by_zero_vectorized_static_veclen_32_cpy iter 17: 300.097 ms
Run time division_by_zero_vectorized_static_veclen_32_cpy iter 18: 195.280 ms
Run time division_by_zero_vectorized_static_veclen_32_cpy iter 19: 407.337 ms
[can_be_applied] to if_197 is True
[can_be_applied] to if_197 is True
Changing __out = (__in1 / __in2) to have +1.7800590868057611e-307 to avoid NaN/inf floating-point exception in division!
Run time division_by_zero_vectorized_static_veclen_64_no_cpy iter 0: 398.791 ms
Run time division_by_zero_vectorized_static_veclen_64_no_cpy iter 1: 229.991 ms
Run time division_by_zero_vectorized_static_veclen_64_no_cpy iter 2: 206.831 ms
Run time division_by_zero_vectorized_static_veclen_64_no_cpy iter 3: 200.985 ms
Run time division_by_zero_vectorized_static_veclen_64_no_cpy iter 4: 209.944 ms
Run time division_by_zero_vectorized_static_veclen_64_no_cpy iter 5: 196.427 ms
Run time division_by_zero_vectorized_static_veclen_64_no_cpy iter 6: 194.780 ms
Run time division_by_zero_vectorized_static_veclen_64_no_cpy iter 7: 182.646 ms
Run time division_by_zero_vectorized_static_veclen_64_no_cpy iter 8: 177.146 ms
Run time division_by_zero_vectorized_static_veclen_64_no_cpy iter 9: 143.541 ms
Run time division_by_zero_vectorized_static_veclen_64_no_cpy iter 10: 190.144 ms
Run time division_by_zero_vectorized_static_veclen_64_no_cpy iter 11: 192.167 ms
Run time division_by_zero_vectorized_static_veclen_64_no_cpy iter 12: 175.111 ms
Run time division_by_zero_vectorized_static_veclen_64_no_cpy iter 13: 349.097 ms
Run time division_by_zero_vectorized_static_veclen_64_no_cpy iter 14: 283.498 ms
Run time division_by_zero_vectorized_static_veclen_64_no_cpy iter 15: 416.203 ms
Run time division_by_zero_vectorized_static_veclen_64_no_cpy iter 16: 427.910 ms
Run time division_by_zero_vectorized_static_veclen_64_no_cpy iter 17: 308.464 ms
Run time division_by_zero_vectorized_static_veclen_64_no_cpy iter 18: 292.795 ms
Run time division_by_zero_vectorized_static_veclen_64_no_cpy iter 19: 283.805 ms
[can_be_applied] to if_197 is True
[can_be_applied] to if_197 is True
Changing __out = (__in1 / __in2) to have +1.7800590868057611e-307 to avoid NaN/inf floating-point exception in division!
Run time division_by_zero_vectorized_static_veclen_64_cpy iter 0: 382.641 ms
Run time division_by_zero_vectorized_static_veclen_64_cpy iter 1: 456.771 ms
Run time division_by_zero_vectorized_static_veclen_64_cpy iter 2: 378.091 ms
Run time division_by_zero_vectorized_static_veclen_64_cpy iter 3: 287.660 ms
Run time division_by_zero_vectorized_static_veclen_64_cpy iter 4: 289.037 ms
Run time division_by_zero_vectorized_static_veclen_64_cpy iter 5: 285.062 ms
Run time division_by_zero_vectorized_static_veclen_64_cpy iter 6: 271.043 ms
Run time division_by_zero_vectorized_static_veclen_64_cpy iter 7: 316.721 ms
Run time division_by_zero_vectorized_static_veclen_64_cpy iter 8: 434.329 ms
Run time division_by_zero_vectorized_static_veclen_64_cpy iter 9: 444.812 ms
Run time division_by_zero_vectorized_static_veclen_64_cpy iter 10: 361.333 ms
Run time division_by_zero_vectorized_static_veclen_64_cpy iter 11: 352.120 ms
Run time division_by_zero_vectorized_static_veclen_64_cpy iter 12: 209.339 ms
Run time division_by_zero_vectorized_static_veclen_64_cpy iter 13: 218.367 ms
Run time division_by_zero_vectorized_static_veclen_64_cpy iter 14: 200.265 ms
Run time division_by_zero_vectorized_static_veclen_64_cpy iter 15: 266.754 ms
Run time division_by_zero_vectorized_static_veclen_64_cpy iter 16: 261.587 ms
Run time division_by_zero_vectorized_static_veclen_64_cpy iter 17: 373.724 ms
Run time division_by_zero_vectorized_static_veclen_64_cpy iter 18: 451.422 ms
Run time division_by_zero_vectorized_static_veclen_64_cpy iter 19: 395.434 ms
Run time division_by_zero iter 0: 253.503 ms
Run time division_by_zero iter 1: 270.546 ms
Run time division_by_zero iter 2: 196.423 ms
Run time division_by_zero iter 3: 202.988 ms
Run time division_by_zero iter 4: 184.111 ms
Run time division_by_zero iter 5: 205.392 ms
Run time division_by_zero iter 6: 204.675 ms
Run time division_by_zero iter 7: 313.472 ms
Run time division_by_zero iter 8: 327.807 ms
Run time division_by_zero iter 9: 292.361 ms
Run time division_by_zero iter 10: 347.118 ms
Run time division_by_zero iter 11: 424.162 ms
Run time division_by_zero iter 12: 267.605 ms
Run time division_by_zero iter 13: 318.204 ms
Run time division_by_zero iter 14: 293.071 ms
Run time division_by_zero iter 15: 347.196 ms
Run time division_by_zero iter 16: 289.023 ms
Run time division_by_zero iter 17: 276.309 ms
Run time division_by_zero iter 18: 276.792 ms
Run time division_by_zero iter 19: 291.649 ms
[can_be_applied] to if_197 is True
[can_be_applied] to if_197 is True
Changing __out = (__in1 / __in2) to have +1.7800590868057611e-307 to avoid NaN/inf floating-point exception in division!
Run time division_by_zero_vectorized_static_veclen_8_no_cpy iter 0: 307.364 ms
Run time division_by_zero_vectorized_static_veclen_8_no_cpy iter 1: 190.204 ms
Run time division_by_zero_vectorized_static_veclen_8_no_cpy iter 2: 180.712 ms
Run time division_by_zero_vectorized_static_veclen_8_no_cpy iter 3: 183.746 ms
Run time division_by_zero_vectorized_static_veclen_8_no_cpy iter 4: 180.904 ms
Run time division_by_zero_vectorized_static_veclen_8_no_cpy iter 5: 185.958 ms
Run time division_by_zero_vectorized_static_veclen_8_no_cpy iter 6: 182.372 ms
Run time division_by_zero_vectorized_static_veclen_8_no_cpy iter 7: 301.065 ms
Run time division_by_zero_vectorized_static_veclen_8_no_cpy iter 8: 280.585 ms
Run time division_by_zero_vectorized_static_veclen_8_no_cpy iter 9: 288.702 ms
Run time division_by_zero_vectorized_static_veclen_8_no_cpy iter 10: 283.119 ms
Run time division_by_zero_vectorized_static_veclen_8_no_cpy iter 11: 230.224 ms
Run time division_by_zero_vectorized_static_veclen_8_no_cpy iter 12: 474.226 ms
Run time division_by_zero_vectorized_static_veclen_8_no_cpy iter 13: 493.699 ms
Run time division_by_zero_vectorized_static_veclen_8_no_cpy iter 14: 429.201 ms
Run time division_by_zero_vectorized_static_veclen_8_no_cpy iter 15: 292.218 ms
Run time division_by_zero_vectorized_static_veclen_8_no_cpy iter 16: 294.324 ms
Run time division_by_zero_vectorized_static_veclen_8_no_cpy iter 17: 290.091 ms
Run time division_by_zero_vectorized_static_veclen_8_no_cpy iter 18: 418.945 ms
Run time division_by_zero_vectorized_static_veclen_8_no_cpy iter 19: 358.167 ms
[can_be_applied] to if_197 is True
[can_be_applied] to if_197 is True
Changing __out = (__in1 / __in2) to have +1.7800590868057611e-307 to avoid NaN/inf floating-point exception in division!
Run time division_by_zero_vectorized_static_veclen_8_cpy iter 0: 255.597 ms
Run time division_by_zero_vectorized_static_veclen_8_cpy iter 1: 245.879 ms
Run time division_by_zero_vectorized_static_veclen_8_cpy iter 2: 210.121 ms
Run time division_by_zero_vectorized_static_veclen_8_cpy iter 3: 181.963 ms
Run time division_by_zero_vectorized_static_veclen_8_cpy iter 4: 194.297 ms
Run time division_by_zero_vectorized_static_veclen_8_cpy iter 5: 262.144 ms
Run time division_by_zero_vectorized_static_veclen_8_cpy iter 6: 340.541 ms
Run time division_by_zero_vectorized_static_veclen_8_cpy iter 7: 311.452 ms
Run time division_by_zero_vectorized_static_veclen_8_cpy iter 8: 299.114 ms
Run time division_by_zero_vectorized_static_veclen_8_cpy iter 9: 264.087 ms
Run time division_by_zero_vectorized_static_veclen_8_cpy iter 10: 262.596 ms
Run time division_by_zero_vectorized_static_veclen_8_cpy iter 11: 385.541 ms
Run time division_by_zero_vectorized_static_veclen_8_cpy iter 12: 284.049 ms
Run time division_by_zero_vectorized_static_veclen_8_cpy iter 13: 326.845 ms
Run time division_by_zero_vectorized_static_veclen_8_cpy iter 14: 292.853 ms
Run time division_by_zero_vectorized_static_veclen_8_cpy iter 15: 415.178 ms
Run time division_by_zero_vectorized_static_veclen_8_cpy iter 16: 292.132 ms
Run time division_by_zero_vectorized_static_veclen_8_cpy iter 17: 282.429 ms
Run time division_by_zero_vectorized_static_veclen_8_cpy iter 18: 286.028 ms
Run time division_by_zero_vectorized_static_veclen_8_cpy iter 19: 500.054 ms
[can_be_applied] to if_197 is True
[can_be_applied] to if_197 is True
Changing __out = (__in1 / __in2) to have +1.7800590868057611e-307 to avoid NaN/inf floating-point exception in division!
Run time division_by_zero_vectorized_static_veclen_16_no_cpy iter 0: 259.345 ms
Run time division_by_zero_vectorized_static_veclen_16_no_cpy iter 1: 259.599 ms
Run time division_by_zero_vectorized_static_veclen_16_no_cpy iter 2: 252.272 ms
Run time division_by_zero_vectorized_static_veclen_16_no_cpy iter 3: 257.464 ms
Run time division_by_zero_vectorized_static_veclen_16_no_cpy iter 4: 324.624 ms
Run time division_by_zero_vectorized_static_veclen_16_no_cpy iter 5: 272.311 ms
Run time division_by_zero_vectorized_static_veclen_16_no_cpy iter 6: 350.421 ms
Run time division_by_zero_vectorized_static_veclen_16_no_cpy iter 7: 318.102 ms
Run time division_by_zero_vectorized_static_veclen_16_no_cpy iter 8: 336.122 ms
Run time division_by_zero_vectorized_static_veclen_16_no_cpy iter 9: 369.441 ms
Run time division_by_zero_vectorized_static_veclen_16_no_cpy iter 10: 368.555 ms
Run time division_by_zero_vectorized_static_veclen_16_no_cpy iter 11: 299.821 ms
Run time division_by_zero_vectorized_static_veclen_16_no_cpy iter 12: 424.047 ms
Run time division_by_zero_vectorized_static_veclen_16_no_cpy iter 13: 380.206 ms
Run time division_by_zero_vectorized_static_veclen_16_no_cpy iter 14: 306.648 ms
Run time division_by_zero_vectorized_static_veclen_16_no_cpy iter 15: 322.315 ms
Run time division_by_zero_vectorized_static_veclen_16_no_cpy iter 16: 310.386 ms
Run time division_by_zero_vectorized_static_veclen_16_no_cpy iter 17: 322.777 ms
Run time division_by_zero_vectorized_static_veclen_16_no_cpy iter 18: 330.951 ms
Run time division_by_zero_vectorized_static_veclen_16_no_cpy iter 19: 339.664 ms
[can_be_applied] to if_197 is True
[can_be_applied] to if_197 is True
Changing __out = (__in1 / __in2) to have +1.7800590868057611e-307 to avoid NaN/inf floating-point exception in division!
Run time division_by_zero_vectorized_static_veclen_16_cpy iter 0: 172.278 ms
Run time division_by_zero_vectorized_static_veclen_16_cpy iter 1: 187.535 ms
Run time division_by_zero_vectorized_static_veclen_16_cpy iter 2: 185.102 ms
Run time division_by_zero_vectorized_static_veclen_16_cpy iter 3: 186.643 ms
Run time division_by_zero_vectorized_static_veclen_16_cpy iter 4: 186.947 ms
Run time division_by_zero_vectorized_static_veclen_16_cpy iter 5: 186.308 ms
Run time division_by_zero_vectorized_static_veclen_16_cpy iter 6: 263.291 ms
Run time division_by_zero_vectorized_static_veclen_16_cpy iter 7: 233.484 ms
Run time division_by_zero_vectorized_static_veclen_16_cpy iter 8: 271.416 ms
Run time division_by_zero_vectorized_static_veclen_16_cpy iter 9: 308.545 ms
Run time division_by_zero_vectorized_static_veclen_16_cpy iter 10: 295.817 ms
Run time division_by_zero_vectorized_static_veclen_16_cpy iter 11: 286.803 ms
Run time division_by_zero_vectorized_static_veclen_16_cpy iter 12: 282.820 ms
Run time division_by_zero_vectorized_static_veclen_16_cpy iter 13: 297.796 ms
Run time division_by_zero_vectorized_static_veclen_16_cpy iter 14: 328.209 ms
Run time division_by_zero_vectorized_static_veclen_16_cpy iter 15: 339.032 ms
Run time division_by_zero_vectorized_static_veclen_16_cpy iter 16: 296.563 ms
Run time division_by_zero_vectorized_static_veclen_16_cpy iter 17: 404.939 ms
Run time division_by_zero_vectorized_static_veclen_16_cpy iter 18: 289.385 ms
Run time division_by_zero_vectorized_static_veclen_16_cpy iter 19: 368.775 ms
[can_be_applied] to if_197 is True
[can_be_applied] to if_197 is True
Changing __out = (__in1 / __in2) to have +1.7800590868057611e-307 to avoid NaN/inf floating-point exception in division!
Run time division_by_zero_vectorized_static_veclen_32_no_cpy iter 0: 175.906 ms
Run time division_by_zero_vectorized_static_veclen_32_no_cpy iter 1: 159.608 ms
Run time division_by_zero_vectorized_static_veclen_32_no_cpy iter 2: 201.557 ms
Run time division_by_zero_vectorized_static_veclen_32_no_cpy iter 3: 269.812 ms
Run time division_by_zero_vectorized_static_veclen_32_no_cpy iter 4: 255.134 ms
Run time division_by_zero_vectorized_static_veclen_32_no_cpy iter 5: 204.259 ms
Run time division_by_zero_vectorized_static_veclen_32_no_cpy iter 6: 196.778 ms
Run time division_by_zero_vectorized_static_veclen_32_no_cpy iter 7: 195.113 ms
Run time division_by_zero_vectorized_static_veclen_32_no_cpy iter 8: 189.366 ms
Run time division_by_zero_vectorized_static_veclen_32_no_cpy iter 9: 200.742 ms
Run time division_by_zero_vectorized_static_veclen_32_no_cpy iter 10: 285.857 ms
Run time division_by_zero_vectorized_static_veclen_32_no_cpy iter 11: 288.062 ms
Run time division_by_zero_vectorized_static_veclen_32_no_cpy iter 12: 307.223 ms
Run time division_by_zero_vectorized_static_veclen_32_no_cpy iter 13: 364.486 ms
Run time division_by_zero_vectorized_static_veclen_32_no_cpy iter 14: 281.454 ms
Run time division_by_zero_vectorized_static_veclen_32_no_cpy iter 15: 357.613 ms
Run time division_by_zero_vectorized_static_veclen_32_no_cpy iter 16: 324.211 ms
Run time division_by_zero_vectorized_static_veclen_32_no_cpy iter 17: 410.173 ms
Run time division_by_zero_vectorized_static_veclen_32_no_cpy iter 18: 347.123 ms
Run time division_by_zero_vectorized_static_veclen_32_no_cpy iter 19: 356.811 ms
[can_be_applied] to if_197 is True
[can_be_applied] to if_197 is True
Changing __out = (__in1 / __in2) to have +1.7800590868057611e-307 to avoid NaN/inf floating-point exception in division!
Run time division_by_zero_vectorized_static_veclen_32_cpy iter 0: 288.454 ms
Run time division_by_zero_vectorized_static_veclen_32_cpy iter 1: 364.471 ms
Run time division_by_zero_vectorized_static_veclen_32_cpy iter 2: 224.660 ms
Run time division_by_zero_vectorized_static_veclen_32_cpy iter 3: 193.261 ms
Run time division_by_zero_vectorized_static_veclen_32_cpy iter 4: 181.151 ms
Run time division_by_zero_vectorized_static_veclen_32_cpy iter 5: 176.034 ms
Run time division_by_zero_vectorized_static_veclen_32_cpy iter 6: 216.487 ms
Run time division_by_zero_vectorized_static_veclen_32_cpy iter 7: 321.760 ms
Run time division_by_zero_vectorized_static_veclen_32_cpy iter 8: 216.416 ms
Run time division_by_zero_vectorized_static_veclen_32_cpy iter 9: 271.702 ms
Run time division_by_zero_vectorized_static_veclen_32_cpy iter 10: 421.247 ms
Run time division_by_zero_vectorized_static_veclen_32_cpy iter 11: 284.190 ms
Run time division_by_zero_vectorized_static_veclen_32_cpy iter 12: 288.773 ms
Run time division_by_zero_vectorized_static_veclen_32_cpy iter 13: 255.028 ms
Run time division_by_zero_vectorized_static_veclen_32_cpy iter 14: 435.975 ms
Run time division_by_zero_vectorized_static_veclen_32_cpy iter 15: 400.238 ms
Run time division_by_zero_vectorized_static_veclen_32_cpy iter 16: 492.388 ms
Run time division_by_zero_vectorized_static_veclen_32_cpy iter 17: 401.327 ms
Run time division_by_zero_vectorized_static_veclen_32_cpy iter 18: 282.619 ms
Run time division_by_zero_vectorized_static_veclen_32_cpy iter 19: 289.483 ms
[can_be_applied] to if_197 is True
[can_be_applied] to if_197 is True
Changing __out = (__in1 / __in2) to have +1.7800590868057611e-307 to avoid NaN/inf floating-point exception in division!
Run time division_by_zero_vectorized_static_veclen_64_no_cpy iter 0: 223.864 ms
Run time division_by_zero_vectorized_static_veclen_64_no_cpy iter 1: 231.796 ms
Run time division_by_zero_vectorized_static_veclen_64_no_cpy iter 2: 233.417 ms
Run time division_by_zero_vectorized_static_veclen_64_no_cpy iter 3: 230.867 ms
Run time division_by_zero_vectorized_static_veclen_64_no_cpy iter 4: 237.625 ms
Run time division_by_zero_vectorized_static_veclen_64_no_cpy iter 5: 280.432 ms
Run time division_by_zero_vectorized_static_veclen_64_no_cpy iter 6: 360.077 ms
Run time division_by_zero_vectorized_static_veclen_64_no_cpy iter 7: 418.807 ms
Run time division_by_zero_vectorized_static_veclen_64_no_cpy iter 8: 388.074 ms
Run time division_by_zero_vectorized_static_veclen_64_no_cpy iter 9: 370.223 ms
Run time division_by_zero_vectorized_static_veclen_64_no_cpy iter 10: 379.745 ms
Run time division_by_zero_vectorized_static_veclen_64_no_cpy iter 11: 374.631 ms
Run time division_by_zero_vectorized_static_veclen_64_no_cpy iter 12: 347.946 ms
Run time division_by_zero_vectorized_static_veclen_64_no_cpy iter 13: 382.890 ms
Run time division_by_zero_vectorized_static_veclen_64_no_cpy iter 14: 417.970 ms
Run time division_by_zero_vectorized_static_veclen_64_no_cpy iter 15: 422.861 ms
Run time division_by_zero_vectorized_static_veclen_64_no_cpy iter 16: 382.415 ms
Run time division_by_zero_vectorized_static_veclen_64_no_cpy iter 17: 359.705 ms
Run time division_by_zero_vectorized_static_veclen_64_no_cpy iter 18: 396.431 ms
Run time division_by_zero_vectorized_static_veclen_64_no_cpy iter 19: 306.135 ms
[can_be_applied] to if_197 is True
[can_be_applied] to if_197 is True
Changing __out = (__in1 / __in2) to have +1.7800590868057611e-307 to avoid NaN/inf floating-point exception in division!
Run time division_by_zero_vectorized_static_veclen_64_cpy iter 0: 311.772 ms
Run time division_by_zero_vectorized_static_veclen_64_cpy iter 1: 349.129 ms
Run time division_by_zero_vectorized_static_veclen_64_cpy iter 2: 225.227 ms
Run time division_by_zero_vectorized_static_veclen_64_cpy iter 3: 227.941 ms
Run time division_by_zero_vectorized_static_veclen_64_cpy iter 4: 240.538 ms
Run time division_by_zero_vectorized_static_veclen_64_cpy iter 5: 386.715 ms
Run time division_by_zero_vectorized_static_veclen_64_cpy iter 6: 259.602 ms
Run time division_by_zero_vectorized_static_veclen_64_cpy iter 7: 344.501 ms
Run time division_by_zero_vectorized_static_veclen_64_cpy iter 8: 333.706 ms
Run time division_by_zero_vectorized_static_veclen_64_cpy iter 9: 393.967 ms
Run time division_by_zero_vectorized_static_veclen_64_cpy iter 10: 384.939 ms
Run time division_by_zero_vectorized_static_veclen_64_cpy iter 11: 347.855 ms
Run time division_by_zero_vectorized_static_veclen_64_cpy iter 12: 371.566 ms
Run time division_by_zero_vectorized_static_veclen_64_cpy iter 13: 427.591 ms
Run time division_by_zero_vectorized_static_veclen_64_cpy iter 14: 380.876 ms
Run time division_by_zero_vectorized_static_veclen_64_cpy iter 15: 358.925 ms
Run time division_by_zero_vectorized_static_veclen_64_cpy iter 16: 354.661 ms
Run time division_by_zero_vectorized_static_veclen_64_cpy iter 17: 352.310 ms
Run time division_by_zero_vectorized_static_veclen_64_cpy iter 18: 357.829 ms
Run time division_by_zero_vectorized_static_veclen_64_cpy iter 19: 360.863 ms
Saved timing results to division_by_zero_timings.csv
