pyenv-virtualenv: version `dace-env' is already activated
/tmp/slurmd/job737003/slurm_script: line 24: spack: command not found
/tmp/slurmd/job737003/slurm_script: line 25: spack: command not found
Traceback (most recent call last):
  File "/users/schandra/dace/data_must_flow_artifacts/log_implementations/gcc/intel_xeon/benchmark_log_implementations.py", line 233, in <module>
    all_timings["log_implementations_std", S] = run_sdfg_multiple_times(
                                                ^^^^^^^^^^^^^^^^^^^^^^^^
  File "/users/schandra/dace/data_must_flow_artifacts/log_implementations/gcc/intel_xeon/benchmark_log_implementations.py", line 149, in run_sdfg_multiple_times
    compiled = sdfg.compile()
               ^^^^^^^^^^^^^^
  File "/users/schandra/dace/dace/sdfg/sdfg.py", line 2421, in compile
    program_objects = codegen.generate_code(sdfg, validate=validate)
                      ^^^^^^^^^^^^^^^^^^^^^^^^^^^^^^^^^^^^^^^^^^^^^^
  File "/users/schandra/dace/dace/codegen/codegen.py", line 264, in generate_code
    (global_code, frame_code, used_targets, used_environments) = frame.generate_code(sdfg, None)
                                                                 ^^^^^^^^^^^^^^^^^^^^^^^^^^^^^^^
  File "/users/schandra/dace/dace/codegen/targets/framecode.py", line 855, in generate_code
    self.determine_allocation_lifetime(sdfg)
  File "/users/schandra/dace/dace/codegen/targets/framecode.py", line 552, in determine_allocation_lifetime
    for state in cfg_analysis.blockorder_topological_sort(sdfg, ignore_nonstate_blocks=True):
                 ^^^^^^^^^^^^^^^^^^^^^^^^^^^^^^^^^^^^^^^^^^^^^^^^^^^^^^^^^^^^^^^^^^^^^^^^^^^
  File "/users/schandra/dace/dace/sdfg/analysis/cfg.py", line 548, in blockorder_topological_sort
    ptree = block_parent_tree(cfg, loopexits, idom=idom)
            ^^^^^^^^^^^^^^^^^^^^^^^^^^^^^^^^^^^^^^^^^^^^
  File "/users/schandra/dace/dace/sdfg/analysis/cfg.py", line 409, in block_parent_tree
    curdom = idom[block]
             ~~~~^^^^^^^
KeyError: SDFGState (MapState)
Traceback (most recent call last):
  File "/users/schandra/dace/data_must_flow_artifacts/log_implementations/gcc/intel_xeon/benchmark_log_implementations.py", line 233, in <module>
    all_timings["log_implementations_std", S] = run_sdfg_multiple_times(
                                                ^^^^^^^^^^^^^^^^^^^^^^^^
  File "/users/schandra/dace/data_must_flow_artifacts/log_implementations/gcc/intel_xeon/benchmark_log_implementations.py", line 149, in run_sdfg_multiple_times
    compiled = sdfg.compile()
               ^^^^^^^^^^^^^^
  File "/users/schandra/dace/dace/sdfg/sdfg.py", line 2421, in compile
    program_objects = codegen.generate_code(sdfg, validate=validate)
                      ^^^^^^^^^^^^^^^^^^^^^^^^^^^^^^^^^^^^^^^^^^^^^^
  File "/users/schandra/dace/dace/codegen/codegen.py", line 264, in generate_code
    (global_code, frame_code, used_targets, used_environments) = frame.generate_code(sdfg, None)
                                                                 ^^^^^^^^^^^^^^^^^^^^^^^^^^^^^^^
  File "/users/schandra/dace/dace/codegen/targets/framecode.py", line 855, in generate_code
    self.determine_allocation_lifetime(sdfg)
  File "/users/schandra/dace/dace/codegen/targets/framecode.py", line 552, in determine_allocation_lifetime
    for state in cfg_analysis.blockorder_topological_sort(sdfg, ignore_nonstate_blocks=True):
                 ^^^^^^^^^^^^^^^^^^^^^^^^^^^^^^^^^^^^^^^^^^^^^^^^^^^^^^^^^^^^^^^^^^^^^^^^^^^
  File "/users/schandra/dace/dace/sdfg/analysis/cfg.py", line 548, in blockorder_topological_sort
    ptree = block_parent_tree(cfg, loopexits, idom=idom)
            ^^^^^^^^^^^^^^^^^^^^^^^^^^^^^^^^^^^^^^^^^^^^
  File "/users/schandra/dace/dace/sdfg/analysis/cfg.py", line 409, in block_parent_tree
    curdom = idom[block]
             ~~~~^^^^^^^
KeyError: SDFGState (MapState)
