Physical cores: 128
Run time division_by_zero iter 0: 0.397 ms
Run time division_by_zero iter 1: 0.385 ms
Run time division_by_zero iter 2: 0.405 ms
Run time division_by_zero iter 3: 0.393 ms
Run time division_by_zero iter 4: 0.392 ms
Run time division_by_zero iter 5: 0.385 ms
Run time division_by_zero iter 6: 0.391 ms
Run time division_by_zero iter 7: 0.383 ms
Run time division_by_zero iter 8: 0.390 ms
Run time division_by_zero iter 9: 0.390 ms
Run time division_by_zero iter 10: 0.396 ms
Run time division_by_zero iter 11: 0.378 ms
Run time division_by_zero iter 12: 0.396 ms
Run time division_by_zero iter 13: 0.408 ms
Run time division_by_zero iter 14: 0.393 ms
Run time division_by_zero iter 15: 0.398 ms
Run time division_by_zero iter 16: 0.391 ms
Run time division_by_zero iter 17: 0.385 ms
Run time division_by_zero iter 18: 0.359 ms
Run time division_by_zero iter 19: 0.385 ms
[can_be_applied] to if_197 is True
[can_be_applied] to if_197 is True
Changing __out = (__in1 / __in2) to have +1.7800590868057611e-307 to avoid NaN/inf floating-point exception in division!
Run time division_by_zero_vectorized_static_veclen_8_no_cpy iter 0: 0.398 ms
Run time division_by_zero_vectorized_static_veclen_8_no_cpy iter 1: 0.411 ms
Run time division_by_zero_vectorized_static_veclen_8_no_cpy iter 2: 0.404 ms
Run time division_by_zero_vectorized_static_veclen_8_no_cpy iter 3: 0.417 ms
Run time division_by_zero_vectorized_static_veclen_8_no_cpy iter 4: 0.407 ms
Run time division_by_zero_vectorized_static_veclen_8_no_cpy iter 5: 0.402 ms
Run time division_by_zero_vectorized_static_veclen_8_no_cpy iter 6: 0.406 ms
Run time division_by_zero_vectorized_static_veclen_8_no_cpy iter 7: 0.402 ms
Run time division_by_zero_vectorized_static_veclen_8_no_cpy iter 8: 0.402 ms
Run time division_by_zero_vectorized_static_veclen_8_no_cpy iter 9: 0.412 ms
Run time division_by_zero_vectorized_static_veclen_8_no_cpy iter 10: 0.407 ms
Run time division_by_zero_vectorized_static_veclen_8_no_cpy iter 11: 0.404 ms
Run time division_by_zero_vectorized_static_veclen_8_no_cpy iter 12: 0.397 ms
Run time division_by_zero_vectorized_static_veclen_8_no_cpy iter 13: 0.405 ms
Run time division_by_zero_vectorized_static_veclen_8_no_cpy iter 14: 0.405 ms
Run time division_by_zero_vectorized_static_veclen_8_no_cpy iter 15: 0.411 ms
Run time division_by_zero_vectorized_static_veclen_8_no_cpy iter 16: 0.405 ms
Run time division_by_zero_vectorized_static_veclen_8_no_cpy iter 17: 0.397 ms
Run time division_by_zero_vectorized_static_veclen_8_no_cpy iter 18: 0.409 ms
Run time division_by_zero_vectorized_static_veclen_8_no_cpy iter 19: 0.408 ms
[can_be_applied] to if_197 is True
[can_be_applied] to if_197 is True
Changing __out = (__in1 / __in2) to have +1.7800590868057611e-307 to avoid NaN/inf floating-point exception in division!
Run time division_by_zero_vectorized_static_veclen_8_cpy iter 0: 0.364 ms
Run time division_by_zero_vectorized_static_veclen_8_cpy iter 1: 0.390 ms
Run time division_by_zero_vectorized_static_veclen_8_cpy iter 2: 0.379 ms
Run time division_by_zero_vectorized_static_veclen_8_cpy iter 3: 0.376 ms
Run time division_by_zero_vectorized_static_veclen_8_cpy iter 4: 0.365 ms
Run time division_by_zero_vectorized_static_veclen_8_cpy iter 5: 0.410 ms
Run time division_by_zero_vectorized_static_veclen_8_cpy iter 6: 0.358 ms
Run time division_by_zero_vectorized_static_veclen_8_cpy iter 7: 0.526 ms
Run time division_by_zero_vectorized_static_veclen_8_cpy iter 8: 0.369 ms
Run time division_by_zero_vectorized_static_veclen_8_cpy iter 9: 0.384 ms
Run time division_by_zero_vectorized_static_veclen_8_cpy iter 10: 0.410 ms
Run time division_by_zero_vectorized_static_veclen_8_cpy iter 11: 0.369 ms
Run time division_by_zero_vectorized_static_veclen_8_cpy iter 12: 0.362 ms
Run time division_by_zero_vectorized_static_veclen_8_cpy iter 13: 0.370 ms
Run time division_by_zero_vectorized_static_veclen_8_cpy iter 14: 0.359 ms
Run time division_by_zero_vectorized_static_veclen_8_cpy iter 15: 0.363 ms
Run time division_by_zero_vectorized_static_veclen_8_cpy iter 16: 0.499 ms
Run time division_by_zero_vectorized_static_veclen_8_cpy iter 17: 0.364 ms
Run time division_by_zero_vectorized_static_veclen_8_cpy iter 18: 0.383 ms
Run time division_by_zero_vectorized_static_veclen_8_cpy iter 19: 0.368 ms
[can_be_applied] to if_197 is True
[can_be_applied] to if_197 is True
Changing __out = (__in1 / __in2) to have +1.7800590868057611e-307 to avoid NaN/inf floating-point exception in division!
Run time division_by_zero_vectorized_static_veclen_16_no_cpy iter 0: 0.545 ms
Run time division_by_zero_vectorized_static_veclen_16_no_cpy iter 1: 0.570 ms
Run time division_by_zero_vectorized_static_veclen_16_no_cpy iter 2: 0.568 ms
Run time division_by_zero_vectorized_static_veclen_16_no_cpy iter 3: 0.585 ms
Run time division_by_zero_vectorized_static_veclen_16_no_cpy iter 4: 0.568 ms
Run time division_by_zero_vectorized_static_veclen_16_no_cpy iter 5: 0.556 ms
Run time division_by_zero_vectorized_static_veclen_16_no_cpy iter 6: 0.595 ms
Run time division_by_zero_vectorized_static_veclen_16_no_cpy iter 7: 0.594 ms
Run time division_by_zero_vectorized_static_veclen_16_no_cpy iter 8: 0.616 ms
Run time division_by_zero_vectorized_static_veclen_16_no_cpy iter 9: 0.682 ms
Run time division_by_zero_vectorized_static_veclen_16_no_cpy iter 10: 0.599 ms
Run time division_by_zero_vectorized_static_veclen_16_no_cpy iter 11: 0.497 ms
Run time division_by_zero_vectorized_static_veclen_16_no_cpy iter 12: 0.565 ms
Run time division_by_zero_vectorized_static_veclen_16_no_cpy iter 13: 0.550 ms
Run time division_by_zero_vectorized_static_veclen_16_no_cpy iter 14: 0.549 ms
Run time division_by_zero_vectorized_static_veclen_16_no_cpy iter 15: 0.557 ms
Run time division_by_zero_vectorized_static_veclen_16_no_cpy iter 16: 0.560 ms
Run time division_by_zero_vectorized_static_veclen_16_no_cpy iter 17: 0.690 ms
Run time division_by_zero_vectorized_static_veclen_16_no_cpy iter 18: 0.557 ms
Run time division_by_zero_vectorized_static_veclen_16_no_cpy iter 19: 0.557 ms
[can_be_applied] to if_197 is True
[can_be_applied] to if_197 is True
Changing __out = (__in1 / __in2) to have +1.7800590868057611e-307 to avoid NaN/inf floating-point exception in division!
Run time division_by_zero_vectorized_static_veclen_16_cpy iter 0: 0.281 ms
Run time division_by_zero_vectorized_static_veclen_16_cpy iter 1: 0.335 ms
Run time division_by_zero_vectorized_static_veclen_16_cpy iter 2: 0.337 ms
Run time division_by_zero_vectorized_static_veclen_16_cpy iter 3: 0.310 ms
Run time division_by_zero_vectorized_static_veclen_16_cpy iter 4: 0.326 ms
Run time division_by_zero_vectorized_static_veclen_16_cpy iter 5: 0.309 ms
Run time division_by_zero_vectorized_static_veclen_16_cpy iter 6: 0.315 ms
Run time division_by_zero_vectorized_static_veclen_16_cpy iter 7: 0.377 ms
Run time division_by_zero_vectorized_static_veclen_16_cpy iter 8: 0.379 ms
Run time division_by_zero_vectorized_static_veclen_16_cpy iter 9: 0.375 ms
Run time division_by_zero_vectorized_static_veclen_16_cpy iter 10: 0.369 ms
Run time division_by_zero_vectorized_static_veclen_16_cpy iter 11: 0.374 ms
Run time division_by_zero_vectorized_static_veclen_16_cpy iter 12: 0.535 ms
Run time division_by_zero_vectorized_static_veclen_16_cpy iter 13: 0.350 ms
Run time division_by_zero_vectorized_static_veclen_16_cpy iter 14: 0.372 ms
Run time division_by_zero_vectorized_static_veclen_16_cpy iter 15: 0.365 ms
Run time division_by_zero_vectorized_static_veclen_16_cpy iter 16: 0.380 ms
Run time division_by_zero_vectorized_static_veclen_16_cpy iter 17: 0.373 ms
Run time division_by_zero_vectorized_static_veclen_16_cpy iter 18: 0.374 ms
Run time division_by_zero_vectorized_static_veclen_16_cpy iter 19: 0.301 ms
[can_be_applied] to if_197 is True
[can_be_applied] to if_197 is True
Changing __out = (__in1 / __in2) to have +1.7800590868057611e-307 to avoid NaN/inf floating-point exception in division!
Run time division_by_zero_vectorized_static_veclen_32_no_cpy iter 0: 0.290 ms
Run time division_by_zero_vectorized_static_veclen_32_no_cpy iter 1: 0.285 ms
Run time division_by_zero_vectorized_static_veclen_32_no_cpy iter 2: 0.385 ms
Run time division_by_zero_vectorized_static_veclen_32_no_cpy iter 3: 0.365 ms
Run time division_by_zero_vectorized_static_veclen_32_no_cpy iter 4: 0.367 ms
Run time division_by_zero_vectorized_static_veclen_32_no_cpy iter 5: 0.363 ms
Run time division_by_zero_vectorized_static_veclen_32_no_cpy iter 6: 0.372 ms
Run time division_by_zero_vectorized_static_veclen_32_no_cpy iter 7: 0.378 ms
Run time division_by_zero_vectorized_static_veclen_32_no_cpy iter 8: 0.372 ms
Run time division_by_zero_vectorized_static_veclen_32_no_cpy iter 9: 0.369 ms
Run time division_by_zero_vectorized_static_veclen_32_no_cpy iter 10: 0.371 ms
Run time division_by_zero_vectorized_static_veclen_32_no_cpy iter 11: 0.374 ms
Run time division_by_zero_vectorized_static_veclen_32_no_cpy iter 12: 0.388 ms
Run time division_by_zero_vectorized_static_veclen_32_no_cpy iter 13: 0.385 ms
Run time division_by_zero_vectorized_static_veclen_32_no_cpy iter 14: 0.418 ms
Run time division_by_zero_vectorized_static_veclen_32_no_cpy iter 15: 0.382 ms
Run time division_by_zero_vectorized_static_veclen_32_no_cpy iter 16: 0.372 ms
Run time division_by_zero_vectorized_static_veclen_32_no_cpy iter 17: 0.368 ms
Run time division_by_zero_vectorized_static_veclen_32_no_cpy iter 18: 0.373 ms
Run time division_by_zero_vectorized_static_veclen_32_no_cpy iter 19: 0.364 ms
[can_be_applied] to if_197 is True
[can_be_applied] to if_197 is True
Changing __out = (__in1 / __in2) to have +1.7800590868057611e-307 to avoid NaN/inf floating-point exception in division!
Run time division_by_zero_vectorized_static_veclen_32_cpy iter 0: 0.367 ms
Run time division_by_zero_vectorized_static_veclen_32_cpy iter 1: 0.383 ms
Run time division_by_zero_vectorized_static_veclen_32_cpy iter 2: 0.404 ms
Run time division_by_zero_vectorized_static_veclen_32_cpy iter 3: 0.395 ms
Run time division_by_zero_vectorized_static_veclen_32_cpy iter 4: 0.382 ms
Run time division_by_zero_vectorized_static_veclen_32_cpy iter 5: 0.397 ms
Run time division_by_zero_vectorized_static_veclen_32_cpy iter 6: 0.395 ms
Run time division_by_zero_vectorized_static_veclen_32_cpy iter 7: 0.394 ms
Run time division_by_zero_vectorized_static_veclen_32_cpy iter 8: 0.380 ms
Run time division_by_zero_vectorized_static_veclen_32_cpy iter 9: 0.403 ms
Run time division_by_zero_vectorized_static_veclen_32_cpy iter 10: 0.350 ms
Run time division_by_zero_vectorized_static_veclen_32_cpy iter 11: 0.384 ms
Run time division_by_zero_vectorized_static_veclen_32_cpy iter 12: 0.348 ms
Run time division_by_zero_vectorized_static_veclen_32_cpy iter 13: 0.386 ms
Run time division_by_zero_vectorized_static_veclen_32_cpy iter 14: 0.389 ms
Run time division_by_zero_vectorized_static_veclen_32_cpy iter 15: 0.393 ms
Run time division_by_zero_vectorized_static_veclen_32_cpy iter 16: 0.385 ms
Run time division_by_zero_vectorized_static_veclen_32_cpy iter 17: 0.406 ms
Run time division_by_zero_vectorized_static_veclen_32_cpy iter 18: 0.389 ms
Run time division_by_zero_vectorized_static_veclen_32_cpy iter 19: 0.390 ms
[can_be_applied] to if_197 is True
[can_be_applied] to if_197 is True
Changing __out = (__in1 / __in2) to have +1.7800590868057611e-307 to avoid NaN/inf floating-point exception in division!
Run time division_by_zero_vectorized_static_veclen_64_no_cpy iter 0: 0.459 ms
Run time division_by_zero_vectorized_static_veclen_64_no_cpy iter 1: 0.490 ms
Run time division_by_zero_vectorized_static_veclen_64_no_cpy iter 2: 0.571 ms
Run time division_by_zero_vectorized_static_veclen_64_no_cpy iter 3: 0.559 ms
Run time division_by_zero_vectorized_static_veclen_64_no_cpy iter 4: 0.487 ms
Run time division_by_zero_vectorized_static_veclen_64_no_cpy iter 5: 0.481 ms
Run time division_by_zero_vectorized_static_veclen_64_no_cpy iter 6: 0.472 ms
Run time division_by_zero_vectorized_static_veclen_64_no_cpy iter 7: 0.481 ms
Run time division_by_zero_vectorized_static_veclen_64_no_cpy iter 8: 0.511 ms
Run time division_by_zero_vectorized_static_veclen_64_no_cpy iter 9: 0.482 ms
Run time division_by_zero_vectorized_static_veclen_64_no_cpy iter 10: 0.477 ms
Run time division_by_zero_vectorized_static_veclen_64_no_cpy iter 11: 0.474 ms
Run time division_by_zero_vectorized_static_veclen_64_no_cpy iter 12: 0.484 ms
Run time division_by_zero_vectorized_static_veclen_64_no_cpy iter 13: 0.469 ms
Run time division_by_zero_vectorized_static_veclen_64_no_cpy iter 14: 0.485 ms
Run time division_by_zero_vectorized_static_veclen_64_no_cpy iter 15: 0.476 ms
Run time division_by_zero_vectorized_static_veclen_64_no_cpy iter 16: 0.461 ms
Run time division_by_zero_vectorized_static_veclen_64_no_cpy iter 17: 0.488 ms
Run time division_by_zero_vectorized_static_veclen_64_no_cpy iter 18: 0.490 ms
Run time division_by_zero_vectorized_static_veclen_64_no_cpy iter 19: 0.485 ms
[can_be_applied] to if_197 is True
[can_be_applied] to if_197 is True
Changing __out = (__in1 / __in2) to have +1.7800590868057611e-307 to avoid NaN/inf floating-point exception in division!
Run time division_by_zero_vectorized_static_veclen_64_cpy iter 0: 0.522 ms
Run time division_by_zero_vectorized_static_veclen_64_cpy iter 1: 0.521 ms
Run time division_by_zero_vectorized_static_veclen_64_cpy iter 2: 0.516 ms
Run time division_by_zero_vectorized_static_veclen_64_cpy iter 3: 0.515 ms
Run time division_by_zero_vectorized_static_veclen_64_cpy iter 4: 0.501 ms
Run time division_by_zero_vectorized_static_veclen_64_cpy iter 5: 0.521 ms
Run time division_by_zero_vectorized_static_veclen_64_cpy iter 6: 0.526 ms
Run time division_by_zero_vectorized_static_veclen_64_cpy iter 7: 0.518 ms
Run time division_by_zero_vectorized_static_veclen_64_cpy iter 8: 0.518 ms
Run time division_by_zero_vectorized_static_veclen_64_cpy iter 9: 0.519 ms
Run time division_by_zero_vectorized_static_veclen_64_cpy iter 10: 0.511 ms
Run time division_by_zero_vectorized_static_veclen_64_cpy iter 11: 0.523 ms
Run time division_by_zero_vectorized_static_veclen_64_cpy iter 12: 0.514 ms
Run time division_by_zero_vectorized_static_veclen_64_cpy iter 13: 0.515 ms
Run time division_by_zero_vectorized_static_veclen_64_cpy iter 14: 0.624 ms
Run time division_by_zero_vectorized_static_veclen_64_cpy iter 15: 0.509 ms
Run time division_by_zero_vectorized_static_veclen_64_cpy iter 16: 0.534 ms
Run time division_by_zero_vectorized_static_veclen_64_cpy iter 17: 0.520 ms
Run time division_by_zero_vectorized_static_veclen_64_cpy iter 18: 0.653 ms
Run time division_by_zero_vectorized_static_veclen_64_cpy iter 19: 0.656 ms
Run time division_by_zero iter 0: 2.288 ms
Run time division_by_zero iter 1: 2.120 ms
Run time division_by_zero iter 2: 1.631 ms
Run time division_by_zero iter 3: 1.498 ms
Run time division_by_zero iter 4: 1.486 ms
Run time division_by_zero iter 5: 1.467 ms
Run time division_by_zero iter 6: 2.001 ms
Run time division_by_zero iter 7: 1.917 ms
Run time division_by_zero iter 8: 1.965 ms
Run time division_by_zero iter 9: 1.481 ms
Run time division_by_zero iter 10: 1.488 ms
Run time division_by_zero iter 11: 1.704 ms
Run time division_by_zero iter 12: 1.492 ms
Run time division_by_zero iter 13: 1.468 ms
Run time division_by_zero iter 14: 1.509 ms
Run time division_by_zero iter 15: 1.495 ms
Run time division_by_zero iter 16: 1.475 ms
Run time division_by_zero iter 17: 2.254 ms
Run time division_by_zero iter 18: 1.501 ms
Run time division_by_zero iter 19: 1.496 ms
[can_be_applied] to if_197 is True
[can_be_applied] to if_197 is True
Changing __out = (__in1 / __in2) to have +1.7800590868057611e-307 to avoid NaN/inf floating-point exception in division!
Run time division_by_zero_vectorized_static_veclen_8_no_cpy iter 0: 1.568 ms
Run time division_by_zero_vectorized_static_veclen_8_no_cpy iter 1: 1.619 ms
Run time division_by_zero_vectorized_static_veclen_8_no_cpy iter 2: 1.604 ms
Run time division_by_zero_vectorized_static_veclen_8_no_cpy iter 3: 1.561 ms
Run time division_by_zero_vectorized_static_veclen_8_no_cpy iter 4: 1.620 ms
Run time division_by_zero_vectorized_static_veclen_8_no_cpy iter 5: 1.574 ms
Run time division_by_zero_vectorized_static_veclen_8_no_cpy iter 6: 1.609 ms
Run time division_by_zero_vectorized_static_veclen_8_no_cpy iter 7: 1.594 ms
Run time division_by_zero_vectorized_static_veclen_8_no_cpy iter 8: 1.537 ms
Run time division_by_zero_vectorized_static_veclen_8_no_cpy iter 9: 1.552 ms
Run time division_by_zero_vectorized_static_veclen_8_no_cpy iter 10: 1.546 ms
Run time division_by_zero_vectorized_static_veclen_8_no_cpy iter 11: 1.536 ms
Run time division_by_zero_vectorized_static_veclen_8_no_cpy iter 12: 1.522 ms
Run time division_by_zero_vectorized_static_veclen_8_no_cpy iter 13: 1.544 ms
Run time division_by_zero_vectorized_static_veclen_8_no_cpy iter 14: 1.544 ms
Run time division_by_zero_vectorized_static_veclen_8_no_cpy iter 15: 1.545 ms
Run time division_by_zero_vectorized_static_veclen_8_no_cpy iter 16: 1.522 ms
Run time division_by_zero_vectorized_static_veclen_8_no_cpy iter 17: 1.536 ms
Run time division_by_zero_vectorized_static_veclen_8_no_cpy iter 18: 1.784 ms
Run time division_by_zero_vectorized_static_veclen_8_no_cpy iter 19: 1.550 ms
[can_be_applied] to if_197 is True
[can_be_applied] to if_197 is True
Changing __out = (__in1 / __in2) to have +1.7800590868057611e-307 to avoid NaN/inf floating-point exception in division!
Run time division_by_zero_vectorized_static_veclen_8_cpy iter 0: 1.422 ms
Run time division_by_zero_vectorized_static_veclen_8_cpy iter 1: 1.396 ms
Run time division_by_zero_vectorized_static_veclen_8_cpy iter 2: 1.428 ms
Run time division_by_zero_vectorized_static_veclen_8_cpy iter 3: 1.442 ms
Run time division_by_zero_vectorized_static_veclen_8_cpy iter 4: 2.253 ms
Run time division_by_zero_vectorized_static_veclen_8_cpy iter 5: 1.434 ms
Run time division_by_zero_vectorized_static_veclen_8_cpy iter 6: 1.362 ms
Run time division_by_zero_vectorized_static_veclen_8_cpy iter 7: 1.746 ms
Run time division_by_zero_vectorized_static_veclen_8_cpy iter 8: 1.360 ms
Run time division_by_zero_vectorized_static_veclen_8_cpy iter 9: 1.455 ms
Run time division_by_zero_vectorized_static_veclen_8_cpy iter 10: 1.410 ms
Run time division_by_zero_vectorized_static_veclen_8_cpy iter 11: 1.608 ms
Run time division_by_zero_vectorized_static_veclen_8_cpy iter 12: 1.424 ms
Run time division_by_zero_vectorized_static_veclen_8_cpy iter 13: 1.394 ms
Run time division_by_zero_vectorized_static_veclen_8_cpy iter 14: 1.429 ms
Run time division_by_zero_vectorized_static_veclen_8_cpy iter 15: 1.448 ms
Run time division_by_zero_vectorized_static_veclen_8_cpy iter 16: 1.480 ms
Run time division_by_zero_vectorized_static_veclen_8_cpy iter 17: 1.469 ms
Run time division_by_zero_vectorized_static_veclen_8_cpy iter 18: 1.428 ms
Run time division_by_zero_vectorized_static_veclen_8_cpy iter 19: 1.462 ms
[can_be_applied] to if_197 is True
[can_be_applied] to if_197 is True
Changing __out = (__in1 / __in2) to have +1.7800590868057611e-307 to avoid NaN/inf floating-point exception in division!
Run time division_by_zero_vectorized_static_veclen_16_no_cpy iter 0: 1.762 ms
Run time division_by_zero_vectorized_static_veclen_16_no_cpy iter 1: 1.789 ms
Run time division_by_zero_vectorized_static_veclen_16_no_cpy iter 2: 1.939 ms
Run time division_by_zero_vectorized_static_veclen_16_no_cpy iter 3: 1.863 ms
Run time division_by_zero_vectorized_static_veclen_16_no_cpy iter 4: 1.721 ms
Run time division_by_zero_vectorized_static_veclen_16_no_cpy iter 5: 1.815 ms
Run time division_by_zero_vectorized_static_veclen_16_no_cpy iter 6: 1.805 ms
Run time division_by_zero_vectorized_static_veclen_16_no_cpy iter 7: 1.823 ms
Run time division_by_zero_vectorized_static_veclen_16_no_cpy iter 8: 2.004 ms
Run time division_by_zero_vectorized_static_veclen_16_no_cpy iter 9: 2.180 ms
Run time division_by_zero_vectorized_static_veclen_16_no_cpy iter 10: 1.900 ms
Run time division_by_zero_vectorized_static_veclen_16_no_cpy iter 11: 1.703 ms
Run time division_by_zero_vectorized_static_veclen_16_no_cpy iter 12: 2.000 ms
Run time division_by_zero_vectorized_static_veclen_16_no_cpy iter 13: 2.236 ms
Run time division_by_zero_vectorized_static_veclen_16_no_cpy iter 14: 1.928 ms
Run time division_by_zero_vectorized_static_veclen_16_no_cpy iter 15: 1.723 ms
Run time division_by_zero_vectorized_static_veclen_16_no_cpy iter 16: 1.982 ms
Run time division_by_zero_vectorized_static_veclen_16_no_cpy iter 17: 1.698 ms
Run time division_by_zero_vectorized_static_veclen_16_no_cpy iter 18: 2.397 ms
Run time division_by_zero_vectorized_static_veclen_16_no_cpy iter 19: 1.807 ms
[can_be_applied] to if_197 is True
[can_be_applied] to if_197 is True
Changing __out = (__in1 / __in2) to have +1.7800590868057611e-307 to avoid NaN/inf floating-point exception in division!
Run time division_by_zero_vectorized_static_veclen_16_cpy iter 0: 1.952 ms
Run time division_by_zero_vectorized_static_veclen_16_cpy iter 1: 1.440 ms
Run time division_by_zero_vectorized_static_veclen_16_cpy iter 2: 1.387 ms
Run time division_by_zero_vectorized_static_veclen_16_cpy iter 3: 1.410 ms
Run time division_by_zero_vectorized_static_veclen_16_cpy iter 4: 1.478 ms
Run time division_by_zero_vectorized_static_veclen_16_cpy iter 5: 1.513 ms
Run time division_by_zero_vectorized_static_veclen_16_cpy iter 6: 1.478 ms
Run time division_by_zero_vectorized_static_veclen_16_cpy iter 7: 1.396 ms
Run time division_by_zero_vectorized_static_veclen_16_cpy iter 8: 1.400 ms
Run time division_by_zero_vectorized_static_veclen_16_cpy iter 9: 1.401 ms
Run time division_by_zero_vectorized_static_veclen_16_cpy iter 10: 1.361 ms
Run time division_by_zero_vectorized_static_veclen_16_cpy iter 11: 1.413 ms
Run time division_by_zero_vectorized_static_veclen_16_cpy iter 12: 1.497 ms
Run time division_by_zero_vectorized_static_veclen_16_cpy iter 13: 1.430 ms
Run time division_by_zero_vectorized_static_veclen_16_cpy iter 14: 1.417 ms
Run time division_by_zero_vectorized_static_veclen_16_cpy iter 15: 1.413 ms
Run time division_by_zero_vectorized_static_veclen_16_cpy iter 16: 1.417 ms
Run time division_by_zero_vectorized_static_veclen_16_cpy iter 17: 1.414 ms
Run time division_by_zero_vectorized_static_veclen_16_cpy iter 18: 1.412 ms
Run time division_by_zero_vectorized_static_veclen_16_cpy iter 19: 1.434 ms
[can_be_applied] to if_197 is True
[can_be_applied] to if_197 is True
Changing __out = (__in1 / __in2) to have +1.7800590868057611e-307 to avoid NaN/inf floating-point exception in division!
Run time division_by_zero_vectorized_static_veclen_32_no_cpy iter 0: 1.550 ms
Run time division_by_zero_vectorized_static_veclen_32_no_cpy iter 1: 1.533 ms
Run time division_by_zero_vectorized_static_veclen_32_no_cpy iter 2: 1.573 ms
Run time division_by_zero_vectorized_static_veclen_32_no_cpy iter 3: 1.577 ms
Run time division_by_zero_vectorized_static_veclen_32_no_cpy iter 4: 1.560 ms
Run time division_by_zero_vectorized_static_veclen_32_no_cpy iter 5: 1.623 ms
Run time division_by_zero_vectorized_static_veclen_32_no_cpy iter 6: 1.617 ms
Run time division_by_zero_vectorized_static_veclen_32_no_cpy iter 7: 1.518 ms
Run time division_by_zero_vectorized_static_veclen_32_no_cpy iter 8: 1.482 ms
Run time division_by_zero_vectorized_static_veclen_32_no_cpy iter 9: 1.511 ms
Run time division_by_zero_vectorized_static_veclen_32_no_cpy iter 10: 1.485 ms
Run time division_by_zero_vectorized_static_veclen_32_no_cpy iter 11: 1.444 ms
Run time division_by_zero_vectorized_static_veclen_32_no_cpy iter 12: 1.467 ms
Run time division_by_zero_vectorized_static_veclen_32_no_cpy iter 13: 1.509 ms
Run time division_by_zero_vectorized_static_veclen_32_no_cpy iter 14: 1.507 ms
Run time division_by_zero_vectorized_static_veclen_32_no_cpy iter 15: 1.484 ms
Run time division_by_zero_vectorized_static_veclen_32_no_cpy iter 16: 1.460 ms
Run time division_by_zero_vectorized_static_veclen_32_no_cpy iter 17: 1.467 ms
Run time division_by_zero_vectorized_static_veclen_32_no_cpy iter 18: 1.536 ms
Run time division_by_zero_vectorized_static_veclen_32_no_cpy iter 19: 1.439 ms
[can_be_applied] to if_197 is True
[can_be_applied] to if_197 is True
Changing __out = (__in1 / __in2) to have +1.7800590868057611e-307 to avoid NaN/inf floating-point exception in division!
Run time division_by_zero_vectorized_static_veclen_32_cpy iter 0: 1.438 ms
Run time division_by_zero_vectorized_static_veclen_32_cpy iter 1: 1.731 ms
Run time division_by_zero_vectorized_static_veclen_32_cpy iter 2: 1.616 ms
Run time division_by_zero_vectorized_static_veclen_32_cpy iter 3: 1.493 ms
Run time division_by_zero_vectorized_static_veclen_32_cpy iter 4: 1.432 ms
Run time division_by_zero_vectorized_static_veclen_32_cpy iter 5: 1.545 ms
Run time division_by_zero_vectorized_static_veclen_32_cpy iter 6: 1.787 ms
Run time division_by_zero_vectorized_static_veclen_32_cpy iter 7: 1.442 ms
Run time division_by_zero_vectorized_static_veclen_32_cpy iter 8: 1.890 ms
Run time division_by_zero_vectorized_static_veclen_32_cpy iter 9: 1.450 ms
Run time division_by_zero_vectorized_static_veclen_32_cpy iter 10: 1.473 ms
Run time division_by_zero_vectorized_static_veclen_32_cpy iter 11: 1.440 ms
Run time division_by_zero_vectorized_static_veclen_32_cpy iter 12: 1.896 ms
Run time division_by_zero_vectorized_static_veclen_32_cpy iter 13: 1.513 ms
Run time division_by_zero_vectorized_static_veclen_32_cpy iter 14: 1.445 ms
Run time division_by_zero_vectorized_static_veclen_32_cpy iter 15: 1.910 ms
Run time division_by_zero_vectorized_static_veclen_32_cpy iter 16: 1.715 ms
Run time division_by_zero_vectorized_static_veclen_32_cpy iter 17: 1.420 ms
Run time division_by_zero_vectorized_static_veclen_32_cpy iter 18: 1.456 ms
Run time division_by_zero_vectorized_static_veclen_32_cpy iter 19: 1.494 ms
[can_be_applied] to if_197 is True
[can_be_applied] to if_197 is True
Changing __out = (__in1 / __in2) to have +1.7800590868057611e-307 to avoid NaN/inf floating-point exception in division!
Run time division_by_zero_vectorized_static_veclen_64_no_cpy iter 0: 2.100 ms
Run time division_by_zero_vectorized_static_veclen_64_no_cpy iter 1: 2.229 ms
Run time division_by_zero_vectorized_static_veclen_64_no_cpy iter 2: 2.319 ms
Run time division_by_zero_vectorized_static_veclen_64_no_cpy iter 3: 2.013 ms
Run time division_by_zero_vectorized_static_veclen_64_no_cpy iter 4: 1.939 ms
Run time division_by_zero_vectorized_static_veclen_64_no_cpy iter 5: 1.941 ms
Run time division_by_zero_vectorized_static_veclen_64_no_cpy iter 6: 1.989 ms
Run time division_by_zero_vectorized_static_veclen_64_no_cpy iter 7: 2.492 ms
Run time division_by_zero_vectorized_static_veclen_64_no_cpy iter 8: 1.948 ms
Run time division_by_zero_vectorized_static_veclen_64_no_cpy iter 9: 2.505 ms
Run time division_by_zero_vectorized_static_veclen_64_no_cpy iter 10: 1.940 ms
Run time division_by_zero_vectorized_static_veclen_64_no_cpy iter 11: 1.966 ms
Run time division_by_zero_vectorized_static_veclen_64_no_cpy iter 12: 1.911 ms
Run time division_by_zero_vectorized_static_veclen_64_no_cpy iter 13: 1.933 ms
Run time division_by_zero_vectorized_static_veclen_64_no_cpy iter 14: 1.930 ms
Run time division_by_zero_vectorized_static_veclen_64_no_cpy iter 15: 1.949 ms
Run time division_by_zero_vectorized_static_veclen_64_no_cpy iter 16: 1.923 ms
Run time division_by_zero_vectorized_static_veclen_64_no_cpy iter 17: 1.937 ms
Run time division_by_zero_vectorized_static_veclen_64_no_cpy iter 18: 2.825 ms
Run time division_by_zero_vectorized_static_veclen_64_no_cpy iter 19: 2.670 ms
[can_be_applied] to if_197 is True
[can_be_applied] to if_197 is True
Changing __out = (__in1 / __in2) to have +1.7800590868057611e-307 to avoid NaN/inf floating-point exception in division!
Run time division_by_zero_vectorized_static_veclen_64_cpy iter 0: 2.079 ms
Run time division_by_zero_vectorized_static_veclen_64_cpy iter 1: 2.047 ms
Run time division_by_zero_vectorized_static_veclen_64_cpy iter 2: 2.106 ms
Run time division_by_zero_vectorized_static_veclen_64_cpy iter 3: 2.058 ms
Run time division_by_zero_vectorized_static_veclen_64_cpy iter 4: 2.121 ms
Run time division_by_zero_vectorized_static_veclen_64_cpy iter 5: 2.049 ms
Run time division_by_zero_vectorized_static_veclen_64_cpy iter 6: 2.201 ms
Run time division_by_zero_vectorized_static_veclen_64_cpy iter 7: 2.321 ms
Run time division_by_zero_vectorized_static_veclen_64_cpy iter 8: 2.207 ms
Run time division_by_zero_vectorized_static_veclen_64_cpy iter 9: 2.036 ms
Run time division_by_zero_vectorized_static_veclen_64_cpy iter 10: 2.015 ms
Run time division_by_zero_vectorized_static_veclen_64_cpy iter 11: 1.995 ms
Run time division_by_zero_vectorized_static_veclen_64_cpy iter 12: 2.238 ms
Run time division_by_zero_vectorized_static_veclen_64_cpy iter 13: 2.053 ms
Run time division_by_zero_vectorized_static_veclen_64_cpy iter 14: 2.050 ms
Run time division_by_zero_vectorized_static_veclen_64_cpy iter 15: 2.051 ms
Run time division_by_zero_vectorized_static_veclen_64_cpy iter 16: 2.043 ms
Run time division_by_zero_vectorized_static_veclen_64_cpy iter 17: 2.043 ms
Run time division_by_zero_vectorized_static_veclen_64_cpy iter 18: 2.078 ms
Run time division_by_zero_vectorized_static_veclen_64_cpy iter 19: 2.172 ms
Run time division_by_zero iter 0: 3.392 ms
Run time division_by_zero iter 1: 3.025 ms
Run time division_by_zero iter 2: 3.043 ms
Run time division_by_zero iter 3: 3.059 ms
Run time division_by_zero iter 4: 3.059 ms
Run time division_by_zero iter 5: 3.253 ms
Run time division_by_zero iter 6: 3.217 ms
Run time division_by_zero iter 7: 3.043 ms
Run time division_by_zero iter 8: 3.033 ms
Run time division_by_zero iter 9: 3.072 ms
Run time division_by_zero iter 10: 3.019 ms
Run time division_by_zero iter 11: 3.021 ms
Run time division_by_zero iter 12: 3.052 ms
Run time division_by_zero iter 13: 3.172 ms
Run time division_by_zero iter 14: 3.226 ms
Run time division_by_zero iter 15: 3.128 ms
Run time division_by_zero iter 16: 3.102 ms
Run time division_by_zero iter 17: 3.117 ms
Run time division_by_zero iter 18: 3.118 ms
Run time division_by_zero iter 19: 3.200 ms
[can_be_applied] to if_197 is True
[can_be_applied] to if_197 is True
Changing __out = (__in1 / __in2) to have +1.7800590868057611e-307 to avoid NaN/inf floating-point exception in division!
Run time division_by_zero_vectorized_static_veclen_8_no_cpy iter 0: 3.311 ms
Run time division_by_zero_vectorized_static_veclen_8_no_cpy iter 1: 3.240 ms
Run time division_by_zero_vectorized_static_veclen_8_no_cpy iter 2: 3.337 ms
Run time division_by_zero_vectorized_static_veclen_8_no_cpy iter 3: 3.217 ms
Run time division_by_zero_vectorized_static_veclen_8_no_cpy iter 4: 3.254 ms
Run time division_by_zero_vectorized_static_veclen_8_no_cpy iter 5: 3.226 ms
Run time division_by_zero_vectorized_static_veclen_8_no_cpy iter 6: 3.233 ms
Run time division_by_zero_vectorized_static_veclen_8_no_cpy iter 7: 3.236 ms
Run time division_by_zero_vectorized_static_veclen_8_no_cpy iter 8: 3.277 ms
Run time division_by_zero_vectorized_static_veclen_8_no_cpy iter 9: 3.225 ms
Run time division_by_zero_vectorized_static_veclen_8_no_cpy iter 10: 3.368 ms
Run time division_by_zero_vectorized_static_veclen_8_no_cpy iter 11: 3.264 ms
Run time division_by_zero_vectorized_static_veclen_8_no_cpy iter 12: 3.237 ms
Run time division_by_zero_vectorized_static_veclen_8_no_cpy iter 13: 3.266 ms
Run time division_by_zero_vectorized_static_veclen_8_no_cpy iter 14: 3.226 ms
Run time division_by_zero_vectorized_static_veclen_8_no_cpy iter 15: 3.282 ms
Run time division_by_zero_vectorized_static_veclen_8_no_cpy iter 16: 3.252 ms
Run time division_by_zero_vectorized_static_veclen_8_no_cpy iter 17: 3.289 ms
Run time division_by_zero_vectorized_static_veclen_8_no_cpy iter 18: 3.250 ms
Run time division_by_zero_vectorized_static_veclen_8_no_cpy iter 19: 3.341 ms
[can_be_applied] to if_197 is True
[can_be_applied] to if_197 is True
Changing __out = (__in1 / __in2) to have +1.7800590868057611e-307 to avoid NaN/inf floating-point exception in division!
Run time division_by_zero_vectorized_static_veclen_8_cpy iter 0: 2.972 ms
Run time division_by_zero_vectorized_static_veclen_8_cpy iter 1: 2.981 ms
Run time division_by_zero_vectorized_static_veclen_8_cpy iter 2: 3.173 ms
Run time division_by_zero_vectorized_static_veclen_8_cpy iter 3: 3.070 ms
Run time division_by_zero_vectorized_static_veclen_8_cpy iter 4: 2.931 ms
Run time division_by_zero_vectorized_static_veclen_8_cpy iter 5: 2.997 ms
Run time division_by_zero_vectorized_static_veclen_8_cpy iter 6: 3.001 ms
Run time division_by_zero_vectorized_static_veclen_8_cpy iter 7: 2.945 ms
Run time division_by_zero_vectorized_static_veclen_8_cpy iter 8: 2.875 ms
Run time division_by_zero_vectorized_static_veclen_8_cpy iter 9: 2.847 ms
Run time division_by_zero_vectorized_static_veclen_8_cpy iter 10: 2.954 ms
Run time division_by_zero_vectorized_static_veclen_8_cpy iter 11: 2.861 ms
Run time division_by_zero_vectorized_static_veclen_8_cpy iter 12: 2.842 ms
Run time division_by_zero_vectorized_static_veclen_8_cpy iter 13: 2.816 ms
Run time division_by_zero_vectorized_static_veclen_8_cpy iter 14: 2.842 ms
Run time division_by_zero_vectorized_static_veclen_8_cpy iter 15: 2.861 ms
Run time division_by_zero_vectorized_static_veclen_8_cpy iter 16: 2.816 ms
Run time division_by_zero_vectorized_static_veclen_8_cpy iter 17: 2.858 ms
Run time division_by_zero_vectorized_static_veclen_8_cpy iter 18: 2.868 ms
Run time division_by_zero_vectorized_static_veclen_8_cpy iter 19: 2.914 ms
[can_be_applied] to if_197 is True
[can_be_applied] to if_197 is True
Changing __out = (__in1 / __in2) to have +1.7800590868057611e-307 to avoid NaN/inf floating-point exception in division!
Run time division_by_zero_vectorized_static_veclen_16_no_cpy iter 0: 4.035 ms
Run time division_by_zero_vectorized_static_veclen_16_no_cpy iter 1: 4.068 ms
Run time division_by_zero_vectorized_static_veclen_16_no_cpy iter 2: 4.149 ms
Run time division_by_zero_vectorized_static_veclen_16_no_cpy iter 3: 3.500 ms
Run time division_by_zero_vectorized_static_veclen_16_no_cpy iter 4: 3.565 ms
Run time division_by_zero_vectorized_static_veclen_16_no_cpy iter 5: 4.141 ms
Run time division_by_zero_vectorized_static_veclen_16_no_cpy iter 6: 3.969 ms
Run time division_by_zero_vectorized_static_veclen_16_no_cpy iter 7: 4.385 ms
Run time division_by_zero_vectorized_static_veclen_16_no_cpy iter 8: 4.556 ms
Run time division_by_zero_vectorized_static_veclen_16_no_cpy iter 9: 4.119 ms
Run time division_by_zero_vectorized_static_veclen_16_no_cpy iter 10: 4.068 ms
Run time division_by_zero_vectorized_static_veclen_16_no_cpy iter 11: 4.292 ms
Run time division_by_zero_vectorized_static_veclen_16_no_cpy iter 12: 3.966 ms
Run time division_by_zero_vectorized_static_veclen_16_no_cpy iter 13: 3.936 ms
Run time division_by_zero_vectorized_static_veclen_16_no_cpy iter 14: 3.570 ms
Run time division_by_zero_vectorized_static_veclen_16_no_cpy iter 15: 4.847 ms
Run time division_by_zero_vectorized_static_veclen_16_no_cpy iter 16: 3.542 ms
Run time division_by_zero_vectorized_static_veclen_16_no_cpy iter 17: 3.524 ms
Run time division_by_zero_vectorized_static_veclen_16_no_cpy iter 18: 3.480 ms
Run time division_by_zero_vectorized_static_veclen_16_no_cpy iter 19: 3.671 ms
[can_be_applied] to if_197 is True
[can_be_applied] to if_197 is True
Changing __out = (__in1 / __in2) to have +1.7800590868057611e-307 to avoid NaN/inf floating-point exception in division!
Run time division_by_zero_vectorized_static_veclen_16_cpy iter 0: 3.444 ms
Run time division_by_zero_vectorized_static_veclen_16_cpy iter 1: 3.294 ms
Run time division_by_zero_vectorized_static_veclen_16_cpy iter 2: 3.041 ms
Run time division_by_zero_vectorized_static_veclen_16_cpy iter 3: 3.096 ms
Run time division_by_zero_vectorized_static_veclen_16_cpy iter 4: 2.994 ms
Run time division_by_zero_vectorized_static_veclen_16_cpy iter 5: 2.871 ms
Run time division_by_zero_vectorized_static_veclen_16_cpy iter 6: 2.877 ms
Run time division_by_zero_vectorized_static_veclen_16_cpy iter 7: 2.871 ms
Run time division_by_zero_vectorized_static_veclen_16_cpy iter 8: 2.837 ms
Run time division_by_zero_vectorized_static_veclen_16_cpy iter 9: 3.060 ms
Run time division_by_zero_vectorized_static_veclen_16_cpy iter 10: 2.936 ms
Run time division_by_zero_vectorized_static_veclen_16_cpy iter 11: 3.614 ms
Run time division_by_zero_vectorized_static_veclen_16_cpy iter 12: 4.463 ms
Run time division_by_zero_vectorized_static_veclen_16_cpy iter 13: 5.331 ms
Run time division_by_zero_vectorized_static_veclen_16_cpy iter 14: 2.801 ms
Run time division_by_zero_vectorized_static_veclen_16_cpy iter 15: 3.730 ms
Run time division_by_zero_vectorized_static_veclen_16_cpy iter 16: 4.017 ms
Run time division_by_zero_vectorized_static_veclen_16_cpy iter 17: 4.314 ms
Run time division_by_zero_vectorized_static_veclen_16_cpy iter 18: 2.827 ms
Run time division_by_zero_vectorized_static_veclen_16_cpy iter 19: 2.838 ms
[can_be_applied] to if_197 is True
[can_be_applied] to if_197 is True
Changing __out = (__in1 / __in2) to have +1.7800590868057611e-307 to avoid NaN/inf floating-point exception in division!
Run time division_by_zero_vectorized_static_veclen_32_no_cpy iter 0: 3.351 ms
Run time division_by_zero_vectorized_static_veclen_32_no_cpy iter 1: 2.993 ms
Run time division_by_zero_vectorized_static_veclen_32_no_cpy iter 2: 2.978 ms
Run time division_by_zero_vectorized_static_veclen_32_no_cpy iter 3: 2.998 ms
Run time division_by_zero_vectorized_static_veclen_32_no_cpy iter 4: 3.040 ms
Run time division_by_zero_vectorized_static_veclen_32_no_cpy iter 5: 2.972 ms
Run time division_by_zero_vectorized_static_veclen_32_no_cpy iter 6: 3.050 ms
Run time division_by_zero_vectorized_static_veclen_32_no_cpy iter 7: 2.997 ms
Run time division_by_zero_vectorized_static_veclen_32_no_cpy iter 8: 3.045 ms
Run time division_by_zero_vectorized_static_veclen_32_no_cpy iter 9: 3.131 ms
Run time division_by_zero_vectorized_static_veclen_32_no_cpy iter 10: 3.021 ms
Run time division_by_zero_vectorized_static_veclen_32_no_cpy iter 11: 3.033 ms
Run time division_by_zero_vectorized_static_veclen_32_no_cpy iter 12: 3.039 ms
Run time division_by_zero_vectorized_static_veclen_32_no_cpy iter 13: 3.001 ms
Run time division_by_zero_vectorized_static_veclen_32_no_cpy iter 14: 3.027 ms
Run time division_by_zero_vectorized_static_veclen_32_no_cpy iter 15: 3.035 ms
Run time division_by_zero_vectorized_static_veclen_32_no_cpy iter 16: 3.013 ms
Run time division_by_zero_vectorized_static_veclen_32_no_cpy iter 17: 2.993 ms
Run time division_by_zero_vectorized_static_veclen_32_no_cpy iter 18: 3.175 ms
Run time division_by_zero_vectorized_static_veclen_32_no_cpy iter 19: 3.038 ms
[can_be_applied] to if_197 is True
[can_be_applied] to if_197 is True
Changing __out = (__in1 / __in2) to have +1.7800590868057611e-307 to avoid NaN/inf floating-point exception in division!
Run time division_by_zero_vectorized_static_veclen_32_cpy iter 0: 2.877 ms
Run time division_by_zero_vectorized_static_veclen_32_cpy iter 1: 2.897 ms
Run time division_by_zero_vectorized_static_veclen_32_cpy iter 2: 2.938 ms
Run time division_by_zero_vectorized_static_veclen_32_cpy iter 3: 2.933 ms
Run time division_by_zero_vectorized_static_veclen_32_cpy iter 4: 3.379 ms
Run time division_by_zero_vectorized_static_veclen_32_cpy iter 5: 2.941 ms
Run time division_by_zero_vectorized_static_veclen_32_cpy iter 6: 2.921 ms
Run time division_by_zero_vectorized_static_veclen_32_cpy iter 7: 2.925 ms
Run time division_by_zero_vectorized_static_veclen_32_cpy iter 8: 4.217 ms
Run time division_by_zero_vectorized_static_veclen_32_cpy iter 9: 2.942 ms
Run time division_by_zero_vectorized_static_veclen_32_cpy iter 10: 2.919 ms
Run time division_by_zero_vectorized_static_veclen_32_cpy iter 11: 2.918 ms
Run time division_by_zero_vectorized_static_veclen_32_cpy iter 12: 4.324 ms
Run time division_by_zero_vectorized_static_veclen_32_cpy iter 13: 3.502 ms
Run time division_by_zero_vectorized_static_veclen_32_cpy iter 14: 2.969 ms
Run time division_by_zero_vectorized_static_veclen_32_cpy iter 15: 3.105 ms
Run time division_by_zero_vectorized_static_veclen_32_cpy iter 16: 2.982 ms
Run time division_by_zero_vectorized_static_veclen_32_cpy iter 17: 2.958 ms
Run time division_by_zero_vectorized_static_veclen_32_cpy iter 18: 3.070 ms
Run time division_by_zero_vectorized_static_veclen_32_cpy iter 19: 2.979 ms
[can_be_applied] to if_197 is True
[can_be_applied] to if_197 is True
Changing __out = (__in1 / __in2) to have +1.7800590868057611e-307 to avoid NaN/inf floating-point exception in division!
Run time division_by_zero_vectorized_static_veclen_64_no_cpy iter 0: 3.752 ms
Run time division_by_zero_vectorized_static_veclen_64_no_cpy iter 1: 3.699 ms
Run time division_by_zero_vectorized_static_veclen_64_no_cpy iter 2: 3.708 ms
Run time division_by_zero_vectorized_static_veclen_64_no_cpy iter 3: 3.798 ms
Run time division_by_zero_vectorized_static_veclen_64_no_cpy iter 4: 3.693 ms
Run time division_by_zero_vectorized_static_veclen_64_no_cpy iter 5: 3.772 ms
Run time division_by_zero_vectorized_static_veclen_64_no_cpy iter 6: 3.731 ms
Run time division_by_zero_vectorized_static_veclen_64_no_cpy iter 7: 3.730 ms
Run time division_by_zero_vectorized_static_veclen_64_no_cpy iter 8: 4.129 ms
Run time division_by_zero_vectorized_static_veclen_64_no_cpy iter 9: 5.137 ms
Run time division_by_zero_vectorized_static_veclen_64_no_cpy iter 10: 5.141 ms
Run time division_by_zero_vectorized_static_veclen_64_no_cpy iter 11: 3.738 ms
Run time division_by_zero_vectorized_static_veclen_64_no_cpy iter 12: 3.707 ms
Run time division_by_zero_vectorized_static_veclen_64_no_cpy iter 13: 3.743 ms
Run time division_by_zero_vectorized_static_veclen_64_no_cpy iter 14: 3.690 ms
Run time division_by_zero_vectorized_static_veclen_64_no_cpy iter 15: 4.056 ms
Run time division_by_zero_vectorized_static_veclen_64_no_cpy iter 16: 5.158 ms
Run time division_by_zero_vectorized_static_veclen_64_no_cpy iter 17: 4.637 ms
Run time division_by_zero_vectorized_static_veclen_64_no_cpy iter 18: 3.712 ms
Run time division_by_zero_vectorized_static_veclen_64_no_cpy iter 19: 3.675 ms
[can_be_applied] to if_197 is True
[can_be_applied] to if_197 is True
Changing __out = (__in1 / __in2) to have +1.7800590868057611e-307 to avoid NaN/inf floating-point exception in division!
Run time division_by_zero_vectorized_static_veclen_64_cpy iter 0: 4.268 ms
Run time division_by_zero_vectorized_static_veclen_64_cpy iter 1: 3.547 ms
Run time division_by_zero_vectorized_static_veclen_64_cpy iter 2: 4.064 ms
Run time division_by_zero_vectorized_static_veclen_64_cpy iter 3: 3.406 ms
Run time division_by_zero_vectorized_static_veclen_64_cpy iter 4: 3.421 ms
Run time division_by_zero_vectorized_static_veclen_64_cpy iter 5: 3.448 ms
Run time division_by_zero_vectorized_static_veclen_64_cpy iter 6: 4.967 ms
Run time division_by_zero_vectorized_static_veclen_64_cpy iter 7: 4.313 ms
Run time division_by_zero_vectorized_static_veclen_64_cpy iter 8: 3.463 ms
Run time division_by_zero_vectorized_static_veclen_64_cpy iter 9: 3.465 ms
Run time division_by_zero_vectorized_static_veclen_64_cpy iter 10: 3.435 ms
Run time division_by_zero_vectorized_static_veclen_64_cpy iter 11: 3.608 ms
Run time division_by_zero_vectorized_static_veclen_64_cpy iter 12: 3.515 ms
Run time division_by_zero_vectorized_static_veclen_64_cpy iter 13: 3.430 ms
Run time division_by_zero_vectorized_static_veclen_64_cpy iter 14: 3.484 ms
Run time division_by_zero_vectorized_static_veclen_64_cpy iter 15: 3.560 ms
Run time division_by_zero_vectorized_static_veclen_64_cpy iter 16: 3.481 ms
Run time division_by_zero_vectorized_static_veclen_64_cpy iter 17: 3.480 ms
Run time division_by_zero_vectorized_static_veclen_64_cpy iter 18: 4.849 ms
Run time division_by_zero_vectorized_static_veclen_64_cpy iter 19: 3.502 ms
Run time division_by_zero iter 0: 5.973 ms
Run time division_by_zero iter 1: 6.133 ms
Run time division_by_zero iter 2: 8.975 ms
Run time division_by_zero iter 3: 5.956 ms
Run time division_by_zero iter 4: 5.939 ms
Run time division_by_zero iter 5: 5.944 ms
Run time division_by_zero iter 6: 6.362 ms
Run time division_by_zero iter 7: 6.438 ms
Run time division_by_zero iter 8: 6.482 ms
Run time division_by_zero iter 9: 6.665 ms
Run time division_by_zero iter 10: 6.414 ms
Run time division_by_zero iter 11: 7.483 ms
Run time division_by_zero iter 12: 7.680 ms
Run time division_by_zero iter 13: 7.477 ms
Run time division_by_zero iter 14: 8.362 ms
Run time division_by_zero iter 15: 8.242 ms
Run time division_by_zero iter 16: 7.051 ms
Run time division_by_zero iter 17: 6.068 ms
Run time division_by_zero iter 18: 6.396 ms
Run time division_by_zero iter 19: 6.104 ms
[can_be_applied] to if_197 is True
[can_be_applied] to if_197 is True
Changing __out = (__in1 / __in2) to have +1.7800590868057611e-307 to avoid NaN/inf floating-point exception in division!
Run time division_by_zero_vectorized_static_veclen_8_no_cpy iter 0: 6.759 ms
Run time division_by_zero_vectorized_static_veclen_8_no_cpy iter 1: 6.686 ms
Run time division_by_zero_vectorized_static_veclen_8_no_cpy iter 2: 8.401 ms
Run time division_by_zero_vectorized_static_veclen_8_no_cpy iter 3: 7.514 ms
Run time division_by_zero_vectorized_static_veclen_8_no_cpy iter 4: 7.886 ms
Run time division_by_zero_vectorized_static_veclen_8_no_cpy iter 5: 7.589 ms
Run time division_by_zero_vectorized_static_veclen_8_no_cpy iter 6: 7.365 ms
Run time division_by_zero_vectorized_static_veclen_8_no_cpy iter 7: 7.203 ms
Run time division_by_zero_vectorized_static_veclen_8_no_cpy iter 8: 7.828 ms
Run time division_by_zero_vectorized_static_veclen_8_no_cpy iter 9: 8.473 ms
Run time division_by_zero_vectorized_static_veclen_8_no_cpy iter 10: 9.889 ms
Run time division_by_zero_vectorized_static_veclen_8_no_cpy iter 11: 9.220 ms
Run time division_by_zero_vectorized_static_veclen_8_no_cpy iter 12: 9.574 ms
Run time division_by_zero_vectorized_static_veclen_8_no_cpy iter 13: 9.289 ms
Run time division_by_zero_vectorized_static_veclen_8_no_cpy iter 14: 8.077 ms
Run time division_by_zero_vectorized_static_veclen_8_no_cpy iter 15: 7.606 ms
Run time division_by_zero_vectorized_static_veclen_8_no_cpy iter 16: 7.107 ms
Run time division_by_zero_vectorized_static_veclen_8_no_cpy iter 17: 7.215 ms
Run time division_by_zero_vectorized_static_veclen_8_no_cpy iter 18: 11.550 ms
Run time division_by_zero_vectorized_static_veclen_8_no_cpy iter 19: 10.145 ms
[can_be_applied] to if_197 is True
[can_be_applied] to if_197 is True
Changing __out = (__in1 / __in2) to have +1.7800590868057611e-307 to avoid NaN/inf floating-point exception in division!
Run time division_by_zero_vectorized_static_veclen_8_cpy iter 0: 7.923 ms
Run time division_by_zero_vectorized_static_veclen_8_cpy iter 1: 8.728 ms
Run time division_by_zero_vectorized_static_veclen_8_cpy iter 2: 8.774 ms
Run time division_by_zero_vectorized_static_veclen_8_cpy iter 3: 7.426 ms
Run time division_by_zero_vectorized_static_veclen_8_cpy iter 4: 6.776 ms
Run time division_by_zero_vectorized_static_veclen_8_cpy iter 5: 6.261 ms
Run time division_by_zero_vectorized_static_veclen_8_cpy iter 6: 6.891 ms
Run time division_by_zero_vectorized_static_veclen_8_cpy iter 7: 7.072 ms
Run time division_by_zero_vectorized_static_veclen_8_cpy iter 8: 6.079 ms
Run time division_by_zero_vectorized_static_veclen_8_cpy iter 9: 7.444 ms
Run time division_by_zero_vectorized_static_veclen_8_cpy iter 10: 8.429 ms
Run time division_by_zero_vectorized_static_veclen_8_cpy iter 11: 9.036 ms
Run time division_by_zero_vectorized_static_veclen_8_cpy iter 12: 8.961 ms
Run time division_by_zero_vectorized_static_veclen_8_cpy iter 13: 8.981 ms
Run time division_by_zero_vectorized_static_veclen_8_cpy iter 14: 8.943 ms
Run time division_by_zero_vectorized_static_veclen_8_cpy iter 15: 9.050 ms
Run time division_by_zero_vectorized_static_veclen_8_cpy iter 16: 9.129 ms
Run time division_by_zero_vectorized_static_veclen_8_cpy iter 17: 8.948 ms
Run time division_by_zero_vectorized_static_veclen_8_cpy iter 18: 9.132 ms
Run time division_by_zero_vectorized_static_veclen_8_cpy iter 19: 8.893 ms
[can_be_applied] to if_197 is True
[can_be_applied] to if_197 is True
Changing __out = (__in1 / __in2) to have +1.7800590868057611e-307 to avoid NaN/inf floating-point exception in division!
Run time division_by_zero_vectorized_static_veclen_16_no_cpy iter 0: 6.718 ms
Run time division_by_zero_vectorized_static_veclen_16_no_cpy iter 1: 6.468 ms
Run time division_by_zero_vectorized_static_veclen_16_no_cpy iter 2: 6.474 ms
Run time division_by_zero_vectorized_static_veclen_16_no_cpy iter 3: 8.172 ms
Run time division_by_zero_vectorized_static_veclen_16_no_cpy iter 4: 9.123 ms
Run time division_by_zero_vectorized_static_veclen_16_no_cpy iter 5: 6.664 ms
Run time division_by_zero_vectorized_static_veclen_16_no_cpy iter 6: 9.402 ms
Run time division_by_zero_vectorized_static_veclen_16_no_cpy iter 7: 10.168 ms
Run time division_by_zero_vectorized_static_veclen_16_no_cpy iter 8: 6.649 ms
Run time division_by_zero_vectorized_static_veclen_16_no_cpy iter 9: 6.743 ms
Run time division_by_zero_vectorized_static_veclen_16_no_cpy iter 10: 6.524 ms
Run time division_by_zero_vectorized_static_veclen_16_no_cpy iter 11: 6.876 ms
Run time division_by_zero_vectorized_static_veclen_16_no_cpy iter 12: 6.484 ms
Run time division_by_zero_vectorized_static_veclen_16_no_cpy iter 13: 9.218 ms
Run time division_by_zero_vectorized_static_veclen_16_no_cpy iter 14: 8.525 ms
Run time division_by_zero_vectorized_static_veclen_16_no_cpy iter 15: 6.621 ms
Run time division_by_zero_vectorized_static_veclen_16_no_cpy iter 16: 6.813 ms
Run time division_by_zero_vectorized_static_veclen_16_no_cpy iter 17: 6.597 ms
Run time division_by_zero_vectorized_static_veclen_16_no_cpy iter 18: 6.772 ms
Run time division_by_zero_vectorized_static_veclen_16_no_cpy iter 19: 7.236 ms
[can_be_applied] to if_197 is True
[can_be_applied] to if_197 is True
Changing __out = (__in1 / __in2) to have +1.7800590868057611e-307 to avoid NaN/inf floating-point exception in division!
Run time division_by_zero_vectorized_static_veclen_16_cpy iter 0: 8.699 ms
Run time division_by_zero_vectorized_static_veclen_16_cpy iter 1: 8.643 ms
Run time division_by_zero_vectorized_static_veclen_16_cpy iter 2: 8.434 ms
Run time division_by_zero_vectorized_static_veclen_16_cpy iter 3: 7.831 ms
Run time division_by_zero_vectorized_static_veclen_16_cpy iter 4: 6.504 ms
Run time division_by_zero_vectorized_static_veclen_16_cpy iter 5: 6.108 ms
Run time division_by_zero_vectorized_static_veclen_16_cpy iter 6: 6.256 ms
Run time division_by_zero_vectorized_static_veclen_16_cpy iter 7: 6.761 ms
Run time division_by_zero_vectorized_static_veclen_16_cpy iter 8: 7.089 ms
Run time division_by_zero_vectorized_static_veclen_16_cpy iter 9: 8.108 ms
Run time division_by_zero_vectorized_static_veclen_16_cpy iter 10: 8.574 ms
Run time division_by_zero_vectorized_static_veclen_16_cpy iter 11: 8.654 ms
Run time division_by_zero_vectorized_static_veclen_16_cpy iter 12: 7.937 ms
Run time division_by_zero_vectorized_static_veclen_16_cpy iter 13: 6.594 ms
Run time division_by_zero_vectorized_static_veclen_16_cpy iter 14: 6.301 ms
Run time division_by_zero_vectorized_static_veclen_16_cpy iter 15: 5.983 ms
Run time division_by_zero_vectorized_static_veclen_16_cpy iter 16: 8.500 ms
Run time division_by_zero_vectorized_static_veclen_16_cpy iter 17: 6.379 ms
Run time division_by_zero_vectorized_static_veclen_16_cpy iter 18: 6.047 ms
Run time division_by_zero_vectorized_static_veclen_16_cpy iter 19: 6.032 ms
[can_be_applied] to if_197 is True
[can_be_applied] to if_197 is True
Changing __out = (__in1 / __in2) to have +1.7800590868057611e-307 to avoid NaN/inf floating-point exception in division!
Run time division_by_zero_vectorized_static_veclen_32_no_cpy iter 0: 6.173 ms
Run time division_by_zero_vectorized_static_veclen_32_no_cpy iter 1: 6.349 ms
Run time division_by_zero_vectorized_static_veclen_32_no_cpy iter 2: 6.135 ms
Run time division_by_zero_vectorized_static_veclen_32_no_cpy iter 3: 7.565 ms
Run time division_by_zero_vectorized_static_veclen_32_no_cpy iter 4: 6.292 ms
Run time division_by_zero_vectorized_static_veclen_32_no_cpy iter 5: 6.168 ms
Run time division_by_zero_vectorized_static_veclen_32_no_cpy iter 6: 6.169 ms
Run time division_by_zero_vectorized_static_veclen_32_no_cpy iter 7: 6.140 ms
Run time division_by_zero_vectorized_static_veclen_32_no_cpy iter 8: 6.136 ms
Run time division_by_zero_vectorized_static_veclen_32_no_cpy iter 9: 6.407 ms
Run time division_by_zero_vectorized_static_veclen_32_no_cpy iter 10: 6.224 ms
Run time division_by_zero_vectorized_static_veclen_32_no_cpy iter 11: 6.244 ms
Run time division_by_zero_vectorized_static_veclen_32_no_cpy iter 12: 6.169 ms
Run time division_by_zero_vectorized_static_veclen_32_no_cpy iter 13: 6.263 ms
Run time division_by_zero_vectorized_static_veclen_32_no_cpy iter 14: 6.196 ms
Run time division_by_zero_vectorized_static_veclen_32_no_cpy iter 15: 6.330 ms
Run time division_by_zero_vectorized_static_veclen_32_no_cpy iter 16: 6.501 ms
Run time division_by_zero_vectorized_static_veclen_32_no_cpy iter 17: 6.201 ms
Run time division_by_zero_vectorized_static_veclen_32_no_cpy iter 18: 6.150 ms
Run time division_by_zero_vectorized_static_veclen_32_no_cpy iter 19: 6.187 ms
[can_be_applied] to if_197 is True
[can_be_applied] to if_197 is True
Changing __out = (__in1 / __in2) to have +1.7800590868057611e-307 to avoid NaN/inf floating-point exception in division!
Run time division_by_zero_vectorized_static_veclen_32_cpy iter 0: 6.061 ms
Run time division_by_zero_vectorized_static_veclen_32_cpy iter 1: 8.767 ms
Run time division_by_zero_vectorized_static_veclen_32_cpy iter 2: 7.286 ms
Run time division_by_zero_vectorized_static_veclen_32_cpy iter 3: 6.020 ms
Run time division_by_zero_vectorized_static_veclen_32_cpy iter 4: 6.070 ms
Run time division_by_zero_vectorized_static_veclen_32_cpy iter 5: 7.666 ms
Run time division_by_zero_vectorized_static_veclen_32_cpy iter 6: 6.074 ms
Run time division_by_zero_vectorized_static_veclen_32_cpy iter 7: 6.042 ms
Run time division_by_zero_vectorized_static_veclen_32_cpy iter 8: 8.793 ms
Run time division_by_zero_vectorized_static_veclen_32_cpy iter 9: 9.106 ms
Run time division_by_zero_vectorized_static_veclen_32_cpy iter 10: 8.019 ms
Run time division_by_zero_vectorized_static_veclen_32_cpy iter 11: 6.559 ms
Run time division_by_zero_vectorized_static_veclen_32_cpy iter 12: 6.385 ms
Run time division_by_zero_vectorized_static_veclen_32_cpy iter 13: 6.060 ms
Run time division_by_zero_vectorized_static_veclen_32_cpy iter 14: 6.280 ms
Run time division_by_zero_vectorized_static_veclen_32_cpy iter 15: 6.107 ms
Run time division_by_zero_vectorized_static_veclen_32_cpy iter 16: 6.075 ms
Run time division_by_zero_vectorized_static_veclen_32_cpy iter 17: 6.160 ms
Run time division_by_zero_vectorized_static_veclen_32_cpy iter 18: 6.004 ms
Run time division_by_zero_vectorized_static_veclen_32_cpy iter 19: 6.317 ms
[can_be_applied] to if_197 is True
[can_be_applied] to if_197 is True
Changing __out = (__in1 / __in2) to have +1.7800590868057611e-307 to avoid NaN/inf floating-point exception in division!
Run time division_by_zero_vectorized_static_veclen_64_no_cpy iter 0: 12.310 ms
Run time division_by_zero_vectorized_static_veclen_64_no_cpy iter 1: 10.250 ms
Run time division_by_zero_vectorized_static_veclen_64_no_cpy iter 2: 10.314 ms
Run time division_by_zero_vectorized_static_veclen_64_no_cpy iter 3: 9.320 ms
Run time division_by_zero_vectorized_static_veclen_64_no_cpy iter 4: 9.392 ms
Run time division_by_zero_vectorized_static_veclen_64_no_cpy iter 5: 8.974 ms
Run time division_by_zero_vectorized_static_veclen_64_no_cpy iter 6: 9.397 ms
Run time division_by_zero_vectorized_static_veclen_64_no_cpy iter 7: 8.644 ms
Run time division_by_zero_vectorized_static_veclen_64_no_cpy iter 8: 9.202 ms
Run time division_by_zero_vectorized_static_veclen_64_no_cpy iter 9: 9.257 ms
Run time division_by_zero_vectorized_static_veclen_64_no_cpy iter 10: 10.520 ms
Run time division_by_zero_vectorized_static_veclen_64_no_cpy iter 11: 8.826 ms
Run time division_by_zero_vectorized_static_veclen_64_no_cpy iter 12: 7.763 ms
Run time division_by_zero_vectorized_static_veclen_64_no_cpy iter 13: 7.983 ms
Run time division_by_zero_vectorized_static_veclen_64_no_cpy iter 14: 7.681 ms
Run time division_by_zero_vectorized_static_veclen_64_no_cpy iter 15: 7.679 ms
Run time division_by_zero_vectorized_static_veclen_64_no_cpy iter 16: 7.729 ms
Run time division_by_zero_vectorized_static_veclen_64_no_cpy iter 17: 7.756 ms
Run time division_by_zero_vectorized_static_veclen_64_no_cpy iter 18: 7.737 ms
Run time division_by_zero_vectorized_static_veclen_64_no_cpy iter 19: 7.713 ms
[can_be_applied] to if_197 is True
[can_be_applied] to if_197 is True
Changing __out = (__in1 / __in2) to have +1.7800590868057611e-307 to avoid NaN/inf floating-point exception in division!
Run time division_by_zero_vectorized_static_veclen_64_cpy iter 0: 7.889 ms
Run time division_by_zero_vectorized_static_veclen_64_cpy iter 1: 7.826 ms
Run time division_by_zero_vectorized_static_veclen_64_cpy iter 2: 8.223 ms
Run time division_by_zero_vectorized_static_veclen_64_cpy iter 3: 9.258 ms
Run time division_by_zero_vectorized_static_veclen_64_cpy iter 4: 11.081 ms
Run time division_by_zero_vectorized_static_veclen_64_cpy iter 5: 8.059 ms
Run time division_by_zero_vectorized_static_veclen_64_cpy iter 6: 7.801 ms
Run time division_by_zero_vectorized_static_veclen_64_cpy iter 7: 9.632 ms
Run time division_by_zero_vectorized_static_veclen_64_cpy iter 8: 7.863 ms
Run time division_by_zero_vectorized_static_veclen_64_cpy iter 9: 8.549 ms
Run time division_by_zero_vectorized_static_veclen_64_cpy iter 10: 7.773 ms
Run time division_by_zero_vectorized_static_veclen_64_cpy iter 11: 7.767 ms
Run time division_by_zero_vectorized_static_veclen_64_cpy iter 12: 7.813 ms
Run time division_by_zero_vectorized_static_veclen_64_cpy iter 13: 10.779 ms
Run time division_by_zero_vectorized_static_veclen_64_cpy iter 14: 8.768 ms
Run time division_by_zero_vectorized_static_veclen_64_cpy iter 15: 9.602 ms
Run time division_by_zero_vectorized_static_veclen_64_cpy iter 16: 9.757 ms
Run time division_by_zero_vectorized_static_veclen_64_cpy iter 17: 8.884 ms
Run time division_by_zero_vectorized_static_veclen_64_cpy iter 18: 10.105 ms
Run time division_by_zero_vectorized_static_veclen_64_cpy iter 19: 11.862 ms
Run time division_by_zero iter 0: 13.945 ms
Run time division_by_zero iter 1: 13.267 ms
Run time division_by_zero iter 2: 13.515 ms
Run time division_by_zero iter 3: 13.943 ms
Run time division_by_zero iter 4: 13.152 ms
Run time division_by_zero iter 5: 13.067 ms
Run time division_by_zero iter 6: 15.333 ms
Run time division_by_zero iter 7: 15.285 ms
Run time division_by_zero iter 8: 18.983 ms
Run time division_by_zero iter 9: 14.953 ms
Run time division_by_zero iter 10: 17.496 ms
Run time division_by_zero iter 11: 17.328 ms
Run time division_by_zero iter 12: 17.146 ms
Run time division_by_zero iter 13: 15.556 ms
Run time division_by_zero iter 14: 15.212 ms
Run time division_by_zero iter 15: 15.008 ms
Run time division_by_zero iter 16: 15.007 ms
Run time division_by_zero iter 17: 15.381 ms
Run time division_by_zero iter 18: 15.421 ms
Run time division_by_zero iter 19: 16.331 ms
[can_be_applied] to if_197 is True
[can_be_applied] to if_197 is True
Changing __out = (__in1 / __in2) to have +1.7800590868057611e-307 to avoid NaN/inf floating-point exception in division!
Run time division_by_zero_vectorized_static_veclen_8_no_cpy iter 0: 15.103 ms
Run time division_by_zero_vectorized_static_veclen_8_no_cpy iter 1: 15.037 ms
Run time division_by_zero_vectorized_static_veclen_8_no_cpy iter 2: 15.231 ms
Run time division_by_zero_vectorized_static_veclen_8_no_cpy iter 3: 15.175 ms
Run time division_by_zero_vectorized_static_veclen_8_no_cpy iter 4: 15.295 ms
Run time division_by_zero_vectorized_static_veclen_8_no_cpy iter 5: 15.700 ms
Run time division_by_zero_vectorized_static_veclen_8_no_cpy iter 6: 15.156 ms
Run time division_by_zero_vectorized_static_veclen_8_no_cpy iter 7: 15.224 ms
Run time division_by_zero_vectorized_static_veclen_8_no_cpy iter 8: 15.244 ms
Run time division_by_zero_vectorized_static_veclen_8_no_cpy iter 9: 15.941 ms
Run time division_by_zero_vectorized_static_veclen_8_no_cpy iter 10: 15.535 ms
Run time division_by_zero_vectorized_static_veclen_8_no_cpy iter 11: 15.351 ms
Run time division_by_zero_vectorized_static_veclen_8_no_cpy iter 12: 15.272 ms
Run time division_by_zero_vectorized_static_veclen_8_no_cpy iter 13: 16.000 ms
Run time division_by_zero_vectorized_static_veclen_8_no_cpy iter 14: 17.911 ms
Run time division_by_zero_vectorized_static_veclen_8_no_cpy iter 15: 16.222 ms
Run time division_by_zero_vectorized_static_veclen_8_no_cpy iter 16: 16.777 ms
Run time division_by_zero_vectorized_static_veclen_8_no_cpy iter 17: 17.294 ms
Run time division_by_zero_vectorized_static_veclen_8_no_cpy iter 18: 18.828 ms
Run time division_by_zero_vectorized_static_veclen_8_no_cpy iter 19: 19.580 ms
[can_be_applied] to if_197 is True
[can_be_applied] to if_197 is True
Changing __out = (__in1 / __in2) to have +1.7800590868057611e-307 to avoid NaN/inf floating-point exception in division!
Run time division_by_zero_vectorized_static_veclen_8_cpy iter 0: 13.396 ms
Run time division_by_zero_vectorized_static_veclen_8_cpy iter 1: 13.224 ms
Run time division_by_zero_vectorized_static_veclen_8_cpy iter 2: 13.310 ms
Run time division_by_zero_vectorized_static_veclen_8_cpy iter 3: 13.806 ms
Run time division_by_zero_vectorized_static_veclen_8_cpy iter 4: 13.288 ms
Run time division_by_zero_vectorized_static_veclen_8_cpy iter 5: 14.147 ms
Run time division_by_zero_vectorized_static_veclen_8_cpy iter 6: 13.405 ms
Run time division_by_zero_vectorized_static_veclen_8_cpy iter 7: 13.375 ms
Run time division_by_zero_vectorized_static_veclen_8_cpy iter 8: 13.046 ms
Run time division_by_zero_vectorized_static_veclen_8_cpy iter 9: 13.378 ms
Run time division_by_zero_vectorized_static_veclen_8_cpy iter 10: 14.453 ms
Run time division_by_zero_vectorized_static_veclen_8_cpy iter 11: 13.232 ms
Run time division_by_zero_vectorized_static_veclen_8_cpy iter 12: 13.279 ms
Run time division_by_zero_vectorized_static_veclen_8_cpy iter 13: 14.345 ms
Run time division_by_zero_vectorized_static_veclen_8_cpy iter 14: 13.814 ms
Run time division_by_zero_vectorized_static_veclen_8_cpy iter 15: 15.820 ms
Run time division_by_zero_vectorized_static_veclen_8_cpy iter 16: 18.039 ms
Run time division_by_zero_vectorized_static_veclen_8_cpy iter 17: 13.105 ms
Run time division_by_zero_vectorized_static_veclen_8_cpy iter 18: 14.004 ms
Run time division_by_zero_vectorized_static_veclen_8_cpy iter 19: 17.040 ms
[can_be_applied] to if_197 is True
[can_be_applied] to if_197 is True
Changing __out = (__in1 / __in2) to have +1.7800590868057611e-307 to avoid NaN/inf floating-point exception in division!
Run time division_by_zero_vectorized_static_veclen_16_no_cpy iter 0: 13.902 ms
Run time division_by_zero_vectorized_static_veclen_16_no_cpy iter 1: 14.124 ms
Run time division_by_zero_vectorized_static_veclen_16_no_cpy iter 2: 13.885 ms
Run time division_by_zero_vectorized_static_veclen_16_no_cpy iter 3: 13.762 ms
Run time division_by_zero_vectorized_static_veclen_16_no_cpy iter 4: 14.287 ms
Run time division_by_zero_vectorized_static_veclen_16_no_cpy iter 5: 13.958 ms
Run time division_by_zero_vectorized_static_veclen_16_no_cpy iter 6: 14.168 ms
Run time division_by_zero_vectorized_static_veclen_16_no_cpy iter 7: 13.983 ms
Run time division_by_zero_vectorized_static_veclen_16_no_cpy iter 8: 13.640 ms
Run time division_by_zero_vectorized_static_veclen_16_no_cpy iter 9: 14.605 ms
Run time division_by_zero_vectorized_static_veclen_16_no_cpy iter 10: 14.201 ms
Run time division_by_zero_vectorized_static_veclen_16_no_cpy iter 11: 14.536 ms
Run time division_by_zero_vectorized_static_veclen_16_no_cpy iter 12: 14.281 ms
Run time division_by_zero_vectorized_static_veclen_16_no_cpy iter 13: 14.064 ms
Run time division_by_zero_vectorized_static_veclen_16_no_cpy iter 14: 14.881 ms
Run time division_by_zero_vectorized_static_veclen_16_no_cpy iter 15: 14.744 ms
Run time division_by_zero_vectorized_static_veclen_16_no_cpy iter 16: 17.173 ms
Run time division_by_zero_vectorized_static_veclen_16_no_cpy iter 17: 17.235 ms
Run time division_by_zero_vectorized_static_veclen_16_no_cpy iter 18: 18.015 ms
Run time division_by_zero_vectorized_static_veclen_16_no_cpy iter 19: 16.113 ms
[can_be_applied] to if_197 is True
[can_be_applied] to if_197 is True
Changing __out = (__in1 / __in2) to have +1.7800590868057611e-307 to avoid NaN/inf floating-point exception in division!
Run time division_by_zero_vectorized_static_veclen_16_cpy iter 0: 13.168 ms
Run time division_by_zero_vectorized_static_veclen_16_cpy iter 1: 13.288 ms
Run time division_by_zero_vectorized_static_veclen_16_cpy iter 2: 13.560 ms
Run time division_by_zero_vectorized_static_veclen_16_cpy iter 3: 13.465 ms
Run time division_by_zero_vectorized_static_veclen_16_cpy iter 4: 13.195 ms
Run time division_by_zero_vectorized_static_veclen_16_cpy iter 5: 13.568 ms
Run time division_by_zero_vectorized_static_veclen_16_cpy iter 6: 13.189 ms
Run time division_by_zero_vectorized_static_veclen_16_cpy iter 7: 13.058 ms
Run time division_by_zero_vectorized_static_veclen_16_cpy iter 8: 13.215 ms
Run time division_by_zero_vectorized_static_veclen_16_cpy iter 9: 13.262 ms
Run time division_by_zero_vectorized_static_veclen_16_cpy iter 10: 13.283 ms
Run time division_by_zero_vectorized_static_veclen_16_cpy iter 11: 13.506 ms
Run time division_by_zero_vectorized_static_veclen_16_cpy iter 12: 13.307 ms
Run time division_by_zero_vectorized_static_veclen_16_cpy iter 13: 13.510 ms
Run time division_by_zero_vectorized_static_veclen_16_cpy iter 14: 13.490 ms
Run time division_by_zero_vectorized_static_veclen_16_cpy iter 15: 13.879 ms
Run time division_by_zero_vectorized_static_veclen_16_cpy iter 16: 13.795 ms
Run time division_by_zero_vectorized_static_veclen_16_cpy iter 17: 13.334 ms
Run time division_by_zero_vectorized_static_veclen_16_cpy iter 18: 13.578 ms
Run time division_by_zero_vectorized_static_veclen_16_cpy iter 19: 13.194 ms
[can_be_applied] to if_197 is True
[can_be_applied] to if_197 is True
Changing __out = (__in1 / __in2) to have +1.7800590868057611e-307 to avoid NaN/inf floating-point exception in division!
Run time division_by_zero_vectorized_static_veclen_32_no_cpy iter 0: 12.768 ms
Run time division_by_zero_vectorized_static_veclen_32_no_cpy iter 1: 12.857 ms
Run time division_by_zero_vectorized_static_veclen_32_no_cpy iter 2: 13.096 ms
Run time division_by_zero_vectorized_static_veclen_32_no_cpy iter 3: 12.761 ms
Run time division_by_zero_vectorized_static_veclen_32_no_cpy iter 4: 12.744 ms
Run time division_by_zero_vectorized_static_veclen_32_no_cpy iter 5: 12.863 ms
Run time division_by_zero_vectorized_static_veclen_32_no_cpy iter 6: 13.237 ms
Run time division_by_zero_vectorized_static_veclen_32_no_cpy iter 7: 12.789 ms
Run time division_by_zero_vectorized_static_veclen_32_no_cpy iter 8: 12.820 ms
Run time division_by_zero_vectorized_static_veclen_32_no_cpy iter 9: 12.997 ms
Run time division_by_zero_vectorized_static_veclen_32_no_cpy iter 10: 12.964 ms
Run time division_by_zero_vectorized_static_veclen_32_no_cpy iter 11: 13.524 ms
Run time division_by_zero_vectorized_static_veclen_32_no_cpy iter 12: 13.330 ms
Run time division_by_zero_vectorized_static_veclen_32_no_cpy iter 13: 13.089 ms
Run time division_by_zero_vectorized_static_veclen_32_no_cpy iter 14: 13.091 ms
Run time division_by_zero_vectorized_static_veclen_32_no_cpy iter 15: 13.169 ms
Run time division_by_zero_vectorized_static_veclen_32_no_cpy iter 16: 13.149 ms
Run time division_by_zero_vectorized_static_veclen_32_no_cpy iter 17: 13.305 ms
Run time division_by_zero_vectorized_static_veclen_32_no_cpy iter 18: 13.170 ms
Run time division_by_zero_vectorized_static_veclen_32_no_cpy iter 19: 13.011 ms
[can_be_applied] to if_197 is True
[can_be_applied] to if_197 is True
Changing __out = (__in1 / __in2) to have +1.7800590868057611e-307 to avoid NaN/inf floating-point exception in division!
Run time division_by_zero_vectorized_static_veclen_32_cpy iter 0: 15.046 ms
Run time division_by_zero_vectorized_static_veclen_32_cpy iter 1: 13.738 ms
Run time division_by_zero_vectorized_static_veclen_32_cpy iter 2: 15.434 ms
Run time division_by_zero_vectorized_static_veclen_32_cpy iter 3: 13.637 ms
Run time division_by_zero_vectorized_static_veclen_32_cpy iter 4: 13.482 ms
Run time division_by_zero_vectorized_static_veclen_32_cpy iter 5: 13.148 ms
Run time division_by_zero_vectorized_static_veclen_32_cpy iter 6: 13.545 ms
Run time division_by_zero_vectorized_static_veclen_32_cpy iter 7: 13.403 ms
Run time division_by_zero_vectorized_static_veclen_32_cpy iter 8: 13.196 ms
Run time division_by_zero_vectorized_static_veclen_32_cpy iter 9: 13.385 ms
Run time division_by_zero_vectorized_static_veclen_32_cpy iter 10: 13.359 ms
Run time division_by_zero_vectorized_static_veclen_32_cpy iter 11: 13.334 ms
Run time division_by_zero_vectorized_static_veclen_32_cpy iter 12: 13.672 ms
Run time division_by_zero_vectorized_static_veclen_32_cpy iter 13: 13.272 ms
Run time division_by_zero_vectorized_static_veclen_32_cpy iter 14: 13.384 ms
Run time division_by_zero_vectorized_static_veclen_32_cpy iter 15: 13.350 ms
Run time division_by_zero_vectorized_static_veclen_32_cpy iter 16: 13.344 ms
Run time division_by_zero_vectorized_static_veclen_32_cpy iter 17: 13.289 ms
Run time division_by_zero_vectorized_static_veclen_32_cpy iter 18: 13.592 ms
Run time division_by_zero_vectorized_static_veclen_32_cpy iter 19: 13.378 ms
[can_be_applied] to if_197 is True
[can_be_applied] to if_197 is True
Changing __out = (__in1 / __in2) to have +1.7800590868057611e-307 to avoid NaN/inf floating-point exception in division!
Run time division_by_zero_vectorized_static_veclen_64_no_cpy iter 0: 22.297 ms
Run time division_by_zero_vectorized_static_veclen_64_no_cpy iter 1: 21.908 ms
Run time division_by_zero_vectorized_static_veclen_64_no_cpy iter 2: 21.092 ms
Run time division_by_zero_vectorized_static_veclen_64_no_cpy iter 3: 20.327 ms
Run time division_by_zero_vectorized_static_veclen_64_no_cpy iter 4: 22.137 ms
Run time division_by_zero_vectorized_static_veclen_64_no_cpy iter 5: 23.410 ms
Run time division_by_zero_vectorized_static_veclen_64_no_cpy iter 6: 23.114 ms
Run time division_by_zero_vectorized_static_veclen_64_no_cpy iter 7: 21.003 ms
Run time division_by_zero_vectorized_static_veclen_64_no_cpy iter 8: 20.629 ms
Run time division_by_zero_vectorized_static_veclen_64_no_cpy iter 9: 20.804 ms
Run time division_by_zero_vectorized_static_veclen_64_no_cpy iter 10: 21.263 ms
Run time division_by_zero_vectorized_static_veclen_64_no_cpy iter 11: 21.688 ms
Run time division_by_zero_vectorized_static_veclen_64_no_cpy iter 12: 17.157 ms
Run time division_by_zero_vectorized_static_veclen_64_no_cpy iter 13: 17.536 ms
Run time division_by_zero_vectorized_static_veclen_64_no_cpy iter 14: 17.184 ms
Run time division_by_zero_vectorized_static_veclen_64_no_cpy iter 15: 17.602 ms
Run time division_by_zero_vectorized_static_veclen_64_no_cpy iter 16: 17.225 ms
Run time division_by_zero_vectorized_static_veclen_64_no_cpy iter 17: 17.173 ms
Run time division_by_zero_vectorized_static_veclen_64_no_cpy iter 18: 17.756 ms
Run time division_by_zero_vectorized_static_veclen_64_no_cpy iter 19: 17.205 ms
[can_be_applied] to if_197 is True
[can_be_applied] to if_197 is True
Changing __out = (__in1 / __in2) to have +1.7800590868057611e-307 to avoid NaN/inf floating-point exception in division!
Run time division_by_zero_vectorized_static_veclen_64_cpy iter 0: 19.579 ms
Run time division_by_zero_vectorized_static_veclen_64_cpy iter 1: 16.361 ms
Run time division_by_zero_vectorized_static_veclen_64_cpy iter 2: 23.600 ms
Run time division_by_zero_vectorized_static_veclen_64_cpy iter 3: 23.835 ms
Run time division_by_zero_vectorized_static_veclen_64_cpy iter 4: 17.779 ms
Run time division_by_zero_vectorized_static_veclen_64_cpy iter 5: 17.909 ms
Run time division_by_zero_vectorized_static_veclen_64_cpy iter 6: 17.628 ms
Run time division_by_zero_vectorized_static_veclen_64_cpy iter 7: 18.206 ms
Run time division_by_zero_vectorized_static_veclen_64_cpy iter 8: 16.728 ms
Run time division_by_zero_vectorized_static_veclen_64_cpy iter 9: 17.056 ms
Run time division_by_zero_vectorized_static_veclen_64_cpy iter 10: 23.150 ms
Run time division_by_zero_vectorized_static_veclen_64_cpy iter 11: 22.522 ms
Run time division_by_zero_vectorized_static_veclen_64_cpy iter 12: 22.257 ms
Run time division_by_zero_vectorized_static_veclen_64_cpy iter 13: 21.859 ms
Run time division_by_zero_vectorized_static_veclen_64_cpy iter 14: 18.720 ms
Run time division_by_zero_vectorized_static_veclen_64_cpy iter 15: 18.725 ms
Run time division_by_zero_vectorized_static_veclen_64_cpy iter 16: 16.882 ms
Run time division_by_zero_vectorized_static_veclen_64_cpy iter 17: 16.403 ms
Run time division_by_zero_vectorized_static_veclen_64_cpy iter 18: 16.504 ms
Run time division_by_zero_vectorized_static_veclen_64_cpy iter 19: 16.881 ms
Run time division_by_zero iter 0: 35.337 ms
Run time division_by_zero iter 1: 28.245 ms
Run time division_by_zero iter 2: 40.578 ms
Run time division_by_zero iter 3: 40.400 ms
Run time division_by_zero iter 4: 34.985 ms
Run time division_by_zero iter 5: 36.401 ms
Run time division_by_zero iter 6: 36.031 ms
Run time division_by_zero iter 7: 35.858 ms
Run time division_by_zero iter 8: 40.250 ms
Run time division_by_zero iter 9: 38.812 ms
Run time division_by_zero iter 10: 36.756 ms
Run time division_by_zero iter 11: 28.663 ms
Run time division_by_zero iter 12: 30.448 ms
Run time division_by_zero iter 13: 31.317 ms
Run time division_by_zero iter 14: 33.475 ms
Run time division_by_zero iter 15: 29.208 ms
Run time division_by_zero iter 16: 26.244 ms
Run time division_by_zero iter 17: 25.000 ms
Run time division_by_zero iter 18: 24.258 ms
Run time division_by_zero iter 19: 23.843 ms
[can_be_applied] to if_197 is True
[can_be_applied] to if_197 is True
Changing __out = (__in1 / __in2) to have +1.7800590868057611e-307 to avoid NaN/inf floating-point exception in division!
Run time division_by_zero_vectorized_static_veclen_8_no_cpy iter 0: 45.052 ms
Run time division_by_zero_vectorized_static_veclen_8_no_cpy iter 1: 51.058 ms
Run time division_by_zero_vectorized_static_veclen_8_no_cpy iter 2: 47.099 ms
Run time division_by_zero_vectorized_static_veclen_8_no_cpy iter 3: 45.794 ms
Run time division_by_zero_vectorized_static_veclen_8_no_cpy iter 4: 56.950 ms
Run time division_by_zero_vectorized_static_veclen_8_no_cpy iter 5: 54.625 ms
Run time division_by_zero_vectorized_static_veclen_8_no_cpy iter 6: 38.976 ms
Run time division_by_zero_vectorized_static_veclen_8_no_cpy iter 7: 42.740 ms
Run time division_by_zero_vectorized_static_veclen_8_no_cpy iter 8: 43.751 ms
Run time division_by_zero_vectorized_static_veclen_8_no_cpy iter 9: 35.137 ms
Run time division_by_zero_vectorized_static_veclen_8_no_cpy iter 10: 27.060 ms
Run time division_by_zero_vectorized_static_veclen_8_no_cpy iter 11: 28.064 ms
Run time division_by_zero_vectorized_static_veclen_8_no_cpy iter 12: 29.997 ms
Run time division_by_zero_vectorized_static_veclen_8_no_cpy iter 13: 38.689 ms
Run time division_by_zero_vectorized_static_veclen_8_no_cpy iter 14: 35.787 ms
Run time division_by_zero_vectorized_static_veclen_8_no_cpy iter 15: 36.236 ms
Run time division_by_zero_vectorized_static_veclen_8_no_cpy iter 16: 31.507 ms
Run time division_by_zero_vectorized_static_veclen_8_no_cpy iter 17: 31.162 ms
Run time division_by_zero_vectorized_static_veclen_8_no_cpy iter 18: 31.968 ms
Run time division_by_zero_vectorized_static_veclen_8_no_cpy iter 19: 31.451 ms
[can_be_applied] to if_197 is True
[can_be_applied] to if_197 is True
Changing __out = (__in1 / __in2) to have +1.7800590868057611e-307 to avoid NaN/inf floating-point exception in division!
Run time division_by_zero_vectorized_static_veclen_8_cpy iter 0: 31.756 ms
Run time division_by_zero_vectorized_static_veclen_8_cpy iter 1: 31.024 ms
Run time division_by_zero_vectorized_static_veclen_8_cpy iter 2: 32.148 ms
Run time division_by_zero_vectorized_static_veclen_8_cpy iter 3: 33.762 ms
Run time division_by_zero_vectorized_static_veclen_8_cpy iter 4: 41.292 ms
Run time division_by_zero_vectorized_static_veclen_8_cpy iter 5: 34.857 ms
Run time division_by_zero_vectorized_static_veclen_8_cpy iter 6: 34.745 ms
Run time division_by_zero_vectorized_static_veclen_8_cpy iter 7: 42.494 ms
Run time division_by_zero_vectorized_static_veclen_8_cpy iter 8: 42.354 ms
Run time division_by_zero_vectorized_static_veclen_8_cpy iter 9: 40.957 ms
Run time division_by_zero_vectorized_static_veclen_8_cpy iter 10: 31.102 ms
Run time division_by_zero_vectorized_static_veclen_8_cpy iter 11: 49.121 ms
Run time division_by_zero_vectorized_static_veclen_8_cpy iter 12: 46.880 ms
Run time division_by_zero_vectorized_static_veclen_8_cpy iter 13: 35.485 ms
Run time division_by_zero_vectorized_static_veclen_8_cpy iter 14: 41.802 ms
Run time division_by_zero_vectorized_static_veclen_8_cpy iter 15: 41.898 ms
Run time division_by_zero_vectorized_static_veclen_8_cpy iter 16: 34.347 ms
Run time division_by_zero_vectorized_static_veclen_8_cpy iter 17: 34.488 ms
Run time division_by_zero_vectorized_static_veclen_8_cpy iter 18: 38.375 ms
Run time division_by_zero_vectorized_static_veclen_8_cpy iter 19: 32.860 ms
[can_be_applied] to if_197 is True
[can_be_applied] to if_197 is True
Changing __out = (__in1 / __in2) to have +1.7800590868057611e-307 to avoid NaN/inf floating-point exception in division!
Run time division_by_zero_vectorized_static_veclen_16_no_cpy iter 0: 38.652 ms
Run time division_by_zero_vectorized_static_veclen_16_no_cpy iter 1: 40.345 ms
Run time division_by_zero_vectorized_static_veclen_16_no_cpy iter 2: 39.350 ms
Run time division_by_zero_vectorized_static_veclen_16_no_cpy iter 3: 39.421 ms
Run time division_by_zero_vectorized_static_veclen_16_no_cpy iter 4: 39.238 ms
Run time division_by_zero_vectorized_static_veclen_16_no_cpy iter 5: 41.463 ms
Run time division_by_zero_vectorized_static_veclen_16_no_cpy iter 6: 46.242 ms
Run time division_by_zero_vectorized_static_veclen_16_no_cpy iter 7: 44.336 ms
Run time division_by_zero_vectorized_static_veclen_16_no_cpy iter 8: 28.913 ms
Run time division_by_zero_vectorized_static_veclen_16_no_cpy iter 9: 27.763 ms
Run time division_by_zero_vectorized_static_veclen_16_no_cpy iter 10: 30.772 ms
Run time division_by_zero_vectorized_static_veclen_16_no_cpy iter 11: 30.896 ms
Run time division_by_zero_vectorized_static_veclen_16_no_cpy iter 12: 34.592 ms
Run time division_by_zero_vectorized_static_veclen_16_no_cpy iter 13: 32.389 ms
Run time division_by_zero_vectorized_static_veclen_16_no_cpy iter 14: 31.419 ms
Run time division_by_zero_vectorized_static_veclen_16_no_cpy iter 15: 30.829 ms
Run time division_by_zero_vectorized_static_veclen_16_no_cpy iter 16: 39.242 ms
Run time division_by_zero_vectorized_static_veclen_16_no_cpy iter 17: 34.946 ms
Run time division_by_zero_vectorized_static_veclen_16_no_cpy iter 18: 36.936 ms
Run time division_by_zero_vectorized_static_veclen_16_no_cpy iter 19: 35.688 ms
[can_be_applied] to if_197 is True
[can_be_applied] to if_197 is True
Changing __out = (__in1 / __in2) to have +1.7800590868057611e-307 to avoid NaN/inf floating-point exception in division!
Run time division_by_zero_vectorized_static_veclen_16_cpy iter 0: 22.914 ms
Run time division_by_zero_vectorized_static_veclen_16_cpy iter 1: 22.906 ms
Run time division_by_zero_vectorized_static_veclen_16_cpy iter 2: 22.614 ms
Run time division_by_zero_vectorized_static_veclen_16_cpy iter 3: 22.723 ms
Run time division_by_zero_vectorized_static_veclen_16_cpy iter 4: 23.212 ms
Run time division_by_zero_vectorized_static_veclen_16_cpy iter 5: 24.834 ms
Run time division_by_zero_vectorized_static_veclen_16_cpy iter 6: 24.180 ms
Run time division_by_zero_vectorized_static_veclen_16_cpy iter 7: 24.997 ms
Run time division_by_zero_vectorized_static_veclen_16_cpy iter 8: 24.177 ms
Run time division_by_zero_vectorized_static_veclen_16_cpy iter 9: 23.426 ms
Run time division_by_zero_vectorized_static_veclen_16_cpy iter 10: 23.690 ms
Run time division_by_zero_vectorized_static_veclen_16_cpy iter 11: 23.952 ms
Run time division_by_zero_vectorized_static_veclen_16_cpy iter 12: 23.414 ms
Run time division_by_zero_vectorized_static_veclen_16_cpy iter 13: 23.041 ms
Run time division_by_zero_vectorized_static_veclen_16_cpy iter 14: 23.553 ms
Run time division_by_zero_vectorized_static_veclen_16_cpy iter 15: 23.793 ms
Run time division_by_zero_vectorized_static_veclen_16_cpy iter 16: 23.462 ms
Run time division_by_zero_vectorized_static_veclen_16_cpy iter 17: 23.547 ms
Run time division_by_zero_vectorized_static_veclen_16_cpy iter 18: 23.265 ms
Run time division_by_zero_vectorized_static_veclen_16_cpy iter 19: 24.521 ms
[can_be_applied] to if_197 is True
[can_be_applied] to if_197 is True
Changing __out = (__in1 / __in2) to have +1.7800590868057611e-307 to avoid NaN/inf floating-point exception in division!
Run time division_by_zero_vectorized_static_veclen_32_no_cpy iter 0: 24.381 ms
Run time division_by_zero_vectorized_static_veclen_32_no_cpy iter 1: 24.212 ms
Run time division_by_zero_vectorized_static_veclen_32_no_cpy iter 2: 24.064 ms
Run time division_by_zero_vectorized_static_veclen_32_no_cpy iter 3: 24.209 ms
Run time division_by_zero_vectorized_static_veclen_32_no_cpy iter 4: 24.279 ms
Run time division_by_zero_vectorized_static_veclen_32_no_cpy iter 5: 25.263 ms
Run time division_by_zero_vectorized_static_veclen_32_no_cpy iter 6: 24.652 ms
Run time division_by_zero_vectorized_static_veclen_32_no_cpy iter 7: 25.087 ms
Run time division_by_zero_vectorized_static_veclen_32_no_cpy iter 8: 24.062 ms
Run time division_by_zero_vectorized_static_veclen_32_no_cpy iter 9: 24.990 ms
Run time division_by_zero_vectorized_static_veclen_32_no_cpy iter 10: 24.310 ms
Run time division_by_zero_vectorized_static_veclen_32_no_cpy iter 11: 24.336 ms
Run time division_by_zero_vectorized_static_veclen_32_no_cpy iter 12: 24.714 ms
Run time division_by_zero_vectorized_static_veclen_32_no_cpy iter 13: 24.526 ms
Run time division_by_zero_vectorized_static_veclen_32_no_cpy iter 14: 24.574 ms
Run time division_by_zero_vectorized_static_veclen_32_no_cpy iter 15: 24.688 ms
Run time division_by_zero_vectorized_static_veclen_32_no_cpy iter 16: 24.461 ms
Run time division_by_zero_vectorized_static_veclen_32_no_cpy iter 17: 25.024 ms
Run time division_by_zero_vectorized_static_veclen_32_no_cpy iter 18: 24.492 ms
Run time division_by_zero_vectorized_static_veclen_32_no_cpy iter 19: 24.341 ms
[can_be_applied] to if_197 is True
[can_be_applied] to if_197 is True
Changing __out = (__in1 / __in2) to have +1.7800590868057611e-307 to avoid NaN/inf floating-point exception in division!
Run time division_by_zero_vectorized_static_veclen_32_cpy iter 0: 22.828 ms
Run time division_by_zero_vectorized_static_veclen_32_cpy iter 1: 24.302 ms
Run time division_by_zero_vectorized_static_veclen_32_cpy iter 2: 23.711 ms
Run time division_by_zero_vectorized_static_veclen_32_cpy iter 3: 22.691 ms
Run time division_by_zero_vectorized_static_veclen_32_cpy iter 4: 23.849 ms
Run time division_by_zero_vectorized_static_veclen_32_cpy iter 5: 23.515 ms
Run time division_by_zero_vectorized_static_veclen_32_cpy iter 6: 23.760 ms
Run time division_by_zero_vectorized_static_veclen_32_cpy iter 7: 23.535 ms
Run time division_by_zero_vectorized_static_veclen_32_cpy iter 8: 23.810 ms
Run time division_by_zero_vectorized_static_veclen_32_cpy iter 9: 24.416 ms
Run time division_by_zero_vectorized_static_veclen_32_cpy iter 10: 24.050 ms
Run time division_by_zero_vectorized_static_veclen_32_cpy iter 11: 24.299 ms
Run time division_by_zero_vectorized_static_veclen_32_cpy iter 12: 24.600 ms
Run time division_by_zero_vectorized_static_veclen_32_cpy iter 13: 23.779 ms
Run time division_by_zero_vectorized_static_veclen_32_cpy iter 14: 23.931 ms
Run time division_by_zero_vectorized_static_veclen_32_cpy iter 15: 24.125 ms
Run time division_by_zero_vectorized_static_veclen_32_cpy iter 16: 24.411 ms
Run time division_by_zero_vectorized_static_veclen_32_cpy iter 17: 24.846 ms
Run time division_by_zero_vectorized_static_veclen_32_cpy iter 18: 24.077 ms
Run time division_by_zero_vectorized_static_veclen_32_cpy iter 19: 24.306 ms
[can_be_applied] to if_197 is True
[can_be_applied] to if_197 is True
Changing __out = (__in1 / __in2) to have +1.7800590868057611e-307 to avoid NaN/inf floating-point exception in division!
Run time division_by_zero_vectorized_static_veclen_64_no_cpy iter 0: 53.874 ms
Run time division_by_zero_vectorized_static_veclen_64_no_cpy iter 1: 57.186 ms
Run time division_by_zero_vectorized_static_veclen_64_no_cpy iter 2: 52.953 ms
Run time division_by_zero_vectorized_static_veclen_64_no_cpy iter 3: 52.906 ms
Run time division_by_zero_vectorized_static_veclen_64_no_cpy iter 4: 46.971 ms
Run time division_by_zero_vectorized_static_veclen_64_no_cpy iter 5: 42.850 ms
Run time division_by_zero_vectorized_static_veclen_64_no_cpy iter 6: 29.096 ms
Run time division_by_zero_vectorized_static_veclen_64_no_cpy iter 7: 29.277 ms
Run time division_by_zero_vectorized_static_veclen_64_no_cpy iter 8: 29.410 ms
Run time division_by_zero_vectorized_static_veclen_64_no_cpy iter 9: 29.146 ms
Run time division_by_zero_vectorized_static_veclen_64_no_cpy iter 10: 28.879 ms
Run time division_by_zero_vectorized_static_veclen_64_no_cpy iter 11: 29.481 ms
Run time division_by_zero_vectorized_static_veclen_64_no_cpy iter 12: 29.063 ms
Run time division_by_zero_vectorized_static_veclen_64_no_cpy iter 13: 29.041 ms
Run time division_by_zero_vectorized_static_veclen_64_no_cpy iter 14: 30.431 ms
Run time division_by_zero_vectorized_static_veclen_64_no_cpy iter 15: 29.942 ms
Run time division_by_zero_vectorized_static_veclen_64_no_cpy iter 16: 37.286 ms
Run time division_by_zero_vectorized_static_veclen_64_no_cpy iter 17: 31.817 ms
Run time division_by_zero_vectorized_static_veclen_64_no_cpy iter 18: 29.948 ms
Run time division_by_zero_vectorized_static_veclen_64_no_cpy iter 19: 29.263 ms
[can_be_applied] to if_197 is True
[can_be_applied] to if_197 is True
Changing __out = (__in1 / __in2) to have +1.7800590868057611e-307 to avoid NaN/inf floating-point exception in division!
Run time division_by_zero_vectorized_static_veclen_64_cpy iter 0: 54.307 ms
Run time division_by_zero_vectorized_static_veclen_64_cpy iter 1: 31.640 ms
Run time division_by_zero_vectorized_static_veclen_64_cpy iter 2: 32.077 ms
Run time division_by_zero_vectorized_static_veclen_64_cpy iter 3: 32.460 ms
Run time division_by_zero_vectorized_static_veclen_64_cpy iter 4: 31.737 ms
Run time division_by_zero_vectorized_static_veclen_64_cpy iter 5: 32.411 ms
Run time division_by_zero_vectorized_static_veclen_64_cpy iter 6: 31.772 ms
Run time division_by_zero_vectorized_static_veclen_64_cpy iter 7: 32.306 ms
Run time division_by_zero_vectorized_static_veclen_64_cpy iter 8: 32.552 ms
Run time division_by_zero_vectorized_static_veclen_64_cpy iter 9: 33.403 ms
Run time division_by_zero_vectorized_static_veclen_64_cpy iter 10: 32.788 ms
Run time division_by_zero_vectorized_static_veclen_64_cpy iter 11: 32.048 ms
Run time division_by_zero_vectorized_static_veclen_64_cpy iter 12: 32.392 ms
Run time division_by_zero_vectorized_static_veclen_64_cpy iter 13: 31.992 ms
Run time division_by_zero_vectorized_static_veclen_64_cpy iter 14: 32.645 ms
Run time division_by_zero_vectorized_static_veclen_64_cpy iter 15: 32.456 ms
Run time division_by_zero_vectorized_static_veclen_64_cpy iter 16: 32.214 ms
Run time division_by_zero_vectorized_static_veclen_64_cpy iter 17: 32.146 ms
Run time division_by_zero_vectorized_static_veclen_64_cpy iter 18: 32.465 ms
Run time division_by_zero_vectorized_static_veclen_64_cpy iter 19: 32.004 ms
Saved timing results to division_by_zero_timings.csv
