Physical cores: 128
Run time division_by_zero iter 0: 35.494 ms
Run time division_by_zero iter 1: 29.196 ms
Run time division_by_zero iter 2: 33.140 ms
Run time division_by_zero iter 3: 28.337 ms
Run time division_by_zero iter 4: 31.397 ms
Run time division_by_zero iter 5: 37.491 ms
Run time division_by_zero iter 6: 36.946 ms
Run time division_by_zero iter 7: 28.827 ms
Run time division_by_zero iter 8: 33.207 ms
Run time division_by_zero iter 9: 29.711 ms
Run time division_by_zero iter 10: 29.795 ms
Run time division_by_zero iter 11: 29.108 ms
Run time division_by_zero iter 12: 29.039 ms
Run time division_by_zero iter 13: 28.607 ms
Run time division_by_zero iter 14: 29.262 ms
Run time division_by_zero iter 15: 18.883 ms
Run time division_by_zero iter 16: 23.408 ms
Run time division_by_zero iter 17: 27.872 ms
Run time division_by_zero iter 18: 38.670 ms
Run time division_by_zero iter 19: 35.754 ms
[can_be_applied] to if_197 is True
[can_be_applied] to if_197 is True
Changing __out = (__in1 / __in2) to have +1.7800590868057611e-307 to avoid NaN/inf floating-point exception in division!
Run time division_by_zero_vectorized_static_veclen_8_no_cpy iter 0: 29.253 ms
Run time division_by_zero_vectorized_static_veclen_8_no_cpy iter 1: 34.114 ms
Run time division_by_zero_vectorized_static_veclen_8_no_cpy iter 2: 31.343 ms
Run time division_by_zero_vectorized_static_veclen_8_no_cpy iter 3: 30.627 ms
Run time division_by_zero_vectorized_static_veclen_8_no_cpy iter 4: 31.185 ms
Run time division_by_zero_vectorized_static_veclen_8_no_cpy iter 5: 31.744 ms
Run time division_by_zero_vectorized_static_veclen_8_no_cpy iter 6: 30.681 ms
Run time division_by_zero_vectorized_static_veclen_8_no_cpy iter 7: 31.347 ms
Run time division_by_zero_vectorized_static_veclen_8_no_cpy iter 8: 26.232 ms
Run time division_by_zero_vectorized_static_veclen_8_no_cpy iter 9: 31.578 ms
Run time division_by_zero_vectorized_static_veclen_8_no_cpy iter 10: 29.283 ms
Run time division_by_zero_vectorized_static_veclen_8_no_cpy iter 11: 30.162 ms
Run time division_by_zero_vectorized_static_veclen_8_no_cpy iter 12: 8.841 ms
Run time division_by_zero_vectorized_static_veclen_8_no_cpy iter 13: 37.072 ms
Run time division_by_zero_vectorized_static_veclen_8_no_cpy iter 14: 37.584 ms
Run time division_by_zero_vectorized_static_veclen_8_no_cpy iter 15: 26.879 ms
Run time division_by_zero_vectorized_static_veclen_8_no_cpy iter 16: 41.624 ms
Run time division_by_zero_vectorized_static_veclen_8_no_cpy iter 17: 39.633 ms
Run time division_by_zero_vectorized_static_veclen_8_no_cpy iter 18: 29.328 ms
Run time division_by_zero_vectorized_static_veclen_8_no_cpy iter 19: 30.348 ms
[can_be_applied] to if_197 is True
[can_be_applied] to if_197 is True
Changing __out = (__in1 / __in2) to have +1.7800590868057611e-307 to avoid NaN/inf floating-point exception in division!
Run time division_by_zero_vectorized_static_veclen_8_cpy iter 0: 28.842 ms
Run time division_by_zero_vectorized_static_veclen_8_cpy iter 1: 29.805 ms
Run time division_by_zero_vectorized_static_veclen_8_cpy iter 2: 27.878 ms
Run time division_by_zero_vectorized_static_veclen_8_cpy iter 3: 27.388 ms
Run time division_by_zero_vectorized_static_veclen_8_cpy iter 4: 32.941 ms
Run time division_by_zero_vectorized_static_veclen_8_cpy iter 5: 28.517 ms
Run time division_by_zero_vectorized_static_veclen_8_cpy iter 6: 36.665 ms
Run time division_by_zero_vectorized_static_veclen_8_cpy iter 7: 32.481 ms
Run time division_by_zero_vectorized_static_veclen_8_cpy iter 8: 31.187 ms
Run time division_by_zero_vectorized_static_veclen_8_cpy iter 9: 32.283 ms
Run time division_by_zero_vectorized_static_veclen_8_cpy iter 10: 28.581 ms
Run time division_by_zero_vectorized_static_veclen_8_cpy iter 11: 33.297 ms
Run time division_by_zero_vectorized_static_veclen_8_cpy iter 12: 29.802 ms
Run time division_by_zero_vectorized_static_veclen_8_cpy iter 13: 29.615 ms
Run time division_by_zero_vectorized_static_veclen_8_cpy iter 14: 31.216 ms
Run time division_by_zero_vectorized_static_veclen_8_cpy iter 15: 28.845 ms
Run time division_by_zero_vectorized_static_veclen_8_cpy iter 16: 31.426 ms
Run time division_by_zero_vectorized_static_veclen_8_cpy iter 17: 28.868 ms
Run time division_by_zero_vectorized_static_veclen_8_cpy iter 18: 25.925 ms
Run time division_by_zero_vectorized_static_veclen_8_cpy iter 19: 29.484 ms
[can_be_applied] to if_197 is True
[can_be_applied] to if_197 is True
Changing __out = (__in1 / __in2) to have +1.7800590868057611e-307 to avoid NaN/inf floating-point exception in division!
Run time division_by_zero_vectorized_static_veclen_16_no_cpy iter 0: 31.840 ms
Run time division_by_zero_vectorized_static_veclen_16_no_cpy iter 1: 34.770 ms
Run time division_by_zero_vectorized_static_veclen_16_no_cpy iter 2: 30.476 ms
Run time division_by_zero_vectorized_static_veclen_16_no_cpy iter 3: 29.337 ms
Run time division_by_zero_vectorized_static_veclen_16_no_cpy iter 4: 29.396 ms
Run time division_by_zero_vectorized_static_veclen_16_no_cpy iter 5: 31.469 ms
Run time division_by_zero_vectorized_static_veclen_16_no_cpy iter 6: 30.201 ms
Run time division_by_zero_vectorized_static_veclen_16_no_cpy iter 7: 32.011 ms
Run time division_by_zero_vectorized_static_veclen_16_no_cpy iter 8: 31.860 ms
Run time division_by_zero_vectorized_static_veclen_16_no_cpy iter 9: 18.332 ms
Run time division_by_zero_vectorized_static_veclen_16_no_cpy iter 10: 28.210 ms
Run time division_by_zero_vectorized_static_veclen_16_no_cpy iter 11: 30.897 ms
Run time division_by_zero_vectorized_static_veclen_16_no_cpy iter 12: 28.820 ms
Run time division_by_zero_vectorized_static_veclen_16_no_cpy iter 13: 27.397 ms
Run time division_by_zero_vectorized_static_veclen_16_no_cpy iter 14: 29.894 ms
Run time division_by_zero_vectorized_static_veclen_16_no_cpy iter 15: 27.119 ms
Run time division_by_zero_vectorized_static_veclen_16_no_cpy iter 16: 31.120 ms
Run time division_by_zero_vectorized_static_veclen_16_no_cpy iter 17: 31.123 ms
Run time division_by_zero_vectorized_static_veclen_16_no_cpy iter 18: 28.060 ms
Run time division_by_zero_vectorized_static_veclen_16_no_cpy iter 19: 17.654 ms
[can_be_applied] to if_197 is True
[can_be_applied] to if_197 is True
Changing __out = (__in1 / __in2) to have +1.7800590868057611e-307 to avoid NaN/inf floating-point exception in division!
Run time division_by_zero_vectorized_static_veclen_16_cpy iter 0: 655.448 ms
Run time division_by_zero_vectorized_static_veclen_16_cpy iter 1: 57.900 ms
Run time division_by_zero_vectorized_static_veclen_16_cpy iter 2: 29.713 ms
Run time division_by_zero_vectorized_static_veclen_16_cpy iter 3: 29.285 ms
Run time division_by_zero_vectorized_static_veclen_16_cpy iter 4: 23.736 ms
Run time division_by_zero_vectorized_static_veclen_16_cpy iter 5: 28.958 ms
Run time division_by_zero_vectorized_static_veclen_16_cpy iter 6: 26.919 ms
Run time division_by_zero_vectorized_static_veclen_16_cpy iter 7: 30.054 ms
Run time division_by_zero_vectorized_static_veclen_16_cpy iter 8: 29.807 ms
Run time division_by_zero_vectorized_static_veclen_16_cpy iter 9: 29.916 ms
Run time division_by_zero_vectorized_static_veclen_16_cpy iter 10: 37.309 ms
Run time division_by_zero_vectorized_static_veclen_16_cpy iter 11: 26.126 ms
Run time division_by_zero_vectorized_static_veclen_16_cpy iter 12: 25.951 ms
Run time division_by_zero_vectorized_static_veclen_16_cpy iter 13: 27.907 ms
Run time division_by_zero_vectorized_static_veclen_16_cpy iter 14: 27.632 ms
Run time division_by_zero_vectorized_static_veclen_16_cpy iter 15: 26.157 ms
Run time division_by_zero_vectorized_static_veclen_16_cpy iter 16: 28.736 ms
Run time division_by_zero_vectorized_static_veclen_16_cpy iter 17: 27.882 ms
Run time division_by_zero_vectorized_static_veclen_16_cpy iter 18: 31.657 ms
Run time division_by_zero_vectorized_static_veclen_16_cpy iter 19: 32.876 ms
[can_be_applied] to if_197 is True
[can_be_applied] to if_197 is True
Changing __out = (__in1 / __in2) to have +1.7800590868057611e-307 to avoid NaN/inf floating-point exception in division!
Run time division_by_zero_vectorized_static_veclen_32_no_cpy iter 0: 21.994 ms
Run time division_by_zero_vectorized_static_veclen_32_no_cpy iter 1: 32.970 ms
Run time division_by_zero_vectorized_static_veclen_32_no_cpy iter 2: 11.265 ms
Run time division_by_zero_vectorized_static_veclen_32_no_cpy iter 3: 31.405 ms
Run time division_by_zero_vectorized_static_veclen_32_no_cpy iter 4: 31.680 ms
Run time division_by_zero_vectorized_static_veclen_32_no_cpy iter 5: 29.550 ms
Run time division_by_zero_vectorized_static_veclen_32_no_cpy iter 6: 30.057 ms
Run time division_by_zero_vectorized_static_veclen_32_no_cpy iter 7: 26.723 ms
Run time division_by_zero_vectorized_static_veclen_32_no_cpy iter 8: 27.462 ms
Run time division_by_zero_vectorized_static_veclen_32_no_cpy iter 9: 26.317 ms
Run time division_by_zero_vectorized_static_veclen_32_no_cpy iter 10: 28.110 ms
Run time division_by_zero_vectorized_static_veclen_32_no_cpy iter 11: 26.175 ms
Run time division_by_zero_vectorized_static_veclen_32_no_cpy iter 12: 30.957 ms
Run time division_by_zero_vectorized_static_veclen_32_no_cpy iter 13: 31.476 ms
Run time division_by_zero_vectorized_static_veclen_32_no_cpy iter 14: 28.289 ms
Run time division_by_zero_vectorized_static_veclen_32_no_cpy iter 15: 31.540 ms
Run time division_by_zero_vectorized_static_veclen_32_no_cpy iter 16: 27.529 ms
Run time division_by_zero_vectorized_static_veclen_32_no_cpy iter 17: 26.976 ms
Run time division_by_zero_vectorized_static_veclen_32_no_cpy iter 18: 27.171 ms
Run time division_by_zero_vectorized_static_veclen_32_no_cpy iter 19: 30.045 ms
[can_be_applied] to if_197 is True
[can_be_applied] to if_197 is True
Changing __out = (__in1 / __in2) to have +1.7800590868057611e-307 to avoid NaN/inf floating-point exception in division!
Run time division_by_zero_vectorized_static_veclen_32_cpy iter 0: 28.667 ms
Run time division_by_zero_vectorized_static_veclen_32_cpy iter 1: 32.243 ms
Run time division_by_zero_vectorized_static_veclen_32_cpy iter 2: 31.245 ms
Run time division_by_zero_vectorized_static_veclen_32_cpy iter 3: 30.609 ms
Run time division_by_zero_vectorized_static_veclen_32_cpy iter 4: 31.519 ms
Run time division_by_zero_vectorized_static_veclen_32_cpy iter 5: 30.972 ms
Run time division_by_zero_vectorized_static_veclen_32_cpy iter 6: 29.152 ms
Run time division_by_zero_vectorized_static_veclen_32_cpy iter 7: 29.165 ms
Run time division_by_zero_vectorized_static_veclen_32_cpy iter 8: 28.485 ms
Run time division_by_zero_vectorized_static_veclen_32_cpy iter 9: 28.264 ms
Run time division_by_zero_vectorized_static_veclen_32_cpy iter 10: 27.357 ms
Run time division_by_zero_vectorized_static_veclen_32_cpy iter 11: 25.516 ms
Run time division_by_zero_vectorized_static_veclen_32_cpy iter 12: 27.852 ms
Run time division_by_zero_vectorized_static_veclen_32_cpy iter 13: 28.563 ms
Run time division_by_zero_vectorized_static_veclen_32_cpy iter 14: 31.458 ms
Run time division_by_zero_vectorized_static_veclen_32_cpy iter 15: 28.010 ms
Run time division_by_zero_vectorized_static_veclen_32_cpy iter 16: 28.821 ms
Run time division_by_zero_vectorized_static_veclen_32_cpy iter 17: 15.414 ms
Run time division_by_zero_vectorized_static_veclen_32_cpy iter 18: 20.263 ms
Run time division_by_zero_vectorized_static_veclen_32_cpy iter 19: 29.621 ms
[can_be_applied] to if_197 is True
[can_be_applied] to if_197 is True
Changing __out = (__in1 / __in2) to have +1.7800590868057611e-307 to avoid NaN/inf floating-point exception in division!
Run time division_by_zero_vectorized_static_veclen_64_no_cpy iter 0: 26.828 ms
Run time division_by_zero_vectorized_static_veclen_64_no_cpy iter 1: 37.714 ms
Run time division_by_zero_vectorized_static_veclen_64_no_cpy iter 2: 34.583 ms
Run time division_by_zero_vectorized_static_veclen_64_no_cpy iter 3: 36.180 ms
Run time division_by_zero_vectorized_static_veclen_64_no_cpy iter 4: 29.002 ms
Run time division_by_zero_vectorized_static_veclen_64_no_cpy iter 5: 33.003 ms
Run time division_by_zero_vectorized_static_veclen_64_no_cpy iter 6: 34.860 ms
Run time division_by_zero_vectorized_static_veclen_64_no_cpy iter 7: 30.805 ms
Run time division_by_zero_vectorized_static_veclen_64_no_cpy iter 8: 31.824 ms
Run time division_by_zero_vectorized_static_veclen_64_no_cpy iter 9: 32.247 ms
Run time division_by_zero_vectorized_static_veclen_64_no_cpy iter 10: 17.502 ms
Run time division_by_zero_vectorized_static_veclen_64_no_cpy iter 11: 23.303 ms
Run time division_by_zero_vectorized_static_veclen_64_no_cpy iter 12: 29.018 ms
Run time division_by_zero_vectorized_static_veclen_64_no_cpy iter 13: 29.864 ms
Run time division_by_zero_vectorized_static_veclen_64_no_cpy iter 14: 29.215 ms
Run time division_by_zero_vectorized_static_veclen_64_no_cpy iter 15: 18.806 ms
Run time division_by_zero_vectorized_static_veclen_64_no_cpy iter 16: 29.169 ms
Run time division_by_zero_vectorized_static_veclen_64_no_cpy iter 17: 30.596 ms
Run time division_by_zero_vectorized_static_veclen_64_no_cpy iter 18: 27.018 ms
Run time division_by_zero_vectorized_static_veclen_64_no_cpy iter 19: 28.658 ms
[can_be_applied] to if_197 is True
[can_be_applied] to if_197 is True
Changing __out = (__in1 / __in2) to have +1.7800590868057611e-307 to avoid NaN/inf floating-point exception in division!
Run time division_by_zero_vectorized_static_veclen_64_cpy iter 0: 6.555 ms
Run time division_by_zero_vectorized_static_veclen_64_cpy iter 1: 60.884 ms
Run time division_by_zero_vectorized_static_veclen_64_cpy iter 2: 36.662 ms
Run time division_by_zero_vectorized_static_veclen_64_cpy iter 3: 33.634 ms
Run time division_by_zero_vectorized_static_veclen_64_cpy iter 4: 27.863 ms
Run time division_by_zero_vectorized_static_veclen_64_cpy iter 5: 24.771 ms
Run time division_by_zero_vectorized_static_veclen_64_cpy iter 6: 36.522 ms
Run time division_by_zero_vectorized_static_veclen_64_cpy iter 7: 37.645 ms
Run time division_by_zero_vectorized_static_veclen_64_cpy iter 8: 30.725 ms
Run time division_by_zero_vectorized_static_veclen_64_cpy iter 9: 33.540 ms
Run time division_by_zero_vectorized_static_veclen_64_cpy iter 10: 31.077 ms
Run time division_by_zero_vectorized_static_veclen_64_cpy iter 11: 31.160 ms
Run time division_by_zero_vectorized_static_veclen_64_cpy iter 12: 33.485 ms
Run time division_by_zero_vectorized_static_veclen_64_cpy iter 13: 29.196 ms
Run time division_by_zero_vectorized_static_veclen_64_cpy iter 14: 36.106 ms
Run time division_by_zero_vectorized_static_veclen_64_cpy iter 15: 33.820 ms
Run time division_by_zero_vectorized_static_veclen_64_cpy iter 16: 31.364 ms
Run time division_by_zero_vectorized_static_veclen_64_cpy iter 17: 36.668 ms
Run time division_by_zero_vectorized_static_veclen_64_cpy iter 18: 34.107 ms
Run time division_by_zero_vectorized_static_veclen_64_cpy iter 19: 36.036 ms
Run time division_by_zero iter 0: 29.256 ms
Run time division_by_zero iter 1: 47.311 ms
Run time division_by_zero iter 2: 43.284 ms
Run time division_by_zero iter 3: 40.790 ms
Run time division_by_zero iter 4: 44.182 ms
Run time division_by_zero iter 5: 38.684 ms
Run time division_by_zero iter 6: 46.547 ms
Run time division_by_zero iter 7: 45.660 ms
Run time division_by_zero iter 8: 47.049 ms
Run time division_by_zero iter 9: 45.202 ms
Run time division_by_zero iter 10: 39.325 ms
Run time division_by_zero iter 11: 33.740 ms
Run time division_by_zero iter 12: 35.025 ms
Run time division_by_zero iter 13: 34.571 ms
Run time division_by_zero iter 14: 36.268 ms
Run time division_by_zero iter 15: 35.960 ms
Run time division_by_zero iter 16: 34.379 ms
Run time division_by_zero iter 17: 37.036 ms
Run time division_by_zero iter 18: 36.660 ms
Run time division_by_zero iter 19: 33.913 ms
[can_be_applied] to if_197 is True
[can_be_applied] to if_197 is True
Changing __out = (__in1 / __in2) to have +1.7800590868057611e-307 to avoid NaN/inf floating-point exception in division!
Run time division_by_zero_vectorized_static_veclen_8_no_cpy iter 0: 28.462 ms
Run time division_by_zero_vectorized_static_veclen_8_no_cpy iter 1: 37.269 ms
Run time division_by_zero_vectorized_static_veclen_8_no_cpy iter 2: 39.836 ms
Run time division_by_zero_vectorized_static_veclen_8_no_cpy iter 3: 41.678 ms
Run time division_by_zero_vectorized_static_veclen_8_no_cpy iter 4: 35.634 ms
Run time division_by_zero_vectorized_static_veclen_8_no_cpy iter 5: 33.470 ms
Run time division_by_zero_vectorized_static_veclen_8_no_cpy iter 6: 33.922 ms
Run time division_by_zero_vectorized_static_veclen_8_no_cpy iter 7: 38.324 ms
Run time division_by_zero_vectorized_static_veclen_8_no_cpy iter 8: 43.427 ms
Run time division_by_zero_vectorized_static_veclen_8_no_cpy iter 9: 38.553 ms
Run time division_by_zero_vectorized_static_veclen_8_no_cpy iter 10: 35.956 ms
Run time division_by_zero_vectorized_static_veclen_8_no_cpy iter 11: 35.221 ms
Run time division_by_zero_vectorized_static_veclen_8_no_cpy iter 12: 39.260 ms
Run time division_by_zero_vectorized_static_veclen_8_no_cpy iter 13: 33.171 ms
Run time division_by_zero_vectorized_static_veclen_8_no_cpy iter 14: 35.634 ms
Run time division_by_zero_vectorized_static_veclen_8_no_cpy iter 15: 38.206 ms
Run time division_by_zero_vectorized_static_veclen_8_no_cpy iter 16: 34.111 ms
Run time division_by_zero_vectorized_static_veclen_8_no_cpy iter 17: 39.136 ms
Run time division_by_zero_vectorized_static_veclen_8_no_cpy iter 18: 40.688 ms
Run time division_by_zero_vectorized_static_veclen_8_no_cpy iter 19: 34.916 ms
[can_be_applied] to if_197 is True
[can_be_applied] to if_197 is True
Changing __out = (__in1 / __in2) to have +1.7800590868057611e-307 to avoid NaN/inf floating-point exception in division!
Run time division_by_zero_vectorized_static_veclen_8_cpy iter 0: 36.919 ms
Run time division_by_zero_vectorized_static_veclen_8_cpy iter 1: 35.487 ms
Run time division_by_zero_vectorized_static_veclen_8_cpy iter 2: 37.955 ms
Run time division_by_zero_vectorized_static_veclen_8_cpy iter 3: 39.925 ms
Run time division_by_zero_vectorized_static_veclen_8_cpy iter 4: 40.412 ms
Run time division_by_zero_vectorized_static_veclen_8_cpy iter 5: 37.998 ms
Run time division_by_zero_vectorized_static_veclen_8_cpy iter 6: 35.868 ms
Run time division_by_zero_vectorized_static_veclen_8_cpy iter 7: 40.243 ms
Run time division_by_zero_vectorized_static_veclen_8_cpy iter 8: 41.209 ms
Run time division_by_zero_vectorized_static_veclen_8_cpy iter 9: 49.932 ms
Run time division_by_zero_vectorized_static_veclen_8_cpy iter 10: 44.390 ms
Run time division_by_zero_vectorized_static_veclen_8_cpy iter 11: 42.787 ms
Run time division_by_zero_vectorized_static_veclen_8_cpy iter 12: 46.029 ms
Run time division_by_zero_vectorized_static_veclen_8_cpy iter 13: 35.989 ms
Run time division_by_zero_vectorized_static_veclen_8_cpy iter 14: 39.349 ms
Run time division_by_zero_vectorized_static_veclen_8_cpy iter 15: 45.791 ms
Run time division_by_zero_vectorized_static_veclen_8_cpy iter 16: 38.462 ms
Run time division_by_zero_vectorized_static_veclen_8_cpy iter 17: 43.254 ms
Run time division_by_zero_vectorized_static_veclen_8_cpy iter 18: 44.114 ms
Run time division_by_zero_vectorized_static_veclen_8_cpy iter 19: 44.383 ms
[can_be_applied] to if_197 is True
[can_be_applied] to if_197 is True
Changing __out = (__in1 / __in2) to have +1.7800590868057611e-307 to avoid NaN/inf floating-point exception in division!
Run time division_by_zero_vectorized_static_veclen_16_no_cpy iter 0: 33.174 ms
Run time division_by_zero_vectorized_static_veclen_16_no_cpy iter 1: 18.200 ms
Run time division_by_zero_vectorized_static_veclen_16_no_cpy iter 2: 35.803 ms
Run time division_by_zero_vectorized_static_veclen_16_no_cpy iter 3: 36.080 ms
Run time division_by_zero_vectorized_static_veclen_16_no_cpy iter 4: 37.461 ms
Run time division_by_zero_vectorized_static_veclen_16_no_cpy iter 5: 39.505 ms
Run time division_by_zero_vectorized_static_veclen_16_no_cpy iter 6: 57.458 ms
Run time division_by_zero_vectorized_static_veclen_16_no_cpy iter 7: 51.948 ms
Run time division_by_zero_vectorized_static_veclen_16_no_cpy iter 8: 53.554 ms
Run time division_by_zero_vectorized_static_veclen_16_no_cpy iter 9: 50.723 ms
Run time division_by_zero_vectorized_static_veclen_16_no_cpy iter 10: 52.945 ms
Run time division_by_zero_vectorized_static_veclen_16_no_cpy iter 11: 52.782 ms
Run time division_by_zero_vectorized_static_veclen_16_no_cpy iter 12: 48.907 ms
Run time division_by_zero_vectorized_static_veclen_16_no_cpy iter 13: 51.297 ms
Run time division_by_zero_vectorized_static_veclen_16_no_cpy iter 14: 52.458 ms
Run time division_by_zero_vectorized_static_veclen_16_no_cpy iter 15: 51.330 ms
Run time division_by_zero_vectorized_static_veclen_16_no_cpy iter 16: 31.014 ms
Run time division_by_zero_vectorized_static_veclen_16_no_cpy iter 17: 57.718 ms
Run time division_by_zero_vectorized_static_veclen_16_no_cpy iter 18: 51.861 ms
Run time division_by_zero_vectorized_static_veclen_16_no_cpy iter 19: 48.093 ms
[can_be_applied] to if_197 is True
[can_be_applied] to if_197 is True
Changing __out = (__in1 / __in2) to have +1.7800590868057611e-307 to avoid NaN/inf floating-point exception in division!
Run time division_by_zero_vectorized_static_veclen_16_cpy iter 0: 44.937 ms
Run time division_by_zero_vectorized_static_veclen_16_cpy iter 1: 48.707 ms
Run time division_by_zero_vectorized_static_veclen_16_cpy iter 2: 48.561 ms
Run time division_by_zero_vectorized_static_veclen_16_cpy iter 3: 48.216 ms
Run time division_by_zero_vectorized_static_veclen_16_cpy iter 4: 48.379 ms
Run time division_by_zero_vectorized_static_veclen_16_cpy iter 5: 45.577 ms
Run time division_by_zero_vectorized_static_veclen_16_cpy iter 6: 50.679 ms
Run time division_by_zero_vectorized_static_veclen_16_cpy iter 7: 49.096 ms
Run time division_by_zero_vectorized_static_veclen_16_cpy iter 8: 44.327 ms
Run time division_by_zero_vectorized_static_veclen_16_cpy iter 9: 37.256 ms
Run time division_by_zero_vectorized_static_veclen_16_cpy iter 10: 24.529 ms
Run time division_by_zero_vectorized_static_veclen_16_cpy iter 11: 42.505 ms
Run time division_by_zero_vectorized_static_veclen_16_cpy iter 12: 40.861 ms
Run time division_by_zero_vectorized_static_veclen_16_cpy iter 13: 36.431 ms
Run time division_by_zero_vectorized_static_veclen_16_cpy iter 14: 35.273 ms
Run time division_by_zero_vectorized_static_veclen_16_cpy iter 15: 38.226 ms
Run time division_by_zero_vectorized_static_veclen_16_cpy iter 16: 39.619 ms
Run time division_by_zero_vectorized_static_veclen_16_cpy iter 17: 89.607 ms
Run time division_by_zero_vectorized_static_veclen_16_cpy iter 18: 50.095 ms
Run time division_by_zero_vectorized_static_veclen_16_cpy iter 19: 41.813 ms
[can_be_applied] to if_197 is True
[can_be_applied] to if_197 is True
Changing __out = (__in1 / __in2) to have +1.7800590868057611e-307 to avoid NaN/inf floating-point exception in division!
Run time division_by_zero_vectorized_static_veclen_32_no_cpy iter 0: 24.067 ms
Run time division_by_zero_vectorized_static_veclen_32_no_cpy iter 1: 12.242 ms
Run time division_by_zero_vectorized_static_veclen_32_no_cpy iter 2: 31.314 ms
Run time division_by_zero_vectorized_static_veclen_32_no_cpy iter 3: 40.509 ms
Run time division_by_zero_vectorized_static_veclen_32_no_cpy iter 4: 23.703 ms
Run time division_by_zero_vectorized_static_veclen_32_no_cpy iter 5: 23.572 ms
Run time division_by_zero_vectorized_static_veclen_32_no_cpy iter 6: 46.122 ms
Run time division_by_zero_vectorized_static_veclen_32_no_cpy iter 7: 35.651 ms
Run time division_by_zero_vectorized_static_veclen_32_no_cpy iter 8: 49.593 ms
Run time division_by_zero_vectorized_static_veclen_32_no_cpy iter 9: 41.736 ms
Run time division_by_zero_vectorized_static_veclen_32_no_cpy iter 10: 38.824 ms
Run time division_by_zero_vectorized_static_veclen_32_no_cpy iter 11: 43.224 ms
Run time division_by_zero_vectorized_static_veclen_32_no_cpy iter 12: 50.482 ms
Run time division_by_zero_vectorized_static_veclen_32_no_cpy iter 13: 48.891 ms
Run time division_by_zero_vectorized_static_veclen_32_no_cpy iter 14: 51.196 ms
Run time division_by_zero_vectorized_static_veclen_32_no_cpy iter 15: 50.330 ms
Run time division_by_zero_vectorized_static_veclen_32_no_cpy iter 16: 45.829 ms
Run time division_by_zero_vectorized_static_veclen_32_no_cpy iter 17: 48.825 ms
Run time division_by_zero_vectorized_static_veclen_32_no_cpy iter 18: 47.614 ms
Run time division_by_zero_vectorized_static_veclen_32_no_cpy iter 19: 48.035 ms
[can_be_applied] to if_197 is True
[can_be_applied] to if_197 is True
Changing __out = (__in1 / __in2) to have +1.7800590868057611e-307 to avoid NaN/inf floating-point exception in division!
Run time division_by_zero_vectorized_static_veclen_32_cpy iter 0: 31.292 ms
Run time division_by_zero_vectorized_static_veclen_32_cpy iter 1: 39.207 ms
Run time division_by_zero_vectorized_static_veclen_32_cpy iter 2: 46.739 ms
Run time division_by_zero_vectorized_static_veclen_32_cpy iter 3: 72.317 ms
Run time division_by_zero_vectorized_static_veclen_32_cpy iter 4: 70.621 ms
Run time division_by_zero_vectorized_static_veclen_32_cpy iter 5: 46.153 ms
Run time division_by_zero_vectorized_static_veclen_32_cpy iter 6: 53.186 ms
Run time division_by_zero_vectorized_static_veclen_32_cpy iter 7: 48.756 ms
Run time division_by_zero_vectorized_static_veclen_32_cpy iter 8: 36.387 ms
Run time division_by_zero_vectorized_static_veclen_32_cpy iter 9: 48.634 ms
Run time division_by_zero_vectorized_static_veclen_32_cpy iter 10: 45.718 ms
Run time division_by_zero_vectorized_static_veclen_32_cpy iter 11: 45.656 ms
Run time division_by_zero_vectorized_static_veclen_32_cpy iter 12: 55.191 ms
Run time division_by_zero_vectorized_static_veclen_32_cpy iter 13: 31.275 ms
Run time division_by_zero_vectorized_static_veclen_32_cpy iter 14: 46.755 ms
Run time division_by_zero_vectorized_static_veclen_32_cpy iter 15: 40.956 ms
Run time division_by_zero_vectorized_static_veclen_32_cpy iter 16: 50.928 ms
Run time division_by_zero_vectorized_static_veclen_32_cpy iter 17: 52.162 ms
Run time division_by_zero_vectorized_static_veclen_32_cpy iter 18: 51.055 ms
Run time division_by_zero_vectorized_static_veclen_32_cpy iter 19: 49.688 ms
[can_be_applied] to if_197 is True
[can_be_applied] to if_197 is True
Changing __out = (__in1 / __in2) to have +1.7800590868057611e-307 to avoid NaN/inf floating-point exception in division!
Run time division_by_zero_vectorized_static_veclen_64_no_cpy iter 0: 58.870 ms
Run time division_by_zero_vectorized_static_veclen_64_no_cpy iter 1: 53.991 ms
Run time division_by_zero_vectorized_static_veclen_64_no_cpy iter 2: 45.853 ms
Run time division_by_zero_vectorized_static_veclen_64_no_cpy iter 3: 54.122 ms
Run time division_by_zero_vectorized_static_veclen_64_no_cpy iter 4: 58.456 ms
Run time division_by_zero_vectorized_static_veclen_64_no_cpy iter 5: 55.860 ms
Run time division_by_zero_vectorized_static_veclen_64_no_cpy iter 6: 55.289 ms
Run time division_by_zero_vectorized_static_veclen_64_no_cpy iter 7: 52.522 ms
Run time division_by_zero_vectorized_static_veclen_64_no_cpy iter 8: 57.504 ms
Run time division_by_zero_vectorized_static_veclen_64_no_cpy iter 9: 52.157 ms
Run time division_by_zero_vectorized_static_veclen_64_no_cpy iter 10: 55.889 ms
Run time division_by_zero_vectorized_static_veclen_64_no_cpy iter 11: 51.900 ms
Run time division_by_zero_vectorized_static_veclen_64_no_cpy iter 12: 54.053 ms
Run time division_by_zero_vectorized_static_veclen_64_no_cpy iter 13: 56.898 ms
Run time division_by_zero_vectorized_static_veclen_64_no_cpy iter 14: 55.094 ms
Run time division_by_zero_vectorized_static_veclen_64_no_cpy iter 15: 52.172 ms
Run time division_by_zero_vectorized_static_veclen_64_no_cpy iter 16: 55.020 ms
Run time division_by_zero_vectorized_static_veclen_64_no_cpy iter 17: 42.368 ms
Run time division_by_zero_vectorized_static_veclen_64_no_cpy iter 18: 39.132 ms
Run time division_by_zero_vectorized_static_veclen_64_no_cpy iter 19: 39.727 ms
[can_be_applied] to if_197 is True
[can_be_applied] to if_197 is True
Changing __out = (__in1 / __in2) to have +1.7800590868057611e-307 to avoid NaN/inf floating-point exception in division!
Run time division_by_zero_vectorized_static_veclen_64_cpy iter 0: 65.988 ms
Run time division_by_zero_vectorized_static_veclen_64_cpy iter 1: 56.975 ms
Run time division_by_zero_vectorized_static_veclen_64_cpy iter 2: 46.555 ms
Run time division_by_zero_vectorized_static_veclen_64_cpy iter 3: 52.485 ms
Run time division_by_zero_vectorized_static_veclen_64_cpy iter 4: 47.116 ms
Run time division_by_zero_vectorized_static_veclen_64_cpy iter 5: 49.407 ms
Run time division_by_zero_vectorized_static_veclen_64_cpy iter 6: 64.877 ms
Run time division_by_zero_vectorized_static_veclen_64_cpy iter 7: 111.408 ms
Run time division_by_zero_vectorized_static_veclen_64_cpy iter 8: 120.660 ms
Run time division_by_zero_vectorized_static_veclen_64_cpy iter 9: 75.480 ms
Run time division_by_zero_vectorized_static_veclen_64_cpy iter 10: 49.262 ms
Run time division_by_zero_vectorized_static_veclen_64_cpy iter 11: 45.753 ms
Run time division_by_zero_vectorized_static_veclen_64_cpy iter 12: 105.831 ms
Run time division_by_zero_vectorized_static_veclen_64_cpy iter 13: 83.485 ms
Run time division_by_zero_vectorized_static_veclen_64_cpy iter 14: 56.448 ms
Run time division_by_zero_vectorized_static_veclen_64_cpy iter 15: 45.055 ms
Run time division_by_zero_vectorized_static_veclen_64_cpy iter 16: 44.317 ms
Run time division_by_zero_vectorized_static_veclen_64_cpy iter 17: 25.261 ms
Run time division_by_zero_vectorized_static_veclen_64_cpy iter 18: 20.472 ms
Run time division_by_zero_vectorized_static_veclen_64_cpy iter 19: 26.520 ms
Run time division_by_zero iter 0: 56.491 ms
Run time division_by_zero iter 1: 65.096 ms
Run time division_by_zero iter 2: 62.706 ms
Run time division_by_zero iter 3: 59.999 ms
Run time division_by_zero iter 4: 64.414 ms
Run time division_by_zero iter 5: 129.193 ms
Run time division_by_zero iter 6: 84.535 ms
Run time division_by_zero iter 7: 69.877 ms
Run time division_by_zero iter 8: 50.594 ms
Run time division_by_zero iter 9: 76.916 ms
Run time division_by_zero iter 10: 83.763 ms
Run time division_by_zero iter 11: 101.703 ms
Run time division_by_zero iter 12: 126.962 ms
Run time division_by_zero iter 13: 68.138 ms
Run time division_by_zero iter 14: 68.905 ms
Run time division_by_zero iter 15: 52.562 ms
Run time division_by_zero iter 16: 51.003 ms
Run time division_by_zero iter 17: 44.327 ms
Run time division_by_zero iter 18: 46.388 ms
Run time division_by_zero iter 19: 44.986 ms
[can_be_applied] to if_197 is True
[can_be_applied] to if_197 is True
Changing __out = (__in1 / __in2) to have +1.7800590868057611e-307 to avoid NaN/inf floating-point exception in division!
Run time division_by_zero_vectorized_static_veclen_8_no_cpy iter 0: 40.034 ms
Run time division_by_zero_vectorized_static_veclen_8_no_cpy iter 1: 56.354 ms
Run time division_by_zero_vectorized_static_veclen_8_no_cpy iter 2: 67.784 ms
Run time division_by_zero_vectorized_static_veclen_8_no_cpy iter 3: 52.540 ms
Run time division_by_zero_vectorized_static_veclen_8_no_cpy iter 4: 34.135 ms
Run time division_by_zero_vectorized_static_veclen_8_no_cpy iter 5: 70.460 ms
Run time division_by_zero_vectorized_static_veclen_8_no_cpy iter 6: 63.475 ms
Run time division_by_zero_vectorized_static_veclen_8_no_cpy iter 7: 62.819 ms
Run time division_by_zero_vectorized_static_veclen_8_no_cpy iter 8: 65.353 ms
Run time division_by_zero_vectorized_static_veclen_8_no_cpy iter 9: 131.598 ms
Run time division_by_zero_vectorized_static_veclen_8_no_cpy iter 10: 146.778 ms
Run time division_by_zero_vectorized_static_veclen_8_no_cpy iter 11: 117.017 ms
Run time division_by_zero_vectorized_static_veclen_8_no_cpy iter 12: 133.161 ms
Run time division_by_zero_vectorized_static_veclen_8_no_cpy iter 13: 98.470 ms
Run time division_by_zero_vectorized_static_veclen_8_no_cpy iter 14: 119.421 ms
Run time division_by_zero_vectorized_static_veclen_8_no_cpy iter 15: 99.410 ms
Run time division_by_zero_vectorized_static_veclen_8_no_cpy iter 16: 69.125 ms
Run time division_by_zero_vectorized_static_veclen_8_no_cpy iter 17: 55.535 ms
Run time division_by_zero_vectorized_static_veclen_8_no_cpy iter 18: 46.445 ms
Run time division_by_zero_vectorized_static_veclen_8_no_cpy iter 19: 49.493 ms
[can_be_applied] to if_197 is True
[can_be_applied] to if_197 is True
Changing __out = (__in1 / __in2) to have +1.7800590868057611e-307 to avoid NaN/inf floating-point exception in division!
Run time division_by_zero_vectorized_static_veclen_8_cpy iter 0: 35.510 ms
Run time division_by_zero_vectorized_static_veclen_8_cpy iter 1: 48.823 ms
Run time division_by_zero_vectorized_static_veclen_8_cpy iter 2: 45.806 ms
Run time division_by_zero_vectorized_static_veclen_8_cpy iter 3: 47.154 ms
Run time division_by_zero_vectorized_static_veclen_8_cpy iter 4: 49.234 ms
Run time division_by_zero_vectorized_static_veclen_8_cpy iter 5: 47.077 ms
Run time division_by_zero_vectorized_static_veclen_8_cpy iter 6: 45.010 ms
Run time division_by_zero_vectorized_static_veclen_8_cpy iter 7: 45.111 ms
Run time division_by_zero_vectorized_static_veclen_8_cpy iter 8: 48.230 ms
Run time division_by_zero_vectorized_static_veclen_8_cpy iter 9: 44.556 ms
Run time division_by_zero_vectorized_static_veclen_8_cpy iter 10: 69.234 ms
Run time division_by_zero_vectorized_static_veclen_8_cpy iter 11: 45.126 ms
Run time division_by_zero_vectorized_static_veclen_8_cpy iter 12: 45.802 ms
Run time division_by_zero_vectorized_static_veclen_8_cpy iter 13: 47.421 ms
Run time division_by_zero_vectorized_static_veclen_8_cpy iter 14: 64.980 ms
Run time division_by_zero_vectorized_static_veclen_8_cpy iter 15: 63.636 ms
Run time division_by_zero_vectorized_static_veclen_8_cpy iter 16: 72.861 ms
Run time division_by_zero_vectorized_static_veclen_8_cpy iter 17: 72.109 ms
Run time division_by_zero_vectorized_static_veclen_8_cpy iter 18: 73.755 ms
Run time division_by_zero_vectorized_static_veclen_8_cpy iter 19: 104.402 ms
[can_be_applied] to if_197 is True
[can_be_applied] to if_197 is True
Changing __out = (__in1 / __in2) to have +1.7800590868057611e-307 to avoid NaN/inf floating-point exception in division!
Run time division_by_zero_vectorized_static_veclen_16_no_cpy iter 0: 97.443 ms
Run time division_by_zero_vectorized_static_veclen_16_no_cpy iter 1: 60.945 ms
Run time division_by_zero_vectorized_static_veclen_16_no_cpy iter 2: 68.575 ms
Run time division_by_zero_vectorized_static_veclen_16_no_cpy iter 3: 65.054 ms
Run time division_by_zero_vectorized_static_veclen_16_no_cpy iter 4: 72.263 ms
Run time division_by_zero_vectorized_static_veclen_16_no_cpy iter 5: 69.922 ms
Run time division_by_zero_vectorized_static_veclen_16_no_cpy iter 6: 77.444 ms
Run time division_by_zero_vectorized_static_veclen_16_no_cpy iter 7: 67.665 ms
Run time division_by_zero_vectorized_static_veclen_16_no_cpy iter 8: 70.736 ms
Run time division_by_zero_vectorized_static_veclen_16_no_cpy iter 9: 68.332 ms
Run time division_by_zero_vectorized_static_veclen_16_no_cpy iter 10: 68.252 ms
Run time division_by_zero_vectorized_static_veclen_16_no_cpy iter 11: 70.511 ms
Run time division_by_zero_vectorized_static_veclen_16_no_cpy iter 12: 86.967 ms
Run time division_by_zero_vectorized_static_veclen_16_no_cpy iter 13: 93.972 ms
Run time division_by_zero_vectorized_static_veclen_16_no_cpy iter 14: 99.790 ms
Run time division_by_zero_vectorized_static_veclen_16_no_cpy iter 15: 160.903 ms
Run time division_by_zero_vectorized_static_veclen_16_no_cpy iter 16: 76.488 ms
Run time division_by_zero_vectorized_static_veclen_16_no_cpy iter 17: 71.717 ms
Run time division_by_zero_vectorized_static_veclen_16_no_cpy iter 18: 89.884 ms
Run time division_by_zero_vectorized_static_veclen_16_no_cpy iter 19: 63.274 ms
[can_be_applied] to if_197 is True
[can_be_applied] to if_197 is True
Changing __out = (__in1 / __in2) to have +1.7800590868057611e-307 to avoid NaN/inf floating-point exception in division!
Run time division_by_zero_vectorized_static_veclen_16_cpy iter 0: 58.376 ms
Run time division_by_zero_vectorized_static_veclen_16_cpy iter 1: 62.120 ms
Run time division_by_zero_vectorized_static_veclen_16_cpy iter 2: 59.026 ms
Run time division_by_zero_vectorized_static_veclen_16_cpy iter 3: 64.683 ms
Run time division_by_zero_vectorized_static_veclen_16_cpy iter 4: 60.780 ms
Run time division_by_zero_vectorized_static_veclen_16_cpy iter 5: 57.517 ms
Run time division_by_zero_vectorized_static_veclen_16_cpy iter 6: 52.980 ms
Run time division_by_zero_vectorized_static_veclen_16_cpy iter 7: 56.579 ms
Run time division_by_zero_vectorized_static_veclen_16_cpy iter 8: 62.455 ms
Run time division_by_zero_vectorized_static_veclen_16_cpy iter 9: 122.982 ms
Run time division_by_zero_vectorized_static_veclen_16_cpy iter 10: 64.651 ms
Run time division_by_zero_vectorized_static_veclen_16_cpy iter 11: 68.016 ms
Run time division_by_zero_vectorized_static_veclen_16_cpy iter 12: 66.259 ms
Run time division_by_zero_vectorized_static_veclen_16_cpy iter 13: 62.539 ms
Run time division_by_zero_vectorized_static_veclen_16_cpy iter 14: 105.753 ms
Run time division_by_zero_vectorized_static_veclen_16_cpy iter 15: 108.475 ms
Run time division_by_zero_vectorized_static_veclen_16_cpy iter 16: 150.058 ms
Run time division_by_zero_vectorized_static_veclen_16_cpy iter 17: 78.829 ms
Run time division_by_zero_vectorized_static_veclen_16_cpy iter 18: 58.266 ms
Run time division_by_zero_vectorized_static_veclen_16_cpy iter 19: 85.548 ms
[can_be_applied] to if_197 is True
[can_be_applied] to if_197 is True
Changing __out = (__in1 / __in2) to have +1.7800590868057611e-307 to avoid NaN/inf floating-point exception in division!
Run time division_by_zero_vectorized_static_veclen_32_no_cpy iter 0: 48.895 ms
Run time division_by_zero_vectorized_static_veclen_32_no_cpy iter 1: 40.734 ms
Run time division_by_zero_vectorized_static_veclen_32_no_cpy iter 2: 44.876 ms
Run time division_by_zero_vectorized_static_veclen_32_no_cpy iter 3: 42.986 ms
Run time division_by_zero_vectorized_static_veclen_32_no_cpy iter 4: 44.067 ms
Run time division_by_zero_vectorized_static_veclen_32_no_cpy iter 5: 42.301 ms
Run time division_by_zero_vectorized_static_veclen_32_no_cpy iter 6: 41.704 ms
Run time division_by_zero_vectorized_static_veclen_32_no_cpy iter 7: 43.078 ms
Run time division_by_zero_vectorized_static_veclen_32_no_cpy iter 8: 43.915 ms
Run time division_by_zero_vectorized_static_veclen_32_no_cpy iter 9: 45.829 ms
Run time division_by_zero_vectorized_static_veclen_32_no_cpy iter 10: 60.561 ms
Run time division_by_zero_vectorized_static_veclen_32_no_cpy iter 11: 62.257 ms
Run time division_by_zero_vectorized_static_veclen_32_no_cpy iter 12: 64.275 ms
Run time division_by_zero_vectorized_static_veclen_32_no_cpy iter 13: 67.782 ms
Run time division_by_zero_vectorized_static_veclen_32_no_cpy iter 14: 68.640 ms
Run time division_by_zero_vectorized_static_veclen_32_no_cpy iter 15: 67.512 ms
Run time division_by_zero_vectorized_static_veclen_32_no_cpy iter 16: 72.497 ms
Run time division_by_zero_vectorized_static_veclen_32_no_cpy iter 17: 77.105 ms
Run time division_by_zero_vectorized_static_veclen_32_no_cpy iter 18: 69.318 ms
Run time division_by_zero_vectorized_static_veclen_32_no_cpy iter 19: 67.691 ms
[can_be_applied] to if_197 is True
[can_be_applied] to if_197 is True
Changing __out = (__in1 / __in2) to have +1.7800590868057611e-307 to avoid NaN/inf floating-point exception in division!
Run time division_by_zero_vectorized_static_veclen_32_cpy iter 0: 64.172 ms
Run time division_by_zero_vectorized_static_veclen_32_cpy iter 1: 46.498 ms
Run time division_by_zero_vectorized_static_veclen_32_cpy iter 2: 42.483 ms
Run time division_by_zero_vectorized_static_veclen_32_cpy iter 3: 46.058 ms
Run time division_by_zero_vectorized_static_veclen_32_cpy iter 4: 41.313 ms
Run time division_by_zero_vectorized_static_veclen_32_cpy iter 5: 46.928 ms
Run time division_by_zero_vectorized_static_veclen_32_cpy iter 6: 43.027 ms
Run time division_by_zero_vectorized_static_veclen_32_cpy iter 7: 47.906 ms
Run time division_by_zero_vectorized_static_veclen_32_cpy iter 8: 41.759 ms
Run time division_by_zero_vectorized_static_veclen_32_cpy iter 9: 44.732 ms
Run time division_by_zero_vectorized_static_veclen_32_cpy iter 10: 49.662 ms
Run time division_by_zero_vectorized_static_veclen_32_cpy iter 11: 42.524 ms
Run time division_by_zero_vectorized_static_veclen_32_cpy iter 12: 44.442 ms
Run time division_by_zero_vectorized_static_veclen_32_cpy iter 13: 45.134 ms
Run time division_by_zero_vectorized_static_veclen_32_cpy iter 14: 43.765 ms
Run time division_by_zero_vectorized_static_veclen_32_cpy iter 15: 49.616 ms
Run time division_by_zero_vectorized_static_veclen_32_cpy iter 16: 54.873 ms
Run time division_by_zero_vectorized_static_veclen_32_cpy iter 17: 49.881 ms
Run time division_by_zero_vectorized_static_veclen_32_cpy iter 18: 46.327 ms
Run time division_by_zero_vectorized_static_veclen_32_cpy iter 19: 50.833 ms
[can_be_applied] to if_197 is True
[can_be_applied] to if_197 is True
Changing __out = (__in1 / __in2) to have +1.7800590868057611e-307 to avoid NaN/inf floating-point exception in division!
Run time division_by_zero_vectorized_static_veclen_64_no_cpy iter 0: 94.169 ms
Run time division_by_zero_vectorized_static_veclen_64_no_cpy iter 1: 66.734 ms
Run time division_by_zero_vectorized_static_veclen_64_no_cpy iter 2: 74.008 ms
Run time division_by_zero_vectorized_static_veclen_64_no_cpy iter 3: 78.865 ms
Run time division_by_zero_vectorized_static_veclen_64_no_cpy iter 4: 73.900 ms
Run time division_by_zero_vectorized_static_veclen_64_no_cpy iter 5: 69.412 ms
Run time division_by_zero_vectorized_static_veclen_64_no_cpy iter 6: 70.003 ms
Run time division_by_zero_vectorized_static_veclen_64_no_cpy iter 7: 55.884 ms
Run time division_by_zero_vectorized_static_veclen_64_no_cpy iter 8: 54.378 ms
Run time division_by_zero_vectorized_static_veclen_64_no_cpy iter 9: 76.692 ms
Run time division_by_zero_vectorized_static_veclen_64_no_cpy iter 10: 81.467 ms
Run time division_by_zero_vectorized_static_veclen_64_no_cpy iter 11: 70.499 ms
Run time division_by_zero_vectorized_static_veclen_64_no_cpy iter 12: 75.802 ms
Run time division_by_zero_vectorized_static_veclen_64_no_cpy iter 13: 72.886 ms
Run time division_by_zero_vectorized_static_veclen_64_no_cpy iter 14: 76.430 ms
Run time division_by_zero_vectorized_static_veclen_64_no_cpy iter 15: 69.697 ms
Run time division_by_zero_vectorized_static_veclen_64_no_cpy iter 16: 86.605 ms
Run time division_by_zero_vectorized_static_veclen_64_no_cpy iter 17: 77.070 ms
Run time division_by_zero_vectorized_static_veclen_64_no_cpy iter 18: 39.583 ms
Run time division_by_zero_vectorized_static_veclen_64_no_cpy iter 19: 42.097 ms
[can_be_applied] to if_197 is True
[can_be_applied] to if_197 is True
Changing __out = (__in1 / __in2) to have +1.7800590868057611e-307 to avoid NaN/inf floating-point exception in division!
Run time division_by_zero_vectorized_static_veclen_64_cpy iter 0: 74.832 ms
Run time division_by_zero_vectorized_static_veclen_64_cpy iter 1: 77.596 ms
Run time division_by_zero_vectorized_static_veclen_64_cpy iter 2: 84.319 ms
Run time division_by_zero_vectorized_static_veclen_64_cpy iter 3: 80.556 ms
Run time division_by_zero_vectorized_static_veclen_64_cpy iter 4: 70.842 ms
Run time division_by_zero_vectorized_static_veclen_64_cpy iter 5: 87.726 ms
Run time division_by_zero_vectorized_static_veclen_64_cpy iter 6: 87.711 ms
Run time division_by_zero_vectorized_static_veclen_64_cpy iter 7: 98.866 ms
Run time division_by_zero_vectorized_static_veclen_64_cpy iter 8: 82.436 ms
Run time division_by_zero_vectorized_static_veclen_64_cpy iter 9: 99.108 ms
Run time division_by_zero_vectorized_static_veclen_64_cpy iter 10: 93.684 ms
Run time division_by_zero_vectorized_static_veclen_64_cpy iter 11: 72.860 ms
Run time division_by_zero_vectorized_static_veclen_64_cpy iter 12: 78.861 ms
Run time division_by_zero_vectorized_static_veclen_64_cpy iter 13: 70.381 ms
Run time division_by_zero_vectorized_static_veclen_64_cpy iter 14: 79.213 ms
Run time division_by_zero_vectorized_static_veclen_64_cpy iter 15: 71.849 ms
Run time division_by_zero_vectorized_static_veclen_64_cpy iter 16: 73.838 ms
Run time division_by_zero_vectorized_static_veclen_64_cpy iter 17: 71.950 ms
Run time division_by_zero_vectorized_static_veclen_64_cpy iter 18: 78.346 ms
Run time division_by_zero_vectorized_static_veclen_64_cpy iter 19: 84.563 ms
Run time division_by_zero iter 0: 70.100 ms
Run time division_by_zero iter 1: 91.765 ms
Run time division_by_zero iter 2: 98.659 ms
Run time division_by_zero iter 3: 97.130 ms
Run time division_by_zero iter 4: 96.975 ms
Run time division_by_zero iter 5: 99.711 ms
Run time division_by_zero iter 6: 88.489 ms
Run time division_by_zero iter 7: 99.476 ms
Run time division_by_zero iter 8: 99.326 ms
Run time division_by_zero iter 9: 99.124 ms
Run time division_by_zero iter 10: 100.790 ms
Run time division_by_zero iter 11: 104.363 ms
Run time division_by_zero iter 12: 99.999 ms
Run time division_by_zero iter 13: 117.253 ms
Run time division_by_zero iter 14: 208.766 ms
Run time division_by_zero iter 15: 100.579 ms
Run time division_by_zero iter 16: 112.162 ms
Run time division_by_zero iter 17: 81.407 ms
Run time division_by_zero iter 18: 155.717 ms
Run time division_by_zero iter 19: 252.488 ms
[can_be_applied] to if_197 is True
[can_be_applied] to if_197 is True
Changing __out = (__in1 / __in2) to have +1.7800590868057611e-307 to avoid NaN/inf floating-point exception in division!
Run time division_by_zero_vectorized_static_veclen_8_no_cpy iter 0: 63.698 ms
Run time division_by_zero_vectorized_static_veclen_8_no_cpy iter 1: 62.697 ms
Run time division_by_zero_vectorized_static_veclen_8_no_cpy iter 2: 60.615 ms
Run time division_by_zero_vectorized_static_veclen_8_no_cpy iter 3: 60.755 ms
Run time division_by_zero_vectorized_static_veclen_8_no_cpy iter 4: 62.761 ms
Run time division_by_zero_vectorized_static_veclen_8_no_cpy iter 5: 61.756 ms
Run time division_by_zero_vectorized_static_veclen_8_no_cpy iter 6: 64.559 ms
Run time division_by_zero_vectorized_static_veclen_8_no_cpy iter 7: 64.899 ms
Run time division_by_zero_vectorized_static_veclen_8_no_cpy iter 8: 64.251 ms
Run time division_by_zero_vectorized_static_veclen_8_no_cpy iter 9: 62.833 ms
Run time division_by_zero_vectorized_static_veclen_8_no_cpy iter 10: 64.201 ms
Run time division_by_zero_vectorized_static_veclen_8_no_cpy iter 11: 80.697 ms
Run time division_by_zero_vectorized_static_veclen_8_no_cpy iter 12: 87.968 ms
Run time division_by_zero_vectorized_static_veclen_8_no_cpy iter 13: 155.503 ms
Run time division_by_zero_vectorized_static_veclen_8_no_cpy iter 14: 105.187 ms
Run time division_by_zero_vectorized_static_veclen_8_no_cpy iter 15: 89.358 ms
Run time division_by_zero_vectorized_static_veclen_8_no_cpy iter 16: 108.313 ms
Run time division_by_zero_vectorized_static_veclen_8_no_cpy iter 17: 113.084 ms
Run time division_by_zero_vectorized_static_veclen_8_no_cpy iter 18: 200.782 ms
Run time division_by_zero_vectorized_static_veclen_8_no_cpy iter 19: 111.167 ms
[can_be_applied] to if_197 is True
[can_be_applied] to if_197 is True
Changing __out = (__in1 / __in2) to have +1.7800590868057611e-307 to avoid NaN/inf floating-point exception in division!
Run time division_by_zero_vectorized_static_veclen_8_cpy iter 0: 84.716 ms
Run time division_by_zero_vectorized_static_veclen_8_cpy iter 1: 94.823 ms
Run time division_by_zero_vectorized_static_veclen_8_cpy iter 2: 97.696 ms
Run time division_by_zero_vectorized_static_veclen_8_cpy iter 3: 97.424 ms
Run time division_by_zero_vectorized_static_veclen_8_cpy iter 4: 86.873 ms
Run time division_by_zero_vectorized_static_veclen_8_cpy iter 5: 100.330 ms
Run time division_by_zero_vectorized_static_veclen_8_cpy iter 6: 84.565 ms
Run time division_by_zero_vectorized_static_veclen_8_cpy iter 7: 61.919 ms
Run time division_by_zero_vectorized_static_veclen_8_cpy iter 8: 58.646 ms
Run time division_by_zero_vectorized_static_veclen_8_cpy iter 9: 65.346 ms
Run time division_by_zero_vectorized_static_veclen_8_cpy iter 10: 52.935 ms
Run time division_by_zero_vectorized_static_veclen_8_cpy iter 11: 59.545 ms
Run time division_by_zero_vectorized_static_veclen_8_cpy iter 12: 67.852 ms
Run time division_by_zero_vectorized_static_veclen_8_cpy iter 13: 66.323 ms
Run time division_by_zero_vectorized_static_veclen_8_cpy iter 14: 67.853 ms
Run time division_by_zero_vectorized_static_veclen_8_cpy iter 15: 65.545 ms
Run time division_by_zero_vectorized_static_veclen_8_cpy iter 16: 55.081 ms
Run time division_by_zero_vectorized_static_veclen_8_cpy iter 17: 61.398 ms
Run time division_by_zero_vectorized_static_veclen_8_cpy iter 18: 69.681 ms
Run time division_by_zero_vectorized_static_veclen_8_cpy iter 19: 65.135 ms
[can_be_applied] to if_197 is True
[can_be_applied] to if_197 is True
Changing __out = (__in1 / __in2) to have +1.7800590868057611e-307 to avoid NaN/inf floating-point exception in division!
Run time division_by_zero_vectorized_static_veclen_16_no_cpy iter 0: 228.875 ms
Run time division_by_zero_vectorized_static_veclen_16_no_cpy iter 1: 176.695 ms
Run time division_by_zero_vectorized_static_veclen_16_no_cpy iter 2: 173.451 ms
Run time division_by_zero_vectorized_static_veclen_16_no_cpy iter 3: 160.744 ms
Run time division_by_zero_vectorized_static_veclen_16_no_cpy iter 4: 161.454 ms
Run time division_by_zero_vectorized_static_veclen_16_no_cpy iter 5: 106.961 ms
Run time division_by_zero_vectorized_static_veclen_16_no_cpy iter 6: 112.095 ms
Run time division_by_zero_vectorized_static_veclen_16_no_cpy iter 7: 104.473 ms
Run time division_by_zero_vectorized_static_veclen_16_no_cpy iter 8: 107.325 ms
Run time division_by_zero_vectorized_static_veclen_16_no_cpy iter 9: 112.984 ms
Run time division_by_zero_vectorized_static_veclen_16_no_cpy iter 10: 115.009 ms
Run time division_by_zero_vectorized_static_veclen_16_no_cpy iter 11: 118.461 ms
Run time division_by_zero_vectorized_static_veclen_16_no_cpy iter 12: 121.200 ms
Run time division_by_zero_vectorized_static_veclen_16_no_cpy iter 13: 122.305 ms
Run time division_by_zero_vectorized_static_veclen_16_no_cpy iter 14: 118.159 ms
Run time division_by_zero_vectorized_static_veclen_16_no_cpy iter 15: 110.214 ms
Run time division_by_zero_vectorized_static_veclen_16_no_cpy iter 16: 74.139 ms
Run time division_by_zero_vectorized_static_veclen_16_no_cpy iter 17: 68.392 ms
Run time division_by_zero_vectorized_static_veclen_16_no_cpy iter 18: 97.345 ms
Run time division_by_zero_vectorized_static_veclen_16_no_cpy iter 19: 96.033 ms
[can_be_applied] to if_197 is True
[can_be_applied] to if_197 is True
Changing __out = (__in1 / __in2) to have +1.7800590868057611e-307 to avoid NaN/inf floating-point exception in division!
Run time division_by_zero_vectorized_static_veclen_16_cpy iter 0: 153.137 ms
Run time division_by_zero_vectorized_static_veclen_16_cpy iter 1: 136.253 ms
Run time division_by_zero_vectorized_static_veclen_16_cpy iter 2: 194.157 ms
Run time division_by_zero_vectorized_static_veclen_16_cpy iter 3: 109.437 ms
Run time division_by_zero_vectorized_static_veclen_16_cpy iter 4: 82.705 ms
Run time division_by_zero_vectorized_static_veclen_16_cpy iter 5: 95.105 ms
Run time division_by_zero_vectorized_static_veclen_16_cpy iter 6: 67.858 ms
Run time division_by_zero_vectorized_static_veclen_16_cpy iter 7: 75.702 ms
Run time division_by_zero_vectorized_static_veclen_16_cpy iter 8: 77.518 ms
Run time division_by_zero_vectorized_static_veclen_16_cpy iter 9: 74.424 ms
Run time division_by_zero_vectorized_static_veclen_16_cpy iter 10: 83.167 ms
Run time division_by_zero_vectorized_static_veclen_16_cpy iter 11: 90.394 ms
Run time division_by_zero_vectorized_static_veclen_16_cpy iter 12: 101.233 ms
Run time division_by_zero_vectorized_static_veclen_16_cpy iter 13: 96.540 ms
Run time division_by_zero_vectorized_static_veclen_16_cpy iter 14: 96.343 ms
Run time division_by_zero_vectorized_static_veclen_16_cpy iter 15: 93.196 ms
Run time division_by_zero_vectorized_static_veclen_16_cpy iter 16: 96.368 ms
Run time division_by_zero_vectorized_static_veclen_16_cpy iter 17: 96.756 ms
Run time division_by_zero_vectorized_static_veclen_16_cpy iter 18: 97.846 ms
Run time division_by_zero_vectorized_static_veclen_16_cpy iter 19: 97.367 ms
[can_be_applied] to if_197 is True
[can_be_applied] to if_197 is True
Changing __out = (__in1 / __in2) to have +1.7800590868057611e-307 to avoid NaN/inf floating-point exception in division!
Run time division_by_zero_vectorized_static_veclen_32_no_cpy iter 0: 150.695 ms
Run time division_by_zero_vectorized_static_veclen_32_no_cpy iter 1: 76.447 ms
Run time division_by_zero_vectorized_static_veclen_32_no_cpy iter 2: 66.741 ms
Run time division_by_zero_vectorized_static_veclen_32_no_cpy iter 3: 79.805 ms
Run time division_by_zero_vectorized_static_veclen_32_no_cpy iter 4: 69.406 ms
Run time division_by_zero_vectorized_static_veclen_32_no_cpy iter 5: 68.514 ms
Run time division_by_zero_vectorized_static_veclen_32_no_cpy iter 6: 67.192 ms
Run time division_by_zero_vectorized_static_veclen_32_no_cpy iter 7: 69.277 ms
Run time division_by_zero_vectorized_static_veclen_32_no_cpy iter 8: 63.082 ms
Run time division_by_zero_vectorized_static_veclen_32_no_cpy iter 9: 64.016 ms
Run time division_by_zero_vectorized_static_veclen_32_no_cpy iter 10: 66.797 ms
Run time division_by_zero_vectorized_static_veclen_32_no_cpy iter 11: 64.603 ms
Run time division_by_zero_vectorized_static_veclen_32_no_cpy iter 12: 68.223 ms
Run time division_by_zero_vectorized_static_veclen_32_no_cpy iter 13: 60.233 ms
Run time division_by_zero_vectorized_static_veclen_32_no_cpy iter 14: 68.025 ms
Run time division_by_zero_vectorized_static_veclen_32_no_cpy iter 15: 62.088 ms
Run time division_by_zero_vectorized_static_veclen_32_no_cpy iter 16: 80.663 ms
Run time division_by_zero_vectorized_static_veclen_32_no_cpy iter 17: 66.071 ms
Run time division_by_zero_vectorized_static_veclen_32_no_cpy iter 18: 67.143 ms
Run time division_by_zero_vectorized_static_veclen_32_no_cpy iter 19: 67.587 ms
[can_be_applied] to if_197 is True
[can_be_applied] to if_197 is True
Changing __out = (__in1 / __in2) to have +1.7800590868057611e-307 to avoid NaN/inf floating-point exception in division!
Run time division_by_zero_vectorized_static_veclen_32_cpy iter 0: 96.577 ms
Run time division_by_zero_vectorized_static_veclen_32_cpy iter 1: 74.297 ms
Run time division_by_zero_vectorized_static_veclen_32_cpy iter 2: 63.149 ms
Run time division_by_zero_vectorized_static_veclen_32_cpy iter 3: 66.812 ms
Run time division_by_zero_vectorized_static_veclen_32_cpy iter 4: 58.202 ms
Run time division_by_zero_vectorized_static_veclen_32_cpy iter 5: 61.443 ms
Run time division_by_zero_vectorized_static_veclen_32_cpy iter 6: 61.101 ms
Run time division_by_zero_vectorized_static_veclen_32_cpy iter 7: 61.160 ms
Run time division_by_zero_vectorized_static_veclen_32_cpy iter 8: 64.436 ms
Run time division_by_zero_vectorized_static_veclen_32_cpy iter 9: 81.821 ms
Run time division_by_zero_vectorized_static_veclen_32_cpy iter 10: 83.641 ms
Run time division_by_zero_vectorized_static_veclen_32_cpy iter 11: 95.215 ms
Run time division_by_zero_vectorized_static_veclen_32_cpy iter 12: 86.005 ms
Run time division_by_zero_vectorized_static_veclen_32_cpy iter 13: 91.053 ms
Run time division_by_zero_vectorized_static_veclen_32_cpy iter 14: 86.130 ms
Run time division_by_zero_vectorized_static_veclen_32_cpy iter 15: 95.011 ms
Run time division_by_zero_vectorized_static_veclen_32_cpy iter 16: 81.871 ms
Run time division_by_zero_vectorized_static_veclen_32_cpy iter 17: 91.671 ms
Run time division_by_zero_vectorized_static_veclen_32_cpy iter 18: 85.829 ms
Run time division_by_zero_vectorized_static_veclen_32_cpy iter 19: 105.726 ms
[can_be_applied] to if_197 is True
[can_be_applied] to if_197 is True
Changing __out = (__in1 / __in2) to have +1.7800590868057611e-307 to avoid NaN/inf floating-point exception in division!
Run time division_by_zero_vectorized_static_veclen_64_no_cpy iter 0: 163.226 ms
Run time division_by_zero_vectorized_static_veclen_64_no_cpy iter 1: 201.059 ms
Run time division_by_zero_vectorized_static_veclen_64_no_cpy iter 2: 204.868 ms
Run time division_by_zero_vectorized_static_veclen_64_no_cpy iter 3: 212.703 ms
Run time division_by_zero_vectorized_static_veclen_64_no_cpy iter 4: 222.607 ms
Run time division_by_zero_vectorized_static_veclen_64_no_cpy iter 5: 180.479 ms
Run time division_by_zero_vectorized_static_veclen_64_no_cpy iter 6: 217.349 ms
Run time division_by_zero_vectorized_static_veclen_64_no_cpy iter 7: 215.454 ms
Run time division_by_zero_vectorized_static_veclen_64_no_cpy iter 8: 186.658 ms
Run time division_by_zero_vectorized_static_veclen_64_no_cpy iter 9: 218.147 ms
Run time division_by_zero_vectorized_static_veclen_64_no_cpy iter 10: 136.713 ms
Run time division_by_zero_vectorized_static_veclen_64_no_cpy iter 11: 137.902 ms
Run time division_by_zero_vectorized_static_veclen_64_no_cpy iter 12: 143.890 ms
Run time division_by_zero_vectorized_static_veclen_64_no_cpy iter 13: 137.354 ms
Run time division_by_zero_vectorized_static_veclen_64_no_cpy iter 14: 144.048 ms
Run time division_by_zero_vectorized_static_veclen_64_no_cpy iter 15: 149.350 ms
Run time division_by_zero_vectorized_static_veclen_64_no_cpy iter 16: 218.904 ms
Run time division_by_zero_vectorized_static_veclen_64_no_cpy iter 17: 215.262 ms
Run time division_by_zero_vectorized_static_veclen_64_no_cpy iter 18: 167.585 ms
Run time division_by_zero_vectorized_static_veclen_64_no_cpy iter 19: 207.772 ms
[can_be_applied] to if_197 is True
[can_be_applied] to if_197 is True
Changing __out = (__in1 / __in2) to have +1.7800590868057611e-307 to avoid NaN/inf floating-point exception in division!
Run time division_by_zero_vectorized_static_veclen_64_cpy iter 0: 163.607 ms
Run time division_by_zero_vectorized_static_veclen_64_cpy iter 1: 116.222 ms
Run time division_by_zero_vectorized_static_veclen_64_cpy iter 2: 97.961 ms
Run time division_by_zero_vectorized_static_veclen_64_cpy iter 3: 83.320 ms
Run time division_by_zero_vectorized_static_veclen_64_cpy iter 4: 86.161 ms
Run time division_by_zero_vectorized_static_veclen_64_cpy iter 5: 170.403 ms
Run time division_by_zero_vectorized_static_veclen_64_cpy iter 6: 179.498 ms
Run time division_by_zero_vectorized_static_veclen_64_cpy iter 7: 197.553 ms
Run time division_by_zero_vectorized_static_veclen_64_cpy iter 8: 172.270 ms
Run time division_by_zero_vectorized_static_veclen_64_cpy iter 9: 178.544 ms
Run time division_by_zero_vectorized_static_veclen_64_cpy iter 10: 180.799 ms
Run time division_by_zero_vectorized_static_veclen_64_cpy iter 11: 181.639 ms
Run time division_by_zero_vectorized_static_veclen_64_cpy iter 12: 170.637 ms
Run time division_by_zero_vectorized_static_veclen_64_cpy iter 13: 155.021 ms
Run time division_by_zero_vectorized_static_veclen_64_cpy iter 14: 174.095 ms
Run time division_by_zero_vectorized_static_veclen_64_cpy iter 15: 189.743 ms
Run time division_by_zero_vectorized_static_veclen_64_cpy iter 16: 223.155 ms
Run time division_by_zero_vectorized_static_veclen_64_cpy iter 17: 237.909 ms
Run time division_by_zero_vectorized_static_veclen_64_cpy iter 18: 234.758 ms
Run time division_by_zero_vectorized_static_veclen_64_cpy iter 19: 173.196 ms
Run time division_by_zero iter 0: 339.270 ms
Run time division_by_zero iter 1: 168.720 ms
Run time division_by_zero iter 2: 162.467 ms
Run time division_by_zero iter 3: 154.254 ms
Run time division_by_zero iter 4: 194.405 ms
Run time division_by_zero iter 5: 199.183 ms
Run time division_by_zero iter 6: 228.031 ms
Run time division_by_zero iter 7: 233.313 ms
Run time division_by_zero iter 8: 273.153 ms
Run time division_by_zero iter 9: 166.133 ms
Run time division_by_zero iter 10: 183.768 ms
Run time division_by_zero iter 11: 185.801 ms
Run time division_by_zero iter 12: 183.917 ms
Run time division_by_zero iter 13: 179.620 ms
Run time division_by_zero iter 14: 186.627 ms
Run time division_by_zero iter 15: 303.786 ms
Run time division_by_zero iter 16: 200.858 ms
Run time division_by_zero iter 17: 393.316 ms
Run time division_by_zero iter 18: 282.431 ms
Run time division_by_zero iter 19: 300.583 ms
[can_be_applied] to if_197 is True
[can_be_applied] to if_197 is True
Changing __out = (__in1 / __in2) to have +1.7800590868057611e-307 to avoid NaN/inf floating-point exception in division!
Run time division_by_zero_vectorized_static_veclen_8_no_cpy iter 0: 249.386 ms
Run time division_by_zero_vectorized_static_veclen_8_no_cpy iter 1: 557.694 ms
Run time division_by_zero_vectorized_static_veclen_8_no_cpy iter 2: 304.307 ms
Run time division_by_zero_vectorized_static_veclen_8_no_cpy iter 3: 289.693 ms
Run time division_by_zero_vectorized_static_veclen_8_no_cpy iter 4: 224.870 ms
Run time division_by_zero_vectorized_static_veclen_8_no_cpy iter 5: 327.620 ms
Run time division_by_zero_vectorized_static_veclen_8_no_cpy iter 6: 159.349 ms
Run time division_by_zero_vectorized_static_veclen_8_no_cpy iter 7: 177.197 ms
Run time division_by_zero_vectorized_static_veclen_8_no_cpy iter 8: 183.652 ms
Run time division_by_zero_vectorized_static_veclen_8_no_cpy iter 9: 119.040 ms
Run time division_by_zero_vectorized_static_veclen_8_no_cpy iter 10: 111.817 ms
Run time division_by_zero_vectorized_static_veclen_8_no_cpy iter 11: 112.246 ms
Run time division_by_zero_vectorized_static_veclen_8_no_cpy iter 12: 142.011 ms
Run time division_by_zero_vectorized_static_veclen_8_no_cpy iter 13: 176.332 ms
Run time division_by_zero_vectorized_static_veclen_8_no_cpy iter 14: 173.185 ms
Run time division_by_zero_vectorized_static_veclen_8_no_cpy iter 15: 216.654 ms
Run time division_by_zero_vectorized_static_veclen_8_no_cpy iter 16: 208.709 ms
Run time division_by_zero_vectorized_static_veclen_8_no_cpy iter 17: 339.869 ms
Run time division_by_zero_vectorized_static_veclen_8_no_cpy iter 18: 341.630 ms
Run time division_by_zero_vectorized_static_veclen_8_no_cpy iter 19: 457.474 ms
[can_be_applied] to if_197 is True
[can_be_applied] to if_197 is True
Changing __out = (__in1 / __in2) to have +1.7800590868057611e-307 to avoid NaN/inf floating-point exception in division!
Run time division_by_zero_vectorized_static_veclen_8_cpy iter 0: 369.820 ms
Run time division_by_zero_vectorized_static_veclen_8_cpy iter 1: 299.213 ms
Run time division_by_zero_vectorized_static_veclen_8_cpy iter 2: 298.399 ms
Run time division_by_zero_vectorized_static_veclen_8_cpy iter 3: 202.399 ms
Run time division_by_zero_vectorized_static_veclen_8_cpy iter 4: 155.997 ms
Run time division_by_zero_vectorized_static_veclen_8_cpy iter 5: 189.340 ms
Run time division_by_zero_vectorized_static_veclen_8_cpy iter 6: 250.125 ms
Run time division_by_zero_vectorized_static_veclen_8_cpy iter 7: 205.013 ms
Run time division_by_zero_vectorized_static_veclen_8_cpy iter 8: 191.388 ms
Run time division_by_zero_vectorized_static_veclen_8_cpy iter 9: 158.970 ms
Run time division_by_zero_vectorized_static_veclen_8_cpy iter 10: 163.553 ms
Run time division_by_zero_vectorized_static_veclen_8_cpy iter 11: 171.019 ms
Run time division_by_zero_vectorized_static_veclen_8_cpy iter 12: 172.431 ms
Run time division_by_zero_vectorized_static_veclen_8_cpy iter 13: 174.020 ms
Run time division_by_zero_vectorized_static_veclen_8_cpy iter 14: 177.259 ms
Run time division_by_zero_vectorized_static_veclen_8_cpy iter 15: 181.561 ms
Run time division_by_zero_vectorized_static_veclen_8_cpy iter 16: 275.392 ms
Run time division_by_zero_vectorized_static_veclen_8_cpy iter 17: 363.536 ms
Run time division_by_zero_vectorized_static_veclen_8_cpy iter 18: 289.436 ms
Run time division_by_zero_vectorized_static_veclen_8_cpy iter 19: 132.924 ms
[can_be_applied] to if_197 is True
[can_be_applied] to if_197 is True
Changing __out = (__in1 / __in2) to have +1.7800590868057611e-307 to avoid NaN/inf floating-point exception in division!
Run time division_by_zero_vectorized_static_veclen_16_no_cpy iter 0: 338.652 ms
Run time division_by_zero_vectorized_static_veclen_16_no_cpy iter 1: 328.833 ms
Run time division_by_zero_vectorized_static_veclen_16_no_cpy iter 2: 371.271 ms
Run time division_by_zero_vectorized_static_veclen_16_no_cpy iter 3: 335.455 ms
Run time division_by_zero_vectorized_static_veclen_16_no_cpy iter 4: 282.927 ms
Run time division_by_zero_vectorized_static_veclen_16_no_cpy iter 5: 353.752 ms
Run time division_by_zero_vectorized_static_veclen_16_no_cpy iter 6: 303.220 ms
Run time division_by_zero_vectorized_static_veclen_16_no_cpy iter 7: 186.408 ms
Run time division_by_zero_vectorized_static_veclen_16_no_cpy iter 8: 188.127 ms
Run time division_by_zero_vectorized_static_veclen_16_no_cpy iter 9: 205.230 ms
Run time division_by_zero_vectorized_static_veclen_16_no_cpy iter 10: 300.672 ms
Run time division_by_zero_vectorized_static_veclen_16_no_cpy iter 11: 193.061 ms
Run time division_by_zero_vectorized_static_veclen_16_no_cpy iter 12: 197.373 ms
Run time division_by_zero_vectorized_static_veclen_16_no_cpy iter 13: 207.558 ms
Run time division_by_zero_vectorized_static_veclen_16_no_cpy iter 14: 220.298 ms
Run time division_by_zero_vectorized_static_veclen_16_no_cpy iter 15: 198.518 ms
Run time division_by_zero_vectorized_static_veclen_16_no_cpy iter 16: 280.592 ms
Run time division_by_zero_vectorized_static_veclen_16_no_cpy iter 17: 318.534 ms
Run time division_by_zero_vectorized_static_veclen_16_no_cpy iter 18: 313.458 ms
Run time division_by_zero_vectorized_static_veclen_16_no_cpy iter 19: 298.030 ms
[can_be_applied] to if_197 is True
[can_be_applied] to if_197 is True
Changing __out = (__in1 / __in2) to have +1.7800590868057611e-307 to avoid NaN/inf floating-point exception in division!
Run time division_by_zero_vectorized_static_veclen_16_cpy iter 0: 245.417 ms
Run time division_by_zero_vectorized_static_veclen_16_cpy iter 1: 93.839 ms
Run time division_by_zero_vectorized_static_veclen_16_cpy iter 2: 180.562 ms
Run time division_by_zero_vectorized_static_veclen_16_cpy iter 3: 198.213 ms
Run time division_by_zero_vectorized_static_veclen_16_cpy iter 4: 144.590 ms
Run time division_by_zero_vectorized_static_veclen_16_cpy iter 5: 161.846 ms
Run time division_by_zero_vectorized_static_veclen_16_cpy iter 6: 123.414 ms
Run time division_by_zero_vectorized_static_veclen_16_cpy iter 7: 105.473 ms
Run time division_by_zero_vectorized_static_veclen_16_cpy iter 8: 163.045 ms
Run time division_by_zero_vectorized_static_veclen_16_cpy iter 9: 177.750 ms
Run time division_by_zero_vectorized_static_veclen_16_cpy iter 10: 177.658 ms
Run time division_by_zero_vectorized_static_veclen_16_cpy iter 11: 165.030 ms
Run time division_by_zero_vectorized_static_veclen_16_cpy iter 12: 164.575 ms
Run time division_by_zero_vectorized_static_veclen_16_cpy iter 13: 178.731 ms
Run time division_by_zero_vectorized_static_veclen_16_cpy iter 14: 184.194 ms
Run time division_by_zero_vectorized_static_veclen_16_cpy iter 15: 188.779 ms
Run time division_by_zero_vectorized_static_veclen_16_cpy iter 16: 315.507 ms
Run time division_by_zero_vectorized_static_veclen_16_cpy iter 17: 218.343 ms
Run time division_by_zero_vectorized_static_veclen_16_cpy iter 18: 448.784 ms
Run time division_by_zero_vectorized_static_veclen_16_cpy iter 19: 320.554 ms
[can_be_applied] to if_197 is True
[can_be_applied] to if_197 is True
Changing __out = (__in1 / __in2) to have +1.7800590868057611e-307 to avoid NaN/inf floating-point exception in division!
Run time division_by_zero_vectorized_static_veclen_32_no_cpy iter 0: 301.114 ms
Run time division_by_zero_vectorized_static_veclen_32_no_cpy iter 1: 289.164 ms
Run time division_by_zero_vectorized_static_veclen_32_no_cpy iter 2: 292.489 ms
Run time division_by_zero_vectorized_static_veclen_32_no_cpy iter 3: 266.275 ms
Run time division_by_zero_vectorized_static_veclen_32_no_cpy iter 4: 192.183 ms
Run time division_by_zero_vectorized_static_veclen_32_no_cpy iter 5: 365.143 ms
Run time division_by_zero_vectorized_static_veclen_32_no_cpy iter 6: 319.859 ms
Run time division_by_zero_vectorized_static_veclen_32_no_cpy iter 7: 155.397 ms
Run time division_by_zero_vectorized_static_veclen_32_no_cpy iter 8: 172.416 ms
Run time division_by_zero_vectorized_static_veclen_32_no_cpy iter 9: 175.188 ms
Run time division_by_zero_vectorized_static_veclen_32_no_cpy iter 10: 177.274 ms
Run time division_by_zero_vectorized_static_veclen_32_no_cpy iter 11: 181.501 ms
Run time division_by_zero_vectorized_static_veclen_32_no_cpy iter 12: 179.792 ms
Run time division_by_zero_vectorized_static_veclen_32_no_cpy iter 13: 170.364 ms
Run time division_by_zero_vectorized_static_veclen_32_no_cpy iter 14: 151.044 ms
Run time division_by_zero_vectorized_static_veclen_32_no_cpy iter 15: 99.465 ms
Run time division_by_zero_vectorized_static_veclen_32_no_cpy iter 16: 154.475 ms
Run time division_by_zero_vectorized_static_veclen_32_no_cpy iter 17: 118.370 ms
Run time division_by_zero_vectorized_static_veclen_32_no_cpy iter 18: 150.445 ms
Run time division_by_zero_vectorized_static_veclen_32_no_cpy iter 19: 135.357 ms
[can_be_applied] to if_197 is True
[can_be_applied] to if_197 is True
Changing __out = (__in1 / __in2) to have +1.7800590868057611e-307 to avoid NaN/inf floating-point exception in division!
Run time division_by_zero_vectorized_static_veclen_32_cpy iter 0: 374.181 ms
Run time division_by_zero_vectorized_static_veclen_32_cpy iter 1: 495.330 ms
Run time division_by_zero_vectorized_static_veclen_32_cpy iter 2: 300.332 ms
Run time division_by_zero_vectorized_static_veclen_32_cpy iter 3: 283.486 ms
Run time division_by_zero_vectorized_static_veclen_32_cpy iter 4: 170.383 ms
Run time division_by_zero_vectorized_static_veclen_32_cpy iter 5: 368.582 ms
Run time division_by_zero_vectorized_static_veclen_32_cpy iter 6: 342.437 ms
Run time division_by_zero_vectorized_static_veclen_32_cpy iter 7: 183.787 ms
Run time division_by_zero_vectorized_static_veclen_32_cpy iter 8: 165.707 ms
Run time division_by_zero_vectorized_static_veclen_32_cpy iter 9: 167.166 ms
Run time division_by_zero_vectorized_static_veclen_32_cpy iter 10: 179.349 ms
Run time division_by_zero_vectorized_static_veclen_32_cpy iter 11: 165.019 ms
Run time division_by_zero_vectorized_static_veclen_32_cpy iter 12: 178.305 ms
Run time division_by_zero_vectorized_static_veclen_32_cpy iter 13: 181.497 ms
Run time division_by_zero_vectorized_static_veclen_32_cpy iter 14: 180.367 ms
Run time division_by_zero_vectorized_static_veclen_32_cpy iter 15: 166.169 ms
Run time division_by_zero_vectorized_static_veclen_32_cpy iter 16: 185.506 ms
Run time division_by_zero_vectorized_static_veclen_32_cpy iter 17: 251.558 ms
Run time division_by_zero_vectorized_static_veclen_32_cpy iter 18: 275.166 ms
Run time division_by_zero_vectorized_static_veclen_32_cpy iter 19: 349.050 ms
[can_be_applied] to if_197 is True
[can_be_applied] to if_197 is True
Changing __out = (__in1 / __in2) to have +1.7800590868057611e-307 to avoid NaN/inf floating-point exception in division!
Run time division_by_zero_vectorized_static_veclen_64_no_cpy iter 0: 243.923 ms
Run time division_by_zero_vectorized_static_veclen_64_no_cpy iter 1: 269.609 ms
Run time division_by_zero_vectorized_static_veclen_64_no_cpy iter 2: 215.084 ms
Run time division_by_zero_vectorized_static_veclen_64_no_cpy iter 3: 347.236 ms
Run time division_by_zero_vectorized_static_veclen_64_no_cpy iter 4: 332.568 ms
Run time division_by_zero_vectorized_static_veclen_64_no_cpy iter 5: 305.347 ms
Run time division_by_zero_vectorized_static_veclen_64_no_cpy iter 6: 391.032 ms
Run time division_by_zero_vectorized_static_veclen_64_no_cpy iter 7: 323.535 ms
Run time division_by_zero_vectorized_static_veclen_64_no_cpy iter 8: 433.182 ms
Run time division_by_zero_vectorized_static_veclen_64_no_cpy iter 9: 399.731 ms
Run time division_by_zero_vectorized_static_veclen_64_no_cpy iter 10: 300.590 ms
Run time division_by_zero_vectorized_static_veclen_64_no_cpy iter 11: 197.370 ms
Run time division_by_zero_vectorized_static_veclen_64_no_cpy iter 12: 202.350 ms
Run time division_by_zero_vectorized_static_veclen_64_no_cpy iter 13: 216.735 ms
Run time division_by_zero_vectorized_static_veclen_64_no_cpy iter 14: 210.307 ms
Run time division_by_zero_vectorized_static_veclen_64_no_cpy iter 15: 222.597 ms
Run time division_by_zero_vectorized_static_veclen_64_no_cpy iter 16: 292.848 ms
Run time division_by_zero_vectorized_static_veclen_64_no_cpy iter 17: 445.970 ms
Run time division_by_zero_vectorized_static_veclen_64_no_cpy iter 18: 252.885 ms
Run time division_by_zero_vectorized_static_veclen_64_no_cpy iter 19: 259.057 ms
[can_be_applied] to if_197 is True
[can_be_applied] to if_197 is True
Changing __out = (__in1 / __in2) to have +1.7800590868057611e-307 to avoid NaN/inf floating-point exception in division!
Run time division_by_zero_vectorized_static_veclen_64_cpy iter 0: 350.235 ms
Run time division_by_zero_vectorized_static_veclen_64_cpy iter 1: 294.941 ms
Run time division_by_zero_vectorized_static_veclen_64_cpy iter 2: 256.011 ms
Run time division_by_zero_vectorized_static_veclen_64_cpy iter 3: 244.853 ms
Run time division_by_zero_vectorized_static_veclen_64_cpy iter 4: 154.852 ms
Run time division_by_zero_vectorized_static_veclen_64_cpy iter 5: 190.784 ms
Run time division_by_zero_vectorized_static_veclen_64_cpy iter 6: 153.372 ms
Run time division_by_zero_vectorized_static_veclen_64_cpy iter 7: 150.272 ms
Run time division_by_zero_vectorized_static_veclen_64_cpy iter 8: 255.134 ms
Run time division_by_zero_vectorized_static_veclen_64_cpy iter 9: 271.132 ms
Run time division_by_zero_vectorized_static_veclen_64_cpy iter 10: 329.020 ms
Run time division_by_zero_vectorized_static_veclen_64_cpy iter 11: 273.420 ms
Run time division_by_zero_vectorized_static_veclen_64_cpy iter 12: 323.738 ms
Run time division_by_zero_vectorized_static_veclen_64_cpy iter 13: 412.497 ms
Run time division_by_zero_vectorized_static_veclen_64_cpy iter 14: 302.035 ms
Run time division_by_zero_vectorized_static_veclen_64_cpy iter 15: 230.436 ms
Run time division_by_zero_vectorized_static_veclen_64_cpy iter 16: 229.973 ms
Run time division_by_zero_vectorized_static_veclen_64_cpy iter 17: 369.303 ms
Run time division_by_zero_vectorized_static_veclen_64_cpy iter 18: 381.897 ms
Run time division_by_zero_vectorized_static_veclen_64_cpy iter 19: 331.063 ms
Run time division_by_zero iter 0: 346.469 ms
Run time division_by_zero iter 1: 320.610 ms
Run time division_by_zero iter 2: 290.508 ms
Run time division_by_zero iter 3: 287.783 ms
Run time division_by_zero iter 4: 279.696 ms
Run time division_by_zero iter 5: 333.064 ms
Run time division_by_zero iter 6: 345.757 ms
Run time division_by_zero iter 7: 312.200 ms
Run time division_by_zero iter 8: 303.605 ms
Run time division_by_zero iter 9: 284.825 ms
Run time division_by_zero iter 10: 281.217 ms
Run time division_by_zero iter 11: 294.183 ms
Run time division_by_zero iter 12: 190.974 ms
Run time division_by_zero iter 13: 192.608 ms
Run time division_by_zero iter 14: 192.089 ms
Run time division_by_zero iter 15: 172.911 ms
Run time division_by_zero iter 16: 177.061 ms
Run time division_by_zero iter 17: 333.100 ms
Run time division_by_zero iter 18: 207.582 ms
Run time division_by_zero iter 19: 193.136 ms
[can_be_applied] to if_197 is True
[can_be_applied] to if_197 is True
Changing __out = (__in1 / __in2) to have +1.7800590868057611e-307 to avoid NaN/inf floating-point exception in division!
Run time division_by_zero_vectorized_static_veclen_8_no_cpy iter 0: 281.076 ms
Run time division_by_zero_vectorized_static_veclen_8_no_cpy iter 1: 331.946 ms
Run time division_by_zero_vectorized_static_veclen_8_no_cpy iter 2: 298.487 ms
Run time division_by_zero_vectorized_static_veclen_8_no_cpy iter 3: 305.283 ms
Run time division_by_zero_vectorized_static_veclen_8_no_cpy iter 4: 215.381 ms
Run time division_by_zero_vectorized_static_veclen_8_no_cpy iter 5: 305.539 ms
Run time division_by_zero_vectorized_static_veclen_8_no_cpy iter 6: 174.804 ms
Run time division_by_zero_vectorized_static_veclen_8_no_cpy iter 7: 280.539 ms
Run time division_by_zero_vectorized_static_veclen_8_no_cpy iter 8: 319.327 ms
Run time division_by_zero_vectorized_static_veclen_8_no_cpy iter 9: 297.047 ms
Run time division_by_zero_vectorized_static_veclen_8_no_cpy iter 10: 298.049 ms
Run time division_by_zero_vectorized_static_veclen_8_no_cpy iter 11: 291.209 ms
Run time division_by_zero_vectorized_static_veclen_8_no_cpy iter 12: 188.221 ms
Run time division_by_zero_vectorized_static_veclen_8_no_cpy iter 13: 291.841 ms
Run time division_by_zero_vectorized_static_veclen_8_no_cpy iter 14: 268.119 ms
Run time division_by_zero_vectorized_static_veclen_8_no_cpy iter 15: 300.586 ms
Run time division_by_zero_vectorized_static_veclen_8_no_cpy iter 16: 191.439 ms
Run time division_by_zero_vectorized_static_veclen_8_no_cpy iter 17: 184.479 ms
Run time division_by_zero_vectorized_static_veclen_8_no_cpy iter 18: 187.211 ms
Run time division_by_zero_vectorized_static_veclen_8_no_cpy iter 19: 184.913 ms
[can_be_applied] to if_197 is True
[can_be_applied] to if_197 is True
Changing __out = (__in1 / __in2) to have +1.7800590868057611e-307 to avoid NaN/inf floating-point exception in division!
Run time division_by_zero_vectorized_static_veclen_8_cpy iter 0: 299.119 ms
Run time division_by_zero_vectorized_static_veclen_8_cpy iter 1: 189.021 ms
Run time division_by_zero_vectorized_static_veclen_8_cpy iter 2: 331.250 ms
Run time division_by_zero_vectorized_static_veclen_8_cpy iter 3: 399.202 ms
Run time division_by_zero_vectorized_static_veclen_8_cpy iter 4: 292.713 ms
Run time division_by_zero_vectorized_static_veclen_8_cpy iter 5: 343.138 ms
Run time division_by_zero_vectorized_static_veclen_8_cpy iter 6: 444.749 ms
Run time division_by_zero_vectorized_static_veclen_8_cpy iter 7: 333.403 ms
Run time division_by_zero_vectorized_static_veclen_8_cpy iter 8: 382.001 ms
Run time division_by_zero_vectorized_static_veclen_8_cpy iter 9: 314.999 ms
Run time division_by_zero_vectorized_static_veclen_8_cpy iter 10: 271.414 ms
Run time division_by_zero_vectorized_static_veclen_8_cpy iter 11: 276.975 ms
Run time division_by_zero_vectorized_static_veclen_8_cpy iter 12: 323.290 ms
Run time division_by_zero_vectorized_static_veclen_8_cpy iter 13: 184.354 ms
Run time division_by_zero_vectorized_static_veclen_8_cpy iter 14: 180.308 ms
Run time division_by_zero_vectorized_static_veclen_8_cpy iter 15: 171.512 ms
Run time division_by_zero_vectorized_static_veclen_8_cpy iter 16: 185.855 ms
Run time division_by_zero_vectorized_static_veclen_8_cpy iter 17: 192.415 ms
Run time division_by_zero_vectorized_static_veclen_8_cpy iter 18: 213.958 ms
Run time division_by_zero_vectorized_static_veclen_8_cpy iter 19: 243.952 ms
[can_be_applied] to if_197 is True
[can_be_applied] to if_197 is True
Changing __out = (__in1 / __in2) to have +1.7800590868057611e-307 to avoid NaN/inf floating-point exception in division!
Run time division_by_zero_vectorized_static_veclen_16_no_cpy iter 0: 317.439 ms
Run time division_by_zero_vectorized_static_veclen_16_no_cpy iter 1: 364.024 ms
Run time division_by_zero_vectorized_static_veclen_16_no_cpy iter 2: 302.278 ms
Run time division_by_zero_vectorized_static_veclen_16_no_cpy iter 3: 321.883 ms
Run time division_by_zero_vectorized_static_veclen_16_no_cpy iter 4: 318.980 ms
Run time division_by_zero_vectorized_static_veclen_16_no_cpy iter 5: 463.016 ms
Run time division_by_zero_vectorized_static_veclen_16_no_cpy iter 6: 312.362 ms
Run time division_by_zero_vectorized_static_veclen_16_no_cpy iter 7: 461.498 ms
Run time division_by_zero_vectorized_static_veclen_16_no_cpy iter 8: 415.855 ms
Run time division_by_zero_vectorized_static_veclen_16_no_cpy iter 9: 305.222 ms
Run time division_by_zero_vectorized_static_veclen_16_no_cpy iter 10: 361.735 ms
Run time division_by_zero_vectorized_static_veclen_16_no_cpy iter 11: 386.924 ms
Run time division_by_zero_vectorized_static_veclen_16_no_cpy iter 12: 394.820 ms
Run time division_by_zero_vectorized_static_veclen_16_no_cpy iter 13: 323.408 ms
Run time division_by_zero_vectorized_static_veclen_16_no_cpy iter 14: 251.809 ms
Run time division_by_zero_vectorized_static_veclen_16_no_cpy iter 15: 256.294 ms
Run time division_by_zero_vectorized_static_veclen_16_no_cpy iter 16: 255.156 ms
Run time division_by_zero_vectorized_static_veclen_16_no_cpy iter 17: 250.787 ms
Run time division_by_zero_vectorized_static_veclen_16_no_cpy iter 18: 245.476 ms
Run time division_by_zero_vectorized_static_veclen_16_no_cpy iter 19: 240.984 ms
[can_be_applied] to if_197 is True
[can_be_applied] to if_197 is True
Changing __out = (__in1 / __in2) to have +1.7800590868057611e-307 to avoid NaN/inf floating-point exception in division!
Run time division_by_zero_vectorized_static_veclen_16_cpy iter 0: 301.357 ms
Run time division_by_zero_vectorized_static_veclen_16_cpy iter 1: 301.531 ms
Run time division_by_zero_vectorized_static_veclen_16_cpy iter 2: 303.117 ms
Run time division_by_zero_vectorized_static_veclen_16_cpy iter 3: 317.789 ms
Run time division_by_zero_vectorized_static_veclen_16_cpy iter 4: 306.531 ms
Run time division_by_zero_vectorized_static_veclen_16_cpy iter 5: 296.937 ms
Run time division_by_zero_vectorized_static_veclen_16_cpy iter 6: 314.826 ms
Run time division_by_zero_vectorized_static_veclen_16_cpy iter 7: 396.793 ms
Run time division_by_zero_vectorized_static_veclen_16_cpy iter 8: 313.957 ms
Run time division_by_zero_vectorized_static_veclen_16_cpy iter 9: 340.992 ms
Run time division_by_zero_vectorized_static_veclen_16_cpy iter 10: 374.236 ms
Run time division_by_zero_vectorized_static_veclen_16_cpy iter 11: 298.749 ms
Run time division_by_zero_vectorized_static_veclen_16_cpy iter 12: 294.343 ms
Run time division_by_zero_vectorized_static_veclen_16_cpy iter 13: 188.012 ms
Run time division_by_zero_vectorized_static_veclen_16_cpy iter 14: 179.241 ms
Run time division_by_zero_vectorized_static_veclen_16_cpy iter 15: 191.292 ms
Run time division_by_zero_vectorized_static_veclen_16_cpy iter 16: 195.884 ms
Run time division_by_zero_vectorized_static_veclen_16_cpy iter 17: 201.467 ms
Run time division_by_zero_vectorized_static_veclen_16_cpy iter 18: 205.266 ms
Run time division_by_zero_vectorized_static_veclen_16_cpy iter 19: 429.314 ms
[can_be_applied] to if_197 is True
[can_be_applied] to if_197 is True
Changing __out = (__in1 / __in2) to have +1.7800590868057611e-307 to avoid NaN/inf floating-point exception in division!
Run time division_by_zero_vectorized_static_veclen_32_no_cpy iter 0: 338.806 ms
Run time division_by_zero_vectorized_static_veclen_32_no_cpy iter 1: 308.625 ms
Run time division_by_zero_vectorized_static_veclen_32_no_cpy iter 2: 281.408 ms
Run time division_by_zero_vectorized_static_veclen_32_no_cpy iter 3: 304.738 ms
Run time division_by_zero_vectorized_static_veclen_32_no_cpy iter 4: 280.350 ms
Run time division_by_zero_vectorized_static_veclen_32_no_cpy iter 5: 363.235 ms
Run time division_by_zero_vectorized_static_veclen_32_no_cpy iter 6: 324.053 ms
Run time division_by_zero_vectorized_static_veclen_32_no_cpy iter 7: 299.477 ms
Run time division_by_zero_vectorized_static_veclen_32_no_cpy iter 8: 276.726 ms
Run time division_by_zero_vectorized_static_veclen_32_no_cpy iter 9: 201.364 ms
Run time division_by_zero_vectorized_static_veclen_32_no_cpy iter 10: 191.917 ms
Run time division_by_zero_vectorized_static_veclen_32_no_cpy iter 11: 188.313 ms
Run time division_by_zero_vectorized_static_veclen_32_no_cpy iter 12: 195.463 ms
Run time division_by_zero_vectorized_static_veclen_32_no_cpy iter 13: 193.454 ms
Run time division_by_zero_vectorized_static_veclen_32_no_cpy iter 14: 193.007 ms
Run time division_by_zero_vectorized_static_veclen_32_no_cpy iter 15: 198.748 ms
Run time division_by_zero_vectorized_static_veclen_32_no_cpy iter 16: 198.601 ms
Run time division_by_zero_vectorized_static_veclen_32_no_cpy iter 17: 283.667 ms
Run time division_by_zero_vectorized_static_veclen_32_no_cpy iter 18: 390.717 ms
Run time division_by_zero_vectorized_static_veclen_32_no_cpy iter 19: 358.859 ms
[can_be_applied] to if_197 is True
[can_be_applied] to if_197 is True
Changing __out = (__in1 / __in2) to have +1.7800590868057611e-307 to avoid NaN/inf floating-point exception in division!
Run time division_by_zero_vectorized_static_veclen_32_cpy iter 0: 278.872 ms
Run time division_by_zero_vectorized_static_veclen_32_cpy iter 1: 279.745 ms
Run time division_by_zero_vectorized_static_veclen_32_cpy iter 2: 274.008 ms
Run time division_by_zero_vectorized_static_veclen_32_cpy iter 3: 263.590 ms
Run time division_by_zero_vectorized_static_veclen_32_cpy iter 4: 315.506 ms
Run time division_by_zero_vectorized_static_veclen_32_cpy iter 5: 269.667 ms
Run time division_by_zero_vectorized_static_veclen_32_cpy iter 6: 346.617 ms
Run time division_by_zero_vectorized_static_veclen_32_cpy iter 7: 318.052 ms
Run time division_by_zero_vectorized_static_veclen_32_cpy iter 8: 221.284 ms
Run time division_by_zero_vectorized_static_veclen_32_cpy iter 9: 419.720 ms
Run time division_by_zero_vectorized_static_veclen_32_cpy iter 10: 274.791 ms
Run time division_by_zero_vectorized_static_veclen_32_cpy iter 11: 288.944 ms
Run time division_by_zero_vectorized_static_veclen_32_cpy iter 12: 238.564 ms
Run time division_by_zero_vectorized_static_veclen_32_cpy iter 13: 190.709 ms
Run time division_by_zero_vectorized_static_veclen_32_cpy iter 14: 189.400 ms
Run time division_by_zero_vectorized_static_veclen_32_cpy iter 15: 186.386 ms
Run time division_by_zero_vectorized_static_veclen_32_cpy iter 16: 192.408 ms
Run time division_by_zero_vectorized_static_veclen_32_cpy iter 17: 272.701 ms
Run time division_by_zero_vectorized_static_veclen_32_cpy iter 18: 188.741 ms
Run time division_by_zero_vectorized_static_veclen_32_cpy iter 19: 198.622 ms
[can_be_applied] to if_197 is True
[can_be_applied] to if_197 is True
Changing __out = (__in1 / __in2) to have +1.7800590868057611e-307 to avoid NaN/inf floating-point exception in division!
Run time division_by_zero_vectorized_static_veclen_64_no_cpy iter 0: 459.140 ms
Run time division_by_zero_vectorized_static_veclen_64_no_cpy iter 1: 352.306 ms
Run time division_by_zero_vectorized_static_veclen_64_no_cpy iter 2: 319.862 ms
Run time division_by_zero_vectorized_static_veclen_64_no_cpy iter 3: 359.591 ms
Run time division_by_zero_vectorized_static_veclen_64_no_cpy iter 4: 330.899 ms
Run time division_by_zero_vectorized_static_veclen_64_no_cpy iter 5: 293.721 ms
Run time division_by_zero_vectorized_static_veclen_64_no_cpy iter 6: 281.002 ms
Run time division_by_zero_vectorized_static_veclen_64_no_cpy iter 7: 286.809 ms
Run time division_by_zero_vectorized_static_veclen_64_no_cpy iter 8: 358.217 ms
Run time division_by_zero_vectorized_static_veclen_64_no_cpy iter 9: 357.666 ms
Run time division_by_zero_vectorized_static_veclen_64_no_cpy iter 10: 323.449 ms
Run time division_by_zero_vectorized_static_veclen_64_no_cpy iter 11: 292.266 ms
Run time division_by_zero_vectorized_static_veclen_64_no_cpy iter 12: 281.856 ms
Run time division_by_zero_vectorized_static_veclen_64_no_cpy iter 13: 437.468 ms
Run time division_by_zero_vectorized_static_veclen_64_no_cpy iter 14: 277.812 ms
Run time division_by_zero_vectorized_static_veclen_64_no_cpy iter 15: 240.523 ms
Run time division_by_zero_vectorized_static_veclen_64_no_cpy iter 16: 240.543 ms
Run time division_by_zero_vectorized_static_veclen_64_no_cpy iter 17: 242.400 ms
Run time division_by_zero_vectorized_static_veclen_64_no_cpy iter 18: 245.540 ms
Run time division_by_zero_vectorized_static_veclen_64_no_cpy iter 19: 233.588 ms
[can_be_applied] to if_197 is True
[can_be_applied] to if_197 is True
Changing __out = (__in1 / __in2) to have +1.7800590868057611e-307 to avoid NaN/inf floating-point exception in division!
Run time division_by_zero_vectorized_static_veclen_64_cpy iter 0: 356.393 ms
Run time division_by_zero_vectorized_static_veclen_64_cpy iter 1: 387.276 ms
Run time division_by_zero_vectorized_static_veclen_64_cpy iter 2: 371.370 ms
Run time division_by_zero_vectorized_static_veclen_64_cpy iter 3: 366.692 ms
Run time division_by_zero_vectorized_static_veclen_64_cpy iter 4: 418.729 ms
Run time division_by_zero_vectorized_static_veclen_64_cpy iter 5: 419.301 ms
Run time division_by_zero_vectorized_static_veclen_64_cpy iter 6: 406.880 ms
Run time division_by_zero_vectorized_static_veclen_64_cpy iter 7: 374.749 ms
Run time division_by_zero_vectorized_static_veclen_64_cpy iter 8: 359.762 ms
Run time division_by_zero_vectorized_static_veclen_64_cpy iter 9: 356.152 ms
Run time division_by_zero_vectorized_static_veclen_64_cpy iter 10: 359.276 ms
Run time division_by_zero_vectorized_static_veclen_64_cpy iter 11: 356.361 ms
Run time division_by_zero_vectorized_static_veclen_64_cpy iter 12: 367.493 ms
Run time division_by_zero_vectorized_static_veclen_64_cpy iter 13: 227.790 ms
Run time division_by_zero_vectorized_static_veclen_64_cpy iter 14: 224.319 ms
Run time division_by_zero_vectorized_static_veclen_64_cpy iter 15: 253.280 ms
Run time division_by_zero_vectorized_static_veclen_64_cpy iter 16: 400.887 ms
Run time division_by_zero_vectorized_static_veclen_64_cpy iter 17: 267.800 ms
Run time division_by_zero_vectorized_static_veclen_64_cpy iter 18: 239.838 ms
Run time division_by_zero_vectorized_static_veclen_64_cpy iter 19: 232.077 ms
Saved timing results to division_by_zero_timings.csv
