Physical cores: 36
Run time spmv_csr iter 0: 1.806 ms
Run time spmv_csr iter 1: 1.943 ms
Run time spmv_csr iter 2: 3.165 ms
Run time spmv_csr iter 3: 3.139 ms
Run time spmv_csr iter 4: 3.434 ms
Run time spmv_csr iter 5: 3.391 ms
Run time spmv_csr iter 6: 3.420 ms
Run time spmv_csr iter 7: 3.412 ms
Run time spmv_csr iter 8: 3.401 ms
Run time spmv_csr iter 9: 3.369 ms
Run time csr_spmv_vectorized_static_veclen_8_no_cpy iter 0: 1.879 ms
Run time csr_spmv_vectorized_static_veclen_8_no_cpy iter 1: 1.920 ms
Run time csr_spmv_vectorized_static_veclen_8_no_cpy iter 2: 1.759 ms
Run time csr_spmv_vectorized_static_veclen_8_no_cpy iter 3: 1.718 ms
Run time csr_spmv_vectorized_static_veclen_8_no_cpy iter 4: 1.726 ms
Run time csr_spmv_vectorized_static_veclen_8_no_cpy iter 5: 1.727 ms
Run time csr_spmv_vectorized_static_veclen_8_no_cpy iter 6: 1.696 ms
Run time csr_spmv_vectorized_static_veclen_8_no_cpy iter 7: 1.699 ms
Run time csr_spmv_vectorized_static_veclen_8_no_cpy iter 8: 1.699 ms
Run time csr_spmv_vectorized_static_veclen_8_no_cpy iter 9: 1.707 ms
Run time csr_spmv_vectorized_static_veclen_8_cpy iter 0: 1.645 ms
Run time csr_spmv_vectorized_static_veclen_8_cpy iter 1: 1.442 ms
Run time csr_spmv_vectorized_static_veclen_8_cpy iter 2: 1.303 ms
Run time csr_spmv_vectorized_static_veclen_8_cpy iter 3: 1.320 ms
Run time csr_spmv_vectorized_static_veclen_8_cpy iter 4: 1.426 ms
Run time csr_spmv_vectorized_static_veclen_8_cpy iter 5: 1.353 ms
Run time csr_spmv_vectorized_static_veclen_8_cpy iter 6: 1.585 ms
Run time csr_spmv_vectorized_static_veclen_8_cpy iter 7: 1.552 ms
Run time csr_spmv_vectorized_static_veclen_8_cpy iter 8: 1.542 ms
Run time csr_spmv_vectorized_static_veclen_8_cpy iter 9: 1.566 ms
Run time csr_spmv_vectorized_static_veclen_16_no_cpy iter 0: 1.729 ms
Run time csr_spmv_vectorized_static_veclen_16_no_cpy iter 1: 1.480 ms
Run time csr_spmv_vectorized_static_veclen_16_no_cpy iter 2: 1.364 ms
Run time csr_spmv_vectorized_static_veclen_16_no_cpy iter 3: 1.556 ms
Run time csr_spmv_vectorized_static_veclen_16_no_cpy iter 4: 1.793 ms
Run time csr_spmv_vectorized_static_veclen_16_no_cpy iter 5: 1.628 ms
Run time csr_spmv_vectorized_static_veclen_16_no_cpy iter 6: 1.640 ms
Run time csr_spmv_vectorized_static_veclen_16_no_cpy iter 7: 1.641 ms
Run time csr_spmv_vectorized_static_veclen_16_no_cpy iter 8: 1.730 ms
Run time csr_spmv_vectorized_static_veclen_16_no_cpy iter 9: 1.669 ms
Run time csr_spmv_vectorized_static_veclen_16_cpy iter 0: 1.627 ms
Run time csr_spmv_vectorized_static_veclen_16_cpy iter 1: 1.413 ms
Run time csr_spmv_vectorized_static_veclen_16_cpy iter 2: 1.285 ms
Run time csr_spmv_vectorized_static_veclen_16_cpy iter 3: 1.479 ms
Run time csr_spmv_vectorized_static_veclen_16_cpy iter 4: 1.597 ms
Run time csr_spmv_vectorized_static_veclen_16_cpy iter 5: 1.571 ms
Run time csr_spmv_vectorized_static_veclen_16_cpy iter 6: 1.542 ms
Run time csr_spmv_vectorized_static_veclen_16_cpy iter 7: 1.528 ms
Run time csr_spmv_vectorized_static_veclen_16_cpy iter 8: 1.594 ms
Run time csr_spmv_vectorized_static_veclen_16_cpy iter 9: 1.607 ms
Run time csr_spmv_vectorized_static_veclen_32_no_cpy iter 0: 1.615 ms
Run time csr_spmv_vectorized_static_veclen_32_no_cpy iter 1: 1.387 ms
Run time csr_spmv_vectorized_static_veclen_32_no_cpy iter 2: 1.109 ms
Run time csr_spmv_vectorized_static_veclen_32_no_cpy iter 3: 1.111 ms
Run time csr_spmv_vectorized_static_veclen_32_no_cpy iter 4: 1.068 ms
Run time csr_spmv_vectorized_static_veclen_32_no_cpy iter 5: 1.254 ms
Run time csr_spmv_vectorized_static_veclen_32_no_cpy iter 6: 1.292 ms
Run time csr_spmv_vectorized_static_veclen_32_no_cpy iter 7: 1.447 ms
Run time csr_spmv_vectorized_static_veclen_32_no_cpy iter 8: 1.905 ms
Run time csr_spmv_vectorized_static_veclen_32_no_cpy iter 9: 2.035 ms
Run time csr_spmv_vectorized_static_veclen_32_cpy iter 0: 1.919 ms
Run time csr_spmv_vectorized_static_veclen_32_cpy iter 1: 1.527 ms
Run time csr_spmv_vectorized_static_veclen_32_cpy iter 2: 1.420 ms
Run time csr_spmv_vectorized_static_veclen_32_cpy iter 3: 1.334 ms
Run time csr_spmv_vectorized_static_veclen_32_cpy iter 4: 1.451 ms
Run time csr_spmv_vectorized_static_veclen_32_cpy iter 5: 1.440 ms
Run time csr_spmv_vectorized_static_veclen_32_cpy iter 6: 1.559 ms
Run time csr_spmv_vectorized_static_veclen_32_cpy iter 7: 2.111 ms
Run time csr_spmv_vectorized_static_veclen_32_cpy iter 8: 2.220 ms
Run time csr_spmv_vectorized_static_veclen_32_cpy iter 9: 2.279 ms
Saved timing results to csr_spmv_timings_1_core.csv.csv
Run time spmv_csr iter 0: 7.029 ms
Run time spmv_csr iter 1: 7.335 ms
Run time spmv_csr iter 2: 6.853 ms
Run time spmv_csr iter 3: 7.499 ms
Run time spmv_csr iter 4: 8.788 ms
Run time spmv_csr iter 5: 7.641 ms
Run time spmv_csr iter 6: 7.533 ms
Run time spmv_csr iter 7: 7.542 ms
Run time spmv_csr iter 8: 7.659 ms
Run time spmv_csr iter 9: 7.590 ms
Run time csr_spmv_vectorized_static_veclen_8_no_cpy iter 0: 8.066 ms
Run time csr_spmv_vectorized_static_veclen_8_no_cpy iter 1: 7.771 ms
Run time csr_spmv_vectorized_static_veclen_8_no_cpy iter 2: 7.592 ms
Run time csr_spmv_vectorized_static_veclen_8_no_cpy iter 3: 7.157 ms
Run time csr_spmv_vectorized_static_veclen_8_no_cpy iter 4: 6.782 ms
Run time csr_spmv_vectorized_static_veclen_8_no_cpy iter 5: 6.303 ms
Run time csr_spmv_vectorized_static_veclen_8_no_cpy iter 6: 6.716 ms
Run time csr_spmv_vectorized_static_veclen_8_no_cpy iter 7: 7.727 ms
Run time csr_spmv_vectorized_static_veclen_8_no_cpy iter 8: 7.841 ms
Run time csr_spmv_vectorized_static_veclen_8_no_cpy iter 9: 7.457 ms
Run time csr_spmv_vectorized_static_veclen_8_cpy iter 0: 6.423 ms
Run time csr_spmv_vectorized_static_veclen_8_cpy iter 1: 6.224 ms
Run time csr_spmv_vectorized_static_veclen_8_cpy iter 2: 6.182 ms
Run time csr_spmv_vectorized_static_veclen_8_cpy iter 3: 6.137 ms
Run time csr_spmv_vectorized_static_veclen_8_cpy iter 4: 6.354 ms
Run time csr_spmv_vectorized_static_veclen_8_cpy iter 5: 6.440 ms
Run time csr_spmv_vectorized_static_veclen_8_cpy iter 6: 6.074 ms
Run time csr_spmv_vectorized_static_veclen_8_cpy iter 7: 6.162 ms
Run time csr_spmv_vectorized_static_veclen_8_cpy iter 8: 6.119 ms
Run time csr_spmv_vectorized_static_veclen_8_cpy iter 9: 6.044 ms
Run time csr_spmv_vectorized_static_veclen_16_no_cpy iter 0: 6.627 ms
Run time csr_spmv_vectorized_static_veclen_16_no_cpy iter 1: 6.567 ms
Run time csr_spmv_vectorized_static_veclen_16_no_cpy iter 2: 6.501 ms
Run time csr_spmv_vectorized_static_veclen_16_no_cpy iter 3: 6.328 ms
Run time csr_spmv_vectorized_static_veclen_16_no_cpy iter 4: 6.285 ms
Run time csr_spmv_vectorized_static_veclen_16_no_cpy iter 5: 6.653 ms
Run time csr_spmv_vectorized_static_veclen_16_no_cpy iter 6: 6.320 ms
Run time csr_spmv_vectorized_static_veclen_16_no_cpy iter 7: 6.320 ms
Run time csr_spmv_vectorized_static_veclen_16_no_cpy iter 8: 6.302 ms
Run time csr_spmv_vectorized_static_veclen_16_no_cpy iter 9: 6.313 ms
Run time csr_spmv_vectorized_static_veclen_16_cpy iter 0: 7.141 ms
Run time csr_spmv_vectorized_static_veclen_16_cpy iter 1: 7.556 ms
Run time csr_spmv_vectorized_static_veclen_16_cpy iter 2: 8.899 ms
Run time csr_spmv_vectorized_static_veclen_16_cpy iter 3: 9.820 ms
Run time csr_spmv_vectorized_static_veclen_16_cpy iter 4: 10.886 ms
Run time csr_spmv_vectorized_static_veclen_16_cpy iter 5: 10.328 ms
Run time csr_spmv_vectorized_static_veclen_16_cpy iter 6: 10.094 ms
Run time csr_spmv_vectorized_static_veclen_16_cpy iter 7: 10.751 ms
Run time csr_spmv_vectorized_static_veclen_16_cpy iter 8: 10.759 ms
Run time csr_spmv_vectorized_static_veclen_16_cpy iter 9: 10.541 ms
Run time csr_spmv_vectorized_static_veclen_32_no_cpy iter 0: 6.604 ms
Run time csr_spmv_vectorized_static_veclen_32_no_cpy iter 1: 6.616 ms
Run time csr_spmv_vectorized_static_veclen_32_no_cpy iter 2: 6.565 ms
Run time csr_spmv_vectorized_static_veclen_32_no_cpy iter 3: 6.927 ms
Run time csr_spmv_vectorized_static_veclen_32_no_cpy iter 4: 6.401 ms
Run time csr_spmv_vectorized_static_veclen_32_no_cpy iter 5: 6.908 ms
Run time csr_spmv_vectorized_static_veclen_32_no_cpy iter 6: 6.361 ms
Run time csr_spmv_vectorized_static_veclen_32_no_cpy iter 7: 6.363 ms
Run time csr_spmv_vectorized_static_veclen_32_no_cpy iter 8: 6.371 ms
Run time csr_spmv_vectorized_static_veclen_32_no_cpy iter 9: 6.352 ms
Run time csr_spmv_vectorized_static_veclen_32_cpy iter 0: 7.526 ms
Run time csr_spmv_vectorized_static_veclen_32_cpy iter 1: 7.518 ms
Run time csr_spmv_vectorized_static_veclen_32_cpy iter 2: 7.500 ms
Run time csr_spmv_vectorized_static_veclen_32_cpy iter 3: 7.520 ms
Run time csr_spmv_vectorized_static_veclen_32_cpy iter 4: 7.496 ms
Run time csr_spmv_vectorized_static_veclen_32_cpy iter 5: 7.494 ms
Run time csr_spmv_vectorized_static_veclen_32_cpy iter 6: 8.241 ms
Run time csr_spmv_vectorized_static_veclen_32_cpy iter 7: 7.983 ms
Run time csr_spmv_vectorized_static_veclen_32_cpy iter 8: 7.822 ms
Run time csr_spmv_vectorized_static_veclen_32_cpy iter 9: 7.514 ms
Saved timing results to csr_spmv_timings_1_core.csv.csv
Run time spmv_csr iter 0: 28.709 ms
Run time spmv_csr iter 1: 29.242 ms
Run time spmv_csr iter 2: 28.682 ms
Run time spmv_csr iter 3: 28.476 ms
Run time spmv_csr iter 4: 32.269 ms
Run time spmv_csr iter 5: 34.739 ms
Run time spmv_csr iter 6: 28.049 ms
Run time spmv_csr iter 7: 28.008 ms
Run time spmv_csr iter 8: 28.006 ms
Run time spmv_csr iter 9: 27.909 ms
Run time csr_spmv_vectorized_static_veclen_8_no_cpy iter 0: 27.045 ms
Run time csr_spmv_vectorized_static_veclen_8_no_cpy iter 1: 27.555 ms
Run time csr_spmv_vectorized_static_veclen_8_no_cpy iter 2: 27.830 ms
Run time csr_spmv_vectorized_static_veclen_8_no_cpy iter 3: 26.923 ms
Run time csr_spmv_vectorized_static_veclen_8_no_cpy iter 4: 26.838 ms
Run time csr_spmv_vectorized_static_veclen_8_no_cpy iter 5: 26.790 ms
Run time csr_spmv_vectorized_static_veclen_8_no_cpy iter 6: 27.353 ms
Run time csr_spmv_vectorized_static_veclen_8_no_cpy iter 7: 26.634 ms
Run time csr_spmv_vectorized_static_veclen_8_no_cpy iter 8: 26.820 ms
Run time csr_spmv_vectorized_static_veclen_8_no_cpy iter 9: 26.579 ms
Run time csr_spmv_vectorized_static_veclen_8_cpy iter 0: 35.075 ms
Run time csr_spmv_vectorized_static_veclen_8_cpy iter 1: 35.367 ms
Run time csr_spmv_vectorized_static_veclen_8_cpy iter 2: 35.078 ms
Run time csr_spmv_vectorized_static_veclen_8_cpy iter 3: 33.736 ms
Run time csr_spmv_vectorized_static_veclen_8_cpy iter 4: 30.955 ms
Run time csr_spmv_vectorized_static_veclen_8_cpy iter 5: 29.371 ms
Run time csr_spmv_vectorized_static_veclen_8_cpy iter 6: 30.252 ms
Run time csr_spmv_vectorized_static_veclen_8_cpy iter 7: 32.334 ms
Run time csr_spmv_vectorized_static_veclen_8_cpy iter 8: 34.870 ms
Run time csr_spmv_vectorized_static_veclen_8_cpy iter 9: 35.699 ms
Run time csr_spmv_vectorized_static_veclen_16_no_cpy iter 0: 27.322 ms
Run time csr_spmv_vectorized_static_veclen_16_no_cpy iter 1: 28.492 ms
Run time csr_spmv_vectorized_static_veclen_16_no_cpy iter 2: 30.789 ms
Run time csr_spmv_vectorized_static_veclen_16_no_cpy iter 3: 27.395 ms
Run time csr_spmv_vectorized_static_veclen_16_no_cpy iter 4: 27.368 ms
Run time csr_spmv_vectorized_static_veclen_16_no_cpy iter 5: 33.089 ms
Run time csr_spmv_vectorized_static_veclen_16_no_cpy iter 6: 30.958 ms
Run time csr_spmv_vectorized_static_veclen_16_no_cpy iter 7: 27.344 ms
Run time csr_spmv_vectorized_static_veclen_16_no_cpy iter 8: 29.165 ms
Run time csr_spmv_vectorized_static_veclen_16_no_cpy iter 9: 30.258 ms
Run time csr_spmv_vectorized_static_veclen_16_cpy iter 0: 26.499 ms
Run time csr_spmv_vectorized_static_veclen_16_cpy iter 1: 27.565 ms
Run time csr_spmv_vectorized_static_veclen_16_cpy iter 2: 26.161 ms
Run time csr_spmv_vectorized_static_veclen_16_cpy iter 3: 26.573 ms
Run time csr_spmv_vectorized_static_veclen_16_cpy iter 4: 26.932 ms
Run time csr_spmv_vectorized_static_veclen_16_cpy iter 5: 27.393 ms
Run time csr_spmv_vectorized_static_veclen_16_cpy iter 6: 30.160 ms
Run time csr_spmv_vectorized_static_veclen_16_cpy iter 7: 26.863 ms
Run time csr_spmv_vectorized_static_veclen_16_cpy iter 8: 29.622 ms
Run time csr_spmv_vectorized_static_veclen_16_cpy iter 9: 30.473 ms
Run time csr_spmv_vectorized_static_veclen_32_no_cpy iter 0: 27.260 ms
Run time csr_spmv_vectorized_static_veclen_32_no_cpy iter 1: 32.575 ms
Run time csr_spmv_vectorized_static_veclen_32_no_cpy iter 2: 33.740 ms
Run time csr_spmv_vectorized_static_veclen_32_no_cpy iter 3: 28.421 ms
Run time csr_spmv_vectorized_static_veclen_32_no_cpy iter 4: 28.027 ms
Run time csr_spmv_vectorized_static_veclen_32_no_cpy iter 5: 27.180 ms
Run time csr_spmv_vectorized_static_veclen_32_no_cpy iter 6: 27.007 ms
Run time csr_spmv_vectorized_static_veclen_32_no_cpy iter 7: 29.459 ms
Run time csr_spmv_vectorized_static_veclen_32_no_cpy iter 8: 26.908 ms
Run time csr_spmv_vectorized_static_veclen_32_no_cpy iter 9: 27.966 ms
Run time csr_spmv_vectorized_static_veclen_32_cpy iter 0: 30.335 ms
Run time csr_spmv_vectorized_static_veclen_32_cpy iter 1: 31.500 ms
Run time csr_spmv_vectorized_static_veclen_32_cpy iter 2: 31.035 ms
Run time csr_spmv_vectorized_static_veclen_32_cpy iter 3: 30.455 ms
Run time csr_spmv_vectorized_static_veclen_32_cpy iter 4: 30.427 ms
Run time csr_spmv_vectorized_static_veclen_32_cpy iter 5: 30.414 ms
Run time csr_spmv_vectorized_static_veclen_32_cpy iter 6: 31.079 ms
Run time csr_spmv_vectorized_static_veclen_32_cpy iter 7: 31.512 ms
Run time csr_spmv_vectorized_static_veclen_32_cpy iter 8: 30.610 ms
Run time csr_spmv_vectorized_static_veclen_32_cpy iter 9: 31.169 ms
Saved timing results to csr_spmv_timings_1_core.csv.csv
Run time spmv_csr iter 0: 114.983 ms
Run time spmv_csr iter 1: 121.785 ms
Run time spmv_csr iter 2: 121.275 ms
Run time spmv_csr iter 3: 116.504 ms
Run time spmv_csr iter 4: 115.709 ms
Run time spmv_csr iter 5: 116.297 ms
Run time spmv_csr iter 6: 113.707 ms
Run time spmv_csr iter 7: 114.822 ms
Run time spmv_csr iter 8: 115.127 ms
Run time spmv_csr iter 9: 125.074 ms
Run time csr_spmv_vectorized_static_veclen_8_no_cpy iter 0: 109.887 ms
Run time csr_spmv_vectorized_static_veclen_8_no_cpy iter 1: 109.942 ms
Run time csr_spmv_vectorized_static_veclen_8_no_cpy iter 2: 110.309 ms
Run time csr_spmv_vectorized_static_veclen_8_no_cpy iter 3: 109.929 ms
Run time csr_spmv_vectorized_static_veclen_8_no_cpy iter 4: 109.548 ms
Run time csr_spmv_vectorized_static_veclen_8_no_cpy iter 5: 109.725 ms
Run time csr_spmv_vectorized_static_veclen_8_no_cpy iter 6: 109.742 ms
Run time csr_spmv_vectorized_static_veclen_8_no_cpy iter 7: 109.847 ms
Run time csr_spmv_vectorized_static_veclen_8_no_cpy iter 8: 109.749 ms
Run time csr_spmv_vectorized_static_veclen_8_no_cpy iter 9: 108.094 ms
Run time csr_spmv_vectorized_static_veclen_8_cpy iter 0: 107.230 ms
Run time csr_spmv_vectorized_static_veclen_8_cpy iter 1: 107.391 ms
Run time csr_spmv_vectorized_static_veclen_8_cpy iter 2: 107.143 ms
Run time csr_spmv_vectorized_static_veclen_8_cpy iter 3: 106.917 ms
Run time csr_spmv_vectorized_static_veclen_8_cpy iter 4: 107.026 ms
Run time csr_spmv_vectorized_static_veclen_8_cpy iter 5: 106.228 ms
Run time csr_spmv_vectorized_static_veclen_8_cpy iter 6: 107.176 ms
Run time csr_spmv_vectorized_static_veclen_8_cpy iter 7: 106.243 ms
Run time csr_spmv_vectorized_static_veclen_8_cpy iter 8: 106.726 ms
Run time csr_spmv_vectorized_static_veclen_8_cpy iter 9: 104.835 ms
Run time csr_spmv_vectorized_static_veclen_16_no_cpy iter 0: 110.832 ms
Run time csr_spmv_vectorized_static_veclen_16_no_cpy iter 1: 110.789 ms
Run time csr_spmv_vectorized_static_veclen_16_no_cpy iter 2: 110.671 ms
Run time csr_spmv_vectorized_static_veclen_16_no_cpy iter 3: 110.384 ms
Run time csr_spmv_vectorized_static_veclen_16_no_cpy iter 4: 109.727 ms
Run time csr_spmv_vectorized_static_veclen_16_no_cpy iter 5: 108.701 ms
Run time csr_spmv_vectorized_static_veclen_16_no_cpy iter 6: 108.477 ms
Run time csr_spmv_vectorized_static_veclen_16_no_cpy iter 7: 108.973 ms
Run time csr_spmv_vectorized_static_veclen_16_no_cpy iter 8: 118.030 ms
Run time csr_spmv_vectorized_static_veclen_16_no_cpy iter 9: 123.095 ms
Run time csr_spmv_vectorized_static_veclen_16_cpy iter 0: 111.177 ms
Run time csr_spmv_vectorized_static_veclen_16_cpy iter 1: 107.268 ms
Run time csr_spmv_vectorized_static_veclen_16_cpy iter 2: 111.767 ms
Run time csr_spmv_vectorized_static_veclen_16_cpy iter 3: 118.826 ms
Run time csr_spmv_vectorized_static_veclen_16_cpy iter 4: 121.938 ms
Run time csr_spmv_vectorized_static_veclen_16_cpy iter 5: 107.777 ms
Run time csr_spmv_vectorized_static_veclen_16_cpy iter 6: 107.042 ms
Run time csr_spmv_vectorized_static_veclen_16_cpy iter 7: 106.259 ms
Run time csr_spmv_vectorized_static_veclen_16_cpy iter 8: 106.015 ms
Run time csr_spmv_vectorized_static_veclen_16_cpy iter 9: 105.414 ms
Run time csr_spmv_vectorized_static_veclen_32_no_cpy iter 0: 110.010 ms
Run time csr_spmv_vectorized_static_veclen_32_no_cpy iter 1: 111.280 ms
Run time csr_spmv_vectorized_static_veclen_32_no_cpy iter 2: 112.534 ms
Run time csr_spmv_vectorized_static_veclen_32_no_cpy iter 3: 110.514 ms
Run time csr_spmv_vectorized_static_veclen_32_no_cpy iter 4: 106.880 ms
Run time csr_spmv_vectorized_static_veclen_32_no_cpy iter 5: 109.956 ms
Run time csr_spmv_vectorized_static_veclen_32_no_cpy iter 6: 111.690 ms
Run time csr_spmv_vectorized_static_veclen_32_no_cpy iter 7: 111.497 ms
Run time csr_spmv_vectorized_static_veclen_32_no_cpy iter 8: 114.760 ms
Run time csr_spmv_vectorized_static_veclen_32_no_cpy iter 9: 115.715 ms
Run time csr_spmv_vectorized_static_veclen_32_cpy iter 0: 123.436 ms
Run time csr_spmv_vectorized_static_veclen_32_cpy iter 1: 123.818 ms
Run time csr_spmv_vectorized_static_veclen_32_cpy iter 2: 125.191 ms
Run time csr_spmv_vectorized_static_veclen_32_cpy iter 3: 121.833 ms
Run time csr_spmv_vectorized_static_veclen_32_cpy iter 4: 121.542 ms
Run time csr_spmv_vectorized_static_veclen_32_cpy iter 5: 120.822 ms
Run time csr_spmv_vectorized_static_veclen_32_cpy iter 6: 120.939 ms
Run time csr_spmv_vectorized_static_veclen_32_cpy iter 7: 121.174 ms
Run time csr_spmv_vectorized_static_veclen_32_cpy iter 8: 121.340 ms
Run time csr_spmv_vectorized_static_veclen_32_cpy iter 9: 122.077 ms
Saved timing results to csr_spmv_timings_1_core.csv.csv
