Physical cores: 36
Run time spmv_csr iter 0: 3.150 ms
Run time spmv_csr iter 1: 3.139 ms
Run time spmv_csr iter 2: 3.085 ms
Run time spmv_csr iter 3: 3.061 ms
Run time spmv_csr iter 4: 3.038 ms
Run time spmv_csr iter 5: 3.035 ms
Run time spmv_csr iter 6: 3.033 ms
Run time spmv_csr iter 7: 3.037 ms
Run time spmv_csr iter 8: 3.050 ms
Run time spmv_csr iter 9: 3.098 ms
Run time csr_spmv_vectorized_static_veclen_8_no_cpy iter 0: 1.972 ms
Run time csr_spmv_vectorized_static_veclen_8_no_cpy iter 1: 2.367 ms
Run time csr_spmv_vectorized_static_veclen_8_no_cpy iter 2: 2.017 ms
Run time csr_spmv_vectorized_static_veclen_8_no_cpy iter 3: 1.718 ms
Run time csr_spmv_vectorized_static_veclen_8_no_cpy iter 4: 1.686 ms
Run time csr_spmv_vectorized_static_veclen_8_no_cpy iter 5: 1.672 ms
Run time csr_spmv_vectorized_static_veclen_8_no_cpy iter 6: 1.674 ms
Run time csr_spmv_vectorized_static_veclen_8_no_cpy iter 7: 1.675 ms
Run time csr_spmv_vectorized_static_veclen_8_no_cpy iter 8: 1.671 ms
Run time csr_spmv_vectorized_static_veclen_8_no_cpy iter 9: 1.687 ms
Run time csr_spmv_vectorized_static_veclen_8_cpy iter 0: 2.245 ms
Run time csr_spmv_vectorized_static_veclen_8_cpy iter 1: 2.081 ms
Run time csr_spmv_vectorized_static_veclen_8_cpy iter 2: 1.765 ms
Run time csr_spmv_vectorized_static_veclen_8_cpy iter 3: 1.719 ms
Run time csr_spmv_vectorized_static_veclen_8_cpy iter 4: 1.713 ms
Run time csr_spmv_vectorized_static_veclen_8_cpy iter 5: 1.738 ms
Run time csr_spmv_vectorized_static_veclen_8_cpy iter 6: 1.730 ms
Run time csr_spmv_vectorized_static_veclen_8_cpy iter 7: 1.660 ms
Run time csr_spmv_vectorized_static_veclen_8_cpy iter 8: 1.795 ms
Run time csr_spmv_vectorized_static_veclen_8_cpy iter 9: 1.702 ms
Run time csr_spmv_vectorized_static_veclen_16_no_cpy iter 0: 1.639 ms
Run time csr_spmv_vectorized_static_veclen_16_no_cpy iter 1: 1.571 ms
Run time csr_spmv_vectorized_static_veclen_16_no_cpy iter 2: 1.566 ms
Run time csr_spmv_vectorized_static_veclen_16_no_cpy iter 3: 1.508 ms
Run time csr_spmv_vectorized_static_veclen_16_no_cpy iter 4: 1.484 ms
Run time csr_spmv_vectorized_static_veclen_16_no_cpy iter 5: 1.495 ms
Run time csr_spmv_vectorized_static_veclen_16_no_cpy iter 6: 1.486 ms
Run time csr_spmv_vectorized_static_veclen_16_no_cpy iter 7: 1.500 ms
Run time csr_spmv_vectorized_static_veclen_16_no_cpy iter 8: 1.487 ms
Run time csr_spmv_vectorized_static_veclen_16_no_cpy iter 9: 1.495 ms
Run time csr_spmv_vectorized_static_veclen_16_cpy iter 0: 1.948 ms
Run time csr_spmv_vectorized_static_veclen_16_cpy iter 1: 1.871 ms
Run time csr_spmv_vectorized_static_veclen_16_cpy iter 2: 1.895 ms
Run time csr_spmv_vectorized_static_veclen_16_cpy iter 3: 1.853 ms
Run time csr_spmv_vectorized_static_veclen_16_cpy iter 4: 1.846 ms
Run time csr_spmv_vectorized_static_veclen_16_cpy iter 5: 1.853 ms
Run time csr_spmv_vectorized_static_veclen_16_cpy iter 6: 1.846 ms
Run time csr_spmv_vectorized_static_veclen_16_cpy iter 7: 1.831 ms
Run time csr_spmv_vectorized_static_veclen_16_cpy iter 8: 1.844 ms
Run time csr_spmv_vectorized_static_veclen_16_cpy iter 9: 1.729 ms
Run time csr_spmv_vectorized_static_veclen_32_no_cpy iter 0: 1.498 ms
Run time csr_spmv_vectorized_static_veclen_32_no_cpy iter 1: 1.988 ms
Run time csr_spmv_vectorized_static_veclen_32_no_cpy iter 2: 1.866 ms
Run time csr_spmv_vectorized_static_veclen_32_no_cpy iter 3: 1.807 ms
Run time csr_spmv_vectorized_static_veclen_32_no_cpy iter 4: 1.794 ms
Run time csr_spmv_vectorized_static_veclen_32_no_cpy iter 5: 1.796 ms
Run time csr_spmv_vectorized_static_veclen_32_no_cpy iter 6: 1.798 ms
Run time csr_spmv_vectorized_static_veclen_32_no_cpy iter 7: 1.802 ms
Run time csr_spmv_vectorized_static_veclen_32_no_cpy iter 8: 1.806 ms
Run time csr_spmv_vectorized_static_veclen_32_no_cpy iter 9: 1.802 ms
Run time csr_spmv_vectorized_static_veclen_32_cpy iter 0: 2.349 ms
Run time csr_spmv_vectorized_static_veclen_32_cpy iter 1: 2.737 ms
Run time csr_spmv_vectorized_static_veclen_32_cpy iter 2: 2.549 ms
Run time csr_spmv_vectorized_static_veclen_32_cpy iter 3: 2.529 ms
Run time csr_spmv_vectorized_static_veclen_32_cpy iter 4: 2.511 ms
Run time csr_spmv_vectorized_static_veclen_32_cpy iter 5: 2.521 ms
Run time csr_spmv_vectorized_static_veclen_32_cpy iter 6: 2.538 ms
Run time csr_spmv_vectorized_static_veclen_32_cpy iter 7: 2.562 ms
Run time csr_spmv_vectorized_static_veclen_32_cpy iter 8: 2.607 ms
Run time csr_spmv_vectorized_static_veclen_32_cpy iter 9: 2.562 ms
Run time csr_spmv_vectorized_static_veclen_64_no_cpy iter 0: 2.127 ms
Run time csr_spmv_vectorized_static_veclen_64_no_cpy iter 1: 2.092 ms
Run time csr_spmv_vectorized_static_veclen_64_no_cpy iter 2: 1.935 ms
Run time csr_spmv_vectorized_static_veclen_64_no_cpy iter 3: 1.884 ms
Run time csr_spmv_vectorized_static_veclen_64_no_cpy iter 4: 1.892 ms
Run time csr_spmv_vectorized_static_veclen_64_no_cpy iter 5: 1.884 ms
Run time csr_spmv_vectorized_static_veclen_64_no_cpy iter 6: 1.870 ms
Run time csr_spmv_vectorized_static_veclen_64_no_cpy iter 7: 1.899 ms
Run time csr_spmv_vectorized_static_veclen_64_no_cpy iter 8: 1.930 ms
Run time csr_spmv_vectorized_static_veclen_64_no_cpy iter 9: 1.951 ms
Run time csr_spmv_vectorized_static_veclen_64_cpy iter 0: 3.180 ms
Run time csr_spmv_vectorized_static_veclen_64_cpy iter 1: 2.993 ms
Run time csr_spmv_vectorized_static_veclen_64_cpy iter 2: 2.940 ms
Run time csr_spmv_vectorized_static_veclen_64_cpy iter 3: 2.884 ms
Run time csr_spmv_vectorized_static_veclen_64_cpy iter 4: 3.008 ms
Run time csr_spmv_vectorized_static_veclen_64_cpy iter 5: 2.938 ms
Run time csr_spmv_vectorized_static_veclen_64_cpy iter 6: 2.806 ms
Run time csr_spmv_vectorized_static_veclen_64_cpy iter 7: 2.769 ms
Run time csr_spmv_vectorized_static_veclen_64_cpy iter 8: 2.781 ms
Run time csr_spmv_vectorized_static_veclen_64_cpy iter 9: 2.749 ms
Run time csr_spmv_vectorized_static_veclen_128_no_cpy iter 0: 1.803 ms
Run time csr_spmv_vectorized_static_veclen_128_no_cpy iter 1: 2.125 ms
Run time csr_spmv_vectorized_static_veclen_128_no_cpy iter 2: 2.278 ms
Run time csr_spmv_vectorized_static_veclen_128_no_cpy iter 3: 2.189 ms
Run time csr_spmv_vectorized_static_veclen_128_no_cpy iter 4: 2.142 ms
Run time csr_spmv_vectorized_static_veclen_128_no_cpy iter 5: 2.115 ms
Run time csr_spmv_vectorized_static_veclen_128_no_cpy iter 6: 2.125 ms
Run time csr_spmv_vectorized_static_veclen_128_no_cpy iter 7: 2.117 ms
Run time csr_spmv_vectorized_static_veclen_128_no_cpy iter 8: 2.126 ms
Run time csr_spmv_vectorized_static_veclen_128_no_cpy iter 9: 2.293 ms
Run time csr_spmv_vectorized_static_veclen_128_cpy iter 0: 2.332 ms
Run time csr_spmv_vectorized_static_veclen_128_cpy iter 1: 2.439 ms
Run time csr_spmv_vectorized_static_veclen_128_cpy iter 2: 3.684 ms
Run time csr_spmv_vectorized_static_veclen_128_cpy iter 3: 3.354 ms
Run time csr_spmv_vectorized_static_veclen_128_cpy iter 4: 3.100 ms
Run time csr_spmv_vectorized_static_veclen_128_cpy iter 5: 3.538 ms
Run time csr_spmv_vectorized_static_veclen_128_cpy iter 6: 3.592 ms
Run time csr_spmv_vectorized_static_veclen_128_cpy iter 7: 3.335 ms
Run time csr_spmv_vectorized_static_veclen_128_cpy iter 8: 3.520 ms
Run time csr_spmv_vectorized_static_veclen_128_cpy iter 9: 3.541 ms
Saved timing results to csr_spmv_timings_1_core.csv.csv
Run time spmv_csr iter 0: 7.466 ms
Run time spmv_csr iter 1: 12.343 ms
Run time spmv_csr iter 2: 9.328 ms
Run time spmv_csr iter 3: 8.998 ms
Run time spmv_csr iter 4: 8.983 ms
Run time spmv_csr iter 5: 8.865 ms
Run time spmv_csr iter 6: 13.093 ms
Run time spmv_csr iter 7: 9.476 ms
Run time spmv_csr iter 8: 8.519 ms
Run time spmv_csr iter 9: 8.024 ms
Run time csr_spmv_vectorized_static_veclen_8_no_cpy iter 0: 6.239 ms
Run time csr_spmv_vectorized_static_veclen_8_no_cpy iter 1: 6.425 ms
Run time csr_spmv_vectorized_static_veclen_8_no_cpy iter 2: 6.087 ms
Run time csr_spmv_vectorized_static_veclen_8_no_cpy iter 3: 6.053 ms
Run time csr_spmv_vectorized_static_veclen_8_no_cpy iter 4: 6.003 ms
Run time csr_spmv_vectorized_static_veclen_8_no_cpy iter 5: 6.002 ms
Run time csr_spmv_vectorized_static_veclen_8_no_cpy iter 6: 6.041 ms
Run time csr_spmv_vectorized_static_veclen_8_no_cpy iter 7: 5.955 ms
Run time csr_spmv_vectorized_static_veclen_8_no_cpy iter 8: 6.041 ms
Run time csr_spmv_vectorized_static_veclen_8_no_cpy iter 9: 5.948 ms
Run time csr_spmv_vectorized_static_veclen_8_cpy iter 0: 6.468 ms
Run time csr_spmv_vectorized_static_veclen_8_cpy iter 1: 6.066 ms
Run time csr_spmv_vectorized_static_veclen_8_cpy iter 2: 6.348 ms
Run time csr_spmv_vectorized_static_veclen_8_cpy iter 3: 6.382 ms
Run time csr_spmv_vectorized_static_veclen_8_cpy iter 4: 8.559 ms
Run time csr_spmv_vectorized_static_veclen_8_cpy iter 5: 8.420 ms
Run time csr_spmv_vectorized_static_veclen_8_cpy iter 6: 9.520 ms
Run time csr_spmv_vectorized_static_veclen_8_cpy iter 7: 8.680 ms
Run time csr_spmv_vectorized_static_veclen_8_cpy iter 8: 7.356 ms
Run time csr_spmv_vectorized_static_veclen_8_cpy iter 9: 6.809 ms
Run time csr_spmv_vectorized_static_veclen_16_no_cpy iter 0: 10.307 ms
Run time csr_spmv_vectorized_static_veclen_16_no_cpy iter 1: 9.458 ms
Run time csr_spmv_vectorized_static_veclen_16_no_cpy iter 2: 8.506 ms
Run time csr_spmv_vectorized_static_veclen_16_no_cpy iter 3: 8.653 ms
Run time csr_spmv_vectorized_static_veclen_16_no_cpy iter 4: 9.851 ms
Run time csr_spmv_vectorized_static_veclen_16_no_cpy iter 5: 10.144 ms
Run time csr_spmv_vectorized_static_veclen_16_no_cpy iter 6: 10.227 ms
Run time csr_spmv_vectorized_static_veclen_16_no_cpy iter 7: 10.141 ms
Run time csr_spmv_vectorized_static_veclen_16_no_cpy iter 8: 10.311 ms
Run time csr_spmv_vectorized_static_veclen_16_no_cpy iter 9: 9.118 ms
Run time csr_spmv_vectorized_static_veclen_16_cpy iter 0: 9.908 ms
Run time csr_spmv_vectorized_static_veclen_16_cpy iter 1: 9.593 ms
Run time csr_spmv_vectorized_static_veclen_16_cpy iter 2: 10.114 ms
Run time csr_spmv_vectorized_static_veclen_16_cpy iter 3: 9.207 ms
Run time csr_spmv_vectorized_static_veclen_16_cpy iter 4: 9.664 ms
Run time csr_spmv_vectorized_static_veclen_16_cpy iter 5: 9.546 ms
Run time csr_spmv_vectorized_static_veclen_16_cpy iter 6: 8.989 ms
Run time csr_spmv_vectorized_static_veclen_16_cpy iter 7: 8.690 ms
Run time csr_spmv_vectorized_static_veclen_16_cpy iter 8: 8.222 ms
Run time csr_spmv_vectorized_static_veclen_16_cpy iter 9: 7.885 ms
Run time csr_spmv_vectorized_static_veclen_32_no_cpy iter 0: 6.336 ms
Run time csr_spmv_vectorized_static_veclen_32_no_cpy iter 1: 6.672 ms
Run time csr_spmv_vectorized_static_veclen_32_no_cpy iter 2: 7.449 ms
Run time csr_spmv_vectorized_static_veclen_32_no_cpy iter 3: 9.415 ms
Run time csr_spmv_vectorized_static_veclen_32_no_cpy iter 4: 7.948 ms
Run time csr_spmv_vectorized_static_veclen_32_no_cpy iter 5: 8.739 ms
Run time csr_spmv_vectorized_static_veclen_32_no_cpy iter 6: 7.732 ms
Run time csr_spmv_vectorized_static_veclen_32_no_cpy iter 7: 7.432 ms
Run time csr_spmv_vectorized_static_veclen_32_no_cpy iter 8: 6.686 ms
Run time csr_spmv_vectorized_static_veclen_32_no_cpy iter 9: 7.296 ms
Run time csr_spmv_vectorized_static_veclen_32_cpy iter 0: 12.892 ms
Run time csr_spmv_vectorized_static_veclen_32_cpy iter 1: 12.373 ms
Run time csr_spmv_vectorized_static_veclen_32_cpy iter 2: 11.244 ms
Run time csr_spmv_vectorized_static_veclen_32_cpy iter 3: 11.353 ms
Run time csr_spmv_vectorized_static_veclen_32_cpy iter 4: 11.909 ms
Run time csr_spmv_vectorized_static_veclen_32_cpy iter 5: 11.316 ms
Run time csr_spmv_vectorized_static_veclen_32_cpy iter 6: 13.015 ms
Run time csr_spmv_vectorized_static_veclen_32_cpy iter 7: 12.262 ms
Run time csr_spmv_vectorized_static_veclen_32_cpy iter 8: 11.984 ms
Run time csr_spmv_vectorized_static_veclen_32_cpy iter 9: 11.910 ms
Run time csr_spmv_vectorized_static_veclen_64_no_cpy iter 0: 6.737 ms
Run time csr_spmv_vectorized_static_veclen_64_no_cpy iter 1: 6.678 ms
Run time csr_spmv_vectorized_static_veclen_64_no_cpy iter 2: 7.310 ms
Run time csr_spmv_vectorized_static_veclen_64_no_cpy iter 3: 6.778 ms
Run time csr_spmv_vectorized_static_veclen_64_no_cpy iter 4: 6.706 ms
Run time csr_spmv_vectorized_static_veclen_64_no_cpy iter 5: 6.724 ms
Run time csr_spmv_vectorized_static_veclen_64_no_cpy iter 6: 6.737 ms
Run time csr_spmv_vectorized_static_veclen_64_no_cpy iter 7: 7.974 ms
Run time csr_spmv_vectorized_static_veclen_64_no_cpy iter 8: 7.456 ms
Run time csr_spmv_vectorized_static_veclen_64_no_cpy iter 9: 6.655 ms
Run time csr_spmv_vectorized_static_veclen_64_cpy iter 0: 12.174 ms
Run time csr_spmv_vectorized_static_veclen_64_cpy iter 1: 11.796 ms
Run time csr_spmv_vectorized_static_veclen_64_cpy iter 2: 11.758 ms
Run time csr_spmv_vectorized_static_veclen_64_cpy iter 3: 11.668 ms
Run time csr_spmv_vectorized_static_veclen_64_cpy iter 4: 8.686 ms
Run time csr_spmv_vectorized_static_veclen_64_cpy iter 5: 11.266 ms
Run time csr_spmv_vectorized_static_veclen_64_cpy iter 6: 9.159 ms
Run time csr_spmv_vectorized_static_veclen_64_cpy iter 7: 9.136 ms
Run time csr_spmv_vectorized_static_veclen_64_cpy iter 8: 8.430 ms
Run time csr_spmv_vectorized_static_veclen_64_cpy iter 9: 7.603 ms
Run time csr_spmv_vectorized_static_veclen_128_no_cpy iter 0: 7.907 ms
Run time csr_spmv_vectorized_static_veclen_128_no_cpy iter 1: 7.870 ms
Run time csr_spmv_vectorized_static_veclen_128_no_cpy iter 2: 8.185 ms
Run time csr_spmv_vectorized_static_veclen_128_no_cpy iter 3: 7.826 ms
Run time csr_spmv_vectorized_static_veclen_128_no_cpy iter 4: 7.822 ms
Run time csr_spmv_vectorized_static_veclen_128_no_cpy iter 5: 7.803 ms
Run time csr_spmv_vectorized_static_veclen_128_no_cpy iter 6: 7.771 ms
Run time csr_spmv_vectorized_static_veclen_128_no_cpy iter 7: 7.792 ms
Run time csr_spmv_vectorized_static_veclen_128_no_cpy iter 8: 7.769 ms
Run time csr_spmv_vectorized_static_veclen_128_no_cpy iter 9: 10.019 ms
Run time csr_spmv_vectorized_static_veclen_128_cpy iter 0: 14.788 ms
Run time csr_spmv_vectorized_static_veclen_128_cpy iter 1: 14.270 ms
Run time csr_spmv_vectorized_static_veclen_128_cpy iter 2: 14.049 ms
Run time csr_spmv_vectorized_static_veclen_128_cpy iter 3: 14.824 ms
Run time csr_spmv_vectorized_static_veclen_128_cpy iter 4: 10.988 ms
Run time csr_spmv_vectorized_static_veclen_128_cpy iter 5: 11.754 ms
Run time csr_spmv_vectorized_static_veclen_128_cpy iter 6: 10.160 ms
Run time csr_spmv_vectorized_static_veclen_128_cpy iter 7: 11.020 ms
Run time csr_spmv_vectorized_static_veclen_128_cpy iter 8: 9.637 ms
Run time csr_spmv_vectorized_static_veclen_128_cpy iter 9: 10.862 ms
Saved timing results to csr_spmv_timings_1_core.csv.csv
Run time spmv_csr iter 0: 29.923 ms
Run time spmv_csr iter 1: 30.196 ms
Run time spmv_csr iter 2: 35.284 ms
Run time spmv_csr iter 3: 37.939 ms
Run time spmv_csr iter 4: 31.666 ms
Run time spmv_csr iter 5: 28.735 ms
Run time spmv_csr iter 6: 33.586 ms
Run time spmv_csr iter 7: 36.141 ms
Run time spmv_csr iter 8: 37.135 ms
Run time spmv_csr iter 9: 35.928 ms
Run time csr_spmv_vectorized_static_veclen_8_no_cpy iter 0: 33.398 ms
Run time csr_spmv_vectorized_static_veclen_8_no_cpy iter 1: 27.813 ms
Run time csr_spmv_vectorized_static_veclen_8_no_cpy iter 2: 29.412 ms
Run time csr_spmv_vectorized_static_veclen_8_no_cpy iter 3: 29.965 ms
Run time csr_spmv_vectorized_static_veclen_8_no_cpy iter 4: 34.831 ms
Run time csr_spmv_vectorized_static_veclen_8_no_cpy iter 5: 30.448 ms
Run time csr_spmv_vectorized_static_veclen_8_no_cpy iter 6: 27.423 ms
Run time csr_spmv_vectorized_static_veclen_8_no_cpy iter 7: 30.599 ms
Run time csr_spmv_vectorized_static_veclen_8_no_cpy iter 8: 27.605 ms
Run time csr_spmv_vectorized_static_veclen_8_no_cpy iter 9: 27.139 ms
Run time csr_spmv_vectorized_static_veclen_8_cpy iter 0: 25.612 ms
Run time csr_spmv_vectorized_static_veclen_8_cpy iter 1: 25.797 ms
Run time csr_spmv_vectorized_static_veclen_8_cpy iter 2: 28.106 ms
Run time csr_spmv_vectorized_static_veclen_8_cpy iter 3: 26.857 ms
Run time csr_spmv_vectorized_static_veclen_8_cpy iter 4: 30.329 ms
Run time csr_spmv_vectorized_static_veclen_8_cpy iter 5: 25.849 ms
Run time csr_spmv_vectorized_static_veclen_8_cpy iter 6: 26.813 ms
Run time csr_spmv_vectorized_static_veclen_8_cpy iter 7: 25.707 ms
Run time csr_spmv_vectorized_static_veclen_8_cpy iter 8: 27.800 ms
Run time csr_spmv_vectorized_static_veclen_8_cpy iter 9: 26.327 ms
Run time csr_spmv_vectorized_static_veclen_16_no_cpy iter 0: 27.356 ms
Run time csr_spmv_vectorized_static_veclen_16_no_cpy iter 1: 30.760 ms
Run time csr_spmv_vectorized_static_veclen_16_no_cpy iter 2: 28.586 ms
Run time csr_spmv_vectorized_static_veclen_16_no_cpy iter 3: 27.874 ms
Run time csr_spmv_vectorized_static_veclen_16_no_cpy iter 4: 27.678 ms
Run time csr_spmv_vectorized_static_veclen_16_no_cpy iter 5: 27.361 ms
Run time csr_spmv_vectorized_static_veclen_16_no_cpy iter 6: 27.351 ms
Run time csr_spmv_vectorized_static_veclen_16_no_cpy iter 7: 27.299 ms
Run time csr_spmv_vectorized_static_veclen_16_no_cpy iter 8: 26.475 ms
Run time csr_spmv_vectorized_static_veclen_16_no_cpy iter 9: 26.613 ms
Run time csr_spmv_vectorized_static_veclen_16_cpy iter 0: 25.864 ms
Run time csr_spmv_vectorized_static_veclen_16_cpy iter 1: 25.697 ms
Run time csr_spmv_vectorized_static_veclen_16_cpy iter 2: 25.733 ms
Run time csr_spmv_vectorized_static_veclen_16_cpy iter 3: 25.562 ms
Run time csr_spmv_vectorized_static_veclen_16_cpy iter 4: 26.202 ms
Run time csr_spmv_vectorized_static_veclen_16_cpy iter 5: 27.930 ms
Run time csr_spmv_vectorized_static_veclen_16_cpy iter 6: 34.112 ms
Run time csr_spmv_vectorized_static_veclen_16_cpy iter 7: 28.181 ms
Run time csr_spmv_vectorized_static_veclen_16_cpy iter 8: 27.916 ms
Run time csr_spmv_vectorized_static_veclen_16_cpy iter 9: 29.429 ms
Run time csr_spmv_vectorized_static_veclen_32_no_cpy iter 0: 26.285 ms
Run time csr_spmv_vectorized_static_veclen_32_no_cpy iter 1: 26.475 ms
Run time csr_spmv_vectorized_static_veclen_32_no_cpy iter 2: 26.773 ms
Run time csr_spmv_vectorized_static_veclen_32_no_cpy iter 3: 26.516 ms
Run time csr_spmv_vectorized_static_veclen_32_no_cpy iter 4: 26.183 ms
Run time csr_spmv_vectorized_static_veclen_32_no_cpy iter 5: 25.978 ms
Run time csr_spmv_vectorized_static_veclen_32_no_cpy iter 6: 26.422 ms
Run time csr_spmv_vectorized_static_veclen_32_no_cpy iter 7: 26.725 ms
Run time csr_spmv_vectorized_static_veclen_32_no_cpy iter 8: 25.947 ms
Run time csr_spmv_vectorized_static_veclen_32_no_cpy iter 9: 26.599 ms
Run time csr_spmv_vectorized_static_veclen_32_cpy iter 0: 29.668 ms
Run time csr_spmv_vectorized_static_veclen_32_cpy iter 1: 35.132 ms
Run time csr_spmv_vectorized_static_veclen_32_cpy iter 2: 33.347 ms
Run time csr_spmv_vectorized_static_veclen_32_cpy iter 3: 35.633 ms
Run time csr_spmv_vectorized_static_veclen_32_cpy iter 4: 35.379 ms
Run time csr_spmv_vectorized_static_veclen_32_cpy iter 5: 35.332 ms
Run time csr_spmv_vectorized_static_veclen_32_cpy iter 6: 34.408 ms
Run time csr_spmv_vectorized_static_veclen_32_cpy iter 7: 34.781 ms
Run time csr_spmv_vectorized_static_veclen_32_cpy iter 8: 34.125 ms
Run time csr_spmv_vectorized_static_veclen_32_cpy iter 9: 33.175 ms
Run time csr_spmv_vectorized_static_veclen_64_no_cpy iter 0: 27.878 ms
Run time csr_spmv_vectorized_static_veclen_64_no_cpy iter 1: 27.917 ms
Run time csr_spmv_vectorized_static_veclen_64_no_cpy iter 2: 28.517 ms
Run time csr_spmv_vectorized_static_veclen_64_no_cpy iter 3: 27.893 ms
Run time csr_spmv_vectorized_static_veclen_64_no_cpy iter 4: 28.529 ms
Run time csr_spmv_vectorized_static_veclen_64_no_cpy iter 5: 28.611 ms
Run time csr_spmv_vectorized_static_veclen_64_no_cpy iter 6: 28.926 ms
Run time csr_spmv_vectorized_static_veclen_64_no_cpy iter 7: 27.990 ms
Run time csr_spmv_vectorized_static_veclen_64_no_cpy iter 8: 28.002 ms
Run time csr_spmv_vectorized_static_veclen_64_no_cpy iter 9: 27.823 ms
Run time csr_spmv_vectorized_static_veclen_64_cpy iter 0: 35.167 ms
Run time csr_spmv_vectorized_static_veclen_64_cpy iter 1: 29.527 ms
Run time csr_spmv_vectorized_static_veclen_64_cpy iter 2: 33.744 ms
Run time csr_spmv_vectorized_static_veclen_64_cpy iter 3: 29.678 ms
Run time csr_spmv_vectorized_static_veclen_64_cpy iter 4: 32.967 ms
Run time csr_spmv_vectorized_static_veclen_64_cpy iter 5: 30.373 ms
Run time csr_spmv_vectorized_static_veclen_64_cpy iter 6: 28.930 ms
Run time csr_spmv_vectorized_static_veclen_64_cpy iter 7: 29.489 ms
Run time csr_spmv_vectorized_static_veclen_64_cpy iter 8: 29.146 ms
Run time csr_spmv_vectorized_static_veclen_64_cpy iter 9: 29.660 ms
Run time csr_spmv_vectorized_static_veclen_128_no_cpy iter 0: 35.994 ms
Run time csr_spmv_vectorized_static_veclen_128_no_cpy iter 1: 32.572 ms
Run time csr_spmv_vectorized_static_veclen_128_no_cpy iter 2: 32.537 ms
Run time csr_spmv_vectorized_static_veclen_128_no_cpy iter 3: 32.476 ms
Run time csr_spmv_vectorized_static_veclen_128_no_cpy iter 4: 32.429 ms
Run time csr_spmv_vectorized_static_veclen_128_no_cpy iter 5: 33.413 ms
Run time csr_spmv_vectorized_static_veclen_128_no_cpy iter 6: 32.359 ms
Run time csr_spmv_vectorized_static_veclen_128_no_cpy iter 7: 32.271 ms
Run time csr_spmv_vectorized_static_veclen_128_no_cpy iter 8: 32.299 ms
Run time csr_spmv_vectorized_static_veclen_128_no_cpy iter 9: 34.433 ms
Run time csr_spmv_vectorized_static_veclen_128_cpy iter 0: 39.539 ms
Run time csr_spmv_vectorized_static_veclen_128_cpy iter 1: 42.590 ms
Run time csr_spmv_vectorized_static_veclen_128_cpy iter 2: 39.483 ms
Run time csr_spmv_vectorized_static_veclen_128_cpy iter 3: 39.330 ms
Run time csr_spmv_vectorized_static_veclen_128_cpy iter 4: 39.302 ms
Run time csr_spmv_vectorized_static_veclen_128_cpy iter 5: 40.300 ms
Run time csr_spmv_vectorized_static_veclen_128_cpy iter 6: 39.578 ms
Run time csr_spmv_vectorized_static_veclen_128_cpy iter 7: 43.642 ms
Run time csr_spmv_vectorized_static_veclen_128_cpy iter 8: 39.207 ms
Run time csr_spmv_vectorized_static_veclen_128_cpy iter 9: 42.172 ms
Saved timing results to csr_spmv_timings_1_core.csv.csv
Run time spmv_csr iter 0: 120.754 ms
Run time spmv_csr iter 1: 128.106 ms
Run time spmv_csr iter 2: 115.557 ms
Run time spmv_csr iter 3: 116.269 ms
Run time spmv_csr iter 4: 116.138 ms
Run time spmv_csr iter 5: 115.994 ms
Run time spmv_csr iter 6: 114.651 ms
Run time spmv_csr iter 7: 115.974 ms
Run time spmv_csr iter 8: 116.638 ms
Run time spmv_csr iter 9: 115.720 ms
Run time csr_spmv_vectorized_static_veclen_8_no_cpy iter 0: 110.715 ms
Run time csr_spmv_vectorized_static_veclen_8_no_cpy iter 1: 110.530 ms
Run time csr_spmv_vectorized_static_veclen_8_no_cpy iter 2: 109.809 ms
Run time csr_spmv_vectorized_static_veclen_8_no_cpy iter 3: 120.664 ms
Run time csr_spmv_vectorized_static_veclen_8_no_cpy iter 4: 106.790 ms
Run time csr_spmv_vectorized_static_veclen_8_no_cpy iter 5: 106.968 ms
Run time csr_spmv_vectorized_static_veclen_8_no_cpy iter 6: 107.199 ms
Run time csr_spmv_vectorized_static_veclen_8_no_cpy iter 7: 108.274 ms
Run time csr_spmv_vectorized_static_veclen_8_no_cpy iter 8: 108.624 ms
Run time csr_spmv_vectorized_static_veclen_8_no_cpy iter 9: 107.882 ms
Run time csr_spmv_vectorized_static_veclen_8_cpy iter 0: 104.148 ms
Run time csr_spmv_vectorized_static_veclen_8_cpy iter 1: 104.716 ms
Run time csr_spmv_vectorized_static_veclen_8_cpy iter 2: 105.096 ms
Run time csr_spmv_vectorized_static_veclen_8_cpy iter 3: 104.034 ms
Run time csr_spmv_vectorized_static_veclen_8_cpy iter 4: 107.794 ms
Run time csr_spmv_vectorized_static_veclen_8_cpy iter 5: 107.605 ms
Run time csr_spmv_vectorized_static_veclen_8_cpy iter 6: 118.046 ms
Run time csr_spmv_vectorized_static_veclen_8_cpy iter 7: 106.647 ms
Run time csr_spmv_vectorized_static_veclen_8_cpy iter 8: 106.756 ms
Run time csr_spmv_vectorized_static_veclen_8_cpy iter 9: 105.551 ms
Run time csr_spmv_vectorized_static_veclen_16_no_cpy iter 0: 108.513 ms
Run time csr_spmv_vectorized_static_veclen_16_no_cpy iter 1: 108.395 ms
Run time csr_spmv_vectorized_static_veclen_16_no_cpy iter 2: 108.995 ms
Run time csr_spmv_vectorized_static_veclen_16_no_cpy iter 3: 111.466 ms
Run time csr_spmv_vectorized_static_veclen_16_no_cpy iter 4: 115.438 ms
Run time csr_spmv_vectorized_static_veclen_16_no_cpy iter 5: 112.307 ms
Run time csr_spmv_vectorized_static_veclen_16_no_cpy iter 6: 109.556 ms
Run time csr_spmv_vectorized_static_veclen_16_no_cpy iter 7: 113.529 ms
Run time csr_spmv_vectorized_static_veclen_16_no_cpy iter 8: 109.673 ms
Run time csr_spmv_vectorized_static_veclen_16_no_cpy iter 9: 109.879 ms
Run time csr_spmv_vectorized_static_veclen_16_cpy iter 0: 105.342 ms
Run time csr_spmv_vectorized_static_veclen_16_cpy iter 1: 105.481 ms
Run time csr_spmv_vectorized_static_veclen_16_cpy iter 2: 105.936 ms
Run time csr_spmv_vectorized_static_veclen_16_cpy iter 3: 106.013 ms
Run time csr_spmv_vectorized_static_veclen_16_cpy iter 4: 106.309 ms
Run time csr_spmv_vectorized_static_veclen_16_cpy iter 5: 106.043 ms
Run time csr_spmv_vectorized_static_veclen_16_cpy iter 6: 109.532 ms
Run time csr_spmv_vectorized_static_veclen_16_cpy iter 7: 109.959 ms
Run time csr_spmv_vectorized_static_veclen_16_cpy iter 8: 109.022 ms
Run time csr_spmv_vectorized_static_veclen_16_cpy iter 9: 106.153 ms
Run time csr_spmv_vectorized_static_veclen_32_no_cpy iter 0: 107.361 ms
Run time csr_spmv_vectorized_static_veclen_32_no_cpy iter 1: 107.323 ms
Run time csr_spmv_vectorized_static_veclen_32_no_cpy iter 2: 108.200 ms
Run time csr_spmv_vectorized_static_veclen_32_no_cpy iter 3: 107.154 ms
Run time csr_spmv_vectorized_static_veclen_32_no_cpy iter 4: 110.385 ms
Run time csr_spmv_vectorized_static_veclen_32_no_cpy iter 5: 108.476 ms
Run time csr_spmv_vectorized_static_veclen_32_no_cpy iter 6: 106.268 ms
Run time csr_spmv_vectorized_static_veclen_32_no_cpy iter 7: 108.056 ms
Run time csr_spmv_vectorized_static_veclen_32_no_cpy iter 8: 108.577 ms
Run time csr_spmv_vectorized_static_veclen_32_no_cpy iter 9: 108.448 ms
Run time csr_spmv_vectorized_static_veclen_32_cpy iter 0: 126.735 ms
Run time csr_spmv_vectorized_static_veclen_32_cpy iter 1: 123.767 ms
Run time csr_spmv_vectorized_static_veclen_32_cpy iter 2: 122.918 ms
Run time csr_spmv_vectorized_static_veclen_32_cpy iter 3: 122.511 ms
Run time csr_spmv_vectorized_static_veclen_32_cpy iter 4: 122.611 ms
Run time csr_spmv_vectorized_static_veclen_32_cpy iter 5: 121.000 ms
Run time csr_spmv_vectorized_static_veclen_32_cpy iter 6: 121.326 ms
Run time csr_spmv_vectorized_static_veclen_32_cpy iter 7: 125.552 ms
Run time csr_spmv_vectorized_static_veclen_32_cpy iter 8: 122.128 ms
Run time csr_spmv_vectorized_static_veclen_32_cpy iter 9: 121.882 ms
Run time csr_spmv_vectorized_static_veclen_64_no_cpy iter 0: 112.582 ms
Run time csr_spmv_vectorized_static_veclen_64_no_cpy iter 1: 112.932 ms
Run time csr_spmv_vectorized_static_veclen_64_no_cpy iter 2: 113.209 ms
Run time csr_spmv_vectorized_static_veclen_64_no_cpy iter 3: 112.480 ms
Run time csr_spmv_vectorized_static_veclen_64_no_cpy iter 4: 111.968 ms
Run time csr_spmv_vectorized_static_veclen_64_no_cpy iter 5: 112.072 ms
Run time csr_spmv_vectorized_static_veclen_64_no_cpy iter 6: 112.859 ms
Run time csr_spmv_vectorized_static_veclen_64_no_cpy iter 7: 112.565 ms
Run time csr_spmv_vectorized_static_veclen_64_no_cpy iter 8: 112.818 ms
Run time csr_spmv_vectorized_static_veclen_64_no_cpy iter 9: 112.887 ms
Run time csr_spmv_vectorized_static_veclen_64_cpy iter 0: 117.407 ms
Run time csr_spmv_vectorized_static_veclen_64_cpy iter 1: 117.699 ms
Run time csr_spmv_vectorized_static_veclen_64_cpy iter 2: 119.002 ms
Run time csr_spmv_vectorized_static_veclen_64_cpy iter 3: 116.276 ms
Run time csr_spmv_vectorized_static_veclen_64_cpy iter 4: 119.188 ms
Run time csr_spmv_vectorized_static_veclen_64_cpy iter 5: 121.971 ms
Run time csr_spmv_vectorized_static_veclen_64_cpy iter 6: 130.541 ms
Run time csr_spmv_vectorized_static_veclen_64_cpy iter 7: 123.723 ms
Run time csr_spmv_vectorized_static_veclen_64_cpy iter 8: 127.087 ms
Run time csr_spmv_vectorized_static_veclen_64_cpy iter 9: 118.404 ms
Run time csr_spmv_vectorized_static_veclen_128_no_cpy iter 0: 131.690 ms
Run time csr_spmv_vectorized_static_veclen_128_no_cpy iter 1: 131.613 ms
Run time csr_spmv_vectorized_static_veclen_128_no_cpy iter 2: 131.810 ms
Run time csr_spmv_vectorized_static_veclen_128_no_cpy iter 3: 133.003 ms
Run time csr_spmv_vectorized_static_veclen_128_no_cpy iter 4: 131.624 ms
Run time csr_spmv_vectorized_static_veclen_128_no_cpy iter 5: 133.065 ms
Run time csr_spmv_vectorized_static_veclen_128_no_cpy iter 6: 132.730 ms
Run time csr_spmv_vectorized_static_veclen_128_no_cpy iter 7: 131.859 ms
Run time csr_spmv_vectorized_static_veclen_128_no_cpy iter 8: 131.421 ms
Run time csr_spmv_vectorized_static_veclen_128_no_cpy iter 9: 131.372 ms
Run time csr_spmv_vectorized_static_veclen_128_cpy iter 0: 159.897 ms
Run time csr_spmv_vectorized_static_veclen_128_cpy iter 1: 160.475 ms
Run time csr_spmv_vectorized_static_veclen_128_cpy iter 2: 158.184 ms
Run time csr_spmv_vectorized_static_veclen_128_cpy iter 3: 159.843 ms
Run time csr_spmv_vectorized_static_veclen_128_cpy iter 4: 161.044 ms
Run time csr_spmv_vectorized_static_veclen_128_cpy iter 5: 165.447 ms
Run time csr_spmv_vectorized_static_veclen_128_cpy iter 6: 164.225 ms
Run time csr_spmv_vectorized_static_veclen_128_cpy iter 7: 158.261 ms
Run time csr_spmv_vectorized_static_veclen_128_cpy iter 8: 158.199 ms
Run time csr_spmv_vectorized_static_veclen_128_cpy iter 9: 158.131 ms
Saved timing results to csr_spmv_timings_1_core.csv.csv
