Physical cores: 36
Run time csr_spmv iter 0: 3.122 ms
Run time csr_spmv iter 1: 3.151 ms
Run time csr_spmv iter 2: 3.098 ms
Run time csr_spmv iter 3: 3.059 ms
Run time csr_spmv iter 4: 3.044 ms
Run time csr_spmv iter 5: 3.041 ms
Run time csr_spmv iter 6: 3.053 ms
Run time csr_spmv iter 7: 3.057 ms
Run time csr_spmv iter 8: 3.051 ms
Run time csr_spmv iter 9: 3.056 ms
Run time csr_spmv_vectorized_static_veclen_8_no_cpy iter 0: 2.111 ms
Run time csr_spmv_vectorized_static_veclen_8_no_cpy iter 1: 1.874 ms
Run time csr_spmv_vectorized_static_veclen_8_no_cpy iter 2: 1.673 ms
Run time csr_spmv_vectorized_static_veclen_8_no_cpy iter 3: 1.594 ms
Run time csr_spmv_vectorized_static_veclen_8_no_cpy iter 4: 1.606 ms
Run time csr_spmv_vectorized_static_veclen_8_no_cpy iter 5: 1.614 ms
Run time csr_spmv_vectorized_static_veclen_8_no_cpy iter 6: 1.717 ms
Run time csr_spmv_vectorized_static_veclen_8_no_cpy iter 7: 1.674 ms
Run time csr_spmv_vectorized_static_veclen_8_no_cpy iter 8: 1.680 ms
Run time csr_spmv_vectorized_static_veclen_8_no_cpy iter 9: 1.716 ms
Run time csr_spmv_vectorized_static_veclen_8_cpy iter 0: 1.821 ms
Run time csr_spmv_vectorized_static_veclen_8_cpy iter 1: 1.965 ms
Run time csr_spmv_vectorized_static_veclen_8_cpy iter 2: 1.910 ms
Run time csr_spmv_vectorized_static_veclen_8_cpy iter 3: 1.738 ms
Run time csr_spmv_vectorized_static_veclen_8_cpy iter 4: 1.769 ms
Run time csr_spmv_vectorized_static_veclen_8_cpy iter 5: 1.619 ms
Run time csr_spmv_vectorized_static_veclen_8_cpy iter 6: 1.582 ms
Run time csr_spmv_vectorized_static_veclen_8_cpy iter 7: 1.506 ms
Run time csr_spmv_vectorized_static_veclen_8_cpy iter 8: 1.488 ms
Run time csr_spmv_vectorized_static_veclen_8_cpy iter 9: 1.479 ms
Run time csr_spmv_vectorized_static_veclen_16_no_cpy iter 0: 1.964 ms
Run time csr_spmv_vectorized_static_veclen_16_no_cpy iter 1: 2.138 ms
Run time csr_spmv_vectorized_static_veclen_16_no_cpy iter 2: 2.137 ms
Run time csr_spmv_vectorized_static_veclen_16_no_cpy iter 3: 1.999 ms
Run time csr_spmv_vectorized_static_veclen_16_no_cpy iter 4: 1.773 ms
Run time csr_spmv_vectorized_static_veclen_16_no_cpy iter 5: 1.799 ms
Run time csr_spmv_vectorized_static_veclen_16_no_cpy iter 6: 1.829 ms
Run time csr_spmv_vectorized_static_veclen_16_no_cpy iter 7: 1.803 ms
Run time csr_spmv_vectorized_static_veclen_16_no_cpy iter 8: 1.814 ms
Run time csr_spmv_vectorized_static_veclen_16_no_cpy iter 9: 1.703 ms
Run time csr_spmv_vectorized_static_veclen_16_cpy iter 0: 1.785 ms
Run time csr_spmv_vectorized_static_veclen_16_cpy iter 1: 1.786 ms
Run time csr_spmv_vectorized_static_veclen_16_cpy iter 2: 1.602 ms
Run time csr_spmv_vectorized_static_veclen_16_cpy iter 3: 1.567 ms
Run time csr_spmv_vectorized_static_veclen_16_cpy iter 4: 1.560 ms
Run time csr_spmv_vectorized_static_veclen_16_cpy iter 5: 1.595 ms
Run time csr_spmv_vectorized_static_veclen_16_cpy iter 6: 1.548 ms
Run time csr_spmv_vectorized_static_veclen_16_cpy iter 7: 1.583 ms
Run time csr_spmv_vectorized_static_veclen_16_cpy iter 8: 1.493 ms
Run time csr_spmv_vectorized_static_veclen_16_cpy iter 9: 1.542 ms
Run time csr_spmv_vectorized_static_veclen_32_no_cpy iter 0: 1.896 ms
Run time csr_spmv_vectorized_static_veclen_32_no_cpy iter 1: 1.862 ms
Run time csr_spmv_vectorized_static_veclen_32_no_cpy iter 2: 2.021 ms
Run time csr_spmv_vectorized_static_veclen_32_no_cpy iter 3: 1.981 ms
Run time csr_spmv_vectorized_static_veclen_32_no_cpy iter 4: 1.890 ms
Run time csr_spmv_vectorized_static_veclen_32_no_cpy iter 5: 1.991 ms
Run time csr_spmv_vectorized_static_veclen_32_no_cpy iter 6: 1.977 ms
Run time csr_spmv_vectorized_static_veclen_32_no_cpy iter 7: 1.997 ms
Run time csr_spmv_vectorized_static_veclen_32_no_cpy iter 8: 1.940 ms
Run time csr_spmv_vectorized_static_veclen_32_no_cpy iter 9: 1.954 ms
Run time csr_spmv_vectorized_static_veclen_32_cpy iter 0: 1.726 ms
Run time csr_spmv_vectorized_static_veclen_32_cpy iter 1: 1.840 ms
Run time csr_spmv_vectorized_static_veclen_32_cpy iter 2: 2.392 ms
Run time csr_spmv_vectorized_static_veclen_32_cpy iter 3: 2.629 ms
Run time csr_spmv_vectorized_static_veclen_32_cpy iter 4: 2.607 ms
Run time csr_spmv_vectorized_static_veclen_32_cpy iter 5: 2.607 ms
Run time csr_spmv_vectorized_static_veclen_32_cpy iter 6: 2.633 ms
Run time csr_spmv_vectorized_static_veclen_32_cpy iter 7: 2.586 ms
Run time csr_spmv_vectorized_static_veclen_32_cpy iter 8: 2.560 ms
Run time csr_spmv_vectorized_static_veclen_32_cpy iter 9: 2.554 ms
Run time csr_spmv_vectorized_static_veclen_64_no_cpy iter 0: 1.880 ms
Run time csr_spmv_vectorized_static_veclen_64_no_cpy iter 1: 1.722 ms
Run time csr_spmv_vectorized_static_veclen_64_no_cpy iter 2: 1.921 ms
Run time csr_spmv_vectorized_static_veclen_64_no_cpy iter 3: 1.899 ms
Run time csr_spmv_vectorized_static_veclen_64_no_cpy iter 4: 1.902 ms
Run time csr_spmv_vectorized_static_veclen_64_no_cpy iter 5: 1.893 ms
Run time csr_spmv_vectorized_static_veclen_64_no_cpy iter 6: 1.898 ms
Run time csr_spmv_vectorized_static_veclen_64_no_cpy iter 7: 1.894 ms
Run time csr_spmv_vectorized_static_veclen_64_no_cpy iter 8: 1.876 ms
Run time csr_spmv_vectorized_static_veclen_64_no_cpy iter 9: 1.890 ms
Run time csr_spmv_vectorized_static_veclen_64_cpy iter 0: 1.861 ms
Run time csr_spmv_vectorized_static_veclen_64_cpy iter 1: 2.541 ms
Run time csr_spmv_vectorized_static_veclen_64_cpy iter 2: 2.749 ms
Run time csr_spmv_vectorized_static_veclen_64_cpy iter 3: 2.713 ms
Run time csr_spmv_vectorized_static_veclen_64_cpy iter 4: 2.719 ms
Run time csr_spmv_vectorized_static_veclen_64_cpy iter 5: 2.719 ms
Run time csr_spmv_vectorized_static_veclen_64_cpy iter 6: 2.706 ms
Run time csr_spmv_vectorized_static_veclen_64_cpy iter 7: 2.724 ms
Run time csr_spmv_vectorized_static_veclen_64_cpy iter 8: 2.909 ms
Run time csr_spmv_vectorized_static_veclen_64_cpy iter 9: 2.886 ms
Run time csr_spmv_vectorized_static_veclen_128_no_cpy iter 0: 2.451 ms
Run time csr_spmv_vectorized_static_veclen_128_no_cpy iter 1: 2.712 ms
Run time csr_spmv_vectorized_static_veclen_128_no_cpy iter 2: 2.426 ms
Run time csr_spmv_vectorized_static_veclen_128_no_cpy iter 3: 2.360 ms
Run time csr_spmv_vectorized_static_veclen_128_no_cpy iter 4: 2.340 ms
Run time csr_spmv_vectorized_static_veclen_128_no_cpy iter 5: 2.322 ms
Run time csr_spmv_vectorized_static_veclen_128_no_cpy iter 6: 2.271 ms
Run time csr_spmv_vectorized_static_veclen_128_no_cpy iter 7: 2.288 ms
Run time csr_spmv_vectorized_static_veclen_128_no_cpy iter 8: 2.284 ms
Run time csr_spmv_vectorized_static_veclen_128_no_cpy iter 9: 2.272 ms
Run time csr_spmv_vectorized_static_veclen_128_cpy iter 0: 2.382 ms
Run time csr_spmv_vectorized_static_veclen_128_cpy iter 1: 2.508 ms
Run time csr_spmv_vectorized_static_veclen_128_cpy iter 2: 2.600 ms
Run time csr_spmv_vectorized_static_veclen_128_cpy iter 3: 2.898 ms
Run time csr_spmv_vectorized_static_veclen_128_cpy iter 4: 3.070 ms
Run time csr_spmv_vectorized_static_veclen_128_cpy iter 5: 3.076 ms
Run time csr_spmv_vectorized_static_veclen_128_cpy iter 6: 3.549 ms
Run time csr_spmv_vectorized_static_veclen_128_cpy iter 7: 3.551 ms
Run time csr_spmv_vectorized_static_veclen_128_cpy iter 8: 3.556 ms
Run time csr_spmv_vectorized_static_veclen_128_cpy iter 9: 3.562 ms
Saved timing results to csr_spmv_timings_1_core.csv.csv
Run time csr_spmv iter 0: 7.371 ms
Run time csr_spmv iter 1: 8.089 ms
Run time csr_spmv iter 2: 10.162 ms
Run time csr_spmv iter 3: 11.568 ms
Run time csr_spmv iter 4: 11.024 ms
Run time csr_spmv iter 5: 13.001 ms
Run time csr_spmv iter 6: 10.510 ms
Run time csr_spmv iter 7: 7.792 ms
Run time csr_spmv iter 8: 6.620 ms
Run time csr_spmv iter 9: 6.407 ms
Run time csr_spmv_vectorized_static_veclen_8_no_cpy iter 0: 7.589 ms
Run time csr_spmv_vectorized_static_veclen_8_no_cpy iter 1: 7.614 ms
Run time csr_spmv_vectorized_static_veclen_8_no_cpy iter 2: 8.904 ms
Run time csr_spmv_vectorized_static_veclen_8_no_cpy iter 3: 8.610 ms
Run time csr_spmv_vectorized_static_veclen_8_no_cpy iter 4: 8.624 ms
Run time csr_spmv_vectorized_static_veclen_8_no_cpy iter 5: 8.906 ms
Run time csr_spmv_vectorized_static_veclen_8_no_cpy iter 6: 7.002 ms
Run time csr_spmv_vectorized_static_veclen_8_no_cpy iter 7: 6.787 ms
Run time csr_spmv_vectorized_static_veclen_8_no_cpy iter 8: 6.379 ms
Run time csr_spmv_vectorized_static_veclen_8_no_cpy iter 9: 7.577 ms
Run time csr_spmv_vectorized_static_veclen_8_cpy iter 0: 6.577 ms
Run time csr_spmv_vectorized_static_veclen_8_cpy iter 1: 6.467 ms
Run time csr_spmv_vectorized_static_veclen_8_cpy iter 2: 6.864 ms
Run time csr_spmv_vectorized_static_veclen_8_cpy iter 3: 8.075 ms
Run time csr_spmv_vectorized_static_veclen_8_cpy iter 4: 8.664 ms
Run time csr_spmv_vectorized_static_veclen_8_cpy iter 5: 8.699 ms
Run time csr_spmv_vectorized_static_veclen_8_cpy iter 6: 8.831 ms
Run time csr_spmv_vectorized_static_veclen_8_cpy iter 7: 9.055 ms
Run time csr_spmv_vectorized_static_veclen_8_cpy iter 8: 9.410 ms
Run time csr_spmv_vectorized_static_veclen_8_cpy iter 9: 9.132 ms
Run time csr_spmv_vectorized_static_veclen_16_no_cpy iter 0: 6.368 ms
Run time csr_spmv_vectorized_static_veclen_16_no_cpy iter 1: 6.565 ms
Run time csr_spmv_vectorized_static_veclen_16_no_cpy iter 2: 6.614 ms
Run time csr_spmv_vectorized_static_veclen_16_no_cpy iter 3: 6.542 ms
Run time csr_spmv_vectorized_static_veclen_16_no_cpy iter 4: 6.192 ms
Run time csr_spmv_vectorized_static_veclen_16_no_cpy iter 5: 6.842 ms
Run time csr_spmv_vectorized_static_veclen_16_no_cpy iter 6: 7.070 ms
Run time csr_spmv_vectorized_static_veclen_16_no_cpy iter 7: 6.558 ms
Run time csr_spmv_vectorized_static_veclen_16_no_cpy iter 8: 6.607 ms
Run time csr_spmv_vectorized_static_veclen_16_no_cpy iter 9: 6.350 ms
Run time csr_spmv_vectorized_static_veclen_16_cpy iter 0: 7.193 ms
Run time csr_spmv_vectorized_static_veclen_16_cpy iter 1: 6.983 ms
Run time csr_spmv_vectorized_static_veclen_16_cpy iter 2: 6.714 ms
Run time csr_spmv_vectorized_static_veclen_16_cpy iter 3: 6.486 ms
Run time csr_spmv_vectorized_static_veclen_16_cpy iter 4: 6.471 ms
Run time csr_spmv_vectorized_static_veclen_16_cpy iter 5: 6.159 ms
Run time csr_spmv_vectorized_static_veclen_16_cpy iter 6: 6.424 ms
Run time csr_spmv_vectorized_static_veclen_16_cpy iter 7: 7.368 ms
Run time csr_spmv_vectorized_static_veclen_16_cpy iter 8: 7.438 ms
Run time csr_spmv_vectorized_static_veclen_16_cpy iter 9: 6.854 ms
Run time csr_spmv_vectorized_static_veclen_32_no_cpy iter 0: 6.269 ms
Run time csr_spmv_vectorized_static_veclen_32_no_cpy iter 1: 6.660 ms
Run time csr_spmv_vectorized_static_veclen_32_no_cpy iter 2: 7.388 ms
Run time csr_spmv_vectorized_static_veclen_32_no_cpy iter 3: 7.479 ms
Run time csr_spmv_vectorized_static_veclen_32_no_cpy iter 4: 7.422 ms
Run time csr_spmv_vectorized_static_veclen_32_no_cpy iter 5: 7.122 ms
Run time csr_spmv_vectorized_static_veclen_32_no_cpy iter 6: 7.425 ms
Run time csr_spmv_vectorized_static_veclen_32_no_cpy iter 7: 7.941 ms
Run time csr_spmv_vectorized_static_veclen_32_no_cpy iter 8: 7.418 ms
Run time csr_spmv_vectorized_static_veclen_32_no_cpy iter 9: 6.559 ms
Run time csr_spmv_vectorized_static_veclen_32_cpy iter 0: 7.190 ms
Run time csr_spmv_vectorized_static_veclen_32_cpy iter 1: 8.767 ms
Run time csr_spmv_vectorized_static_veclen_32_cpy iter 2: 7.381 ms
Run time csr_spmv_vectorized_static_veclen_32_cpy iter 3: 11.306 ms
Run time csr_spmv_vectorized_static_veclen_32_cpy iter 4: 8.016 ms
Run time csr_spmv_vectorized_static_veclen_32_cpy iter 5: 10.071 ms
Run time csr_spmv_vectorized_static_veclen_32_cpy iter 6: 8.727 ms
Run time csr_spmv_vectorized_static_veclen_32_cpy iter 7: 8.138 ms
Run time csr_spmv_vectorized_static_veclen_32_cpy iter 8: 8.420 ms
Run time csr_spmv_vectorized_static_veclen_32_cpy iter 9: 7.637 ms
Run time csr_spmv_vectorized_static_veclen_64_no_cpy iter 0: 6.758 ms
Run time csr_spmv_vectorized_static_veclen_64_no_cpy iter 1: 7.570 ms
Run time csr_spmv_vectorized_static_veclen_64_no_cpy iter 2: 9.946 ms
Run time csr_spmv_vectorized_static_veclen_64_no_cpy iter 3: 9.837 ms
Run time csr_spmv_vectorized_static_veclen_64_no_cpy iter 4: 10.950 ms
Run time csr_spmv_vectorized_static_veclen_64_no_cpy iter 5: 9.143 ms
Run time csr_spmv_vectorized_static_veclen_64_no_cpy iter 6: 8.508 ms
Run time csr_spmv_vectorized_static_veclen_64_no_cpy iter 7: 9.008 ms
Run time csr_spmv_vectorized_static_veclen_64_no_cpy iter 8: 7.905 ms
Run time csr_spmv_vectorized_static_veclen_64_no_cpy iter 9: 9.402 ms
Run time csr_spmv_vectorized_static_veclen_64_cpy iter 0: 7.534 ms
Run time csr_spmv_vectorized_static_veclen_64_cpy iter 1: 6.868 ms
Run time csr_spmv_vectorized_static_veclen_64_cpy iter 2: 10.743 ms
Run time csr_spmv_vectorized_static_veclen_64_cpy iter 3: 10.907 ms
Run time csr_spmv_vectorized_static_veclen_64_cpy iter 4: 11.667 ms
Run time csr_spmv_vectorized_static_veclen_64_cpy iter 5: 11.910 ms
Run time csr_spmv_vectorized_static_veclen_64_cpy iter 6: 10.261 ms
Run time csr_spmv_vectorized_static_veclen_64_cpy iter 7: 10.704 ms
Run time csr_spmv_vectorized_static_veclen_64_cpy iter 8: 8.140 ms
Run time csr_spmv_vectorized_static_veclen_64_cpy iter 9: 8.555 ms
Run time csr_spmv_vectorized_static_veclen_128_no_cpy iter 0: 7.977 ms
Run time csr_spmv_vectorized_static_veclen_128_no_cpy iter 1: 7.987 ms
Run time csr_spmv_vectorized_static_veclen_128_no_cpy iter 2: 7.949 ms
Run time csr_spmv_vectorized_static_veclen_128_no_cpy iter 3: 7.956 ms
Run time csr_spmv_vectorized_static_veclen_128_no_cpy iter 4: 8.707 ms
Run time csr_spmv_vectorized_static_veclen_128_no_cpy iter 5: 8.682 ms
Run time csr_spmv_vectorized_static_veclen_128_no_cpy iter 6: 8.776 ms
Run time csr_spmv_vectorized_static_veclen_128_no_cpy iter 7: 8.794 ms
Run time csr_spmv_vectorized_static_veclen_128_no_cpy iter 8: 8.743 ms
Run time csr_spmv_vectorized_static_veclen_128_no_cpy iter 9: 7.949 ms
Run time csr_spmv_vectorized_static_veclen_128_cpy iter 0: 10.207 ms
Run time csr_spmv_vectorized_static_veclen_128_cpy iter 1: 10.289 ms
Run time csr_spmv_vectorized_static_veclen_128_cpy iter 2: 10.226 ms
Run time csr_spmv_vectorized_static_veclen_128_cpy iter 3: 10.133 ms
Run time csr_spmv_vectorized_static_veclen_128_cpy iter 4: 10.140 ms
Run time csr_spmv_vectorized_static_veclen_128_cpy iter 5: 11.415 ms
Run time csr_spmv_vectorized_static_veclen_128_cpy iter 6: 10.107 ms
Run time csr_spmv_vectorized_static_veclen_128_cpy iter 7: 11.358 ms
Run time csr_spmv_vectorized_static_veclen_128_cpy iter 8: 10.050 ms
Run time csr_spmv_vectorized_static_veclen_128_cpy iter 9: 10.039 ms
Saved timing results to csr_spmv_timings_1_core.csv.csv
Run time csr_spmv iter 0: 29.546 ms
Run time csr_spmv iter 1: 30.879 ms
Run time csr_spmv iter 2: 35.241 ms
Run time csr_spmv iter 3: 33.668 ms
Run time csr_spmv iter 4: 32.014 ms
Run time csr_spmv iter 5: 35.142 ms
Run time csr_spmv iter 6: 38.115 ms
Run time csr_spmv iter 7: 37.678 ms
Run time csr_spmv iter 8: 39.558 ms
Run time csr_spmv iter 9: 30.750 ms
Run time csr_spmv_vectorized_static_veclen_8_no_cpy iter 0: 26.765 ms
Run time csr_spmv_vectorized_static_veclen_8_no_cpy iter 1: 29.346 ms
Run time csr_spmv_vectorized_static_veclen_8_no_cpy iter 2: 26.753 ms
Run time csr_spmv_vectorized_static_veclen_8_no_cpy iter 3: 26.386 ms
Run time csr_spmv_vectorized_static_veclen_8_no_cpy iter 4: 26.604 ms
Run time csr_spmv_vectorized_static_veclen_8_no_cpy iter 5: 26.693 ms
Run time csr_spmv_vectorized_static_veclen_8_no_cpy iter 6: 26.427 ms
Run time csr_spmv_vectorized_static_veclen_8_no_cpy iter 7: 26.575 ms
Run time csr_spmv_vectorized_static_veclen_8_no_cpy iter 8: 26.149 ms
Run time csr_spmv_vectorized_static_veclen_8_no_cpy iter 9: 26.519 ms
Run time csr_spmv_vectorized_static_veclen_8_cpy iter 0: 29.465 ms
Run time csr_spmv_vectorized_static_veclen_8_cpy iter 1: 28.980 ms
Run time csr_spmv_vectorized_static_veclen_8_cpy iter 2: 26.575 ms
Run time csr_spmv_vectorized_static_veclen_8_cpy iter 3: 25.833 ms
Run time csr_spmv_vectorized_static_veclen_8_cpy iter 4: 26.184 ms
Run time csr_spmv_vectorized_static_veclen_8_cpy iter 5: 26.479 ms
Run time csr_spmv_vectorized_static_veclen_8_cpy iter 6: 26.335 ms
Run time csr_spmv_vectorized_static_veclen_8_cpy iter 7: 26.089 ms
Run time csr_spmv_vectorized_static_veclen_8_cpy iter 8: 26.678 ms
Run time csr_spmv_vectorized_static_veclen_8_cpy iter 9: 25.820 ms
Run time csr_spmv_vectorized_static_veclen_16_no_cpy iter 0: 26.153 ms
Run time csr_spmv_vectorized_static_veclen_16_no_cpy iter 1: 27.688 ms
Run time csr_spmv_vectorized_static_veclen_16_no_cpy iter 2: 26.369 ms
Run time csr_spmv_vectorized_static_veclen_16_no_cpy iter 3: 26.911 ms
Run time csr_spmv_vectorized_static_veclen_16_no_cpy iter 4: 26.732 ms
Run time csr_spmv_vectorized_static_veclen_16_no_cpy iter 5: 27.136 ms
Run time csr_spmv_vectorized_static_veclen_16_no_cpy iter 6: 26.629 ms
Run time csr_spmv_vectorized_static_veclen_16_no_cpy iter 7: 26.741 ms
Run time csr_spmv_vectorized_static_veclen_16_no_cpy iter 8: 26.329 ms
Run time csr_spmv_vectorized_static_veclen_16_no_cpy iter 9: 26.365 ms
Run time csr_spmv_vectorized_static_veclen_16_cpy iter 0: 34.178 ms
Run time csr_spmv_vectorized_static_veclen_16_cpy iter 1: 34.556 ms
Run time csr_spmv_vectorized_static_veclen_16_cpy iter 2: 30.989 ms
Run time csr_spmv_vectorized_static_veclen_16_cpy iter 3: 34.320 ms
Run time csr_spmv_vectorized_static_veclen_16_cpy iter 4: 35.143 ms
Run time csr_spmv_vectorized_static_veclen_16_cpy iter 5: 33.491 ms
Run time csr_spmv_vectorized_static_veclen_16_cpy iter 6: 34.359 ms
Run time csr_spmv_vectorized_static_veclen_16_cpy iter 7: 28.714 ms
Run time csr_spmv_vectorized_static_veclen_16_cpy iter 8: 26.933 ms
Run time csr_spmv_vectorized_static_veclen_16_cpy iter 9: 26.454 ms
Run time csr_spmv_vectorized_static_veclen_32_no_cpy iter 0: 27.012 ms
Run time csr_spmv_vectorized_static_veclen_32_no_cpy iter 1: 30.737 ms
Run time csr_spmv_vectorized_static_veclen_32_no_cpy iter 2: 26.878 ms
Run time csr_spmv_vectorized_static_veclen_32_no_cpy iter 3: 26.399 ms
Run time csr_spmv_vectorized_static_veclen_32_no_cpy iter 4: 26.700 ms
Run time csr_spmv_vectorized_static_veclen_32_no_cpy iter 5: 26.859 ms
Run time csr_spmv_vectorized_static_veclen_32_no_cpy iter 6: 26.935 ms
Run time csr_spmv_vectorized_static_veclen_32_no_cpy iter 7: 26.682 ms
Run time csr_spmv_vectorized_static_veclen_32_no_cpy iter 8: 26.517 ms
Run time csr_spmv_vectorized_static_veclen_32_no_cpy iter 9: 26.670 ms
Run time csr_spmv_vectorized_static_veclen_32_cpy iter 0: 32.189 ms
Run time csr_spmv_vectorized_static_veclen_32_cpy iter 1: 34.572 ms
Run time csr_spmv_vectorized_static_veclen_32_cpy iter 2: 33.001 ms
Run time csr_spmv_vectorized_static_veclen_32_cpy iter 3: 29.800 ms
Run time csr_spmv_vectorized_static_veclen_32_cpy iter 4: 30.238 ms
Run time csr_spmv_vectorized_static_veclen_32_cpy iter 5: 34.288 ms
Run time csr_spmv_vectorized_static_veclen_32_cpy iter 6: 32.612 ms
Run time csr_spmv_vectorized_static_veclen_32_cpy iter 7: 29.799 ms
Run time csr_spmv_vectorized_static_veclen_32_cpy iter 8: 30.269 ms
Run time csr_spmv_vectorized_static_veclen_32_cpy iter 9: 30.395 ms
Run time csr_spmv_vectorized_static_veclen_64_no_cpy iter 0: 27.883 ms
Run time csr_spmv_vectorized_static_veclen_64_no_cpy iter 1: 29.975 ms
Run time csr_spmv_vectorized_static_veclen_64_no_cpy iter 2: 27.504 ms
Run time csr_spmv_vectorized_static_veclen_64_no_cpy iter 3: 27.440 ms
Run time csr_spmv_vectorized_static_veclen_64_no_cpy iter 4: 28.317 ms
Run time csr_spmv_vectorized_static_veclen_64_no_cpy iter 5: 29.258 ms
Run time csr_spmv_vectorized_static_veclen_64_no_cpy iter 6: 28.955 ms
Run time csr_spmv_vectorized_static_veclen_64_no_cpy iter 7: 27.698 ms
Run time csr_spmv_vectorized_static_veclen_64_no_cpy iter 8: 32.316 ms
Run time csr_spmv_vectorized_static_veclen_64_no_cpy iter 9: 33.553 ms
Run time csr_spmv_vectorized_static_veclen_64_cpy iter 0: 28.559 ms
Run time csr_spmv_vectorized_static_veclen_64_cpy iter 1: 32.540 ms
Run time csr_spmv_vectorized_static_veclen_64_cpy iter 2: 32.521 ms
Run time csr_spmv_vectorized_static_veclen_64_cpy iter 3: 28.988 ms
Run time csr_spmv_vectorized_static_veclen_64_cpy iter 4: 29.475 ms
Run time csr_spmv_vectorized_static_veclen_64_cpy iter 5: 29.781 ms
Run time csr_spmv_vectorized_static_veclen_64_cpy iter 6: 30.242 ms
Run time csr_spmv_vectorized_static_veclen_64_cpy iter 7: 30.739 ms
Run time csr_spmv_vectorized_static_veclen_64_cpy iter 8: 29.368 ms
Run time csr_spmv_vectorized_static_veclen_64_cpy iter 9: 28.488 ms
Run time csr_spmv_vectorized_static_veclen_128_no_cpy iter 0: 32.978 ms
Run time csr_spmv_vectorized_static_veclen_128_no_cpy iter 1: 32.682 ms
Run time csr_spmv_vectorized_static_veclen_128_no_cpy iter 2: 32.776 ms
Run time csr_spmv_vectorized_static_veclen_128_no_cpy iter 3: 32.661 ms
Run time csr_spmv_vectorized_static_veclen_128_no_cpy iter 4: 33.464 ms
Run time csr_spmv_vectorized_static_veclen_128_no_cpy iter 5: 33.859 ms
Run time csr_spmv_vectorized_static_veclen_128_no_cpy iter 6: 32.723 ms
Run time csr_spmv_vectorized_static_veclen_128_no_cpy iter 7: 32.531 ms
Run time csr_spmv_vectorized_static_veclen_128_no_cpy iter 8: 32.522 ms
Run time csr_spmv_vectorized_static_veclen_128_no_cpy iter 9: 32.510 ms
Run time csr_spmv_vectorized_static_veclen_128_cpy iter 0: 41.696 ms
Run time csr_spmv_vectorized_static_veclen_128_cpy iter 1: 41.625 ms
Run time csr_spmv_vectorized_static_veclen_128_cpy iter 2: 41.578 ms
Run time csr_spmv_vectorized_static_veclen_128_cpy iter 3: 41.528 ms
Run time csr_spmv_vectorized_static_veclen_128_cpy iter 4: 41.479 ms
Run time csr_spmv_vectorized_static_veclen_128_cpy iter 5: 41.431 ms
Run time csr_spmv_vectorized_static_veclen_128_cpy iter 6: 41.408 ms
Run time csr_spmv_vectorized_static_veclen_128_cpy iter 7: 41.377 ms
Run time csr_spmv_vectorized_static_veclen_128_cpy iter 8: 41.328 ms
Run time csr_spmv_vectorized_static_veclen_128_cpy iter 9: 41.260 ms
Saved timing results to csr_spmv_timings_1_core.csv.csv
Run time csr_spmv iter 0: 120.414 ms
Run time csr_spmv iter 1: 121.290 ms
Run time csr_spmv iter 2: 121.436 ms
Run time csr_spmv iter 3: 114.865 ms
Run time csr_spmv iter 4: 120.705 ms
Run time csr_spmv iter 5: 114.893 ms
Run time csr_spmv iter 6: 114.171 ms
Run time csr_spmv iter 7: 114.755 ms
Run time csr_spmv iter 8: 113.533 ms
Run time csr_spmv iter 9: 114.354 ms
Run time csr_spmv_vectorized_static_veclen_8_no_cpy iter 0: 107.948 ms
Run time csr_spmv_vectorized_static_veclen_8_no_cpy iter 1: 111.008 ms
Run time csr_spmv_vectorized_static_veclen_8_no_cpy iter 2: 120.914 ms
Run time csr_spmv_vectorized_static_veclen_8_no_cpy iter 3: 121.127 ms
Run time csr_spmv_vectorized_static_veclen_8_no_cpy iter 4: 109.235 ms
Run time csr_spmv_vectorized_static_veclen_8_no_cpy iter 5: 108.407 ms
Run time csr_spmv_vectorized_static_veclen_8_no_cpy iter 6: 108.013 ms
Run time csr_spmv_vectorized_static_veclen_8_no_cpy iter 7: 107.924 ms
Run time csr_spmv_vectorized_static_veclen_8_no_cpy iter 8: 107.829 ms
Run time csr_spmv_vectorized_static_veclen_8_no_cpy iter 9: 106.335 ms
Run time csr_spmv_vectorized_static_veclen_8_cpy iter 0: 108.064 ms
Run time csr_spmv_vectorized_static_veclen_8_cpy iter 1: 108.027 ms
Run time csr_spmv_vectorized_static_veclen_8_cpy iter 2: 106.827 ms
Run time csr_spmv_vectorized_static_veclen_8_cpy iter 3: 107.669 ms
Run time csr_spmv_vectorized_static_veclen_8_cpy iter 4: 107.178 ms
Run time csr_spmv_vectorized_static_veclen_8_cpy iter 5: 107.788 ms
Run time csr_spmv_vectorized_static_veclen_8_cpy iter 6: 111.367 ms
Run time csr_spmv_vectorized_static_veclen_8_cpy iter 7: 109.005 ms
Run time csr_spmv_vectorized_static_veclen_8_cpy iter 8: 108.812 ms
Run time csr_spmv_vectorized_static_veclen_8_cpy iter 9: 107.917 ms
Run time csr_spmv_vectorized_static_veclen_16_no_cpy iter 0: 109.965 ms
Run time csr_spmv_vectorized_static_veclen_16_no_cpy iter 1: 111.884 ms
Run time csr_spmv_vectorized_static_veclen_16_no_cpy iter 2: 110.315 ms
Run time csr_spmv_vectorized_static_veclen_16_no_cpy iter 3: 109.581 ms
Run time csr_spmv_vectorized_static_veclen_16_no_cpy iter 4: 109.628 ms
Run time csr_spmv_vectorized_static_veclen_16_no_cpy iter 5: 110.337 ms
Run time csr_spmv_vectorized_static_veclen_16_no_cpy iter 6: 110.203 ms
Run time csr_spmv_vectorized_static_veclen_16_no_cpy iter 7: 109.217 ms
Run time csr_spmv_vectorized_static_veclen_16_no_cpy iter 8: 109.214 ms
Run time csr_spmv_vectorized_static_veclen_16_no_cpy iter 9: 107.456 ms
Run time csr_spmv_vectorized_static_veclen_16_cpy iter 0: 109.437 ms
Run time csr_spmv_vectorized_static_veclen_16_cpy iter 1: 109.931 ms
Run time csr_spmv_vectorized_static_veclen_16_cpy iter 2: 107.152 ms
Run time csr_spmv_vectorized_static_veclen_16_cpy iter 3: 106.682 ms
Run time csr_spmv_vectorized_static_veclen_16_cpy iter 4: 107.231 ms
Run time csr_spmv_vectorized_static_veclen_16_cpy iter 5: 106.490 ms
Run time csr_spmv_vectorized_static_veclen_16_cpy iter 6: 106.570 ms
Run time csr_spmv_vectorized_static_veclen_16_cpy iter 7: 107.081 ms
Run time csr_spmv_vectorized_static_veclen_16_cpy iter 8: 107.561 ms
Run time csr_spmv_vectorized_static_veclen_16_cpy iter 9: 106.031 ms
Run time csr_spmv_vectorized_static_veclen_32_no_cpy iter 0: 108.672 ms
Run time csr_spmv_vectorized_static_veclen_32_no_cpy iter 1: 111.272 ms
Run time csr_spmv_vectorized_static_veclen_32_no_cpy iter 2: 110.088 ms
Run time csr_spmv_vectorized_static_veclen_32_no_cpy iter 3: 110.520 ms
Run time csr_spmv_vectorized_static_veclen_32_no_cpy iter 4: 108.421 ms
Run time csr_spmv_vectorized_static_veclen_32_no_cpy iter 5: 109.406 ms
Run time csr_spmv_vectorized_static_veclen_32_no_cpy iter 6: 108.897 ms
Run time csr_spmv_vectorized_static_veclen_32_no_cpy iter 7: 109.863 ms
Run time csr_spmv_vectorized_static_veclen_32_no_cpy iter 8: 109.297 ms
Run time csr_spmv_vectorized_static_veclen_32_no_cpy iter 9: 113.395 ms
Run time csr_spmv_vectorized_static_veclen_32_cpy iter 0: 122.870 ms
Run time csr_spmv_vectorized_static_veclen_32_cpy iter 1: 127.068 ms
Run time csr_spmv_vectorized_static_veclen_32_cpy iter 2: 122.957 ms
Run time csr_spmv_vectorized_static_veclen_32_cpy iter 3: 123.589 ms
Run time csr_spmv_vectorized_static_veclen_32_cpy iter 4: 127.096 ms
Run time csr_spmv_vectorized_static_veclen_32_cpy iter 5: 127.512 ms
Run time csr_spmv_vectorized_static_veclen_32_cpy iter 6: 123.390 ms
Run time csr_spmv_vectorized_static_veclen_32_cpy iter 7: 125.476 ms
Run time csr_spmv_vectorized_static_veclen_32_cpy iter 8: 124.775 ms
Run time csr_spmv_vectorized_static_veclen_32_cpy iter 9: 131.719 ms
Run time csr_spmv_vectorized_static_veclen_64_no_cpy iter 0: 112.997 ms
Run time csr_spmv_vectorized_static_veclen_64_no_cpy iter 1: 113.182 ms
Run time csr_spmv_vectorized_static_veclen_64_no_cpy iter 2: 113.228 ms
Run time csr_spmv_vectorized_static_veclen_64_no_cpy iter 3: 112.833 ms
Run time csr_spmv_vectorized_static_veclen_64_no_cpy iter 4: 113.402 ms
Run time csr_spmv_vectorized_static_veclen_64_no_cpy iter 5: 114.436 ms
Run time csr_spmv_vectorized_static_veclen_64_no_cpy iter 6: 113.606 ms
Run time csr_spmv_vectorized_static_veclen_64_no_cpy iter 7: 113.912 ms
Run time csr_spmv_vectorized_static_veclen_64_no_cpy iter 8: 114.411 ms
Run time csr_spmv_vectorized_static_veclen_64_no_cpy iter 9: 114.870 ms
Run time csr_spmv_vectorized_static_veclen_64_cpy iter 0: 114.826 ms
Run time csr_spmv_vectorized_static_veclen_64_cpy iter 1: 116.363 ms
Run time csr_spmv_vectorized_static_veclen_64_cpy iter 2: 116.073 ms
Run time csr_spmv_vectorized_static_veclen_64_cpy iter 3: 116.250 ms
Run time csr_spmv_vectorized_static_veclen_64_cpy iter 4: 115.080 ms
Run time csr_spmv_vectorized_static_veclen_64_cpy iter 5: 115.881 ms
Run time csr_spmv_vectorized_static_veclen_64_cpy iter 6: 115.226 ms
Run time csr_spmv_vectorized_static_veclen_64_cpy iter 7: 119.480 ms
Run time csr_spmv_vectorized_static_veclen_64_cpy iter 8: 121.428 ms
Run time csr_spmv_vectorized_static_veclen_64_cpy iter 9: 121.370 ms
Run time csr_spmv_vectorized_static_veclen_128_no_cpy iter 0: 133.146 ms
Run time csr_spmv_vectorized_static_veclen_128_no_cpy iter 1: 132.990 ms
Run time csr_spmv_vectorized_static_veclen_128_no_cpy iter 2: 132.637 ms
Run time csr_spmv_vectorized_static_veclen_128_no_cpy iter 3: 132.601 ms
Run time csr_spmv_vectorized_static_veclen_128_no_cpy iter 4: 132.699 ms
Run time csr_spmv_vectorized_static_veclen_128_no_cpy iter 5: 132.447 ms
Run time csr_spmv_vectorized_static_veclen_128_no_cpy iter 6: 132.645 ms
Run time csr_spmv_vectorized_static_veclen_128_no_cpy iter 7: 132.628 ms
Run time csr_spmv_vectorized_static_veclen_128_no_cpy iter 8: 136.386 ms
Run time csr_spmv_vectorized_static_veclen_128_no_cpy iter 9: 145.195 ms
Run time csr_spmv_vectorized_static_veclen_128_cpy iter 0: 169.058 ms
Run time csr_spmv_vectorized_static_veclen_128_cpy iter 1: 169.134 ms
Run time csr_spmv_vectorized_static_veclen_128_cpy iter 2: 168.961 ms
Run time csr_spmv_vectorized_static_veclen_128_cpy iter 3: 170.443 ms
Run time csr_spmv_vectorized_static_veclen_128_cpy iter 4: 169.016 ms
Run time csr_spmv_vectorized_static_veclen_128_cpy iter 5: 168.950 ms
Run time csr_spmv_vectorized_static_veclen_128_cpy iter 6: 168.997 ms
Run time csr_spmv_vectorized_static_veclen_128_cpy iter 7: 168.983 ms
Run time csr_spmv_vectorized_static_veclen_128_cpy iter 8: 173.790 ms
Run time csr_spmv_vectorized_static_veclen_128_cpy iter 9: 171.831 ms
Saved timing results to csr_spmv_timings_1_core.csv.csv
