Physical cores: 36
Run time spmv_csr iter 0: 3.480 ms
Run time spmv_csr iter 1: 3.443 ms
Run time spmv_csr iter 2: 3.385 ms
Run time spmv_csr iter 3: 3.375 ms
Run time spmv_csr iter 4: 3.388 ms
Run time spmv_csr iter 5: 3.390 ms
Run time spmv_csr iter 6: 3.404 ms
Run time spmv_csr iter 7: 3.415 ms
Run time spmv_csr iter 8: 3.399 ms
Run time spmv_csr iter 9: 3.403 ms
Run time csr_spmv_vectorized_static_veclen_8_no_cpy iter 0: 1.820 ms
Run time csr_spmv_vectorized_static_veclen_8_no_cpy iter 1: 1.440 ms
Run time csr_spmv_vectorized_static_veclen_8_no_cpy iter 2: 1.201 ms
Run time csr_spmv_vectorized_static_veclen_8_no_cpy iter 3: 1.227 ms
Run time csr_spmv_vectorized_static_veclen_8_no_cpy iter 4: 1.263 ms
Run time csr_spmv_vectorized_static_veclen_8_no_cpy iter 5: 1.317 ms
Run time csr_spmv_vectorized_static_veclen_8_no_cpy iter 6: 1.952 ms
Run time csr_spmv_vectorized_static_veclen_8_no_cpy iter 7: 1.716 ms
Run time csr_spmv_vectorized_static_veclen_8_no_cpy iter 8: 1.762 ms
Run time csr_spmv_vectorized_static_veclen_8_no_cpy iter 9: 1.733 ms
Run time csr_spmv_vectorized_static_veclen_8_cpy iter 0: 2.120 ms
Run time csr_spmv_vectorized_static_veclen_8_cpy iter 1: 1.905 ms
Run time csr_spmv_vectorized_static_veclen_8_cpy iter 2: 2.070 ms
Run time csr_spmv_vectorized_static_veclen_8_cpy iter 3: 2.078 ms
Run time csr_spmv_vectorized_static_veclen_8_cpy iter 4: 1.953 ms
Run time csr_spmv_vectorized_static_veclen_8_cpy iter 5: 1.901 ms
Run time csr_spmv_vectorized_static_veclen_8_cpy iter 6: 1.826 ms
Run time csr_spmv_vectorized_static_veclen_8_cpy iter 7: 1.783 ms
Run time csr_spmv_vectorized_static_veclen_8_cpy iter 8: 1.765 ms
Run time csr_spmv_vectorized_static_veclen_8_cpy iter 9: 1.759 ms
Run time csr_spmv_vectorized_static_veclen_16_no_cpy iter 0: 1.842 ms
Run time csr_spmv_vectorized_static_veclen_16_no_cpy iter 1: 1.560 ms
Run time csr_spmv_vectorized_static_veclen_16_no_cpy iter 2: 1.764 ms
Run time csr_spmv_vectorized_static_veclen_16_no_cpy iter 3: 1.730 ms
Run time csr_spmv_vectorized_static_veclen_16_no_cpy iter 4: 1.722 ms
Run time csr_spmv_vectorized_static_veclen_16_no_cpy iter 5: 1.677 ms
Run time csr_spmv_vectorized_static_veclen_16_no_cpy iter 6: 1.701 ms
Run time csr_spmv_vectorized_static_veclen_16_no_cpy iter 7: 1.825 ms
Run time csr_spmv_vectorized_static_veclen_16_no_cpy iter 8: 1.830 ms
Run time csr_spmv_vectorized_static_veclen_16_no_cpy iter 9: 1.925 ms
Run time csr_spmv_vectorized_static_veclen_16_cpy iter 0: 1.615 ms
Run time csr_spmv_vectorized_static_veclen_16_cpy iter 1: 1.393 ms
Run time csr_spmv_vectorized_static_veclen_16_cpy iter 2: 1.109 ms
Run time csr_spmv_vectorized_static_veclen_16_cpy iter 3: 0.994 ms
Run time csr_spmv_vectorized_static_veclen_16_cpy iter 4: 1.009 ms
Run time csr_spmv_vectorized_static_veclen_16_cpy iter 5: 1.168 ms
Run time csr_spmv_vectorized_static_veclen_16_cpy iter 6: 1.130 ms
Run time csr_spmv_vectorized_static_veclen_16_cpy iter 7: 1.223 ms
Run time csr_spmv_vectorized_static_veclen_16_cpy iter 8: 1.406 ms
Run time csr_spmv_vectorized_static_veclen_16_cpy iter 9: 1.514 ms
Run time csr_spmv_vectorized_static_veclen_32_no_cpy iter 0: 1.607 ms
Run time csr_spmv_vectorized_static_veclen_32_no_cpy iter 1: 1.398 ms
Run time csr_spmv_vectorized_static_veclen_32_no_cpy iter 2: 1.165 ms
Run time csr_spmv_vectorized_static_veclen_32_no_cpy iter 3: 1.158 ms
Run time csr_spmv_vectorized_static_veclen_32_no_cpy iter 4: 1.290 ms
Run time csr_spmv_vectorized_static_veclen_32_no_cpy iter 5: 1.606 ms
Run time csr_spmv_vectorized_static_veclen_32_no_cpy iter 6: 1.740 ms
Run time csr_spmv_vectorized_static_veclen_32_no_cpy iter 7: 1.946 ms
Run time csr_spmv_vectorized_static_veclen_32_no_cpy iter 8: 2.025 ms
Run time csr_spmv_vectorized_static_veclen_32_no_cpy iter 9: 1.786 ms
Run time csr_spmv_vectorized_static_veclen_32_cpy iter 0: 1.919 ms
Run time csr_spmv_vectorized_static_veclen_32_cpy iter 1: 2.971 ms
Run time csr_spmv_vectorized_static_veclen_32_cpy iter 2: 2.891 ms
Run time csr_spmv_vectorized_static_veclen_32_cpy iter 3: 2.844 ms
Run time csr_spmv_vectorized_static_veclen_32_cpy iter 4: 2.827 ms
Run time csr_spmv_vectorized_static_veclen_32_cpy iter 5: 2.811 ms
Run time csr_spmv_vectorized_static_veclen_32_cpy iter 6: 2.793 ms
Run time csr_spmv_vectorized_static_veclen_32_cpy iter 7: 2.802 ms
Run time csr_spmv_vectorized_static_veclen_32_cpy iter 8: 2.607 ms
Run time csr_spmv_vectorized_static_veclen_32_cpy iter 9: 2.803 ms
Run time csr_spmv_vectorized_static_veclen_64_no_cpy iter 0: 1.959 ms
Run time csr_spmv_vectorized_static_veclen_64_no_cpy iter 1: 2.409 ms
Run time csr_spmv_vectorized_static_veclen_64_no_cpy iter 2: 2.296 ms
Run time csr_spmv_vectorized_static_veclen_64_no_cpy iter 3: 2.713 ms
Run time csr_spmv_vectorized_static_veclen_64_no_cpy iter 4: 2.742 ms
Run time csr_spmv_vectorized_static_veclen_64_no_cpy iter 5: 2.442 ms
Run time csr_spmv_vectorized_static_veclen_64_no_cpy iter 6: 2.194 ms
Run time csr_spmv_vectorized_static_veclen_64_no_cpy iter 7: 2.186 ms
Run time csr_spmv_vectorized_static_veclen_64_no_cpy iter 8: 2.253 ms
Run time csr_spmv_vectorized_static_veclen_64_no_cpy iter 9: 2.224 ms
Run time csr_spmv_vectorized_static_veclen_64_cpy iter 0: 2.664 ms
Run time csr_spmv_vectorized_static_veclen_64_cpy iter 1: 3.327 ms
Run time csr_spmv_vectorized_static_veclen_64_cpy iter 2: 3.186 ms
Run time csr_spmv_vectorized_static_veclen_64_cpy iter 3: 3.127 ms
Run time csr_spmv_vectorized_static_veclen_64_cpy iter 4: 3.109 ms
Run time csr_spmv_vectorized_static_veclen_64_cpy iter 5: 3.098 ms
Run time csr_spmv_vectorized_static_veclen_64_cpy iter 6: 3.091 ms
Run time csr_spmv_vectorized_static_veclen_64_cpy iter 7: 3.259 ms
Run time csr_spmv_vectorized_static_veclen_64_cpy iter 8: 3.234 ms
Run time csr_spmv_vectorized_static_veclen_64_cpy iter 9: 3.153 ms
Run time csr_spmv_vectorized_static_veclen_128_no_cpy iter 0: 2.449 ms
Run time csr_spmv_vectorized_static_veclen_128_no_cpy iter 1: 2.824 ms
Run time csr_spmv_vectorized_static_veclen_128_no_cpy iter 2: 2.499 ms
Run time csr_spmv_vectorized_static_veclen_128_no_cpy iter 3: 2.470 ms
Run time csr_spmv_vectorized_static_veclen_128_no_cpy iter 4: 2.435 ms
Run time csr_spmv_vectorized_static_veclen_128_no_cpy iter 5: 2.449 ms
Run time csr_spmv_vectorized_static_veclen_128_no_cpy iter 6: 2.441 ms
Run time csr_spmv_vectorized_static_veclen_128_no_cpy iter 7: 2.445 ms
Run time csr_spmv_vectorized_static_veclen_128_no_cpy iter 8: 2.452 ms
Run time csr_spmv_vectorized_static_veclen_128_no_cpy iter 9: 2.612 ms
Run time csr_spmv_vectorized_static_veclen_128_cpy iter 0: 2.561 ms
Run time csr_spmv_vectorized_static_veclen_128_cpy iter 1: 4.209 ms
Run time csr_spmv_vectorized_static_veclen_128_cpy iter 2: 4.040 ms
Run time csr_spmv_vectorized_static_veclen_128_cpy iter 3: 3.999 ms
Run time csr_spmv_vectorized_static_veclen_128_cpy iter 4: 3.994 ms
Run time csr_spmv_vectorized_static_veclen_128_cpy iter 5: 3.369 ms
Run time csr_spmv_vectorized_static_veclen_128_cpy iter 6: 3.980 ms
Run time csr_spmv_vectorized_static_veclen_128_cpy iter 7: 3.558 ms
Run time csr_spmv_vectorized_static_veclen_128_cpy iter 8: 3.232 ms
Run time csr_spmv_vectorized_static_veclen_128_cpy iter 9: 3.682 ms
Saved timing results to csr_spmv_timings_1_core.csv.csv
Run time spmv_csr iter 0: 7.465 ms
Run time spmv_csr iter 1: 10.684 ms
Run time spmv_csr iter 2: 12.684 ms
Run time spmv_csr iter 3: 13.236 ms
Run time spmv_csr iter 4: 10.164 ms
Run time spmv_csr iter 5: 12.913 ms
Run time spmv_csr iter 6: 13.639 ms
Run time spmv_csr iter 7: 14.218 ms
Run time spmv_csr iter 8: 13.230 ms
Run time spmv_csr iter 9: 11.804 ms
Run time csr_spmv_vectorized_static_veclen_8_no_cpy iter 0: 7.864 ms
Run time csr_spmv_vectorized_static_veclen_8_no_cpy iter 1: 11.028 ms
Run time csr_spmv_vectorized_static_veclen_8_no_cpy iter 2: 10.543 ms
Run time csr_spmv_vectorized_static_veclen_8_no_cpy iter 3: 11.205 ms
Run time csr_spmv_vectorized_static_veclen_8_no_cpy iter 4: 10.449 ms
Run time csr_spmv_vectorized_static_veclen_8_no_cpy iter 5: 10.972 ms
Run time csr_spmv_vectorized_static_veclen_8_no_cpy iter 6: 10.233 ms
Run time csr_spmv_vectorized_static_veclen_8_no_cpy iter 7: 10.504 ms
Run time csr_spmv_vectorized_static_veclen_8_no_cpy iter 8: 8.919 ms
Run time csr_spmv_vectorized_static_veclen_8_no_cpy iter 9: 9.169 ms
Run time csr_spmv_vectorized_static_veclen_8_cpy iter 0: 6.490 ms
Run time csr_spmv_vectorized_static_veclen_8_cpy iter 1: 6.518 ms
Run time csr_spmv_vectorized_static_veclen_8_cpy iter 2: 6.732 ms
Run time csr_spmv_vectorized_static_veclen_8_cpy iter 3: 6.508 ms
Run time csr_spmv_vectorized_static_veclen_8_cpy iter 4: 6.412 ms
Run time csr_spmv_vectorized_static_veclen_8_cpy iter 5: 6.456 ms
Run time csr_spmv_vectorized_static_veclen_8_cpy iter 6: 6.354 ms
Run time csr_spmv_vectorized_static_veclen_8_cpy iter 7: 6.248 ms
Run time csr_spmv_vectorized_static_veclen_8_cpy iter 8: 6.215 ms
Run time csr_spmv_vectorized_static_veclen_8_cpy iter 9: 6.140 ms
Run time csr_spmv_vectorized_static_veclen_16_no_cpy iter 0: 6.951 ms
Run time csr_spmv_vectorized_static_veclen_16_no_cpy iter 1: 7.390 ms
Run time csr_spmv_vectorized_static_veclen_16_no_cpy iter 2: 7.156 ms
Run time csr_spmv_vectorized_static_veclen_16_no_cpy iter 3: 6.721 ms
Run time csr_spmv_vectorized_static_veclen_16_no_cpy iter 4: 8.621 ms
Run time csr_spmv_vectorized_static_veclen_16_no_cpy iter 5: 9.076 ms
Run time csr_spmv_vectorized_static_veclen_16_no_cpy iter 6: 9.404 ms
Run time csr_spmv_vectorized_static_veclen_16_no_cpy iter 7: 10.168 ms
Run time csr_spmv_vectorized_static_veclen_16_no_cpy iter 8: 9.272 ms
Run time csr_spmv_vectorized_static_veclen_16_no_cpy iter 9: 9.244 ms
Run time csr_spmv_vectorized_static_veclen_16_cpy iter 0: 6.591 ms
Run time csr_spmv_vectorized_static_veclen_16_cpy iter 1: 6.542 ms
Run time csr_spmv_vectorized_static_veclen_16_cpy iter 2: 6.404 ms
Run time csr_spmv_vectorized_static_veclen_16_cpy iter 3: 6.604 ms
Run time csr_spmv_vectorized_static_veclen_16_cpy iter 4: 6.217 ms
Run time csr_spmv_vectorized_static_veclen_16_cpy iter 5: 8.460 ms
Run time csr_spmv_vectorized_static_veclen_16_cpy iter 6: 7.696 ms
Run time csr_spmv_vectorized_static_veclen_16_cpy iter 7: 9.096 ms
Run time csr_spmv_vectorized_static_veclen_16_cpy iter 8: 7.504 ms
Run time csr_spmv_vectorized_static_veclen_16_cpy iter 9: 6.433 ms
Run time csr_spmv_vectorized_static_veclen_32_no_cpy iter 0: 6.576 ms
Run time csr_spmv_vectorized_static_veclen_32_no_cpy iter 1: 6.499 ms
Run time csr_spmv_vectorized_static_veclen_32_no_cpy iter 2: 6.425 ms
Run time csr_spmv_vectorized_static_veclen_32_no_cpy iter 3: 6.374 ms
Run time csr_spmv_vectorized_static_veclen_32_no_cpy iter 4: 6.325 ms
Run time csr_spmv_vectorized_static_veclen_32_no_cpy iter 5: 6.340 ms
Run time csr_spmv_vectorized_static_veclen_32_no_cpy iter 6: 6.312 ms
Run time csr_spmv_vectorized_static_veclen_32_no_cpy iter 7: 6.287 ms
Run time csr_spmv_vectorized_static_veclen_32_no_cpy iter 8: 6.283 ms
Run time csr_spmv_vectorized_static_veclen_32_no_cpy iter 9: 6.253 ms
Run time csr_spmv_vectorized_static_veclen_32_cpy iter 0: 7.530 ms
Run time csr_spmv_vectorized_static_veclen_32_cpy iter 1: 8.450 ms
Run time csr_spmv_vectorized_static_veclen_32_cpy iter 2: 9.222 ms
Run time csr_spmv_vectorized_static_veclen_32_cpy iter 3: 9.172 ms
Run time csr_spmv_vectorized_static_veclen_32_cpy iter 4: 10.884 ms
Run time csr_spmv_vectorized_static_veclen_32_cpy iter 5: 12.156 ms
Run time csr_spmv_vectorized_static_veclen_32_cpy iter 6: 11.924 ms
Run time csr_spmv_vectorized_static_veclen_32_cpy iter 7: 9.740 ms
Run time csr_spmv_vectorized_static_veclen_32_cpy iter 8: 8.766 ms
Run time csr_spmv_vectorized_static_veclen_32_cpy iter 9: 8.022 ms
Run time csr_spmv_vectorized_static_veclen_64_no_cpy iter 0: 11.035 ms
Run time csr_spmv_vectorized_static_veclen_64_no_cpy iter 1: 11.471 ms
Run time csr_spmv_vectorized_static_veclen_64_no_cpy iter 2: 11.731 ms
Run time csr_spmv_vectorized_static_veclen_64_no_cpy iter 3: 11.285 ms
Run time csr_spmv_vectorized_static_veclen_64_no_cpy iter 4: 10.997 ms
Run time csr_spmv_vectorized_static_veclen_64_no_cpy iter 5: 11.737 ms
Run time csr_spmv_vectorized_static_veclen_64_no_cpy iter 6: 10.106 ms
Run time csr_spmv_vectorized_static_veclen_64_no_cpy iter 7: 9.176 ms
Run time csr_spmv_vectorized_static_veclen_64_no_cpy iter 8: 8.729 ms
Run time csr_spmv_vectorized_static_veclen_64_no_cpy iter 9: 9.449 ms
Run time csr_spmv_vectorized_static_veclen_64_cpy iter 0: 7.254 ms
Run time csr_spmv_vectorized_static_veclen_64_cpy iter 1: 7.533 ms
Run time csr_spmv_vectorized_static_veclen_64_cpy iter 2: 7.231 ms
Run time csr_spmv_vectorized_static_veclen_64_cpy iter 3: 7.785 ms
Run time csr_spmv_vectorized_static_veclen_64_cpy iter 4: 7.519 ms
Run time csr_spmv_vectorized_static_veclen_64_cpy iter 5: 7.133 ms
Run time csr_spmv_vectorized_static_veclen_64_cpy iter 6: 7.098 ms
Run time csr_spmv_vectorized_static_veclen_64_cpy iter 7: 7.087 ms
Run time csr_spmv_vectorized_static_veclen_64_cpy iter 8: 7.180 ms
Run time csr_spmv_vectorized_static_veclen_64_cpy iter 9: 7.077 ms
Run time csr_spmv_vectorized_static_veclen_128_no_cpy iter 0: 8.087 ms
Run time csr_spmv_vectorized_static_veclen_128_no_cpy iter 1: 8.094 ms
Run time csr_spmv_vectorized_static_veclen_128_no_cpy iter 2: 8.021 ms
Run time csr_spmv_vectorized_static_veclen_128_no_cpy iter 3: 9.004 ms
Run time csr_spmv_vectorized_static_veclen_128_no_cpy iter 4: 8.003 ms
Run time csr_spmv_vectorized_static_veclen_128_no_cpy iter 5: 7.962 ms
Run time csr_spmv_vectorized_static_veclen_128_no_cpy iter 6: 7.989 ms
Run time csr_spmv_vectorized_static_veclen_128_no_cpy iter 7: 7.947 ms
Run time csr_spmv_vectorized_static_veclen_128_no_cpy iter 8: 8.020 ms
Run time csr_spmv_vectorized_static_veclen_128_no_cpy iter 9: 7.966 ms
Run time csr_spmv_vectorized_static_veclen_128_cpy iter 0: 10.435 ms
Run time csr_spmv_vectorized_static_veclen_128_cpy iter 1: 10.355 ms
Run time csr_spmv_vectorized_static_veclen_128_cpy iter 2: 10.329 ms
Run time csr_spmv_vectorized_static_veclen_128_cpy iter 3: 10.294 ms
Run time csr_spmv_vectorized_static_veclen_128_cpy iter 4: 10.262 ms
Run time csr_spmv_vectorized_static_veclen_128_cpy iter 5: 10.292 ms
Run time csr_spmv_vectorized_static_veclen_128_cpy iter 6: 10.233 ms
Run time csr_spmv_vectorized_static_veclen_128_cpy iter 7: 10.266 ms
Run time csr_spmv_vectorized_static_veclen_128_cpy iter 8: 10.213 ms
Run time csr_spmv_vectorized_static_veclen_128_cpy iter 9: 10.194 ms
Saved timing results to csr_spmv_timings_1_core.csv.csv
Run time spmv_csr iter 0: 34.528 ms
Run time spmv_csr iter 1: 36.382 ms
Run time spmv_csr iter 2: 36.507 ms
Run time spmv_csr iter 3: 29.630 ms
Run time spmv_csr iter 4: 28.671 ms
Run time spmv_csr iter 5: 29.396 ms
Run time spmv_csr iter 6: 29.351 ms
Run time spmv_csr iter 7: 29.399 ms
Run time spmv_csr iter 8: 29.198 ms
Run time spmv_csr iter 9: 29.208 ms
Run time csr_spmv_vectorized_static_veclen_8_no_cpy iter 0: 26.717 ms
Run time csr_spmv_vectorized_static_veclen_8_no_cpy iter 1: 30.748 ms
Run time csr_spmv_vectorized_static_veclen_8_no_cpy iter 2: 30.765 ms
Run time csr_spmv_vectorized_static_veclen_8_no_cpy iter 3: 29.740 ms
Run time csr_spmv_vectorized_static_veclen_8_no_cpy iter 4: 30.694 ms
Run time csr_spmv_vectorized_static_veclen_8_no_cpy iter 5: 29.929 ms
Run time csr_spmv_vectorized_static_veclen_8_no_cpy iter 6: 29.888 ms
Run time csr_spmv_vectorized_static_veclen_8_no_cpy iter 7: 31.122 ms
Run time csr_spmv_vectorized_static_veclen_8_no_cpy iter 8: 30.061 ms
Run time csr_spmv_vectorized_static_veclen_8_no_cpy iter 9: 27.317 ms
Run time csr_spmv_vectorized_static_veclen_8_cpy iter 0: 26.490 ms
Run time csr_spmv_vectorized_static_veclen_8_cpy iter 1: 26.591 ms
Run time csr_spmv_vectorized_static_veclen_8_cpy iter 2: 26.009 ms
Run time csr_spmv_vectorized_static_veclen_8_cpy iter 3: 26.398 ms
Run time csr_spmv_vectorized_static_veclen_8_cpy iter 4: 26.034 ms
Run time csr_spmv_vectorized_static_veclen_8_cpy iter 5: 26.014 ms
Run time csr_spmv_vectorized_static_veclen_8_cpy iter 6: 26.005 ms
Run time csr_spmv_vectorized_static_veclen_8_cpy iter 7: 26.010 ms
Run time csr_spmv_vectorized_static_veclen_8_cpy iter 8: 26.202 ms
Run time csr_spmv_vectorized_static_veclen_8_cpy iter 9: 25.942 ms
Run time csr_spmv_vectorized_static_veclen_16_no_cpy iter 0: 27.401 ms
Run time csr_spmv_vectorized_static_veclen_16_no_cpy iter 1: 26.631 ms
Run time csr_spmv_vectorized_static_veclen_16_no_cpy iter 2: 26.935 ms
Run time csr_spmv_vectorized_static_veclen_16_no_cpy iter 3: 27.881 ms
Run time csr_spmv_vectorized_static_veclen_16_no_cpy iter 4: 31.047 ms
Run time csr_spmv_vectorized_static_veclen_16_no_cpy iter 5: 27.760 ms
Run time csr_spmv_vectorized_static_veclen_16_no_cpy iter 6: 27.503 ms
Run time csr_spmv_vectorized_static_veclen_16_no_cpy iter 7: 26.459 ms
Run time csr_spmv_vectorized_static_veclen_16_no_cpy iter 8: 26.655 ms
Run time csr_spmv_vectorized_static_veclen_16_no_cpy iter 9: 26.948 ms
Run time csr_spmv_vectorized_static_veclen_16_cpy iter 0: 33.355 ms
Run time csr_spmv_vectorized_static_veclen_16_cpy iter 1: 34.867 ms
Run time csr_spmv_vectorized_static_veclen_16_cpy iter 2: 35.027 ms
Run time csr_spmv_vectorized_static_veclen_16_cpy iter 3: 30.088 ms
Run time csr_spmv_vectorized_static_veclen_16_cpy iter 4: 31.992 ms
Run time csr_spmv_vectorized_static_veclen_16_cpy iter 5: 27.072 ms
Run time csr_spmv_vectorized_static_veclen_16_cpy iter 6: 26.129 ms
Run time csr_spmv_vectorized_static_veclen_16_cpy iter 7: 26.744 ms
Run time csr_spmv_vectorized_static_veclen_16_cpy iter 8: 26.815 ms
Run time csr_spmv_vectorized_static_veclen_16_cpy iter 9: 25.784 ms
Run time csr_spmv_vectorized_static_veclen_32_no_cpy iter 0: 27.761 ms
Run time csr_spmv_vectorized_static_veclen_32_no_cpy iter 1: 28.277 ms
Run time csr_spmv_vectorized_static_veclen_32_no_cpy iter 2: 28.103 ms
Run time csr_spmv_vectorized_static_veclen_32_no_cpy iter 3: 27.051 ms
Run time csr_spmv_vectorized_static_veclen_32_no_cpy iter 4: 27.269 ms
Run time csr_spmv_vectorized_static_veclen_32_no_cpy iter 5: 26.863 ms
Run time csr_spmv_vectorized_static_veclen_32_no_cpy iter 6: 26.952 ms
Run time csr_spmv_vectorized_static_veclen_32_no_cpy iter 7: 30.354 ms
Run time csr_spmv_vectorized_static_veclen_32_no_cpy iter 8: 27.929 ms
Run time csr_spmv_vectorized_static_veclen_32_no_cpy iter 9: 30.861 ms
Run time csr_spmv_vectorized_static_veclen_32_cpy iter 0: 30.442 ms
Run time csr_spmv_vectorized_static_veclen_32_cpy iter 1: 30.450 ms
Run time csr_spmv_vectorized_static_veclen_32_cpy iter 2: 30.430 ms
Run time csr_spmv_vectorized_static_veclen_32_cpy iter 3: 30.382 ms
Run time csr_spmv_vectorized_static_veclen_32_cpy iter 4: 31.825 ms
Run time csr_spmv_vectorized_static_veclen_32_cpy iter 5: 31.144 ms
Run time csr_spmv_vectorized_static_veclen_32_cpy iter 6: 30.643 ms
Run time csr_spmv_vectorized_static_veclen_32_cpy iter 7: 30.424 ms
Run time csr_spmv_vectorized_static_veclen_32_cpy iter 8: 30.263 ms
Run time csr_spmv_vectorized_static_veclen_32_cpy iter 9: 30.268 ms
Run time csr_spmv_vectorized_static_veclen_64_no_cpy iter 0: 28.508 ms
Run time csr_spmv_vectorized_static_veclen_64_no_cpy iter 1: 28.646 ms
Run time csr_spmv_vectorized_static_veclen_64_no_cpy iter 2: 28.328 ms
Run time csr_spmv_vectorized_static_veclen_64_no_cpy iter 3: 28.364 ms
Run time csr_spmv_vectorized_static_veclen_64_no_cpy iter 4: 29.820 ms
Run time csr_spmv_vectorized_static_veclen_64_no_cpy iter 5: 28.522 ms
Run time csr_spmv_vectorized_static_veclen_64_no_cpy iter 6: 28.441 ms
Run time csr_spmv_vectorized_static_veclen_64_no_cpy iter 7: 28.154 ms
Run time csr_spmv_vectorized_static_veclen_64_no_cpy iter 8: 28.286 ms
Run time csr_spmv_vectorized_static_veclen_64_no_cpy iter 9: 28.446 ms
Run time csr_spmv_vectorized_static_veclen_64_cpy iter 0: 31.890 ms
Run time csr_spmv_vectorized_static_veclen_64_cpy iter 1: 30.224 ms
Run time csr_spmv_vectorized_static_veclen_64_cpy iter 2: 29.397 ms
Run time csr_spmv_vectorized_static_veclen_64_cpy iter 3: 29.226 ms
Run time csr_spmv_vectorized_static_veclen_64_cpy iter 4: 29.040 ms
Run time csr_spmv_vectorized_static_veclen_64_cpy iter 5: 29.169 ms
Run time csr_spmv_vectorized_static_veclen_64_cpy iter 6: 29.299 ms
Run time csr_spmv_vectorized_static_veclen_64_cpy iter 7: 29.147 ms
Run time csr_spmv_vectorized_static_veclen_64_cpy iter 8: 29.151 ms
Run time csr_spmv_vectorized_static_veclen_64_cpy iter 9: 29.035 ms
Run time csr_spmv_vectorized_static_veclen_128_no_cpy iter 0: 35.477 ms
Run time csr_spmv_vectorized_static_veclen_128_no_cpy iter 1: 32.591 ms
Run time csr_spmv_vectorized_static_veclen_128_no_cpy iter 2: 32.224 ms
Run time csr_spmv_vectorized_static_veclen_128_no_cpy iter 3: 32.935 ms
Run time csr_spmv_vectorized_static_veclen_128_no_cpy iter 4: 32.470 ms
Run time csr_spmv_vectorized_static_veclen_128_no_cpy iter 5: 36.286 ms
Run time csr_spmv_vectorized_static_veclen_128_no_cpy iter 6: 32.980 ms
Run time csr_spmv_vectorized_static_veclen_128_no_cpy iter 7: 33.076 ms
Run time csr_spmv_vectorized_static_veclen_128_no_cpy iter 8: 33.415 ms
Run time csr_spmv_vectorized_static_veclen_128_no_cpy iter 9: 33.011 ms
Run time csr_spmv_vectorized_static_veclen_128_cpy iter 0: 51.014 ms
Run time csr_spmv_vectorized_static_veclen_128_cpy iter 1: 50.046 ms
Run time csr_spmv_vectorized_static_veclen_128_cpy iter 2: 51.003 ms
Run time csr_spmv_vectorized_static_veclen_128_cpy iter 3: 50.553 ms
Run time csr_spmv_vectorized_static_veclen_128_cpy iter 4: 50.043 ms
Run time csr_spmv_vectorized_static_veclen_128_cpy iter 5: 50.211 ms
Run time csr_spmv_vectorized_static_veclen_128_cpy iter 6: 50.476 ms
Run time csr_spmv_vectorized_static_veclen_128_cpy iter 7: 51.350 ms
Run time csr_spmv_vectorized_static_veclen_128_cpy iter 8: 51.407 ms
Run time csr_spmv_vectorized_static_veclen_128_cpy iter 9: 48.952 ms
Saved timing results to csr_spmv_timings_1_core.csv.csv
Run time spmv_csr iter 0: 114.156 ms
Run time spmv_csr iter 1: 116.097 ms
Run time spmv_csr iter 2: 114.473 ms
Run time spmv_csr iter 3: 115.074 ms
Run time spmv_csr iter 4: 115.128 ms
Run time spmv_csr iter 5: 115.339 ms
Run time spmv_csr iter 6: 121.114 ms
Run time spmv_csr iter 7: 116.661 ms
Run time spmv_csr iter 8: 123.853 ms
Run time spmv_csr iter 9: 129.591 ms
Run time csr_spmv_vectorized_static_veclen_8_no_cpy iter 0: 107.105 ms
Run time csr_spmv_vectorized_static_veclen_8_no_cpy iter 1: 109.522 ms
Run time csr_spmv_vectorized_static_veclen_8_no_cpy iter 2: 108.900 ms
Run time csr_spmv_vectorized_static_veclen_8_no_cpy iter 3: 108.060 ms
Run time csr_spmv_vectorized_static_veclen_8_no_cpy iter 4: 108.699 ms
Run time csr_spmv_vectorized_static_veclen_8_no_cpy iter 5: 109.148 ms
Run time csr_spmv_vectorized_static_veclen_8_no_cpy iter 6: 108.571 ms
Run time csr_spmv_vectorized_static_veclen_8_no_cpy iter 7: 108.489 ms
Run time csr_spmv_vectorized_static_veclen_8_no_cpy iter 8: 107.890 ms
Run time csr_spmv_vectorized_static_veclen_8_no_cpy iter 9: 107.361 ms
Run time csr_spmv_vectorized_static_veclen_8_cpy iter 0: 104.963 ms
Run time csr_spmv_vectorized_static_veclen_8_cpy iter 1: 106.252 ms
Run time csr_spmv_vectorized_static_veclen_8_cpy iter 2: 105.066 ms
Run time csr_spmv_vectorized_static_veclen_8_cpy iter 3: 105.803 ms
Run time csr_spmv_vectorized_static_veclen_8_cpy iter 4: 105.237 ms
Run time csr_spmv_vectorized_static_veclen_8_cpy iter 5: 105.450 ms
Run time csr_spmv_vectorized_static_veclen_8_cpy iter 6: 105.802 ms
Run time csr_spmv_vectorized_static_veclen_8_cpy iter 7: 105.489 ms
Run time csr_spmv_vectorized_static_veclen_8_cpy iter 8: 105.493 ms
Run time csr_spmv_vectorized_static_veclen_8_cpy iter 9: 104.930 ms
Run time csr_spmv_vectorized_static_veclen_16_no_cpy iter 0: 111.543 ms
Run time csr_spmv_vectorized_static_veclen_16_no_cpy iter 1: 114.224 ms
Run time csr_spmv_vectorized_static_veclen_16_no_cpy iter 2: 109.851 ms
Run time csr_spmv_vectorized_static_veclen_16_no_cpy iter 3: 114.058 ms
Run time csr_spmv_vectorized_static_veclen_16_no_cpy iter 4: 112.643 ms
Run time csr_spmv_vectorized_static_veclen_16_no_cpy iter 5: 113.178 ms
Run time csr_spmv_vectorized_static_veclen_16_no_cpy iter 6: 113.500 ms
Run time csr_spmv_vectorized_static_veclen_16_no_cpy iter 7: 108.656 ms
Run time csr_spmv_vectorized_static_veclen_16_no_cpy iter 8: 109.297 ms
Run time csr_spmv_vectorized_static_veclen_16_no_cpy iter 9: 121.149 ms
Run time csr_spmv_vectorized_static_veclen_16_cpy iter 0: 105.919 ms
Run time csr_spmv_vectorized_static_veclen_16_cpy iter 1: 106.860 ms
Run time csr_spmv_vectorized_static_veclen_16_cpy iter 2: 107.048 ms
Run time csr_spmv_vectorized_static_veclen_16_cpy iter 3: 110.349 ms
Run time csr_spmv_vectorized_static_veclen_16_cpy iter 4: 111.813 ms
Run time csr_spmv_vectorized_static_veclen_16_cpy iter 5: 120.177 ms
Run time csr_spmv_vectorized_static_veclen_16_cpy iter 6: 120.660 ms
Run time csr_spmv_vectorized_static_veclen_16_cpy iter 7: 121.272 ms
Run time csr_spmv_vectorized_static_veclen_16_cpy iter 8: 120.775 ms
Run time csr_spmv_vectorized_static_veclen_16_cpy iter 9: 109.993 ms
Run time csr_spmv_vectorized_static_veclen_32_no_cpy iter 0: 118.822 ms
Run time csr_spmv_vectorized_static_veclen_32_no_cpy iter 1: 118.607 ms
Run time csr_spmv_vectorized_static_veclen_32_no_cpy iter 2: 122.783 ms
Run time csr_spmv_vectorized_static_veclen_32_no_cpy iter 3: 108.262 ms
Run time csr_spmv_vectorized_static_veclen_32_no_cpy iter 4: 107.142 ms
Run time csr_spmv_vectorized_static_veclen_32_no_cpy iter 5: 107.923 ms
Run time csr_spmv_vectorized_static_veclen_32_no_cpy iter 6: 110.093 ms
Run time csr_spmv_vectorized_static_veclen_32_no_cpy iter 7: 107.992 ms
Run time csr_spmv_vectorized_static_veclen_32_no_cpy iter 8: 108.086 ms
Run time csr_spmv_vectorized_static_veclen_32_no_cpy iter 9: 108.935 ms
Run time csr_spmv_vectorized_static_veclen_32_cpy iter 0: 131.005 ms
Run time csr_spmv_vectorized_static_veclen_32_cpy iter 1: 123.435 ms
Run time csr_spmv_vectorized_static_veclen_32_cpy iter 2: 121.909 ms
Run time csr_spmv_vectorized_static_veclen_32_cpy iter 3: 122.474 ms
Run time csr_spmv_vectorized_static_veclen_32_cpy iter 4: 121.775 ms
Run time csr_spmv_vectorized_static_veclen_32_cpy iter 5: 122.881 ms
Run time csr_spmv_vectorized_static_veclen_32_cpy iter 6: 123.125 ms
Run time csr_spmv_vectorized_static_veclen_32_cpy iter 7: 122.404 ms
Run time csr_spmv_vectorized_static_veclen_32_cpy iter 8: 122.637 ms
Run time csr_spmv_vectorized_static_veclen_32_cpy iter 9: 123.455 ms
Run time csr_spmv_vectorized_static_veclen_64_no_cpy iter 0: 126.873 ms
Run time csr_spmv_vectorized_static_veclen_64_no_cpy iter 1: 114.389 ms
Run time csr_spmv_vectorized_static_veclen_64_no_cpy iter 2: 113.671 ms
Run time csr_spmv_vectorized_static_veclen_64_no_cpy iter 3: 117.559 ms
Run time csr_spmv_vectorized_static_veclen_64_no_cpy iter 4: 113.864 ms
Run time csr_spmv_vectorized_static_veclen_64_no_cpy iter 5: 113.726 ms
Run time csr_spmv_vectorized_static_veclen_64_no_cpy iter 6: 113.785 ms
Run time csr_spmv_vectorized_static_veclen_64_no_cpy iter 7: 113.340 ms
Run time csr_spmv_vectorized_static_veclen_64_no_cpy iter 8: 113.248 ms
Run time csr_spmv_vectorized_static_veclen_64_no_cpy iter 9: 113.471 ms
Run time csr_spmv_vectorized_static_veclen_64_cpy iter 0: 132.997 ms
Run time csr_spmv_vectorized_static_veclen_64_cpy iter 1: 133.342 ms
Run time csr_spmv_vectorized_static_veclen_64_cpy iter 2: 132.077 ms
Run time csr_spmv_vectorized_static_veclen_64_cpy iter 3: 118.163 ms
Run time csr_spmv_vectorized_static_veclen_64_cpy iter 4: 119.404 ms
Run time csr_spmv_vectorized_static_veclen_64_cpy iter 5: 127.834 ms
Run time csr_spmv_vectorized_static_veclen_64_cpy iter 6: 131.863 ms
Run time csr_spmv_vectorized_static_veclen_64_cpy iter 7: 117.086 ms
Run time csr_spmv_vectorized_static_veclen_64_cpy iter 8: 117.019 ms
Run time csr_spmv_vectorized_static_veclen_64_cpy iter 9: 123.283 ms
Run time csr_spmv_vectorized_static_veclen_128_no_cpy iter 0: 128.102 ms
Run time csr_spmv_vectorized_static_veclen_128_no_cpy iter 1: 127.826 ms
Run time csr_spmv_vectorized_static_veclen_128_no_cpy iter 2: 128.221 ms
Run time csr_spmv_vectorized_static_veclen_128_no_cpy iter 3: 128.960 ms
Run time csr_spmv_vectorized_static_veclen_128_no_cpy iter 4: 128.630 ms
Run time csr_spmv_vectorized_static_veclen_128_no_cpy iter 5: 129.167 ms
Run time csr_spmv_vectorized_static_veclen_128_no_cpy iter 6: 127.713 ms
Run time csr_spmv_vectorized_static_veclen_128_no_cpy iter 7: 128.821 ms
Run time csr_spmv_vectorized_static_veclen_128_no_cpy iter 8: 127.758 ms
Run time csr_spmv_vectorized_static_veclen_128_no_cpy iter 9: 131.167 ms
Run time csr_spmv_vectorized_static_veclen_128_cpy iter 0: 165.300 ms
Run time csr_spmv_vectorized_static_veclen_128_cpy iter 1: 166.337 ms
Run time csr_spmv_vectorized_static_veclen_128_cpy iter 2: 172.617 ms
Run time csr_spmv_vectorized_static_veclen_128_cpy iter 3: 171.309 ms
Run time csr_spmv_vectorized_static_veclen_128_cpy iter 4: 171.403 ms
Run time csr_spmv_vectorized_static_veclen_128_cpy iter 5: 173.796 ms
Run time csr_spmv_vectorized_static_veclen_128_cpy iter 6: 175.675 ms
Run time csr_spmv_vectorized_static_veclen_128_cpy iter 7: 172.139 ms
Run time csr_spmv_vectorized_static_veclen_128_cpy iter 8: 163.987 ms
Run time csr_spmv_vectorized_static_veclen_128_cpy iter 9: 175.969 ms
Saved timing results to csr_spmv_timings_1_core.csv.csv
