Physical cores: 36
Run time jacobi2d iter 0: 16.457 ms
Run time jacobi2d iter 1: 18.945 ms
Run time jacobi2d iter 2: 18.310 ms
Run time jacobi2d iter 3: 16.474 ms
Run time jacobi2d iter 4: 16.458 ms
Run time jacobi2d iter 5: 16.443 ms
Run time jacobi2d iter 6: 16.486 ms
Run time jacobi2d iter 7: 18.966 ms
Run time jacobi2d iter 8: 23.190 ms
Run time jacobi2d iter 9: 16.519 ms
Run time jacobi2d_vectorized_static_veclen_8_no_cpy iter 0: 46.480 ms
Run time jacobi2d_vectorized_static_veclen_8_no_cpy iter 1: 46.477 ms
Run time jacobi2d_vectorized_static_veclen_8_no_cpy iter 2: 46.495 ms
Run time jacobi2d_vectorized_static_veclen_8_no_cpy iter 3: 46.501 ms
Run time jacobi2d_vectorized_static_veclen_8_no_cpy iter 4: 46.501 ms
Run time jacobi2d_vectorized_static_veclen_8_no_cpy iter 5: 46.520 ms
Run time jacobi2d_vectorized_static_veclen_8_no_cpy iter 6: 46.505 ms
Run time jacobi2d_vectorized_static_veclen_8_no_cpy iter 7: 46.505 ms
Run time jacobi2d_vectorized_static_veclen_8_no_cpy iter 8: 46.520 ms
Run time jacobi2d_vectorized_static_veclen_8_no_cpy iter 9: 46.506 ms
Run time jacobi2d_vectorized_static_veclen_8_cpy iter 0: 19.267 ms
Run time jacobi2d_vectorized_static_veclen_8_cpy iter 1: 17.121 ms
Run time jacobi2d_vectorized_static_veclen_8_cpy iter 2: 17.131 ms
Run time jacobi2d_vectorized_static_veclen_8_cpy iter 3: 20.893 ms
Run time jacobi2d_vectorized_static_veclen_8_cpy iter 4: 17.128 ms
Run time jacobi2d_vectorized_static_veclen_8_cpy iter 5: 17.140 ms
Run time jacobi2d_vectorized_static_veclen_8_cpy iter 6: 19.200 ms
Run time jacobi2d_vectorized_static_veclen_8_cpy iter 7: 18.254 ms
Run time jacobi2d_vectorized_static_veclen_8_cpy iter 8: 18.133 ms
Run time jacobi2d_vectorized_static_veclen_8_cpy iter 9: 18.175 ms
Run time jacobi2d_vectorized_static_veclen_16_no_cpy iter 0: 54.062 ms
Run time jacobi2d_vectorized_static_veclen_16_no_cpy iter 1: 54.060 ms
Run time jacobi2d_vectorized_static_veclen_16_no_cpy iter 2: 54.073 ms
Run time jacobi2d_vectorized_static_veclen_16_no_cpy iter 3: 54.055 ms
Run time jacobi2d_vectorized_static_veclen_16_no_cpy iter 4: 54.073 ms
Run time jacobi2d_vectorized_static_veclen_16_no_cpy iter 5: 54.101 ms
Run time jacobi2d_vectorized_static_veclen_16_no_cpy iter 6: 54.118 ms
Run time jacobi2d_vectorized_static_veclen_16_no_cpy iter 7: 54.112 ms
Run time jacobi2d_vectorized_static_veclen_16_no_cpy iter 8: 54.088 ms
Run time jacobi2d_vectorized_static_veclen_16_no_cpy iter 9: 54.098 ms
Run time jacobi2d_vectorized_static_veclen_16_cpy iter 0: 19.479 ms
Run time jacobi2d_vectorized_static_veclen_16_cpy iter 1: 21.689 ms
Run time jacobi2d_vectorized_static_veclen_16_cpy iter 2: 19.060 ms
Run time jacobi2d_vectorized_static_veclen_16_cpy iter 3: 17.496 ms
Run time jacobi2d_vectorized_static_veclen_16_cpy iter 4: 19.764 ms
Run time jacobi2d_vectorized_static_veclen_16_cpy iter 5: 16.447 ms
Run time jacobi2d_vectorized_static_veclen_16_cpy iter 6: 17.355 ms
Run time jacobi2d_vectorized_static_veclen_16_cpy iter 7: 17.407 ms
Run time jacobi2d_vectorized_static_veclen_16_cpy iter 8: 19.846 ms
Run time jacobi2d_vectorized_static_veclen_16_cpy iter 9: 17.670 ms
Run time jacobi2d_vectorized_static_veclen_32_no_cpy iter 0: 17.063 ms
Run time jacobi2d_vectorized_static_veclen_32_no_cpy iter 1: 17.719 ms
Run time jacobi2d_vectorized_static_veclen_32_no_cpy iter 2: 17.000 ms
Run time jacobi2d_vectorized_static_veclen_32_no_cpy iter 3: 23.810 ms
Run time jacobi2d_vectorized_static_veclen_32_no_cpy iter 4: 20.390 ms
Run time jacobi2d_vectorized_static_veclen_32_no_cpy iter 5: 17.100 ms
Run time jacobi2d_vectorized_static_veclen_32_no_cpy iter 6: 19.125 ms
Run time jacobi2d_vectorized_static_veclen_32_no_cpy iter 7: 17.709 ms
Run time jacobi2d_vectorized_static_veclen_32_no_cpy iter 8: 19.038 ms
Run time jacobi2d_vectorized_static_veclen_32_no_cpy iter 9: 16.203 ms
Run time jacobi2d_vectorized_static_veclen_32_cpy iter 0: 19.450 ms
Run time jacobi2d_vectorized_static_veclen_32_cpy iter 1: 18.119 ms
Run time jacobi2d_vectorized_static_veclen_32_cpy iter 2: 17.437 ms
Run time jacobi2d_vectorized_static_veclen_32_cpy iter 3: 16.368 ms
Run time jacobi2d_vectorized_static_veclen_32_cpy iter 4: 17.825 ms
Run time jacobi2d_vectorized_static_veclen_32_cpy iter 5: 16.371 ms
Run time jacobi2d_vectorized_static_veclen_32_cpy iter 6: 16.369 ms
Run time jacobi2d_vectorized_static_veclen_32_cpy iter 7: 16.367 ms
Run time jacobi2d_vectorized_static_veclen_32_cpy iter 8: 16.370 ms
Run time jacobi2d_vectorized_static_veclen_32_cpy iter 9: 19.471 ms
Saved timing results to jacobi2d_timings_jacobi2d_timings_intel_xeon_llvm_1_core.csv.csv
Run time jacobi2d iter 0: 70.522 ms
Run time jacobi2d iter 1: 70.702 ms
Run time jacobi2d iter 2: 71.392 ms
Run time jacobi2d iter 3: 71.859 ms
Run time jacobi2d iter 4: 72.801 ms
Run time jacobi2d iter 5: 74.740 ms
Run time jacobi2d iter 6: 72.655 ms
Run time jacobi2d iter 7: 74.779 ms
Run time jacobi2d iter 8: 72.941 ms
Run time jacobi2d iter 9: 72.585 ms
Run time jacobi2d_vectorized_static_veclen_8_no_cpy iter 0: 192.851 ms
Run time jacobi2d_vectorized_static_veclen_8_no_cpy iter 1: 191.201 ms
Run time jacobi2d_vectorized_static_veclen_8_no_cpy iter 2: 192.986 ms
Run time jacobi2d_vectorized_static_veclen_8_no_cpy iter 3: 192.161 ms
Run time jacobi2d_vectorized_static_veclen_8_no_cpy iter 4: 192.967 ms
Run time jacobi2d_vectorized_static_veclen_8_no_cpy iter 5: 192.932 ms
Run time jacobi2d_vectorized_static_veclen_8_no_cpy iter 6: 192.965 ms
Run time jacobi2d_vectorized_static_veclen_8_no_cpy iter 7: 192.645 ms
Run time jacobi2d_vectorized_static_veclen_8_no_cpy iter 8: 194.014 ms
Run time jacobi2d_vectorized_static_veclen_8_no_cpy iter 9: 205.929 ms
Run time jacobi2d_vectorized_static_veclen_8_cpy iter 0: 72.709 ms
Run time jacobi2d_vectorized_static_veclen_8_cpy iter 1: 73.643 ms
Run time jacobi2d_vectorized_static_veclen_8_cpy iter 2: 74.186 ms
Run time jacobi2d_vectorized_static_veclen_8_cpy iter 3: 74.503 ms
Run time jacobi2d_vectorized_static_veclen_8_cpy iter 4: 74.267 ms
Run time jacobi2d_vectorized_static_veclen_8_cpy iter 5: 74.294 ms
Run time jacobi2d_vectorized_static_veclen_8_cpy iter 6: 74.439 ms
Run time jacobi2d_vectorized_static_veclen_8_cpy iter 7: 73.973 ms
Run time jacobi2d_vectorized_static_veclen_8_cpy iter 8: 75.136 ms
Run time jacobi2d_vectorized_static_veclen_8_cpy iter 9: 79.074 ms
Run time jacobi2d_vectorized_static_veclen_16_no_cpy iter 0: 218.262 ms
Run time jacobi2d_vectorized_static_veclen_16_no_cpy iter 1: 225.568 ms
Run time jacobi2d_vectorized_static_veclen_16_no_cpy iter 2: 219.029 ms
Run time jacobi2d_vectorized_static_veclen_16_no_cpy iter 3: 221.082 ms
Run time jacobi2d_vectorized_static_veclen_16_no_cpy iter 4: 220.255 ms
Run time jacobi2d_vectorized_static_veclen_16_no_cpy iter 5: 221.144 ms
Run time jacobi2d_vectorized_static_veclen_16_no_cpy iter 6: 221.231 ms
Run time jacobi2d_vectorized_static_veclen_16_no_cpy iter 7: 220.751 ms
Run time jacobi2d_vectorized_static_veclen_16_no_cpy iter 8: 220.626 ms
Run time jacobi2d_vectorized_static_veclen_16_no_cpy iter 9: 223.066 ms
Run time jacobi2d_vectorized_static_veclen_16_cpy iter 0: 70.394 ms
Run time jacobi2d_vectorized_static_veclen_16_cpy iter 1: 71.244 ms
Run time jacobi2d_vectorized_static_veclen_16_cpy iter 2: 70.305 ms
Run time jacobi2d_vectorized_static_veclen_16_cpy iter 3: 69.360 ms
Run time jacobi2d_vectorized_static_veclen_16_cpy iter 4: 74.115 ms
Run time jacobi2d_vectorized_static_veclen_16_cpy iter 5: 70.358 ms
Run time jacobi2d_vectorized_static_veclen_16_cpy iter 6: 70.173 ms
Run time jacobi2d_vectorized_static_veclen_16_cpy iter 7: 70.317 ms
Run time jacobi2d_vectorized_static_veclen_16_cpy iter 8: 71.077 ms
Run time jacobi2d_vectorized_static_veclen_16_cpy iter 9: 71.441 ms
Run time jacobi2d_vectorized_static_veclen_32_no_cpy iter 0: 74.726 ms
Run time jacobi2d_vectorized_static_veclen_32_no_cpy iter 1: 77.867 ms
Run time jacobi2d_vectorized_static_veclen_32_no_cpy iter 2: 77.978 ms
Run time jacobi2d_vectorized_static_veclen_32_no_cpy iter 3: 77.038 ms
Run time jacobi2d_vectorized_static_veclen_32_no_cpy iter 4: 78.980 ms
Run time jacobi2d_vectorized_static_veclen_32_no_cpy iter 5: 78.159 ms
Run time jacobi2d_vectorized_static_veclen_32_no_cpy iter 6: 73.484 ms
Run time jacobi2d_vectorized_static_veclen_32_no_cpy iter 7: 77.624 ms
Run time jacobi2d_vectorized_static_veclen_32_no_cpy iter 8: 77.466 ms
Run time jacobi2d_vectorized_static_veclen_32_no_cpy iter 9: 78.191 ms
Run time jacobi2d_vectorized_static_veclen_32_cpy iter 0: 70.714 ms
Run time jacobi2d_vectorized_static_veclen_32_cpy iter 1: 70.869 ms
Run time jacobi2d_vectorized_static_veclen_32_cpy iter 2: 70.073 ms
Run time jacobi2d_vectorized_static_veclen_32_cpy iter 3: 72.344 ms
Run time jacobi2d_vectorized_static_veclen_32_cpy iter 4: 70.348 ms
Run time jacobi2d_vectorized_static_veclen_32_cpy iter 5: 74.782 ms
Run time jacobi2d_vectorized_static_veclen_32_cpy iter 6: 88.823 ms
Run time jacobi2d_vectorized_static_veclen_32_cpy iter 7: 79.312 ms
Run time jacobi2d_vectorized_static_veclen_32_cpy iter 8: 88.290 ms
Run time jacobi2d_vectorized_static_veclen_32_cpy iter 9: 89.146 ms
Saved timing results to jacobi2d_timings_jacobi2d_timings_intel_xeon_llvm_1_core.csv.csv
Run time jacobi2d iter 0: 579.698 ms
Run time jacobi2d iter 1: 600.798 ms
Run time jacobi2d iter 2: 591.829 ms
Run time jacobi2d iter 3: 649.157 ms
Run time jacobi2d iter 4: 653.808 ms
Run time jacobi2d iter 5: 653.784 ms
Run time jacobi2d iter 6: 596.972 ms
Run time jacobi2d iter 7: 585.956 ms
Run time jacobi2d iter 8: 598.836 ms
Run time jacobi2d iter 9: 592.725 ms
Run time jacobi2d_vectorized_static_veclen_8_no_cpy iter 0: 913.357 ms
Run time jacobi2d_vectorized_static_veclen_8_no_cpy iter 1: 912.362 ms
Run time jacobi2d_vectorized_static_veclen_8_no_cpy iter 2: 914.902 ms
Run time jacobi2d_vectorized_static_veclen_8_no_cpy iter 3: 913.682 ms
Run time jacobi2d_vectorized_static_veclen_8_no_cpy iter 4: 906.478 ms
Run time jacobi2d_vectorized_static_veclen_8_no_cpy iter 5: 875.136 ms
Run time jacobi2d_vectorized_static_veclen_8_no_cpy iter 6: 879.369 ms
Run time jacobi2d_vectorized_static_veclen_8_no_cpy iter 7: 907.780 ms
Run time jacobi2d_vectorized_static_veclen_8_no_cpy iter 8: 919.384 ms
Run time jacobi2d_vectorized_static_veclen_8_no_cpy iter 9: 919.246 ms
Run time jacobi2d_vectorized_static_veclen_8_cpy iter 0: 598.877 ms
Run time jacobi2d_vectorized_static_veclen_8_cpy iter 1: 598.494 ms
Run time jacobi2d_vectorized_static_veclen_8_cpy iter 2: 617.998 ms
Run time jacobi2d_vectorized_static_veclen_8_cpy iter 3: 598.925 ms
Run time jacobi2d_vectorized_static_veclen_8_cpy iter 4: 582.055 ms
Run time jacobi2d_vectorized_static_veclen_8_cpy iter 5: 575.245 ms
Run time jacobi2d_vectorized_static_veclen_8_cpy iter 6: 590.755 ms
Run time jacobi2d_vectorized_static_veclen_8_cpy iter 7: 596.971 ms
Run time jacobi2d_vectorized_static_veclen_8_cpy iter 8: 585.762 ms
Run time jacobi2d_vectorized_static_veclen_8_cpy iter 9: 586.326 ms
Run time jacobi2d_vectorized_static_veclen_16_no_cpy iter 0: 1082.138 ms
Run time jacobi2d_vectorized_static_veclen_16_no_cpy iter 1: 1085.021 ms
Run time jacobi2d_vectorized_static_veclen_16_no_cpy iter 2: 1082.422 ms
Run time jacobi2d_vectorized_static_veclen_16_no_cpy iter 3: 1083.386 ms
Run time jacobi2d_vectorized_static_veclen_16_no_cpy iter 4: 1048.744 ms
Run time jacobi2d_vectorized_static_veclen_16_no_cpy iter 5: 1029.863 ms
Run time jacobi2d_vectorized_static_veclen_16_no_cpy iter 6: 1048.416 ms
Run time jacobi2d_vectorized_static_veclen_16_no_cpy iter 7: 1071.230 ms
Run time jacobi2d_vectorized_static_veclen_16_no_cpy iter 8: 1084.334 ms
Run time jacobi2d_vectorized_static_veclen_16_no_cpy iter 9: 1087.414 ms
Run time jacobi2d_vectorized_static_veclen_16_cpy iter 0: 581.474 ms
Run time jacobi2d_vectorized_static_veclen_16_cpy iter 1: 581.116 ms
Run time jacobi2d_vectorized_static_veclen_16_cpy iter 2: 578.712 ms
Run time jacobi2d_vectorized_static_veclen_16_cpy iter 3: 582.672 ms
Run time jacobi2d_vectorized_static_veclen_16_cpy iter 4: 572.772 ms
Run time jacobi2d_vectorized_static_veclen_16_cpy iter 5: 574.607 ms
Run time jacobi2d_vectorized_static_veclen_16_cpy iter 6: 588.745 ms
Run time jacobi2d_vectorized_static_veclen_16_cpy iter 7: 586.726 ms
Run time jacobi2d_vectorized_static_veclen_16_cpy iter 8: 573.469 ms
Run time jacobi2d_vectorized_static_veclen_16_cpy iter 9: 573.104 ms
Run time jacobi2d_vectorized_static_veclen_32_no_cpy iter 0: 611.207 ms
Run time jacobi2d_vectorized_static_veclen_32_no_cpy iter 1: 609.164 ms
Run time jacobi2d_vectorized_static_veclen_32_no_cpy iter 2: 605.924 ms
Run time jacobi2d_vectorized_static_veclen_32_no_cpy iter 3: 590.612 ms
Run time jacobi2d_vectorized_static_veclen_32_no_cpy iter 4: 591.198 ms
Run time jacobi2d_vectorized_static_veclen_32_no_cpy iter 5: 592.546 ms
Run time jacobi2d_vectorized_static_veclen_32_no_cpy iter 6: 588.393 ms
Run time jacobi2d_vectorized_static_veclen_32_no_cpy iter 7: 589.552 ms
Run time jacobi2d_vectorized_static_veclen_32_no_cpy iter 8: 593.056 ms
Run time jacobi2d_vectorized_static_veclen_32_no_cpy iter 9: 591.232 ms
Run time jacobi2d_vectorized_static_veclen_32_cpy iter 0: 589.401 ms
Run time jacobi2d_vectorized_static_veclen_32_cpy iter 1: 585.165 ms
Run time jacobi2d_vectorized_static_veclen_32_cpy iter 2: 604.758 ms
Run time jacobi2d_vectorized_static_veclen_32_cpy iter 3: 607.624 ms
Run time jacobi2d_vectorized_static_veclen_32_cpy iter 4: 606.012 ms
Run time jacobi2d_vectorized_static_veclen_32_cpy iter 5: 600.214 ms
Run time jacobi2d_vectorized_static_veclen_32_cpy iter 6: 598.720 ms
Run time jacobi2d_vectorized_static_veclen_32_cpy iter 7: 606.278 ms
Run time jacobi2d_vectorized_static_veclen_32_cpy iter 8: 606.232 ms
Run time jacobi2d_vectorized_static_veclen_32_cpy iter 9: 615.541 ms
Saved timing results to jacobi2d_timings_jacobi2d_timings_intel_xeon_llvm_1_core.csv.csv
Run time jacobi2d iter 0: 2604.130 ms
Run time jacobi2d iter 1: 2604.309 ms
Run time jacobi2d iter 2: 2600.605 ms
Run time jacobi2d iter 3: 2605.024 ms
Run time jacobi2d iter 4: 2585.742 ms
Run time jacobi2d iter 5: 2546.556 ms
Run time jacobi2d iter 6: 2538.074 ms
Run time jacobi2d iter 7: 2532.683 ms
Run time jacobi2d iter 8: 2532.515 ms
Run time jacobi2d iter 9: 2533.666 ms
Run time jacobi2d_vectorized_static_veclen_8_no_cpy iter 0: 3689.675 ms
Run time jacobi2d_vectorized_static_veclen_8_no_cpy iter 1: 3692.748 ms
Run time jacobi2d_vectorized_static_veclen_8_no_cpy iter 2: 3690.737 ms
Run time jacobi2d_vectorized_static_veclen_8_no_cpy iter 3: 3650.972 ms
Run time jacobi2d_vectorized_static_veclen_8_no_cpy iter 4: 3694.277 ms
Run time jacobi2d_vectorized_static_veclen_8_no_cpy iter 5: 3713.219 ms
Run time jacobi2d_vectorized_static_veclen_8_no_cpy iter 6: 3704.763 ms
Run time jacobi2d_vectorized_static_veclen_8_no_cpy iter 7: 3711.090 ms
Run time jacobi2d_vectorized_static_veclen_8_no_cpy iter 8: 3708.129 ms
Run time jacobi2d_vectorized_static_veclen_8_no_cpy iter 9: 3707.421 ms
Run time jacobi2d_vectorized_static_veclen_8_cpy iter 0: 2513.982 ms
Run time jacobi2d_vectorized_static_veclen_8_cpy iter 1: 2513.223 ms
Run time jacobi2d_vectorized_static_veclen_8_cpy iter 2: 2544.166 ms
Run time jacobi2d_vectorized_static_veclen_8_cpy iter 3: 2516.652 ms
Run time jacobi2d_vectorized_static_veclen_8_cpy iter 4: 2509.869 ms
Run time jacobi2d_vectorized_static_veclen_8_cpy iter 5: 2507.905 ms
Run time jacobi2d_vectorized_static_veclen_8_cpy iter 6: 2507.925 ms
Run time jacobi2d_vectorized_static_veclen_8_cpy iter 7: 2509.741 ms
Run time jacobi2d_vectorized_static_veclen_8_cpy iter 8: 2508.331 ms
Run time jacobi2d_vectorized_static_veclen_8_cpy iter 9: 2508.240 ms
Run time jacobi2d_vectorized_static_veclen_16_no_cpy iter 0: 4357.147 ms
Run time jacobi2d_vectorized_static_veclen_16_no_cpy iter 1: 4363.534 ms
Run time jacobi2d_vectorized_static_veclen_16_no_cpy iter 2: 4344.081 ms
Run time jacobi2d_vectorized_static_veclen_16_no_cpy iter 3: 4354.101 ms
Run time jacobi2d_vectorized_static_veclen_16_no_cpy iter 4: 4366.396 ms
Run time jacobi2d_vectorized_static_veclen_16_no_cpy iter 5: 4368.437 ms
Run time jacobi2d_vectorized_static_veclen_16_no_cpy iter 6: 4366.658 ms
Run time jacobi2d_vectorized_static_veclen_16_no_cpy iter 7: 4365.122 ms
Run time jacobi2d_vectorized_static_veclen_16_no_cpy iter 8: 4365.700 ms
Run time jacobi2d_vectorized_static_veclen_16_no_cpy iter 9: 4367.713 ms
Run time jacobi2d_vectorized_static_veclen_16_cpy iter 0: 2527.581 ms
Run time jacobi2d_vectorized_static_veclen_16_cpy iter 1: 2488.996 ms
Run time jacobi2d_vectorized_static_veclen_16_cpy iter 2: 2487.199 ms
Run time jacobi2d_vectorized_static_veclen_16_cpy iter 3: 2485.223 ms
Run time jacobi2d_vectorized_static_veclen_16_cpy iter 4: 2487.311 ms
Run time jacobi2d_vectorized_static_veclen_16_cpy iter 5: 2485.548 ms
Run time jacobi2d_vectorized_static_veclen_16_cpy iter 6: 2486.073 ms
Run time jacobi2d_vectorized_static_veclen_16_cpy iter 7: 2485.048 ms
Run time jacobi2d_vectorized_static_veclen_16_cpy iter 8: 2485.147 ms
Run time jacobi2d_vectorized_static_veclen_16_cpy iter 9: 2484.672 ms
Run time jacobi2d_vectorized_static_veclen_32_no_cpy iter 0: 2577.809 ms
Run time jacobi2d_vectorized_static_veclen_32_no_cpy iter 1: 2577.446 ms
Run time jacobi2d_vectorized_static_veclen_32_no_cpy iter 2: 2577.185 ms
Run time jacobi2d_vectorized_static_veclen_32_no_cpy iter 3: 2576.882 ms
Run time jacobi2d_vectorized_static_veclen_32_no_cpy iter 4: 2587.353 ms
Run time jacobi2d_vectorized_static_veclen_32_no_cpy iter 5: 2613.369 ms
Run time jacobi2d_vectorized_static_veclen_32_no_cpy iter 6: 2589.262 ms
Run time jacobi2d_vectorized_static_veclen_32_no_cpy iter 7: 2587.523 ms
Run time jacobi2d_vectorized_static_veclen_32_no_cpy iter 8: 2586.926 ms
Run time jacobi2d_vectorized_static_veclen_32_no_cpy iter 9: 2588.170 ms
Run time jacobi2d_vectorized_static_veclen_32_cpy iter 0: 2594.195 ms
Run time jacobi2d_vectorized_static_veclen_32_cpy iter 1: 2592.718 ms
Run time jacobi2d_vectorized_static_veclen_32_cpy iter 2: 2598.983 ms
Run time jacobi2d_vectorized_static_veclen_32_cpy iter 3: 2594.861 ms
Run time jacobi2d_vectorized_static_veclen_32_cpy iter 4: 2592.142 ms
Run time jacobi2d_vectorized_static_veclen_32_cpy iter 5: 2592.829 ms
Run time jacobi2d_vectorized_static_veclen_32_cpy iter 6: 2594.215 ms
Run time jacobi2d_vectorized_static_veclen_32_cpy iter 7: 2623.397 ms
Run time jacobi2d_vectorized_static_veclen_32_cpy iter 8: 2589.342 ms
Run time jacobi2d_vectorized_static_veclen_32_cpy iter 9: 2590.157 ms
Saved timing results to jacobi2d_timings_jacobi2d_timings_intel_xeon_llvm_1_core.csv.csv
Run time jacobi2d iter 0: 10120.547 ms
Run time jacobi2d iter 1: 10124.828 ms
Run time jacobi2d iter 2: 10079.368 ms
Run time jacobi2d iter 3: 10061.517 ms
Run time jacobi2d iter 4: 10058.904 ms
Run time jacobi2d iter 5: 10039.983 ms
Run time jacobi2d iter 6: 10059.726 ms
Run time jacobi2d iter 7: 10048.686 ms
Run time jacobi2d iter 8: 10050.783 ms
Run time jacobi2d iter 9: 10043.978 ms
Run time jacobi2d_vectorized_static_veclen_8_no_cpy iter 0: 14812.026 ms
Run time jacobi2d_vectorized_static_veclen_8_no_cpy iter 1: 14806.485 ms
Run time jacobi2d_vectorized_static_veclen_8_no_cpy iter 2: 14777.615 ms
Run time jacobi2d_vectorized_static_veclen_8_no_cpy iter 3: 14851.167 ms
Run time jacobi2d_vectorized_static_veclen_8_no_cpy iter 4: 14864.591 ms
Run time jacobi2d_vectorized_static_veclen_8_no_cpy iter 5: 14857.896 ms
Run time jacobi2d_vectorized_static_veclen_8_no_cpy iter 6: 14854.826 ms
Run time jacobi2d_vectorized_static_veclen_8_no_cpy iter 7: 14847.934 ms
Run time jacobi2d_vectorized_static_veclen_8_no_cpy iter 8: 14844.105 ms
Run time jacobi2d_vectorized_static_veclen_8_no_cpy iter 9: 14851.867 ms
Run time jacobi2d_vectorized_static_veclen_8_cpy iter 0: 9906.435 ms
Run time jacobi2d_vectorized_static_veclen_8_cpy iter 1: 9899.308 ms
Run time jacobi2d_vectorized_static_veclen_8_cpy iter 2: 9900.922 ms
Run time jacobi2d_vectorized_static_veclen_8_cpy iter 3: 9896.491 ms
Run time jacobi2d_vectorized_static_veclen_8_cpy iter 4: 9895.102 ms
Run time jacobi2d_vectorized_static_veclen_8_cpy iter 5: 9894.445 ms
Run time jacobi2d_vectorized_static_veclen_8_cpy iter 6: 9895.298 ms
Run time jacobi2d_vectorized_static_veclen_8_cpy iter 7: 9896.755 ms
Run time jacobi2d_vectorized_static_veclen_8_cpy iter 8: 9893.435 ms
Run time jacobi2d_vectorized_static_veclen_8_cpy iter 9: 9900.938 ms
Run time jacobi2d_vectorized_static_veclen_16_no_cpy iter 0: 17293.389 ms
Run time jacobi2d_vectorized_static_veclen_16_no_cpy iter 1: 17293.907 ms
Run time jacobi2d_vectorized_static_veclen_16_no_cpy iter 2: 17322.465 ms
Run time jacobi2d_vectorized_static_veclen_16_no_cpy iter 3: 17320.957 ms
Run time jacobi2d_vectorized_static_veclen_16_no_cpy iter 4: 17320.732 ms
Run time jacobi2d_vectorized_static_veclen_16_no_cpy iter 5: 17318.452 ms
Run time jacobi2d_vectorized_static_veclen_16_no_cpy iter 6: 17329.163 ms
Run time jacobi2d_vectorized_static_veclen_16_no_cpy iter 7: 17323.694 ms
Run time jacobi2d_vectorized_static_veclen_16_no_cpy iter 8: 17323.405 ms
Run time jacobi2d_vectorized_static_veclen_16_no_cpy iter 9: 17236.282 ms
Run time jacobi2d_vectorized_static_veclen_16_cpy iter 0: 9848.263 ms
Run time jacobi2d_vectorized_static_veclen_16_cpy iter 1: 9846.112 ms
Run time jacobi2d_vectorized_static_veclen_16_cpy iter 2: 9848.216 ms
Run time jacobi2d_vectorized_static_veclen_16_cpy iter 3: 9850.867 ms
Run time jacobi2d_vectorized_static_veclen_16_cpy iter 4: 9848.612 ms
Run time jacobi2d_vectorized_static_veclen_16_cpy iter 5: 9845.754 ms
Run time jacobi2d_vectorized_static_veclen_16_cpy iter 6: 9847.838 ms
Run time jacobi2d_vectorized_static_veclen_16_cpy iter 7: 9850.812 ms
Run time jacobi2d_vectorized_static_veclen_16_cpy iter 8: 9844.824 ms
Run time jacobi2d_vectorized_static_veclen_16_cpy iter 9: 9844.843 ms
Run time jacobi2d_vectorized_static_veclen_32_no_cpy iter 0: 10312.041 ms
Run time jacobi2d_vectorized_static_veclen_32_no_cpy iter 1: 10312.743 ms
Run time jacobi2d_vectorized_static_veclen_32_no_cpy iter 2: 10305.159 ms
Run time jacobi2d_vectorized_static_veclen_32_no_cpy iter 3: 10347.335 ms
Run time jacobi2d_vectorized_static_veclen_32_no_cpy iter 4: 10336.565 ms
Run time jacobi2d_vectorized_static_veclen_32_no_cpy iter 5: 10334.916 ms
Run time jacobi2d_vectorized_static_veclen_32_no_cpy iter 6: 10335.781 ms
Run time jacobi2d_vectorized_static_veclen_32_no_cpy iter 7: 10335.365 ms
Run time jacobi2d_vectorized_static_veclen_32_no_cpy iter 8: 10335.936 ms
Run time jacobi2d_vectorized_static_veclen_32_no_cpy iter 9: 10335.502 ms
Run time jacobi2d_vectorized_static_veclen_32_cpy iter 0: 10360.863 ms
Run time jacobi2d_vectorized_static_veclen_32_cpy iter 1: 10358.857 ms
Run time jacobi2d_vectorized_static_veclen_32_cpy iter 2: 10356.677 ms
Run time jacobi2d_vectorized_static_veclen_32_cpy iter 3: 10358.499 ms
Run time jacobi2d_vectorized_static_veclen_32_cpy iter 4: 10361.662 ms
Run time jacobi2d_vectorized_static_veclen_32_cpy iter 5: 10387.080 ms
Run time jacobi2d_vectorized_static_veclen_32_cpy iter 6: 10379.433 ms
Run time jacobi2d_vectorized_static_veclen_32_cpy iter 7: 10378.723 ms
Run time jacobi2d_vectorized_static_veclen_32_cpy iter 8: 10380.321 ms
Run time jacobi2d_vectorized_static_veclen_32_cpy iter 9: 10376.716 ms
Saved timing results to jacobi2d_timings_jacobi2d_timings_intel_xeon_llvm_1_core.csv.csv
