Physical cores: 36
Run time jacobi2d iter 0: 16.328 ms
Run time jacobi2d iter 1: 16.323 ms
Run time jacobi2d iter 2: 16.313 ms
Run time jacobi2d iter 3: 16.306 ms
Run time jacobi2d iter 4: 16.411 ms
Run time jacobi2d iter 5: 16.433 ms
Run time jacobi2d iter 6: 16.310 ms
Run time jacobi2d iter 7: 16.486 ms
Run time jacobi2d iter 8: 16.506 ms
Run time jacobi2d iter 9: 16.475 ms
Run time jacobi2d_vectorized_static_veclen_8_no_cpy iter 0: 46.681 ms
Run time jacobi2d_vectorized_static_veclen_8_no_cpy iter 1: 46.696 ms
Run time jacobi2d_vectorized_static_veclen_8_no_cpy iter 2: 46.669 ms
Run time jacobi2d_vectorized_static_veclen_8_no_cpy iter 3: 46.669 ms
Run time jacobi2d_vectorized_static_veclen_8_no_cpy iter 4: 46.682 ms
Run time jacobi2d_vectorized_static_veclen_8_no_cpy iter 5: 46.698 ms
Run time jacobi2d_vectorized_static_veclen_8_no_cpy iter 6: 46.688 ms
Run time jacobi2d_vectorized_static_veclen_8_no_cpy iter 7: 46.667 ms
Run time jacobi2d_vectorized_static_veclen_8_no_cpy iter 8: 46.691 ms
Run time jacobi2d_vectorized_static_veclen_8_no_cpy iter 9: 46.653 ms
Run time jacobi2d_vectorized_static_veclen_8_cpy iter 0: 17.575 ms
Run time jacobi2d_vectorized_static_veclen_8_cpy iter 1: 16.827 ms
Run time jacobi2d_vectorized_static_veclen_8_cpy iter 2: 16.798 ms
Run time jacobi2d_vectorized_static_veclen_8_cpy iter 3: 16.859 ms
Run time jacobi2d_vectorized_static_veclen_8_cpy iter 4: 16.828 ms
Run time jacobi2d_vectorized_static_veclen_8_cpy iter 5: 16.830 ms
Run time jacobi2d_vectorized_static_veclen_8_cpy iter 6: 16.863 ms
Run time jacobi2d_vectorized_static_veclen_8_cpy iter 7: 16.831 ms
Run time jacobi2d_vectorized_static_veclen_8_cpy iter 8: 16.801 ms
Run time jacobi2d_vectorized_static_veclen_8_cpy iter 9: 16.821 ms
Run time jacobi2d_vectorized_static_veclen_16_no_cpy iter 0: 55.707 ms
Run time jacobi2d_vectorized_static_veclen_16_no_cpy iter 1: 55.677 ms
Run time jacobi2d_vectorized_static_veclen_16_no_cpy iter 2: 55.640 ms
Run time jacobi2d_vectorized_static_veclen_16_no_cpy iter 3: 55.672 ms
Run time jacobi2d_vectorized_static_veclen_16_no_cpy iter 4: 55.703 ms
Run time jacobi2d_vectorized_static_veclen_16_no_cpy iter 5: 55.731 ms
Run time jacobi2d_vectorized_static_veclen_16_no_cpy iter 6: 55.734 ms
Run time jacobi2d_vectorized_static_veclen_16_no_cpy iter 7: 55.718 ms
Run time jacobi2d_vectorized_static_veclen_16_no_cpy iter 8: 55.687 ms
Run time jacobi2d_vectorized_static_veclen_16_no_cpy iter 9: 55.767 ms
Run time jacobi2d_vectorized_static_veclen_16_cpy iter 0: 16.327 ms
Run time jacobi2d_vectorized_static_veclen_16_cpy iter 1: 16.599 ms
Run time jacobi2d_vectorized_static_veclen_16_cpy iter 2: 16.435 ms
Run time jacobi2d_vectorized_static_veclen_16_cpy iter 3: 16.465 ms
Run time jacobi2d_vectorized_static_veclen_16_cpy iter 4: 16.595 ms
Run time jacobi2d_vectorized_static_veclen_16_cpy iter 5: 16.488 ms
Run time jacobi2d_vectorized_static_veclen_16_cpy iter 6: 16.357 ms
Run time jacobi2d_vectorized_static_veclen_16_cpy iter 7: 16.326 ms
Run time jacobi2d_vectorized_static_veclen_16_cpy iter 8: 16.327 ms
Run time jacobi2d_vectorized_static_veclen_16_cpy iter 9: 16.408 ms
Run time jacobi2d_vectorized_static_veclen_32_no_cpy iter 0: 17.981 ms
Run time jacobi2d_vectorized_static_veclen_32_no_cpy iter 1: 18.022 ms
Run time jacobi2d_vectorized_static_veclen_32_no_cpy iter 2: 17.936 ms
Run time jacobi2d_vectorized_static_veclen_32_no_cpy iter 3: 17.940 ms
Run time jacobi2d_vectorized_static_veclen_32_no_cpy iter 4: 17.968 ms
Run time jacobi2d_vectorized_static_veclen_32_no_cpy iter 5: 17.928 ms
Run time jacobi2d_vectorized_static_veclen_32_no_cpy iter 6: 18.014 ms
Run time jacobi2d_vectorized_static_veclen_32_no_cpy iter 7: 17.989 ms
Run time jacobi2d_vectorized_static_veclen_32_no_cpy iter 8: 17.961 ms
Run time jacobi2d_vectorized_static_veclen_32_no_cpy iter 9: 17.861 ms
Run time jacobi2d_vectorized_static_veclen_32_cpy iter 0: 17.077 ms
Run time jacobi2d_vectorized_static_veclen_32_cpy iter 1: 17.105 ms
Run time jacobi2d_vectorized_static_veclen_32_cpy iter 2: 17.091 ms
Run time jacobi2d_vectorized_static_veclen_32_cpy iter 3: 17.070 ms
Run time jacobi2d_vectorized_static_veclen_32_cpy iter 4: 17.020 ms
Run time jacobi2d_vectorized_static_veclen_32_cpy iter 5: 17.109 ms
Run time jacobi2d_vectorized_static_veclen_32_cpy iter 6: 17.147 ms
Run time jacobi2d_vectorized_static_veclen_32_cpy iter 7: 17.177 ms
Run time jacobi2d_vectorized_static_veclen_32_cpy iter 8: 17.115 ms
Run time jacobi2d_vectorized_static_veclen_32_cpy iter 9: 17.333 ms
Run time jacobi2d_vectorized_static_veclen_8_no_cpy_aligned iter 0: 46.866 ms
Run time jacobi2d_vectorized_static_veclen_8_no_cpy_aligned iter 1: 46.893 ms
Run time jacobi2d_vectorized_static_veclen_8_no_cpy_aligned iter 2: 46.871 ms
Run time jacobi2d_vectorized_static_veclen_8_no_cpy_aligned iter 3: 46.866 ms
Run time jacobi2d_vectorized_static_veclen_8_no_cpy_aligned iter 4: 46.879 ms
Run time jacobi2d_vectorized_static_veclen_8_no_cpy_aligned iter 5: 46.849 ms
Run time jacobi2d_vectorized_static_veclen_8_no_cpy_aligned iter 6: 46.862 ms
Run time jacobi2d_vectorized_static_veclen_8_no_cpy_aligned iter 7: 46.843 ms
Run time jacobi2d_vectorized_static_veclen_8_no_cpy_aligned iter 8: 46.846 ms
Run time jacobi2d_vectorized_static_veclen_8_no_cpy_aligned iter 9: 46.856 ms
Run time jacobi2d_vectorized_static_veclen_16_no_cpy_aligned iter 0: 54.267 ms
Run time jacobi2d_vectorized_static_veclen_16_no_cpy_aligned iter 1: 53.937 ms
Run time jacobi2d_vectorized_static_veclen_16_no_cpy_aligned iter 2: 54.412 ms
Run time jacobi2d_vectorized_static_veclen_16_no_cpy_aligned iter 3: 53.433 ms
Run time jacobi2d_vectorized_static_veclen_16_no_cpy_aligned iter 4: 54.249 ms
Run time jacobi2d_vectorized_static_veclen_16_no_cpy_aligned iter 5: 54.226 ms
Run time jacobi2d_vectorized_static_veclen_16_no_cpy_aligned iter 6: 53.894 ms
Run time jacobi2d_vectorized_static_veclen_16_no_cpy_aligned iter 7: 55.107 ms
Run time jacobi2d_vectorized_static_veclen_16_no_cpy_aligned iter 8: 54.185 ms
Run time jacobi2d_vectorized_static_veclen_16_no_cpy_aligned iter 9: 54.822 ms
Run time jacobi2d_vectorized_static_veclen_32_no_cpy_aligned iter 0: 18.725 ms
Run time jacobi2d_vectorized_static_veclen_32_no_cpy_aligned iter 1: 18.668 ms
Run time jacobi2d_vectorized_static_veclen_32_no_cpy_aligned iter 2: 18.704 ms
Run time jacobi2d_vectorized_static_veclen_32_no_cpy_aligned iter 3: 18.712 ms
Run time jacobi2d_vectorized_static_veclen_32_no_cpy_aligned iter 4: 18.872 ms
Run time jacobi2d_vectorized_static_veclen_32_no_cpy_aligned iter 5: 18.677 ms
Run time jacobi2d_vectorized_static_veclen_32_no_cpy_aligned iter 6: 18.802 ms
Run time jacobi2d_vectorized_static_veclen_32_no_cpy_aligned iter 7: 18.748 ms
Run time jacobi2d_vectorized_static_veclen_32_no_cpy_aligned iter 8: 18.894 ms
Run time jacobi2d_vectorized_static_veclen_32_no_cpy_aligned iter 9: 18.828 ms
Saved timing results to jacobi2d_timings_jacobi2d_timings_intel_xeon_llvm_1_core.csv.csv
Run time jacobi2d iter 0: 72.202 ms
Run time jacobi2d iter 1: 72.531 ms
Run time jacobi2d iter 2: 72.850 ms
Run time jacobi2d iter 3: 73.117 ms
Run time jacobi2d iter 4: 73.215 ms
Run time jacobi2d iter 5: 72.946 ms
Run time jacobi2d iter 6: 74.202 ms
Run time jacobi2d iter 7: 73.895 ms
Run time jacobi2d iter 8: 73.026 ms
Run time jacobi2d iter 9: 74.992 ms
Run time jacobi2d_vectorized_static_veclen_8_no_cpy iter 0: 194.383 ms
Run time jacobi2d_vectorized_static_veclen_8_no_cpy iter 1: 194.207 ms
Run time jacobi2d_vectorized_static_veclen_8_no_cpy iter 2: 195.860 ms
Run time jacobi2d_vectorized_static_veclen_8_no_cpy iter 3: 193.979 ms
Run time jacobi2d_vectorized_static_veclen_8_no_cpy iter 4: 194.106 ms
Run time jacobi2d_vectorized_static_veclen_8_no_cpy iter 5: 195.699 ms
Run time jacobi2d_vectorized_static_veclen_8_no_cpy iter 6: 196.315 ms
Run time jacobi2d_vectorized_static_veclen_8_no_cpy iter 7: 199.633 ms
Run time jacobi2d_vectorized_static_veclen_8_no_cpy iter 8: 212.156 ms
Run time jacobi2d_vectorized_static_veclen_8_no_cpy iter 9: 211.932 ms
Run time jacobi2d_vectorized_static_veclen_8_cpy iter 0: 76.847 ms
Run time jacobi2d_vectorized_static_veclen_8_cpy iter 1: 77.390 ms
Run time jacobi2d_vectorized_static_veclen_8_cpy iter 2: 77.524 ms
Run time jacobi2d_vectorized_static_veclen_8_cpy iter 3: 77.892 ms
Run time jacobi2d_vectorized_static_veclen_8_cpy iter 4: 75.937 ms
Run time jacobi2d_vectorized_static_veclen_8_cpy iter 5: 77.022 ms
Run time jacobi2d_vectorized_static_veclen_8_cpy iter 6: 74.572 ms
Run time jacobi2d_vectorized_static_veclen_8_cpy iter 7: 76.356 ms
Run time jacobi2d_vectorized_static_veclen_8_cpy iter 8: 72.671 ms
Run time jacobi2d_vectorized_static_veclen_8_cpy iter 9: 73.863 ms
Run time jacobi2d_vectorized_static_veclen_16_no_cpy iter 0: 232.148 ms
Run time jacobi2d_vectorized_static_veclen_16_no_cpy iter 1: 229.049 ms
Run time jacobi2d_vectorized_static_veclen_16_no_cpy iter 2: 231.353 ms
Run time jacobi2d_vectorized_static_veclen_16_no_cpy iter 3: 237.614 ms
Run time jacobi2d_vectorized_static_veclen_16_no_cpy iter 4: 234.209 ms
Run time jacobi2d_vectorized_static_veclen_16_no_cpy iter 5: 236.877 ms
Run time jacobi2d_vectorized_static_veclen_16_no_cpy iter 6: 247.649 ms
Run time jacobi2d_vectorized_static_veclen_16_no_cpy iter 7: 258.803 ms
Run time jacobi2d_vectorized_static_veclen_16_no_cpy iter 8: 257.770 ms
Run time jacobi2d_vectorized_static_veclen_16_no_cpy iter 9: 259.163 ms
Run time jacobi2d_vectorized_static_veclen_16_cpy iter 0: 68.694 ms
Run time jacobi2d_vectorized_static_veclen_16_cpy iter 1: 68.815 ms
Run time jacobi2d_vectorized_static_veclen_16_cpy iter 2: 67.967 ms
Run time jacobi2d_vectorized_static_veclen_16_cpy iter 3: 67.883 ms
Run time jacobi2d_vectorized_static_veclen_16_cpy iter 4: 69.983 ms
Run time jacobi2d_vectorized_static_veclen_16_cpy iter 5: 69.760 ms
Run time jacobi2d_vectorized_static_veclen_16_cpy iter 6: 69.930 ms
Run time jacobi2d_vectorized_static_veclen_16_cpy iter 7: 71.856 ms
Run time jacobi2d_vectorized_static_veclen_16_cpy iter 8: 69.807 ms
Run time jacobi2d_vectorized_static_veclen_16_cpy iter 9: 70.241 ms
Run time jacobi2d_vectorized_static_veclen_32_no_cpy iter 0: 81.265 ms
Run time jacobi2d_vectorized_static_veclen_32_no_cpy iter 1: 90.850 ms
Run time jacobi2d_vectorized_static_veclen_32_no_cpy iter 2: 84.441 ms
Run time jacobi2d_vectorized_static_veclen_32_no_cpy iter 3: 90.675 ms
Run time jacobi2d_vectorized_static_veclen_32_no_cpy iter 4: 87.002 ms
Run time jacobi2d_vectorized_static_veclen_32_no_cpy iter 5: 87.155 ms
Run time jacobi2d_vectorized_static_veclen_32_no_cpy iter 6: 86.455 ms
Run time jacobi2d_vectorized_static_veclen_32_no_cpy iter 7: 89.324 ms
Run time jacobi2d_vectorized_static_veclen_32_no_cpy iter 8: 87.476 ms
Run time jacobi2d_vectorized_static_veclen_32_no_cpy iter 9: 90.397 ms
Run time jacobi2d_vectorized_static_veclen_32_cpy iter 0: 75.976 ms
Run time jacobi2d_vectorized_static_veclen_32_cpy iter 1: 75.053 ms
Run time jacobi2d_vectorized_static_veclen_32_cpy iter 2: 74.854 ms
Run time jacobi2d_vectorized_static_veclen_32_cpy iter 3: 74.152 ms
Run time jacobi2d_vectorized_static_veclen_32_cpy iter 4: 74.963 ms
Run time jacobi2d_vectorized_static_veclen_32_cpy iter 5: 73.731 ms
Run time jacobi2d_vectorized_static_veclen_32_cpy iter 6: 75.494 ms
Run time jacobi2d_vectorized_static_veclen_32_cpy iter 7: 72.289 ms
Run time jacobi2d_vectorized_static_veclen_32_cpy iter 8: 77.009 ms
Run time jacobi2d_vectorized_static_veclen_32_cpy iter 9: 75.554 ms
Run time jacobi2d_vectorized_static_veclen_8_no_cpy_aligned iter 0: 202.051 ms
Run time jacobi2d_vectorized_static_veclen_8_no_cpy_aligned iter 1: 210.821 ms
Run time jacobi2d_vectorized_static_veclen_8_no_cpy_aligned iter 2: 200.049 ms
Run time jacobi2d_vectorized_static_veclen_8_no_cpy_aligned iter 3: 198.705 ms
Run time jacobi2d_vectorized_static_veclen_8_no_cpy_aligned iter 4: 197.174 ms
Run time jacobi2d_vectorized_static_veclen_8_no_cpy_aligned iter 5: 195.201 ms
Run time jacobi2d_vectorized_static_veclen_8_no_cpy_aligned iter 6: 195.678 ms
Run time jacobi2d_vectorized_static_veclen_8_no_cpy_aligned iter 7: 197.678 ms
Run time jacobi2d_vectorized_static_veclen_8_no_cpy_aligned iter 8: 198.964 ms
Run time jacobi2d_vectorized_static_veclen_8_no_cpy_aligned iter 9: 198.253 ms
Run time jacobi2d_vectorized_static_veclen_16_no_cpy_aligned iter 0: 252.931 ms
Run time jacobi2d_vectorized_static_veclen_16_no_cpy_aligned iter 1: 238.984 ms
Run time jacobi2d_vectorized_static_veclen_16_no_cpy_aligned iter 2: 229.175 ms
Run time jacobi2d_vectorized_static_veclen_16_no_cpy_aligned iter 3: 229.064 ms
Run time jacobi2d_vectorized_static_veclen_16_no_cpy_aligned iter 4: 225.653 ms
Run time jacobi2d_vectorized_static_veclen_16_no_cpy_aligned iter 5: 231.769 ms
Run time jacobi2d_vectorized_static_veclen_16_no_cpy_aligned iter 6: 229.988 ms
Run time jacobi2d_vectorized_static_veclen_16_no_cpy_aligned iter 7: 232.130 ms
Run time jacobi2d_vectorized_static_veclen_16_no_cpy_aligned iter 8: 228.648 ms
Run time jacobi2d_vectorized_static_veclen_16_no_cpy_aligned iter 9: 230.493 ms
Run time jacobi2d_vectorized_static_veclen_32_no_cpy_aligned iter 0: 106.344 ms
Run time jacobi2d_vectorized_static_veclen_32_no_cpy_aligned iter 1: 107.175 ms
Run time jacobi2d_vectorized_static_veclen_32_no_cpy_aligned iter 2: 95.463 ms
Run time jacobi2d_vectorized_static_veclen_32_no_cpy_aligned iter 3: 101.961 ms
Run time jacobi2d_vectorized_static_veclen_32_no_cpy_aligned iter 4: 88.773 ms
Run time jacobi2d_vectorized_static_veclen_32_no_cpy_aligned iter 5: 98.736 ms
Run time jacobi2d_vectorized_static_veclen_32_no_cpy_aligned iter 6: 104.252 ms
Run time jacobi2d_vectorized_static_veclen_32_no_cpy_aligned iter 7: 97.861 ms
Run time jacobi2d_vectorized_static_veclen_32_no_cpy_aligned iter 8: 98.790 ms
Run time jacobi2d_vectorized_static_veclen_32_no_cpy_aligned iter 9: 98.335 ms
Saved timing results to jacobi2d_timings_jacobi2d_timings_intel_xeon_llvm_1_core.csv.csv
Run time jacobi2d iter 0: 622.165 ms
Run time jacobi2d iter 1: 580.133 ms
Run time jacobi2d iter 2: 576.489 ms
Run time jacobi2d iter 3: 578.019 ms
Run time jacobi2d iter 4: 594.392 ms
Run time jacobi2d iter 5: 629.139 ms
Run time jacobi2d iter 6: 628.075 ms
Run time jacobi2d iter 7: 627.719 ms
Run time jacobi2d iter 8: 574.832 ms
Run time jacobi2d iter 9: 581.311 ms
Run time jacobi2d_vectorized_static_veclen_8_no_cpy iter 0: 877.834 ms
Run time jacobi2d_vectorized_static_veclen_8_no_cpy iter 1: 877.811 ms
Run time jacobi2d_vectorized_static_veclen_8_no_cpy iter 2: 858.900 ms
Run time jacobi2d_vectorized_static_veclen_8_no_cpy iter 3: 881.760 ms
Run time jacobi2d_vectorized_static_veclen_8_no_cpy iter 4: 894.988 ms
Run time jacobi2d_vectorized_static_veclen_8_no_cpy iter 5: 898.175 ms
Run time jacobi2d_vectorized_static_veclen_8_no_cpy iter 6: 893.100 ms
Run time jacobi2d_vectorized_static_veclen_8_no_cpy iter 7: 898.926 ms
Run time jacobi2d_vectorized_static_veclen_8_no_cpy iter 8: 901.295 ms
Run time jacobi2d_vectorized_static_veclen_8_no_cpy iter 9: 896.708 ms
Run time jacobi2d_vectorized_static_veclen_8_cpy iter 0: 590.286 ms
Run time jacobi2d_vectorized_static_veclen_8_cpy iter 1: 576.466 ms
Run time jacobi2d_vectorized_static_veclen_8_cpy iter 2: 587.860 ms
Run time jacobi2d_vectorized_static_veclen_8_cpy iter 3: 582.244 ms
Run time jacobi2d_vectorized_static_veclen_8_cpy iter 4: 584.931 ms
Run time jacobi2d_vectorized_static_veclen_8_cpy iter 5: 593.273 ms
Run time jacobi2d_vectorized_static_veclen_8_cpy iter 6: 573.858 ms
Run time jacobi2d_vectorized_static_veclen_8_cpy iter 7: 592.626 ms
Run time jacobi2d_vectorized_static_veclen_8_cpy iter 8: 583.803 ms
Run time jacobi2d_vectorized_static_veclen_8_cpy iter 9: 580.173 ms
Run time jacobi2d_vectorized_static_veclen_16_no_cpy iter 0: 1079.136 ms
Run time jacobi2d_vectorized_static_veclen_16_no_cpy iter 1: 1092.536 ms
Run time jacobi2d_vectorized_static_veclen_16_no_cpy iter 2: 1095.750 ms
Run time jacobi2d_vectorized_static_veclen_16_no_cpy iter 3: 1097.927 ms
Run time jacobi2d_vectorized_static_veclen_16_no_cpy iter 4: 1093.584 ms
Run time jacobi2d_vectorized_static_veclen_16_no_cpy iter 5: 1096.184 ms
Run time jacobi2d_vectorized_static_veclen_16_no_cpy iter 6: 1098.317 ms
Run time jacobi2d_vectorized_static_veclen_16_no_cpy iter 7: 1094.224 ms
Run time jacobi2d_vectorized_static_veclen_16_no_cpy iter 8: 1105.516 ms
Run time jacobi2d_vectorized_static_veclen_16_no_cpy iter 9: 1104.498 ms
Run time jacobi2d_vectorized_static_veclen_16_cpy iter 0: 573.316 ms
Run time jacobi2d_vectorized_static_veclen_16_cpy iter 1: 560.065 ms
Run time jacobi2d_vectorized_static_veclen_16_cpy iter 2: 578.053 ms
Run time jacobi2d_vectorized_static_veclen_16_cpy iter 3: 581.382 ms
Run time jacobi2d_vectorized_static_veclen_16_cpy iter 4: 577.656 ms
Run time jacobi2d_vectorized_static_veclen_16_cpy iter 5: 581.234 ms
Run time jacobi2d_vectorized_static_veclen_16_cpy iter 6: 564.671 ms
Run time jacobi2d_vectorized_static_veclen_16_cpy iter 7: 561.493 ms
Run time jacobi2d_vectorized_static_veclen_16_cpy iter 8: 556.102 ms
Run time jacobi2d_vectorized_static_veclen_16_cpy iter 9: 554.305 ms
Run time jacobi2d_vectorized_static_veclen_32_no_cpy iter 0: 731.406 ms
Run time jacobi2d_vectorized_static_veclen_32_no_cpy iter 1: 723.242 ms
Run time jacobi2d_vectorized_static_veclen_32_no_cpy iter 2: 754.407 ms
Run time jacobi2d_vectorized_static_veclen_32_no_cpy iter 3: 763.210 ms
Run time jacobi2d_vectorized_static_veclen_32_no_cpy iter 4: 737.955 ms
Run time jacobi2d_vectorized_static_veclen_32_no_cpy iter 5: 732.460 ms
Run time jacobi2d_vectorized_static_veclen_32_no_cpy iter 6: 720.676 ms
Run time jacobi2d_vectorized_static_veclen_32_no_cpy iter 7: 751.693 ms
Run time jacobi2d_vectorized_static_veclen_32_no_cpy iter 8: 781.257 ms
Run time jacobi2d_vectorized_static_veclen_32_no_cpy iter 9: 722.719 ms
Run time jacobi2d_vectorized_static_veclen_32_cpy iter 0: 647.452 ms
Run time jacobi2d_vectorized_static_veclen_32_cpy iter 1: 674.053 ms
Run time jacobi2d_vectorized_static_veclen_32_cpy iter 2: 636.558 ms
Run time jacobi2d_vectorized_static_veclen_32_cpy iter 3: 626.580 ms
Run time jacobi2d_vectorized_static_veclen_32_cpy iter 4: 625.075 ms
Run time jacobi2d_vectorized_static_veclen_32_cpy iter 5: 621.709 ms
Run time jacobi2d_vectorized_static_veclen_32_cpy iter 6: 639.774 ms
Run time jacobi2d_vectorized_static_veclen_32_cpy iter 7: 650.103 ms
Run time jacobi2d_vectorized_static_veclen_32_cpy iter 8: 642.567 ms
Run time jacobi2d_vectorized_static_veclen_32_cpy iter 9: 670.392 ms
Run time jacobi2d_vectorized_static_veclen_8_no_cpy_aligned iter 0: 884.399 ms
Run time jacobi2d_vectorized_static_veclen_8_no_cpy_aligned iter 1: 893.823 ms
Run time jacobi2d_vectorized_static_veclen_8_no_cpy_aligned iter 2: 887.212 ms
Run time jacobi2d_vectorized_static_veclen_8_no_cpy_aligned iter 3: 891.990 ms
Run time jacobi2d_vectorized_static_veclen_8_no_cpy_aligned iter 4: 893.744 ms
Run time jacobi2d_vectorized_static_veclen_8_no_cpy_aligned iter 5: 888.899 ms
Run time jacobi2d_vectorized_static_veclen_8_no_cpy_aligned iter 6: 871.008 ms
Run time jacobi2d_vectorized_static_veclen_8_no_cpy_aligned iter 7: 869.805 ms
Run time jacobi2d_vectorized_static_veclen_8_no_cpy_aligned iter 8: 868.522 ms
Run time jacobi2d_vectorized_static_veclen_8_no_cpy_aligned iter 9: 874.633 ms
Run time jacobi2d_vectorized_static_veclen_16_no_cpy_aligned iter 0: 1018.361 ms
Run time jacobi2d_vectorized_static_veclen_16_no_cpy_aligned iter 1: 1018.879 ms
Run time jacobi2d_vectorized_static_veclen_16_no_cpy_aligned iter 2: 1022.442 ms
Run time jacobi2d_vectorized_static_veclen_16_no_cpy_aligned iter 3: 1019.092 ms
Run time jacobi2d_vectorized_static_veclen_16_no_cpy_aligned iter 4: 1013.575 ms
Run time jacobi2d_vectorized_static_veclen_16_no_cpy_aligned iter 5: 1015.449 ms
Run time jacobi2d_vectorized_static_veclen_16_no_cpy_aligned iter 6: 991.664 ms
Run time jacobi2d_vectorized_static_veclen_16_no_cpy_aligned iter 7: 990.406 ms
Run time jacobi2d_vectorized_static_veclen_16_no_cpy_aligned iter 8: 1009.185 ms
Run time jacobi2d_vectorized_static_veclen_16_no_cpy_aligned iter 9: 1021.586 ms
Run time jacobi2d_vectorized_static_veclen_32_no_cpy_aligned iter 0: 842.051 ms
Run time jacobi2d_vectorized_static_veclen_32_no_cpy_aligned iter 1: 862.406 ms
Run time jacobi2d_vectorized_static_veclen_32_no_cpy_aligned iter 2: 862.381 ms
Run time jacobi2d_vectorized_static_veclen_32_no_cpy_aligned iter 3: 835.772 ms
Run time jacobi2d_vectorized_static_veclen_32_no_cpy_aligned iter 4: 803.024 ms
Run time jacobi2d_vectorized_static_veclen_32_no_cpy_aligned iter 5: 716.969 ms
Run time jacobi2d_vectorized_static_veclen_32_no_cpy_aligned iter 6: 760.294 ms
Run time jacobi2d_vectorized_static_veclen_32_no_cpy_aligned iter 7: 759.118 ms
Run time jacobi2d_vectorized_static_veclen_32_no_cpy_aligned iter 8: 762.335 ms
Run time jacobi2d_vectorized_static_veclen_32_no_cpy_aligned iter 9: 756.284 ms
Saved timing results to jacobi2d_timings_jacobi2d_timings_intel_xeon_llvm_1_core.csv.csv
Run time jacobi2d iter 0: 2493.120 ms
Run time jacobi2d iter 1: 2411.641 ms
Run time jacobi2d iter 2: 2468.190 ms
Run time jacobi2d iter 3: 2457.154 ms
Run time jacobi2d iter 4: 2471.970 ms
Run time jacobi2d iter 5: 2460.700 ms
Run time jacobi2d iter 6: 2407.646 ms
Run time jacobi2d iter 7: 2421.116 ms
Run time jacobi2d iter 8: 2419.394 ms
Run time jacobi2d iter 9: 2410.892 ms
Run time jacobi2d_vectorized_static_veclen_8_no_cpy iter 0: 3586.316 ms
Run time jacobi2d_vectorized_static_veclen_8_no_cpy iter 1: 3592.924 ms
Run time jacobi2d_vectorized_static_veclen_8_no_cpy iter 2: 3584.955 ms
Run time jacobi2d_vectorized_static_veclen_8_no_cpy iter 3: 3597.791 ms
Run time jacobi2d_vectorized_static_veclen_8_no_cpy iter 4: 3511.896 ms
Run time jacobi2d_vectorized_static_veclen_8_no_cpy iter 5: 3584.110 ms
Run time jacobi2d_vectorized_static_veclen_8_no_cpy iter 6: 3585.270 ms
Run time jacobi2d_vectorized_static_veclen_8_no_cpy iter 7: 3589.000 ms
Run time jacobi2d_vectorized_static_veclen_8_no_cpy iter 8: 3596.251 ms
Run time jacobi2d_vectorized_static_veclen_8_no_cpy iter 9: 3591.238 ms
Run time jacobi2d_vectorized_static_veclen_8_cpy iter 0: 2384.299 ms
Run time jacobi2d_vectorized_static_veclen_8_cpy iter 1: 2382.625 ms
Run time jacobi2d_vectorized_static_veclen_8_cpy iter 2: 2382.077 ms
Run time jacobi2d_vectorized_static_veclen_8_cpy iter 3: 2371.678 ms
Run time jacobi2d_vectorized_static_veclen_8_cpy iter 4: 2381.408 ms
Run time jacobi2d_vectorized_static_veclen_8_cpy iter 5: 2365.546 ms
Run time jacobi2d_vectorized_static_veclen_8_cpy iter 6: 2368.353 ms
Run time jacobi2d_vectorized_static_veclen_8_cpy iter 7: 2362.449 ms
Run time jacobi2d_vectorized_static_veclen_8_cpy iter 8: 2362.278 ms
Run time jacobi2d_vectorized_static_veclen_8_cpy iter 9: 2361.917 ms
Run time jacobi2d_vectorized_static_veclen_16_no_cpy iter 0: 4397.627 ms
Run time jacobi2d_vectorized_static_veclen_16_no_cpy iter 1: 4399.943 ms
Run time jacobi2d_vectorized_static_veclen_16_no_cpy iter 2: 4401.364 ms
Run time jacobi2d_vectorized_static_veclen_16_no_cpy iter 3: 4398.672 ms
Run time jacobi2d_vectorized_static_veclen_16_no_cpy iter 4: 4399.407 ms
Run time jacobi2d_vectorized_static_veclen_16_no_cpy iter 5: 4377.876 ms
Run time jacobi2d_vectorized_static_veclen_16_no_cpy iter 6: 4402.391 ms
Run time jacobi2d_vectorized_static_veclen_16_no_cpy iter 7: 4404.554 ms
Run time jacobi2d_vectorized_static_veclen_16_no_cpy iter 8: 4408.045 ms
Run time jacobi2d_vectorized_static_veclen_16_no_cpy iter 9: 4405.337 ms
Run time jacobi2d_vectorized_static_veclen_16_cpy iter 0: 2373.155 ms
Run time jacobi2d_vectorized_static_veclen_16_cpy iter 1: 2370.740 ms
Run time jacobi2d_vectorized_static_veclen_16_cpy iter 2: 2373.030 ms
Run time jacobi2d_vectorized_static_veclen_16_cpy iter 3: 2372.284 ms
Run time jacobi2d_vectorized_static_veclen_16_cpy iter 4: 2374.254 ms
Run time jacobi2d_vectorized_static_veclen_16_cpy iter 5: 2364.459 ms
Run time jacobi2d_vectorized_static_veclen_16_cpy iter 6: 2378.170 ms
Run time jacobi2d_vectorized_static_veclen_16_cpy iter 7: 2361.607 ms
Run time jacobi2d_vectorized_static_veclen_16_cpy iter 8: 2360.198 ms
Run time jacobi2d_vectorized_static_veclen_16_cpy iter 9: 2359.873 ms
Run time jacobi2d_vectorized_static_veclen_32_no_cpy iter 0: 3010.031 ms
Run time jacobi2d_vectorized_static_veclen_32_no_cpy iter 1: 3013.531 ms
Run time jacobi2d_vectorized_static_veclen_32_no_cpy iter 2: 3007.439 ms
Run time jacobi2d_vectorized_static_veclen_32_no_cpy iter 3: 3003.651 ms
Run time jacobi2d_vectorized_static_veclen_32_no_cpy iter 4: 3003.587 ms
Run time jacobi2d_vectorized_static_veclen_32_no_cpy iter 5: 3007.038 ms
Run time jacobi2d_vectorized_static_veclen_32_no_cpy iter 6: 3006.490 ms
Run time jacobi2d_vectorized_static_veclen_32_no_cpy iter 7: 2996.229 ms
Run time jacobi2d_vectorized_static_veclen_32_no_cpy iter 8: 3007.783 ms
Run time jacobi2d_vectorized_static_veclen_32_no_cpy iter 9: 2999.621 ms
Run time jacobi2d_vectorized_static_veclen_32_cpy iter 0: 2675.805 ms
Run time jacobi2d_vectorized_static_veclen_32_cpy iter 1: 2675.217 ms
Run time jacobi2d_vectorized_static_veclen_32_cpy iter 2: 2674.596 ms
Run time jacobi2d_vectorized_static_veclen_32_cpy iter 3: 2680.290 ms
Run time jacobi2d_vectorized_static_veclen_32_cpy iter 4: 2674.943 ms
Run time jacobi2d_vectorized_static_veclen_32_cpy iter 5: 2673.692 ms
Run time jacobi2d_vectorized_static_veclen_32_cpy iter 6: 2674.055 ms
Run time jacobi2d_vectorized_static_veclen_32_cpy iter 7: 2674.317 ms
Run time jacobi2d_vectorized_static_veclen_32_cpy iter 8: 2672.864 ms
Run time jacobi2d_vectorized_static_veclen_32_cpy iter 9: 2678.216 ms
Run time jacobi2d_vectorized_static_veclen_8_no_cpy_aligned iter 0: 3530.769 ms
Run time jacobi2d_vectorized_static_veclen_8_no_cpy_aligned iter 1: 3505.945 ms
Run time jacobi2d_vectorized_static_veclen_8_no_cpy_aligned iter 2: 3524.119 ms
Run time jacobi2d_vectorized_static_veclen_8_no_cpy_aligned iter 3: 3524.049 ms
Run time jacobi2d_vectorized_static_veclen_8_no_cpy_aligned iter 4: 3522.996 ms
Run time jacobi2d_vectorized_static_veclen_8_no_cpy_aligned iter 5: 3521.843 ms
Run time jacobi2d_vectorized_static_veclen_8_no_cpy_aligned iter 6: 3519.307 ms
Run time jacobi2d_vectorized_static_veclen_8_no_cpy_aligned iter 7: 3519.072 ms
Run time jacobi2d_vectorized_static_veclen_8_no_cpy_aligned iter 8: 3520.905 ms
Run time jacobi2d_vectorized_static_veclen_8_no_cpy_aligned iter 9: 3519.470 ms
Run time jacobi2d_vectorized_static_veclen_16_no_cpy_aligned iter 0: 4081.805 ms
Run time jacobi2d_vectorized_static_veclen_16_no_cpy_aligned iter 1: 4072.807 ms
Run time jacobi2d_vectorized_static_veclen_16_no_cpy_aligned iter 2: 4061.465 ms
Run time jacobi2d_vectorized_static_veclen_16_no_cpy_aligned iter 3: 4099.072 ms
Run time jacobi2d_vectorized_static_veclen_16_no_cpy_aligned iter 4: 4098.501 ms
Run time jacobi2d_vectorized_static_veclen_16_no_cpy_aligned iter 5: 4097.274 ms
Run time jacobi2d_vectorized_static_veclen_16_no_cpy_aligned iter 6: 4096.386 ms
Run time jacobi2d_vectorized_static_veclen_16_no_cpy_aligned iter 7: 4096.733 ms
Run time jacobi2d_vectorized_static_veclen_16_no_cpy_aligned iter 8: 4099.366 ms
Run time jacobi2d_vectorized_static_veclen_16_no_cpy_aligned iter 9: 4090.058 ms
Run time jacobi2d_vectorized_static_veclen_32_no_cpy_aligned iter 0: 3221.210 ms
Run time jacobi2d_vectorized_static_veclen_32_no_cpy_aligned iter 1: 3215.632 ms
Run time jacobi2d_vectorized_static_veclen_32_no_cpy_aligned iter 2: 3216.542 ms
Run time jacobi2d_vectorized_static_veclen_32_no_cpy_aligned iter 3: 3215.662 ms
Run time jacobi2d_vectorized_static_veclen_32_no_cpy_aligned iter 4: 3213.074 ms
Run time jacobi2d_vectorized_static_veclen_32_no_cpy_aligned iter 5: 3216.919 ms
Run time jacobi2d_vectorized_static_veclen_32_no_cpy_aligned iter 6: 3213.413 ms
Run time jacobi2d_vectorized_static_veclen_32_no_cpy_aligned iter 7: 3214.517 ms
Run time jacobi2d_vectorized_static_veclen_32_no_cpy_aligned iter 8: 3211.903 ms
Run time jacobi2d_vectorized_static_veclen_32_no_cpy_aligned iter 9: 3215.143 ms
Saved timing results to jacobi2d_timings_jacobi2d_timings_intel_xeon_llvm_1_core.csv.csv
