Physical cores: 36
Run time jacobi2d iter 0: 17.544 ms
Run time jacobi2d iter 1: 17.524 ms
Run time jacobi2d iter 2: 24.691 ms
Run time jacobi2d iter 3: 25.316 ms
Run time jacobi2d iter 4: 24.552 ms
Run time jacobi2d iter 5: 20.280 ms
Run time jacobi2d iter 6: 17.683 ms
Run time jacobi2d iter 7: 21.295 ms
Run time jacobi2d iter 8: 18.320 ms
Run time jacobi2d iter 9: 18.290 ms
Run time jacobi2d_vectorized_static_veclen_8_no_cpy iter 0: 46.232 ms
Run time jacobi2d_vectorized_static_veclen_8_no_cpy iter 1: 46.948 ms
Run time jacobi2d_vectorized_static_veclen_8_no_cpy iter 2: 47.579 ms
Run time jacobi2d_vectorized_static_veclen_8_no_cpy iter 3: 47.538 ms
Run time jacobi2d_vectorized_static_veclen_8_no_cpy iter 4: 42.626 ms
Run time jacobi2d_vectorized_static_veclen_8_no_cpy iter 5: 40.467 ms
Run time jacobi2d_vectorized_static_veclen_8_no_cpy iter 6: 46.313 ms
Run time jacobi2d_vectorized_static_veclen_8_no_cpy iter 7: 42.896 ms
Run time jacobi2d_vectorized_static_veclen_8_no_cpy iter 8: 41.186 ms
Run time jacobi2d_vectorized_static_veclen_8_no_cpy iter 9: 43.611 ms
Run time jacobi2d_vectorized_static_veclen_8_cpy iter 0: 17.789 ms
Run time jacobi2d_vectorized_static_veclen_8_cpy iter 1: 17.799 ms
Run time jacobi2d_vectorized_static_veclen_8_cpy iter 2: 17.810 ms
Run time jacobi2d_vectorized_static_veclen_8_cpy iter 3: 17.815 ms
Run time jacobi2d_vectorized_static_veclen_8_cpy iter 4: 17.797 ms
Run time jacobi2d_vectorized_static_veclen_8_cpy iter 5: 17.801 ms
Run time jacobi2d_vectorized_static_veclen_8_cpy iter 6: 17.814 ms
Run time jacobi2d_vectorized_static_veclen_8_cpy iter 7: 19.703 ms
Run time jacobi2d_vectorized_static_veclen_8_cpy iter 8: 17.791 ms
Run time jacobi2d_vectorized_static_veclen_8_cpy iter 9: 17.794 ms
Run time jacobi2d_vectorized_static_veclen_16_no_cpy iter 0: 38.618 ms
Run time jacobi2d_vectorized_static_veclen_16_no_cpy iter 1: 38.513 ms
Run time jacobi2d_vectorized_static_veclen_16_no_cpy iter 2: 41.343 ms
Run time jacobi2d_vectorized_static_veclen_16_no_cpy iter 3: 38.509 ms
Run time jacobi2d_vectorized_static_veclen_16_no_cpy iter 4: 38.491 ms
Run time jacobi2d_vectorized_static_veclen_16_no_cpy iter 5: 38.641 ms
Run time jacobi2d_vectorized_static_veclen_16_no_cpy iter 6: 38.641 ms
Run time jacobi2d_vectorized_static_veclen_16_no_cpy iter 7: 38.608 ms
Run time jacobi2d_vectorized_static_veclen_16_no_cpy iter 8: 38.496 ms
Run time jacobi2d_vectorized_static_veclen_16_no_cpy iter 9: 38.431 ms
Run time jacobi2d_vectorized_static_veclen_16_cpy iter 0: 23.375 ms
Run time jacobi2d_vectorized_static_veclen_16_cpy iter 1: 21.212 ms
Run time jacobi2d_vectorized_static_veclen_16_cpy iter 2: 18.620 ms
Run time jacobi2d_vectorized_static_veclen_16_cpy iter 3: 17.580 ms
Run time jacobi2d_vectorized_static_veclen_16_cpy iter 4: 17.590 ms
Run time jacobi2d_vectorized_static_veclen_16_cpy iter 5: 17.582 ms
Run time jacobi2d_vectorized_static_veclen_16_cpy iter 6: 17.597 ms
Run time jacobi2d_vectorized_static_veclen_16_cpy iter 7: 17.596 ms
Run time jacobi2d_vectorized_static_veclen_16_cpy iter 8: 17.606 ms
Run time jacobi2d_vectorized_static_veclen_16_cpy iter 9: 17.654 ms
Run time jacobi2d_vectorized_static_veclen_32_no_cpy iter 0: 17.357 ms
Run time jacobi2d_vectorized_static_veclen_32_no_cpy iter 1: 17.357 ms
Run time jacobi2d_vectorized_static_veclen_32_no_cpy iter 2: 17.356 ms
Run time jacobi2d_vectorized_static_veclen_32_no_cpy iter 3: 17.348 ms
Run time jacobi2d_vectorized_static_veclen_32_no_cpy iter 4: 17.361 ms
Run time jacobi2d_vectorized_static_veclen_32_no_cpy iter 5: 17.361 ms
Run time jacobi2d_vectorized_static_veclen_32_no_cpy iter 6: 17.361 ms
Run time jacobi2d_vectorized_static_veclen_32_no_cpy iter 7: 17.351 ms
Run time jacobi2d_vectorized_static_veclen_32_no_cpy iter 8: 17.376 ms
Run time jacobi2d_vectorized_static_veclen_32_no_cpy iter 9: 17.384 ms
Run time jacobi2d_vectorized_static_veclen_32_cpy iter 0: 17.462 ms
Run time jacobi2d_vectorized_static_veclen_32_cpy iter 1: 17.460 ms
Run time jacobi2d_vectorized_static_veclen_32_cpy iter 2: 17.475 ms
Run time jacobi2d_vectorized_static_veclen_32_cpy iter 3: 17.462 ms
Run time jacobi2d_vectorized_static_veclen_32_cpy iter 4: 17.456 ms
Run time jacobi2d_vectorized_static_veclen_32_cpy iter 5: 17.471 ms
Run time jacobi2d_vectorized_static_veclen_32_cpy iter 6: 17.468 ms
Run time jacobi2d_vectorized_static_veclen_32_cpy iter 7: 17.756 ms
Run time jacobi2d_vectorized_static_veclen_32_cpy iter 8: 17.474 ms
Run time jacobi2d_vectorized_static_veclen_32_cpy iter 9: 17.460 ms
Saved timing results to jacobi2d_timings_jacobi2d_timings_intel_xeon_llvm_1_core.csv.csv
Run time jacobi2d iter 0: 70.527 ms
Run time jacobi2d iter 1: 70.809 ms
Run time jacobi2d iter 2: 70.700 ms
Run time jacobi2d iter 3: 70.615 ms
Run time jacobi2d iter 4: 70.660 ms
Run time jacobi2d iter 5: 71.375 ms
Run time jacobi2d iter 6: 71.623 ms
Run time jacobi2d iter 7: 71.882 ms
Run time jacobi2d iter 8: 71.843 ms
Run time jacobi2d iter 9: 71.896 ms
Run time jacobi2d_vectorized_static_veclen_8_no_cpy iter 0: 175.542 ms
Run time jacobi2d_vectorized_static_veclen_8_no_cpy iter 1: 180.169 ms
Run time jacobi2d_vectorized_static_veclen_8_no_cpy iter 2: 175.338 ms
Run time jacobi2d_vectorized_static_veclen_8_no_cpy iter 3: 179.106 ms
Run time jacobi2d_vectorized_static_veclen_8_no_cpy iter 4: 173.134 ms
Run time jacobi2d_vectorized_static_veclen_8_no_cpy iter 5: 172.990 ms
Run time jacobi2d_vectorized_static_veclen_8_no_cpy iter 6: 175.497 ms
Run time jacobi2d_vectorized_static_veclen_8_no_cpy iter 7: 174.191 ms
Run time jacobi2d_vectorized_static_veclen_8_no_cpy iter 8: 174.775 ms
Run time jacobi2d_vectorized_static_veclen_8_no_cpy iter 9: 175.988 ms
Run time jacobi2d_vectorized_static_veclen_8_cpy iter 0: 73.338 ms
Run time jacobi2d_vectorized_static_veclen_8_cpy iter 1: 73.437 ms
Run time jacobi2d_vectorized_static_veclen_8_cpy iter 2: 78.049 ms
Run time jacobi2d_vectorized_static_veclen_8_cpy iter 3: 73.150 ms
Run time jacobi2d_vectorized_static_veclen_8_cpy iter 4: 71.132 ms
Run time jacobi2d_vectorized_static_veclen_8_cpy iter 5: 89.742 ms
Run time jacobi2d_vectorized_static_veclen_8_cpy iter 6: 78.249 ms
Run time jacobi2d_vectorized_static_veclen_8_cpy iter 7: 77.160 ms
Run time jacobi2d_vectorized_static_veclen_8_cpy iter 8: 73.766 ms
Run time jacobi2d_vectorized_static_veclen_8_cpy iter 9: 71.912 ms
Run time jacobi2d_vectorized_static_veclen_16_no_cpy iter 0: 155.984 ms
Run time jacobi2d_vectorized_static_veclen_16_no_cpy iter 1: 157.011 ms
Run time jacobi2d_vectorized_static_veclen_16_no_cpy iter 2: 155.015 ms
Run time jacobi2d_vectorized_static_veclen_16_no_cpy iter 3: 163.089 ms
Run time jacobi2d_vectorized_static_veclen_16_no_cpy iter 4: 163.956 ms
Run time jacobi2d_vectorized_static_veclen_16_no_cpy iter 5: 167.126 ms
Run time jacobi2d_vectorized_static_veclen_16_no_cpy iter 6: 156.766 ms
Run time jacobi2d_vectorized_static_veclen_16_no_cpy iter 7: 159.233 ms
Run time jacobi2d_vectorized_static_veclen_16_no_cpy iter 8: 158.558 ms
Run time jacobi2d_vectorized_static_veclen_16_no_cpy iter 9: 159.099 ms
Run time jacobi2d_vectorized_static_veclen_16_cpy iter 0: 71.315 ms
Run time jacobi2d_vectorized_static_veclen_16_cpy iter 1: 74.862 ms
Run time jacobi2d_vectorized_static_veclen_16_cpy iter 2: 71.709 ms
Run time jacobi2d_vectorized_static_veclen_16_cpy iter 3: 72.117 ms
Run time jacobi2d_vectorized_static_veclen_16_cpy iter 4: 72.328 ms
Run time jacobi2d_vectorized_static_veclen_16_cpy iter 5: 72.763 ms
Run time jacobi2d_vectorized_static_veclen_16_cpy iter 6: 72.610 ms
Run time jacobi2d_vectorized_static_veclen_16_cpy iter 7: 74.608 ms
Run time jacobi2d_vectorized_static_veclen_16_cpy iter 8: 74.687 ms
Run time jacobi2d_vectorized_static_veclen_16_cpy iter 9: 77.186 ms
Run time jacobi2d_vectorized_static_veclen_32_no_cpy iter 0: 69.856 ms
Run time jacobi2d_vectorized_static_veclen_32_no_cpy iter 1: 69.897 ms
Run time jacobi2d_vectorized_static_veclen_32_no_cpy iter 2: 69.862 ms
Run time jacobi2d_vectorized_static_veclen_32_no_cpy iter 3: 69.797 ms
Run time jacobi2d_vectorized_static_veclen_32_no_cpy iter 4: 69.847 ms
Run time jacobi2d_vectorized_static_veclen_32_no_cpy iter 5: 69.851 ms
Run time jacobi2d_vectorized_static_veclen_32_no_cpy iter 6: 73.019 ms
Run time jacobi2d_vectorized_static_veclen_32_no_cpy iter 7: 75.601 ms
Run time jacobi2d_vectorized_static_veclen_32_no_cpy iter 8: 69.752 ms
Run time jacobi2d_vectorized_static_veclen_32_no_cpy iter 9: 70.174 ms
Run time jacobi2d_vectorized_static_veclen_32_cpy iter 0: 78.040 ms
Run time jacobi2d_vectorized_static_veclen_32_cpy iter 1: 85.535 ms
Run time jacobi2d_vectorized_static_veclen_32_cpy iter 2: 83.915 ms
Run time jacobi2d_vectorized_static_veclen_32_cpy iter 3: 80.421 ms
Run time jacobi2d_vectorized_static_veclen_32_cpy iter 4: 75.997 ms
Run time jacobi2d_vectorized_static_veclen_32_cpy iter 5: 95.943 ms
Run time jacobi2d_vectorized_static_veclen_32_cpy iter 6: 92.883 ms
Run time jacobi2d_vectorized_static_veclen_32_cpy iter 7: 85.859 ms
Run time jacobi2d_vectorized_static_veclen_32_cpy iter 8: 69.822 ms
Run time jacobi2d_vectorized_static_veclen_32_cpy iter 9: 71.284 ms
Saved timing results to jacobi2d_timings_jacobi2d_timings_intel_xeon_llvm_1_core.csv.csv
Run time jacobi2d iter 0: 658.538 ms
Run time jacobi2d iter 1: 659.838 ms
Run time jacobi2d iter 2: 587.082 ms
Run time jacobi2d iter 3: 586.353 ms
Run time jacobi2d iter 4: 590.308 ms
Run time jacobi2d iter 5: 603.608 ms
Run time jacobi2d iter 6: 589.657 ms
Run time jacobi2d iter 7: 579.895 ms
Run time jacobi2d iter 8: 601.984 ms
Run time jacobi2d iter 9: 612.291 ms
Run time jacobi2d_vectorized_static_veclen_8_no_cpy iter 0: 972.479 ms
Run time jacobi2d_vectorized_static_veclen_8_no_cpy iter 1: 974.554 ms
Run time jacobi2d_vectorized_static_veclen_8_no_cpy iter 2: 972.745 ms
Run time jacobi2d_vectorized_static_veclen_8_no_cpy iter 3: 926.579 ms
Run time jacobi2d_vectorized_static_veclen_8_no_cpy iter 4: 922.040 ms
Run time jacobi2d_vectorized_static_veclen_8_no_cpy iter 5: 922.616 ms
Run time jacobi2d_vectorized_static_veclen_8_no_cpy iter 6: 975.049 ms
Run time jacobi2d_vectorized_static_veclen_8_no_cpy iter 7: 976.777 ms
Run time jacobi2d_vectorized_static_veclen_8_no_cpy iter 8: 972.507 ms
Run time jacobi2d_vectorized_static_veclen_8_no_cpy iter 9: 979.164 ms
Run time jacobi2d_vectorized_static_veclen_8_cpy iter 0: 590.836 ms
Run time jacobi2d_vectorized_static_veclen_8_cpy iter 1: 604.174 ms
Run time jacobi2d_vectorized_static_veclen_8_cpy iter 2: 610.214 ms
Run time jacobi2d_vectorized_static_veclen_8_cpy iter 3: 617.488 ms
Run time jacobi2d_vectorized_static_veclen_8_cpy iter 4: 630.995 ms
Run time jacobi2d_vectorized_static_veclen_8_cpy iter 5: 633.410 ms
Run time jacobi2d_vectorized_static_veclen_8_cpy iter 6: 648.072 ms
Run time jacobi2d_vectorized_static_veclen_8_cpy iter 7: 642.449 ms
Run time jacobi2d_vectorized_static_veclen_8_cpy iter 8: 637.681 ms
Run time jacobi2d_vectorized_static_veclen_8_cpy iter 9: 640.831 ms
Run time jacobi2d_vectorized_static_veclen_16_no_cpy iter 0: 966.817 ms
Run time jacobi2d_vectorized_static_veclen_16_no_cpy iter 1: 974.473 ms
Run time jacobi2d_vectorized_static_veclen_16_no_cpy iter 2: 978.885 ms
Run time jacobi2d_vectorized_static_veclen_16_no_cpy iter 3: 973.499 ms
Run time jacobi2d_vectorized_static_veclen_16_no_cpy iter 4: 974.218 ms
Run time jacobi2d_vectorized_static_veclen_16_no_cpy iter 5: 966.088 ms
Run time jacobi2d_vectorized_static_veclen_16_no_cpy iter 6: 970.517 ms
Run time jacobi2d_vectorized_static_veclen_16_no_cpy iter 7: 975.307 ms
Run time jacobi2d_vectorized_static_veclen_16_no_cpy iter 8: 971.659 ms
Run time jacobi2d_vectorized_static_veclen_16_no_cpy iter 9: 923.211 ms
Run time jacobi2d_vectorized_static_veclen_16_cpy iter 0: 598.786 ms
Run time jacobi2d_vectorized_static_veclen_16_cpy iter 1: 598.154 ms
Run time jacobi2d_vectorized_static_veclen_16_cpy iter 2: 594.114 ms
Run time jacobi2d_vectorized_static_veclen_16_cpy iter 3: 598.380 ms
Run time jacobi2d_vectorized_static_veclen_16_cpy iter 4: 597.552 ms
Run time jacobi2d_vectorized_static_veclen_16_cpy iter 5: 598.085 ms
Run time jacobi2d_vectorized_static_veclen_16_cpy iter 6: 599.139 ms
Run time jacobi2d_vectorized_static_veclen_16_cpy iter 7: 598.306 ms
Run time jacobi2d_vectorized_static_veclen_16_cpy iter 8: 602.850 ms
Run time jacobi2d_vectorized_static_veclen_16_cpy iter 9: 587.005 ms
Run time jacobi2d_vectorized_static_veclen_32_no_cpy iter 0: 607.109 ms
Run time jacobi2d_vectorized_static_veclen_32_no_cpy iter 1: 595.790 ms
Run time jacobi2d_vectorized_static_veclen_32_no_cpy iter 2: 606.780 ms
Run time jacobi2d_vectorized_static_veclen_32_no_cpy iter 3: 609.298 ms
Run time jacobi2d_vectorized_static_veclen_32_no_cpy iter 4: 610.322 ms
Run time jacobi2d_vectorized_static_veclen_32_no_cpy iter 5: 611.972 ms
Run time jacobi2d_vectorized_static_veclen_32_no_cpy iter 6: 610.713 ms
Run time jacobi2d_vectorized_static_veclen_32_no_cpy iter 7: 609.816 ms
Run time jacobi2d_vectorized_static_veclen_32_no_cpy iter 8: 609.178 ms
Run time jacobi2d_vectorized_static_veclen_32_no_cpy iter 9: 608.648 ms
Run time jacobi2d_vectorized_static_veclen_32_cpy iter 0: 602.870 ms
Run time jacobi2d_vectorized_static_veclen_32_cpy iter 1: 579.894 ms
Run time jacobi2d_vectorized_static_veclen_32_cpy iter 2: 576.945 ms
Run time jacobi2d_vectorized_static_veclen_32_cpy iter 3: 591.005 ms
Run time jacobi2d_vectorized_static_veclen_32_cpy iter 4: 605.328 ms
Run time jacobi2d_vectorized_static_veclen_32_cpy iter 5: 600.601 ms
Run time jacobi2d_vectorized_static_veclen_32_cpy iter 6: 596.728 ms
Run time jacobi2d_vectorized_static_veclen_32_cpy iter 7: 596.135 ms
Run time jacobi2d_vectorized_static_veclen_32_cpy iter 8: 594.396 ms
Run time jacobi2d_vectorized_static_veclen_32_cpy iter 9: 598.256 ms
Saved timing results to jacobi2d_timings_jacobi2d_timings_intel_xeon_llvm_1_core.csv.csv
Run time jacobi2d iter 0: 2598.206 ms
Run time jacobi2d iter 1: 2594.649 ms
Run time jacobi2d iter 2: 2587.266 ms
Run time jacobi2d iter 3: 2584.657 ms
Run time jacobi2d iter 4: 2584.007 ms
Run time jacobi2d iter 5: 2578.957 ms
Run time jacobi2d iter 6: 2583.973 ms
Run time jacobi2d iter 7: 2583.014 ms
Run time jacobi2d iter 8: 2593.163 ms
Run time jacobi2d iter 9: 2584.271 ms
Run time jacobi2d_vectorized_static_veclen_8_no_cpy iter 0: 3907.649 ms
Run time jacobi2d_vectorized_static_veclen_8_no_cpy iter 1: 3979.573 ms
Run time jacobi2d_vectorized_static_veclen_8_no_cpy iter 2: 3980.344 ms
Run time jacobi2d_vectorized_static_veclen_8_no_cpy iter 3: 3977.784 ms
Run time jacobi2d_vectorized_static_veclen_8_no_cpy iter 4: 3978.569 ms
Run time jacobi2d_vectorized_static_veclen_8_no_cpy iter 5: 3978.417 ms
Run time jacobi2d_vectorized_static_veclen_8_no_cpy iter 6: 3978.199 ms
Run time jacobi2d_vectorized_static_veclen_8_no_cpy iter 7: 3985.867 ms
Run time jacobi2d_vectorized_static_veclen_8_no_cpy iter 8: 3902.467 ms
Run time jacobi2d_vectorized_static_veclen_8_no_cpy iter 9: 3965.908 ms
Run time jacobi2d_vectorized_static_veclen_8_cpy iter 0: 2630.729 ms
Run time jacobi2d_vectorized_static_veclen_8_cpy iter 1: 2636.196 ms
Run time jacobi2d_vectorized_static_veclen_8_cpy iter 2: 2631.269 ms
Run time jacobi2d_vectorized_static_veclen_8_cpy iter 3: 2638.887 ms
Run time jacobi2d_vectorized_static_veclen_8_cpy iter 4: 2632.070 ms
Run time jacobi2d_vectorized_static_veclen_8_cpy iter 5: 2641.608 ms
Run time jacobi2d_vectorized_static_veclen_8_cpy iter 6: 2631.480 ms
Run time jacobi2d_vectorized_static_veclen_8_cpy iter 7: 2572.748 ms
Run time jacobi2d_vectorized_static_veclen_8_cpy iter 8: 2610.144 ms
Run time jacobi2d_vectorized_static_veclen_8_cpy iter 9: 2590.182 ms
Run time jacobi2d_vectorized_static_veclen_16_no_cpy iter 0: 3930.287 ms
Run time jacobi2d_vectorized_static_veclen_16_no_cpy iter 1: 3942.662 ms
Run time jacobi2d_vectorized_static_veclen_16_no_cpy iter 2: 3949.355 ms
Run time jacobi2d_vectorized_static_veclen_16_no_cpy iter 3: 3936.424 ms
Run time jacobi2d_vectorized_static_veclen_16_no_cpy iter 4: 3934.194 ms
Run time jacobi2d_vectorized_static_veclen_16_no_cpy iter 5: 3936.534 ms
Run time jacobi2d_vectorized_static_veclen_16_no_cpy iter 6: 3928.899 ms
Run time jacobi2d_vectorized_static_veclen_16_no_cpy iter 7: 3899.185 ms
Run time jacobi2d_vectorized_static_veclen_16_no_cpy iter 8: 3940.144 ms
Run time jacobi2d_vectorized_static_veclen_16_no_cpy iter 9: 3932.982 ms
Run time jacobi2d_vectorized_static_veclen_16_cpy iter 0: 2579.652 ms
Run time jacobi2d_vectorized_static_veclen_16_cpy iter 1: 2580.341 ms
Run time jacobi2d_vectorized_static_veclen_16_cpy iter 2: 2592.090 ms
Run time jacobi2d_vectorized_static_veclen_16_cpy iter 3: 2587.103 ms
Run time jacobi2d_vectorized_static_veclen_16_cpy iter 4: 2578.631 ms
Run time jacobi2d_vectorized_static_veclen_16_cpy iter 5: 2579.031 ms
Run time jacobi2d_vectorized_static_veclen_16_cpy iter 6: 2580.006 ms
Run time jacobi2d_vectorized_static_veclen_16_cpy iter 7: 2579.997 ms
Run time jacobi2d_vectorized_static_veclen_16_cpy iter 8: 2555.714 ms
Run time jacobi2d_vectorized_static_veclen_16_cpy iter 9: 2569.147 ms
Run time jacobi2d_vectorized_static_veclen_32_no_cpy iter 0: 2580.633 ms
Run time jacobi2d_vectorized_static_veclen_32_no_cpy iter 1: 2583.746 ms
Run time jacobi2d_vectorized_static_veclen_32_no_cpy iter 2: 2581.494 ms
Run time jacobi2d_vectorized_static_veclen_32_no_cpy iter 3: 2580.851 ms
Run time jacobi2d_vectorized_static_veclen_32_no_cpy iter 4: 2590.409 ms
Run time jacobi2d_vectorized_static_veclen_32_no_cpy iter 5: 2584.387 ms
Run time jacobi2d_vectorized_static_veclen_32_no_cpy iter 6: 2584.608 ms
Run time jacobi2d_vectorized_static_veclen_32_no_cpy iter 7: 2584.900 ms
Run time jacobi2d_vectorized_static_veclen_32_no_cpy iter 8: 2586.291 ms
Run time jacobi2d_vectorized_static_veclen_32_no_cpy iter 9: 2585.274 ms
Run time jacobi2d_vectorized_static_veclen_32_cpy iter 0: 2574.859 ms
Run time jacobi2d_vectorized_static_veclen_32_cpy iter 1: 2562.690 ms
Run time jacobi2d_vectorized_static_veclen_32_cpy iter 2: 2566.782 ms
Run time jacobi2d_vectorized_static_veclen_32_cpy iter 3: 2560.375 ms
Run time jacobi2d_vectorized_static_veclen_32_cpy iter 4: 2561.040 ms
Run time jacobi2d_vectorized_static_veclen_32_cpy iter 5: 2563.680 ms
Run time jacobi2d_vectorized_static_veclen_32_cpy iter 6: 2567.867 ms
Run time jacobi2d_vectorized_static_veclen_32_cpy iter 7: 2563.240 ms
Run time jacobi2d_vectorized_static_veclen_32_cpy iter 8: 2561.561 ms
Run time jacobi2d_vectorized_static_veclen_32_cpy iter 9: 2563.243 ms
Saved timing results to jacobi2d_timings_jacobi2d_timings_intel_xeon_llvm_1_core.csv.csv
Run time jacobi2d iter 0: 10171.758 ms
Run time jacobi2d iter 1: 10166.867 ms
Run time jacobi2d iter 2: 10164.417 ms
Run time jacobi2d iter 3: 10169.628 ms
Run time jacobi2d iter 4: 10165.744 ms
Run time jacobi2d iter 5: 10166.316 ms
Run time jacobi2d iter 6: 10162.143 ms
Run time jacobi2d iter 7: 10166.189 ms
Run time jacobi2d iter 8: 10165.251 ms
Run time jacobi2d iter 9: 10181.228 ms
Run time jacobi2d_vectorized_static_veclen_8_no_cpy iter 0: 15417.507 ms
Run time jacobi2d_vectorized_static_veclen_8_no_cpy iter 1: 15551.077 ms
Run time jacobi2d_vectorized_static_veclen_8_no_cpy iter 2: 15551.597 ms
Run time jacobi2d_vectorized_static_veclen_8_no_cpy iter 3: 15558.226 ms
Run time jacobi2d_vectorized_static_veclen_8_no_cpy iter 4: 15549.442 ms
Run time jacobi2d_vectorized_static_veclen_8_no_cpy iter 5: 15555.173 ms
Run time jacobi2d_vectorized_static_veclen_8_no_cpy iter 6: 15562.055 ms
Run time jacobi2d_vectorized_static_veclen_8_no_cpy iter 7: 15560.926 ms
Run time jacobi2d_vectorized_static_veclen_8_no_cpy iter 8: 15444.129 ms
Run time jacobi2d_vectorized_static_veclen_8_no_cpy iter 9: 15558.993 ms
Run time jacobi2d_vectorized_static_veclen_8_cpy iter 0: 10193.903 ms
Run time jacobi2d_vectorized_static_veclen_8_cpy iter 1: 10196.693 ms
Run time jacobi2d_vectorized_static_veclen_8_cpy iter 2: 10210.232 ms
Run time jacobi2d_vectorized_static_veclen_8_cpy iter 3: 10206.357 ms
Run time jacobi2d_vectorized_static_veclen_8_cpy iter 4: 10188.023 ms
Run time jacobi2d_vectorized_static_veclen_8_cpy iter 5: 10180.794 ms
Run time jacobi2d_vectorized_static_veclen_8_cpy iter 6: 10187.987 ms
Run time jacobi2d_vectorized_static_veclen_8_cpy iter 7: 10120.678 ms
Run time jacobi2d_vectorized_static_veclen_8_cpy iter 8: 10125.754 ms
Run time jacobi2d_vectorized_static_veclen_8_cpy iter 9: 10114.929 ms
Run time jacobi2d_vectorized_static_veclen_16_no_cpy iter 0: 15550.052 ms
Run time jacobi2d_vectorized_static_veclen_16_no_cpy iter 1: 15541.319 ms
Run time jacobi2d_vectorized_static_veclen_16_no_cpy iter 2: 15541.236 ms
Run time jacobi2d_vectorized_static_veclen_16_no_cpy iter 3: 15543.958 ms
Run time jacobi2d_vectorized_static_veclen_16_no_cpy iter 4: 15543.596 ms
Run time jacobi2d_vectorized_static_veclen_16_no_cpy iter 5: 15541.387 ms
Run time jacobi2d_vectorized_static_veclen_16_no_cpy iter 6: 15520.054 ms
Run time jacobi2d_vectorized_static_veclen_16_no_cpy iter 7: 15475.647 ms
Run time jacobi2d_vectorized_static_veclen_16_no_cpy iter 8: 15520.578 ms
Run time jacobi2d_vectorized_static_veclen_16_no_cpy iter 9: 15515.021 ms
Run time jacobi2d_vectorized_static_veclen_16_cpy iter 0: 10172.223 ms
Run time jacobi2d_vectorized_static_veclen_16_cpy iter 1: 10169.866 ms
Run time jacobi2d_vectorized_static_veclen_16_cpy iter 2: 10171.772 ms
Run time jacobi2d_vectorized_static_veclen_16_cpy iter 3: 10170.216 ms
Run time jacobi2d_vectorized_static_veclen_16_cpy iter 4: 10170.527 ms
Run time jacobi2d_vectorized_static_veclen_16_cpy iter 5: 10166.734 ms
Run time jacobi2d_vectorized_static_veclen_16_cpy iter 6: 10173.149 ms
Run time jacobi2d_vectorized_static_veclen_16_cpy iter 7: 10132.064 ms
Run time jacobi2d_vectorized_static_veclen_16_cpy iter 8: 10139.573 ms
Run time jacobi2d_vectorized_static_veclen_16_cpy iter 9: 10163.273 ms
Run time jacobi2d_vectorized_static_veclen_32_no_cpy iter 0: 10207.602 ms
Run time jacobi2d_vectorized_static_veclen_32_no_cpy iter 1: 10206.190 ms
Run time jacobi2d_vectorized_static_veclen_32_no_cpy iter 2: 10204.687 ms
Run time jacobi2d_vectorized_static_veclen_32_no_cpy iter 3: 10206.129 ms
Run time jacobi2d_vectorized_static_veclen_32_no_cpy iter 4: 10219.425 ms
Run time jacobi2d_vectorized_static_veclen_32_no_cpy iter 5: 10205.438 ms
Run time jacobi2d_vectorized_static_veclen_32_no_cpy iter 6: 10199.815 ms
Run time jacobi2d_vectorized_static_veclen_32_no_cpy iter 7: 10201.406 ms
Run time jacobi2d_vectorized_static_veclen_32_no_cpy iter 8: 10198.032 ms
Run time jacobi2d_vectorized_static_veclen_32_no_cpy iter 9: 10179.956 ms
Run time jacobi2d_vectorized_static_veclen_32_cpy iter 0: 10132.754 ms
Run time jacobi2d_vectorized_static_veclen_32_cpy iter 1: 10124.911 ms
Run time jacobi2d_vectorized_static_veclen_32_cpy iter 2: 10121.037 ms
Run time jacobi2d_vectorized_static_veclen_32_cpy iter 3: 10130.003 ms
Run time jacobi2d_vectorized_static_veclen_32_cpy iter 4: 10124.421 ms
Run time jacobi2d_vectorized_static_veclen_32_cpy iter 5: 10121.853 ms
Run time jacobi2d_vectorized_static_veclen_32_cpy iter 6: 10114.939 ms
Run time jacobi2d_vectorized_static_veclen_32_cpy iter 7: 10119.730 ms
Run time jacobi2d_vectorized_static_veclen_32_cpy iter 8: 10117.019 ms
Run time jacobi2d_vectorized_static_veclen_32_cpy iter 9: 10112.908 ms
Saved timing results to jacobi2d_timings_jacobi2d_timings_intel_xeon_llvm_1_core.csv.csv
