Script path: 
Script dir:  
Running with EXTRA_FLAGS='', SUFFIX=''
Running with suffix: 
Running with #1 cores
Running with base flags: -fopenmp -fstrict-aliasing -std=c++17 -faligned-new -fPIC -Wall -Wextra -O3 -march=native -ffast-math -Wno-unused-parameter -Wno-unused-label
Running with env flags: 
Running with flags: -fopenmp -fstrict-aliasing -std=c++17 -faligned-new -fPIC -Wall -Wextra -O3 -march=native -ffast-math -Wno-unused-parameter -Wno-unused-label
Run time log_implementations_dace iter 0: 99.063 ms
Run time log_implementations_dace iter 1: 98.186 ms
Run time log_implementations_dace iter 2: 99.516 ms
Run time log_implementations_dace iter 3: 99.529 ms
Run time log_implementations_dace iter 4: 99.381 ms
Run time log_implementations_dace iter 5: 98.853 ms
Run time log_implementations_dace iter 6: 99.179 ms
Run time log_implementations_dace iter 7: 99.099 ms
Run time log_implementations_dace iter 8: 99.228 ms
Run time log_implementations_dace iter 9: 99.094 ms
Run time log_implementations_dace iter 10: 99.314 ms
Run time log_implementations_dace iter 11: 100.075 ms
Run time log_implementations_dace iter 12: 99.103 ms
Run time log_implementations_dace iter 13: 99.517 ms
Run time log_implementations_dace iter 14: 100.595 ms
Run time log_implementations_dace iter 15: 98.636 ms
Run time log_implementations_dace iter 16: 98.553 ms
Run time log_implementations_dace iter 17: 99.128 ms
Run time log_implementations_dace iter 18: 99.766 ms
Run time log_implementations_dace iter 19: 98.974 ms
Run time log_implementations_dace_clang__veclen_8_no_cpy iter 0: 100.180 ms
Run time log_implementations_dace_clang__veclen_8_no_cpy iter 1: 102.349 ms
Run time log_implementations_dace_clang__veclen_8_no_cpy iter 2: 99.959 ms
Run time log_implementations_dace_clang__veclen_8_no_cpy iter 3: 99.973 ms
Run time log_implementations_dace_clang__veclen_8_no_cpy iter 4: 94.552 ms
Run time log_implementations_dace_clang__veclen_8_no_cpy iter 5: 95.496 ms
Run time log_implementations_dace_clang__veclen_8_no_cpy iter 6: 99.742 ms
Run time log_implementations_dace_clang__veclen_8_no_cpy iter 7: 98.589 ms
Run time log_implementations_dace_clang__veclen_8_no_cpy iter 8: 100.924 ms
Run time log_implementations_dace_clang__veclen_8_no_cpy iter 9: 99.629 ms
Run time log_implementations_dace_clang__veclen_8_no_cpy iter 10: 100.077 ms
Run time log_implementations_dace_clang__veclen_8_no_cpy iter 11: 99.883 ms
Run time log_implementations_dace_clang__veclen_8_no_cpy iter 12: 99.775 ms
Run time log_implementations_dace_clang__veclen_8_no_cpy iter 13: 100.296 ms
Run time log_implementations_dace_clang__veclen_8_no_cpy iter 14: 100.088 ms
Run time log_implementations_dace_clang__veclen_8_no_cpy iter 15: 99.977 ms
Run time log_implementations_dace_clang__veclen_8_no_cpy iter 16: 99.859 ms
Run time log_implementations_dace_clang__veclen_8_no_cpy iter 17: 101.842 ms
Run time log_implementations_dace_clang__veclen_8_no_cpy iter 18: 100.030 ms
Run time log_implementations_dace_clang__veclen_8_no_cpy iter 19: 99.653 ms
Run time log_implementations_dace_clang__veclen_8_cpy iter 0: 101.092 ms
Run time log_implementations_dace_clang__veclen_8_cpy iter 1: 100.768 ms
Run time log_implementations_dace_clang__veclen_8_cpy iter 2: 100.640 ms
Run time log_implementations_dace_clang__veclen_8_cpy iter 3: 102.643 ms
Run time log_implementations_dace_clang__veclen_8_cpy iter 4: 100.685 ms
Run time log_implementations_dace_clang__veclen_8_cpy iter 5: 100.782 ms
Run time log_implementations_dace_clang__veclen_8_cpy iter 6: 102.082 ms
Run time log_implementations_dace_clang__veclen_8_cpy iter 7: 101.518 ms
Run time log_implementations_dace_clang__veclen_8_cpy iter 8: 102.454 ms
Run time log_implementations_dace_clang__veclen_8_cpy iter 9: 100.697 ms
Run time log_implementations_dace_clang__veclen_8_cpy iter 10: 100.719 ms
Run time log_implementations_dace_clang__veclen_8_cpy iter 11: 100.809 ms
Run time log_implementations_dace_clang__veclen_8_cpy iter 12: 96.744 ms
Run time log_implementations_dace_clang__veclen_8_cpy iter 13: 96.165 ms
Run time log_implementations_dace_clang__veclen_8_cpy iter 14: 100.032 ms
Run time log_implementations_dace_clang__veclen_8_cpy iter 15: 99.143 ms
Run time log_implementations_dace_clang__veclen_8_cpy iter 16: 100.083 ms
Run time log_implementations_dace_clang__veclen_8_cpy iter 17: 100.159 ms
Run time log_implementations_dace_clang__veclen_8_cpy iter 18: 99.306 ms
Run time log_implementations_dace_clang__veclen_8_cpy iter 19: 100.794 ms
Run time log_implementations_dace_clang__veclen_16_no_cpy iter 0: 100.084 ms
Run time log_implementations_dace_clang__veclen_16_no_cpy iter 1: 101.908 ms
Run time log_implementations_dace_clang__veclen_16_no_cpy iter 2: 100.110 ms
Run time log_implementations_dace_clang__veclen_16_no_cpy iter 3: 97.553 ms
Run time log_implementations_dace_clang__veclen_16_no_cpy iter 4: 100.034 ms
Run time log_implementations_dace_clang__veclen_16_no_cpy iter 5: 100.125 ms
Run time log_implementations_dace_clang__veclen_16_no_cpy iter 6: 100.390 ms
Run time log_implementations_dace_clang__veclen_16_no_cpy iter 7: 99.823 ms
Run time log_implementations_dace_clang__veclen_16_no_cpy iter 8: 100.410 ms
Run time log_implementations_dace_clang__veclen_16_no_cpy iter 9: 99.854 ms
Run time log_implementations_dace_clang__veclen_16_no_cpy iter 10: 99.976 ms
Run time log_implementations_dace_clang__veclen_16_no_cpy iter 11: 100.821 ms
Run time log_implementations_dace_clang__veclen_16_no_cpy iter 12: 101.023 ms
Run time log_implementations_dace_clang__veclen_16_no_cpy iter 13: 99.982 ms
Run time log_implementations_dace_clang__veclen_16_no_cpy iter 14: 102.098 ms
Run time log_implementations_dace_clang__veclen_16_no_cpy iter 15: 99.676 ms
Run time log_implementations_dace_clang__veclen_16_no_cpy iter 16: 100.046 ms
Run time log_implementations_dace_clang__veclen_16_no_cpy iter 17: 101.800 ms
Run time log_implementations_dace_clang__veclen_16_no_cpy iter 18: 102.593 ms
Run time log_implementations_dace_clang__veclen_16_no_cpy iter 19: 100.329 ms
Run time log_implementations_dace_clang__veclen_16_cpy iter 0: 99.356 ms
Run time log_implementations_dace_clang__veclen_16_cpy iter 1: 100.335 ms
Run time log_implementations_dace_clang__veclen_16_cpy iter 2: 100.493 ms
Run time log_implementations_dace_clang__veclen_16_cpy iter 3: 100.557 ms
Run time log_implementations_dace_clang__veclen_16_cpy iter 4: 99.372 ms
Run time log_implementations_dace_clang__veclen_16_cpy iter 5: 100.271 ms
Run time log_implementations_dace_clang__veclen_16_cpy iter 6: 100.054 ms
Run time log_implementations_dace_clang__veclen_16_cpy iter 7: 99.943 ms
Run time log_implementations_dace_clang__veclen_16_cpy iter 8: 100.723 ms
Run time log_implementations_dace_clang__veclen_16_cpy iter 9: 99.626 ms
Run time log_implementations_dace_clang__veclen_16_cpy iter 10: 100.108 ms
Run time log_implementations_dace_clang__veclen_16_cpy iter 11: 97.583 ms
Run time log_implementations_dace_clang__veclen_16_cpy iter 12: 100.258 ms
Run time log_implementations_dace_clang__veclen_16_cpy iter 13: 100.249 ms
Run time log_implementations_dace_clang__veclen_16_cpy iter 14: 101.318 ms
Run time log_implementations_dace_clang__veclen_16_cpy iter 15: 99.450 ms
Run time log_implementations_dace_clang__veclen_16_cpy iter 16: 100.088 ms
Run time log_implementations_dace_clang__veclen_16_cpy iter 17: 100.246 ms
Run time log_implementations_dace_clang__veclen_16_cpy iter 18: 101.701 ms
Run time log_implementations_dace_clang__veclen_16_cpy iter 19: 98.332 ms
Run time log_implementations_dace_clang__veclen_32_no_cpy iter 0: 102.597 ms
Run time log_implementations_dace_clang__veclen_32_no_cpy iter 1: 101.783 ms
Run time log_implementations_dace_clang__veclen_32_no_cpy iter 2: 101.518 ms
Run time log_implementations_dace_clang__veclen_32_no_cpy iter 3: 101.443 ms
Run time log_implementations_dace_clang__veclen_32_no_cpy iter 4: 103.030 ms
Run time log_implementations_dace_clang__veclen_32_no_cpy iter 5: 101.051 ms
Run time log_implementations_dace_clang__veclen_32_no_cpy iter 6: 102.318 ms
Run time log_implementations_dace_clang__veclen_32_no_cpy iter 7: 103.358 ms
Run time log_implementations_dace_clang__veclen_32_no_cpy iter 8: 102.116 ms
Run time log_implementations_dace_clang__veclen_32_no_cpy iter 9: 102.945 ms
Run time log_implementations_dace_clang__veclen_32_no_cpy iter 10: 102.534 ms
Run time log_implementations_dace_clang__veclen_32_no_cpy iter 11: 101.490 ms
Run time log_implementations_dace_clang__veclen_32_no_cpy iter 12: 102.417 ms
Run time log_implementations_dace_clang__veclen_32_no_cpy iter 13: 99.504 ms
Run time log_implementations_dace_clang__veclen_32_no_cpy iter 14: 101.800 ms
Run time log_implementations_dace_clang__veclen_32_no_cpy iter 15: 102.659 ms
Run time log_implementations_dace_clang__veclen_32_no_cpy iter 16: 102.355 ms
Run time log_implementations_dace_clang__veclen_32_no_cpy iter 17: 102.235 ms
Run time log_implementations_dace_clang__veclen_32_no_cpy iter 18: 100.941 ms
Run time log_implementations_dace_clang__veclen_32_no_cpy iter 19: 101.839 ms
Run time log_implementations_dace_clang__veclen_32_cpy iter 0: 102.715 ms
Run time log_implementations_dace_clang__veclen_32_cpy iter 1: 101.044 ms
Run time log_implementations_dace_clang__veclen_32_cpy iter 2: 100.233 ms
Run time log_implementations_dace_clang__veclen_32_cpy iter 3: 100.758 ms
Run time log_implementations_dace_clang__veclen_32_cpy iter 4: 101.609 ms
Run time log_implementations_dace_clang__veclen_32_cpy iter 5: 101.375 ms
Run time log_implementations_dace_clang__veclen_32_cpy iter 6: 100.197 ms
Run time log_implementations_dace_clang__veclen_32_cpy iter 7: 101.163 ms
Run time log_implementations_dace_clang__veclen_32_cpy iter 8: 98.949 ms
Run time log_implementations_dace_clang__veclen_32_cpy iter 9: 100.258 ms
Run time log_implementations_dace_clang__veclen_32_cpy iter 10: 103.415 ms
Run time log_implementations_dace_clang__veclen_32_cpy iter 11: 102.294 ms
Run time log_implementations_dace_clang__veclen_32_cpy iter 12: 101.805 ms
Run time log_implementations_dace_clang__veclen_32_cpy iter 13: 100.669 ms
Run time log_implementations_dace_clang__veclen_32_cpy iter 14: 101.355 ms
Run time log_implementations_dace_clang__veclen_32_cpy iter 15: 101.703 ms
Run time log_implementations_dace_clang__veclen_32_cpy iter 16: 98.364 ms
Run time log_implementations_dace_clang__veclen_32_cpy iter 17: 99.477 ms
Run time log_implementations_dace_clang__veclen_32_cpy iter 18: 99.795 ms
Run time log_implementations_dace_clang__veclen_32_cpy iter 19: 102.365 ms
Run time log_implementations_dace_clang__veclen_64_no_cpy iter 0: 102.335 ms
Run time log_implementations_dace_clang__veclen_64_no_cpy iter 1: 101.288 ms
Run time log_implementations_dace_clang__veclen_64_no_cpy iter 2: 101.419 ms
Run time log_implementations_dace_clang__veclen_64_no_cpy iter 3: 101.243 ms
Run time log_implementations_dace_clang__veclen_64_no_cpy iter 4: 101.342 ms
Run time log_implementations_dace_clang__veclen_64_no_cpy iter 5: 101.231 ms
Run time log_implementations_dace_clang__veclen_64_no_cpy iter 6: 97.222 ms
Run time log_implementations_dace_clang__veclen_64_no_cpy iter 7: 103.270 ms
Run time log_implementations_dace_clang__veclen_64_no_cpy iter 8: 101.696 ms
Run time log_implementations_dace_clang__veclen_64_no_cpy iter 9: 102.553 ms
Run time log_implementations_dace_clang__veclen_64_no_cpy iter 10: 101.117 ms
Run time log_implementations_dace_clang__veclen_64_no_cpy iter 11: 102.031 ms
Run time log_implementations_dace_clang__veclen_64_no_cpy iter 12: 101.484 ms
Run time log_implementations_dace_clang__veclen_64_no_cpy iter 13: 100.141 ms
Run time log_implementations_dace_clang__veclen_64_no_cpy iter 14: 101.202 ms
Run time log_implementations_dace_clang__veclen_64_no_cpy iter 15: 102.674 ms
Run time log_implementations_dace_clang__veclen_64_no_cpy iter 16: 101.716 ms
Run time log_implementations_dace_clang__veclen_64_no_cpy iter 17: 100.975 ms
Run time log_implementations_dace_clang__veclen_64_no_cpy iter 18: 103.027 ms
Run time log_implementations_dace_clang__veclen_64_no_cpy iter 19: 101.344 ms
Run time log_implementations_dace_clang__veclen_64_cpy iter 0: 104.199 ms
Run time log_implementations_dace_clang__veclen_64_cpy iter 1: 102.897 ms
Run time log_implementations_dace_clang__veclen_64_cpy iter 2: 103.965 ms
Run time log_implementations_dace_clang__veclen_64_cpy iter 3: 103.858 ms
Run time log_implementations_dace_clang__veclen_64_cpy iter 4: 103.784 ms
Run time log_implementations_dace_clang__veclen_64_cpy iter 5: 103.078 ms
Run time log_implementations_dace_clang__veclen_64_cpy iter 6: 103.612 ms
Run time log_implementations_dace_clang__veclen_64_cpy iter 7: 103.399 ms
Run time log_implementations_dace_clang__veclen_64_cpy iter 8: 102.851 ms
Run time log_implementations_dace_clang__veclen_64_cpy iter 9: 104.024 ms
Run time log_implementations_dace_clang__veclen_64_cpy iter 10: 104.124 ms
Run time log_implementations_dace_clang__veclen_64_cpy iter 11: 99.977 ms
Run time log_implementations_dace_clang__veclen_64_cpy iter 12: 104.622 ms
Run time log_implementations_dace_clang__veclen_64_cpy iter 13: 102.495 ms
Run time log_implementations_dace_clang__veclen_64_cpy iter 14: 102.971 ms
Run time log_implementations_dace_clang__veclen_64_cpy iter 15: 102.976 ms
Run time log_implementations_dace_clang__veclen_64_cpy iter 16: 102.905 ms
Run time log_implementations_dace_clang__veclen_64_cpy iter 17: 103.550 ms
Run time log_implementations_dace_clang__veclen_64_cpy iter 18: 103.479 ms
Run time log_implementations_dace_clang__veclen_64_cpy iter 19: 104.346 ms
Saved timing results to log_implementations_timings__singlecore.csv
Run time log_implementations_dace iter 0: 189.712 ms
Run time log_implementations_dace iter 1: 187.384 ms
Run time log_implementations_dace iter 2: 189.619 ms
Run time log_implementations_dace iter 3: 188.298 ms
Run time log_implementations_dace iter 4: 189.335 ms
Run time log_implementations_dace iter 5: 188.791 ms
Run time log_implementations_dace iter 6: 188.327 ms
Run time log_implementations_dace iter 7: 188.851 ms
Run time log_implementations_dace iter 8: 189.700 ms
Run time log_implementations_dace iter 9: 189.343 ms
Run time log_implementations_dace iter 10: 186.040 ms
Run time log_implementations_dace iter 11: 189.959 ms
Run time log_implementations_dace iter 12: 188.468 ms
Run time log_implementations_dace iter 13: 188.427 ms
Run time log_implementations_dace iter 14: 189.056 ms
Run time log_implementations_dace iter 15: 187.729 ms
Run time log_implementations_dace iter 16: 188.634 ms
Run time log_implementations_dace iter 17: 188.662 ms
Run time log_implementations_dace iter 18: 188.448 ms
Run time log_implementations_dace iter 19: 187.642 ms
Run time log_implementations_dace_clang__veclen_8_no_cpy iter 0: 190.527 ms
Run time log_implementations_dace_clang__veclen_8_no_cpy iter 1: 189.752 ms
Run time log_implementations_dace_clang__veclen_8_no_cpy iter 2: 192.474 ms
Run time log_implementations_dace_clang__veclen_8_no_cpy iter 3: 191.681 ms
Run time log_implementations_dace_clang__veclen_8_no_cpy iter 4: 190.413 ms
Run time log_implementations_dace_clang__veclen_8_no_cpy iter 5: 187.246 ms
Run time log_implementations_dace_clang__veclen_8_no_cpy iter 6: 184.004 ms
Run time log_implementations_dace_clang__veclen_8_no_cpy iter 7: 190.620 ms
Run time log_implementations_dace_clang__veclen_8_no_cpy iter 8: 189.961 ms
Run time log_implementations_dace_clang__veclen_8_no_cpy iter 9: 190.630 ms
Run time log_implementations_dace_clang__veclen_8_no_cpy iter 10: 190.551 ms
Run time log_implementations_dace_clang__veclen_8_no_cpy iter 11: 191.366 ms
Run time log_implementations_dace_clang__veclen_8_no_cpy iter 12: 190.525 ms
Run time log_implementations_dace_clang__veclen_8_no_cpy iter 13: 190.633 ms
Run time log_implementations_dace_clang__veclen_8_no_cpy iter 14: 191.946 ms
Run time log_implementations_dace_clang__veclen_8_no_cpy iter 15: 190.479 ms
Run time log_implementations_dace_clang__veclen_8_no_cpy iter 16: 191.028 ms
Run time log_implementations_dace_clang__veclen_8_no_cpy iter 17: 191.216 ms
Run time log_implementations_dace_clang__veclen_8_no_cpy iter 18: 191.139 ms
Run time log_implementations_dace_clang__veclen_8_no_cpy iter 19: 189.780 ms
Run time log_implementations_dace_clang__veclen_8_cpy iter 0: 192.220 ms
Run time log_implementations_dace_clang__veclen_8_cpy iter 1: 191.899 ms
Run time log_implementations_dace_clang__veclen_8_cpy iter 2: 192.328 ms
Run time log_implementations_dace_clang__veclen_8_cpy iter 3: 192.990 ms
Run time log_implementations_dace_clang__veclen_8_cpy iter 4: 189.961 ms
Run time log_implementations_dace_clang__veclen_8_cpy iter 5: 189.670 ms
Run time log_implementations_dace_clang__veclen_8_cpy iter 6: 190.310 ms
Run time log_implementations_dace_clang__veclen_8_cpy iter 7: 192.244 ms
Run time log_implementations_dace_clang__veclen_8_cpy iter 8: 193.861 ms
Run time log_implementations_dace_clang__veclen_8_cpy iter 9: 193.449 ms
Run time log_implementations_dace_clang__veclen_8_cpy iter 10: 187.632 ms
Run time log_implementations_dace_clang__veclen_8_cpy iter 11: 191.919 ms
Run time log_implementations_dace_clang__veclen_8_cpy iter 12: 190.266 ms
Run time log_implementations_dace_clang__veclen_8_cpy iter 13: 186.637 ms
Run time log_implementations_dace_clang__veclen_8_cpy iter 14: 191.990 ms
Run time log_implementations_dace_clang__veclen_8_cpy iter 15: 191.922 ms
Run time log_implementations_dace_clang__veclen_8_cpy iter 16: 191.345 ms
Run time log_implementations_dace_clang__veclen_8_cpy iter 17: 191.711 ms
Run time log_implementations_dace_clang__veclen_8_cpy iter 18: 190.468 ms
Run time log_implementations_dace_clang__veclen_8_cpy iter 19: 193.068 ms
Run time log_implementations_dace_clang__veclen_16_no_cpy iter 0: 191.541 ms
Run time log_implementations_dace_clang__veclen_16_no_cpy iter 1: 190.985 ms
Run time log_implementations_dace_clang__veclen_16_no_cpy iter 2: 190.741 ms
Run time log_implementations_dace_clang__veclen_16_no_cpy iter 3: 191.412 ms
Run time log_implementations_dace_clang__veclen_16_no_cpy iter 4: 186.877 ms
Run time log_implementations_dace_clang__veclen_16_no_cpy iter 5: 185.738 ms
Run time log_implementations_dace_clang__veclen_16_no_cpy iter 6: 191.427 ms
Run time log_implementations_dace_clang__veclen_16_no_cpy iter 7: 191.225 ms
Run time log_implementations_dace_clang__veclen_16_no_cpy iter 8: 192.834 ms
Run time log_implementations_dace_clang__veclen_16_no_cpy iter 9: 190.527 ms
Run time log_implementations_dace_clang__veclen_16_no_cpy iter 10: 191.648 ms
Run time log_implementations_dace_clang__veclen_16_no_cpy iter 11: 189.573 ms
Run time log_implementations_dace_clang__veclen_16_no_cpy iter 12: 191.662 ms
Run time log_implementations_dace_clang__veclen_16_no_cpy iter 13: 190.868 ms
Run time log_implementations_dace_clang__veclen_16_no_cpy iter 14: 191.620 ms
Run time log_implementations_dace_clang__veclen_16_no_cpy iter 15: 191.225 ms
Run time log_implementations_dace_clang__veclen_16_no_cpy iter 16: 190.327 ms
Run time log_implementations_dace_clang__veclen_16_no_cpy iter 17: 191.263 ms
Run time log_implementations_dace_clang__veclen_16_no_cpy iter 18: 191.031 ms
Run time log_implementations_dace_clang__veclen_16_no_cpy iter 19: 190.816 ms
Run time log_implementations_dace_clang__veclen_16_cpy iter 0: 191.025 ms
Run time log_implementations_dace_clang__veclen_16_cpy iter 1: 190.684 ms
Run time log_implementations_dace_clang__veclen_16_cpy iter 2: 191.135 ms
Run time log_implementations_dace_clang__veclen_16_cpy iter 3: 192.172 ms
Run time log_implementations_dace_clang__veclen_16_cpy iter 4: 190.732 ms
Run time log_implementations_dace_clang__veclen_16_cpy iter 5: 193.050 ms
Run time log_implementations_dace_clang__veclen_16_cpy iter 6: 190.843 ms
Run time log_implementations_dace_clang__veclen_16_cpy iter 7: 192.218 ms
Run time log_implementations_dace_clang__veclen_16_cpy iter 8: 188.264 ms
Run time log_implementations_dace_clang__veclen_16_cpy iter 9: 190.615 ms
Run time log_implementations_dace_clang__veclen_16_cpy iter 10: 191.035 ms
Run time log_implementations_dace_clang__veclen_16_cpy iter 11: 191.003 ms
Run time log_implementations_dace_clang__veclen_16_cpy iter 12: 190.937 ms
Run time log_implementations_dace_clang__veclen_16_cpy iter 13: 190.981 ms
Run time log_implementations_dace_clang__veclen_16_cpy iter 14: 191.106 ms
Run time log_implementations_dace_clang__veclen_16_cpy iter 15: 192.088 ms
Run time log_implementations_dace_clang__veclen_16_cpy iter 16: 191.334 ms
Run time log_implementations_dace_clang__veclen_16_cpy iter 17: 191.334 ms
Run time log_implementations_dace_clang__veclen_16_cpy iter 18: 191.050 ms
Run time log_implementations_dace_clang__veclen_16_cpy iter 19: 188.535 ms
Run time log_implementations_dace_clang__veclen_32_no_cpy iter 0: 195.859 ms
Run time log_implementations_dace_clang__veclen_32_no_cpy iter 1: 193.158 ms
Run time log_implementations_dace_clang__veclen_32_no_cpy iter 2: 195.118 ms
Run time log_implementations_dace_clang__veclen_32_no_cpy iter 3: 193.696 ms
Run time log_implementations_dace_clang__veclen_32_no_cpy iter 4: 194.389 ms
Run time log_implementations_dace_clang__veclen_32_no_cpy iter 5: 194.153 ms
Run time log_implementations_dace_clang__veclen_32_no_cpy iter 6: 192.641 ms
Run time log_implementations_dace_clang__veclen_32_no_cpy iter 7: 194.278 ms
Run time log_implementations_dace_clang__veclen_32_no_cpy iter 8: 194.477 ms
Run time log_implementations_dace_clang__veclen_32_no_cpy iter 9: 195.475 ms
Run time log_implementations_dace_clang__veclen_32_no_cpy iter 10: 192.588 ms
Run time log_implementations_dace_clang__veclen_32_no_cpy iter 11: 195.035 ms
Run time log_implementations_dace_clang__veclen_32_no_cpy iter 12: 193.769 ms
Run time log_implementations_dace_clang__veclen_32_no_cpy iter 13: 194.889 ms
Run time log_implementations_dace_clang__veclen_32_no_cpy iter 14: 192.153 ms
Run time log_implementations_dace_clang__veclen_32_no_cpy iter 15: 194.428 ms
Run time log_implementations_dace_clang__veclen_32_no_cpy iter 16: 194.084 ms
Run time log_implementations_dace_clang__veclen_32_no_cpy iter 17: 194.251 ms
Run time log_implementations_dace_clang__veclen_32_no_cpy iter 18: 194.306 ms
Run time log_implementations_dace_clang__veclen_32_no_cpy iter 19: 193.164 ms
Run time log_implementations_dace_clang__veclen_32_cpy iter 0: 195.774 ms
Run time log_implementations_dace_clang__veclen_32_cpy iter 1: 193.430 ms
Run time log_implementations_dace_clang__veclen_32_cpy iter 2: 195.306 ms
Run time log_implementations_dace_clang__veclen_32_cpy iter 3: 193.738 ms
Run time log_implementations_dace_clang__veclen_32_cpy iter 4: 193.794 ms
Run time log_implementations_dace_clang__veclen_32_cpy iter 5: 193.418 ms
Run time log_implementations_dace_clang__veclen_32_cpy iter 6: 194.367 ms
Run time log_implementations_dace_clang__veclen_32_cpy iter 7: 193.341 ms
Run time log_implementations_dace_clang__veclen_32_cpy iter 8: 194.662 ms
Run time log_implementations_dace_clang__veclen_32_cpy iter 9: 193.357 ms
Run time log_implementations_dace_clang__veclen_32_cpy iter 10: 192.042 ms
Run time log_implementations_dace_clang__veclen_32_cpy iter 11: 193.540 ms
Run time log_implementations_dace_clang__veclen_32_cpy iter 12: 194.881 ms
Run time log_implementations_dace_clang__veclen_32_cpy iter 13: 193.946 ms
Run time log_implementations_dace_clang__veclen_32_cpy iter 14: 192.995 ms
Run time log_implementations_dace_clang__veclen_32_cpy iter 15: 193.870 ms
Run time log_implementations_dace_clang__veclen_32_cpy iter 16: 194.569 ms
Run time log_implementations_dace_clang__veclen_32_cpy iter 17: 194.997 ms
Run time log_implementations_dace_clang__veclen_32_cpy iter 18: 192.518 ms
Run time log_implementations_dace_clang__veclen_32_cpy iter 19: 193.269 ms
Run time log_implementations_dace_clang__veclen_64_no_cpy iter 0: 194.127 ms
Run time log_implementations_dace_clang__veclen_64_no_cpy iter 1: 193.744 ms
Run time log_implementations_dace_clang__veclen_64_no_cpy iter 2: 195.049 ms
Run time log_implementations_dace_clang__veclen_64_no_cpy iter 3: 194.872 ms
Run time log_implementations_dace_clang__veclen_64_no_cpy iter 4: 193.327 ms
Run time log_implementations_dace_clang__veclen_64_no_cpy iter 5: 194.500 ms
Run time log_implementations_dace_clang__veclen_64_no_cpy iter 6: 194.510 ms
Run time log_implementations_dace_clang__veclen_64_no_cpy iter 7: 193.450 ms
Run time log_implementations_dace_clang__veclen_64_no_cpy iter 8: 193.518 ms
Run time log_implementations_dace_clang__veclen_64_no_cpy iter 9: 195.276 ms
Run time log_implementations_dace_clang__veclen_64_no_cpy iter 10: 194.161 ms
Run time log_implementations_dace_clang__veclen_64_no_cpy iter 11: 194.032 ms
Run time log_implementations_dace_clang__veclen_64_no_cpy iter 12: 195.118 ms
Run time log_implementations_dace_clang__veclen_64_no_cpy iter 13: 192.620 ms
Run time log_implementations_dace_clang__veclen_64_no_cpy iter 14: 193.600 ms
Run time log_implementations_dace_clang__veclen_64_no_cpy iter 15: 194.448 ms
Run time log_implementations_dace_clang__veclen_64_no_cpy iter 16: 193.440 ms
Run time log_implementations_dace_clang__veclen_64_no_cpy iter 17: 194.010 ms
Run time log_implementations_dace_clang__veclen_64_no_cpy iter 18: 193.247 ms
Run time log_implementations_dace_clang__veclen_64_no_cpy iter 19: 195.539 ms
Run time log_implementations_dace_clang__veclen_64_cpy iter 0: 196.460 ms
Run time log_implementations_dace_clang__veclen_64_cpy iter 1: 196.545 ms
Run time log_implementations_dace_clang__veclen_64_cpy iter 2: 197.929 ms
Run time log_implementations_dace_clang__veclen_64_cpy iter 3: 196.556 ms
Run time log_implementations_dace_clang__veclen_64_cpy iter 4: 196.783 ms
Run time log_implementations_dace_clang__veclen_64_cpy iter 5: 196.613 ms
Run time log_implementations_dace_clang__veclen_64_cpy iter 6: 195.965 ms
Run time log_implementations_dace_clang__veclen_64_cpy iter 7: 196.511 ms
Run time log_implementations_dace_clang__veclen_64_cpy iter 8: 196.727 ms
Run time log_implementations_dace_clang__veclen_64_cpy iter 9: 195.483 ms
Run time log_implementations_dace_clang__veclen_64_cpy iter 10: 196.901 ms
Run time log_implementations_dace_clang__veclen_64_cpy iter 11: 195.966 ms
Run time log_implementations_dace_clang__veclen_64_cpy iter 12: 196.464 ms
Run time log_implementations_dace_clang__veclen_64_cpy iter 13: 195.770 ms
Run time log_implementations_dace_clang__veclen_64_cpy iter 14: 195.475 ms
Run time log_implementations_dace_clang__veclen_64_cpy iter 15: 195.736 ms
Run time log_implementations_dace_clang__veclen_64_cpy iter 16: 196.348 ms
Run time log_implementations_dace_clang__veclen_64_cpy iter 17: 196.078 ms
Run time log_implementations_dace_clang__veclen_64_cpy iter 18: 197.599 ms
Run time log_implementations_dace_clang__veclen_64_cpy iter 19: 195.648 ms
Saved timing results to log_implementations_timings__singlecore.csv
Run time log_implementations_dace iter 0: 364.291 ms
Run time log_implementations_dace iter 1: 365.387 ms
Run time log_implementations_dace iter 2: 365.320 ms
Run time log_implementations_dace iter 3: 368.957 ms
Run time log_implementations_dace iter 4: 368.524 ms
Run time log_implementations_dace iter 5: 368.113 ms
Run time log_implementations_dace iter 6: 364.903 ms
Run time log_implementations_dace iter 7: 365.373 ms
Run time log_implementations_dace iter 8: 367.230 ms
Run time log_implementations_dace iter 9: 367.665 ms
Run time log_implementations_dace iter 10: 367.150 ms
Run time log_implementations_dace iter 11: 367.380 ms
Run time log_implementations_dace iter 12: 366.745 ms
Run time log_implementations_dace iter 13: 367.242 ms
Run time log_implementations_dace iter 14: 368.077 ms
Run time log_implementations_dace iter 15: 367.075 ms
Run time log_implementations_dace iter 16: 367.694 ms
Run time log_implementations_dace iter 17: 367.635 ms
Run time log_implementations_dace iter 18: 366.669 ms
Run time log_implementations_dace iter 19: 367.040 ms
Run time log_implementations_dace_clang__veclen_8_no_cpy iter 0: 371.535 ms
Run time log_implementations_dace_clang__veclen_8_no_cpy iter 1: 371.535 ms
Run time log_implementations_dace_clang__veclen_8_no_cpy iter 2: 371.556 ms
Run time log_implementations_dace_clang__veclen_8_no_cpy iter 3: 371.076 ms
Run time log_implementations_dace_clang__veclen_8_no_cpy iter 4: 371.244 ms
Run time log_implementations_dace_clang__veclen_8_no_cpy iter 5: 371.178 ms
Run time log_implementations_dace_clang__veclen_8_no_cpy iter 6: 371.946 ms
Run time log_implementations_dace_clang__veclen_8_no_cpy iter 7: 371.364 ms
Run time log_implementations_dace_clang__veclen_8_no_cpy iter 8: 371.292 ms
Run time log_implementations_dace_clang__veclen_8_no_cpy iter 9: 371.058 ms
Run time log_implementations_dace_clang__veclen_8_no_cpy iter 10: 370.766 ms
Run time log_implementations_dace_clang__veclen_8_no_cpy iter 11: 372.525 ms
Run time log_implementations_dace_clang__veclen_8_no_cpy iter 12: 372.843 ms
Run time log_implementations_dace_clang__veclen_8_no_cpy iter 13: 371.074 ms
Run time log_implementations_dace_clang__veclen_8_no_cpy iter 14: 370.448 ms
Run time log_implementations_dace_clang__veclen_8_no_cpy iter 15: 370.957 ms
Run time log_implementations_dace_clang__veclen_8_no_cpy iter 16: 371.214 ms
Run time log_implementations_dace_clang__veclen_8_no_cpy iter 17: 370.282 ms
Run time log_implementations_dace_clang__veclen_8_no_cpy iter 18: 371.163 ms
Run time log_implementations_dace_clang__veclen_8_no_cpy iter 19: 372.526 ms
Run time log_implementations_dace_clang__veclen_8_cpy iter 0: 375.682 ms
Run time log_implementations_dace_clang__veclen_8_cpy iter 1: 375.728 ms
Run time log_implementations_dace_clang__veclen_8_cpy iter 2: 373.657 ms
Run time log_implementations_dace_clang__veclen_8_cpy iter 3: 375.037 ms
Run time log_implementations_dace_clang__veclen_8_cpy iter 4: 376.504 ms
Run time log_implementations_dace_clang__veclen_8_cpy iter 5: 375.429 ms
Run time log_implementations_dace_clang__veclen_8_cpy iter 6: 374.846 ms
Run time log_implementations_dace_clang__veclen_8_cpy iter 7: 374.172 ms
Run time log_implementations_dace_clang__veclen_8_cpy iter 8: 376.372 ms
Run time log_implementations_dace_clang__veclen_8_cpy iter 9: 375.517 ms
Run time log_implementations_dace_clang__veclen_8_cpy iter 10: 377.096 ms
Run time log_implementations_dace_clang__veclen_8_cpy iter 11: 377.048 ms
Run time log_implementations_dace_clang__veclen_8_cpy iter 12: 377.459 ms
Run time log_implementations_dace_clang__veclen_8_cpy iter 13: 375.883 ms
Run time log_implementations_dace_clang__veclen_8_cpy iter 14: 375.737 ms
Run time log_implementations_dace_clang__veclen_8_cpy iter 15: 374.740 ms
Run time log_implementations_dace_clang__veclen_8_cpy iter 16: 375.533 ms
Run time log_implementations_dace_clang__veclen_8_cpy iter 17: 374.877 ms
Run time log_implementations_dace_clang__veclen_8_cpy iter 18: 374.915 ms
Run time log_implementations_dace_clang__veclen_8_cpy iter 19: 375.649 ms
Run time log_implementations_dace_clang__veclen_16_no_cpy iter 0: 372.469 ms
Run time log_implementations_dace_clang__veclen_16_no_cpy iter 1: 373.374 ms
Run time log_implementations_dace_clang__veclen_16_no_cpy iter 2: 373.183 ms
Run time log_implementations_dace_clang__veclen_16_no_cpy iter 3: 371.354 ms
Run time log_implementations_dace_clang__veclen_16_no_cpy iter 4: 371.039 ms
Run time log_implementations_dace_clang__veclen_16_no_cpy iter 5: 372.147 ms
Run time log_implementations_dace_clang__veclen_16_no_cpy iter 6: 370.371 ms
Run time log_implementations_dace_clang__veclen_16_no_cpy iter 7: 372.336 ms
Run time log_implementations_dace_clang__veclen_16_no_cpy iter 8: 370.866 ms
Run time log_implementations_dace_clang__veclen_16_no_cpy iter 9: 370.877 ms
Run time log_implementations_dace_clang__veclen_16_no_cpy iter 10: 371.321 ms
Run time log_implementations_dace_clang__veclen_16_no_cpy iter 11: 372.026 ms
Run time log_implementations_dace_clang__veclen_16_no_cpy iter 12: 371.012 ms
Run time log_implementations_dace_clang__veclen_16_no_cpy iter 13: 372.124 ms
Run time log_implementations_dace_clang__veclen_16_no_cpy iter 14: 372.617 ms
Run time log_implementations_dace_clang__veclen_16_no_cpy iter 15: 372.170 ms
Run time log_implementations_dace_clang__veclen_16_no_cpy iter 16: 373.595 ms
Run time log_implementations_dace_clang__veclen_16_no_cpy iter 17: 372.074 ms
Run time log_implementations_dace_clang__veclen_16_no_cpy iter 18: 372.564 ms
Run time log_implementations_dace_clang__veclen_16_no_cpy iter 19: 373.832 ms
Run time log_implementations_dace_clang__veclen_16_cpy iter 0: 374.717 ms
Run time log_implementations_dace_clang__veclen_16_cpy iter 1: 375.079 ms
Run time log_implementations_dace_clang__veclen_16_cpy iter 2: 375.353 ms
Run time log_implementations_dace_clang__veclen_16_cpy iter 3: 373.271 ms
Run time log_implementations_dace_clang__veclen_16_cpy iter 4: 372.885 ms
Run time log_implementations_dace_clang__veclen_16_cpy iter 5: 373.345 ms
Run time log_implementations_dace_clang__veclen_16_cpy iter 6: 373.452 ms
Run time log_implementations_dace_clang__veclen_16_cpy iter 7: 374.005 ms
Run time log_implementations_dace_clang__veclen_16_cpy iter 8: 374.234 ms
Run time log_implementations_dace_clang__veclen_16_cpy iter 9: 373.513 ms
Run time log_implementations_dace_clang__veclen_16_cpy iter 10: 371.886 ms
Run time log_implementations_dace_clang__veclen_16_cpy iter 11: 371.581 ms
Run time log_implementations_dace_clang__veclen_16_cpy iter 12: 370.857 ms
Run time log_implementations_dace_clang__veclen_16_cpy iter 13: 373.655 ms
Run time log_implementations_dace_clang__veclen_16_cpy iter 14: 373.969 ms
Run time log_implementations_dace_clang__veclen_16_cpy iter 15: 371.886 ms
Run time log_implementations_dace_clang__veclen_16_cpy iter 16: 371.116 ms
Run time log_implementations_dace_clang__veclen_16_cpy iter 17: 371.921 ms
Run time log_implementations_dace_clang__veclen_16_cpy iter 18: 373.846 ms
Run time log_implementations_dace_clang__veclen_16_cpy iter 19: 372.890 ms
Run time log_implementations_dace_clang__veclen_32_no_cpy iter 0: 382.517 ms
Run time log_implementations_dace_clang__veclen_32_no_cpy iter 1: 381.281 ms
Run time log_implementations_dace_clang__veclen_32_no_cpy iter 2: 378.766 ms
Run time log_implementations_dace_clang__veclen_32_no_cpy iter 3: 379.709 ms
Run time log_implementations_dace_clang__veclen_32_no_cpy iter 4: 381.073 ms
Run time log_implementations_dace_clang__veclen_32_no_cpy iter 5: 380.331 ms
Run time log_implementations_dace_clang__veclen_32_no_cpy iter 6: 379.339 ms
Run time log_implementations_dace_clang__veclen_32_no_cpy iter 7: 381.048 ms
Run time log_implementations_dace_clang__veclen_32_no_cpy iter 8: 376.492 ms
Run time log_implementations_dace_clang__veclen_32_no_cpy iter 9: 381.669 ms
Run time log_implementations_dace_clang__veclen_32_no_cpy iter 10: 379.148 ms
Run time log_implementations_dace_clang__veclen_32_no_cpy iter 11: 379.918 ms
Run time log_implementations_dace_clang__veclen_32_no_cpy iter 12: 379.753 ms
Run time log_implementations_dace_clang__veclen_32_no_cpy iter 13: 380.245 ms
Run time log_implementations_dace_clang__veclen_32_no_cpy iter 14: 379.587 ms
Run time log_implementations_dace_clang__veclen_32_no_cpy iter 15: 379.880 ms
Run time log_implementations_dace_clang__veclen_32_no_cpy iter 16: 379.963 ms
Run time log_implementations_dace_clang__veclen_32_no_cpy iter 17: 379.631 ms
Run time log_implementations_dace_clang__veclen_32_no_cpy iter 18: 380.438 ms
Run time log_implementations_dace_clang__veclen_32_no_cpy iter 19: 379.779 ms
Run time log_implementations_dace_clang__veclen_32_cpy iter 0: 378.321 ms
Run time log_implementations_dace_clang__veclen_32_cpy iter 1: 375.274 ms
Run time log_implementations_dace_clang__veclen_32_cpy iter 2: 377.880 ms
Run time log_implementations_dace_clang__veclen_32_cpy iter 3: 378.047 ms
Run time log_implementations_dace_clang__veclen_32_cpy iter 4: 378.049 ms
Run time log_implementations_dace_clang__veclen_32_cpy iter 5: 376.933 ms
Run time log_implementations_dace_clang__veclen_32_cpy iter 6: 377.932 ms
Run time log_implementations_dace_clang__veclen_32_cpy iter 7: 379.871 ms
Run time log_implementations_dace_clang__veclen_32_cpy iter 8: 377.282 ms
Run time log_implementations_dace_clang__veclen_32_cpy iter 9: 378.330 ms
Run time log_implementations_dace_clang__veclen_32_cpy iter 10: 377.274 ms
Run time log_implementations_dace_clang__veclen_32_cpy iter 11: 377.836 ms
Run time log_implementations_dace_clang__veclen_32_cpy iter 12: 376.110 ms
Run time log_implementations_dace_clang__veclen_32_cpy iter 13: 377.175 ms
Run time log_implementations_dace_clang__veclen_32_cpy iter 14: 377.359 ms
Run time log_implementations_dace_clang__veclen_32_cpy iter 15: 377.672 ms
Run time log_implementations_dace_clang__veclen_32_cpy iter 16: 374.591 ms
Run time log_implementations_dace_clang__veclen_32_cpy iter 17: 377.622 ms
Run time log_implementations_dace_clang__veclen_32_cpy iter 18: 377.733 ms
Run time log_implementations_dace_clang__veclen_32_cpy iter 19: 378.009 ms
Run time log_implementations_dace_clang__veclen_64_no_cpy iter 0: 377.814 ms
Run time log_implementations_dace_clang__veclen_64_no_cpy iter 1: 377.142 ms
Run time log_implementations_dace_clang__veclen_64_no_cpy iter 2: 377.752 ms
Run time log_implementations_dace_clang__veclen_64_no_cpy iter 3: 377.961 ms
Run time log_implementations_dace_clang__veclen_64_no_cpy iter 4: 378.109 ms
Run time log_implementations_dace_clang__veclen_64_no_cpy iter 5: 377.109 ms
Run time log_implementations_dace_clang__veclen_64_no_cpy iter 6: 376.098 ms
Run time log_implementations_dace_clang__veclen_64_no_cpy iter 7: 377.316 ms
Run time log_implementations_dace_clang__veclen_64_no_cpy iter 8: 377.122 ms
Run time log_implementations_dace_clang__veclen_64_no_cpy iter 9: 374.757 ms
Run time log_implementations_dace_clang__veclen_64_no_cpy iter 10: 376.785 ms
Run time log_implementations_dace_clang__veclen_64_no_cpy iter 11: 377.443 ms
Run time log_implementations_dace_clang__veclen_64_no_cpy iter 12: 377.341 ms
Run time log_implementations_dace_clang__veclen_64_no_cpy iter 13: 376.875 ms
Run time log_implementations_dace_clang__veclen_64_no_cpy iter 14: 377.233 ms
Run time log_implementations_dace_clang__veclen_64_no_cpy iter 15: 375.882 ms
Run time log_implementations_dace_clang__veclen_64_no_cpy iter 16: 377.013 ms
Run time log_implementations_dace_clang__veclen_64_no_cpy iter 17: 378.983 ms
Run time log_implementations_dace_clang__veclen_64_no_cpy iter 18: 376.568 ms
Run time log_implementations_dace_clang__veclen_64_no_cpy iter 19: 372.107 ms
Run time log_implementations_dace_clang__veclen_64_cpy iter 0: 377.146 ms
Run time log_implementations_dace_clang__veclen_64_cpy iter 1: 382.183 ms
Run time log_implementations_dace_clang__veclen_64_cpy iter 2: 381.897 ms
Run time log_implementations_dace_clang__veclen_64_cpy iter 3: 383.723 ms
Run time log_implementations_dace_clang__veclen_64_cpy iter 4: 382.778 ms
Run time log_implementations_dace_clang__veclen_64_cpy iter 5: 382.389 ms
Run time log_implementations_dace_clang__veclen_64_cpy iter 6: 383.753 ms
Run time log_implementations_dace_clang__veclen_64_cpy iter 7: 382.098 ms
Run time log_implementations_dace_clang__veclen_64_cpy iter 8: 380.945 ms
Run time log_implementations_dace_clang__veclen_64_cpy iter 9: 382.476 ms
Run time log_implementations_dace_clang__veclen_64_cpy iter 10: 382.266 ms
Run time log_implementations_dace_clang__veclen_64_cpy iter 11: 382.374 ms
Run time log_implementations_dace_clang__veclen_64_cpy iter 12: 382.467 ms
Run time log_implementations_dace_clang__veclen_64_cpy iter 13: 382.611 ms
Run time log_implementations_dace_clang__veclen_64_cpy iter 14: 382.897 ms
Run time log_implementations_dace_clang__veclen_64_cpy iter 15: 377.974 ms
Run time log_implementations_dace_clang__veclen_64_cpy iter 16: 383.731 ms
Run time log_implementations_dace_clang__veclen_64_cpy iter 17: 381.927 ms
Run time log_implementations_dace_clang__veclen_64_cpy iter 18: 382.081 ms
Run time log_implementations_dace_clang__veclen_64_cpy iter 19: 381.560 ms
Saved timing results to log_implementations_timings__singlecore.csv
Run time log_implementations_dace iter 0: 726.042 ms
Run time log_implementations_dace iter 1: 724.040 ms
Run time log_implementations_dace iter 2: 724.704 ms
Run time log_implementations_dace iter 3: 725.552 ms
Run time log_implementations_dace iter 4: 724.673 ms
Run time log_implementations_dace iter 5: 722.705 ms
Run time log_implementations_dace iter 6: 723.739 ms
Run time log_implementations_dace iter 7: 725.033 ms
Run time log_implementations_dace iter 8: 724.452 ms
Run time log_implementations_dace iter 9: 721.590 ms
Run time log_implementations_dace iter 10: 725.062 ms
Run time log_implementations_dace iter 11: 724.923 ms
Run time log_implementations_dace iter 12: 724.289 ms
Run time log_implementations_dace iter 13: 724.378 ms
Run time log_implementations_dace iter 14: 724.448 ms
Run time log_implementations_dace iter 15: 725.291 ms
Run time log_implementations_dace iter 16: 726.188 ms
Run time log_implementations_dace iter 17: 724.229 ms
Run time log_implementations_dace iter 18: 724.502 ms
Run time log_implementations_dace iter 19: 725.115 ms
Run time log_implementations_dace_clang__veclen_8_no_cpy iter 0: 732.763 ms
Run time log_implementations_dace_clang__veclen_8_no_cpy iter 1: 733.330 ms
Run time log_implementations_dace_clang__veclen_8_no_cpy iter 2: 734.318 ms
Run time log_implementations_dace_clang__veclen_8_no_cpy iter 3: 732.868 ms
Run time log_implementations_dace_clang__veclen_8_no_cpy iter 4: 728.924 ms
Run time log_implementations_dace_clang__veclen_8_no_cpy iter 5: 734.599 ms
Run time log_implementations_dace_clang__veclen_8_no_cpy iter 6: 733.184 ms
Run time log_implementations_dace_clang__veclen_8_no_cpy iter 7: 727.641 ms
Run time log_implementations_dace_clang__veclen_8_no_cpy iter 8: 734.396 ms
Run time log_implementations_dace_clang__veclen_8_no_cpy iter 9: 733.003 ms
Run time log_implementations_dace_clang__veclen_8_no_cpy iter 10: 733.968 ms
Run time log_implementations_dace_clang__veclen_8_no_cpy iter 11: 734.904 ms
Run time log_implementations_dace_clang__veclen_8_no_cpy iter 12: 732.992 ms
Run time log_implementations_dace_clang__veclen_8_no_cpy iter 13: 732.848 ms
Run time log_implementations_dace_clang__veclen_8_no_cpy iter 14: 730.674 ms
Run time log_implementations_dace_clang__veclen_8_no_cpy iter 15: 733.168 ms
Run time log_implementations_dace_clang__veclen_8_no_cpy iter 16: 733.386 ms
Run time log_implementations_dace_clang__veclen_8_no_cpy iter 17: 732.518 ms
Run time log_implementations_dace_clang__veclen_8_no_cpy iter 18: 735.019 ms
Run time log_implementations_dace_clang__veclen_8_no_cpy iter 19: 734.002 ms
Run time log_implementations_dace_clang__veclen_8_cpy iter 0: 740.993 ms
Run time log_implementations_dace_clang__veclen_8_cpy iter 1: 738.980 ms
Run time log_implementations_dace_clang__veclen_8_cpy iter 2: 733.056 ms
Run time log_implementations_dace_clang__veclen_8_cpy iter 3: 740.383 ms
Run time log_implementations_dace_clang__veclen_8_cpy iter 4: 733.164 ms
Run time log_implementations_dace_clang__veclen_8_cpy iter 5: 741.035 ms
Run time log_implementations_dace_clang__veclen_8_cpy iter 6: 739.982 ms
Run time log_implementations_dace_clang__veclen_8_cpy iter 7: 733.371 ms
Run time log_implementations_dace_clang__veclen_8_cpy iter 8: 739.706 ms
Run time log_implementations_dace_clang__veclen_8_cpy iter 9: 740.051 ms
Run time log_implementations_dace_clang__veclen_8_cpy iter 10: 736.131 ms
Run time log_implementations_dace_clang__veclen_8_cpy iter 11: 741.522 ms
Run time log_implementations_dace_clang__veclen_8_cpy iter 12: 739.555 ms
Run time log_implementations_dace_clang__veclen_8_cpy iter 13: 740.051 ms
Run time log_implementations_dace_clang__veclen_8_cpy iter 14: 739.788 ms
Run time log_implementations_dace_clang__veclen_8_cpy iter 15: 740.415 ms
Run time log_implementations_dace_clang__veclen_8_cpy iter 16: 740.274 ms
Run time log_implementations_dace_clang__veclen_8_cpy iter 17: 739.960 ms
Run time log_implementations_dace_clang__veclen_8_cpy iter 18: 738.914 ms
Run time log_implementations_dace_clang__veclen_8_cpy iter 19: 735.000 ms
Run time log_implementations_dace_clang__veclen_16_no_cpy iter 0: 730.679 ms
Run time log_implementations_dace_clang__veclen_16_no_cpy iter 1: 732.304 ms
Run time log_implementations_dace_clang__veclen_16_no_cpy iter 2: 734.113 ms
Run time log_implementations_dace_clang__veclen_16_no_cpy iter 3: 734.285 ms
Run time log_implementations_dace_clang__veclen_16_no_cpy iter 4: 734.402 ms
Run time log_implementations_dace_clang__veclen_16_no_cpy iter 5: 732.722 ms
Run time log_implementations_dace_clang__veclen_16_no_cpy iter 6: 733.924 ms
Run time log_implementations_dace_clang__veclen_16_no_cpy iter 7: 733.424 ms
Run time log_implementations_dace_clang__veclen_16_no_cpy iter 8: 733.248 ms
Run time log_implementations_dace_clang__veclen_16_no_cpy iter 9: 728.752 ms
Run time log_implementations_dace_clang__veclen_16_no_cpy iter 10: 734.054 ms
Run time log_implementations_dace_clang__veclen_16_no_cpy iter 11: 732.825 ms
Run time log_implementations_dace_clang__veclen_16_no_cpy iter 12: 732.589 ms
Run time log_implementations_dace_clang__veclen_16_no_cpy iter 13: 732.990 ms
Run time log_implementations_dace_clang__veclen_16_no_cpy iter 14: 732.617 ms
Run time log_implementations_dace_clang__veclen_16_no_cpy iter 15: 732.977 ms
Run time log_implementations_dace_clang__veclen_16_no_cpy iter 16: 732.944 ms
Run time log_implementations_dace_clang__veclen_16_no_cpy iter 17: 733.438 ms
Run time log_implementations_dace_clang__veclen_16_no_cpy iter 18: 735.350 ms
Run time log_implementations_dace_clang__veclen_16_no_cpy iter 19: 732.759 ms
Run time log_implementations_dace_clang__veclen_16_cpy iter 0: 730.127 ms
Run time log_implementations_dace_clang__veclen_16_cpy iter 1: 734.612 ms
Run time log_implementations_dace_clang__veclen_16_cpy iter 2: 732.487 ms
Run time log_implementations_dace_clang__veclen_16_cpy iter 3: 735.264 ms
Run time log_implementations_dace_clang__veclen_16_cpy iter 4: 734.329 ms
Run time log_implementations_dace_clang__veclen_16_cpy iter 5: 733.461 ms
Run time log_implementations_dace_clang__veclen_16_cpy iter 6: 734.074 ms
Run time log_implementations_dace_clang__veclen_16_cpy iter 7: 734.273 ms
Run time log_implementations_dace_clang__veclen_16_cpy iter 8: 733.910 ms
Run time log_implementations_dace_clang__veclen_16_cpy iter 9: 728.089 ms
Run time log_implementations_dace_clang__veclen_16_cpy iter 10: 734.320 ms
Run time log_implementations_dace_clang__veclen_16_cpy iter 11: 731.777 ms
Run time log_implementations_dace_clang__veclen_16_cpy iter 12: 728.924 ms
Run time log_implementations_dace_clang__veclen_16_cpy iter 13: 734.645 ms
Run time log_implementations_dace_clang__veclen_16_cpy iter 14: 733.437 ms
Run time log_implementations_dace_clang__veclen_16_cpy iter 15: 730.072 ms
Run time log_implementations_dace_clang__veclen_16_cpy iter 16: 733.777 ms
Run time log_implementations_dace_clang__veclen_16_cpy iter 17: 735.526 ms
Run time log_implementations_dace_clang__veclen_16_cpy iter 18: 735.410 ms
Run time log_implementations_dace_clang__veclen_16_cpy iter 19: 733.968 ms
Run time log_implementations_dace_clang__veclen_32_no_cpy iter 0: 749.267 ms
Run time log_implementations_dace_clang__veclen_32_no_cpy iter 1: 751.204 ms
Run time log_implementations_dace_clang__veclen_32_no_cpy iter 2: 750.501 ms
Run time log_implementations_dace_clang__veclen_32_no_cpy iter 3: 744.174 ms
Run time log_implementations_dace_clang__veclen_32_no_cpy iter 4: 748.869 ms
Run time log_implementations_dace_clang__veclen_32_no_cpy iter 5: 750.488 ms
Run time log_implementations_dace_clang__veclen_32_no_cpy iter 6: 751.064 ms
Run time log_implementations_dace_clang__veclen_32_no_cpy iter 7: 750.579 ms
Run time log_implementations_dace_clang__veclen_32_no_cpy iter 8: 749.296 ms
Run time log_implementations_dace_clang__veclen_32_no_cpy iter 9: 751.073 ms
Run time log_implementations_dace_clang__veclen_32_no_cpy iter 10: 744.036 ms
Run time log_implementations_dace_clang__veclen_32_no_cpy iter 11: 751.014 ms
Run time log_implementations_dace_clang__veclen_32_no_cpy iter 12: 749.748 ms
Run time log_implementations_dace_clang__veclen_32_no_cpy iter 13: 749.719 ms
Run time log_implementations_dace_clang__veclen_32_no_cpy iter 14: 750.361 ms
Run time log_implementations_dace_clang__veclen_32_no_cpy iter 15: 748.042 ms
Run time log_implementations_dace_clang__veclen_32_no_cpy iter 16: 750.571 ms
Run time log_implementations_dace_clang__veclen_32_no_cpy iter 17: 743.741 ms
Run time log_implementations_dace_clang__veclen_32_no_cpy iter 18: 750.149 ms
Run time log_implementations_dace_clang__veclen_32_no_cpy iter 19: 743.968 ms
Run time log_implementations_dace_clang__veclen_32_cpy iter 0: 748.452 ms
Run time log_implementations_dace_clang__veclen_32_cpy iter 1: 746.113 ms
Run time log_implementations_dace_clang__veclen_32_cpy iter 2: 745.621 ms
Run time log_implementations_dace_clang__veclen_32_cpy iter 3: 744.438 ms
Run time log_implementations_dace_clang__veclen_32_cpy iter 4: 748.758 ms
Run time log_implementations_dace_clang__veclen_32_cpy iter 5: 752.356 ms
Run time log_implementations_dace_clang__veclen_32_cpy iter 6: 747.167 ms
Run time log_implementations_dace_clang__veclen_32_cpy iter 7: 746.900 ms
Run time log_implementations_dace_clang__veclen_32_cpy iter 8: 746.434 ms
Run time log_implementations_dace_clang__veclen_32_cpy iter 9: 747.157 ms
Run time log_implementations_dace_clang__veclen_32_cpy iter 10: 747.370 ms
Run time log_implementations_dace_clang__veclen_32_cpy iter 11: 749.228 ms
Run time log_implementations_dace_clang__veclen_32_cpy iter 12: 746.686 ms
Run time log_implementations_dace_clang__veclen_32_cpy iter 13: 748.257 ms
Run time log_implementations_dace_clang__veclen_32_cpy iter 14: 746.138 ms
Run time log_implementations_dace_clang__veclen_32_cpy iter 15: 748.143 ms
Run time log_implementations_dace_clang__veclen_32_cpy iter 16: 747.255 ms
Run time log_implementations_dace_clang__veclen_32_cpy iter 17: 746.603 ms
Run time log_implementations_dace_clang__veclen_32_cpy iter 18: 745.968 ms
Run time log_implementations_dace_clang__veclen_32_cpy iter 19: 745.051 ms
Run time log_implementations_dace_clang__veclen_64_no_cpy iter 0: 745.672 ms
Run time log_implementations_dace_clang__veclen_64_no_cpy iter 1: 746.231 ms
Run time log_implementations_dace_clang__veclen_64_no_cpy iter 2: 743.224 ms
Run time log_implementations_dace_clang__veclen_64_no_cpy iter 3: 745.233 ms
Run time log_implementations_dace_clang__veclen_64_no_cpy iter 4: 741.212 ms
Run time log_implementations_dace_clang__veclen_64_no_cpy iter 5: 745.692 ms
Run time log_implementations_dace_clang__veclen_64_no_cpy iter 6: 741.816 ms
Run time log_implementations_dace_clang__veclen_64_no_cpy iter 7: 746.753 ms
Run time log_implementations_dace_clang__veclen_64_no_cpy iter 8: 745.577 ms
Run time log_implementations_dace_clang__veclen_64_no_cpy iter 9: 743.754 ms
Run time log_implementations_dace_clang__veclen_64_no_cpy iter 10: 745.470 ms
Run time log_implementations_dace_clang__veclen_64_no_cpy iter 11: 743.857 ms
Run time log_implementations_dace_clang__veclen_64_no_cpy iter 12: 744.477 ms
Run time log_implementations_dace_clang__veclen_64_no_cpy iter 13: 744.021 ms
Run time log_implementations_dace_clang__veclen_64_no_cpy iter 14: 744.745 ms
Run time log_implementations_dace_clang__veclen_64_no_cpy iter 15: 745.967 ms
Run time log_implementations_dace_clang__veclen_64_no_cpy iter 16: 746.197 ms
Run time log_implementations_dace_clang__veclen_64_no_cpy iter 17: 743.499 ms
Run time log_implementations_dace_clang__veclen_64_no_cpy iter 18: 742.141 ms
Run time log_implementations_dace_clang__veclen_64_no_cpy iter 19: 741.119 ms
Run time log_implementations_dace_clang__veclen_64_cpy iter 0: 755.095 ms
Run time log_implementations_dace_clang__veclen_64_cpy iter 1: 754.985 ms
Run time log_implementations_dace_clang__veclen_64_cpy iter 2: 753.776 ms
Run time log_implementations_dace_clang__veclen_64_cpy iter 3: 753.441 ms
Run time log_implementations_dace_clang__veclen_64_cpy iter 4: 754.843 ms
Run time log_implementations_dace_clang__veclen_64_cpy iter 5: 754.264 ms
Run time log_implementations_dace_clang__veclen_64_cpy iter 6: 757.286 ms
Run time log_implementations_dace_clang__veclen_64_cpy iter 7: 757.408 ms
Run time log_implementations_dace_clang__veclen_64_cpy iter 8: 755.107 ms
Run time log_implementations_dace_clang__veclen_64_cpy iter 9: 755.545 ms
Run time log_implementations_dace_clang__veclen_64_cpy iter 10: 754.279 ms
Run time log_implementations_dace_clang__veclen_64_cpy iter 11: 755.426 ms
Run time log_implementations_dace_clang__veclen_64_cpy iter 12: 755.727 ms
Run time log_implementations_dace_clang__veclen_64_cpy iter 13: 755.348 ms
Run time log_implementations_dace_clang__veclen_64_cpy iter 14: 754.724 ms
Run time log_implementations_dace_clang__veclen_64_cpy iter 15: 754.350 ms
Run time log_implementations_dace_clang__veclen_64_cpy iter 16: 755.732 ms
Run time log_implementations_dace_clang__veclen_64_cpy iter 17: 756.590 ms
Run time log_implementations_dace_clang__veclen_64_cpy iter 18: 756.114 ms
Run time log_implementations_dace_clang__veclen_64_cpy iter 19: 755.222 ms
Saved timing results to log_implementations_timings__singlecore.csv
Running with EXTRA_FLAGS='-mprefer-vector-width=512', SUFFIX='force_width_512'
