Physical cores: 36
Run time jacobi2d iter 0: 26.729 ms
Run time jacobi2d iter 1: 26.751 ms
Run time jacobi2d iter 2: 26.782 ms
Run time jacobi2d iter 3: 26.819 ms
Run time jacobi2d iter 4: 26.725 ms
Run time jacobi2d iter 5: 26.824 ms
Run time jacobi2d iter 6: 26.747 ms
Run time jacobi2d iter 7: 26.733 ms
Run time jacobi2d iter 8: 26.923 ms
Run time jacobi2d iter 9: 26.827 ms
Run time jacobi2d_vectorized_static_veclen_8_no_cpy iter 0: 22.901 ms
Run time jacobi2d_vectorized_static_veclen_8_no_cpy iter 1: 22.491 ms
Run time jacobi2d_vectorized_static_veclen_8_no_cpy iter 2: 22.319 ms
Run time jacobi2d_vectorized_static_veclen_8_no_cpy iter 3: 22.343 ms
Run time jacobi2d_vectorized_static_veclen_8_no_cpy iter 4: 22.329 ms
Run time jacobi2d_vectorized_static_veclen_8_no_cpy iter 5: 22.627 ms
Run time jacobi2d_vectorized_static_veclen_8_no_cpy iter 6: 22.863 ms
Run time jacobi2d_vectorized_static_veclen_8_no_cpy iter 7: 22.587 ms
Run time jacobi2d_vectorized_static_veclen_8_no_cpy iter 8: 22.259 ms
Run time jacobi2d_vectorized_static_veclen_8_no_cpy iter 9: 22.472 ms
Run time jacobi2d_vectorized_static_veclen_8_cpy iter 0: 57.677 ms
Run time jacobi2d_vectorized_static_veclen_8_cpy iter 1: 57.634 ms
Run time jacobi2d_vectorized_static_veclen_8_cpy iter 2: 57.577 ms
Run time jacobi2d_vectorized_static_veclen_8_cpy iter 3: 57.582 ms
Run time jacobi2d_vectorized_static_veclen_8_cpy iter 4: 57.632 ms
Run time jacobi2d_vectorized_static_veclen_8_cpy iter 5: 57.636 ms
Run time jacobi2d_vectorized_static_veclen_8_cpy iter 6: 57.670 ms
Run time jacobi2d_vectorized_static_veclen_8_cpy iter 7: 57.760 ms
Run time jacobi2d_vectorized_static_veclen_8_cpy iter 8: 57.632 ms
Run time jacobi2d_vectorized_static_veclen_8_cpy iter 9: 57.638 ms
Run time jacobi2d_vectorized_static_veclen_16_no_cpy iter 0: 36.859 ms
Run time jacobi2d_vectorized_static_veclen_16_no_cpy iter 1: 36.978 ms
Run time jacobi2d_vectorized_static_veclen_16_no_cpy iter 2: 36.935 ms
Run time jacobi2d_vectorized_static_veclen_16_no_cpy iter 3: 37.035 ms
Run time jacobi2d_vectorized_static_veclen_16_no_cpy iter 4: 36.915 ms
Run time jacobi2d_vectorized_static_veclen_16_no_cpy iter 5: 36.913 ms
Run time jacobi2d_vectorized_static_veclen_16_no_cpy iter 6: 36.905 ms
Run time jacobi2d_vectorized_static_veclen_16_no_cpy iter 7: 36.865 ms
Run time jacobi2d_vectorized_static_veclen_16_no_cpy iter 8: 36.881 ms
Run time jacobi2d_vectorized_static_veclen_16_no_cpy iter 9: 36.944 ms
Run time jacobi2d_vectorized_static_veclen_16_cpy iter 0: 49.313 ms
Run time jacobi2d_vectorized_static_veclen_16_cpy iter 1: 49.323 ms
Run time jacobi2d_vectorized_static_veclen_16_cpy iter 2: 49.337 ms
Run time jacobi2d_vectorized_static_veclen_16_cpy iter 3: 49.266 ms
Run time jacobi2d_vectorized_static_veclen_16_cpy iter 4: 49.273 ms
Run time jacobi2d_vectorized_static_veclen_16_cpy iter 5: 49.284 ms
Run time jacobi2d_vectorized_static_veclen_16_cpy iter 6: 49.279 ms
Run time jacobi2d_vectorized_static_veclen_16_cpy iter 7: 49.274 ms
Run time jacobi2d_vectorized_static_veclen_16_cpy iter 8: 49.283 ms
Run time jacobi2d_vectorized_static_veclen_16_cpy iter 9: 49.298 ms
Run time jacobi2d_vectorized_static_veclen_32_no_cpy iter 0: 34.937 ms
Run time jacobi2d_vectorized_static_veclen_32_no_cpy iter 1: 34.978 ms
Run time jacobi2d_vectorized_static_veclen_32_no_cpy iter 2: 34.948 ms
Run time jacobi2d_vectorized_static_veclen_32_no_cpy iter 3: 34.953 ms
Run time jacobi2d_vectorized_static_veclen_32_no_cpy iter 4: 35.019 ms
Run time jacobi2d_vectorized_static_veclen_32_no_cpy iter 5: 34.905 ms
Run time jacobi2d_vectorized_static_veclen_32_no_cpy iter 6: 34.909 ms
Run time jacobi2d_vectorized_static_veclen_32_no_cpy iter 7: 34.931 ms
Run time jacobi2d_vectorized_static_veclen_32_no_cpy iter 8: 34.938 ms
Run time jacobi2d_vectorized_static_veclen_32_no_cpy iter 9: 34.947 ms
Run time jacobi2d_vectorized_static_veclen_32_cpy iter 0: 51.123 ms
Run time jacobi2d_vectorized_static_veclen_32_cpy iter 1: 51.116 ms
Run time jacobi2d_vectorized_static_veclen_32_cpy iter 2: 51.139 ms
Run time jacobi2d_vectorized_static_veclen_32_cpy iter 3: 51.153 ms
Run time jacobi2d_vectorized_static_veclen_32_cpy iter 4: 51.178 ms
Run time jacobi2d_vectorized_static_veclen_32_cpy iter 5: 51.113 ms
Run time jacobi2d_vectorized_static_veclen_32_cpy iter 6: 51.146 ms
Run time jacobi2d_vectorized_static_veclen_32_cpy iter 7: 51.128 ms
Run time jacobi2d_vectorized_static_veclen_32_cpy iter 8: 51.169 ms
Run time jacobi2d_vectorized_static_veclen_32_cpy iter 9: 51.256 ms
Run time jacobi2d_vectorized_static_veclen_8_no_cpy_aligned iter 0: 21.579 ms
Run time jacobi2d_vectorized_static_veclen_8_no_cpy_aligned iter 1: 21.465 ms
Run time jacobi2d_vectorized_static_veclen_8_no_cpy_aligned iter 2: 21.225 ms
Run time jacobi2d_vectorized_static_veclen_8_no_cpy_aligned iter 3: 21.394 ms
Run time jacobi2d_vectorized_static_veclen_8_no_cpy_aligned iter 4: 21.705 ms
Run time jacobi2d_vectorized_static_veclen_8_no_cpy_aligned iter 5: 21.649 ms
Run time jacobi2d_vectorized_static_veclen_8_no_cpy_aligned iter 6: 21.046 ms
Run time jacobi2d_vectorized_static_veclen_8_no_cpy_aligned iter 7: 21.309 ms
Run time jacobi2d_vectorized_static_veclen_8_no_cpy_aligned iter 8: 21.326 ms
Run time jacobi2d_vectorized_static_veclen_8_no_cpy_aligned iter 9: 21.546 ms
Run time jacobi2d_vectorized_static_veclen_16_no_cpy_aligned iter 0: 37.377 ms
Run time jacobi2d_vectorized_static_veclen_16_no_cpy_aligned iter 1: 37.356 ms
Run time jacobi2d_vectorized_static_veclen_16_no_cpy_aligned iter 2: 37.351 ms
Run time jacobi2d_vectorized_static_veclen_16_no_cpy_aligned iter 3: 37.377 ms
Run time jacobi2d_vectorized_static_veclen_16_no_cpy_aligned iter 4: 37.394 ms
Run time jacobi2d_vectorized_static_veclen_16_no_cpy_aligned iter 5: 37.425 ms
Run time jacobi2d_vectorized_static_veclen_16_no_cpy_aligned iter 6: 37.387 ms
Run time jacobi2d_vectorized_static_veclen_16_no_cpy_aligned iter 7: 37.491 ms
Run time jacobi2d_vectorized_static_veclen_16_no_cpy_aligned iter 8: 37.408 ms
Run time jacobi2d_vectorized_static_veclen_16_no_cpy_aligned iter 9: 37.449 ms
Run time jacobi2d_vectorized_static_veclen_32_no_cpy_aligned iter 0: 36.254 ms
Run time jacobi2d_vectorized_static_veclen_32_no_cpy_aligned iter 1: 36.253 ms
Run time jacobi2d_vectorized_static_veclen_32_no_cpy_aligned iter 2: 36.184 ms
Run time jacobi2d_vectorized_static_veclen_32_no_cpy_aligned iter 3: 36.200 ms
Run time jacobi2d_vectorized_static_veclen_32_no_cpy_aligned iter 4: 36.441 ms
Run time jacobi2d_vectorized_static_veclen_32_no_cpy_aligned iter 5: 36.054 ms
Run time jacobi2d_vectorized_static_veclen_32_no_cpy_aligned iter 6: 36.045 ms
Run time jacobi2d_vectorized_static_veclen_32_no_cpy_aligned iter 7: 36.221 ms
Run time jacobi2d_vectorized_static_veclen_32_no_cpy_aligned iter 8: 36.438 ms
Run time jacobi2d_vectorized_static_veclen_32_no_cpy_aligned iter 9: 36.195 ms
Saved timing results to jacobi2d_timings_jacobi2d_timings_intel_xeon_gcc_1_core.csv.csv
Run time jacobi2d iter 0: 128.929 ms
Run time jacobi2d iter 1: 133.523 ms
Run time jacobi2d iter 2: 128.853 ms
Run time jacobi2d iter 3: 118.066 ms
Run time jacobi2d iter 4: 117.291 ms
Run time jacobi2d iter 5: 113.552 ms
Run time jacobi2d iter 6: 112.590 ms
Run time jacobi2d iter 7: 114.045 ms
Run time jacobi2d iter 8: 114.763 ms
Run time jacobi2d iter 9: 114.258 ms
Run time jacobi2d_vectorized_static_veclen_8_no_cpy iter 0: 92.920 ms
Run time jacobi2d_vectorized_static_veclen_8_no_cpy iter 1: 92.321 ms
Run time jacobi2d_vectorized_static_veclen_8_no_cpy iter 2: 93.139 ms
Run time jacobi2d_vectorized_static_veclen_8_no_cpy iter 3: 93.947 ms
Run time jacobi2d_vectorized_static_veclen_8_no_cpy iter 4: 94.283 ms
Run time jacobi2d_vectorized_static_veclen_8_no_cpy iter 5: 96.270 ms
Run time jacobi2d_vectorized_static_veclen_8_no_cpy iter 6: 97.052 ms
Run time jacobi2d_vectorized_static_veclen_8_no_cpy iter 7: 98.351 ms
Run time jacobi2d_vectorized_static_veclen_8_no_cpy iter 8: 98.678 ms
Run time jacobi2d_vectorized_static_veclen_8_no_cpy iter 9: 98.498 ms
Run time jacobi2d_vectorized_static_veclen_8_cpy iter 0: 243.179 ms
Run time jacobi2d_vectorized_static_veclen_8_cpy iter 1: 244.171 ms
Run time jacobi2d_vectorized_static_veclen_8_cpy iter 2: 239.548 ms
Run time jacobi2d_vectorized_static_veclen_8_cpy iter 3: 232.129 ms
Run time jacobi2d_vectorized_static_veclen_8_cpy iter 4: 233.493 ms
Run time jacobi2d_vectorized_static_veclen_8_cpy iter 5: 232.752 ms
Run time jacobi2d_vectorized_static_veclen_8_cpy iter 6: 234.584 ms
Run time jacobi2d_vectorized_static_veclen_8_cpy iter 7: 237.304 ms
Run time jacobi2d_vectorized_static_veclen_8_cpy iter 8: 235.951 ms
Run time jacobi2d_vectorized_static_veclen_8_cpy iter 9: 236.341 ms
Run time jacobi2d_vectorized_static_veclen_16_no_cpy iter 0: 163.704 ms
Run time jacobi2d_vectorized_static_veclen_16_no_cpy iter 1: 159.610 ms
Run time jacobi2d_vectorized_static_veclen_16_no_cpy iter 2: 172.215 ms
Run time jacobi2d_vectorized_static_veclen_16_no_cpy iter 3: 196.224 ms
Run time jacobi2d_vectorized_static_veclen_16_no_cpy iter 4: 193.248 ms
Run time jacobi2d_vectorized_static_veclen_16_no_cpy iter 5: 194.633 ms
Run time jacobi2d_vectorized_static_veclen_16_no_cpy iter 6: 190.929 ms
Run time jacobi2d_vectorized_static_veclen_16_no_cpy iter 7: 185.463 ms
Run time jacobi2d_vectorized_static_veclen_16_no_cpy iter 8: 157.936 ms
Run time jacobi2d_vectorized_static_veclen_16_no_cpy iter 9: 157.037 ms
Run time jacobi2d_vectorized_static_veclen_16_cpy iter 0: 209.373 ms
Run time jacobi2d_vectorized_static_veclen_16_cpy iter 1: 204.851 ms
Run time jacobi2d_vectorized_static_veclen_16_cpy iter 2: 209.670 ms
Run time jacobi2d_vectorized_static_veclen_16_cpy iter 3: 210.089 ms
Run time jacobi2d_vectorized_static_veclen_16_cpy iter 4: 209.763 ms
Run time jacobi2d_vectorized_static_veclen_16_cpy iter 5: 211.244 ms
Run time jacobi2d_vectorized_static_veclen_16_cpy iter 6: 212.059 ms
Run time jacobi2d_vectorized_static_veclen_16_cpy iter 7: 215.413 ms
Run time jacobi2d_vectorized_static_veclen_16_cpy iter 8: 227.257 ms
Run time jacobi2d_vectorized_static_veclen_16_cpy iter 9: 233.230 ms
Run time jacobi2d_vectorized_static_veclen_32_no_cpy iter 0: 157.315 ms
Run time jacobi2d_vectorized_static_veclen_32_no_cpy iter 1: 158.690 ms
Run time jacobi2d_vectorized_static_veclen_32_no_cpy iter 2: 159.180 ms
Run time jacobi2d_vectorized_static_veclen_32_no_cpy iter 3: 157.285 ms
Run time jacobi2d_vectorized_static_veclen_32_no_cpy iter 4: 152.185 ms
Run time jacobi2d_vectorized_static_veclen_32_no_cpy iter 5: 151.613 ms
Run time jacobi2d_vectorized_static_veclen_32_no_cpy iter 6: 155.866 ms
Run time jacobi2d_vectorized_static_veclen_32_no_cpy iter 7: 166.748 ms
Run time jacobi2d_vectorized_static_veclen_32_no_cpy iter 8: 161.796 ms
Run time jacobi2d_vectorized_static_veclen_32_no_cpy iter 9: 162.947 ms
Run time jacobi2d_vectorized_static_veclen_32_cpy iter 0: 211.184 ms
Run time jacobi2d_vectorized_static_veclen_32_cpy iter 1: 213.569 ms
Run time jacobi2d_vectorized_static_veclen_32_cpy iter 2: 216.462 ms
Run time jacobi2d_vectorized_static_veclen_32_cpy iter 3: 220.441 ms
Run time jacobi2d_vectorized_static_veclen_32_cpy iter 4: 219.815 ms
Run time jacobi2d_vectorized_static_veclen_32_cpy iter 5: 227.933 ms
Run time jacobi2d_vectorized_static_veclen_32_cpy iter 6: 242.058 ms
Run time jacobi2d_vectorized_static_veclen_32_cpy iter 7: 230.723 ms
Run time jacobi2d_vectorized_static_veclen_32_cpy iter 8: 209.606 ms
Run time jacobi2d_vectorized_static_veclen_32_cpy iter 9: 226.580 ms
Run time jacobi2d_vectorized_static_veclen_8_no_cpy_aligned iter 0: 101.526 ms
Run time jacobi2d_vectorized_static_veclen_8_no_cpy_aligned iter 1: 100.744 ms
Run time jacobi2d_vectorized_static_veclen_8_no_cpy_aligned iter 2: 104.056 ms
Run time jacobi2d_vectorized_static_veclen_8_no_cpy_aligned iter 3: 106.930 ms
Run time jacobi2d_vectorized_static_veclen_8_no_cpy_aligned iter 4: 106.905 ms
Run time jacobi2d_vectorized_static_veclen_8_no_cpy_aligned iter 5: 106.570 ms
Run time jacobi2d_vectorized_static_veclen_8_no_cpy_aligned iter 6: 105.399 ms
Run time jacobi2d_vectorized_static_veclen_8_no_cpy_aligned iter 7: 106.783 ms
Run time jacobi2d_vectorized_static_veclen_8_no_cpy_aligned iter 8: 106.796 ms
Run time jacobi2d_vectorized_static_veclen_8_no_cpy_aligned iter 9: 106.121 ms
Run time jacobi2d_vectorized_static_veclen_16_no_cpy_aligned iter 0: 177.265 ms
Run time jacobi2d_vectorized_static_veclen_16_no_cpy_aligned iter 1: 175.069 ms
Run time jacobi2d_vectorized_static_veclen_16_no_cpy_aligned iter 2: 171.421 ms
Run time jacobi2d_vectorized_static_veclen_16_no_cpy_aligned iter 3: 171.695 ms
Run time jacobi2d_vectorized_static_veclen_16_no_cpy_aligned iter 4: 172.909 ms
Run time jacobi2d_vectorized_static_veclen_16_no_cpy_aligned iter 5: 177.987 ms
Run time jacobi2d_vectorized_static_veclen_16_no_cpy_aligned iter 6: 177.987 ms
Run time jacobi2d_vectorized_static_veclen_16_no_cpy_aligned iter 7: 180.766 ms
Run time jacobi2d_vectorized_static_veclen_16_no_cpy_aligned iter 8: 183.417 ms
Run time jacobi2d_vectorized_static_veclen_16_no_cpy_aligned iter 9: 178.123 ms
Run time jacobi2d_vectorized_static_veclen_32_no_cpy_aligned iter 0: 173.410 ms
Run time jacobi2d_vectorized_static_veclen_32_no_cpy_aligned iter 1: 167.624 ms
Run time jacobi2d_vectorized_static_veclen_32_no_cpy_aligned iter 2: 164.860 ms
Run time jacobi2d_vectorized_static_veclen_32_no_cpy_aligned iter 3: 167.353 ms
Run time jacobi2d_vectorized_static_veclen_32_no_cpy_aligned iter 4: 173.591 ms
Run time jacobi2d_vectorized_static_veclen_32_no_cpy_aligned iter 5: 171.156 ms
Run time jacobi2d_vectorized_static_veclen_32_no_cpy_aligned iter 6: 169.596 ms
Run time jacobi2d_vectorized_static_veclen_32_no_cpy_aligned iter 7: 170.807 ms
Run time jacobi2d_vectorized_static_veclen_32_no_cpy_aligned iter 8: 168.438 ms
Run time jacobi2d_vectorized_static_veclen_32_no_cpy_aligned iter 9: 164.475 ms
Saved timing results to jacobi2d_timings_jacobi2d_timings_intel_xeon_gcc_1_core.csv.csv
Run time jacobi2d iter 0: 643.231 ms
Run time jacobi2d iter 1: 634.121 ms
Run time jacobi2d iter 2: 632.887 ms
Run time jacobi2d iter 3: 647.633 ms
Run time jacobi2d iter 4: 653.900 ms
Run time jacobi2d iter 5: 657.401 ms
Run time jacobi2d iter 6: 651.263 ms
Run time jacobi2d iter 7: 648.690 ms
Run time jacobi2d iter 8: 634.195 ms
Run time jacobi2d iter 9: 633.737 ms
Run time jacobi2d_vectorized_static_veclen_8_no_cpy iter 0: 675.764 ms
Run time jacobi2d_vectorized_static_veclen_8_no_cpy iter 1: 758.001 ms
Run time jacobi2d_vectorized_static_veclen_8_no_cpy iter 2: 749.136 ms
Run time jacobi2d_vectorized_static_veclen_8_no_cpy iter 3: 752.325 ms
Run time jacobi2d_vectorized_static_veclen_8_no_cpy iter 4: 747.971 ms
Run time jacobi2d_vectorized_static_veclen_8_no_cpy iter 5: 725.209 ms
Run time jacobi2d_vectorized_static_veclen_8_no_cpy iter 6: 726.786 ms
Run time jacobi2d_vectorized_static_veclen_8_no_cpy iter 7: 668.847 ms
Run time jacobi2d_vectorized_static_veclen_8_no_cpy iter 8: 661.283 ms
Run time jacobi2d_vectorized_static_veclen_8_no_cpy iter 9: 665.969 ms
Run time jacobi2d_vectorized_static_veclen_8_cpy iter 0: 1008.132 ms
Run time jacobi2d_vectorized_static_veclen_8_cpy iter 1: 1011.686 ms
Run time jacobi2d_vectorized_static_veclen_8_cpy iter 2: 1007.388 ms
Run time jacobi2d_vectorized_static_veclen_8_cpy iter 3: 1011.113 ms
Run time jacobi2d_vectorized_static_veclen_8_cpy iter 4: 1009.055 ms
Run time jacobi2d_vectorized_static_veclen_8_cpy iter 5: 1006.041 ms
Run time jacobi2d_vectorized_static_veclen_8_cpy iter 6: 1009.714 ms
Run time jacobi2d_vectorized_static_veclen_8_cpy iter 7: 1017.070 ms
Run time jacobi2d_vectorized_static_veclen_8_cpy iter 8: 1007.756 ms
Run time jacobi2d_vectorized_static_veclen_8_cpy iter 9: 991.708 ms
Run time jacobi2d_vectorized_static_veclen_16_no_cpy iter 0: 870.249 ms
Run time jacobi2d_vectorized_static_veclen_16_no_cpy iter 1: 859.363 ms
Run time jacobi2d_vectorized_static_veclen_16_no_cpy iter 2: 867.604 ms
Run time jacobi2d_vectorized_static_veclen_16_no_cpy iter 3: 866.334 ms
Run time jacobi2d_vectorized_static_veclen_16_no_cpy iter 4: 861.585 ms
Run time jacobi2d_vectorized_static_veclen_16_no_cpy iter 5: 845.166 ms
Run time jacobi2d_vectorized_static_veclen_16_no_cpy iter 6: 822.911 ms
Run time jacobi2d_vectorized_static_veclen_16_no_cpy iter 7: 835.476 ms
Run time jacobi2d_vectorized_static_veclen_16_no_cpy iter 8: 845.867 ms
Run time jacobi2d_vectorized_static_veclen_16_no_cpy iter 9: 847.238 ms
Run time jacobi2d_vectorized_static_veclen_16_cpy iter 0: 1002.432 ms
Run time jacobi2d_vectorized_static_veclen_16_cpy iter 1: 996.104 ms
Run time jacobi2d_vectorized_static_veclen_16_cpy iter 2: 990.277 ms
Run time jacobi2d_vectorized_static_veclen_16_cpy iter 3: 1000.985 ms
Run time jacobi2d_vectorized_static_veclen_16_cpy iter 4: 981.179 ms
Run time jacobi2d_vectorized_static_veclen_16_cpy iter 5: 986.384 ms
Run time jacobi2d_vectorized_static_veclen_16_cpy iter 6: 998.148 ms
Run time jacobi2d_vectorized_static_veclen_16_cpy iter 7: 994.678 ms
Run time jacobi2d_vectorized_static_veclen_16_cpy iter 8: 981.130 ms
Run time jacobi2d_vectorized_static_veclen_16_cpy iter 9: 1005.803 ms
Run time jacobi2d_vectorized_static_veclen_32_no_cpy iter 0: 845.085 ms
Run time jacobi2d_vectorized_static_veclen_32_no_cpy iter 1: 838.271 ms
Run time jacobi2d_vectorized_static_veclen_32_no_cpy iter 2: 857.242 ms
Run time jacobi2d_vectorized_static_veclen_32_no_cpy iter 3: 842.764 ms
Run time jacobi2d_vectorized_static_veclen_32_no_cpy iter 4: 850.225 ms
Run time jacobi2d_vectorized_static_veclen_32_no_cpy iter 5: 861.789 ms
Run time jacobi2d_vectorized_static_veclen_32_no_cpy iter 6: 860.938 ms
Run time jacobi2d_vectorized_static_veclen_32_no_cpy iter 7: 865.400 ms
Run time jacobi2d_vectorized_static_veclen_32_no_cpy iter 8: 855.884 ms
Run time jacobi2d_vectorized_static_veclen_32_no_cpy iter 9: 854.134 ms
Run time jacobi2d_vectorized_static_veclen_32_cpy iter 0: 995.395 ms
Run time jacobi2d_vectorized_static_veclen_32_cpy iter 1: 1000.111 ms
Run time jacobi2d_vectorized_static_veclen_32_cpy iter 2: 998.640 ms
Run time jacobi2d_vectorized_static_veclen_32_cpy iter 3: 1003.877 ms
Run time jacobi2d_vectorized_static_veclen_32_cpy iter 4: 998.365 ms
Run time jacobi2d_vectorized_static_veclen_32_cpy iter 5: 1004.068 ms
Run time jacobi2d_vectorized_static_veclen_32_cpy iter 6: 1006.779 ms
Run time jacobi2d_vectorized_static_veclen_32_cpy iter 7: 1004.704 ms
Run time jacobi2d_vectorized_static_veclen_32_cpy iter 8: 1003.819 ms
Run time jacobi2d_vectorized_static_veclen_32_cpy iter 9: 1001.711 ms
Run time jacobi2d_vectorized_static_veclen_8_no_cpy_aligned iter 0: 606.396 ms
Run time jacobi2d_vectorized_static_veclen_8_no_cpy_aligned iter 1: 618.824 ms
Run time jacobi2d_vectorized_static_veclen_8_no_cpy_aligned iter 2: 632.379 ms
Run time jacobi2d_vectorized_static_veclen_8_no_cpy_aligned iter 3: 645.248 ms
Run time jacobi2d_vectorized_static_veclen_8_no_cpy_aligned iter 4: 628.429 ms
Run time jacobi2d_vectorized_static_veclen_8_no_cpy_aligned iter 5: 634.494 ms
Run time jacobi2d_vectorized_static_veclen_8_no_cpy_aligned iter 6: 628.604 ms
Run time jacobi2d_vectorized_static_veclen_8_no_cpy_aligned iter 7: 627.188 ms
Run time jacobi2d_vectorized_static_veclen_8_no_cpy_aligned iter 8: 624.185 ms
Run time jacobi2d_vectorized_static_veclen_8_no_cpy_aligned iter 9: 633.506 ms
Run time jacobi2d_vectorized_static_veclen_16_no_cpy_aligned iter 0: 881.439 ms
Run time jacobi2d_vectorized_static_veclen_16_no_cpy_aligned iter 1: 851.860 ms
Run time jacobi2d_vectorized_static_veclen_16_no_cpy_aligned iter 2: 839.554 ms
Run time jacobi2d_vectorized_static_veclen_16_no_cpy_aligned iter 3: 831.558 ms
Run time jacobi2d_vectorized_static_veclen_16_no_cpy_aligned iter 4: 844.054 ms
Run time jacobi2d_vectorized_static_veclen_16_no_cpy_aligned iter 5: 841.891 ms
Run time jacobi2d_vectorized_static_veclen_16_no_cpy_aligned iter 6: 842.585 ms
Run time jacobi2d_vectorized_static_veclen_16_no_cpy_aligned iter 7: 844.397 ms
Run time jacobi2d_vectorized_static_veclen_16_no_cpy_aligned iter 8: 841.834 ms
Run time jacobi2d_vectorized_static_veclen_16_no_cpy_aligned iter 9: 847.946 ms
Run time jacobi2d_vectorized_static_veclen_32_no_cpy_aligned iter 0: 821.159 ms
Run time jacobi2d_vectorized_static_veclen_32_no_cpy_aligned iter 1: 825.741 ms
Run time jacobi2d_vectorized_static_veclen_32_no_cpy_aligned iter 2: 826.839 ms
Run time jacobi2d_vectorized_static_veclen_32_no_cpy_aligned iter 3: 821.139 ms
Run time jacobi2d_vectorized_static_veclen_32_no_cpy_aligned iter 4: 823.767 ms
Run time jacobi2d_vectorized_static_veclen_32_no_cpy_aligned iter 5: 824.187 ms
Run time jacobi2d_vectorized_static_veclen_32_no_cpy_aligned iter 6: 821.695 ms
Run time jacobi2d_vectorized_static_veclen_32_no_cpy_aligned iter 7: 825.409 ms
Run time jacobi2d_vectorized_static_veclen_32_no_cpy_aligned iter 8: 824.724 ms
Run time jacobi2d_vectorized_static_veclen_32_no_cpy_aligned iter 9: 825.269 ms
Saved timing results to jacobi2d_timings_jacobi2d_timings_intel_xeon_gcc_1_core.csv.csv
Run time jacobi2d iter 0: 2635.869 ms
Run time jacobi2d iter 1: 2635.918 ms
Run time jacobi2d iter 2: 2608.098 ms
Run time jacobi2d iter 3: 2611.911 ms
Run time jacobi2d iter 4: 2608.768 ms
Run time jacobi2d iter 5: 2608.827 ms
Run time jacobi2d iter 6: 2607.224 ms
Run time jacobi2d iter 7: 2607.873 ms
Run time jacobi2d iter 8: 2603.075 ms
Run time jacobi2d iter 9: 2608.098 ms
Run time jacobi2d_vectorized_static_veclen_8_no_cpy iter 0: 2763.817 ms
Run time jacobi2d_vectorized_static_veclen_8_no_cpy iter 1: 2779.945 ms
Run time jacobi2d_vectorized_static_veclen_8_no_cpy iter 2: 2774.215 ms
Run time jacobi2d_vectorized_static_veclen_8_no_cpy iter 3: 2771.799 ms
Run time jacobi2d_vectorized_static_veclen_8_no_cpy iter 4: 2774.626 ms
Run time jacobi2d_vectorized_static_veclen_8_no_cpy iter 5: 2732.268 ms
Run time jacobi2d_vectorized_static_veclen_8_no_cpy iter 6: 2856.284 ms
Run time jacobi2d_vectorized_static_veclen_8_no_cpy iter 7: 2901.978 ms
Run time jacobi2d_vectorized_static_veclen_8_no_cpy iter 8: 2898.374 ms
Run time jacobi2d_vectorized_static_veclen_8_no_cpy iter 9: 2900.298 ms
Run time jacobi2d_vectorized_static_veclen_8_cpy iter 0: 3946.409 ms
Run time jacobi2d_vectorized_static_veclen_8_cpy iter 1: 3946.068 ms
Run time jacobi2d_vectorized_static_veclen_8_cpy iter 2: 3903.341 ms
Run time jacobi2d_vectorized_static_veclen_8_cpy iter 3: 3908.350 ms
Run time jacobi2d_vectorized_static_veclen_8_cpy iter 4: 3903.736 ms
Run time jacobi2d_vectorized_static_veclen_8_cpy iter 5: 3905.880 ms
Run time jacobi2d_vectorized_static_veclen_8_cpy iter 6: 3902.508 ms
Run time jacobi2d_vectorized_static_veclen_8_cpy iter 7: 3907.554 ms
Run time jacobi2d_vectorized_static_veclen_8_cpy iter 8: 3901.163 ms
Run time jacobi2d_vectorized_static_veclen_8_cpy iter 9: 3902.998 ms
Run time jacobi2d_vectorized_static_veclen_16_no_cpy iter 0: 3331.881 ms
Run time jacobi2d_vectorized_static_veclen_16_no_cpy iter 1: 3320.109 ms
Run time jacobi2d_vectorized_static_veclen_16_no_cpy iter 2: 3324.590 ms
Run time jacobi2d_vectorized_static_veclen_16_no_cpy iter 3: 3329.015 ms
Run time jacobi2d_vectorized_static_veclen_16_no_cpy iter 4: 3319.352 ms
Run time jacobi2d_vectorized_static_veclen_16_no_cpy iter 5: 3353.500 ms
Run time jacobi2d_vectorized_static_veclen_16_no_cpy iter 6: 3381.722 ms
Run time jacobi2d_vectorized_static_veclen_16_no_cpy iter 7: 3397.353 ms
Run time jacobi2d_vectorized_static_veclen_16_no_cpy iter 8: 3403.513 ms
Run time jacobi2d_vectorized_static_veclen_16_no_cpy iter 9: 3391.430 ms
Run time jacobi2d_vectorized_static_veclen_16_cpy iter 0: 3997.247 ms
Run time jacobi2d_vectorized_static_veclen_16_cpy iter 1: 3940.251 ms
Run time jacobi2d_vectorized_static_veclen_16_cpy iter 2: 3972.695 ms
Run time jacobi2d_vectorized_static_veclen_16_cpy iter 3: 3970.648 ms
Run time jacobi2d_vectorized_static_veclen_16_cpy iter 4: 3969.243 ms
Run time jacobi2d_vectorized_static_veclen_16_cpy iter 5: 3973.251 ms
Run time jacobi2d_vectorized_static_veclen_16_cpy iter 6: 3973.396 ms
Run time jacobi2d_vectorized_static_veclen_16_cpy iter 7: 3974.858 ms
Run time jacobi2d_vectorized_static_veclen_16_cpy iter 8: 3976.015 ms
Run time jacobi2d_vectorized_static_veclen_16_cpy iter 9: 3963.617 ms
Run time jacobi2d_vectorized_static_veclen_32_no_cpy iter 0: 3422.652 ms
Run time jacobi2d_vectorized_static_veclen_32_no_cpy iter 1: 3411.634 ms
Run time jacobi2d_vectorized_static_veclen_32_no_cpy iter 2: 3405.653 ms
Run time jacobi2d_vectorized_static_veclen_32_no_cpy iter 3: 3410.329 ms
Run time jacobi2d_vectorized_static_veclen_32_no_cpy iter 4: 3411.072 ms
Run time jacobi2d_vectorized_static_veclen_32_no_cpy iter 5: 3407.692 ms
Run time jacobi2d_vectorized_static_veclen_32_no_cpy iter 6: 3402.974 ms
Run time jacobi2d_vectorized_static_veclen_32_no_cpy iter 7: 3353.465 ms
Run time jacobi2d_vectorized_static_veclen_32_no_cpy iter 8: 3372.565 ms
Run time jacobi2d_vectorized_static_veclen_32_no_cpy iter 9: 3367.593 ms
Run time jacobi2d_vectorized_static_veclen_32_cpy iter 0: 4076.998 ms
Run time jacobi2d_vectorized_static_veclen_32_cpy iter 1: 4076.044 ms
Run time jacobi2d_vectorized_static_veclen_32_cpy iter 2: 4078.203 ms
Run time jacobi2d_vectorized_static_veclen_32_cpy iter 3: 4077.945 ms
Run time jacobi2d_vectorized_static_veclen_32_cpy iter 4: 4074.515 ms
Run time jacobi2d_vectorized_static_veclen_32_cpy iter 5: 4077.728 ms
Run time jacobi2d_vectorized_static_veclen_32_cpy iter 6: 4045.014 ms
Run time jacobi2d_vectorized_static_veclen_32_cpy iter 7: 4062.946 ms
Run time jacobi2d_vectorized_static_veclen_32_cpy iter 8: 4065.241 ms
Run time jacobi2d_vectorized_static_veclen_32_cpy iter 9: 4067.894 ms
Run time jacobi2d_vectorized_static_veclen_8_no_cpy_aligned iter 0: 2679.712 ms
Run time jacobi2d_vectorized_static_veclen_8_no_cpy_aligned iter 1: 2677.898 ms
Run time jacobi2d_vectorized_static_veclen_8_no_cpy_aligned iter 2: 2678.884 ms
Run time jacobi2d_vectorized_static_veclen_8_no_cpy_aligned iter 3: 2672.872 ms
Run time jacobi2d_vectorized_static_veclen_8_no_cpy_aligned iter 4: 2678.774 ms
Run time jacobi2d_vectorized_static_veclen_8_no_cpy_aligned iter 5: 2675.718 ms
Run time jacobi2d_vectorized_static_veclen_8_no_cpy_aligned iter 6: 2676.633 ms
Run time jacobi2d_vectorized_static_veclen_8_no_cpy_aligned iter 7: 2678.559 ms
Run time jacobi2d_vectorized_static_veclen_8_no_cpy_aligned iter 8: 2673.908 ms
Run time jacobi2d_vectorized_static_veclen_8_no_cpy_aligned iter 9: 2671.122 ms
Run time jacobi2d_vectorized_static_veclen_16_no_cpy_aligned iter 0: 3407.925 ms
Run time jacobi2d_vectorized_static_veclen_16_no_cpy_aligned iter 1: 3403.276 ms
Run time jacobi2d_vectorized_static_veclen_16_no_cpy_aligned iter 2: 3402.235 ms
Run time jacobi2d_vectorized_static_veclen_16_no_cpy_aligned iter 3: 3413.879 ms
Run time jacobi2d_vectorized_static_veclen_16_no_cpy_aligned iter 4: 3387.487 ms
Run time jacobi2d_vectorized_static_veclen_16_no_cpy_aligned iter 5: 3420.560 ms
Run time jacobi2d_vectorized_static_veclen_16_no_cpy_aligned iter 6: 3414.312 ms
Run time jacobi2d_vectorized_static_veclen_16_no_cpy_aligned iter 7: 3401.610 ms
Run time jacobi2d_vectorized_static_veclen_16_no_cpy_aligned iter 8: 3391.471 ms
Run time jacobi2d_vectorized_static_veclen_16_no_cpy_aligned iter 9: 3385.236 ms
Run time jacobi2d_vectorized_static_veclen_32_no_cpy_aligned iter 0: 3363.394 ms
Run time jacobi2d_vectorized_static_veclen_32_no_cpy_aligned iter 1: 3363.265 ms
Run time jacobi2d_vectorized_static_veclen_32_no_cpy_aligned iter 2: 3344.391 ms
Run time jacobi2d_vectorized_static_veclen_32_no_cpy_aligned iter 3: 3351.428 ms
Run time jacobi2d_vectorized_static_veclen_32_no_cpy_aligned iter 4: 3352.650 ms
Run time jacobi2d_vectorized_static_veclen_32_no_cpy_aligned iter 5: 3348.707 ms
Run time jacobi2d_vectorized_static_veclen_32_no_cpy_aligned iter 6: 3342.786 ms
Run time jacobi2d_vectorized_static_veclen_32_no_cpy_aligned iter 7: 3347.258 ms
Run time jacobi2d_vectorized_static_veclen_32_no_cpy_aligned iter 8: 3342.349 ms
Run time jacobi2d_vectorized_static_veclen_32_no_cpy_aligned iter 9: 3343.424 ms
Saved timing results to jacobi2d_timings_jacobi2d_timings_intel_xeon_gcc_1_core.csv.csv
