Physical cores: 36
Run time jacobi2d iter 0: 28.791 ms
Run time jacobi2d iter 1: 28.794 ms
Run time jacobi2d iter 2: 29.019 ms
Run time jacobi2d iter 3: 28.816 ms
Run time jacobi2d iter 4: 31.440 ms
Run time jacobi2d iter 5: 30.519 ms
Run time jacobi2d iter 6: 28.759 ms
Run time jacobi2d iter 7: 29.710 ms
Run time jacobi2d iter 8: 33.150 ms
Run time jacobi2d iter 9: 30.846 ms
Run time jacobi2d_vectorized_static_veclen_8_no_cpy iter 0: 18.135 ms
Run time jacobi2d_vectorized_static_veclen_8_no_cpy iter 1: 18.141 ms
Run time jacobi2d_vectorized_static_veclen_8_no_cpy iter 2: 18.188 ms
Run time jacobi2d_vectorized_static_veclen_8_no_cpy iter 3: 18.133 ms
Run time jacobi2d_vectorized_static_veclen_8_no_cpy iter 4: 18.164 ms
Run time jacobi2d_vectorized_static_veclen_8_no_cpy iter 5: 18.185 ms
Run time jacobi2d_vectorized_static_veclen_8_no_cpy iter 6: 18.143 ms
Run time jacobi2d_vectorized_static_veclen_8_no_cpy iter 7: 18.157 ms
Run time jacobi2d_vectorized_static_veclen_8_no_cpy iter 8: 18.156 ms
Run time jacobi2d_vectorized_static_veclen_8_no_cpy iter 9: 18.129 ms
Run time jacobi2d_vectorized_static_veclen_8_cpy iter 0: 18.164 ms
Run time jacobi2d_vectorized_static_veclen_8_cpy iter 1: 18.149 ms
Run time jacobi2d_vectorized_static_veclen_8_cpy iter 2: 18.150 ms
Run time jacobi2d_vectorized_static_veclen_8_cpy iter 3: 18.157 ms
Run time jacobi2d_vectorized_static_veclen_8_cpy iter 4: 18.146 ms
Run time jacobi2d_vectorized_static_veclen_8_cpy iter 5: 18.135 ms
Run time jacobi2d_vectorized_static_veclen_8_cpy iter 6: 18.148 ms
Run time jacobi2d_vectorized_static_veclen_8_cpy iter 7: 18.143 ms
Run time jacobi2d_vectorized_static_veclen_8_cpy iter 8: 18.189 ms
Run time jacobi2d_vectorized_static_veclen_8_cpy iter 9: 18.140 ms
Run time jacobi2d_vectorized_static_veclen_16_no_cpy iter 0: 21.314 ms
Run time jacobi2d_vectorized_static_veclen_16_no_cpy iter 1: 21.304 ms
Run time jacobi2d_vectorized_static_veclen_16_no_cpy iter 2: 22.749 ms
Run time jacobi2d_vectorized_static_veclen_16_no_cpy iter 3: 23.361 ms
Run time jacobi2d_vectorized_static_veclen_16_no_cpy iter 4: 23.468 ms
Run time jacobi2d_vectorized_static_veclen_16_no_cpy iter 5: 21.326 ms
Run time jacobi2d_vectorized_static_veclen_16_no_cpy iter 6: 21.318 ms
Run time jacobi2d_vectorized_static_veclen_16_no_cpy iter 7: 21.309 ms
Run time jacobi2d_vectorized_static_veclen_16_no_cpy iter 8: 22.464 ms
Run time jacobi2d_vectorized_static_veclen_16_no_cpy iter 9: 21.294 ms
Run time jacobi2d_vectorized_static_veclen_16_cpy iter 0: 29.842 ms
Run time jacobi2d_vectorized_static_veclen_16_cpy iter 1: 27.618 ms
Run time jacobi2d_vectorized_static_veclen_16_cpy iter 2: 27.630 ms
Run time jacobi2d_vectorized_static_veclen_16_cpy iter 3: 27.621 ms
Run time jacobi2d_vectorized_static_veclen_16_cpy iter 4: 28.351 ms
Run time jacobi2d_vectorized_static_veclen_16_cpy iter 5: 27.119 ms
Run time jacobi2d_vectorized_static_veclen_16_cpy iter 6: 27.148 ms
Run time jacobi2d_vectorized_static_veclen_16_cpy iter 7: 27.229 ms
Run time jacobi2d_vectorized_static_veclen_16_cpy iter 8: 27.231 ms
Run time jacobi2d_vectorized_static_veclen_16_cpy iter 9: 27.325 ms
Run time jacobi2d_vectorized_static_veclen_32_no_cpy iter 0: 23.915 ms
Run time jacobi2d_vectorized_static_veclen_32_no_cpy iter 1: 24.018 ms
Run time jacobi2d_vectorized_static_veclen_32_no_cpy iter 2: 25.393 ms
Run time jacobi2d_vectorized_static_veclen_32_no_cpy iter 3: 23.920 ms
Run time jacobi2d_vectorized_static_veclen_32_no_cpy iter 4: 23.931 ms
Run time jacobi2d_vectorized_static_veclen_32_no_cpy iter 5: 26.402 ms
Run time jacobi2d_vectorized_static_veclen_32_no_cpy iter 6: 24.374 ms
Run time jacobi2d_vectorized_static_veclen_32_no_cpy iter 7: 34.085 ms
Run time jacobi2d_vectorized_static_veclen_32_no_cpy iter 8: 34.336 ms
Run time jacobi2d_vectorized_static_veclen_32_no_cpy iter 9: 34.600 ms
Run time jacobi2d_vectorized_static_veclen_32_cpy iter 0: 33.313 ms
Run time jacobi2d_vectorized_static_veclen_32_cpy iter 1: 33.301 ms
Run time jacobi2d_vectorized_static_veclen_32_cpy iter 2: 33.316 ms
Run time jacobi2d_vectorized_static_veclen_32_cpy iter 3: 33.282 ms
Run time jacobi2d_vectorized_static_veclen_32_cpy iter 4: 33.300 ms
Run time jacobi2d_vectorized_static_veclen_32_cpy iter 5: 33.571 ms
Run time jacobi2d_vectorized_static_veclen_32_cpy iter 6: 33.270 ms
Run time jacobi2d_vectorized_static_veclen_32_cpy iter 7: 33.334 ms
Run time jacobi2d_vectorized_static_veclen_32_cpy iter 8: 33.304 ms
Run time jacobi2d_vectorized_static_veclen_32_cpy iter 9: 33.319 ms
Saved timing results to jacobi2d_timings_jacobi2d_timings_intel_xeon_gcc_1_core.csv.csv
Run time jacobi2d iter 0: 114.875 ms
Run time jacobi2d iter 1: 127.289 ms
Run time jacobi2d iter 2: 125.896 ms
Run time jacobi2d iter 3: 126.976 ms
Run time jacobi2d iter 4: 127.139 ms
Run time jacobi2d iter 5: 116.366 ms
Run time jacobi2d iter 6: 119.882 ms
Run time jacobi2d iter 7: 125.162 ms
Run time jacobi2d iter 8: 117.105 ms
Run time jacobi2d iter 9: 129.640 ms
Run time jacobi2d_vectorized_static_veclen_8_no_cpy iter 0: 75.116 ms
Run time jacobi2d_vectorized_static_veclen_8_no_cpy iter 1: 76.644 ms
Run time jacobi2d_vectorized_static_veclen_8_no_cpy iter 2: 78.987 ms
Run time jacobi2d_vectorized_static_veclen_8_no_cpy iter 3: 77.808 ms
Run time jacobi2d_vectorized_static_veclen_8_no_cpy iter 4: 77.160 ms
Run time jacobi2d_vectorized_static_veclen_8_no_cpy iter 5: 77.269 ms
Run time jacobi2d_vectorized_static_veclen_8_no_cpy iter 6: 77.258 ms
Run time jacobi2d_vectorized_static_veclen_8_no_cpy iter 7: 77.208 ms
Run time jacobi2d_vectorized_static_veclen_8_no_cpy iter 8: 76.926 ms
Run time jacobi2d_vectorized_static_veclen_8_no_cpy iter 9: 78.039 ms
Run time jacobi2d_vectorized_static_veclen_8_cpy iter 0: 76.543 ms
Run time jacobi2d_vectorized_static_veclen_8_cpy iter 1: 76.406 ms
Run time jacobi2d_vectorized_static_veclen_8_cpy iter 2: 78.671 ms
Run time jacobi2d_vectorized_static_veclen_8_cpy iter 3: 78.065 ms
Run time jacobi2d_vectorized_static_veclen_8_cpy iter 4: 76.164 ms
Run time jacobi2d_vectorized_static_veclen_8_cpy iter 5: 77.367 ms
Run time jacobi2d_vectorized_static_veclen_8_cpy iter 6: 76.008 ms
Run time jacobi2d_vectorized_static_veclen_8_cpy iter 7: 75.170 ms
Run time jacobi2d_vectorized_static_veclen_8_cpy iter 8: 77.670 ms
Run time jacobi2d_vectorized_static_veclen_8_cpy iter 9: 74.445 ms
Run time jacobi2d_vectorized_static_veclen_16_no_cpy iter 0: 88.162 ms
Run time jacobi2d_vectorized_static_veclen_16_no_cpy iter 1: 92.546 ms
Run time jacobi2d_vectorized_static_veclen_16_no_cpy iter 2: 88.137 ms
Run time jacobi2d_vectorized_static_veclen_16_no_cpy iter 3: 89.193 ms
Run time jacobi2d_vectorized_static_veclen_16_no_cpy iter 4: 90.373 ms
Run time jacobi2d_vectorized_static_veclen_16_no_cpy iter 5: 90.683 ms
Run time jacobi2d_vectorized_static_veclen_16_no_cpy iter 6: 90.673 ms
Run time jacobi2d_vectorized_static_veclen_16_no_cpy iter 7: 90.739 ms
Run time jacobi2d_vectorized_static_veclen_16_no_cpy iter 8: 90.679 ms
Run time jacobi2d_vectorized_static_veclen_16_no_cpy iter 9: 90.353 ms
Run time jacobi2d_vectorized_static_veclen_16_cpy iter 0: 114.203 ms
Run time jacobi2d_vectorized_static_veclen_16_cpy iter 1: 113.165 ms
Run time jacobi2d_vectorized_static_veclen_16_cpy iter 2: 114.787 ms
Run time jacobi2d_vectorized_static_veclen_16_cpy iter 3: 115.726 ms
Run time jacobi2d_vectorized_static_veclen_16_cpy iter 4: 116.063 ms
Run time jacobi2d_vectorized_static_veclen_16_cpy iter 5: 116.377 ms
Run time jacobi2d_vectorized_static_veclen_16_cpy iter 6: 115.932 ms
Run time jacobi2d_vectorized_static_veclen_16_cpy iter 7: 115.711 ms
Run time jacobi2d_vectorized_static_veclen_16_cpy iter 8: 116.736 ms
Run time jacobi2d_vectorized_static_veclen_16_cpy iter 9: 115.254 ms
Run time jacobi2d_vectorized_static_veclen_32_no_cpy iter 0: 103.995 ms
Run time jacobi2d_vectorized_static_veclen_32_no_cpy iter 1: 103.720 ms
Run time jacobi2d_vectorized_static_veclen_32_no_cpy iter 2: 104.209 ms
Run time jacobi2d_vectorized_static_veclen_32_no_cpy iter 3: 103.352 ms
Run time jacobi2d_vectorized_static_veclen_32_no_cpy iter 4: 103.169 ms
Run time jacobi2d_vectorized_static_veclen_32_no_cpy iter 5: 104.129 ms
Run time jacobi2d_vectorized_static_veclen_32_no_cpy iter 6: 102.466 ms
Run time jacobi2d_vectorized_static_veclen_32_no_cpy iter 7: 129.462 ms
Run time jacobi2d_vectorized_static_veclen_32_no_cpy iter 8: 149.853 ms
Run time jacobi2d_vectorized_static_veclen_32_no_cpy iter 9: 132.206 ms
Run time jacobi2d_vectorized_static_veclen_32_cpy iter 0: 145.814 ms
Run time jacobi2d_vectorized_static_veclen_32_cpy iter 1: 150.161 ms
Run time jacobi2d_vectorized_static_veclen_32_cpy iter 2: 149.549 ms
Run time jacobi2d_vectorized_static_veclen_32_cpy iter 3: 149.879 ms
Run time jacobi2d_vectorized_static_veclen_32_cpy iter 4: 155.485 ms
Run time jacobi2d_vectorized_static_veclen_32_cpy iter 5: 149.513 ms
Run time jacobi2d_vectorized_static_veclen_32_cpy iter 6: 145.483 ms
Run time jacobi2d_vectorized_static_veclen_32_cpy iter 7: 146.363 ms
Run time jacobi2d_vectorized_static_veclen_32_cpy iter 8: 146.859 ms
Run time jacobi2d_vectorized_static_veclen_32_cpy iter 9: 147.745 ms
Saved timing results to jacobi2d_timings_jacobi2d_timings_intel_xeon_gcc_1_core.csv.csv
Run time jacobi2d iter 0: 699.933 ms
Run time jacobi2d iter 1: 664.096 ms
Run time jacobi2d iter 2: 686.308 ms
Run time jacobi2d iter 3: 680.758 ms
Run time jacobi2d iter 4: 681.354 ms
Run time jacobi2d iter 5: 667.921 ms
Run time jacobi2d iter 6: 668.514 ms
Run time jacobi2d iter 7: 667.572 ms
Run time jacobi2d iter 8: 666.253 ms
Run time jacobi2d iter 9: 666.319 ms
Run time jacobi2d_vectorized_static_veclen_8_no_cpy iter 0: 590.963 ms
Run time jacobi2d_vectorized_static_veclen_8_no_cpy iter 1: 589.564 ms
Run time jacobi2d_vectorized_static_veclen_8_no_cpy iter 2: 587.966 ms
Run time jacobi2d_vectorized_static_veclen_8_no_cpy iter 3: 591.420 ms
Run time jacobi2d_vectorized_static_veclen_8_no_cpy iter 4: 601.197 ms
Run time jacobi2d_vectorized_static_veclen_8_no_cpy iter 5: 589.422 ms
Run time jacobi2d_vectorized_static_veclen_8_no_cpy iter 6: 575.878 ms
Run time jacobi2d_vectorized_static_veclen_8_no_cpy iter 7: 587.783 ms
Run time jacobi2d_vectorized_static_veclen_8_no_cpy iter 8: 602.308 ms
Run time jacobi2d_vectorized_static_veclen_8_no_cpy iter 9: 596.530 ms
Run time jacobi2d_vectorized_static_veclen_8_cpy iter 0: 621.226 ms
Run time jacobi2d_vectorized_static_veclen_8_cpy iter 1: 625.219 ms
Run time jacobi2d_vectorized_static_veclen_8_cpy iter 2: 628.201 ms
Run time jacobi2d_vectorized_static_veclen_8_cpy iter 3: 628.903 ms
Run time jacobi2d_vectorized_static_veclen_8_cpy iter 4: 633.524 ms
Run time jacobi2d_vectorized_static_veclen_8_cpy iter 5: 620.730 ms
Run time jacobi2d_vectorized_static_veclen_8_cpy iter 6: 575.128 ms
Run time jacobi2d_vectorized_static_veclen_8_cpy iter 7: 569.579 ms
Run time jacobi2d_vectorized_static_veclen_8_cpy iter 8: 564.706 ms
Run time jacobi2d_vectorized_static_veclen_8_cpy iter 9: 563.464 ms
Run time jacobi2d_vectorized_static_veclen_16_no_cpy iter 0: 814.685 ms
Run time jacobi2d_vectorized_static_veclen_16_no_cpy iter 1: 802.925 ms
Run time jacobi2d_vectorized_static_veclen_16_no_cpy iter 2: 806.942 ms
Run time jacobi2d_vectorized_static_veclen_16_no_cpy iter 3: 801.357 ms
Run time jacobi2d_vectorized_static_veclen_16_no_cpy iter 4: 801.603 ms
Run time jacobi2d_vectorized_static_veclen_16_no_cpy iter 5: 802.187 ms
Run time jacobi2d_vectorized_static_veclen_16_no_cpy iter 6: 814.114 ms
Run time jacobi2d_vectorized_static_veclen_16_no_cpy iter 7: 810.353 ms
Run time jacobi2d_vectorized_static_veclen_16_no_cpy iter 8: 803.730 ms
Run time jacobi2d_vectorized_static_veclen_16_no_cpy iter 9: 795.694 ms
Run time jacobi2d_vectorized_static_veclen_16_cpy iter 0: 767.848 ms
Run time jacobi2d_vectorized_static_veclen_16_cpy iter 1: 790.489 ms
Run time jacobi2d_vectorized_static_veclen_16_cpy iter 2: 791.238 ms
Run time jacobi2d_vectorized_static_veclen_16_cpy iter 3: 793.729 ms
Run time jacobi2d_vectorized_static_veclen_16_cpy iter 4: 792.001 ms
Run time jacobi2d_vectorized_static_veclen_16_cpy iter 5: 790.974 ms
Run time jacobi2d_vectorized_static_veclen_16_cpy iter 6: 792.227 ms
Run time jacobi2d_vectorized_static_veclen_16_cpy iter 7: 789.897 ms
Run time jacobi2d_vectorized_static_veclen_16_cpy iter 8: 739.516 ms
Run time jacobi2d_vectorized_static_veclen_16_cpy iter 9: 737.660 ms
Run time jacobi2d_vectorized_static_veclen_32_no_cpy iter 0: 741.891 ms
Run time jacobi2d_vectorized_static_veclen_32_no_cpy iter 1: 743.192 ms
Run time jacobi2d_vectorized_static_veclen_32_no_cpy iter 2: 739.674 ms
Run time jacobi2d_vectorized_static_veclen_32_no_cpy iter 3: 744.834 ms
Run time jacobi2d_vectorized_static_veclen_32_no_cpy iter 4: 741.045 ms
Run time jacobi2d_vectorized_static_veclen_32_no_cpy iter 5: 712.810 ms
Run time jacobi2d_vectorized_static_veclen_32_no_cpy iter 6: 684.149 ms
Run time jacobi2d_vectorized_static_veclen_32_no_cpy iter 7: 703.360 ms
Run time jacobi2d_vectorized_static_veclen_32_no_cpy iter 8: 702.537 ms
Run time jacobi2d_vectorized_static_veclen_32_no_cpy iter 9: 742.244 ms
Run time jacobi2d_vectorized_static_veclen_32_cpy iter 0: 856.594 ms
Run time jacobi2d_vectorized_static_veclen_32_cpy iter 1: 859.984 ms
Run time jacobi2d_vectorized_static_veclen_32_cpy iter 2: 810.875 ms
Run time jacobi2d_vectorized_static_veclen_32_cpy iter 3: 812.449 ms
Run time jacobi2d_vectorized_static_veclen_32_cpy iter 4: 802.095 ms
Run time jacobi2d_vectorized_static_veclen_32_cpy iter 5: 831.147 ms
Run time jacobi2d_vectorized_static_veclen_32_cpy iter 6: 827.886 ms
Run time jacobi2d_vectorized_static_veclen_32_cpy iter 7: 814.406 ms
Run time jacobi2d_vectorized_static_veclen_32_cpy iter 8: 811.259 ms
Run time jacobi2d_vectorized_static_veclen_32_cpy iter 9: 811.085 ms
Saved timing results to jacobi2d_timings_jacobi2d_timings_intel_xeon_gcc_1_core.csv.csv
Run time jacobi2d iter 0: 2853.320 ms
Run time jacobi2d iter 1: 2852.695 ms
Run time jacobi2d iter 2: 2863.379 ms
Run time jacobi2d iter 3: 2862.321 ms
Run time jacobi2d iter 4: 2856.334 ms
Run time jacobi2d iter 5: 2853.148 ms
Run time jacobi2d iter 6: 2854.771 ms
Run time jacobi2d iter 7: 2837.085 ms
Run time jacobi2d iter 8: 2849.503 ms
Run time jacobi2d iter 9: 2836.050 ms
Run time jacobi2d_vectorized_static_veclen_8_no_cpy iter 0: 2568.115 ms
Run time jacobi2d_vectorized_static_veclen_8_no_cpy iter 1: 2566.839 ms
Run time jacobi2d_vectorized_static_veclen_8_no_cpy iter 2: 2566.314 ms
Run time jacobi2d_vectorized_static_veclen_8_no_cpy iter 3: 2565.318 ms
Run time jacobi2d_vectorized_static_veclen_8_no_cpy iter 4: 2572.426 ms
Run time jacobi2d_vectorized_static_veclen_8_no_cpy iter 5: 2569.884 ms
Run time jacobi2d_vectorized_static_veclen_8_no_cpy iter 6: 2566.188 ms
Run time jacobi2d_vectorized_static_veclen_8_no_cpy iter 7: 2569.031 ms
Run time jacobi2d_vectorized_static_veclen_8_no_cpy iter 8: 2565.540 ms
Run time jacobi2d_vectorized_static_veclen_8_no_cpy iter 9: 2565.937 ms
Run time jacobi2d_vectorized_static_veclen_8_cpy iter 0: 2571.491 ms
Run time jacobi2d_vectorized_static_veclen_8_cpy iter 1: 2581.174 ms
Run time jacobi2d_vectorized_static_veclen_8_cpy iter 2: 2615.841 ms
Run time jacobi2d_vectorized_static_veclen_8_cpy iter 3: 2619.906 ms
Run time jacobi2d_vectorized_static_veclen_8_cpy iter 4: 2621.764 ms
Run time jacobi2d_vectorized_static_veclen_8_cpy iter 5: 2621.773 ms
Run time jacobi2d_vectorized_static_veclen_8_cpy iter 6: 2617.340 ms
Run time jacobi2d_vectorized_static_veclen_8_cpy iter 7: 2622.602 ms
Run time jacobi2d_vectorized_static_veclen_8_cpy iter 8: 2635.664 ms
Run time jacobi2d_vectorized_static_veclen_8_cpy iter 9: 2621.866 ms
Run time jacobi2d_vectorized_static_veclen_16_no_cpy iter 0: 3465.777 ms
Run time jacobi2d_vectorized_static_veclen_16_no_cpy iter 1: 3484.651 ms
Run time jacobi2d_vectorized_static_veclen_16_no_cpy iter 2: 3486.770 ms
Run time jacobi2d_vectorized_static_veclen_16_no_cpy iter 3: 3492.484 ms
Run time jacobi2d_vectorized_static_veclen_16_no_cpy iter 4: 3487.988 ms
Run time jacobi2d_vectorized_static_veclen_16_no_cpy iter 5: 3490.333 ms
Run time jacobi2d_vectorized_static_veclen_16_no_cpy iter 6: 3476.714 ms
Run time jacobi2d_vectorized_static_veclen_16_no_cpy iter 7: 3482.882 ms
Run time jacobi2d_vectorized_static_veclen_16_no_cpy iter 8: 3473.605 ms
Run time jacobi2d_vectorized_static_veclen_16_no_cpy iter 9: 3487.963 ms
Run time jacobi2d_vectorized_static_veclen_16_cpy iter 0: 3081.588 ms
Run time jacobi2d_vectorized_static_veclen_16_cpy iter 1: 3076.192 ms
Run time jacobi2d_vectorized_static_veclen_16_cpy iter 2: 3113.775 ms
Run time jacobi2d_vectorized_static_veclen_16_cpy iter 3: 3126.082 ms
Run time jacobi2d_vectorized_static_veclen_16_cpy iter 4: 3114.800 ms
Run time jacobi2d_vectorized_static_veclen_16_cpy iter 5: 3121.692 ms
Run time jacobi2d_vectorized_static_veclen_16_cpy iter 6: 3119.174 ms
Run time jacobi2d_vectorized_static_veclen_16_cpy iter 7: 3118.823 ms
Run time jacobi2d_vectorized_static_veclen_16_cpy iter 8: 3122.076 ms
Run time jacobi2d_vectorized_static_veclen_16_cpy iter 9: 3122.521 ms
Run time jacobi2d_vectorized_static_veclen_32_no_cpy iter 0: 2973.436 ms
Run time jacobi2d_vectorized_static_veclen_32_no_cpy iter 1: 2980.041 ms
Run time jacobi2d_vectorized_static_veclen_32_no_cpy iter 2: 2974.465 ms
Run time jacobi2d_vectorized_static_veclen_32_no_cpy iter 3: 2974.666 ms
Run time jacobi2d_vectorized_static_veclen_32_no_cpy iter 4: 2969.920 ms
Run time jacobi2d_vectorized_static_veclen_32_no_cpy iter 5: 2972.975 ms
Run time jacobi2d_vectorized_static_veclen_32_no_cpy iter 6: 2973.683 ms
Run time jacobi2d_vectorized_static_veclen_32_no_cpy iter 7: 2970.622 ms
Run time jacobi2d_vectorized_static_veclen_32_no_cpy iter 8: 2977.233 ms
Run time jacobi2d_vectorized_static_veclen_32_no_cpy iter 9: 2959.078 ms
Run time jacobi2d_vectorized_static_veclen_32_cpy iter 0: 3469.062 ms
Run time jacobi2d_vectorized_static_veclen_32_cpy iter 1: 3464.317 ms
Run time jacobi2d_vectorized_static_veclen_32_cpy iter 2: 3466.577 ms
Run time jacobi2d_vectorized_static_veclen_32_cpy iter 3: 3458.986 ms
Run time jacobi2d_vectorized_static_veclen_32_cpy iter 4: 3465.680 ms
Run time jacobi2d_vectorized_static_veclen_32_cpy iter 5: 3466.987 ms
Run time jacobi2d_vectorized_static_veclen_32_cpy iter 6: 3439.500 ms
Run time jacobi2d_vectorized_static_veclen_32_cpy iter 7: 3398.615 ms
Run time jacobi2d_vectorized_static_veclen_32_cpy iter 8: 3424.595 ms
Run time jacobi2d_vectorized_static_veclen_32_cpy iter 9: 3422.159 ms
Saved timing results to jacobi2d_timings_jacobi2d_timings_intel_xeon_gcc_1_core.csv.csv
Run time jacobi2d iter 0: 11892.623 ms
Run time jacobi2d iter 1: 11886.295 ms
Run time jacobi2d iter 2: 11934.549 ms
Run time jacobi2d iter 3: 11885.970 ms
Run time jacobi2d iter 4: 11943.932 ms
Run time jacobi2d iter 5: 11915.164 ms
Run time jacobi2d iter 6: 11939.903 ms
Run time jacobi2d iter 7: 11893.025 ms
Run time jacobi2d iter 8: 11847.499 ms
Run time jacobi2d iter 9: 11842.940 ms
Run time jacobi2d_vectorized_static_veclen_8_no_cpy iter 0: 10135.889 ms
Run time jacobi2d_vectorized_static_veclen_8_no_cpy iter 1: 10137.456 ms
Run time jacobi2d_vectorized_static_veclen_8_no_cpy iter 2: 10136.370 ms
Run time jacobi2d_vectorized_static_veclen_8_no_cpy iter 3: 10136.717 ms
Run time jacobi2d_vectorized_static_veclen_8_no_cpy iter 4: 10133.952 ms
Run time jacobi2d_vectorized_static_veclen_8_no_cpy iter 5: 10141.159 ms
Run time jacobi2d_vectorized_static_veclen_8_no_cpy iter 6: 10134.918 ms
Run time jacobi2d_vectorized_static_veclen_8_no_cpy iter 7: 10132.077 ms
Run time jacobi2d_vectorized_static_veclen_8_no_cpy iter 8: 10138.316 ms
Run time jacobi2d_vectorized_static_veclen_8_no_cpy iter 9: 10136.273 ms
Run time jacobi2d_vectorized_static_veclen_8_cpy iter 0: 10102.367 ms
Run time jacobi2d_vectorized_static_veclen_8_cpy iter 1: 10119.624 ms
Run time jacobi2d_vectorized_static_veclen_8_cpy iter 2: 10201.586 ms
Run time jacobi2d_vectorized_static_veclen_8_cpy iter 3: 10191.406 ms
Run time jacobi2d_vectorized_static_veclen_8_cpy iter 4: 10184.922 ms
Run time jacobi2d_vectorized_static_veclen_8_cpy iter 5: 10191.939 ms
Run time jacobi2d_vectorized_static_veclen_8_cpy iter 6: 10194.891 ms
Run time jacobi2d_vectorized_static_veclen_8_cpy iter 7: 10203.275 ms
Run time jacobi2d_vectorized_static_veclen_8_cpy iter 8: 10207.138 ms
Run time jacobi2d_vectorized_static_veclen_8_cpy iter 9: 10204.350 ms
Run time jacobi2d_vectorized_static_veclen_16_no_cpy iter 0: 13436.278 ms
Run time jacobi2d_vectorized_static_veclen_16_no_cpy iter 1: 13317.990 ms
Run time jacobi2d_vectorized_static_veclen_16_no_cpy iter 2: 13323.364 ms
Run time jacobi2d_vectorized_static_veclen_16_no_cpy iter 3: 13339.962 ms
Run time jacobi2d_vectorized_static_veclen_16_no_cpy iter 4: 13331.825 ms
Run time jacobi2d_vectorized_static_veclen_16_no_cpy iter 5: 13330.862 ms
Run time jacobi2d_vectorized_static_veclen_16_no_cpy iter 6: 13335.639 ms
Run time jacobi2d_vectorized_static_veclen_16_no_cpy iter 7: 13321.728 ms
Run time jacobi2d_vectorized_static_veclen_16_no_cpy iter 8: 13334.267 ms
Run time jacobi2d_vectorized_static_veclen_16_no_cpy iter 9: 13320.502 ms
Run time jacobi2d_vectorized_static_veclen_16_cpy iter 0: 12194.229 ms
Run time jacobi2d_vectorized_static_veclen_16_cpy iter 1: 12205.055 ms
Run time jacobi2d_vectorized_static_veclen_16_cpy iter 2: 12191.672 ms
Run time jacobi2d_vectorized_static_veclen_16_cpy iter 3: 12213.461 ms
Run time jacobi2d_vectorized_static_veclen_16_cpy iter 4: 12205.719 ms
Run time jacobi2d_vectorized_static_veclen_16_cpy iter 5: 12215.447 ms
Run time jacobi2d_vectorized_static_veclen_16_cpy iter 6: 12223.473 ms
Run time jacobi2d_vectorized_static_veclen_16_cpy iter 7: 12225.074 ms
Run time jacobi2d_vectorized_static_veclen_16_cpy iter 8: 12214.669 ms
Run time jacobi2d_vectorized_static_veclen_16_cpy iter 9: 12204.947 ms
Run time jacobi2d_vectorized_static_veclen_32_no_cpy iter 0: 11721.224 ms
Run time jacobi2d_vectorized_static_veclen_32_no_cpy iter 1: 11730.228 ms
Run time jacobi2d_vectorized_static_veclen_32_no_cpy iter 2: 11735.282 ms
Run time jacobi2d_vectorized_static_veclen_32_no_cpy iter 3: 11734.180 ms
Run time jacobi2d_vectorized_static_veclen_32_no_cpy iter 4: 11733.985 ms
Run time jacobi2d_vectorized_static_veclen_32_no_cpy iter 5: 11748.028 ms
Run time jacobi2d_vectorized_static_veclen_32_no_cpy iter 6: 11738.093 ms
Run time jacobi2d_vectorized_static_veclen_32_no_cpy iter 7: 11735.536 ms
Run time jacobi2d_vectorized_static_veclen_32_no_cpy iter 8: 11740.055 ms
Run time jacobi2d_vectorized_static_veclen_32_no_cpy iter 9: 11736.024 ms
Run time jacobi2d_vectorized_static_veclen_32_cpy iter 0: 13875.510 ms
Run time jacobi2d_vectorized_static_veclen_32_cpy iter 1: 13884.688 ms
Run time jacobi2d_vectorized_static_veclen_32_cpy iter 2: 13895.863 ms
Run time jacobi2d_vectorized_static_veclen_32_cpy iter 3: 13876.345 ms
Run time jacobi2d_vectorized_static_veclen_32_cpy iter 4: 13886.151 ms
Run time jacobi2d_vectorized_static_veclen_32_cpy iter 5: 13871.759 ms
Run time jacobi2d_vectorized_static_veclen_32_cpy iter 6: 13884.448 ms
Run time jacobi2d_vectorized_static_veclen_32_cpy iter 7: 13714.704 ms
Run time jacobi2d_vectorized_static_veclen_32_cpy iter 8: 13650.370 ms
Run time jacobi2d_vectorized_static_veclen_32_cpy iter 9: 13642.649 ms
Saved timing results to jacobi2d_timings_jacobi2d_timings_intel_xeon_gcc_1_core.csv.csv
