Physical cores: 36
Run time jacobi2d iter 0: 27.601 ms
Run time jacobi2d iter 1: 32.796 ms
Run time jacobi2d iter 2: 31.074 ms
Run time jacobi2d iter 3: 29.963 ms
Run time jacobi2d iter 4: 30.211 ms
Run time jacobi2d iter 5: 33.826 ms
Run time jacobi2d iter 6: 27.641 ms
Run time jacobi2d iter 7: 30.155 ms
Run time jacobi2d iter 8: 29.957 ms
Run time jacobi2d iter 9: 27.332 ms
Run time jacobi2d_vectorized_static_veclen_8_no_cpy iter 0: 21.362 ms
Run time jacobi2d_vectorized_static_veclen_8_no_cpy iter 1: 20.708 ms
Run time jacobi2d_vectorized_static_veclen_8_no_cpy iter 2: 20.847 ms
Run time jacobi2d_vectorized_static_veclen_8_no_cpy iter 3: 20.853 ms
Run time jacobi2d_vectorized_static_veclen_8_no_cpy iter 4: 20.946 ms
Run time jacobi2d_vectorized_static_veclen_8_no_cpy iter 5: 21.206 ms
Run time jacobi2d_vectorized_static_veclen_8_no_cpy iter 6: 21.360 ms
Run time jacobi2d_vectorized_static_veclen_8_no_cpy iter 7: 21.441 ms
Run time jacobi2d_vectorized_static_veclen_8_no_cpy iter 8: 21.051 ms
Run time jacobi2d_vectorized_static_veclen_8_no_cpy iter 9: 20.646 ms
Run time jacobi2d_vectorized_static_veclen_8_cpy iter 0: 31.363 ms
Run time jacobi2d_vectorized_static_veclen_8_cpy iter 1: 34.459 ms
Run time jacobi2d_vectorized_static_veclen_8_cpy iter 2: 31.368 ms
Run time jacobi2d_vectorized_static_veclen_8_cpy iter 3: 31.369 ms
Run time jacobi2d_vectorized_static_veclen_8_cpy iter 4: 31.407 ms
Run time jacobi2d_vectorized_static_veclen_8_cpy iter 5: 31.445 ms
Run time jacobi2d_vectorized_static_veclen_8_cpy iter 6: 31.370 ms
Run time jacobi2d_vectorized_static_veclen_8_cpy iter 7: 33.180 ms
Run time jacobi2d_vectorized_static_veclen_8_cpy iter 8: 33.145 ms
Run time jacobi2d_vectorized_static_veclen_8_cpy iter 9: 36.428 ms
Run time jacobi2d_vectorized_static_veclen_16_no_cpy iter 0: 28.614 ms
Run time jacobi2d_vectorized_static_veclen_16_no_cpy iter 1: 28.669 ms
Run time jacobi2d_vectorized_static_veclen_16_no_cpy iter 2: 28.749 ms
Run time jacobi2d_vectorized_static_veclen_16_no_cpy iter 3: 28.655 ms
Run time jacobi2d_vectorized_static_veclen_16_no_cpy iter 4: 28.515 ms
Run time jacobi2d_vectorized_static_veclen_16_no_cpy iter 5: 28.738 ms
Run time jacobi2d_vectorized_static_veclen_16_no_cpy iter 6: 28.534 ms
Run time jacobi2d_vectorized_static_veclen_16_no_cpy iter 7: 28.545 ms
Run time jacobi2d_vectorized_static_veclen_16_no_cpy iter 8: 28.548 ms
Run time jacobi2d_vectorized_static_veclen_16_no_cpy iter 9: 28.569 ms
Run time jacobi2d_vectorized_static_veclen_16_cpy iter 0: 43.605 ms
Run time jacobi2d_vectorized_static_veclen_16_cpy iter 1: 52.703 ms
Run time jacobi2d_vectorized_static_veclen_16_cpy iter 2: 51.637 ms
Run time jacobi2d_vectorized_static_veclen_16_cpy iter 3: 46.958 ms
Run time jacobi2d_vectorized_static_veclen_16_cpy iter 4: 47.966 ms
Run time jacobi2d_vectorized_static_veclen_16_cpy iter 5: 43.582 ms
Run time jacobi2d_vectorized_static_veclen_16_cpy iter 6: 43.590 ms
Run time jacobi2d_vectorized_static_veclen_16_cpy iter 7: 44.203 ms
Run time jacobi2d_vectorized_static_veclen_16_cpy iter 8: 44.478 ms
Run time jacobi2d_vectorized_static_veclen_16_cpy iter 9: 43.599 ms
Run time jacobi2d_vectorized_static_veclen_32_no_cpy iter 0: 27.267 ms
Run time jacobi2d_vectorized_static_veclen_32_no_cpy iter 1: 27.316 ms
Run time jacobi2d_vectorized_static_veclen_32_no_cpy iter 2: 27.288 ms
Run time jacobi2d_vectorized_static_veclen_32_no_cpy iter 3: 27.337 ms
Run time jacobi2d_vectorized_static_veclen_32_no_cpy iter 4: 27.367 ms
Run time jacobi2d_vectorized_static_veclen_32_no_cpy iter 5: 27.361 ms
Run time jacobi2d_vectorized_static_veclen_32_no_cpy iter 6: 29.129 ms
Run time jacobi2d_vectorized_static_veclen_32_no_cpy iter 7: 27.375 ms
Run time jacobi2d_vectorized_static_veclen_32_no_cpy iter 8: 27.250 ms
Run time jacobi2d_vectorized_static_veclen_32_no_cpy iter 9: 27.459 ms
Run time jacobi2d_vectorized_static_veclen_32_cpy iter 0: 39.873 ms
Run time jacobi2d_vectorized_static_veclen_32_cpy iter 1: 39.978 ms
Run time jacobi2d_vectorized_static_veclen_32_cpy iter 2: 40.285 ms
Run time jacobi2d_vectorized_static_veclen_32_cpy iter 3: 39.963 ms
Run time jacobi2d_vectorized_static_veclen_32_cpy iter 4: 42.703 ms
Run time jacobi2d_vectorized_static_veclen_32_cpy iter 5: 39.986 ms
Run time jacobi2d_vectorized_static_veclen_32_cpy iter 6: 39.865 ms
Run time jacobi2d_vectorized_static_veclen_32_cpy iter 7: 39.968 ms
Run time jacobi2d_vectorized_static_veclen_32_cpy iter 8: 39.983 ms
Run time jacobi2d_vectorized_static_veclen_32_cpy iter 9: 39.955 ms
Saved timing results to jacobi2d_timings_jacobi2d_timings_intel_xeon_gcc_1_core.csv.csv
Run time jacobi2d iter 0: 114.847 ms
Run time jacobi2d iter 1: 113.534 ms
Run time jacobi2d iter 2: 115.473 ms
Run time jacobi2d iter 3: 112.851 ms
Run time jacobi2d iter 4: 112.880 ms
Run time jacobi2d iter 5: 112.752 ms
Run time jacobi2d iter 6: 112.919 ms
Run time jacobi2d iter 7: 112.868 ms
Run time jacobi2d iter 8: 113.397 ms
Run time jacobi2d iter 9: 113.818 ms
Run time jacobi2d_vectorized_static_veclen_8_no_cpy iter 0: 91.442 ms
Run time jacobi2d_vectorized_static_veclen_8_no_cpy iter 1: 87.779 ms
Run time jacobi2d_vectorized_static_veclen_8_no_cpy iter 2: 87.558 ms
Run time jacobi2d_vectorized_static_veclen_8_no_cpy iter 3: 88.042 ms
Run time jacobi2d_vectorized_static_veclen_8_no_cpy iter 4: 88.072 ms
Run time jacobi2d_vectorized_static_veclen_8_no_cpy iter 5: 87.506 ms
Run time jacobi2d_vectorized_static_veclen_8_no_cpy iter 6: 87.651 ms
Run time jacobi2d_vectorized_static_veclen_8_no_cpy iter 7: 88.030 ms
Run time jacobi2d_vectorized_static_veclen_8_no_cpy iter 8: 88.947 ms
Run time jacobi2d_vectorized_static_veclen_8_no_cpy iter 9: 87.992 ms
Run time jacobi2d_vectorized_static_veclen_8_cpy iter 0: 135.948 ms
Run time jacobi2d_vectorized_static_veclen_8_cpy iter 1: 134.365 ms
Run time jacobi2d_vectorized_static_veclen_8_cpy iter 2: 135.672 ms
Run time jacobi2d_vectorized_static_veclen_8_cpy iter 3: 137.869 ms
Run time jacobi2d_vectorized_static_veclen_8_cpy iter 4: 137.865 ms
Run time jacobi2d_vectorized_static_veclen_8_cpy iter 5: 138.762 ms
Run time jacobi2d_vectorized_static_veclen_8_cpy iter 6: 135.974 ms
Run time jacobi2d_vectorized_static_veclen_8_cpy iter 7: 138.377 ms
Run time jacobi2d_vectorized_static_veclen_8_cpy iter 8: 133.547 ms
Run time jacobi2d_vectorized_static_veclen_8_cpy iter 9: 141.277 ms
Run time jacobi2d_vectorized_static_veclen_16_no_cpy iter 0: 118.817 ms
Run time jacobi2d_vectorized_static_veclen_16_no_cpy iter 1: 121.311 ms
Run time jacobi2d_vectorized_static_veclen_16_no_cpy iter 2: 121.283 ms
Run time jacobi2d_vectorized_static_veclen_16_no_cpy iter 3: 117.858 ms
Run time jacobi2d_vectorized_static_veclen_16_no_cpy iter 4: 121.327 ms
Run time jacobi2d_vectorized_static_veclen_16_no_cpy iter 5: 120.799 ms
Run time jacobi2d_vectorized_static_veclen_16_no_cpy iter 6: 120.693 ms
Run time jacobi2d_vectorized_static_veclen_16_no_cpy iter 7: 121.298 ms
Run time jacobi2d_vectorized_static_veclen_16_no_cpy iter 8: 122.144 ms
Run time jacobi2d_vectorized_static_veclen_16_no_cpy iter 9: 128.902 ms
Run time jacobi2d_vectorized_static_veclen_16_cpy iter 0: 180.952 ms
Run time jacobi2d_vectorized_static_veclen_16_cpy iter 1: 185.009 ms
Run time jacobi2d_vectorized_static_veclen_16_cpy iter 2: 181.526 ms
Run time jacobi2d_vectorized_static_veclen_16_cpy iter 3: 183.315 ms
Run time jacobi2d_vectorized_static_veclen_16_cpy iter 4: 202.977 ms
Run time jacobi2d_vectorized_static_veclen_16_cpy iter 5: 212.273 ms
Run time jacobi2d_vectorized_static_veclen_16_cpy iter 6: 213.335 ms
Run time jacobi2d_vectorized_static_veclen_16_cpy iter 7: 214.115 ms
Run time jacobi2d_vectorized_static_veclen_16_cpy iter 8: 196.117 ms
Run time jacobi2d_vectorized_static_veclen_16_cpy iter 9: 178.363 ms
Run time jacobi2d_vectorized_static_veclen_32_no_cpy iter 0: 160.766 ms
Run time jacobi2d_vectorized_static_veclen_32_no_cpy iter 1: 142.397 ms
Run time jacobi2d_vectorized_static_veclen_32_no_cpy iter 2: 114.422 ms
Run time jacobi2d_vectorized_static_veclen_32_no_cpy iter 3: 114.655 ms
Run time jacobi2d_vectorized_static_veclen_32_no_cpy iter 4: 116.127 ms
Run time jacobi2d_vectorized_static_veclen_32_no_cpy iter 5: 116.253 ms
Run time jacobi2d_vectorized_static_veclen_32_no_cpy iter 6: 114.809 ms
Run time jacobi2d_vectorized_static_veclen_32_no_cpy iter 7: 115.419 ms
Run time jacobi2d_vectorized_static_veclen_32_no_cpy iter 8: 117.476 ms
Run time jacobi2d_vectorized_static_veclen_32_no_cpy iter 9: 117.970 ms
Run time jacobi2d_vectorized_static_veclen_32_cpy iter 0: 172.028 ms
Run time jacobi2d_vectorized_static_veclen_32_cpy iter 1: 173.108 ms
Run time jacobi2d_vectorized_static_veclen_32_cpy iter 2: 170.500 ms
Run time jacobi2d_vectorized_static_veclen_32_cpy iter 3: 171.076 ms
Run time jacobi2d_vectorized_static_veclen_32_cpy iter 4: 173.342 ms
Run time jacobi2d_vectorized_static_veclen_32_cpy iter 5: 172.543 ms
Run time jacobi2d_vectorized_static_veclen_32_cpy iter 6: 173.558 ms
Run time jacobi2d_vectorized_static_veclen_32_cpy iter 7: 173.792 ms
Run time jacobi2d_vectorized_static_veclen_32_cpy iter 8: 171.994 ms
Run time jacobi2d_vectorized_static_veclen_32_cpy iter 9: 173.957 ms
Saved timing results to jacobi2d_timings_jacobi2d_timings_intel_xeon_gcc_1_core.csv.csv
Run time jacobi2d iter 0: 670.724 ms
Run time jacobi2d iter 1: 681.720 ms
Run time jacobi2d iter 2: 676.124 ms
Run time jacobi2d iter 3: 674.105 ms
Run time jacobi2d iter 4: 674.475 ms
Run time jacobi2d iter 5: 673.298 ms
Run time jacobi2d iter 6: 673.096 ms
Run time jacobi2d iter 7: 672.743 ms
Run time jacobi2d iter 8: 673.589 ms
Run time jacobi2d iter 9: 672.563 ms
Run time jacobi2d_vectorized_static_veclen_8_no_cpy iter 0: 641.151 ms
Run time jacobi2d_vectorized_static_veclen_8_no_cpy iter 1: 639.427 ms
Run time jacobi2d_vectorized_static_veclen_8_no_cpy iter 2: 638.894 ms
Run time jacobi2d_vectorized_static_veclen_8_no_cpy iter 3: 632.899 ms
Run time jacobi2d_vectorized_static_veclen_8_no_cpy iter 4: 641.875 ms
Run time jacobi2d_vectorized_static_veclen_8_no_cpy iter 5: 656.688 ms
Run time jacobi2d_vectorized_static_veclen_8_no_cpy iter 6: 674.346 ms
Run time jacobi2d_vectorized_static_veclen_8_no_cpy iter 7: 695.067 ms
Run time jacobi2d_vectorized_static_veclen_8_no_cpy iter 8: 692.719 ms
Run time jacobi2d_vectorized_static_veclen_8_no_cpy iter 9: 683.651 ms
Run time jacobi2d_vectorized_static_veclen_8_cpy iter 0: 793.491 ms
Run time jacobi2d_vectorized_static_veclen_8_cpy iter 1: 794.832 ms
Run time jacobi2d_vectorized_static_veclen_8_cpy iter 2: 804.248 ms
Run time jacobi2d_vectorized_static_veclen_8_cpy iter 3: 802.529 ms
Run time jacobi2d_vectorized_static_veclen_8_cpy iter 4: 801.707 ms
Run time jacobi2d_vectorized_static_veclen_8_cpy iter 5: 802.116 ms
Run time jacobi2d_vectorized_static_veclen_8_cpy iter 6: 802.382 ms
Run time jacobi2d_vectorized_static_veclen_8_cpy iter 7: 800.506 ms
Run time jacobi2d_vectorized_static_veclen_8_cpy iter 8: 802.543 ms
Run time jacobi2d_vectorized_static_veclen_8_cpy iter 9: 799.382 ms
Run time jacobi2d_vectorized_static_veclen_16_no_cpy iter 0: 738.567 ms
Run time jacobi2d_vectorized_static_veclen_16_no_cpy iter 1: 738.112 ms
Run time jacobi2d_vectorized_static_veclen_16_no_cpy iter 2: 738.885 ms
Run time jacobi2d_vectorized_static_veclen_16_no_cpy iter 3: 728.713 ms
Run time jacobi2d_vectorized_static_veclen_16_no_cpy iter 4: 732.229 ms
Run time jacobi2d_vectorized_static_veclen_16_no_cpy iter 5: 746.014 ms
Run time jacobi2d_vectorized_static_veclen_16_no_cpy iter 6: 757.234 ms
Run time jacobi2d_vectorized_static_veclen_16_no_cpy iter 7: 782.645 ms
Run time jacobi2d_vectorized_static_veclen_16_no_cpy iter 8: 782.850 ms
Run time jacobi2d_vectorized_static_veclen_16_no_cpy iter 9: 777.796 ms
Run time jacobi2d_vectorized_static_veclen_16_cpy iter 0: 911.992 ms
Run time jacobi2d_vectorized_static_veclen_16_cpy iter 1: 894.334 ms
Run time jacobi2d_vectorized_static_veclen_16_cpy iter 2: 919.756 ms
Run time jacobi2d_vectorized_static_veclen_16_cpy iter 3: 948.039 ms
Run time jacobi2d_vectorized_static_veclen_16_cpy iter 4: 947.567 ms
Run time jacobi2d_vectorized_static_veclen_16_cpy iter 5: 943.276 ms
Run time jacobi2d_vectorized_static_veclen_16_cpy iter 6: 947.141 ms
Run time jacobi2d_vectorized_static_veclen_16_cpy iter 7: 946.928 ms
Run time jacobi2d_vectorized_static_veclen_16_cpy iter 8: 943.574 ms
Run time jacobi2d_vectorized_static_veclen_16_cpy iter 9: 932.102 ms
Run time jacobi2d_vectorized_static_veclen_32_no_cpy iter 0: 789.057 ms
Run time jacobi2d_vectorized_static_veclen_32_no_cpy iter 1: 787.851 ms
Run time jacobi2d_vectorized_static_veclen_32_no_cpy iter 2: 787.996 ms
Run time jacobi2d_vectorized_static_veclen_32_no_cpy iter 3: 786.679 ms
Run time jacobi2d_vectorized_static_veclen_32_no_cpy iter 4: 788.412 ms
Run time jacobi2d_vectorized_static_veclen_32_no_cpy iter 5: 777.172 ms
Run time jacobi2d_vectorized_static_veclen_32_no_cpy iter 6: 752.321 ms
Run time jacobi2d_vectorized_static_veclen_32_no_cpy iter 7: 754.983 ms
Run time jacobi2d_vectorized_static_veclen_32_no_cpy iter 8: 746.145 ms
Run time jacobi2d_vectorized_static_veclen_32_no_cpy iter 9: 744.595 ms
Run time jacobi2d_vectorized_static_veclen_32_cpy iter 0: 901.986 ms
Run time jacobi2d_vectorized_static_veclen_32_cpy iter 1: 898.926 ms
Run time jacobi2d_vectorized_static_veclen_32_cpy iter 2: 897.682 ms
Run time jacobi2d_vectorized_static_veclen_32_cpy iter 3: 902.215 ms
Run time jacobi2d_vectorized_static_veclen_32_cpy iter 4: 908.341 ms
Run time jacobi2d_vectorized_static_veclen_32_cpy iter 5: 908.723 ms
Run time jacobi2d_vectorized_static_veclen_32_cpy iter 6: 909.907 ms
Run time jacobi2d_vectorized_static_veclen_32_cpy iter 7: 892.324 ms
Run time jacobi2d_vectorized_static_veclen_32_cpy iter 8: 898.248 ms
Run time jacobi2d_vectorized_static_veclen_32_cpy iter 9: 890.904 ms
Saved timing results to jacobi2d_timings_jacobi2d_timings_intel_xeon_gcc_1_core.csv.csv
Run time jacobi2d iter 0: 2844.700 ms
Run time jacobi2d iter 1: 2846.035 ms
Run time jacobi2d iter 2: 2848.568 ms
Run time jacobi2d iter 3: 2837.294 ms
Run time jacobi2d iter 4: 2841.589 ms
Run time jacobi2d iter 5: 2829.959 ms
Run time jacobi2d iter 6: 2828.900 ms
Run time jacobi2d iter 7: 2830.672 ms
Run time jacobi2d iter 8: 2841.956 ms
Run time jacobi2d iter 9: 2853.501 ms
Run time jacobi2d_vectorized_static_veclen_8_no_cpy iter 0: 2807.141 ms
Run time jacobi2d_vectorized_static_veclen_8_no_cpy iter 1: 2786.062 ms
Run time jacobi2d_vectorized_static_veclen_8_no_cpy iter 2: 2792.087 ms
Run time jacobi2d_vectorized_static_veclen_8_no_cpy iter 3: 2790.787 ms
Run time jacobi2d_vectorized_static_veclen_8_no_cpy iter 4: 2792.834 ms
Run time jacobi2d_vectorized_static_veclen_8_no_cpy iter 5: 2799.052 ms
Run time jacobi2d_vectorized_static_veclen_8_no_cpy iter 6: 2763.838 ms
Run time jacobi2d_vectorized_static_veclen_8_no_cpy iter 7: 2797.431 ms
Run time jacobi2d_vectorized_static_veclen_8_no_cpy iter 8: 2800.117 ms
Run time jacobi2d_vectorized_static_veclen_8_no_cpy iter 9: 2803.371 ms
Run time jacobi2d_vectorized_static_veclen_8_cpy iter 0: 3342.067 ms
Run time jacobi2d_vectorized_static_veclen_8_cpy iter 1: 3338.676 ms
Run time jacobi2d_vectorized_static_veclen_8_cpy iter 2: 3342.211 ms
Run time jacobi2d_vectorized_static_veclen_8_cpy iter 3: 3338.879 ms
Run time jacobi2d_vectorized_static_veclen_8_cpy iter 4: 3284.658 ms
Run time jacobi2d_vectorized_static_veclen_8_cpy iter 5: 3306.375 ms
Run time jacobi2d_vectorized_static_veclen_8_cpy iter 6: 3305.019 ms
Run time jacobi2d_vectorized_static_veclen_8_cpy iter 7: 3294.600 ms
Run time jacobi2d_vectorized_static_veclen_8_cpy iter 8: 3296.323 ms
Run time jacobi2d_vectorized_static_veclen_8_cpy iter 9: 3301.249 ms
Run time jacobi2d_vectorized_static_veclen_16_no_cpy iter 0: 3068.289 ms
Run time jacobi2d_vectorized_static_veclen_16_no_cpy iter 1: 3073.601 ms
Run time jacobi2d_vectorized_static_veclen_16_no_cpy iter 2: 3073.314 ms
Run time jacobi2d_vectorized_static_veclen_16_no_cpy iter 3: 3074.488 ms
Run time jacobi2d_vectorized_static_veclen_16_no_cpy iter 4: 3074.788 ms
Run time jacobi2d_vectorized_static_veclen_16_no_cpy iter 5: 3073.465 ms
Run time jacobi2d_vectorized_static_veclen_16_no_cpy iter 6: 3072.834 ms
Run time jacobi2d_vectorized_static_veclen_16_no_cpy iter 7: 3076.827 ms
Run time jacobi2d_vectorized_static_veclen_16_no_cpy iter 8: 3070.782 ms
Run time jacobi2d_vectorized_static_veclen_16_no_cpy iter 9: 3098.055 ms
Run time jacobi2d_vectorized_static_veclen_16_cpy iter 0: 3787.822 ms
Run time jacobi2d_vectorized_static_veclen_16_cpy iter 1: 3789.858 ms
Run time jacobi2d_vectorized_static_veclen_16_cpy iter 2: 3789.769 ms
Run time jacobi2d_vectorized_static_veclen_16_cpy iter 3: 3788.729 ms
Run time jacobi2d_vectorized_static_veclen_16_cpy iter 4: 3790.208 ms
Run time jacobi2d_vectorized_static_veclen_16_cpy iter 5: 3693.537 ms
Run time jacobi2d_vectorized_static_veclen_16_cpy iter 6: 3770.525 ms
Run time jacobi2d_vectorized_static_veclen_16_cpy iter 7: 3785.032 ms
Run time jacobi2d_vectorized_static_veclen_16_cpy iter 8: 3785.888 ms
Run time jacobi2d_vectorized_static_veclen_16_cpy iter 9: 3788.676 ms
Run time jacobi2d_vectorized_static_veclen_32_no_cpy iter 0: 3125.678 ms
Run time jacobi2d_vectorized_static_veclen_32_no_cpy iter 1: 3131.810 ms
Run time jacobi2d_vectorized_static_veclen_32_no_cpy iter 2: 3109.399 ms
Run time jacobi2d_vectorized_static_veclen_32_no_cpy iter 3: 3110.829 ms
Run time jacobi2d_vectorized_static_veclen_32_no_cpy iter 4: 3126.601 ms
Run time jacobi2d_vectorized_static_veclen_32_no_cpy iter 5: 3128.631 ms
Run time jacobi2d_vectorized_static_veclen_32_no_cpy iter 6: 3124.537 ms
Run time jacobi2d_vectorized_static_veclen_32_no_cpy iter 7: 3123.198 ms
Run time jacobi2d_vectorized_static_veclen_32_no_cpy iter 8: 3131.044 ms
Run time jacobi2d_vectorized_static_veclen_32_no_cpy iter 9: 3129.398 ms
Run time jacobi2d_vectorized_static_veclen_32_cpy iter 0: 3659.819 ms
Run time jacobi2d_vectorized_static_veclen_32_cpy iter 1: 3605.245 ms
Run time jacobi2d_vectorized_static_veclen_32_cpy iter 2: 3646.758 ms
Run time jacobi2d_vectorized_static_veclen_32_cpy iter 3: 3649.732 ms
Run time jacobi2d_vectorized_static_veclen_32_cpy iter 4: 3654.655 ms
Run time jacobi2d_vectorized_static_veclen_32_cpy iter 5: 3648.962 ms
Run time jacobi2d_vectorized_static_veclen_32_cpy iter 6: 3646.604 ms
Run time jacobi2d_vectorized_static_veclen_32_cpy iter 7: 3648.322 ms
Run time jacobi2d_vectorized_static_veclen_32_cpy iter 8: 3646.946 ms
Run time jacobi2d_vectorized_static_veclen_32_cpy iter 9: 3649.810 ms
Saved timing results to jacobi2d_timings_jacobi2d_timings_intel_xeon_gcc_1_core.csv.csv
Run time jacobi2d iter 0: 11863.834 ms
Run time jacobi2d iter 1: 11902.123 ms
Run time jacobi2d iter 2: 11929.178 ms
Run time jacobi2d iter 3: 11911.481 ms
Run time jacobi2d iter 4: 11923.168 ms
Run time jacobi2d iter 5: 11887.917 ms
Run time jacobi2d iter 6: 11870.454 ms
Run time jacobi2d iter 7: 11869.930 ms
Run time jacobi2d iter 8: 11868.791 ms
Run time jacobi2d iter 9: 11865.053 ms
Run time jacobi2d_vectorized_static_veclen_8_no_cpy iter 0: 10955.332 ms
Run time jacobi2d_vectorized_static_veclen_8_no_cpy iter 1: 11001.340 ms
Run time jacobi2d_vectorized_static_veclen_8_no_cpy iter 2: 11017.763 ms
Run time jacobi2d_vectorized_static_veclen_8_no_cpy iter 3: 10982.054 ms
Run time jacobi2d_vectorized_static_veclen_8_no_cpy iter 4: 10964.468 ms
Run time jacobi2d_vectorized_static_veclen_8_no_cpy iter 5: 10960.254 ms
Run time jacobi2d_vectorized_static_veclen_8_no_cpy iter 6: 10960.307 ms
Run time jacobi2d_vectorized_static_veclen_8_no_cpy iter 7: 10957.118 ms
Run time jacobi2d_vectorized_static_veclen_8_no_cpy iter 8: 10958.429 ms
Run time jacobi2d_vectorized_static_veclen_8_no_cpy iter 9: 10974.948 ms
Run time jacobi2d_vectorized_static_veclen_8_cpy iter 0: 13218.885 ms
Run time jacobi2d_vectorized_static_veclen_8_cpy iter 1: 13217.511 ms
Run time jacobi2d_vectorized_static_veclen_8_cpy iter 2: 13221.181 ms
Run time jacobi2d_vectorized_static_veclen_8_cpy iter 3: 13211.685 ms
Run time jacobi2d_vectorized_static_veclen_8_cpy iter 4: 13225.691 ms
Run time jacobi2d_vectorized_static_veclen_8_cpy iter 5: 13205.982 ms
Run time jacobi2d_vectorized_static_veclen_8_cpy iter 6: 13174.580 ms
Run time jacobi2d_vectorized_static_veclen_8_cpy iter 7: 13158.852 ms
Run time jacobi2d_vectorized_static_veclen_8_cpy iter 8: 13144.808 ms
Run time jacobi2d_vectorized_static_veclen_8_cpy iter 9: 13144.648 ms
Run time jacobi2d_vectorized_static_veclen_16_no_cpy iter 0: 12393.166 ms
Run time jacobi2d_vectorized_static_veclen_16_no_cpy iter 1: 12394.055 ms
Run time jacobi2d_vectorized_static_veclen_16_no_cpy iter 2: 12399.531 ms
Run time jacobi2d_vectorized_static_veclen_16_no_cpy iter 3: 12388.944 ms
Run time jacobi2d_vectorized_static_veclen_16_no_cpy iter 4: 12392.487 ms
Run time jacobi2d_vectorized_static_veclen_16_no_cpy iter 5: 12399.587 ms
Run time jacobi2d_vectorized_static_veclen_16_no_cpy iter 6: 12392.198 ms
Run time jacobi2d_vectorized_static_veclen_16_no_cpy iter 7: 12386.496 ms
Run time jacobi2d_vectorized_static_veclen_16_no_cpy iter 8: 12388.811 ms
Run time jacobi2d_vectorized_static_veclen_16_no_cpy iter 9: 12402.440 ms
Run time jacobi2d_vectorized_static_veclen_16_cpy iter 0: 15200.037 ms
Run time jacobi2d_vectorized_static_veclen_16_cpy iter 1: 15212.066 ms
Run time jacobi2d_vectorized_static_veclen_16_cpy iter 2: 15214.185 ms
Run time jacobi2d_vectorized_static_veclen_16_cpy iter 3: 15204.204 ms
Run time jacobi2d_vectorized_static_veclen_16_cpy iter 4: 15201.951 ms
Run time jacobi2d_vectorized_static_veclen_16_cpy iter 5: 15218.066 ms
Run time jacobi2d_vectorized_static_veclen_16_cpy iter 6: 15149.327 ms
Run time jacobi2d_vectorized_static_veclen_16_cpy iter 7: 15163.524 ms
Run time jacobi2d_vectorized_static_veclen_16_cpy iter 8: 15202.626 ms
Run time jacobi2d_vectorized_static_veclen_16_cpy iter 9: 15212.490 ms
Run time jacobi2d_vectorized_static_veclen_32_no_cpy iter 0: 12354.688 ms
Run time jacobi2d_vectorized_static_veclen_32_no_cpy iter 1: 12373.640 ms
Run time jacobi2d_vectorized_static_veclen_32_no_cpy iter 2: 12354.165 ms
Run time jacobi2d_vectorized_static_veclen_32_no_cpy iter 3: 12367.280 ms
Run time jacobi2d_vectorized_static_veclen_32_no_cpy iter 4: 12363.444 ms
Run time jacobi2d_vectorized_static_veclen_32_no_cpy iter 5: 12416.144 ms
Run time jacobi2d_vectorized_static_veclen_32_no_cpy iter 6: 12423.688 ms
Run time jacobi2d_vectorized_static_veclen_32_no_cpy iter 7: 12421.394 ms
Run time jacobi2d_vectorized_static_veclen_32_no_cpy iter 8: 12419.558 ms
Run time jacobi2d_vectorized_static_veclen_32_no_cpy iter 9: 12415.121 ms
Run time jacobi2d_vectorized_static_veclen_32_cpy iter 0: 15052.754 ms
Run time jacobi2d_vectorized_static_veclen_32_cpy iter 1: 15025.689 ms
Run time jacobi2d_vectorized_static_veclen_32_cpy iter 2: 14771.338 ms
Run time jacobi2d_vectorized_static_veclen_32_cpy iter 3: 14761.122 ms
Run time jacobi2d_vectorized_static_veclen_32_cpy iter 4: 14757.027 ms
Run time jacobi2d_vectorized_static_veclen_32_cpy iter 5: 14757.746 ms
Run time jacobi2d_vectorized_static_veclen_32_cpy iter 6: 14754.755 ms
Run time jacobi2d_vectorized_static_veclen_32_cpy iter 7: 14755.389 ms
Run time jacobi2d_vectorized_static_veclen_32_cpy iter 8: 14761.476 ms
Run time jacobi2d_vectorized_static_veclen_32_cpy iter 9: 14754.399 ms
Saved timing results to jacobi2d_timings_jacobi2d_timings_intel_xeon_gcc_1_core.csv.csv
