Script path: 
Script dir:  
Running with EXTRA_FLAGS='', SUFFIX=''
Run time cloudsc_pattern_1 iter 0: 616.639 ms
Run time cloudsc_pattern_1 iter 1: 616.686 ms
Run time cloudsc_pattern_1 iter 2: 616.454 ms
Run time cloudsc_pattern_1 iter 3: 616.064 ms
Run time cloudsc_pattern_1 iter 4: 616.156 ms
Run time cloudsc_pattern_1 iter 5: 615.889 ms
Run time cloudsc_pattern_1 iter 6: 615.813 ms
Run time cloudsc_pattern_1 iter 7: 616.956 ms
Run time cloudsc_pattern_1 iter 8: 615.983 ms
Run time cloudsc_pattern_1 iter 9: 616.107 ms
Run time cloudsc_pattern_1 iter 10: 616.041 ms
Run time cloudsc_pattern_1 iter 11: 617.115 ms
Run time cloudsc_pattern_1 iter 12: 625.210 ms
Run time cloudsc_pattern_1 iter 13: 625.112 ms
Run time cloudsc_pattern_1 iter 14: 624.878 ms
Run time cloudsc_pattern_1 iter 15: 625.128 ms
Run time cloudsc_pattern_1 iter 16: 625.487 ms
Run time cloudsc_pattern_1 iter 17: 619.742 ms
Run time cloudsc_pattern_1 iter 18: 617.465 ms
Run time cloudsc_pattern_1 iter 19: 623.121 ms
Running with EXTRA_FLAGS='-mprefer-vector-width=256', SUFFIX='force_width_256'
Run time cloudsc_pattern_1 iter 0: 617.051 ms
Run time cloudsc_pattern_1 iter 1: 620.628 ms
Run time cloudsc_pattern_1 iter 2: 620.999 ms
Run time cloudsc_pattern_1 iter 3: 622.229 ms
Run time cloudsc_pattern_1 iter 4: 623.052 ms
Run time cloudsc_pattern_1 iter 5: 624.170 ms
Run time cloudsc_pattern_1 iter 6: 620.462 ms
Run time cloudsc_pattern_1 iter 7: 616.741 ms
Run time cloudsc_pattern_1 iter 8: 616.233 ms
Run time cloudsc_pattern_1 iter 9: 615.831 ms
Run time cloudsc_pattern_1 iter 10: 616.811 ms
Run time cloudsc_pattern_1 iter 11: 618.270 ms
Run time cloudsc_pattern_1 iter 12: 618.799 ms
Run time cloudsc_pattern_1 iter 13: 619.842 ms
Run time cloudsc_pattern_1 iter 14: 622.794 ms
Run time cloudsc_pattern_1 iter 15: 618.421 ms
Run time cloudsc_pattern_1 iter 16: 620.405 ms
Run time cloudsc_pattern_1 iter 17: 618.177 ms
Run time cloudsc_pattern_1 iter 18: 618.054 ms
Run time cloudsc_pattern_1 iter 19: 621.694 ms
Running with EXTRA_FLAGS='-mprefer-vector-width=512', SUFFIX='force_width_512'
Run time cloudsc_pattern_1 iter 0: 619.001 ms
Run time cloudsc_pattern_1 iter 1: 618.862 ms
Run time cloudsc_pattern_1 iter 2: 617.217 ms
Run time cloudsc_pattern_1 iter 3: 620.185 ms
Run time cloudsc_pattern_1 iter 4: 617.475 ms
Run time cloudsc_pattern_1 iter 5: 615.527 ms
Run time cloudsc_pattern_1 iter 6: 616.597 ms
Run time cloudsc_pattern_1 iter 7: 620.944 ms
Run time cloudsc_pattern_1 iter 8: 621.757 ms
Run time cloudsc_pattern_1 iter 9: 622.350 ms
Run time cloudsc_pattern_1 iter 10: 620.433 ms
Run time cloudsc_pattern_1 iter 11: 616.926 ms
Run time cloudsc_pattern_1 iter 12: 614.924 ms
Run time cloudsc_pattern_1 iter 13: 614.805 ms
Run time cloudsc_pattern_1 iter 14: 615.140 ms
Run time cloudsc_pattern_1 iter 15: 614.913 ms
Run time cloudsc_pattern_1 iter 16: 615.507 ms
Run time cloudsc_pattern_1 iter 17: 616.070 ms
Run time cloudsc_pattern_1 iter 18: 617.059 ms
Run time cloudsc_pattern_1 iter 19: 616.689 ms
Running with EXTRA_FLAGS='-fno-vectorize', SUFFIX='no_vectorize'
Run time cloudsc_pattern_1 iter 0: 623.287 ms
Run time cloudsc_pattern_1 iter 1: 622.798 ms
Run time cloudsc_pattern_1 iter 2: 623.250 ms
Run time cloudsc_pattern_1 iter 3: 618.002 ms
Run time cloudsc_pattern_1 iter 4: 616.303 ms
Run time cloudsc_pattern_1 iter 5: 616.374 ms
Run time cloudsc_pattern_1 iter 6: 616.178 ms
Run time cloudsc_pattern_1 iter 7: 616.139 ms
Run time cloudsc_pattern_1 iter 8: 618.470 ms
Run time cloudsc_pattern_1 iter 9: 618.100 ms
Run time cloudsc_pattern_1 iter 10: 617.653 ms
Run time cloudsc_pattern_1 iter 11: 615.838 ms
Run time cloudsc_pattern_1 iter 12: 619.250 ms
Run time cloudsc_pattern_1 iter 13: 619.654 ms
Run time cloudsc_pattern_1 iter 14: 619.878 ms
Run time cloudsc_pattern_1 iter 15: 619.848 ms
Run time cloudsc_pattern_1 iter 16: 621.934 ms
Run time cloudsc_pattern_1 iter 17: 622.157 ms
Run time cloudsc_pattern_1 iter 18: 622.139 ms
Run time cloudsc_pattern_1 iter 19: 621.834 ms
Running with EXTRA_FLAGS='-fno-math-errno -fveclib=libmvec -mprefer-vector-width=512', SUFFIX='libmvec'
Run time cloudsc_pattern_1 iter 0: 619.895 ms
Run time cloudsc_pattern_1 iter 1: 620.048 ms
Run time cloudsc_pattern_1 iter 2: 618.711 ms
Run time cloudsc_pattern_1 iter 3: 619.144 ms
Run time cloudsc_pattern_1 iter 4: 621.185 ms
Run time cloudsc_pattern_1 iter 5: 621.646 ms
Run time cloudsc_pattern_1 iter 6: 621.436 ms
Run time cloudsc_pattern_1 iter 7: 622.014 ms
Run time cloudsc_pattern_1 iter 8: 621.463 ms
Run time cloudsc_pattern_1 iter 9: 622.174 ms
Run time cloudsc_pattern_1 iter 10: 621.585 ms
Run time cloudsc_pattern_1 iter 11: 621.752 ms
Run time cloudsc_pattern_1 iter 12: 619.966 ms
Run time cloudsc_pattern_1 iter 13: 619.948 ms
Run time cloudsc_pattern_1 iter 14: 615.506 ms
Run time cloudsc_pattern_1 iter 15: 615.707 ms
Run time cloudsc_pattern_1 iter 16: 616.205 ms
Run time cloudsc_pattern_1 iter 17: 614.807 ms
Run time cloudsc_pattern_1 iter 18: 616.100 ms
Run time cloudsc_pattern_1 iter 19: 615.908 ms
Running with EXTRA_FLAGS='', SUFFIX=''
Run time cloudsc_pattern_1 iter 0: 525.954 ms
Run time cloudsc_pattern_1 iter 1: 519.809 ms
Run time cloudsc_pattern_1 iter 2: 489.371 ms
Run time cloudsc_pattern_1 iter 3: 502.306 ms
Run time cloudsc_pattern_1 iter 4: 477.115 ms
Run time cloudsc_pattern_1 iter 5: 497.552 ms
Run time cloudsc_pattern_1 iter 6: 508.855 ms
Run time cloudsc_pattern_1 iter 7: 528.348 ms
Run time cloudsc_pattern_1 iter 8: 510.774 ms
Run time cloudsc_pattern_1 iter 9: 519.460 ms
Run time cloudsc_pattern_1 iter 10: 504.082 ms
Run time cloudsc_pattern_1 iter 11: 492.725 ms
Run time cloudsc_pattern_1 iter 12: 544.188 ms
Run time cloudsc_pattern_1 iter 13: 511.472 ms
Run time cloudsc_pattern_1 iter 14: 492.683 ms
Run time cloudsc_pattern_1 iter 15: 515.303 ms
Run time cloudsc_pattern_1 iter 16: 516.870 ms
Run time cloudsc_pattern_1 iter 17: 491.046 ms
Run time cloudsc_pattern_1 iter 18: 533.247 ms
Run time cloudsc_pattern_1 iter 19: 491.755 ms
Running with EXTRA_FLAGS='-mprefer-vector-width=256', SUFFIX='force_width_256'
Run time cloudsc_pattern_1 iter 0: 503.130 ms
Run time cloudsc_pattern_1 iter 1: 508.214 ms
Run time cloudsc_pattern_1 iter 2: 507.879 ms
Run time cloudsc_pattern_1 iter 3: 528.266 ms
Run time cloudsc_pattern_1 iter 4: 510.385 ms
Run time cloudsc_pattern_1 iter 5: 516.568 ms
Run time cloudsc_pattern_1 iter 6: 500.926 ms
Run time cloudsc_pattern_1 iter 7: 503.792 ms
Run time cloudsc_pattern_1 iter 8: 495.752 ms
Run time cloudsc_pattern_1 iter 9: 502.110 ms
Run time cloudsc_pattern_1 iter 10: 485.354 ms
Run time cloudsc_pattern_1 iter 11: 518.359 ms
Run time cloudsc_pattern_1 iter 12: 508.981 ms
Run time cloudsc_pattern_1 iter 13: 499.564 ms
Run time cloudsc_pattern_1 iter 14: 495.415 ms
Run time cloudsc_pattern_1 iter 15: 492.278 ms
Run time cloudsc_pattern_1 iter 16: 497.173 ms
Run time cloudsc_pattern_1 iter 17: 474.953 ms
Run time cloudsc_pattern_1 iter 18: 483.842 ms
Run time cloudsc_pattern_1 iter 19: 459.617 ms
Running with EXTRA_FLAGS='-mprefer-vector-width=512', SUFFIX='force_width_512'
Run time cloudsc_pattern_1 iter 0: 530.115 ms
Run time cloudsc_pattern_1 iter 1: 509.188 ms
Run time cloudsc_pattern_1 iter 2: 534.228 ms
Run time cloudsc_pattern_1 iter 3: 500.165 ms
Run time cloudsc_pattern_1 iter 4: 513.222 ms
Run time cloudsc_pattern_1 iter 5: 507.065 ms
Run time cloudsc_pattern_1 iter 6: 505.118 ms
Run time cloudsc_pattern_1 iter 7: 506.626 ms
Run time cloudsc_pattern_1 iter 8: 513.273 ms
Run time cloudsc_pattern_1 iter 9: 508.089 ms
Run time cloudsc_pattern_1 iter 10: 539.160 ms
Run time cloudsc_pattern_1 iter 11: 516.551 ms
Run time cloudsc_pattern_1 iter 12: 520.776 ms
Run time cloudsc_pattern_1 iter 13: 505.229 ms
Run time cloudsc_pattern_1 iter 14: 506.639 ms
Run time cloudsc_pattern_1 iter 15: 532.883 ms
Run time cloudsc_pattern_1 iter 16: 507.493 ms
Run time cloudsc_pattern_1 iter 17: 517.661 ms
Run time cloudsc_pattern_1 iter 18: 509.509 ms
Run time cloudsc_pattern_1 iter 19: 519.809 ms
Running with EXTRA_FLAGS='-fno-vectorize', SUFFIX='no_vectorize'
Run time cloudsc_pattern_1 iter 0: 524.881 ms
Run time cloudsc_pattern_1 iter 1: 520.992 ms
Run time cloudsc_pattern_1 iter 2: 516.299 ms
Run time cloudsc_pattern_1 iter 3: 516.600 ms
Run time cloudsc_pattern_1 iter 4: 487.166 ms
Run time cloudsc_pattern_1 iter 5: 482.087 ms
Run time cloudsc_pattern_1 iter 6: 520.161 ms
Run time cloudsc_pattern_1 iter 7: 482.804 ms
Run time cloudsc_pattern_1 iter 8: 492.376 ms
Run time cloudsc_pattern_1 iter 9: 509.000 ms
Run time cloudsc_pattern_1 iter 10: 500.272 ms
Run time cloudsc_pattern_1 iter 11: 505.400 ms
Run time cloudsc_pattern_1 iter 12: 518.009 ms
Run time cloudsc_pattern_1 iter 13: 527.907 ms
Run time cloudsc_pattern_1 iter 14: 511.476 ms
Run time cloudsc_pattern_1 iter 15: 489.483 ms
Run time cloudsc_pattern_1 iter 16: 481.491 ms
Run time cloudsc_pattern_1 iter 17: 504.807 ms
Run time cloudsc_pattern_1 iter 18: 492.187 ms
Run time cloudsc_pattern_1 iter 19: 486.935 ms
Running with EXTRA_FLAGS='-fno-math-errno -fveclib=libmvec -mprefer-vector-width=512', SUFFIX='libmvec'
Run time cloudsc_pattern_1 iter 0: 523.301 ms
Run time cloudsc_pattern_1 iter 1: 508.721 ms
Run time cloudsc_pattern_1 iter 2: 500.120 ms
Run time cloudsc_pattern_1 iter 3: 504.859 ms
Run time cloudsc_pattern_1 iter 4: 544.955 ms
Run time cloudsc_pattern_1 iter 5: 515.012 ms
Run time cloudsc_pattern_1 iter 6: 510.998 ms
Run time cloudsc_pattern_1 iter 7: 485.077 ms
Run time cloudsc_pattern_1 iter 8: 525.246 ms
Run time cloudsc_pattern_1 iter 9: 510.849 ms
Run time cloudsc_pattern_1 iter 10: 510.557 ms
Run time cloudsc_pattern_1 iter 11: 522.384 ms
Run time cloudsc_pattern_1 iter 12: 522.427 ms
Run time cloudsc_pattern_1 iter 13: 502.936 ms
Run time cloudsc_pattern_1 iter 14: 511.876 ms
Run time cloudsc_pattern_1 iter 15: 522.561 ms
Run time cloudsc_pattern_1 iter 16: 505.800 ms
Run time cloudsc_pattern_1 iter 17: 509.771 ms
Run time cloudsc_pattern_1 iter 18: 512.727 ms
Run time cloudsc_pattern_1 iter 19: 504.864 ms
