Script path: 
Script dir:  
Running with EXTRA_FLAGS='', SUFFIX=''
Run time cloudsc_pattern_1 iter 0: 623.899 ms
Run time cloudsc_pattern_1 iter 1: 622.418 ms
Run time cloudsc_pattern_1 iter 2: 623.615 ms
Run time cloudsc_pattern_1 iter 3: 621.491 ms
Run time cloudsc_pattern_1 iter 4: 622.821 ms
Run time cloudsc_pattern_1 iter 5: 620.040 ms
Run time cloudsc_pattern_1 iter 6: 622.689 ms
Run time cloudsc_pattern_1 iter 7: 623.040 ms
Run time cloudsc_pattern_1 iter 8: 623.222 ms
Run time cloudsc_pattern_1 iter 9: 624.079 ms
Run time cloudsc_pattern_1 iter 10: 622.515 ms
Run time cloudsc_pattern_1 iter 11: 619.981 ms
Run time cloudsc_pattern_1 iter 12: 620.256 ms
Run time cloudsc_pattern_1 iter 13: 621.179 ms
Run time cloudsc_pattern_1 iter 14: 619.345 ms
Run time cloudsc_pattern_1 iter 15: 621.135 ms
Run time cloudsc_pattern_1 iter 16: 619.603 ms
Run time cloudsc_pattern_1 iter 17: 619.442 ms
Run time cloudsc_pattern_1 iter 18: 620.893 ms
Run time cloudsc_pattern_1 iter 19: 620.738 ms
Running with EXTRA_FLAGS='-mprefer-vector-width=512', SUFFIX='force_width_256'
Run time cloudsc_pattern_1 iter 0: 623.171 ms
Run time cloudsc_pattern_1 iter 1: 623.494 ms
Run time cloudsc_pattern_1 iter 2: 624.287 ms
Run time cloudsc_pattern_1 iter 3: 625.306 ms
Run time cloudsc_pattern_1 iter 4: 623.081 ms
Run time cloudsc_pattern_1 iter 5: 624.854 ms
Run time cloudsc_pattern_1 iter 6: 622.405 ms
Run time cloudsc_pattern_1 iter 7: 622.921 ms
Run time cloudsc_pattern_1 iter 8: 621.633 ms
Run time cloudsc_pattern_1 iter 9: 620.754 ms
Run time cloudsc_pattern_1 iter 10: 621.689 ms
Run time cloudsc_pattern_1 iter 11: 622.695 ms
Run time cloudsc_pattern_1 iter 12: 623.728 ms
Run time cloudsc_pattern_1 iter 13: 621.759 ms
Run time cloudsc_pattern_1 iter 14: 620.141 ms
Run time cloudsc_pattern_1 iter 15: 620.196 ms
Run time cloudsc_pattern_1 iter 16: 621.719 ms
Run time cloudsc_pattern_1 iter 17: 620.749 ms
Run time cloudsc_pattern_1 iter 18: 619.323 ms
Run time cloudsc_pattern_1 iter 19: 619.810 ms
Running with EXTRA_FLAGS='-mprefer-vector-width=512', SUFFIX='force_width_512'
Run time cloudsc_pattern_1 iter 0: 623.709 ms
Run time cloudsc_pattern_1 iter 1: 627.062 ms
Run time cloudsc_pattern_1 iter 2: 624.427 ms
Run time cloudsc_pattern_1 iter 3: 622.423 ms
Run time cloudsc_pattern_1 iter 4: 621.940 ms
Run time cloudsc_pattern_1 iter 5: 621.546 ms
Run time cloudsc_pattern_1 iter 6: 623.755 ms
Run time cloudsc_pattern_1 iter 7: 623.103 ms
Run time cloudsc_pattern_1 iter 8: 622.121 ms
Run time cloudsc_pattern_1 iter 9: 624.241 ms
Run time cloudsc_pattern_1 iter 10: 623.168 ms
Run time cloudsc_pattern_1 iter 11: 621.712 ms
Run time cloudsc_pattern_1 iter 12: 622.014 ms
Run time cloudsc_pattern_1 iter 13: 626.569 ms
Run time cloudsc_pattern_1 iter 14: 626.114 ms
Run time cloudsc_pattern_1 iter 15: 625.282 ms
Run time cloudsc_pattern_1 iter 16: 622.582 ms
Run time cloudsc_pattern_1 iter 17: 620.160 ms
Run time cloudsc_pattern_1 iter 18: 622.432 ms
Run time cloudsc_pattern_1 iter 19: 622.459 ms
Running with EXTRA_FLAGS='-fno-vectorize', SUFFIX='no_vectorize'
Run time cloudsc_pattern_1 iter 0: 622.271 ms
Run time cloudsc_pattern_1 iter 1: 621.609 ms
Run time cloudsc_pattern_1 iter 2: 625.842 ms
Run time cloudsc_pattern_1 iter 3: 631.821 ms
Run time cloudsc_pattern_1 iter 4: 636.482 ms
Run time cloudsc_pattern_1 iter 5: 624.704 ms
Run time cloudsc_pattern_1 iter 6: 620.913 ms
Run time cloudsc_pattern_1 iter 7: 620.863 ms
Run time cloudsc_pattern_1 iter 8: 621.752 ms
Run time cloudsc_pattern_1 iter 9: 622.141 ms
Run time cloudsc_pattern_1 iter 10: 621.345 ms
Run time cloudsc_pattern_1 iter 11: 625.977 ms
Run time cloudsc_pattern_1 iter 12: 629.656 ms
Run time cloudsc_pattern_1 iter 13: 629.575 ms
Run time cloudsc_pattern_1 iter 14: 631.159 ms
Run time cloudsc_pattern_1 iter 15: 622.764 ms
Run time cloudsc_pattern_1 iter 16: 622.352 ms
Run time cloudsc_pattern_1 iter 17: 622.650 ms
Run time cloudsc_pattern_1 iter 18: 623.449 ms
Run time cloudsc_pattern_1 iter 19: 624.475 ms
Running with EXTRA_FLAGS='-fno-math-errno -fveclib=libmvec -mprefer-vector-width=512', SUFFIX='libmvec'
Run time cloudsc_pattern_1 iter 0: 621.537 ms
Run time cloudsc_pattern_1 iter 1: 624.162 ms
Run time cloudsc_pattern_1 iter 2: 628.315 ms
Run time cloudsc_pattern_1 iter 3: 628.444 ms
Run time cloudsc_pattern_1 iter 4: 624.905 ms
Run time cloudsc_pattern_1 iter 5: 620.411 ms
Run time cloudsc_pattern_1 iter 6: 621.544 ms
Run time cloudsc_pattern_1 iter 7: 621.286 ms
Run time cloudsc_pattern_1 iter 8: 619.296 ms
Run time cloudsc_pattern_1 iter 9: 619.571 ms
Run time cloudsc_pattern_1 iter 10: 619.805 ms
Run time cloudsc_pattern_1 iter 11: 620.121 ms
Run time cloudsc_pattern_1 iter 12: 621.376 ms
Run time cloudsc_pattern_1 iter 13: 620.241 ms
Run time cloudsc_pattern_1 iter 14: 620.380 ms
Run time cloudsc_pattern_1 iter 15: 619.740 ms
Run time cloudsc_pattern_1 iter 16: 619.233 ms
Run time cloudsc_pattern_1 iter 17: 620.143 ms
Run time cloudsc_pattern_1 iter 18: 620.055 ms
Run time cloudsc_pattern_1 iter 19: 620.539 ms
Running with EXTRA_FLAGS='', SUFFIX=''
Run time cloudsc_pattern_1 iter 0: 515.540 ms
Run time cloudsc_pattern_1 iter 1: 481.690 ms
Run time cloudsc_pattern_1 iter 2: 474.742 ms
Run time cloudsc_pattern_1 iter 3: 510.230 ms
Run time cloudsc_pattern_1 iter 4: 493.836 ms
Run time cloudsc_pattern_1 iter 5: 457.914 ms
Run time cloudsc_pattern_1 iter 6: 449.192 ms
Run time cloudsc_pattern_1 iter 7: 410.470 ms
Run time cloudsc_pattern_1 iter 8: 401.482 ms
Run time cloudsc_pattern_1 iter 9: 424.877 ms
Run time cloudsc_pattern_1 iter 10: 395.337 ms
Run time cloudsc_pattern_1 iter 11: 398.657 ms
Run time cloudsc_pattern_1 iter 12: 374.898 ms
Run time cloudsc_pattern_1 iter 13: 367.776 ms
Run time cloudsc_pattern_1 iter 14: 379.554 ms
Run time cloudsc_pattern_1 iter 15: 390.732 ms
Run time cloudsc_pattern_1 iter 16: 510.169 ms
Run time cloudsc_pattern_1 iter 17: 508.071 ms
Run time cloudsc_pattern_1 iter 18: 492.474 ms
Run time cloudsc_pattern_1 iter 19: 528.772 ms
Running with EXTRA_FLAGS='-mprefer-vector-width=512', SUFFIX='force_width_256'
Run time cloudsc_pattern_1 iter 0: 506.184 ms
Run time cloudsc_pattern_1 iter 1: 491.978 ms
Run time cloudsc_pattern_1 iter 2: 498.408 ms
Run time cloudsc_pattern_1 iter 3: 499.992 ms
Run time cloudsc_pattern_1 iter 4: 486.210 ms
Run time cloudsc_pattern_1 iter 5: 479.751 ms
Run time cloudsc_pattern_1 iter 6: 499.522 ms
Run time cloudsc_pattern_1 iter 7: 489.040 ms
Run time cloudsc_pattern_1 iter 8: 504.128 ms
Run time cloudsc_pattern_1 iter 9: 495.643 ms
Run time cloudsc_pattern_1 iter 10: 515.701 ms
Run time cloudsc_pattern_1 iter 11: 492.539 ms
Run time cloudsc_pattern_1 iter 12: 508.755 ms
Run time cloudsc_pattern_1 iter 13: 444.737 ms
Run time cloudsc_pattern_1 iter 14: 423.612 ms
Run time cloudsc_pattern_1 iter 15: 400.064 ms
Run time cloudsc_pattern_1 iter 16: 471.573 ms
Run time cloudsc_pattern_1 iter 17: 402.770 ms
Run time cloudsc_pattern_1 iter 18: 392.727 ms
Run time cloudsc_pattern_1 iter 19: 381.340 ms
Running with EXTRA_FLAGS='-mprefer-vector-width=512', SUFFIX='force_width_512'
Run time cloudsc_pattern_1 iter 0: 516.345 ms
Run time cloudsc_pattern_1 iter 1: 512.463 ms
Run time cloudsc_pattern_1 iter 2: 506.920 ms
Run time cloudsc_pattern_1 iter 3: 520.890 ms
Run time cloudsc_pattern_1 iter 4: 497.235 ms
Run time cloudsc_pattern_1 iter 5: 534.105 ms
Run time cloudsc_pattern_1 iter 6: 507.090 ms
Run time cloudsc_pattern_1 iter 7: 493.862 ms
Run time cloudsc_pattern_1 iter 8: 488.930 ms
Run time cloudsc_pattern_1 iter 9: 492.065 ms
Run time cloudsc_pattern_1 iter 10: 496.951 ms
Run time cloudsc_pattern_1 iter 11: 483.723 ms
Run time cloudsc_pattern_1 iter 12: 487.483 ms
Run time cloudsc_pattern_1 iter 13: 493.904 ms
Run time cloudsc_pattern_1 iter 14: 480.976 ms
Run time cloudsc_pattern_1 iter 15: 517.531 ms
Run time cloudsc_pattern_1 iter 16: 494.465 ms
Run time cloudsc_pattern_1 iter 17: 531.795 ms
Run time cloudsc_pattern_1 iter 18: 506.278 ms
Run time cloudsc_pattern_1 iter 19: 515.633 ms
Running with EXTRA_FLAGS='-fno-vectorize', SUFFIX='no_vectorize'
Run time cloudsc_pattern_1 iter 0: 534.668 ms
Run time cloudsc_pattern_1 iter 1: 507.772 ms
Run time cloudsc_pattern_1 iter 2: 492.856 ms
Run time cloudsc_pattern_1 iter 3: 499.478 ms
Run time cloudsc_pattern_1 iter 4: 520.589 ms
Run time cloudsc_pattern_1 iter 5: 481.083 ms
Run time cloudsc_pattern_1 iter 6: 501.670 ms
Run time cloudsc_pattern_1 iter 7: 491.157 ms
Run time cloudsc_pattern_1 iter 8: 481.790 ms
Run time cloudsc_pattern_1 iter 9: 462.898 ms
Run time cloudsc_pattern_1 iter 10: 496.445 ms
Run time cloudsc_pattern_1 iter 11: 472.484 ms
Run time cloudsc_pattern_1 iter 12: 440.045 ms
Run time cloudsc_pattern_1 iter 13: 437.855 ms
Run time cloudsc_pattern_1 iter 14: 432.388 ms
Run time cloudsc_pattern_1 iter 15: 432.542 ms
Run time cloudsc_pattern_1 iter 16: 421.815 ms
Run time cloudsc_pattern_1 iter 17: 429.369 ms
Run time cloudsc_pattern_1 iter 18: 428.903 ms
Run time cloudsc_pattern_1 iter 19: 420.296 ms
Running with EXTRA_FLAGS='-fno-math-errno -fveclib=libmvec -mprefer-vector-width=512', SUFFIX='libmvec'
Run time cloudsc_pattern_1 iter 0: 558.233 ms
Run time cloudsc_pattern_1 iter 1: 532.356 ms
Run time cloudsc_pattern_1 iter 2: 521.301 ms
Run time cloudsc_pattern_1 iter 3: 493.478 ms
Run time cloudsc_pattern_1 iter 4: 490.183 ms
Run time cloudsc_pattern_1 iter 5: 520.830 ms
Run time cloudsc_pattern_1 iter 6: 498.426 ms
Run time cloudsc_pattern_1 iter 7: 521.253 ms
Run time cloudsc_pattern_1 iter 8: 487.599 ms
Run time cloudsc_pattern_1 iter 9: 490.936 ms
Run time cloudsc_pattern_1 iter 10: 512.160 ms
Run time cloudsc_pattern_1 iter 11: 492.651 ms
Run time cloudsc_pattern_1 iter 12: 506.078 ms
Run time cloudsc_pattern_1 iter 13: 478.503 ms
Run time cloudsc_pattern_1 iter 14: 472.613 ms
Run time cloudsc_pattern_1 iter 15: 467.976 ms
Run time cloudsc_pattern_1 iter 16: 457.310 ms
Run time cloudsc_pattern_1 iter 17: 454.367 ms
Run time cloudsc_pattern_1 iter 18: 460.216 ms
Run time cloudsc_pattern_1 iter 19: 444.789 ms
