Script path: 
Script dir:  
Running with EXTRA_FLAGS='', SUFFIX=''
Run time cloudsc_pattern_one iter 0: 622.742 ms
Run time cloudsc_pattern_one iter 1: 623.168 ms
Run time cloudsc_pattern_one iter 2: 622.396 ms
Run time cloudsc_pattern_one iter 3: 622.665 ms
Run time cloudsc_pattern_one iter 4: 622.295 ms
Run time cloudsc_pattern_one iter 5: 620.562 ms
Run time cloudsc_pattern_one iter 6: 622.455 ms
Run time cloudsc_pattern_one iter 7: 622.318 ms
Run time cloudsc_pattern_one iter 8: 621.672 ms
Run time cloudsc_pattern_one iter 9: 622.342 ms
Run time cloudsc_pattern_one iter 10: 622.749 ms
Run time cloudsc_pattern_one iter 11: 620.741 ms
Run time cloudsc_pattern_one iter 12: 622.939 ms
Run time cloudsc_pattern_one iter 13: 622.881 ms
Run time cloudsc_pattern_one iter 14: 620.832 ms
Run time cloudsc_pattern_one iter 15: 621.704 ms
Run time cloudsc_pattern_one iter 16: 621.806 ms
Run time cloudsc_pattern_one iter 17: 621.015 ms
Run time cloudsc_pattern_one iter 18: 622.006 ms
Run time cloudsc_pattern_one iter 19: 621.727 ms
Running with EXTRA_FLAGS='-mprefer-vector-width=256', SUFFIX='force_width_256'
Run time cloudsc_pattern_one iter 0: 617.003 ms
Run time cloudsc_pattern_one iter 1: 617.089 ms
Run time cloudsc_pattern_one iter 2: 617.433 ms
Run time cloudsc_pattern_one iter 3: 617.187 ms
Run time cloudsc_pattern_one iter 4: 617.255 ms
Run time cloudsc_pattern_one iter 5: 618.398 ms
Run time cloudsc_pattern_one iter 6: 618.265 ms
Run time cloudsc_pattern_one iter 7: 617.004 ms
Run time cloudsc_pattern_one iter 8: 617.055 ms
Run time cloudsc_pattern_one iter 9: 617.976 ms
Run time cloudsc_pattern_one iter 10: 621.665 ms
Run time cloudsc_pattern_one iter 11: 618.615 ms
Run time cloudsc_pattern_one iter 12: 619.862 ms
Run time cloudsc_pattern_one iter 13: 618.272 ms
Run time cloudsc_pattern_one iter 14: 616.655 ms
Run time cloudsc_pattern_one iter 15: 617.876 ms
Run time cloudsc_pattern_one iter 16: 619.904 ms
Run time cloudsc_pattern_one iter 17: 619.485 ms
Run time cloudsc_pattern_one iter 18: 618.176 ms
Run time cloudsc_pattern_one iter 19: 617.099 ms
Running with EXTRA_FLAGS='-mprefer-vector-width=512', SUFFIX='force_width_512'
Run time cloudsc_pattern_one iter 0: 621.955 ms
Run time cloudsc_pattern_one iter 1: 622.391 ms
Run time cloudsc_pattern_one iter 2: 621.425 ms
Run time cloudsc_pattern_one iter 3: 618.595 ms
Run time cloudsc_pattern_one iter 4: 618.531 ms
Run time cloudsc_pattern_one iter 5: 618.189 ms
Run time cloudsc_pattern_one iter 6: 621.039 ms
Run time cloudsc_pattern_one iter 7: 622.336 ms
Run time cloudsc_pattern_one iter 8: 623.060 ms
Run time cloudsc_pattern_one iter 9: 620.355 ms
Run time cloudsc_pattern_one iter 10: 621.193 ms
Run time cloudsc_pattern_one iter 11: 619.153 ms
Run time cloudsc_pattern_one iter 12: 618.501 ms
Run time cloudsc_pattern_one iter 13: 616.889 ms
Run time cloudsc_pattern_one iter 14: 617.067 ms
Run time cloudsc_pattern_one iter 15: 617.251 ms
Run time cloudsc_pattern_one iter 16: 618.176 ms
Run time cloudsc_pattern_one iter 17: 617.094 ms
Run time cloudsc_pattern_one iter 18: 616.833 ms
Run time cloudsc_pattern_one iter 19: 616.564 ms
Running with EXTRA_FLAGS='-fno-vectorize', SUFFIX='no_vectorize'
Run time cloudsc_pattern_one iter 0: 623.439 ms
Run time cloudsc_pattern_one iter 1: 622.558 ms
Run time cloudsc_pattern_one iter 2: 622.696 ms
Run time cloudsc_pattern_one iter 3: 623.231 ms
Run time cloudsc_pattern_one iter 4: 622.344 ms
Run time cloudsc_pattern_one iter 5: 623.641 ms
Run time cloudsc_pattern_one iter 6: 623.301 ms
Run time cloudsc_pattern_one iter 7: 623.918 ms
Run time cloudsc_pattern_one iter 8: 622.996 ms
Run time cloudsc_pattern_one iter 9: 624.799 ms
Run time cloudsc_pattern_one iter 10: 618.810 ms
Run time cloudsc_pattern_one iter 11: 622.893 ms
Run time cloudsc_pattern_one iter 12: 622.410 ms
Run time cloudsc_pattern_one iter 13: 624.930 ms
Run time cloudsc_pattern_one iter 14: 622.616 ms
Run time cloudsc_pattern_one iter 15: 624.183 ms
Run time cloudsc_pattern_one iter 16: 622.285 ms
Run time cloudsc_pattern_one iter 17: 618.404 ms
Run time cloudsc_pattern_one iter 18: 617.162 ms
Run time cloudsc_pattern_one iter 19: 617.617 ms
Running with EXTRA_FLAGS='-fno-math-errno -fveclib=libmvec -mprefer-vector-width=512', SUFFIX='libmvec'
Run time cloudsc_pattern_one iter 0: 619.503 ms
Run time cloudsc_pattern_one iter 1: 616.262 ms
Run time cloudsc_pattern_one iter 2: 616.674 ms
Run time cloudsc_pattern_one iter 3: 616.947 ms
Run time cloudsc_pattern_one iter 4: 616.220 ms
Run time cloudsc_pattern_one iter 5: 618.759 ms
Run time cloudsc_pattern_one iter 6: 617.505 ms
Run time cloudsc_pattern_one iter 7: 616.698 ms
Run time cloudsc_pattern_one iter 8: 617.188 ms
Run time cloudsc_pattern_one iter 9: 617.640 ms
Run time cloudsc_pattern_one iter 10: 620.885 ms
Run time cloudsc_pattern_one iter 11: 620.407 ms
Run time cloudsc_pattern_one iter 12: 618.793 ms
Run time cloudsc_pattern_one iter 13: 617.910 ms
Run time cloudsc_pattern_one iter 14: 620.077 ms
Run time cloudsc_pattern_one iter 15: 620.552 ms
Run time cloudsc_pattern_one iter 16: 621.382 ms
Run time cloudsc_pattern_one iter 17: 617.571 ms
Run time cloudsc_pattern_one iter 18: 618.796 ms
Run time cloudsc_pattern_one iter 19: 621.194 ms
Running with EXTRA_FLAGS='', SUFFIX=''
Run time cloudsc_pattern_one iter 0: 505.990 ms
Run time cloudsc_pattern_one iter 1: 518.968 ms
Run time cloudsc_pattern_one iter 2: 505.733 ms
Run time cloudsc_pattern_one iter 3: 504.313 ms
Run time cloudsc_pattern_one iter 4: 500.511 ms
Run time cloudsc_pattern_one iter 5: 523.626 ms
Run time cloudsc_pattern_one iter 6: 502.826 ms
Run time cloudsc_pattern_one iter 7: 512.493 ms
Run time cloudsc_pattern_one iter 8: 491.663 ms
Run time cloudsc_pattern_one iter 9: 503.798 ms
Run time cloudsc_pattern_one iter 10: 490.177 ms
Run time cloudsc_pattern_one iter 11: 481.356 ms
Run time cloudsc_pattern_one iter 12: 482.232 ms
Run time cloudsc_pattern_one iter 13: 488.494 ms
Run time cloudsc_pattern_one iter 14: 496.150 ms
Run time cloudsc_pattern_one iter 15: 490.489 ms
Run time cloudsc_pattern_one iter 16: 481.511 ms
Run time cloudsc_pattern_one iter 17: 485.880 ms
Run time cloudsc_pattern_one iter 18: 510.138 ms
Run time cloudsc_pattern_one iter 19: 493.560 ms
Running with EXTRA_FLAGS='-mprefer-vector-width=256', SUFFIX='force_width_256'
Run time cloudsc_pattern_one iter 0: 503.905 ms
Run time cloudsc_pattern_one iter 1: 512.035 ms
Run time cloudsc_pattern_one iter 2: 494.160 ms
Run time cloudsc_pattern_one iter 3: 512.711 ms
Run time cloudsc_pattern_one iter 4: 511.643 ms
Run time cloudsc_pattern_one iter 5: 509.058 ms
Run time cloudsc_pattern_one iter 6: 506.665 ms
Run time cloudsc_pattern_one iter 7: 500.704 ms
Run time cloudsc_pattern_one iter 8: 496.751 ms
Run time cloudsc_pattern_one iter 9: 521.877 ms
Run time cloudsc_pattern_one iter 10: 514.950 ms
Run time cloudsc_pattern_one iter 11: 523.245 ms
Run time cloudsc_pattern_one iter 12: 520.968 ms
Run time cloudsc_pattern_one iter 13: 494.169 ms
Run time cloudsc_pattern_one iter 14: 489.769 ms
Run time cloudsc_pattern_one iter 15: 490.916 ms
Run time cloudsc_pattern_one iter 16: 505.988 ms
Run time cloudsc_pattern_one iter 17: 500.898 ms
Run time cloudsc_pattern_one iter 18: 500.830 ms
Run time cloudsc_pattern_one iter 19: 501.555 ms
Running with EXTRA_FLAGS='-mprefer-vector-width=512', SUFFIX='force_width_512'
Run time cloudsc_pattern_one iter 0: 497.138 ms
Run time cloudsc_pattern_one iter 1: 528.595 ms
Run time cloudsc_pattern_one iter 2: 521.131 ms
Run time cloudsc_pattern_one iter 3: 509.237 ms
Run time cloudsc_pattern_one iter 4: 532.587 ms
Run time cloudsc_pattern_one iter 5: 513.607 ms
Run time cloudsc_pattern_one iter 6: 499.094 ms
Run time cloudsc_pattern_one iter 7: 491.197 ms
Run time cloudsc_pattern_one iter 8: 515.314 ms
Run time cloudsc_pattern_one iter 9: 504.841 ms
Run time cloudsc_pattern_one iter 10: 497.442 ms
Run time cloudsc_pattern_one iter 11: 510.202 ms
Run time cloudsc_pattern_one iter 12: 496.047 ms
Run time cloudsc_pattern_one iter 13: 526.218 ms
Run time cloudsc_pattern_one iter 14: 522.412 ms
Run time cloudsc_pattern_one iter 15: 510.836 ms
Run time cloudsc_pattern_one iter 16: 505.976 ms
Run time cloudsc_pattern_one iter 17: 494.008 ms
Run time cloudsc_pattern_one iter 18: 494.497 ms
Run time cloudsc_pattern_one iter 19: 525.872 ms
Running with EXTRA_FLAGS='-fno-vectorize', SUFFIX='no_vectorize'
Run time cloudsc_pattern_one iter 0: 494.395 ms
Run time cloudsc_pattern_one iter 1: 496.511 ms
Run time cloudsc_pattern_one iter 2: 507.785 ms
Run time cloudsc_pattern_one iter 3: 488.548 ms
Run time cloudsc_pattern_one iter 4: 511.154 ms
Run time cloudsc_pattern_one iter 5: 501.970 ms
Run time cloudsc_pattern_one iter 6: 500.197 ms
Run time cloudsc_pattern_one iter 7: 501.677 ms
Run time cloudsc_pattern_one iter 8: 502.735 ms
Run time cloudsc_pattern_one iter 9: 514.295 ms
Run time cloudsc_pattern_one iter 10: 519.777 ms
Run time cloudsc_pattern_one iter 11: 513.406 ms
Run time cloudsc_pattern_one iter 12: 506.747 ms
Run time cloudsc_pattern_one iter 13: 508.697 ms
Run time cloudsc_pattern_one iter 14: 494.467 ms
Run time cloudsc_pattern_one iter 15: 500.960 ms
Run time cloudsc_pattern_one iter 16: 528.114 ms
Run time cloudsc_pattern_one iter 17: 513.323 ms
Run time cloudsc_pattern_one iter 18: 518.248 ms
Run time cloudsc_pattern_one iter 19: 515.078 ms
Running with EXTRA_FLAGS='-fno-math-errno -fveclib=libmvec -mprefer-vector-width=512', SUFFIX='libmvec'
Run time cloudsc_pattern_one iter 0: 474.962 ms
Run time cloudsc_pattern_one iter 1: 480.592 ms
Run time cloudsc_pattern_one iter 2: 477.973 ms
Run time cloudsc_pattern_one iter 3: 455.322 ms
Run time cloudsc_pattern_one iter 4: 471.581 ms
Run time cloudsc_pattern_one iter 5: 465.700 ms
Run time cloudsc_pattern_one iter 6: 453.948 ms
Run time cloudsc_pattern_one iter 7: 467.020 ms
Run time cloudsc_pattern_one iter 8: 482.318 ms
Run time cloudsc_pattern_one iter 9: 446.583 ms
Run time cloudsc_pattern_one iter 10: 501.403 ms
Run time cloudsc_pattern_one iter 11: 495.933 ms
Run time cloudsc_pattern_one iter 12: 493.545 ms
Run time cloudsc_pattern_one iter 13: 489.021 ms
Run time cloudsc_pattern_one iter 14: 513.434 ms
Run time cloudsc_pattern_one iter 15: 476.663 ms
Run time cloudsc_pattern_one iter 16: 492.502 ms
Run time cloudsc_pattern_one iter 17: 481.700 ms
Run time cloudsc_pattern_one iter 18: 477.842 ms
Run time cloudsc_pattern_one iter 19: 482.879 ms
