Running with EXTRA_FLAGS='', SUFFIX=''
Running with suffix: 
Running with #1 cores
Running with base flags: -fopenmp -fstrict-aliasing -std=c++17 -faligned-new -fPIC -Wall -Wextra -O3 -march=native -ffast-math -Wno-unused-parameter -Wno-unused-label
Running with env flags: 
Running with flags: -fopenmp -fstrict-aliasing -std=c++17 -faligned-new -fPIC -Wall -Wextra -O3 -march=native -ffast-math -Wno-unused-parameter -Wno-unused-label
[can_be_applied] to if_154 is True
[can_be_applied] to if_154 is True
Changing __out = (__in1 / __in2) to have +1.7800590868057611e-307 to avoid NaN/inf floating-point exception in division!
[[0. 0. 0. ... 0. 0. 0.]
 [0. 0. 0. ... 0. 0. 0.]
 [0. 0. 0. ... 0. 0. 0.]
 ...
 [0. 0. 0. ... 0. 0. 0.]
 [0. 0. 0. ... 0. 0. 0.]
 [0. 0. 0. ... 0. 0. 0.]]
[[0. 0. 0. ... 0. 0. 0.]
 [0. 0. 0. ... 0. 0. 0.]
 [0. 0. 0. ... 0. 0. 0.]
 ...
 [0. 0. 0. ... 0. 0. 0.]
 [0. 0. 0. ... 0. 0. 0.]
 [0. 0. 0. ... 0. 0. 0.]]
0.0
Instrumentation report
SDFG Hash: e9272841940c72bb9e9e16b289dfa3618cd3e21e3820a17eddf8ca880136a037
---------------------------------------------------------------------------
Element        Runtime (ms)   
               Min            Mean           Median         Max            
---------------------------------------------------------------------------
SDFG (0)                                                                   
|Thread 6423066134202926218:                                                            
|              0.006          0.006          0.006          0.006          
---------------------------------------------------------------------------

Instrumentation report
SDFG Hash: 4eb05290b8548c29dd3c831555d88b28e83a236ab24cb5af092d4b0887f8821a
---------------------------------------------------------------------------
Element        Runtime (ms)   
               Min            Mean           Median         Max            
---------------------------------------------------------------------------
SDFG (0)                                                                   
|Thread 6423066134202926218:                                                            
|              0.004          0.004          0.004          0.004          
---------------------------------------------------------------------------

Run time division_by_zero_dace iter 0: 7.305 ms
Run time division_by_zero_dace iter 1: 7.568 ms
Run time division_by_zero_dace iter 2: 7.514 ms
Run time division_by_zero_dace iter 3: 7.328 ms
Run time division_by_zero_dace iter 4: 7.316 ms
Run time division_by_zero_dace iter 5: 7.331 ms
Run time division_by_zero_dace iter 6: 7.318 ms
Run time division_by_zero_dace iter 7: 7.323 ms
Run time division_by_zero_dace iter 8: 7.367 ms
Run time division_by_zero_dace iter 9: 7.352 ms
Run time division_by_zero_dace iter 10: 7.341 ms
Run time division_by_zero_dace iter 11: 7.577 ms
Run time division_by_zero_dace iter 12: 7.333 ms
Run time division_by_zero_dace iter 13: 7.337 ms
Run time division_by_zero_dace iter 14: 7.354 ms
Run time division_by_zero_dace iter 15: 7.310 ms
Run time division_by_zero_dace iter 16: 7.323 ms
Run time division_by_zero_dace iter 17: 7.560 ms
Run time division_by_zero_dace iter 18: 7.325 ms
Run time division_by_zero_dace iter 19: 7.302 ms
[can_be_applied] to if_255 is True
[can_be_applied] to if_255 is True
Changing __out = (__in1 / __in2) to have +1.7800590868057611e-307 to avoid NaN/inf floating-point exception in division!
Run time division_by_zero_dace_g__veclen_4_no_cpy iter 0: 3.276 ms
Run time division_by_zero_dace_g__veclen_4_no_cpy iter 1: 3.325 ms
Run time division_by_zero_dace_g__veclen_4_no_cpy iter 2: 3.378 ms
Run time division_by_zero_dace_g__veclen_4_no_cpy iter 3: 3.236 ms
Run time division_by_zero_dace_g__veclen_4_no_cpy iter 4: 3.294 ms
Run time division_by_zero_dace_g__veclen_4_no_cpy iter 5: 3.297 ms
Run time division_by_zero_dace_g__veclen_4_no_cpy iter 6: 3.415 ms
Run time division_by_zero_dace_g__veclen_4_no_cpy iter 7: 3.215 ms
Run time division_by_zero_dace_g__veclen_4_no_cpy iter 8: 3.277 ms
Run time division_by_zero_dace_g__veclen_4_no_cpy iter 9: 3.297 ms
Run time division_by_zero_dace_g__veclen_4_no_cpy iter 10: 3.433 ms
Run time division_by_zero_dace_g__veclen_4_no_cpy iter 11: 3.235 ms
Run time division_by_zero_dace_g__veclen_4_no_cpy iter 12: 3.253 ms
Run time division_by_zero_dace_g__veclen_4_no_cpy iter 13: 3.325 ms
Run time division_by_zero_dace_g__veclen_4_no_cpy iter 14: 3.292 ms
Run time division_by_zero_dace_g__veclen_4_no_cpy iter 15: 3.194 ms
Run time division_by_zero_dace_g__veclen_4_no_cpy iter 16: 3.299 ms
Run time division_by_zero_dace_g__veclen_4_no_cpy iter 17: 3.307 ms
Run time division_by_zero_dace_g__veclen_4_no_cpy iter 18: 3.380 ms
Run time division_by_zero_dace_g__veclen_4_no_cpy iter 19: 3.205 ms
[can_be_applied] to if_255 is True
[can_be_applied] to if_255 is True
Changing __out = (__in1 / __in2) to have +1.7800590868057611e-307 to avoid NaN/inf floating-point exception in division!
Run time division_by_zero_dace_g__veclen_4_cpy iter 0: 3.203 ms
Run time division_by_zero_dace_g__veclen_4_cpy iter 1: 3.278 ms
Run time division_by_zero_dace_g__veclen_4_cpy iter 2: 3.315 ms
Run time division_by_zero_dace_g__veclen_4_cpy iter 3: 3.365 ms
Run time division_by_zero_dace_g__veclen_4_cpy iter 4: 3.365 ms
Run time division_by_zero_dace_g__veclen_4_cpy iter 5: 3.242 ms
Run time division_by_zero_dace_g__veclen_4_cpy iter 6: 3.327 ms
Run time division_by_zero_dace_g__veclen_4_cpy iter 7: 3.934 ms
Run time division_by_zero_dace_g__veclen_4_cpy iter 8: 3.589 ms
Run time division_by_zero_dace_g__veclen_4_cpy iter 9: 3.281 ms
Run time division_by_zero_dace_g__veclen_4_cpy iter 10: 3.238 ms
Run time division_by_zero_dace_g__veclen_4_cpy iter 11: 3.201 ms
Run time division_by_zero_dace_g__veclen_4_cpy iter 12: 3.317 ms
Run time division_by_zero_dace_g__veclen_4_cpy iter 13: 3.274 ms
Run time division_by_zero_dace_g__veclen_4_cpy iter 14: 3.320 ms
Run time division_by_zero_dace_g__veclen_4_cpy iter 15: 3.281 ms
Run time division_by_zero_dace_g__veclen_4_cpy iter 16: 3.256 ms
Run time division_by_zero_dace_g__veclen_4_cpy iter 17: 3.328 ms
Run time division_by_zero_dace_g__veclen_4_cpy iter 18: 3.306 ms
Run time division_by_zero_dace_g__veclen_4_cpy iter 19: 3.262 ms
[can_be_applied] to if_255 is True
[can_be_applied] to if_255 is True
Changing __out = (__in1 / __in2) to have +1.7800590868057611e-307 to avoid NaN/inf floating-point exception in division!
Run time division_by_zero_dace_g__veclen_8_no_cpy iter 0: 3.218 ms
Run time division_by_zero_dace_g__veclen_8_no_cpy iter 1: 3.216 ms
Run time division_by_zero_dace_g__veclen_8_no_cpy iter 2: 3.208 ms
Run time division_by_zero_dace_g__veclen_8_no_cpy iter 3: 3.265 ms
Run time division_by_zero_dace_g__veclen_8_no_cpy iter 4: 3.637 ms
Run time division_by_zero_dace_g__veclen_8_no_cpy iter 5: 3.259 ms
Run time division_by_zero_dace_g__veclen_8_no_cpy iter 6: 3.210 ms
Run time division_by_zero_dace_g__veclen_8_no_cpy iter 7: 3.198 ms
Run time division_by_zero_dace_g__veclen_8_no_cpy iter 8: 3.210 ms
Run time division_by_zero_dace_g__veclen_8_no_cpy iter 9: 3.253 ms
Run time division_by_zero_dace_g__veclen_8_no_cpy iter 10: 3.249 ms
Run time division_by_zero_dace_g__veclen_8_no_cpy iter 11: 3.318 ms
Run time division_by_zero_dace_g__veclen_8_no_cpy iter 12: 3.193 ms
Run time division_by_zero_dace_g__veclen_8_no_cpy iter 13: 3.200 ms
Run time division_by_zero_dace_g__veclen_8_no_cpy iter 14: 3.214 ms
Run time division_by_zero_dace_g__veclen_8_no_cpy iter 15: 3.315 ms
Run time division_by_zero_dace_g__veclen_8_no_cpy iter 16: 3.243 ms
Run time division_by_zero_dace_g__veclen_8_no_cpy iter 17: 3.262 ms
Run time division_by_zero_dace_g__veclen_8_no_cpy iter 18: 3.281 ms
Run time division_by_zero_dace_g__veclen_8_no_cpy iter 19: 3.294 ms
[can_be_applied] to if_255 is True
[can_be_applied] to if_255 is True
Changing __out = (__in1 / __in2) to have +1.7800590868057611e-307 to avoid NaN/inf floating-point exception in division!
Run time division_by_zero_dace_g__veclen_8_cpy iter 0: 3.179 ms
Run time division_by_zero_dace_g__veclen_8_cpy iter 1: 3.257 ms
Run time division_by_zero_dace_g__veclen_8_cpy iter 2: 3.204 ms
Run time division_by_zero_dace_g__veclen_8_cpy iter 3: 3.348 ms
Run time division_by_zero_dace_g__veclen_8_cpy iter 4: 3.313 ms
Run time division_by_zero_dace_g__veclen_8_cpy iter 5: 3.281 ms
Run time division_by_zero_dace_g__veclen_8_cpy iter 6: 3.339 ms
Run time division_by_zero_dace_g__veclen_8_cpy iter 7: 3.406 ms
Run time division_by_zero_dace_g__veclen_8_cpy iter 8: 3.350 ms
Run time division_by_zero_dace_g__veclen_8_cpy iter 9: 3.427 ms
Run time division_by_zero_dace_g__veclen_8_cpy iter 10: 3.423 ms
Run time division_by_zero_dace_g__veclen_8_cpy iter 11: 3.354 ms
Run time division_by_zero_dace_g__veclen_8_cpy iter 12: 3.400 ms
Run time division_by_zero_dace_g__veclen_8_cpy iter 13: 3.508 ms
Run time division_by_zero_dace_g__veclen_8_cpy iter 14: 3.289 ms
Run time division_by_zero_dace_g__veclen_8_cpy iter 15: 3.324 ms
Run time division_by_zero_dace_g__veclen_8_cpy iter 16: 3.410 ms
Run time division_by_zero_dace_g__veclen_8_cpy iter 17: 3.483 ms
Run time division_by_zero_dace_g__veclen_8_cpy iter 18: 3.317 ms
Run time division_by_zero_dace_g__veclen_8_cpy iter 19: 3.433 ms
[can_be_applied] to if_255 is True
[can_be_applied] to if_255 is True
Changing __out = (__in1 / __in2) to have +1.7800590868057611e-307 to avoid NaN/inf floating-point exception in division!
Run time division_by_zero_dace_g__veclen_16_no_cpy iter 0: 3.901 ms
Run time division_by_zero_dace_g__veclen_16_no_cpy iter 1: 3.683 ms
Run time division_by_zero_dace_g__veclen_16_no_cpy iter 2: 3.733 ms
Run time division_by_zero_dace_g__veclen_16_no_cpy iter 3: 3.704 ms
Run time division_by_zero_dace_g__veclen_16_no_cpy iter 4: 4.091 ms
Run time division_by_zero_dace_g__veclen_16_no_cpy iter 5: 3.729 ms
Run time division_by_zero_dace_g__veclen_16_no_cpy iter 6: 3.802 ms
Run time division_by_zero_dace_g__veclen_16_no_cpy iter 7: 3.987 ms
Run time division_by_zero_dace_g__veclen_16_no_cpy iter 8: 3.761 ms
Run time division_by_zero_dace_g__veclen_16_no_cpy iter 9: 3.747 ms
Run time division_by_zero_dace_g__veclen_16_no_cpy iter 10: 3.714 ms
Run time division_by_zero_dace_g__veclen_16_no_cpy iter 11: 3.712 ms
Run time division_by_zero_dace_g__veclen_16_no_cpy iter 12: 3.740 ms
Run time division_by_zero_dace_g__veclen_16_no_cpy iter 13: 3.748 ms
Run time division_by_zero_dace_g__veclen_16_no_cpy iter 14: 3.678 ms
Run time division_by_zero_dace_g__veclen_16_no_cpy iter 15: 3.661 ms
Run time division_by_zero_dace_g__veclen_16_no_cpy iter 16: 3.720 ms
Run time division_by_zero_dace_g__veclen_16_no_cpy iter 17: 3.734 ms
Run time division_by_zero_dace_g__veclen_16_no_cpy iter 18: 3.776 ms
Run time division_by_zero_dace_g__veclen_16_no_cpy iter 19: 3.705 ms
[can_be_applied] to if_255 is True
[can_be_applied] to if_255 is True
Changing __out = (__in1 / __in2) to have +1.7800590868057611e-307 to avoid NaN/inf floating-point exception in division!
Run time division_by_zero_dace_g__veclen_16_cpy iter 0: 4.576 ms
Run time division_by_zero_dace_g__veclen_16_cpy iter 1: 4.667 ms
Run time division_by_zero_dace_g__veclen_16_cpy iter 2: 4.207 ms
Run time division_by_zero_dace_g__veclen_16_cpy iter 3: 4.203 ms
Run time division_by_zero_dace_g__veclen_16_cpy iter 4: 4.220 ms
Run time division_by_zero_dace_g__veclen_16_cpy iter 5: 4.328 ms
Run time division_by_zero_dace_g__veclen_16_cpy iter 6: 4.214 ms
Run time division_by_zero_dace_g__veclen_16_cpy iter 7: 4.294 ms
Run time division_by_zero_dace_g__veclen_16_cpy iter 8: 4.289 ms
Run time division_by_zero_dace_g__veclen_16_cpy iter 9: 4.650 ms
Run time division_by_zero_dace_g__veclen_16_cpy iter 10: 4.244 ms
Run time division_by_zero_dace_g__veclen_16_cpy iter 11: 4.868 ms
Run time division_by_zero_dace_g__veclen_16_cpy iter 12: 4.612 ms
Run time division_by_zero_dace_g__veclen_16_cpy iter 13: 4.584 ms
Run time division_by_zero_dace_g__veclen_16_cpy iter 14: 4.261 ms
Run time division_by_zero_dace_g__veclen_16_cpy iter 15: 4.311 ms
Run time division_by_zero_dace_g__veclen_16_cpy iter 16: 4.219 ms
Run time division_by_zero_dace_g__veclen_16_cpy iter 17: 4.246 ms
Run time division_by_zero_dace_g__veclen_16_cpy iter 18: 4.227 ms
Run time division_by_zero_dace_g__veclen_16_cpy iter 19: 4.231 ms
[can_be_applied] to if_255 is True
[can_be_applied] to if_255 is True
Changing __out = (__in1 / __in2) to have +1.7800590868057611e-307 to avoid NaN/inf floating-point exception in division!
Run time division_by_zero_dace_g__veclen_32_no_cpy iter 0: 3.698 ms
Run time division_by_zero_dace_g__veclen_32_no_cpy iter 1: 3.668 ms
Run time division_by_zero_dace_g__veclen_32_no_cpy iter 2: 5.049 ms
Run time division_by_zero_dace_g__veclen_32_no_cpy iter 3: 3.633 ms
Run time division_by_zero_dace_g__veclen_32_no_cpy iter 4: 3.648 ms
Run time division_by_zero_dace_g__veclen_32_no_cpy iter 5: 3.624 ms
Run time division_by_zero_dace_g__veclen_32_no_cpy iter 6: 3.644 ms
Run time division_by_zero_dace_g__veclen_32_no_cpy iter 7: 3.656 ms
Run time division_by_zero_dace_g__veclen_32_no_cpy iter 8: 4.904 ms
Run time division_by_zero_dace_g__veclen_32_no_cpy iter 9: 3.649 ms
Run time division_by_zero_dace_g__veclen_32_no_cpy iter 10: 4.297 ms
Run time division_by_zero_dace_g__veclen_32_no_cpy iter 11: 3.589 ms
Run time division_by_zero_dace_g__veclen_32_no_cpy iter 12: 3.623 ms
Run time division_by_zero_dace_g__veclen_32_no_cpy iter 13: 3.627 ms
Run time division_by_zero_dace_g__veclen_32_no_cpy iter 14: 3.879 ms
Run time division_by_zero_dace_g__veclen_32_no_cpy iter 15: 3.624 ms
Run time division_by_zero_dace_g__veclen_32_no_cpy iter 16: 3.727 ms
Run time division_by_zero_dace_g__veclen_32_no_cpy iter 17: 3.605 ms
Run time division_by_zero_dace_g__veclen_32_no_cpy iter 18: 3.819 ms
Run time division_by_zero_dace_g__veclen_32_no_cpy iter 19: 3.619 ms
[can_be_applied] to if_255 is True
[can_be_applied] to if_255 is True
Changing __out = (__in1 / __in2) to have +1.7800590868057611e-307 to avoid NaN/inf floating-point exception in division!
Run time division_by_zero_dace_g__veclen_32_cpy iter 0: 6.100 ms
Run time division_by_zero_dace_g__veclen_32_cpy iter 1: 6.118 ms
Run time division_by_zero_dace_g__veclen_32_cpy iter 2: 6.202 ms
Run time division_by_zero_dace_g__veclen_32_cpy iter 3: 6.057 ms
Run time division_by_zero_dace_g__veclen_32_cpy iter 4: 6.087 ms
Run time division_by_zero_dace_g__veclen_32_cpy iter 5: 6.085 ms
Run time division_by_zero_dace_g__veclen_32_cpy iter 6: 6.056 ms
Run time division_by_zero_dace_g__veclen_32_cpy iter 7: 6.068 ms
Run time division_by_zero_dace_g__veclen_32_cpy iter 8: 6.510 ms
Run time division_by_zero_dace_g__veclen_32_cpy iter 9: 6.629 ms
Run time division_by_zero_dace_g__veclen_32_cpy iter 10: 6.304 ms
Run time division_by_zero_dace_g__veclen_32_cpy iter 11: 6.280 ms
Run time division_by_zero_dace_g__veclen_32_cpy iter 12: 6.062 ms
Run time division_by_zero_dace_g__veclen_32_cpy iter 13: 6.112 ms
Run time division_by_zero_dace_g__veclen_32_cpy iter 14: 6.038 ms
Run time division_by_zero_dace_g__veclen_32_cpy iter 15: 6.064 ms
Run time division_by_zero_dace_g__veclen_32_cpy iter 16: 6.069 ms
Run time division_by_zero_dace_g__veclen_32_cpy iter 17: 7.037 ms
Run time division_by_zero_dace_g__veclen_32_cpy iter 18: 6.145 ms
Run time division_by_zero_dace_g__veclen_32_cpy iter 19: 6.055 ms
[can_be_applied] to if_255 is True
[can_be_applied] to if_255 is True
Changing __out = (__in1 / __in2) to have +1.7800590868057611e-307 to avoid NaN/inf floating-point exception in division!
Run time division_by_zero_dace_g__veclen_64_no_cpy iter 0: 3.923 ms
Run time division_by_zero_dace_g__veclen_64_no_cpy iter 1: 3.905 ms
Run time division_by_zero_dace_g__veclen_64_no_cpy iter 2: 3.889 ms
Run time division_by_zero_dace_g__veclen_64_no_cpy iter 3: 3.921 ms
Run time division_by_zero_dace_g__veclen_64_no_cpy iter 4: 3.891 ms
Run time division_by_zero_dace_g__veclen_64_no_cpy iter 5: 4.015 ms
Run time division_by_zero_dace_g__veclen_64_no_cpy iter 6: 3.931 ms
Run time division_by_zero_dace_g__veclen_64_no_cpy iter 7: 3.888 ms
Run time division_by_zero_dace_g__veclen_64_no_cpy iter 8: 3.921 ms
Run time division_by_zero_dace_g__veclen_64_no_cpy iter 9: 4.011 ms
Run time division_by_zero_dace_g__veclen_64_no_cpy iter 10: 3.979 ms
Run time division_by_zero_dace_g__veclen_64_no_cpy iter 11: 3.882 ms
Run time division_by_zero_dace_g__veclen_64_no_cpy iter 12: 3.873 ms
Run time division_by_zero_dace_g__veclen_64_no_cpy iter 13: 4.021 ms
Run time division_by_zero_dace_g__veclen_64_no_cpy iter 14: 3.866 ms
Run time division_by_zero_dace_g__veclen_64_no_cpy iter 15: 3.891 ms
Run time division_by_zero_dace_g__veclen_64_no_cpy iter 16: 3.906 ms
Run time division_by_zero_dace_g__veclen_64_no_cpy iter 17: 3.976 ms
Run time division_by_zero_dace_g__veclen_64_no_cpy iter 18: 3.926 ms
Run time division_by_zero_dace_g__veclen_64_no_cpy iter 19: 3.880 ms
[can_be_applied] to if_255 is True
[can_be_applied] to if_255 is True
Changing __out = (__in1 / __in2) to have +1.7800590868057611e-307 to avoid NaN/inf floating-point exception in division!
Run time division_by_zero_dace_g__veclen_64_cpy iter 0: 5.335 ms
Run time division_by_zero_dace_g__veclen_64_cpy iter 1: 5.124 ms
Run time division_by_zero_dace_g__veclen_64_cpy iter 2: 5.214 ms
Run time division_by_zero_dace_g__veclen_64_cpy iter 3: 5.069 ms
Run time division_by_zero_dace_g__veclen_64_cpy iter 4: 5.113 ms
Run time division_by_zero_dace_g__veclen_64_cpy iter 5: 5.125 ms
Run time division_by_zero_dace_g__veclen_64_cpy iter 6: 5.212 ms
Run time division_by_zero_dace_g__veclen_64_cpy iter 7: 5.116 ms
Run time division_by_zero_dace_g__veclen_64_cpy iter 8: 5.262 ms
Run time division_by_zero_dace_g__veclen_64_cpy iter 9: 5.142 ms
Run time division_by_zero_dace_g__veclen_64_cpy iter 10: 5.225 ms
Run time division_by_zero_dace_g__veclen_64_cpy iter 11: 5.241 ms
Run time division_by_zero_dace_g__veclen_64_cpy iter 12: 5.102 ms
Run time division_by_zero_dace_g__veclen_64_cpy iter 13: 5.185 ms
Run time division_by_zero_dace_g__veclen_64_cpy iter 14: 5.145 ms
Run time division_by_zero_dace_g__veclen_64_cpy iter 15: 5.120 ms
Run time division_by_zero_dace_g__veclen_64_cpy iter 16: 5.109 ms
Run time division_by_zero_dace_g__veclen_64_cpy iter 17: 5.129 ms
Run time division_by_zero_dace_g__veclen_64_cpy iter 18: 5.120 ms
Run time division_by_zero_dace_g__veclen_64_cpy iter 19: 5.095 ms
Saved timing results to division_by_zero_timings__singlecore.csv
Run time division_by_zero_dace iter 0: 14.687 ms
Run time division_by_zero_dace iter 1: 14.852 ms
Run time division_by_zero_dace iter 2: 14.798 ms
Run time division_by_zero_dace iter 3: 14.846 ms
Run time division_by_zero_dace iter 4: 14.839 ms
Run time division_by_zero_dace iter 5: 14.871 ms
Run time division_by_zero_dace iter 6: 14.791 ms
Run time division_by_zero_dace iter 7: 14.863 ms
Run time division_by_zero_dace iter 8: 14.898 ms
Run time division_by_zero_dace iter 9: 14.760 ms
Run time division_by_zero_dace iter 10: 14.843 ms
Run time division_by_zero_dace iter 11: 14.959 ms
Run time division_by_zero_dace iter 12: 14.756 ms
Run time division_by_zero_dace iter 13: 14.858 ms
Run time division_by_zero_dace iter 14: 14.784 ms
Run time division_by_zero_dace iter 15: 14.774 ms
Run time division_by_zero_dace iter 16: 14.804 ms
Run time division_by_zero_dace iter 17: 14.774 ms
Run time division_by_zero_dace iter 18: 14.761 ms
Run time division_by_zero_dace iter 19: 14.789 ms
[can_be_applied] to if_255 is True
[can_be_applied] to if_255 is True
Changing __out = (__in1 / __in2) to have +1.7800590868057611e-307 to avoid NaN/inf floating-point exception in division!
Run time division_by_zero_dace_g__veclen_4_no_cpy iter 0: 6.389 ms
Run time division_by_zero_dace_g__veclen_4_no_cpy iter 1: 6.616 ms
Run time division_by_zero_dace_g__veclen_4_no_cpy iter 2: 6.609 ms
Run time division_by_zero_dace_g__veclen_4_no_cpy iter 3: 6.145 ms
Run time division_by_zero_dace_g__veclen_4_no_cpy iter 4: 6.505 ms
Run time division_by_zero_dace_g__veclen_4_no_cpy iter 5: 6.371 ms
Run time division_by_zero_dace_g__veclen_4_no_cpy iter 6: 6.457 ms
Run time division_by_zero_dace_g__veclen_4_no_cpy iter 7: 6.187 ms
Run time division_by_zero_dace_g__veclen_4_no_cpy iter 8: 6.508 ms
Run time division_by_zero_dace_g__veclen_4_no_cpy iter 9: 6.151 ms
Run time division_by_zero_dace_g__veclen_4_no_cpy iter 10: 9.633 ms
Run time division_by_zero_dace_g__veclen_4_no_cpy iter 11: 6.216 ms
Run time division_by_zero_dace_g__veclen_4_no_cpy iter 12: 6.232 ms
Run time division_by_zero_dace_g__veclen_4_no_cpy iter 13: 6.281 ms
Run time division_by_zero_dace_g__veclen_4_no_cpy iter 14: 6.912 ms
Run time division_by_zero_dace_g__veclen_4_no_cpy iter 15: 7.040 ms
Run time division_by_zero_dace_g__veclen_4_no_cpy iter 16: 7.332 ms
Run time division_by_zero_dace_g__veclen_4_no_cpy iter 17: 6.753 ms
Run time division_by_zero_dace_g__veclen_4_no_cpy iter 18: 6.796 ms
Run time division_by_zero_dace_g__veclen_4_no_cpy iter 19: 6.623 ms
[can_be_applied] to if_255 is True
[can_be_applied] to if_255 is True
Changing __out = (__in1 / __in2) to have +1.7800590868057611e-307 to avoid NaN/inf floating-point exception in division!
Run time division_by_zero_dace_g__veclen_4_cpy iter 0: 6.372 ms
Run time division_by_zero_dace_g__veclen_4_cpy iter 1: 6.810 ms
Run time division_by_zero_dace_g__veclen_4_cpy iter 2: 6.831 ms
Run time division_by_zero_dace_g__veclen_4_cpy iter 3: 6.466 ms
Run time division_by_zero_dace_g__veclen_4_cpy iter 4: 6.735 ms
Run time division_by_zero_dace_g__veclen_4_cpy iter 5: 6.816 ms
Run time division_by_zero_dace_g__veclen_4_cpy iter 6: 6.874 ms
Run time division_by_zero_dace_g__veclen_4_cpy iter 7: 6.132 ms
Run time division_by_zero_dace_g__veclen_4_cpy iter 8: 6.625 ms
Run time division_by_zero_dace_g__veclen_4_cpy iter 9: 6.406 ms
Run time division_by_zero_dace_g__veclen_4_cpy iter 10: 6.638 ms
Run time division_by_zero_dace_g__veclen_4_cpy iter 11: 6.884 ms
Run time division_by_zero_dace_g__veclen_4_cpy iter 12: 6.288 ms
Run time division_by_zero_dace_g__veclen_4_cpy iter 13: 6.756 ms
Run time division_by_zero_dace_g__veclen_4_cpy iter 14: 6.245 ms
Run time division_by_zero_dace_g__veclen_4_cpy iter 15: 6.815 ms
Run time division_by_zero_dace_g__veclen_4_cpy iter 16: 7.034 ms
Run time division_by_zero_dace_g__veclen_4_cpy iter 17: 6.390 ms
Run time division_by_zero_dace_g__veclen_4_cpy iter 18: 6.207 ms
Run time division_by_zero_dace_g__veclen_4_cpy iter 19: 6.151 ms
[can_be_applied] to if_255 is True
[can_be_applied] to if_255 is True
Changing __out = (__in1 / __in2) to have +1.7800590868057611e-307 to avoid NaN/inf floating-point exception in division!
Run time division_by_zero_dace_g__veclen_8_no_cpy iter 0: 6.315 ms
Run time division_by_zero_dace_g__veclen_8_no_cpy iter 1: 6.558 ms
Run time division_by_zero_dace_g__veclen_8_no_cpy iter 2: 6.217 ms
Run time division_by_zero_dace_g__veclen_8_no_cpy iter 3: 6.941 ms
Run time division_by_zero_dace_g__veclen_8_no_cpy iter 4: 11.452 ms
Run time division_by_zero_dace_g__veclen_8_no_cpy iter 5: 7.865 ms
Run time division_by_zero_dace_g__veclen_8_no_cpy iter 6: 6.635 ms
Run time division_by_zero_dace_g__veclen_8_no_cpy iter 7: 6.460 ms
Run time division_by_zero_dace_g__veclen_8_no_cpy iter 8: 8.915 ms
Run time division_by_zero_dace_g__veclen_8_no_cpy iter 9: 6.123 ms
Run time division_by_zero_dace_g__veclen_8_no_cpy iter 10: 6.869 ms
Run time division_by_zero_dace_g__veclen_8_no_cpy iter 11: 6.616 ms
Run time division_by_zero_dace_g__veclen_8_no_cpy iter 12: 6.153 ms
Run time division_by_zero_dace_g__veclen_8_no_cpy iter 13: 6.150 ms
Run time division_by_zero_dace_g__veclen_8_no_cpy iter 14: 6.111 ms
Run time division_by_zero_dace_g__veclen_8_no_cpy iter 15: 6.480 ms
Run time division_by_zero_dace_g__veclen_8_no_cpy iter 16: 9.009 ms
Run time division_by_zero_dace_g__veclen_8_no_cpy iter 17: 6.116 ms
Run time division_by_zero_dace_g__veclen_8_no_cpy iter 18: 6.172 ms
Run time division_by_zero_dace_g__veclen_8_no_cpy iter 19: 6.138 ms
[can_be_applied] to if_255 is True
[can_be_applied] to if_255 is True
Changing __out = (__in1 / __in2) to have +1.7800590868057611e-307 to avoid NaN/inf floating-point exception in division!
Run time division_by_zero_dace_g__veclen_8_cpy iter 0: 6.623 ms
Run time division_by_zero_dace_g__veclen_8_cpy iter 1: 6.705 ms
Run time division_by_zero_dace_g__veclen_8_cpy iter 2: 6.397 ms
Run time division_by_zero_dace_g__veclen_8_cpy iter 3: 6.292 ms
Run time division_by_zero_dace_g__veclen_8_cpy iter 4: 6.793 ms
Run time division_by_zero_dace_g__veclen_8_cpy iter 5: 6.377 ms
Run time division_by_zero_dace_g__veclen_8_cpy iter 6: 6.377 ms
Run time division_by_zero_dace_g__veclen_8_cpy iter 7: 6.382 ms
Run time division_by_zero_dace_g__veclen_8_cpy iter 8: 6.335 ms
Run time division_by_zero_dace_g__veclen_8_cpy iter 9: 6.507 ms
Run time division_by_zero_dace_g__veclen_8_cpy iter 10: 6.312 ms
Run time division_by_zero_dace_g__veclen_8_cpy iter 11: 6.449 ms
Run time division_by_zero_dace_g__veclen_8_cpy iter 12: 6.450 ms
Run time division_by_zero_dace_g__veclen_8_cpy iter 13: 6.425 ms
Run time division_by_zero_dace_g__veclen_8_cpy iter 14: 6.574 ms
Run time division_by_zero_dace_g__veclen_8_cpy iter 15: 7.948 ms
Run time division_by_zero_dace_g__veclen_8_cpy iter 16: 6.265 ms
Run time division_by_zero_dace_g__veclen_8_cpy iter 17: 6.286 ms
Run time division_by_zero_dace_g__veclen_8_cpy iter 18: 6.559 ms
Run time division_by_zero_dace_g__veclen_8_cpy iter 19: 8.484 ms
[can_be_applied] to if_255 is True
[can_be_applied] to if_255 is True
Changing __out = (__in1 / __in2) to have +1.7800590868057611e-307 to avoid NaN/inf floating-point exception in division!
Run time division_by_zero_dace_g__veclen_16_no_cpy iter 0: 7.757 ms
Run time division_by_zero_dace_g__veclen_16_no_cpy iter 1: 7.232 ms
Run time division_by_zero_dace_g__veclen_16_no_cpy iter 2: 7.528 ms
Run time division_by_zero_dace_g__veclen_16_no_cpy iter 3: 7.747 ms
Run time division_by_zero_dace_g__veclen_16_no_cpy iter 4: 7.165 ms
Run time division_by_zero_dace_g__veclen_16_no_cpy iter 5: 7.529 ms
Run time division_by_zero_dace_g__veclen_16_no_cpy iter 6: 7.384 ms
Run time division_by_zero_dace_g__veclen_16_no_cpy iter 7: 7.350 ms
Run time division_by_zero_dace_g__veclen_16_no_cpy iter 8: 7.329 ms
Run time division_by_zero_dace_g__veclen_16_no_cpy iter 9: 7.482 ms
Run time division_by_zero_dace_g__veclen_16_no_cpy iter 10: 8.270 ms
Run time division_by_zero_dace_g__veclen_16_no_cpy iter 11: 8.942 ms
Run time division_by_zero_dace_g__veclen_16_no_cpy iter 12: 7.302 ms
Run time division_by_zero_dace_g__veclen_16_no_cpy iter 13: 7.192 ms
Run time division_by_zero_dace_g__veclen_16_no_cpy iter 14: 9.775 ms
Run time division_by_zero_dace_g__veclen_16_no_cpy iter 15: 7.745 ms
Run time division_by_zero_dace_g__veclen_16_no_cpy iter 16: 9.662 ms
Run time division_by_zero_dace_g__veclen_16_no_cpy iter 17: 7.536 ms
Run time division_by_zero_dace_g__veclen_16_no_cpy iter 18: 7.518 ms
Run time division_by_zero_dace_g__veclen_16_no_cpy iter 19: 8.379 ms
[can_be_applied] to if_255 is True
[can_be_applied] to if_255 is True
Changing __out = (__in1 / __in2) to have +1.7800590868057611e-307 to avoid NaN/inf floating-point exception in division!
Run time division_by_zero_dace_g__veclen_16_cpy iter 0: 8.415 ms
Run time division_by_zero_dace_g__veclen_16_cpy iter 1: 8.694 ms
Run time division_by_zero_dace_g__veclen_16_cpy iter 2: 8.513 ms
Run time division_by_zero_dace_g__veclen_16_cpy iter 3: 8.938 ms
Run time division_by_zero_dace_g__veclen_16_cpy iter 4: 8.556 ms
Run time division_by_zero_dace_g__veclen_16_cpy iter 5: 8.778 ms
Run time division_by_zero_dace_g__veclen_16_cpy iter 6: 9.301 ms
Run time division_by_zero_dace_g__veclen_16_cpy iter 7: 8.493 ms
Run time division_by_zero_dace_g__veclen_16_cpy iter 8: 8.836 ms
Run time division_by_zero_dace_g__veclen_16_cpy iter 9: 9.023 ms
Run time division_by_zero_dace_g__veclen_16_cpy iter 10: 8.611 ms
Run time division_by_zero_dace_g__veclen_16_cpy iter 11: 8.713 ms
Run time division_by_zero_dace_g__veclen_16_cpy iter 12: 8.534 ms
Run time division_by_zero_dace_g__veclen_16_cpy iter 13: 8.464 ms
Run time division_by_zero_dace_g__veclen_16_cpy iter 14: 8.695 ms
Run time division_by_zero_dace_g__veclen_16_cpy iter 15: 8.565 ms
Run time division_by_zero_dace_g__veclen_16_cpy iter 16: 8.556 ms
Run time division_by_zero_dace_g__veclen_16_cpy iter 17: 8.433 ms
Run time division_by_zero_dace_g__veclen_16_cpy iter 18: 8.749 ms
Run time division_by_zero_dace_g__veclen_16_cpy iter 19: 8.696 ms
[can_be_applied] to if_255 is True
[can_be_applied] to if_255 is True
Changing __out = (__in1 / __in2) to have +1.7800590868057611e-307 to avoid NaN/inf floating-point exception in division!
Run time division_by_zero_dace_g__veclen_32_no_cpy iter 0: 7.242 ms
Run time division_by_zero_dace_g__veclen_32_no_cpy iter 1: 7.745 ms
Run time division_by_zero_dace_g__veclen_32_no_cpy iter 2: 7.264 ms
Run time division_by_zero_dace_g__veclen_32_no_cpy iter 3: 7.482 ms
Run time division_by_zero_dace_g__veclen_32_no_cpy iter 4: 7.550 ms
Run time division_by_zero_dace_g__veclen_32_no_cpy iter 5: 7.554 ms
Run time division_by_zero_dace_g__veclen_32_no_cpy iter 6: 7.225 ms
Run time division_by_zero_dace_g__veclen_32_no_cpy iter 7: 7.596 ms
Run time division_by_zero_dace_g__veclen_32_no_cpy iter 8: 7.466 ms
Run time division_by_zero_dace_g__veclen_32_no_cpy iter 9: 7.647 ms
Run time division_by_zero_dace_g__veclen_32_no_cpy iter 10: 7.340 ms
Run time division_by_zero_dace_g__veclen_32_no_cpy iter 11: 7.553 ms
Run time division_by_zero_dace_g__veclen_32_no_cpy iter 12: 7.569 ms
Run time division_by_zero_dace_g__veclen_32_no_cpy iter 13: 7.936 ms
Run time division_by_zero_dace_g__veclen_32_no_cpy iter 14: 7.210 ms
Run time division_by_zero_dace_g__veclen_32_no_cpy iter 15: 7.497 ms
Run time division_by_zero_dace_g__veclen_32_no_cpy iter 16: 7.351 ms
Run time division_by_zero_dace_g__veclen_32_no_cpy iter 17: 7.207 ms
Run time division_by_zero_dace_g__veclen_32_no_cpy iter 18: 7.464 ms
Run time division_by_zero_dace_g__veclen_32_no_cpy iter 19: 7.171 ms
[can_be_applied] to if_255 is True
[can_be_applied] to if_255 is True
Changing __out = (__in1 / __in2) to have +1.7800590868057611e-307 to avoid NaN/inf floating-point exception in division!
Run time division_by_zero_dace_g__veclen_32_cpy iter 0: 12.070 ms
Run time division_by_zero_dace_g__veclen_32_cpy iter 1: 12.382 ms
Run time division_by_zero_dace_g__veclen_32_cpy iter 2: 11.894 ms
Run time division_by_zero_dace_g__veclen_32_cpy iter 3: 12.102 ms
Run time division_by_zero_dace_g__veclen_32_cpy iter 4: 11.843 ms
Run time division_by_zero_dace_g__veclen_32_cpy iter 5: 12.190 ms
Run time division_by_zero_dace_g__veclen_32_cpy iter 6: 12.429 ms
Run time division_by_zero_dace_g__veclen_32_cpy iter 7: 11.998 ms
Run time division_by_zero_dace_g__veclen_32_cpy iter 8: 12.279 ms
Run time division_by_zero_dace_g__veclen_32_cpy iter 9: 12.045 ms
Run time division_by_zero_dace_g__veclen_32_cpy iter 10: 12.289 ms
Run time division_by_zero_dace_g__veclen_32_cpy iter 11: 12.609 ms
Run time division_by_zero_dace_g__veclen_32_cpy iter 12: 12.320 ms
Run time division_by_zero_dace_g__veclen_32_cpy iter 13: 12.185 ms
Run time division_by_zero_dace_g__veclen_32_cpy iter 14: 12.114 ms
Run time division_by_zero_dace_g__veclen_32_cpy iter 15: 12.183 ms
Run time division_by_zero_dace_g__veclen_32_cpy iter 16: 11.923 ms
Run time division_by_zero_dace_g__veclen_32_cpy iter 17: 12.206 ms
Run time division_by_zero_dace_g__veclen_32_cpy iter 18: 11.989 ms
Run time division_by_zero_dace_g__veclen_32_cpy iter 19: 12.338 ms
[can_be_applied] to if_255 is True
[can_be_applied] to if_255 is True
Changing __out = (__in1 / __in2) to have +1.7800590868057611e-307 to avoid NaN/inf floating-point exception in division!
Run time division_by_zero_dace_g__veclen_64_no_cpy iter 0: 8.044 ms
Run time division_by_zero_dace_g__veclen_64_no_cpy iter 1: 8.347 ms
Run time division_by_zero_dace_g__veclen_64_no_cpy iter 2: 8.063 ms
Run time division_by_zero_dace_g__veclen_64_no_cpy iter 3: 8.256 ms
Run time division_by_zero_dace_g__veclen_64_no_cpy iter 4: 8.093 ms
Run time division_by_zero_dace_g__veclen_64_no_cpy iter 5: 8.062 ms
Run time division_by_zero_dace_g__veclen_64_no_cpy iter 6: 8.005 ms
Run time division_by_zero_dace_g__veclen_64_no_cpy iter 7: 8.228 ms
Run time division_by_zero_dace_g__veclen_64_no_cpy iter 8: 8.358 ms
Run time division_by_zero_dace_g__veclen_64_no_cpy iter 9: 8.359 ms
Run time division_by_zero_dace_g__veclen_64_no_cpy iter 10: 8.064 ms
Run time division_by_zero_dace_g__veclen_64_no_cpy iter 11: 8.952 ms
Run time division_by_zero_dace_g__veclen_64_no_cpy iter 12: 8.135 ms
Run time division_by_zero_dace_g__veclen_64_no_cpy iter 13: 8.056 ms
Run time division_by_zero_dace_g__veclen_64_no_cpy iter 14: 8.352 ms
Run time division_by_zero_dace_g__veclen_64_no_cpy iter 15: 8.259 ms
Run time division_by_zero_dace_g__veclen_64_no_cpy iter 16: 8.354 ms
Run time division_by_zero_dace_g__veclen_64_no_cpy iter 17: 8.321 ms
Run time division_by_zero_dace_g__veclen_64_no_cpy iter 18: 8.051 ms
Run time division_by_zero_dace_g__veclen_64_no_cpy iter 19: 8.713 ms
[can_be_applied] to if_255 is True
[can_be_applied] to if_255 is True
Changing __out = (__in1 / __in2) to have +1.7800590868057611e-307 to avoid NaN/inf floating-point exception in division!
Run time division_by_zero_dace_g__veclen_64_cpy iter 0: 10.387 ms
Run time division_by_zero_dace_g__veclen_64_cpy iter 1: 10.432 ms
Run time division_by_zero_dace_g__veclen_64_cpy iter 2: 10.665 ms
Run time division_by_zero_dace_g__veclen_64_cpy iter 3: 10.299 ms
Run time division_by_zero_dace_g__veclen_64_cpy iter 4: 10.441 ms
Run time division_by_zero_dace_g__veclen_64_cpy iter 5: 10.618 ms
Run time division_by_zero_dace_g__veclen_64_cpy iter 6: 10.650 ms
Run time division_by_zero_dace_g__veclen_64_cpy iter 7: 10.584 ms
Run time division_by_zero_dace_g__veclen_64_cpy iter 8: 10.227 ms
Run time division_by_zero_dace_g__veclen_64_cpy iter 9: 10.493 ms
Run time division_by_zero_dace_g__veclen_64_cpy iter 10: 10.367 ms
Run time division_by_zero_dace_g__veclen_64_cpy iter 11: 10.452 ms
Run time division_by_zero_dace_g__veclen_64_cpy iter 12: 10.648 ms
Run time division_by_zero_dace_g__veclen_64_cpy iter 13: 10.316 ms
Run time division_by_zero_dace_g__veclen_64_cpy iter 14: 10.542 ms
Run time division_by_zero_dace_g__veclen_64_cpy iter 15: 10.516 ms
Run time division_by_zero_dace_g__veclen_64_cpy iter 16: 10.587 ms
Run time division_by_zero_dace_g__veclen_64_cpy iter 17: 10.484 ms
Run time division_by_zero_dace_g__veclen_64_cpy iter 18: 10.231 ms
Run time division_by_zero_dace_g__veclen_64_cpy iter 19: 10.471 ms
Saved timing results to division_by_zero_timings__singlecore.csv
Run time division_by_zero_dace iter 0: 29.366 ms
Run time division_by_zero_dace iter 1: 29.539 ms
Run time division_by_zero_dace iter 2: 29.580 ms
Run time division_by_zero_dace iter 3: 29.532 ms
Run time division_by_zero_dace iter 4: 29.496 ms
Run time division_by_zero_dace iter 5: 29.520 ms
Run time division_by_zero_dace iter 6: 29.591 ms
Run time division_by_zero_dace iter 7: 29.511 ms
Run time division_by_zero_dace iter 8: 29.504 ms
Run time division_by_zero_dace iter 9: 29.541 ms
Run time division_by_zero_dace iter 10: 29.491 ms
Run time division_by_zero_dace iter 11: 29.728 ms
Run time division_by_zero_dace iter 12: 29.890 ms
Run time division_by_zero_dace iter 13: 29.545 ms
Run time division_by_zero_dace iter 14: 29.460 ms
Run time division_by_zero_dace iter 15: 29.523 ms
Run time division_by_zero_dace iter 16: 29.574 ms
Run time division_by_zero_dace iter 17: 29.545 ms
Run time division_by_zero_dace iter 18: 29.579 ms
Run time division_by_zero_dace iter 19: 29.613 ms
[can_be_applied] to if_255 is True
[can_be_applied] to if_255 is True
Changing __out = (__in1 / __in2) to have +1.7800590868057611e-307 to avoid NaN/inf floating-point exception in division!
Run time division_by_zero_dace_g__veclen_4_no_cpy iter 0: 12.319 ms
Run time division_by_zero_dace_g__veclen_4_no_cpy iter 1: 13.608 ms
Run time division_by_zero_dace_g__veclen_4_no_cpy iter 2: 12.918 ms
Run time division_by_zero_dace_g__veclen_4_no_cpy iter 3: 13.017 ms
Run time division_by_zero_dace_g__veclen_4_no_cpy iter 4: 12.822 ms
Run time division_by_zero_dace_g__veclen_4_no_cpy iter 5: 12.311 ms
Run time division_by_zero_dace_g__veclen_4_no_cpy iter 6: 12.827 ms
Run time division_by_zero_dace_g__veclen_4_no_cpy iter 7: 12.926 ms
Run time division_by_zero_dace_g__veclen_4_no_cpy iter 8: 12.819 ms
Run time division_by_zero_dace_g__veclen_4_no_cpy iter 9: 12.888 ms
Run time division_by_zero_dace_g__veclen_4_no_cpy iter 10: 12.251 ms
Run time division_by_zero_dace_g__veclen_4_no_cpy iter 11: 13.032 ms
Run time division_by_zero_dace_g__veclen_4_no_cpy iter 12: 12.443 ms
Run time division_by_zero_dace_g__veclen_4_no_cpy iter 13: 12.904 ms
Run time division_by_zero_dace_g__veclen_4_no_cpy iter 14: 12.435 ms
Run time division_by_zero_dace_g__veclen_4_no_cpy iter 15: 14.452 ms
Run time division_by_zero_dace_g__veclen_4_no_cpy iter 16: 14.007 ms
Run time division_by_zero_dace_g__veclen_4_no_cpy iter 17: 12.960 ms
Run time division_by_zero_dace_g__veclen_4_no_cpy iter 18: 12.211 ms
Run time division_by_zero_dace_g__veclen_4_no_cpy iter 19: 12.903 ms
[can_be_applied] to if_255 is True
[can_be_applied] to if_255 is True
Changing __out = (__in1 / __in2) to have +1.7800590868057611e-307 to avoid NaN/inf floating-point exception in division!
Run time division_by_zero_dace_g__veclen_4_cpy iter 0: 12.963 ms
Run time division_by_zero_dace_g__veclen_4_cpy iter 1: 12.260 ms
Run time division_by_zero_dace_g__veclen_4_cpy iter 2: 16.848 ms
Run time division_by_zero_dace_g__veclen_4_cpy iter 3: 12.241 ms
Run time division_by_zero_dace_g__veclen_4_cpy iter 4: 12.410 ms
Run time division_by_zero_dace_g__veclen_4_cpy iter 5: 12.960 ms
Run time division_by_zero_dace_g__veclen_4_cpy iter 6: 15.781 ms
Run time division_by_zero_dace_g__veclen_4_cpy iter 7: 12.884 ms
Run time division_by_zero_dace_g__veclen_4_cpy iter 8: 12.832 ms
Run time division_by_zero_dace_g__veclen_4_cpy iter 9: 12.348 ms
Run time division_by_zero_dace_g__veclen_4_cpy iter 10: 12.811 ms
Run time division_by_zero_dace_g__veclen_4_cpy iter 11: 12.285 ms
Run time division_by_zero_dace_g__veclen_4_cpy iter 12: 12.914 ms
Run time division_by_zero_dace_g__veclen_4_cpy iter 13: 13.198 ms
Run time division_by_zero_dace_g__veclen_4_cpy iter 14: 12.955 ms
Run time division_by_zero_dace_g__veclen_4_cpy iter 15: 12.845 ms
Run time division_by_zero_dace_g__veclen_4_cpy iter 16: 12.733 ms
Run time division_by_zero_dace_g__veclen_4_cpy iter 17: 12.866 ms
Run time division_by_zero_dace_g__veclen_4_cpy iter 18: 12.425 ms
Run time division_by_zero_dace_g__veclen_4_cpy iter 19: 12.787 ms
[can_be_applied] to if_255 is True
[can_be_applied] to if_255 is True
Changing __out = (__in1 / __in2) to have +1.7800590868057611e-307 to avoid NaN/inf floating-point exception in division!
Run time division_by_zero_dace_g__veclen_8_no_cpy iter 0: 14.237 ms
Run time division_by_zero_dace_g__veclen_8_no_cpy iter 1: 18.696 ms
Run time division_by_zero_dace_g__veclen_8_no_cpy iter 2: 12.877 ms
Run time division_by_zero_dace_g__veclen_8_no_cpy iter 3: 12.850 ms
Run time division_by_zero_dace_g__veclen_8_no_cpy iter 4: 12.296 ms
Run time division_by_zero_dace_g__veclen_8_no_cpy iter 5: 12.634 ms
Run time division_by_zero_dace_g__veclen_8_no_cpy iter 6: 15.748 ms
Run time division_by_zero_dace_g__veclen_8_no_cpy iter 7: 12.303 ms
Run time division_by_zero_dace_g__veclen_8_no_cpy iter 8: 12.742 ms
Run time division_by_zero_dace_g__veclen_8_no_cpy iter 9: 13.141 ms
Run time division_by_zero_dace_g__veclen_8_no_cpy iter 10: 12.204 ms
Run time division_by_zero_dace_g__veclen_8_no_cpy iter 11: 12.497 ms
Run time division_by_zero_dace_g__veclen_8_no_cpy iter 12: 13.052 ms
Run time division_by_zero_dace_g__veclen_8_no_cpy iter 13: 12.499 ms
Run time division_by_zero_dace_g__veclen_8_no_cpy iter 14: 13.028 ms
Run time division_by_zero_dace_g__veclen_8_no_cpy iter 15: 12.990 ms
Run time division_by_zero_dace_g__veclen_8_no_cpy iter 16: 12.838 ms
Run time division_by_zero_dace_g__veclen_8_no_cpy iter 17: 12.506 ms
Run time division_by_zero_dace_g__veclen_8_no_cpy iter 18: 12.807 ms
Run time division_by_zero_dace_g__veclen_8_no_cpy iter 19: 13.002 ms
[can_be_applied] to if_255 is True
[can_be_applied] to if_255 is True
Changing __out = (__in1 / __in2) to have +1.7800590868057611e-307 to avoid NaN/inf floating-point exception in division!
Run time division_by_zero_dace_g__veclen_8_cpy iter 0: 12.574 ms
Run time division_by_zero_dace_g__veclen_8_cpy iter 1: 12.547 ms
Run time division_by_zero_dace_g__veclen_8_cpy iter 2: 17.247 ms
Run time division_by_zero_dace_g__veclen_8_cpy iter 3: 12.668 ms
Run time division_by_zero_dace_g__veclen_8_cpy iter 4: 17.201 ms
Run time division_by_zero_dace_g__veclen_8_cpy iter 5: 16.663 ms
Run time division_by_zero_dace_g__veclen_8_cpy iter 6: 14.563 ms
Run time division_by_zero_dace_g__veclen_8_cpy iter 7: 19.416 ms
Run time division_by_zero_dace_g__veclen_8_cpy iter 8: 12.932 ms
Run time division_by_zero_dace_g__veclen_8_cpy iter 9: 12.840 ms
Run time division_by_zero_dace_g__veclen_8_cpy iter 10: 12.866 ms
Run time division_by_zero_dace_g__veclen_8_cpy iter 11: 12.871 ms
Run time division_by_zero_dace_g__veclen_8_cpy iter 12: 20.731 ms
Run time division_by_zero_dace_g__veclen_8_cpy iter 13: 13.212 ms
Run time division_by_zero_dace_g__veclen_8_cpy iter 14: 12.899 ms
Run time division_by_zero_dace_g__veclen_8_cpy iter 15: 13.256 ms
Run time division_by_zero_dace_g__veclen_8_cpy iter 16: 12.542 ms
Run time division_by_zero_dace_g__veclen_8_cpy iter 17: 12.903 ms
Run time division_by_zero_dace_g__veclen_8_cpy iter 18: 12.869 ms
Run time division_by_zero_dace_g__veclen_8_cpy iter 19: 13.025 ms
[can_be_applied] to if_255 is True
[can_be_applied] to if_255 is True
Changing __out = (__in1 / __in2) to have +1.7800590868057611e-307 to avoid NaN/inf floating-point exception in division!
Run time division_by_zero_dace_g__veclen_16_no_cpy iter 0: 16.662 ms
Run time division_by_zero_dace_g__veclen_16_no_cpy iter 1: 20.783 ms
Run time division_by_zero_dace_g__veclen_16_no_cpy iter 2: 15.143 ms
Run time division_by_zero_dace_g__veclen_16_no_cpy iter 3: 19.831 ms
Run time division_by_zero_dace_g__veclen_16_no_cpy iter 4: 14.474 ms
Run time division_by_zero_dace_g__veclen_16_no_cpy iter 5: 14.530 ms
Run time division_by_zero_dace_g__veclen_16_no_cpy iter 6: 14.917 ms
Run time division_by_zero_dace_g__veclen_16_no_cpy iter 7: 15.159 ms
Run time division_by_zero_dace_g__veclen_16_no_cpy iter 8: 14.879 ms
Run time division_by_zero_dace_g__veclen_16_no_cpy iter 9: 14.803 ms
Run time division_by_zero_dace_g__veclen_16_no_cpy iter 10: 14.525 ms
Run time division_by_zero_dace_g__veclen_16_no_cpy iter 11: 14.614 ms
Run time division_by_zero_dace_g__veclen_16_no_cpy iter 12: 14.818 ms
Run time division_by_zero_dace_g__veclen_16_no_cpy iter 13: 14.422 ms
Run time division_by_zero_dace_g__veclen_16_no_cpy iter 14: 14.637 ms
Run time division_by_zero_dace_g__veclen_16_no_cpy iter 15: 14.868 ms
Run time division_by_zero_dace_g__veclen_16_no_cpy iter 16: 14.511 ms
Run time division_by_zero_dace_g__veclen_16_no_cpy iter 17: 15.163 ms
Run time division_by_zero_dace_g__veclen_16_no_cpy iter 18: 14.508 ms
Run time division_by_zero_dace_g__veclen_16_no_cpy iter 19: 14.812 ms
[can_be_applied] to if_255 is True
[can_be_applied] to if_255 is True
Changing __out = (__in1 / __in2) to have +1.7800590868057611e-307 to avoid NaN/inf floating-point exception in division!
Run time division_by_zero_dace_g__veclen_16_cpy iter 0: 17.293 ms
Run time division_by_zero_dace_g__veclen_16_cpy iter 1: 17.120 ms
Run time division_by_zero_dace_g__veclen_16_cpy iter 2: 17.275 ms
Run time division_by_zero_dace_g__veclen_16_cpy iter 3: 17.319 ms
Run time division_by_zero_dace_g__veclen_16_cpy iter 4: 20.556 ms
Run time division_by_zero_dace_g__veclen_16_cpy iter 5: 17.158 ms
Run time division_by_zero_dace_g__veclen_16_cpy iter 6: 23.930 ms
Run time division_by_zero_dace_g__veclen_16_cpy iter 7: 18.341 ms
Run time division_by_zero_dace_g__veclen_16_cpy iter 8: 18.900 ms
Run time division_by_zero_dace_g__veclen_16_cpy iter 9: 19.309 ms
Run time division_by_zero_dace_g__veclen_16_cpy iter 10: 20.439 ms
Run time division_by_zero_dace_g__veclen_16_cpy iter 11: 19.565 ms
Run time division_by_zero_dace_g__veclen_16_cpy iter 12: 20.430 ms
Run time division_by_zero_dace_g__veclen_16_cpy iter 13: 17.195 ms
Run time division_by_zero_dace_g__veclen_16_cpy iter 14: 16.995 ms
Run time division_by_zero_dace_g__veclen_16_cpy iter 15: 17.797 ms
Run time division_by_zero_dace_g__veclen_16_cpy iter 16: 20.793 ms
Run time division_by_zero_dace_g__veclen_16_cpy iter 17: 18.844 ms
Run time division_by_zero_dace_g__veclen_16_cpy iter 18: 16.990 ms
Run time division_by_zero_dace_g__veclen_16_cpy iter 19: 17.178 ms
[can_be_applied] to if_255 is True
[can_be_applied] to if_255 is True
Changing __out = (__in1 / __in2) to have +1.7800590868057611e-307 to avoid NaN/inf floating-point exception in division!
Run time division_by_zero_dace_g__veclen_32_no_cpy iter 0: 15.338 ms
Run time division_by_zero_dace_g__veclen_32_no_cpy iter 1: 14.919 ms
Run time division_by_zero_dace_g__veclen_32_no_cpy iter 2: 14.634 ms
Run time division_by_zero_dace_g__veclen_32_no_cpy iter 3: 14.905 ms
Run time division_by_zero_dace_g__veclen_32_no_cpy iter 4: 14.832 ms
Run time division_by_zero_dace_g__veclen_32_no_cpy iter 5: 14.596 ms
Run time division_by_zero_dace_g__veclen_32_no_cpy iter 6: 15.086 ms
Run time division_by_zero_dace_g__veclen_32_no_cpy iter 7: 16.784 ms
Run time division_by_zero_dace_g__veclen_32_no_cpy iter 8: 15.090 ms
Run time division_by_zero_dace_g__veclen_32_no_cpy iter 9: 14.684 ms
Run time division_by_zero_dace_g__veclen_32_no_cpy iter 10: 20.246 ms
Run time division_by_zero_dace_g__veclen_32_no_cpy iter 11: 14.739 ms
Run time division_by_zero_dace_g__veclen_32_no_cpy iter 12: 17.524 ms
Run time division_by_zero_dace_g__veclen_32_no_cpy iter 13: 20.164 ms
Run time division_by_zero_dace_g__veclen_32_no_cpy iter 14: 16.880 ms
Run time division_by_zero_dace_g__veclen_32_no_cpy iter 15: 16.029 ms
Run time division_by_zero_dace_g__veclen_32_no_cpy iter 16: 18.733 ms
Run time division_by_zero_dace_g__veclen_32_no_cpy iter 17: 14.537 ms
Run time division_by_zero_dace_g__veclen_32_no_cpy iter 18: 14.499 ms
Run time division_by_zero_dace_g__veclen_32_no_cpy iter 19: 14.535 ms
[can_be_applied] to if_255 is True
[can_be_applied] to if_255 is True
Changing __out = (__in1 / __in2) to have +1.7800590868057611e-307 to avoid NaN/inf floating-point exception in division!
Run time division_by_zero_dace_g__veclen_32_cpy iter 0: 24.587 ms
Run time division_by_zero_dace_g__veclen_32_cpy iter 1: 24.558 ms
Run time division_by_zero_dace_g__veclen_32_cpy iter 2: 24.684 ms
Run time division_by_zero_dace_g__veclen_32_cpy iter 3: 24.288 ms
Run time division_by_zero_dace_g__veclen_32_cpy iter 4: 24.511 ms
Run time division_by_zero_dace_g__veclen_32_cpy iter 5: 27.278 ms
Run time division_by_zero_dace_g__veclen_32_cpy iter 6: 24.580 ms
Run time division_by_zero_dace_g__veclen_32_cpy iter 7: 27.456 ms
Run time division_by_zero_dace_g__veclen_32_cpy iter 8: 25.806 ms
Run time division_by_zero_dace_g__veclen_32_cpy iter 9: 24.305 ms
Run time division_by_zero_dace_g__veclen_32_cpy iter 10: 27.313 ms
Run time division_by_zero_dace_g__veclen_32_cpy iter 11: 26.326 ms
Run time division_by_zero_dace_g__veclen_32_cpy iter 12: 29.166 ms
Run time division_by_zero_dace_g__veclen_32_cpy iter 13: 29.360 ms
Run time division_by_zero_dace_g__veclen_32_cpy iter 14: 27.530 ms
Run time division_by_zero_dace_g__veclen_32_cpy iter 15: 30.141 ms
Run time division_by_zero_dace_g__veclen_32_cpy iter 16: 24.307 ms
Run time division_by_zero_dace_g__veclen_32_cpy iter 17: 24.298 ms
Run time division_by_zero_dace_g__veclen_32_cpy iter 18: 24.212 ms
Run time division_by_zero_dace_g__veclen_32_cpy iter 19: 24.390 ms
[can_be_applied] to if_255 is True
[can_be_applied] to if_255 is True
Changing __out = (__in1 / __in2) to have +1.7800590868057611e-307 to avoid NaN/inf floating-point exception in division!
Run time division_by_zero_dace_g__veclen_64_no_cpy iter 0: 16.119 ms
Run time division_by_zero_dace_g__veclen_64_no_cpy iter 1: 16.422 ms
Run time division_by_zero_dace_g__veclen_64_no_cpy iter 2: 16.136 ms
Run time division_by_zero_dace_g__veclen_64_no_cpy iter 3: 16.828 ms
Run time division_by_zero_dace_g__veclen_64_no_cpy iter 4: 16.363 ms
Run time division_by_zero_dace_g__veclen_64_no_cpy iter 5: 16.278 ms
Run time division_by_zero_dace_g__veclen_64_no_cpy iter 6: 16.562 ms
Run time division_by_zero_dace_g__veclen_64_no_cpy iter 7: 16.166 ms
Run time division_by_zero_dace_g__veclen_64_no_cpy iter 8: 16.293 ms
Run time division_by_zero_dace_g__veclen_64_no_cpy iter 9: 17.005 ms
Run time division_by_zero_dace_g__veclen_64_no_cpy iter 10: 20.955 ms
Run time division_by_zero_dace_g__veclen_64_no_cpy iter 11: 16.395 ms
Run time division_by_zero_dace_g__veclen_64_no_cpy iter 12: 16.255 ms
Run time division_by_zero_dace_g__veclen_64_no_cpy iter 13: 16.202 ms
Run time division_by_zero_dace_g__veclen_64_no_cpy iter 14: 16.498 ms
Run time division_by_zero_dace_g__veclen_64_no_cpy iter 15: 16.513 ms
Run time division_by_zero_dace_g__veclen_64_no_cpy iter 16: 16.257 ms
Run time division_by_zero_dace_g__veclen_64_no_cpy iter 17: 16.196 ms
Run time division_by_zero_dace_g__veclen_64_no_cpy iter 18: 16.302 ms
Run time division_by_zero_dace_g__veclen_64_no_cpy iter 19: 16.204 ms
[can_be_applied] to if_255 is True
[can_be_applied] to if_255 is True
Changing __out = (__in1 / __in2) to have +1.7800590868057611e-307 to avoid NaN/inf floating-point exception in division!
Run time division_by_zero_dace_g__veclen_64_cpy iter 0: 21.547 ms
Run time division_by_zero_dace_g__veclen_64_cpy iter 1: 21.436 ms
Run time division_by_zero_dace_g__veclen_64_cpy iter 2: 21.251 ms
Run time division_by_zero_dace_g__veclen_64_cpy iter 3: 21.881 ms
Run time division_by_zero_dace_g__veclen_64_cpy iter 4: 21.265 ms
Run time division_by_zero_dace_g__veclen_64_cpy iter 5: 21.355 ms
Run time division_by_zero_dace_g__veclen_64_cpy iter 6: 21.044 ms
Run time division_by_zero_dace_g__veclen_64_cpy iter 7: 21.229 ms
Run time division_by_zero_dace_g__veclen_64_cpy iter 8: 21.000 ms
Run time division_by_zero_dace_g__veclen_64_cpy iter 9: 21.309 ms
Run time division_by_zero_dace_g__veclen_64_cpy iter 10: 21.422 ms
Run time division_by_zero_dace_g__veclen_64_cpy iter 11: 21.569 ms
Run time division_by_zero_dace_g__veclen_64_cpy iter 12: 21.366 ms
Run time division_by_zero_dace_g__veclen_64_cpy iter 13: 21.488 ms
Run time division_by_zero_dace_g__veclen_64_cpy iter 14: 21.541 ms
Run time division_by_zero_dace_g__veclen_64_cpy iter 15: 24.016 ms
Run time division_by_zero_dace_g__veclen_64_cpy iter 16: 21.140 ms
Run time division_by_zero_dace_g__veclen_64_cpy iter 17: 25.132 ms
Run time division_by_zero_dace_g__veclen_64_cpy iter 18: 21.217 ms
Run time division_by_zero_dace_g__veclen_64_cpy iter 19: 21.943 ms
Saved timing results to division_by_zero_timings__singlecore.csv
Run time division_by_zero_dace iter 0: 59.459 ms
Run time division_by_zero_dace iter 1: 59.497 ms
Run time division_by_zero_dace iter 2: 59.711 ms
Run time division_by_zero_dace iter 3: 59.798 ms
Run time division_by_zero_dace iter 4: 59.475 ms
Run time division_by_zero_dace iter 5: 60.365 ms
Run time division_by_zero_dace iter 6: 59.383 ms
Run time division_by_zero_dace iter 7: 59.385 ms
Run time division_by_zero_dace iter 8: 59.273 ms
Run time division_by_zero_dace iter 9: 59.423 ms
Run time division_by_zero_dace iter 10: 59.483 ms
Run time division_by_zero_dace iter 11: 59.556 ms
Run time division_by_zero_dace iter 12: 59.898 ms
Run time division_by_zero_dace iter 13: 59.928 ms
Run time division_by_zero_dace iter 14: 59.478 ms
Run time division_by_zero_dace iter 15: 59.307 ms
Run time division_by_zero_dace iter 16: 59.665 ms
Run time division_by_zero_dace iter 17: 59.326 ms
Run time division_by_zero_dace iter 18: 59.539 ms
Run time division_by_zero_dace iter 19: 59.423 ms
[can_be_applied] to if_255 is True
[can_be_applied] to if_255 is True
Changing __out = (__in1 / __in2) to have +1.7800590868057611e-307 to avoid NaN/inf floating-point exception in division!
Run time division_by_zero_dace_g__veclen_4_no_cpy iter 0: 26.847 ms
Run time division_by_zero_dace_g__veclen_4_no_cpy iter 1: 27.145 ms
Run time division_by_zero_dace_g__veclen_4_no_cpy iter 2: 26.387 ms
Run time division_by_zero_dace_g__veclen_4_no_cpy iter 3: 28.025 ms
Run time division_by_zero_dace_g__veclen_4_no_cpy iter 4: 40.987 ms
Run time division_by_zero_dace_g__veclen_4_no_cpy iter 5: 28.800 ms
Run time division_by_zero_dace_g__veclen_4_no_cpy iter 6: 27.314 ms
Run time division_by_zero_dace_g__veclen_4_no_cpy iter 7: 25.677 ms
Run time division_by_zero_dace_g__veclen_4_no_cpy iter 8: 24.829 ms
Run time division_by_zero_dace_g__veclen_4_no_cpy iter 9: 25.063 ms
Run time division_by_zero_dace_g__veclen_4_no_cpy iter 10: 25.396 ms
Run time division_by_zero_dace_g__veclen_4_no_cpy iter 11: 25.148 ms
Run time division_by_zero_dace_g__veclen_4_no_cpy iter 12: 25.298 ms
Run time division_by_zero_dace_g__veclen_4_no_cpy iter 13: 25.271 ms
Run time division_by_zero_dace_g__veclen_4_no_cpy iter 14: 26.894 ms
Run time division_by_zero_dace_g__veclen_4_no_cpy iter 15: 25.468 ms
Run time division_by_zero_dace_g__veclen_4_no_cpy iter 16: 25.556 ms
Run time division_by_zero_dace_g__veclen_4_no_cpy iter 17: 24.777 ms
Run time division_by_zero_dace_g__veclen_4_no_cpy iter 18: 25.745 ms
Run time division_by_zero_dace_g__veclen_4_no_cpy iter 19: 24.748 ms
[can_be_applied] to if_255 is True
[can_be_applied] to if_255 is True
Changing __out = (__in1 / __in2) to have +1.7800590868057611e-307 to avoid NaN/inf floating-point exception in division!
Run time division_by_zero_dace_g__veclen_4_cpy iter 0: 25.775 ms
Run time division_by_zero_dace_g__veclen_4_cpy iter 1: 38.672 ms
Run time division_by_zero_dace_g__veclen_4_cpy iter 2: 25.603 ms
Run time division_by_zero_dace_g__veclen_4_cpy iter 3: 29.063 ms
Run time division_by_zero_dace_g__veclen_4_cpy iter 4: 29.296 ms
Run time division_by_zero_dace_g__veclen_4_cpy iter 5: 36.688 ms
Run time division_by_zero_dace_g__veclen_4_cpy iter 6: 25.737 ms
Run time division_by_zero_dace_g__veclen_4_cpy iter 7: 38.356 ms
Run time division_by_zero_dace_g__veclen_4_cpy iter 8: 40.214 ms
Run time division_by_zero_dace_g__veclen_4_cpy iter 9: 37.822 ms
Run time division_by_zero_dace_g__veclen_4_cpy iter 10: 25.343 ms
Run time division_by_zero_dace_g__veclen_4_cpy iter 11: 32.898 ms
Run time division_by_zero_dace_g__veclen_4_cpy iter 12: 35.024 ms
Run time division_by_zero_dace_g__veclen_4_cpy iter 13: 33.907 ms
Run time division_by_zero_dace_g__veclen_4_cpy iter 14: 28.173 ms
Run time division_by_zero_dace_g__veclen_4_cpy iter 15: 41.806 ms
Run time division_by_zero_dace_g__veclen_4_cpy iter 16: 25.763 ms
Run time division_by_zero_dace_g__veclen_4_cpy iter 17: 25.026 ms
Run time division_by_zero_dace_g__veclen_4_cpy iter 18: 25.740 ms
Run time division_by_zero_dace_g__veclen_4_cpy iter 19: 25.744 ms
[can_be_applied] to if_255 is True
[can_be_applied] to if_255 is True
Changing __out = (__in1 / __in2) to have +1.7800590868057611e-307 to avoid NaN/inf floating-point exception in division!
Run time division_by_zero_dace_g__veclen_8_no_cpy iter 0: 25.514 ms
Run time division_by_zero_dace_g__veclen_8_no_cpy iter 1: 35.043 ms
Run time division_by_zero_dace_g__veclen_8_no_cpy iter 2: 25.720 ms
Run time division_by_zero_dace_g__veclen_8_no_cpy iter 3: 30.171 ms
Run time division_by_zero_dace_g__veclen_8_no_cpy iter 4: 40.082 ms
Run time division_by_zero_dace_g__veclen_8_no_cpy iter 5: 42.513 ms
Run time division_by_zero_dace_g__veclen_8_no_cpy iter 6: 31.122 ms
Run time division_by_zero_dace_g__veclen_8_no_cpy iter 7: 24.874 ms
Run time division_by_zero_dace_g__veclen_8_no_cpy iter 8: 26.815 ms
Run time division_by_zero_dace_g__veclen_8_no_cpy iter 9: 29.454 ms
Run time division_by_zero_dace_g__veclen_8_no_cpy iter 10: 25.450 ms
Run time division_by_zero_dace_g__veclen_8_no_cpy iter 11: 25.175 ms
Run time division_by_zero_dace_g__veclen_8_no_cpy iter 12: 38.083 ms
Run time division_by_zero_dace_g__veclen_8_no_cpy iter 13: 31.191 ms
Run time division_by_zero_dace_g__veclen_8_no_cpy iter 14: 35.780 ms
Run time division_by_zero_dace_g__veclen_8_no_cpy iter 15: 28.740 ms
Run time division_by_zero_dace_g__veclen_8_no_cpy iter 16: 30.836 ms
Run time division_by_zero_dace_g__veclen_8_no_cpy iter 17: 32.260 ms
Run time division_by_zero_dace_g__veclen_8_no_cpy iter 18: 25.519 ms
Run time division_by_zero_dace_g__veclen_8_no_cpy iter 19: 25.900 ms
[can_be_applied] to if_255 is True
[can_be_applied] to if_255 is True
Changing __out = (__in1 / __in2) to have +1.7800590868057611e-307 to avoid NaN/inf floating-point exception in division!
Run time division_by_zero_dace_g__veclen_8_cpy iter 0: 25.860 ms
Run time division_by_zero_dace_g__veclen_8_cpy iter 1: 25.835 ms
Run time division_by_zero_dace_g__veclen_8_cpy iter 2: 33.345 ms
Run time division_by_zero_dace_g__veclen_8_cpy iter 3: 41.552 ms
Run time division_by_zero_dace_g__veclen_8_cpy iter 4: 26.023 ms
Run time division_by_zero_dace_g__veclen_8_cpy iter 5: 27.010 ms
Run time division_by_zero_dace_g__veclen_8_cpy iter 6: 31.798 ms
Run time division_by_zero_dace_g__veclen_8_cpy iter 7: 38.268 ms
Run time division_by_zero_dace_g__veclen_8_cpy iter 8: 26.153 ms
Run time division_by_zero_dace_g__veclen_8_cpy iter 9: 40.059 ms
Run time division_by_zero_dace_g__veclen_8_cpy iter 10: 34.701 ms
Run time division_by_zero_dace_g__veclen_8_cpy iter 11: 36.398 ms
Run time division_by_zero_dace_g__veclen_8_cpy iter 12: 41.062 ms
Run time division_by_zero_dace_g__veclen_8_cpy iter 13: 25.769 ms
Run time division_by_zero_dace_g__veclen_8_cpy iter 14: 31.810 ms
Run time division_by_zero_dace_g__veclen_8_cpy iter 15: 34.132 ms
Run time division_by_zero_dace_g__veclen_8_cpy iter 16: 35.122 ms
Run time division_by_zero_dace_g__veclen_8_cpy iter 17: 35.296 ms
Run time division_by_zero_dace_g__veclen_8_cpy iter 18: 26.687 ms
Run time division_by_zero_dace_g__veclen_8_cpy iter 19: 35.851 ms
[can_be_applied] to if_255 is True
[can_be_applied] to if_255 is True
Changing __out = (__in1 / __in2) to have +1.7800590868057611e-307 to avoid NaN/inf floating-point exception in division!
Run time division_by_zero_dace_g__veclen_16_no_cpy iter 0: 33.113 ms
Run time division_by_zero_dace_g__veclen_16_no_cpy iter 1: 30.048 ms
Run time division_by_zero_dace_g__veclen_16_no_cpy iter 2: 29.811 ms
Run time division_by_zero_dace_g__veclen_16_no_cpy iter 3: 29.767 ms
Run time division_by_zero_dace_g__veclen_16_no_cpy iter 4: 30.213 ms
Run time division_by_zero_dace_g__veclen_16_no_cpy iter 5: 30.105 ms
Run time division_by_zero_dace_g__veclen_16_no_cpy iter 6: 30.076 ms
Run time division_by_zero_dace_g__veclen_16_no_cpy iter 7: 30.109 ms
Run time division_by_zero_dace_g__veclen_16_no_cpy iter 8: 32.924 ms
Run time division_by_zero_dace_g__veclen_16_no_cpy iter 9: 30.008 ms
Run time division_by_zero_dace_g__veclen_16_no_cpy iter 10: 30.103 ms
Run time division_by_zero_dace_g__veclen_16_no_cpy iter 11: 30.002 ms
Run time division_by_zero_dace_g__veclen_16_no_cpy iter 12: 30.145 ms
Run time division_by_zero_dace_g__veclen_16_no_cpy iter 13: 29.604 ms
Run time division_by_zero_dace_g__veclen_16_no_cpy iter 14: 29.731 ms
Run time division_by_zero_dace_g__veclen_16_no_cpy iter 15: 29.594 ms
Run time division_by_zero_dace_g__veclen_16_no_cpy iter 16: 29.923 ms
Run time division_by_zero_dace_g__veclen_16_no_cpy iter 17: 30.070 ms
Run time division_by_zero_dace_g__veclen_16_no_cpy iter 18: 29.822 ms
Run time division_by_zero_dace_g__veclen_16_no_cpy iter 19: 38.374 ms
[can_be_applied] to if_255 is True
[can_be_applied] to if_255 is True
Changing __out = (__in1 / __in2) to have +1.7800590868057611e-307 to avoid NaN/inf floating-point exception in division!
Run time division_by_zero_dace_g__veclen_16_cpy iter 0: 35.087 ms
Run time division_by_zero_dace_g__veclen_16_cpy iter 1: 35.417 ms
Run time division_by_zero_dace_g__veclen_16_cpy iter 2: 35.176 ms
Run time division_by_zero_dace_g__veclen_16_cpy iter 3: 35.539 ms
Run time division_by_zero_dace_g__veclen_16_cpy iter 4: 34.927 ms
Run time division_by_zero_dace_g__veclen_16_cpy iter 5: 35.625 ms
Run time division_by_zero_dace_g__veclen_16_cpy iter 6: 35.202 ms
Run time division_by_zero_dace_g__veclen_16_cpy iter 7: 35.276 ms
Run time division_by_zero_dace_g__veclen_16_cpy iter 8: 35.481 ms
Run time division_by_zero_dace_g__veclen_16_cpy iter 9: 36.663 ms
Run time division_by_zero_dace_g__veclen_16_cpy iter 10: 35.270 ms
Run time division_by_zero_dace_g__veclen_16_cpy iter 11: 35.178 ms
Run time division_by_zero_dace_g__veclen_16_cpy iter 12: 43.810 ms
Run time division_by_zero_dace_g__veclen_16_cpy iter 13: 35.277 ms
Run time division_by_zero_dace_g__veclen_16_cpy iter 14: 35.365 ms
Run time division_by_zero_dace_g__veclen_16_cpy iter 15: 35.164 ms
Run time division_by_zero_dace_g__veclen_16_cpy iter 16: 35.136 ms
Run time division_by_zero_dace_g__veclen_16_cpy iter 17: 39.331 ms
Run time division_by_zero_dace_g__veclen_16_cpy iter 18: 35.159 ms
Run time division_by_zero_dace_g__veclen_16_cpy iter 19: 34.584 ms
[can_be_applied] to if_255 is True
[can_be_applied] to if_255 is True
Changing __out = (__in1 / __in2) to have +1.7800590868057611e-307 to avoid NaN/inf floating-point exception in division!
Run time division_by_zero_dace_g__veclen_32_no_cpy iter 0: 30.280 ms
Run time division_by_zero_dace_g__veclen_32_no_cpy iter 1: 30.113 ms
Run time division_by_zero_dace_g__veclen_32_no_cpy iter 2: 29.920 ms
Run time division_by_zero_dace_g__veclen_32_no_cpy iter 3: 29.901 ms
Run time division_by_zero_dace_g__veclen_32_no_cpy iter 4: 31.386 ms
Run time division_by_zero_dace_g__veclen_32_no_cpy iter 5: 30.296 ms
Run time division_by_zero_dace_g__veclen_32_no_cpy iter 6: 31.874 ms
Run time division_by_zero_dace_g__veclen_32_no_cpy iter 7: 30.281 ms
Run time division_by_zero_dace_g__veclen_32_no_cpy iter 8: 29.763 ms
Run time division_by_zero_dace_g__veclen_32_no_cpy iter 9: 29.648 ms
Run time division_by_zero_dace_g__veclen_32_no_cpy iter 10: 37.325 ms
Run time division_by_zero_dace_g__veclen_32_no_cpy iter 11: 37.352 ms
Run time division_by_zero_dace_g__veclen_32_no_cpy iter 12: 33.224 ms
Run time division_by_zero_dace_g__veclen_32_no_cpy iter 13: 33.439 ms
Run time division_by_zero_dace_g__veclen_32_no_cpy iter 14: 29.614 ms
Run time division_by_zero_dace_g__veclen_32_no_cpy iter 15: 31.095 ms
Run time division_by_zero_dace_g__veclen_32_no_cpy iter 16: 32.519 ms
Run time division_by_zero_dace_g__veclen_32_no_cpy iter 17: 32.313 ms
Run time division_by_zero_dace_g__veclen_32_no_cpy iter 18: 30.115 ms
Run time division_by_zero_dace_g__veclen_32_no_cpy iter 19: 29.980 ms
[can_be_applied] to if_255 is True
[can_be_applied] to if_255 is True
Changing __out = (__in1 / __in2) to have +1.7800590868057611e-307 to avoid NaN/inf floating-point exception in division!
Run time division_by_zero_dace_g__veclen_32_cpy iter 0: 48.866 ms
Run time division_by_zero_dace_g__veclen_32_cpy iter 1: 48.009 ms
Run time division_by_zero_dace_g__veclen_32_cpy iter 2: 48.628 ms
Run time division_by_zero_dace_g__veclen_32_cpy iter 3: 47.997 ms
Run time division_by_zero_dace_g__veclen_32_cpy iter 4: 48.164 ms
Run time division_by_zero_dace_g__veclen_32_cpy iter 5: 48.349 ms
Run time division_by_zero_dace_g__veclen_32_cpy iter 6: 47.970 ms
Run time division_by_zero_dace_g__veclen_32_cpy iter 7: 48.076 ms
Run time division_by_zero_dace_g__veclen_32_cpy iter 8: 47.712 ms
Run time division_by_zero_dace_g__veclen_32_cpy iter 9: 47.933 ms
Run time division_by_zero_dace_g__veclen_32_cpy iter 10: 47.836 ms
Run time division_by_zero_dace_g__veclen_32_cpy iter 11: 53.376 ms
Run time division_by_zero_dace_g__veclen_32_cpy iter 12: 47.912 ms
Run time division_by_zero_dace_g__veclen_32_cpy iter 13: 54.383 ms
Run time division_by_zero_dace_g__veclen_32_cpy iter 14: 50.386 ms
Run time division_by_zero_dace_g__veclen_32_cpy iter 15: 53.271 ms
Run time division_by_zero_dace_g__veclen_32_cpy iter 16: 49.360 ms
Run time division_by_zero_dace_g__veclen_32_cpy iter 17: 48.185 ms
Run time division_by_zero_dace_g__veclen_32_cpy iter 18: 47.972 ms
Run time division_by_zero_dace_g__veclen_32_cpy iter 19: 48.180 ms
[can_be_applied] to if_255 is True
[can_be_applied] to if_255 is True
Changing __out = (__in1 / __in2) to have +1.7800590868057611e-307 to avoid NaN/inf floating-point exception in division!
Run time division_by_zero_dace_g__veclen_64_no_cpy iter 0: 31.868 ms
Run time division_by_zero_dace_g__veclen_64_no_cpy iter 1: 31.641 ms
Run time division_by_zero_dace_g__veclen_64_no_cpy iter 2: 31.859 ms
Run time division_by_zero_dace_g__veclen_64_no_cpy iter 3: 31.360 ms
Run time division_by_zero_dace_g__veclen_64_no_cpy iter 4: 31.713 ms
Run time division_by_zero_dace_g__veclen_64_no_cpy iter 5: 32.683 ms
Run time division_by_zero_dace_g__veclen_64_no_cpy iter 6: 31.786 ms
Run time division_by_zero_dace_g__veclen_64_no_cpy iter 7: 31.697 ms
Run time division_by_zero_dace_g__veclen_64_no_cpy iter 8: 31.627 ms
Run time division_by_zero_dace_g__veclen_64_no_cpy iter 9: 31.569 ms
Run time division_by_zero_dace_g__veclen_64_no_cpy iter 10: 32.303 ms
Run time division_by_zero_dace_g__veclen_64_no_cpy iter 11: 31.847 ms
Run time division_by_zero_dace_g__veclen_64_no_cpy iter 12: 32.556 ms
Run time division_by_zero_dace_g__veclen_64_no_cpy iter 13: 31.730 ms
Run time division_by_zero_dace_g__veclen_64_no_cpy iter 14: 34.019 ms
Run time division_by_zero_dace_g__veclen_64_no_cpy iter 15: 38.861 ms
Run time division_by_zero_dace_g__veclen_64_no_cpy iter 16: 32.064 ms
Run time division_by_zero_dace_g__veclen_64_no_cpy iter 17: 31.896 ms
Run time division_by_zero_dace_g__veclen_64_no_cpy iter 18: 31.588 ms
Run time division_by_zero_dace_g__veclen_64_no_cpy iter 19: 37.305 ms
[can_be_applied] to if_255 is True
[can_be_applied] to if_255 is True
Changing __out = (__in1 / __in2) to have +1.7800590868057611e-307 to avoid NaN/inf floating-point exception in division!
Run time division_by_zero_dace_g__veclen_64_cpy iter 0: 45.169 ms
Run time division_by_zero_dace_g__veclen_64_cpy iter 1: 47.765 ms
Run time division_by_zero_dace_g__veclen_64_cpy iter 2: 47.684 ms
Run time division_by_zero_dace_g__veclen_64_cpy iter 3: 45.221 ms
Run time division_by_zero_dace_g__veclen_64_cpy iter 4: 45.651 ms
Run time division_by_zero_dace_g__veclen_64_cpy iter 5: 44.742 ms
Run time division_by_zero_dace_g__veclen_64_cpy iter 6: 46.512 ms
Run time division_by_zero_dace_g__veclen_64_cpy iter 7: 45.155 ms
Run time division_by_zero_dace_g__veclen_64_cpy iter 8: 45.364 ms
Run time division_by_zero_dace_g__veclen_64_cpy iter 9: 44.376 ms
Run time division_by_zero_dace_g__veclen_64_cpy iter 10: 44.333 ms
Run time division_by_zero_dace_g__veclen_64_cpy iter 11: 52.278 ms
Run time division_by_zero_dace_g__veclen_64_cpy iter 12: 51.587 ms
Run time division_by_zero_dace_g__veclen_64_cpy iter 13: 44.237 ms
Run time division_by_zero_dace_g__veclen_64_cpy iter 14: 57.401 ms
Run time division_by_zero_dace_g__veclen_64_cpy iter 15: 44.922 ms
Run time division_by_zero_dace_g__veclen_64_cpy iter 16: 43.943 ms
Run time division_by_zero_dace_g__veclen_64_cpy iter 17: 44.572 ms
Run time division_by_zero_dace_g__veclen_64_cpy iter 18: 46.258 ms
Run time division_by_zero_dace_g__veclen_64_cpy iter 19: 45.440 ms
Saved timing results to division_by_zero_timings__singlecore.csv
Running with EXTRA_FLAGS='-mprefer-vector-width=512', SUFFIX='force_width_512'
