Traceback (most recent call last):
  File "/scratch/ybudanaz/data_must_flow_artifacts/cloudsc_pattern_one/gcc/intel_xeon/benchmark_cloudsc_pattern_one.py", line 357, in <module>
    cloudsc_pattern_one_std_sdfg = cloudsc_pattern_one.to_sdfg()
                                   ^^^^^^^^^^^^^^^^^^^
NameError: name 'cloudsc_pattern_one' is not defined. Did you mean: 'cloudsc_pattern_1'?
Traceback (most recent call last):
  File "/scratch/ybudanaz/data_must_flow_artifacts/cloudsc_pattern_one/gcc/intel_xeon/benchmark_cloudsc_pattern_one.py", line 357, in <module>
    cloudsc_pattern_one_std_sdfg = cloudsc_pattern_one.to_sdfg()
                                   ^^^^^^^^^^^^^^^^^^^
NameError: name 'cloudsc_pattern_one' is not defined. Did you mean: 'cloudsc_pattern_1'?
Traceback (most recent call last):
  File "/scratch/ybudanaz/data_must_flow_artifacts/cloudsc_pattern_one/gcc/intel_xeon/benchmark_cloudsc_pattern_one.py", line 357, in <module>
    cloudsc_pattern_one_std_sdfg = cloudsc_pattern_one.to_sdfg()
                                   ^^^^^^^^^^^^^^^^^^^
NameError: name 'cloudsc_pattern_one' is not defined. Did you mean: 'cloudsc_pattern_1'?
Traceback (most recent call last):
  File "/scratch/ybudanaz/data_must_flow_artifacts/cloudsc_pattern_one/gcc/intel_xeon/benchmark_cloudsc_pattern_one.py", line 357, in <module>
    cloudsc_pattern_one_std_sdfg = cloudsc_pattern_one.to_sdfg()
                                   ^^^^^^^^^^^^^^^^^^^
NameError: name 'cloudsc_pattern_one' is not defined. Did you mean: 'cloudsc_pattern_1'?
Traceback (most recent call last):
  File "/scratch/ybudanaz/data_must_flow_artifacts/cloudsc_pattern_one/gcc/intel_xeon/benchmark_cloudsc_pattern_one.py", line 357, in <module>
    cloudsc_pattern_one_std_sdfg = cloudsc_pattern_one.to_sdfg()
                                   ^^^^^^^^^^^^^^^^^^^
NameError: name 'cloudsc_pattern_one' is not defined. Did you mean: 'cloudsc_pattern_1'?
Traceback (most recent call last):
  File "/scratch/ybudanaz/data_must_flow_artifacts/cloudsc_pattern_one/gcc/intel_xeon/benchmark_cloudsc_pattern_one.py", line 357, in <module>
    cloudsc_pattern_one_std_sdfg = cloudsc_pattern_one.to_sdfg()
                                   ^^^^^^^^^^^^^^^^^^^
NameError: name 'cloudsc_pattern_one' is not defined. Did you mean: 'cloudsc_pattern_1'?
