Physical cores: 288
Run time jacobi2d iter 0: 28.261 ms
Run time jacobi2d iter 1: 26.536 ms
Run time jacobi2d iter 2: 26.708 ms
Run time jacobi2d iter 3: 25.207 ms
Run time jacobi2d iter 4: 25.932 ms
Run time jacobi2d iter 5: 25.972 ms
Run time jacobi2d iter 6: 25.504 ms
Run time jacobi2d iter 7: 24.985 ms
Run time jacobi2d iter 8: 24.728 ms
Run time jacobi2d iter 9: 23.061 ms
Run time jacobi2d_vectorized_static_veclen_8_no_cpy iter 0: 54.425 ms
Run time jacobi2d_vectorized_static_veclen_8_no_cpy iter 1: 54.027 ms
Run time jacobi2d_vectorized_static_veclen_8_no_cpy iter 2: 53.532 ms
Run time jacobi2d_vectorized_static_veclen_8_no_cpy iter 3: 51.581 ms
Run time jacobi2d_vectorized_static_veclen_8_no_cpy iter 4: 51.267 ms
Run time jacobi2d_vectorized_static_veclen_8_no_cpy iter 5: 52.345 ms
Run time jacobi2d_vectorized_static_veclen_8_no_cpy iter 6: 50.934 ms
Run time jacobi2d_vectorized_static_veclen_8_no_cpy iter 7: 49.466 ms
Run time jacobi2d_vectorized_static_veclen_8_no_cpy iter 8: 49.753 ms
Run time jacobi2d_vectorized_static_veclen_8_no_cpy iter 9: 48.574 ms
Run time jacobi2d_vectorized_static_veclen_8_cpy iter 0: 79.187 ms
Run time jacobi2d_vectorized_static_veclen_8_cpy iter 1: 77.046 ms
Run time jacobi2d_vectorized_static_veclen_8_cpy iter 2: 75.906 ms
Run time jacobi2d_vectorized_static_veclen_8_cpy iter 3: 76.002 ms
Run time jacobi2d_vectorized_static_veclen_8_cpy iter 4: 75.146 ms
Run time jacobi2d_vectorized_static_veclen_8_cpy iter 5: 74.831 ms
Run time jacobi2d_vectorized_static_veclen_8_cpy iter 6: 77.840 ms
Run time jacobi2d_vectorized_static_veclen_8_cpy iter 7: 77.753 ms
Run time jacobi2d_vectorized_static_veclen_8_cpy iter 8: 75.961 ms
Run time jacobi2d_vectorized_static_veclen_8_cpy iter 9: 75.187 ms
Run time jacobi2d_vectorized_static_veclen_16_no_cpy iter 0: 47.467 ms
Run time jacobi2d_vectorized_static_veclen_16_no_cpy iter 1: 45.677 ms
Run time jacobi2d_vectorized_static_veclen_16_no_cpy iter 2: 44.483 ms
Run time jacobi2d_vectorized_static_veclen_16_no_cpy iter 3: 43.991 ms
Run time jacobi2d_vectorized_static_veclen_16_no_cpy iter 4: 46.550 ms
Run time jacobi2d_vectorized_static_veclen_16_no_cpy iter 5: 43.402 ms
Run time jacobi2d_vectorized_static_veclen_16_no_cpy iter 6: 43.517 ms
Run time jacobi2d_vectorized_static_veclen_16_no_cpy iter 7: 43.171 ms
Run time jacobi2d_vectorized_static_veclen_16_no_cpy iter 8: 45.384 ms
Run time jacobi2d_vectorized_static_veclen_16_no_cpy iter 9: 42.924 ms
Run time jacobi2d_vectorized_static_veclen_16_cpy iter 0: 60.910 ms
Run time jacobi2d_vectorized_static_veclen_16_cpy iter 1: 59.301 ms
Run time jacobi2d_vectorized_static_veclen_16_cpy iter 2: 58.812 ms
Run time jacobi2d_vectorized_static_veclen_16_cpy iter 3: 57.642 ms
Run time jacobi2d_vectorized_static_veclen_16_cpy iter 4: 56.966 ms
Run time jacobi2d_vectorized_static_veclen_16_cpy iter 5: 57.549 ms
Run time jacobi2d_vectorized_static_veclen_16_cpy iter 6: 56.494 ms
Run time jacobi2d_vectorized_static_veclen_16_cpy iter 7: 56.407 ms
Run time jacobi2d_vectorized_static_veclen_16_cpy iter 8: 56.743 ms
Run time jacobi2d_vectorized_static_veclen_16_cpy iter 9: 57.601 ms
Run time jacobi2d_vectorized_static_veclen_32_no_cpy iter 0: 37.938 ms
Run time jacobi2d_vectorized_static_veclen_32_no_cpy iter 1: 36.940 ms
Run time jacobi2d_vectorized_static_veclen_32_no_cpy iter 2: 36.715 ms
Run time jacobi2d_vectorized_static_veclen_32_no_cpy iter 3: 36.018 ms
Run time jacobi2d_vectorized_static_veclen_32_no_cpy iter 4: 35.421 ms
Run time jacobi2d_vectorized_static_veclen_32_no_cpy iter 5: 35.280 ms
Run time jacobi2d_vectorized_static_veclen_32_no_cpy iter 6: 35.098 ms
Run time jacobi2d_vectorized_static_veclen_32_no_cpy iter 7: 34.814 ms
Run time jacobi2d_vectorized_static_veclen_32_no_cpy iter 8: 34.567 ms
Run time jacobi2d_vectorized_static_veclen_32_no_cpy iter 9: 34.874 ms
Run time jacobi2d_vectorized_static_veclen_32_cpy iter 0: 48.628 ms
Run time jacobi2d_vectorized_static_veclen_32_cpy iter 1: 48.687 ms
Run time jacobi2d_vectorized_static_veclen_32_cpy iter 2: 47.642 ms
Run time jacobi2d_vectorized_static_veclen_32_cpy iter 3: 48.386 ms
Run time jacobi2d_vectorized_static_veclen_32_cpy iter 4: 47.030 ms
Run time jacobi2d_vectorized_static_veclen_32_cpy iter 5: 47.007 ms
Run time jacobi2d_vectorized_static_veclen_32_cpy iter 6: 46.592 ms
Run time jacobi2d_vectorized_static_veclen_32_cpy iter 7: 45.955 ms
Run time jacobi2d_vectorized_static_veclen_32_cpy iter 8: 48.653 ms
Run time jacobi2d_vectorized_static_veclen_32_cpy iter 9: 46.877 ms
Run time jacobi2d_vectorized_static_veclen_8_no_cpy_aligned iter 0: 44.080 ms
Run time jacobi2d_vectorized_static_veclen_8_no_cpy_aligned iter 1: 44.350 ms
Run time jacobi2d_vectorized_static_veclen_8_no_cpy_aligned iter 2: 44.070 ms
Run time jacobi2d_vectorized_static_veclen_8_no_cpy_aligned iter 3: 44.122 ms
Run time jacobi2d_vectorized_static_veclen_8_no_cpy_aligned iter 4: 44.238 ms
Run time jacobi2d_vectorized_static_veclen_8_no_cpy_aligned iter 5: 43.918 ms
Run time jacobi2d_vectorized_static_veclen_8_no_cpy_aligned iter 6: 44.009 ms
Run time jacobi2d_vectorized_static_veclen_8_no_cpy_aligned iter 7: 43.959 ms
Run time jacobi2d_vectorized_static_veclen_8_no_cpy_aligned iter 8: 43.924 ms
Run time jacobi2d_vectorized_static_veclen_8_no_cpy_aligned iter 9: 43.971 ms
Run time jacobi2d_vectorized_static_veclen_16_no_cpy_aligned iter 0: 42.269 ms
Run time jacobi2d_vectorized_static_veclen_16_no_cpy_aligned iter 1: 41.601 ms
Run time jacobi2d_vectorized_static_veclen_16_no_cpy_aligned iter 2: 46.565 ms
Run time jacobi2d_vectorized_static_veclen_16_no_cpy_aligned iter 3: 40.971 ms
Run time jacobi2d_vectorized_static_veclen_16_no_cpy_aligned iter 4: 40.938 ms
Run time jacobi2d_vectorized_static_veclen_16_no_cpy_aligned iter 5: 41.049 ms
Run time jacobi2d_vectorized_static_veclen_16_no_cpy_aligned iter 6: 41.146 ms
Run time jacobi2d_vectorized_static_veclen_16_no_cpy_aligned iter 7: 40.674 ms
Run time jacobi2d_vectorized_static_veclen_16_no_cpy_aligned iter 8: 40.715 ms
Run time jacobi2d_vectorized_static_veclen_16_no_cpy_aligned iter 9: 40.567 ms
Run time jacobi2d_vectorized_static_veclen_32_no_cpy_aligned iter 0: 35.180 ms
Run time jacobi2d_vectorized_static_veclen_32_no_cpy_aligned iter 1: 34.595 ms
Run time jacobi2d_vectorized_static_veclen_32_no_cpy_aligned iter 2: 34.289 ms
Run time jacobi2d_vectorized_static_veclen_32_no_cpy_aligned iter 3: 34.076 ms
Run time jacobi2d_vectorized_static_veclen_32_no_cpy_aligned iter 4: 34.278 ms
Run time jacobi2d_vectorized_static_veclen_32_no_cpy_aligned iter 5: 33.904 ms
Run time jacobi2d_vectorized_static_veclen_32_no_cpy_aligned iter 6: 34.221 ms
Run time jacobi2d_vectorized_static_veclen_32_no_cpy_aligned iter 7: 33.791 ms
Run time jacobi2d_vectorized_static_veclen_32_no_cpy_aligned iter 8: 33.860 ms
Run time jacobi2d_vectorized_static_veclen_32_no_cpy_aligned iter 9: 33.753 ms
Saved timing results to jacobi2d_timings_jacobi2d_timings_arm_gcc_1_core.csv.csv
Run time jacobi2d iter 0: 85.553 ms
Run time jacobi2d iter 1: 86.953 ms
Run time jacobi2d iter 2: 87.107 ms
Run time jacobi2d iter 3: 86.732 ms
Run time jacobi2d iter 4: 92.168 ms
Run time jacobi2d iter 5: 89.594 ms
Run time jacobi2d iter 6: 85.398 ms
Run time jacobi2d iter 7: 84.374 ms
Run time jacobi2d iter 8: 84.029 ms
Run time jacobi2d iter 9: 84.249 ms
Run time jacobi2d_vectorized_static_veclen_8_no_cpy iter 0: 191.664 ms
Run time jacobi2d_vectorized_static_veclen_8_no_cpy iter 1: 190.491 ms
Run time jacobi2d_vectorized_static_veclen_8_no_cpy iter 2: 189.395 ms
Run time jacobi2d_vectorized_static_veclen_8_no_cpy iter 3: 189.356 ms
Run time jacobi2d_vectorized_static_veclen_8_no_cpy iter 4: 189.275 ms
Run time jacobi2d_vectorized_static_veclen_8_no_cpy iter 5: 188.654 ms
Run time jacobi2d_vectorized_static_veclen_8_no_cpy iter 6: 188.920 ms
Run time jacobi2d_vectorized_static_veclen_8_no_cpy iter 7: 188.085 ms
Run time jacobi2d_vectorized_static_veclen_8_no_cpy iter 8: 187.606 ms
Run time jacobi2d_vectorized_static_veclen_8_no_cpy iter 9: 187.403 ms
Run time jacobi2d_vectorized_static_veclen_8_cpy iter 0: 292.244 ms
Run time jacobi2d_vectorized_static_veclen_8_cpy iter 1: 293.630 ms
Run time jacobi2d_vectorized_static_veclen_8_cpy iter 2: 293.291 ms
Run time jacobi2d_vectorized_static_veclen_8_cpy iter 3: 293.133 ms
Run time jacobi2d_vectorized_static_veclen_8_cpy iter 4: 292.573 ms
Run time jacobi2d_vectorized_static_veclen_8_cpy iter 5: 291.963 ms
Run time jacobi2d_vectorized_static_veclen_8_cpy iter 6: 291.740 ms
Run time jacobi2d_vectorized_static_veclen_8_cpy iter 7: 292.579 ms
Run time jacobi2d_vectorized_static_veclen_8_cpy iter 8: 291.910 ms
Run time jacobi2d_vectorized_static_veclen_8_cpy iter 9: 291.171 ms
Run time jacobi2d_vectorized_static_veclen_16_no_cpy iter 0: 172.056 ms
Run time jacobi2d_vectorized_static_veclen_16_no_cpy iter 1: 170.595 ms
Run time jacobi2d_vectorized_static_veclen_16_no_cpy iter 2: 169.269 ms
Run time jacobi2d_vectorized_static_veclen_16_no_cpy iter 3: 168.527 ms
Run time jacobi2d_vectorized_static_veclen_16_no_cpy iter 4: 168.162 ms
Run time jacobi2d_vectorized_static_veclen_16_no_cpy iter 5: 168.561 ms
Run time jacobi2d_vectorized_static_veclen_16_no_cpy iter 6: 167.745 ms
Run time jacobi2d_vectorized_static_veclen_16_no_cpy iter 7: 167.154 ms
Run time jacobi2d_vectorized_static_veclen_16_no_cpy iter 8: 168.377 ms
Run time jacobi2d_vectorized_static_veclen_16_no_cpy iter 9: 167.858 ms
Run time jacobi2d_vectorized_static_veclen_16_cpy iter 0: 218.561 ms
Run time jacobi2d_vectorized_static_veclen_16_cpy iter 1: 216.995 ms
Run time jacobi2d_vectorized_static_veclen_16_cpy iter 2: 216.168 ms
Run time jacobi2d_vectorized_static_veclen_16_cpy iter 3: 216.459 ms
Run time jacobi2d_vectorized_static_veclen_16_cpy iter 4: 215.857 ms
Run time jacobi2d_vectorized_static_veclen_16_cpy iter 5: 215.545 ms
Run time jacobi2d_vectorized_static_veclen_16_cpy iter 6: 215.315 ms
Run time jacobi2d_vectorized_static_veclen_16_cpy iter 7: 217.279 ms
Run time jacobi2d_vectorized_static_veclen_16_cpy iter 8: 216.903 ms
Run time jacobi2d_vectorized_static_veclen_16_cpy iter 9: 216.348 ms
Run time jacobi2d_vectorized_static_veclen_32_no_cpy iter 0: 142.064 ms
Run time jacobi2d_vectorized_static_veclen_32_no_cpy iter 1: 140.748 ms
Run time jacobi2d_vectorized_static_veclen_32_no_cpy iter 2: 138.755 ms
Run time jacobi2d_vectorized_static_veclen_32_no_cpy iter 3: 138.342 ms
Run time jacobi2d_vectorized_static_veclen_32_no_cpy iter 4: 138.579 ms
Run time jacobi2d_vectorized_static_veclen_32_no_cpy iter 5: 138.701 ms
Run time jacobi2d_vectorized_static_veclen_32_no_cpy iter 6: 137.325 ms
Run time jacobi2d_vectorized_static_veclen_32_no_cpy iter 7: 137.346 ms
Run time jacobi2d_vectorized_static_veclen_32_no_cpy iter 8: 136.068 ms
Run time jacobi2d_vectorized_static_veclen_32_no_cpy iter 9: 136.383 ms
Run time jacobi2d_vectorized_static_veclen_32_cpy iter 0: 187.470 ms
Run time jacobi2d_vectorized_static_veclen_32_cpy iter 1: 185.172 ms
Run time jacobi2d_vectorized_static_veclen_32_cpy iter 2: 185.452 ms
Run time jacobi2d_vectorized_static_veclen_32_cpy iter 3: 193.805 ms
Run time jacobi2d_vectorized_static_veclen_32_cpy iter 4: 185.497 ms
Run time jacobi2d_vectorized_static_veclen_32_cpy iter 5: 185.213 ms
Run time jacobi2d_vectorized_static_veclen_32_cpy iter 6: 185.197 ms
Run time jacobi2d_vectorized_static_veclen_32_cpy iter 7: 185.582 ms
Run time jacobi2d_vectorized_static_veclen_32_cpy iter 8: 185.322 ms
Run time jacobi2d_vectorized_static_veclen_32_cpy iter 9: 186.010 ms
Run time jacobi2d_vectorized_static_veclen_8_no_cpy_aligned iter 0: 178.481 ms
Run time jacobi2d_vectorized_static_veclen_8_no_cpy_aligned iter 1: 176.713 ms
Run time jacobi2d_vectorized_static_veclen_8_no_cpy_aligned iter 2: 177.433 ms
Run time jacobi2d_vectorized_static_veclen_8_no_cpy_aligned iter 3: 176.574 ms
Run time jacobi2d_vectorized_static_veclen_8_no_cpy_aligned iter 4: 175.891 ms
Run time jacobi2d_vectorized_static_veclen_8_no_cpy_aligned iter 5: 175.738 ms
Run time jacobi2d_vectorized_static_veclen_8_no_cpy_aligned iter 6: 176.863 ms
Run time jacobi2d_vectorized_static_veclen_8_no_cpy_aligned iter 7: 178.232 ms
Run time jacobi2d_vectorized_static_veclen_8_no_cpy_aligned iter 8: 177.329 ms
Run time jacobi2d_vectorized_static_veclen_8_no_cpy_aligned iter 9: 176.567 ms
Run time jacobi2d_vectorized_static_veclen_16_no_cpy_aligned iter 0: 166.843 ms
Run time jacobi2d_vectorized_static_veclen_16_no_cpy_aligned iter 1: 167.396 ms
Run time jacobi2d_vectorized_static_veclen_16_no_cpy_aligned iter 2: 166.083 ms
Run time jacobi2d_vectorized_static_veclen_16_no_cpy_aligned iter 3: 165.998 ms
Run time jacobi2d_vectorized_static_veclen_16_no_cpy_aligned iter 4: 165.249 ms
Run time jacobi2d_vectorized_static_veclen_16_no_cpy_aligned iter 5: 165.183 ms
Run time jacobi2d_vectorized_static_veclen_16_no_cpy_aligned iter 6: 164.136 ms
Run time jacobi2d_vectorized_static_veclen_16_no_cpy_aligned iter 7: 163.682 ms
Run time jacobi2d_vectorized_static_veclen_16_no_cpy_aligned iter 8: 165.980 ms
Run time jacobi2d_vectorized_static_veclen_16_no_cpy_aligned iter 9: 165.176 ms
Run time jacobi2d_vectorized_static_veclen_32_no_cpy_aligned iter 0: 140.933 ms
Run time jacobi2d_vectorized_static_veclen_32_no_cpy_aligned iter 1: 138.900 ms
Run time jacobi2d_vectorized_static_veclen_32_no_cpy_aligned iter 2: 139.847 ms
Run time jacobi2d_vectorized_static_veclen_32_no_cpy_aligned iter 3: 139.439 ms
Run time jacobi2d_vectorized_static_veclen_32_no_cpy_aligned iter 4: 139.511 ms
Run time jacobi2d_vectorized_static_veclen_32_no_cpy_aligned iter 5: 139.535 ms
Run time jacobi2d_vectorized_static_veclen_32_no_cpy_aligned iter 6: 139.079 ms
Run time jacobi2d_vectorized_static_veclen_32_no_cpy_aligned iter 7: 139.056 ms
Run time jacobi2d_vectorized_static_veclen_32_no_cpy_aligned iter 8: 138.894 ms
Run time jacobi2d_vectorized_static_veclen_32_no_cpy_aligned iter 9: 138.723 ms
Saved timing results to jacobi2d_timings_jacobi2d_timings_arm_gcc_1_core.csv.csv
Run time jacobi2d iter 0: 716.695 ms
Run time jacobi2d iter 1: 717.561 ms
Run time jacobi2d iter 2: 683.323 ms
Run time jacobi2d iter 3: 686.150 ms
Run time jacobi2d iter 4: 684.901 ms
Run time jacobi2d iter 5: 686.182 ms
Run time jacobi2d iter 6: 685.639 ms
Run time jacobi2d iter 7: 685.592 ms
Run time jacobi2d iter 8: 687.438 ms
Run time jacobi2d iter 9: 684.383 ms
Run time jacobi2d_vectorized_static_veclen_8_no_cpy iter 0: 758.941 ms
Run time jacobi2d_vectorized_static_veclen_8_no_cpy iter 1: 759.098 ms
Run time jacobi2d_vectorized_static_veclen_8_no_cpy iter 2: 764.223 ms
Run time jacobi2d_vectorized_static_veclen_8_no_cpy iter 3: 751.914 ms
Run time jacobi2d_vectorized_static_veclen_8_no_cpy iter 4: 756.094 ms
Run time jacobi2d_vectorized_static_veclen_8_no_cpy iter 5: 758.596 ms
Run time jacobi2d_vectorized_static_veclen_8_no_cpy iter 6: 760.894 ms
Run time jacobi2d_vectorized_static_veclen_8_no_cpy iter 7: 760.482 ms
Run time jacobi2d_vectorized_static_veclen_8_no_cpy iter 8: 761.870 ms
Run time jacobi2d_vectorized_static_veclen_8_no_cpy iter 9: 761.516 ms
Run time jacobi2d_vectorized_static_veclen_8_cpy iter 0: 1182.453 ms
Run time jacobi2d_vectorized_static_veclen_8_cpy iter 1: 1184.499 ms
Run time jacobi2d_vectorized_static_veclen_8_cpy iter 2: 1180.210 ms
Run time jacobi2d_vectorized_static_veclen_8_cpy iter 3: 1183.856 ms
Run time jacobi2d_vectorized_static_veclen_8_cpy iter 4: 1184.209 ms
Run time jacobi2d_vectorized_static_veclen_8_cpy iter 5: 1190.609 ms
Run time jacobi2d_vectorized_static_veclen_8_cpy iter 6: 1179.813 ms
Run time jacobi2d_vectorized_static_veclen_8_cpy iter 7: 1180.548 ms
Run time jacobi2d_vectorized_static_veclen_8_cpy iter 8: 1181.689 ms
Run time jacobi2d_vectorized_static_veclen_8_cpy iter 9: 1185.777 ms
Run time jacobi2d_vectorized_static_veclen_16_no_cpy iter 0: 676.116 ms
Run time jacobi2d_vectorized_static_veclen_16_no_cpy iter 1: 678.090 ms
Run time jacobi2d_vectorized_static_veclen_16_no_cpy iter 2: 678.667 ms
Run time jacobi2d_vectorized_static_veclen_16_no_cpy iter 3: 677.436 ms
Run time jacobi2d_vectorized_static_veclen_16_no_cpy iter 4: 676.154 ms
Run time jacobi2d_vectorized_static_veclen_16_no_cpy iter 5: 676.650 ms
Run time jacobi2d_vectorized_static_veclen_16_no_cpy iter 6: 678.924 ms
Run time jacobi2d_vectorized_static_veclen_16_no_cpy iter 7: 679.522 ms
Run time jacobi2d_vectorized_static_veclen_16_no_cpy iter 8: 678.285 ms
Run time jacobi2d_vectorized_static_veclen_16_no_cpy iter 9: 678.799 ms
Run time jacobi2d_vectorized_static_veclen_16_cpy iter 0: 931.259 ms
Run time jacobi2d_vectorized_static_veclen_16_cpy iter 1: 934.918 ms
Run time jacobi2d_vectorized_static_veclen_16_cpy iter 2: 937.450 ms
Run time jacobi2d_vectorized_static_veclen_16_cpy iter 3: 937.414 ms
Run time jacobi2d_vectorized_static_veclen_16_cpy iter 4: 942.932 ms
Run time jacobi2d_vectorized_static_veclen_16_cpy iter 5: 935.795 ms
Run time jacobi2d_vectorized_static_veclen_16_cpy iter 6: 936.083 ms
Run time jacobi2d_vectorized_static_veclen_16_cpy iter 7: 936.444 ms
Run time jacobi2d_vectorized_static_veclen_16_cpy iter 8: 937.790 ms
Run time jacobi2d_vectorized_static_veclen_16_cpy iter 9: 937.887 ms
Run time jacobi2d_vectorized_static_veclen_32_no_cpy iter 0: 569.685 ms
Run time jacobi2d_vectorized_static_veclen_32_no_cpy iter 1: 564.765 ms
Run time jacobi2d_vectorized_static_veclen_32_no_cpy iter 2: 568.739 ms
Run time jacobi2d_vectorized_static_veclen_32_no_cpy iter 3: 579.158 ms
Run time jacobi2d_vectorized_static_veclen_32_no_cpy iter 4: 566.272 ms
Run time jacobi2d_vectorized_static_veclen_32_no_cpy iter 5: 567.410 ms
Run time jacobi2d_vectorized_static_veclen_32_no_cpy iter 6: 566.790 ms
Run time jacobi2d_vectorized_static_veclen_32_no_cpy iter 7: 567.655 ms
Run time jacobi2d_vectorized_static_veclen_32_no_cpy iter 8: 568.046 ms
Run time jacobi2d_vectorized_static_veclen_32_no_cpy iter 9: 566.530 ms
Run time jacobi2d_vectorized_static_veclen_32_cpy iter 0: 763.351 ms
Run time jacobi2d_vectorized_static_veclen_32_cpy iter 1: 765.580 ms
Run time jacobi2d_vectorized_static_veclen_32_cpy iter 2: 764.678 ms
Run time jacobi2d_vectorized_static_veclen_32_cpy iter 3: 767.640 ms
Run time jacobi2d_vectorized_static_veclen_32_cpy iter 4: 767.333 ms
Run time jacobi2d_vectorized_static_veclen_32_cpy iter 5: 766.221 ms
Run time jacobi2d_vectorized_static_veclen_32_cpy iter 6: 762.496 ms
Run time jacobi2d_vectorized_static_veclen_32_cpy iter 7: 764.511 ms
Run time jacobi2d_vectorized_static_veclen_32_cpy iter 8: 767.713 ms
Run time jacobi2d_vectorized_static_veclen_32_cpy iter 9: 766.627 ms
Run time jacobi2d_vectorized_static_veclen_8_no_cpy_aligned iter 0: 724.185 ms
Run time jacobi2d_vectorized_static_veclen_8_no_cpy_aligned iter 1: 721.169 ms
Run time jacobi2d_vectorized_static_veclen_8_no_cpy_aligned iter 2: 724.391 ms
Run time jacobi2d_vectorized_static_veclen_8_no_cpy_aligned iter 3: 724.234 ms
Run time jacobi2d_vectorized_static_veclen_8_no_cpy_aligned iter 4: 723.950 ms
Run time jacobi2d_vectorized_static_veclen_8_no_cpy_aligned iter 5: 724.029 ms
Run time jacobi2d_vectorized_static_veclen_8_no_cpy_aligned iter 6: 732.543 ms
Run time jacobi2d_vectorized_static_veclen_8_no_cpy_aligned iter 7: 724.098 ms
Run time jacobi2d_vectorized_static_veclen_8_no_cpy_aligned iter 8: 724.844 ms
Run time jacobi2d_vectorized_static_veclen_8_no_cpy_aligned iter 9: 723.214 ms
Run time jacobi2d_vectorized_static_veclen_16_no_cpy_aligned iter 0: 654.691 ms
Run time jacobi2d_vectorized_static_veclen_16_no_cpy_aligned iter 1: 651.098 ms
Run time jacobi2d_vectorized_static_veclen_16_no_cpy_aligned iter 2: 647.726 ms
Run time jacobi2d_vectorized_static_veclen_16_no_cpy_aligned iter 3: 650.929 ms
Run time jacobi2d_vectorized_static_veclen_16_no_cpy_aligned iter 4: 652.066 ms
Run time jacobi2d_vectorized_static_veclen_16_no_cpy_aligned iter 5: 652.165 ms
Run time jacobi2d_vectorized_static_veclen_16_no_cpy_aligned iter 6: 652.300 ms
Run time jacobi2d_vectorized_static_veclen_16_no_cpy_aligned iter 7: 661.056 ms
Run time jacobi2d_vectorized_static_veclen_16_no_cpy_aligned iter 8: 648.618 ms
Run time jacobi2d_vectorized_static_veclen_16_no_cpy_aligned iter 9: 652.266 ms
Run time jacobi2d_vectorized_static_veclen_32_no_cpy_aligned iter 0: 572.868 ms
Run time jacobi2d_vectorized_static_veclen_32_no_cpy_aligned iter 1: 571.704 ms
Run time jacobi2d_vectorized_static_veclen_32_no_cpy_aligned iter 2: 567.884 ms
Run time jacobi2d_vectorized_static_veclen_32_no_cpy_aligned iter 3: 570.266 ms
Run time jacobi2d_vectorized_static_veclen_32_no_cpy_aligned iter 4: 567.127 ms
Run time jacobi2d_vectorized_static_veclen_32_no_cpy_aligned iter 5: 566.387 ms
Run time jacobi2d_vectorized_static_veclen_32_no_cpy_aligned iter 6: 567.599 ms
Run time jacobi2d_vectorized_static_veclen_32_no_cpy_aligned iter 7: 569.130 ms
Run time jacobi2d_vectorized_static_veclen_32_no_cpy_aligned iter 8: 568.557 ms
Run time jacobi2d_vectorized_static_veclen_32_no_cpy_aligned iter 9: 569.515 ms
Saved timing results to jacobi2d_timings_jacobi2d_timings_arm_gcc_1_core.csv.csv
Run time jacobi2d iter 0: 1295.952 ms
Run time jacobi2d iter 1: 1233.236 ms
Run time jacobi2d iter 2: 1232.194 ms
Run time jacobi2d iter 3: 1229.313 ms
Run time jacobi2d iter 4: 1232.601 ms
Run time jacobi2d iter 5: 1232.106 ms
Run time jacobi2d iter 6: 1293.528 ms
Run time jacobi2d iter 7: 1322.476 ms
Run time jacobi2d iter 8: 1322.827 ms
Run time jacobi2d iter 9: 1323.325 ms
Run time jacobi2d_vectorized_static_veclen_8_no_cpy iter 0: 3046.372 ms
Run time jacobi2d_vectorized_static_veclen_8_no_cpy iter 1: 3043.361 ms
Run time jacobi2d_vectorized_static_veclen_8_no_cpy iter 2: 3047.593 ms
Run time jacobi2d_vectorized_static_veclen_8_no_cpy iter 3: 3043.793 ms
Run time jacobi2d_vectorized_static_veclen_8_no_cpy iter 4: 3049.472 ms
Run time jacobi2d_vectorized_static_veclen_8_no_cpy iter 5: 3044.208 ms
Run time jacobi2d_vectorized_static_veclen_8_no_cpy iter 6: 3051.209 ms
Run time jacobi2d_vectorized_static_veclen_8_no_cpy iter 7: 3049.391 ms
Run time jacobi2d_vectorized_static_veclen_8_no_cpy iter 8: 3048.536 ms
Run time jacobi2d_vectorized_static_veclen_8_no_cpy iter 9: 3053.700 ms
Run time jacobi2d_vectorized_static_veclen_8_cpy iter 0: 4764.928 ms
Run time jacobi2d_vectorized_static_veclen_8_cpy iter 1: 4760.503 ms
Run time jacobi2d_vectorized_static_veclen_8_cpy iter 2: 4778.167 ms
Run time jacobi2d_vectorized_static_veclen_8_cpy iter 3: 4755.289 ms
Run time jacobi2d_vectorized_static_veclen_8_cpy iter 4: 4773.327 ms
Run time jacobi2d_vectorized_static_veclen_8_cpy iter 5: 4771.337 ms
Run time jacobi2d_vectorized_static_veclen_8_cpy iter 6: 4768.571 ms
Run time jacobi2d_vectorized_static_veclen_8_cpy iter 7: 4764.653 ms
Run time jacobi2d_vectorized_static_veclen_8_cpy iter 8: 4767.513 ms
Run time jacobi2d_vectorized_static_veclen_8_cpy iter 9: 4761.838 ms
Run time jacobi2d_vectorized_static_veclen_16_no_cpy iter 0: 2633.760 ms
Run time jacobi2d_vectorized_static_veclen_16_no_cpy iter 1: 2631.669 ms
Run time jacobi2d_vectorized_static_veclen_16_no_cpy iter 2: 2630.744 ms
Run time jacobi2d_vectorized_static_veclen_16_no_cpy iter 3: 2636.747 ms
Run time jacobi2d_vectorized_static_veclen_16_no_cpy iter 4: 2633.950 ms
Run time jacobi2d_vectorized_static_veclen_16_no_cpy iter 5: 2632.077 ms
Run time jacobi2d_vectorized_static_veclen_16_no_cpy iter 6: 2625.791 ms
Run time jacobi2d_vectorized_static_veclen_16_no_cpy iter 7: 2652.032 ms
Run time jacobi2d_vectorized_static_veclen_16_no_cpy iter 8: 2628.147 ms
Run time jacobi2d_vectorized_static_veclen_16_no_cpy iter 9: 2630.662 ms
Run time jacobi2d_vectorized_static_veclen_16_cpy iter 0: 3742.102 ms
Run time jacobi2d_vectorized_static_veclen_16_cpy iter 1: 3726.316 ms
Run time jacobi2d_vectorized_static_veclen_16_cpy iter 2: 3738.885 ms
Run time jacobi2d_vectorized_static_veclen_16_cpy iter 3: 3723.728 ms
Run time jacobi2d_vectorized_static_veclen_16_cpy iter 4: 3750.821 ms
Run time jacobi2d_vectorized_static_veclen_16_cpy iter 5: 3735.085 ms
Run time jacobi2d_vectorized_static_veclen_16_cpy iter 6: 3738.156 ms
Run time jacobi2d_vectorized_static_veclen_16_cpy iter 7: 3743.980 ms
Run time jacobi2d_vectorized_static_veclen_16_cpy iter 8: 3728.466 ms
Run time jacobi2d_vectorized_static_veclen_16_cpy iter 9: 3742.185 ms
Run time jacobi2d_vectorized_static_veclen_32_no_cpy iter 0: 2310.891 ms
Run time jacobi2d_vectorized_static_veclen_32_no_cpy iter 1: 2308.420 ms
Run time jacobi2d_vectorized_static_veclen_32_no_cpy iter 2: 2321.363 ms
Run time jacobi2d_vectorized_static_veclen_32_no_cpy iter 3: 2311.589 ms
Run time jacobi2d_vectorized_static_veclen_32_no_cpy iter 4: 2308.283 ms
Run time jacobi2d_vectorized_static_veclen_32_no_cpy iter 5: 2308.254 ms
Run time jacobi2d_vectorized_static_veclen_32_no_cpy iter 6: 2312.173 ms
Run time jacobi2d_vectorized_static_veclen_32_no_cpy iter 7: 2316.480 ms
Run time jacobi2d_vectorized_static_veclen_32_no_cpy iter 8: 2312.826 ms
Run time jacobi2d_vectorized_static_veclen_32_no_cpy iter 9: 2309.648 ms
Run time jacobi2d_vectorized_static_veclen_32_cpy iter 0: 3054.542 ms
Run time jacobi2d_vectorized_static_veclen_32_cpy iter 1: 3056.647 ms
Run time jacobi2d_vectorized_static_veclen_32_cpy iter 2: 3066.403 ms
Run time jacobi2d_vectorized_static_veclen_32_cpy iter 3: 3062.779 ms
Run time jacobi2d_vectorized_static_veclen_32_cpy iter 4: 3057.729 ms
Run time jacobi2d_vectorized_static_veclen_32_cpy iter 5: 3062.755 ms
Run time jacobi2d_vectorized_static_veclen_32_cpy iter 6: 3063.711 ms
Run time jacobi2d_vectorized_static_veclen_32_cpy iter 7: 3052.488 ms
Run time jacobi2d_vectorized_static_veclen_32_cpy iter 8: 3064.279 ms
Run time jacobi2d_vectorized_static_veclen_32_cpy iter 9: 3058.989 ms
Run time jacobi2d_vectorized_static_veclen_8_no_cpy_aligned iter 0: 2838.598 ms
Run time jacobi2d_vectorized_static_veclen_8_no_cpy_aligned iter 1: 2845.898 ms
Run time jacobi2d_vectorized_static_veclen_8_no_cpy_aligned iter 2: 2842.045 ms
Run time jacobi2d_vectorized_static_veclen_8_no_cpy_aligned iter 3: 2838.527 ms
Run time jacobi2d_vectorized_static_veclen_8_no_cpy_aligned iter 4: 2844.356 ms
Run time jacobi2d_vectorized_static_veclen_8_no_cpy_aligned iter 5: 2843.575 ms
Run time jacobi2d_vectorized_static_veclen_8_no_cpy_aligned iter 6: 2835.420 ms
Run time jacobi2d_vectorized_static_veclen_8_no_cpy_aligned iter 7: 2836.635 ms
Run time jacobi2d_vectorized_static_veclen_8_no_cpy_aligned iter 8: 2837.949 ms
Run time jacobi2d_vectorized_static_veclen_8_no_cpy_aligned iter 9: 2835.678 ms
Run time jacobi2d_vectorized_static_veclen_16_no_cpy_aligned iter 0: 2794.829 ms
Run time jacobi2d_vectorized_static_veclen_16_no_cpy_aligned iter 1: 2772.916 ms
Run time jacobi2d_vectorized_static_veclen_16_no_cpy_aligned iter 2: 2772.270 ms
Run time jacobi2d_vectorized_static_veclen_16_no_cpy_aligned iter 3: 2769.075 ms
Run time jacobi2d_vectorized_static_veclen_16_no_cpy_aligned iter 4: 2768.689 ms
Run time jacobi2d_vectorized_static_veclen_16_no_cpy_aligned iter 5: 2770.000 ms
Run time jacobi2d_vectorized_static_veclen_16_no_cpy_aligned iter 6: 2768.532 ms
Run time jacobi2d_vectorized_static_veclen_16_no_cpy_aligned iter 7: 2764.028 ms
Run time jacobi2d_vectorized_static_veclen_16_no_cpy_aligned iter 8: 2768.983 ms
Run time jacobi2d_vectorized_static_veclen_16_no_cpy_aligned iter 9: 2769.455 ms
Run time jacobi2d_vectorized_static_veclen_32_no_cpy_aligned iter 0: 2937.236 ms
Run time jacobi2d_vectorized_static_veclen_32_no_cpy_aligned iter 1: 2924.619 ms
Run time jacobi2d_vectorized_static_veclen_32_no_cpy_aligned iter 2: 2925.749 ms
Run time jacobi2d_vectorized_static_veclen_32_no_cpy_aligned iter 3: 2939.833 ms
Run time jacobi2d_vectorized_static_veclen_32_no_cpy_aligned iter 4: 2930.845 ms
Run time jacobi2d_vectorized_static_veclen_32_no_cpy_aligned iter 5: 2934.090 ms
Run time jacobi2d_vectorized_static_veclen_32_no_cpy_aligned iter 6: 2923.296 ms
Run time jacobi2d_vectorized_static_veclen_32_no_cpy_aligned iter 7: 2927.329 ms
Run time jacobi2d_vectorized_static_veclen_32_no_cpy_aligned iter 8: 2923.945 ms
Run time jacobi2d_vectorized_static_veclen_32_no_cpy_aligned iter 9: 2923.828 ms
Saved timing results to jacobi2d_timings_jacobi2d_timings_arm_gcc_1_core.csv.csv
