Physical cores: 128
Run time csr_spmv iter 0: 0.889 ms
Run time csr_spmv iter 1: 0.873 ms
Run time csr_spmv iter 2: 0.903 ms
Run time csr_spmv iter 3: 0.867 ms
Run time csr_spmv iter 4: 0.897 ms
Run time csr_spmv iter 5: 0.912 ms
Run time csr_spmv iter 6: 0.892 ms
Run time csr_spmv iter 7: 0.888 ms
Run time csr_spmv iter 8: 0.902 ms
Run time csr_spmv iter 9: 0.945 ms
Run time csr_spmv_vectorized_static_veclen_8_no_cpy iter 0: 0.690 ms
Run time csr_spmv_vectorized_static_veclen_8_no_cpy iter 1: 0.686 ms
Run time csr_spmv_vectorized_static_veclen_8_no_cpy iter 2: 0.692 ms
Run time csr_spmv_vectorized_static_veclen_8_no_cpy iter 3: 0.867 ms
Run time csr_spmv_vectorized_static_veclen_8_no_cpy iter 4: 0.674 ms
Run time csr_spmv_vectorized_static_veclen_8_no_cpy iter 5: 0.710 ms
Run time csr_spmv_vectorized_static_veclen_8_no_cpy iter 6: 0.714 ms
Run time csr_spmv_vectorized_static_veclen_8_no_cpy iter 7: 0.719 ms
Run time csr_spmv_vectorized_static_veclen_8_no_cpy iter 8: 0.694 ms
Run time csr_spmv_vectorized_static_veclen_8_no_cpy iter 9: 0.705 ms
Run time csr_spmv_vectorized_static_veclen_8_cpy iter 0: 0.628 ms
Run time csr_spmv_vectorized_static_veclen_8_cpy iter 1: 0.657 ms
Run time csr_spmv_vectorized_static_veclen_8_cpy iter 2: 0.707 ms
Run time csr_spmv_vectorized_static_veclen_8_cpy iter 3: 0.665 ms
Run time csr_spmv_vectorized_static_veclen_8_cpy iter 4: 0.612 ms
Run time csr_spmv_vectorized_static_veclen_8_cpy iter 5: 0.606 ms
Run time csr_spmv_vectorized_static_veclen_8_cpy iter 6: 0.587 ms
Run time csr_spmv_vectorized_static_veclen_8_cpy iter 7: 0.596 ms
Run time csr_spmv_vectorized_static_veclen_8_cpy iter 8: 0.642 ms
Run time csr_spmv_vectorized_static_veclen_8_cpy iter 9: 0.620 ms
Run time csr_spmv_vectorized_static_veclen_16_no_cpy iter 0: 0.768 ms
Run time csr_spmv_vectorized_static_veclen_16_no_cpy iter 1: 0.781 ms
Run time csr_spmv_vectorized_static_veclen_16_no_cpy iter 2: 0.797 ms
Run time csr_spmv_vectorized_static_veclen_16_no_cpy iter 3: 0.813 ms
Run time csr_spmv_vectorized_static_veclen_16_no_cpy iter 4: 0.794 ms
Run time csr_spmv_vectorized_static_veclen_16_no_cpy iter 5: 0.884 ms
Run time csr_spmv_vectorized_static_veclen_16_no_cpy iter 6: 0.845 ms
Run time csr_spmv_vectorized_static_veclen_16_no_cpy iter 7: 0.890 ms
Run time csr_spmv_vectorized_static_veclen_16_no_cpy iter 8: 0.798 ms
Run time csr_spmv_vectorized_static_veclen_16_no_cpy iter 9: 0.815 ms
Run time csr_spmv_vectorized_static_veclen_16_cpy iter 0: 1.214 ms
Run time csr_spmv_vectorized_static_veclen_16_cpy iter 1: 1.144 ms
Run time csr_spmv_vectorized_static_veclen_16_cpy iter 2: 1.116 ms
Run time csr_spmv_vectorized_static_veclen_16_cpy iter 3: 1.103 ms
Run time csr_spmv_vectorized_static_veclen_16_cpy iter 4: 1.105 ms
Run time csr_spmv_vectorized_static_veclen_16_cpy iter 5: 1.010 ms
Run time csr_spmv_vectorized_static_veclen_16_cpy iter 6: 1.019 ms
Run time csr_spmv_vectorized_static_veclen_16_cpy iter 7: 1.000 ms
Run time csr_spmv_vectorized_static_veclen_16_cpy iter 8: 1.030 ms
Run time csr_spmv_vectorized_static_veclen_16_cpy iter 9: 1.013 ms
Run time csr_spmv_vectorized_static_veclen_32_no_cpy iter 0: 0.779 ms
Run time csr_spmv_vectorized_static_veclen_32_no_cpy iter 1: 0.788 ms
Run time csr_spmv_vectorized_static_veclen_32_no_cpy iter 2: 0.871 ms
Run time csr_spmv_vectorized_static_veclen_32_no_cpy iter 3: 0.877 ms
Run time csr_spmv_vectorized_static_veclen_32_no_cpy iter 4: 0.935 ms
Run time csr_spmv_vectorized_static_veclen_32_no_cpy iter 5: 0.868 ms
Run time csr_spmv_vectorized_static_veclen_32_no_cpy iter 6: 0.842 ms
Run time csr_spmv_vectorized_static_veclen_32_no_cpy iter 7: 0.768 ms
Run time csr_spmv_vectorized_static_veclen_32_no_cpy iter 8: 0.785 ms
Run time csr_spmv_vectorized_static_veclen_32_no_cpy iter 9: 0.786 ms
Run time csr_spmv_vectorized_static_veclen_32_cpy iter 0: 1.335 ms
Run time csr_spmv_vectorized_static_veclen_32_cpy iter 1: 1.349 ms
Run time csr_spmv_vectorized_static_veclen_32_cpy iter 2: 1.318 ms
Run time csr_spmv_vectorized_static_veclen_32_cpy iter 3: 1.351 ms
Run time csr_spmv_vectorized_static_veclen_32_cpy iter 4: 1.244 ms
Run time csr_spmv_vectorized_static_veclen_32_cpy iter 5: 1.406 ms
Run time csr_spmv_vectorized_static_veclen_32_cpy iter 6: 1.230 ms
Run time csr_spmv_vectorized_static_veclen_32_cpy iter 7: 1.191 ms
Run time csr_spmv_vectorized_static_veclen_32_cpy iter 8: 1.188 ms
Run time csr_spmv_vectorized_static_veclen_32_cpy iter 9: 1.184 ms
Run time csr_spmv_vectorized_static_veclen_64_no_cpy iter 0: 0.909 ms
Run time csr_spmv_vectorized_static_veclen_64_no_cpy iter 1: 0.901 ms
Run time csr_spmv_vectorized_static_veclen_64_no_cpy iter 2: 0.859 ms
Run time csr_spmv_vectorized_static_veclen_64_no_cpy iter 3: 0.868 ms
Run time csr_spmv_vectorized_static_veclen_64_no_cpy iter 4: 0.779 ms
Run time csr_spmv_vectorized_static_veclen_64_no_cpy iter 5: 0.862 ms
Run time csr_spmv_vectorized_static_veclen_64_no_cpy iter 6: 1.014 ms
Run time csr_spmv_vectorized_static_veclen_64_no_cpy iter 7: 0.853 ms
Run time csr_spmv_vectorized_static_veclen_64_no_cpy iter 8: 0.913 ms
Run time csr_spmv_vectorized_static_veclen_64_no_cpy iter 9: 0.814 ms
Run time csr_spmv_vectorized_static_veclen_64_cpy iter 0: 1.470 ms
Run time csr_spmv_vectorized_static_veclen_64_cpy iter 1: 1.242 ms
Run time csr_spmv_vectorized_static_veclen_64_cpy iter 2: 1.243 ms
Run time csr_spmv_vectorized_static_veclen_64_cpy iter 3: 1.179 ms
Run time csr_spmv_vectorized_static_veclen_64_cpy iter 4: 1.228 ms
Run time csr_spmv_vectorized_static_veclen_64_cpy iter 5: 1.214 ms
Run time csr_spmv_vectorized_static_veclen_64_cpy iter 6: 1.414 ms
Run time csr_spmv_vectorized_static_veclen_64_cpy iter 7: 1.352 ms
Run time csr_spmv_vectorized_static_veclen_64_cpy iter 8: 1.214 ms
Run time csr_spmv_vectorized_static_veclen_64_cpy iter 9: 1.353 ms
Run time csr_spmv_vectorized_static_veclen_128_no_cpy iter 0: 0.818 ms
Run time csr_spmv_vectorized_static_veclen_128_no_cpy iter 1: 0.953 ms
Run time csr_spmv_vectorized_static_veclen_128_no_cpy iter 2: 1.092 ms
Run time csr_spmv_vectorized_static_veclen_128_no_cpy iter 3: 0.923 ms
Run time csr_spmv_vectorized_static_veclen_128_no_cpy iter 4: 0.853 ms
Run time csr_spmv_vectorized_static_veclen_128_no_cpy iter 5: 0.872 ms
Run time csr_spmv_vectorized_static_veclen_128_no_cpy iter 6: 0.876 ms
Run time csr_spmv_vectorized_static_veclen_128_no_cpy iter 7: 0.872 ms
Run time csr_spmv_vectorized_static_veclen_128_no_cpy iter 8: 0.891 ms
Run time csr_spmv_vectorized_static_veclen_128_no_cpy iter 9: 0.988 ms
Run time csr_spmv_vectorized_static_veclen_128_cpy iter 0: 2.172 ms
Run time csr_spmv_vectorized_static_veclen_128_cpy iter 1: 2.120 ms
Run time csr_spmv_vectorized_static_veclen_128_cpy iter 2: 2.140 ms
Run time csr_spmv_vectorized_static_veclen_128_cpy iter 3: 2.140 ms
Run time csr_spmv_vectorized_static_veclen_128_cpy iter 4: 2.130 ms
Run time csr_spmv_vectorized_static_veclen_128_cpy iter 5: 2.133 ms
Run time csr_spmv_vectorized_static_veclen_128_cpy iter 6: 2.124 ms
Run time csr_spmv_vectorized_static_veclen_128_cpy iter 7: 2.272 ms
Run time csr_spmv_vectorized_static_veclen_128_cpy iter 8: 2.178 ms
Run time csr_spmv_vectorized_static_veclen_128_cpy iter 9: 2.193 ms
Saved timing results to csr_spmv_timings_1_core.csv.csv
Run time csr_spmv iter 0: 3.993 ms
Run time csr_spmv iter 1: 3.805 ms
Run time csr_spmv iter 2: 3.801 ms
Run time csr_spmv iter 3: 3.985 ms
Run time csr_spmv iter 4: 3.833 ms
Run time csr_spmv iter 5: 3.811 ms
Run time csr_spmv iter 6: 3.804 ms
Run time csr_spmv iter 7: 3.828 ms
Run time csr_spmv iter 8: 3.802 ms
Run time csr_spmv iter 9: 3.809 ms
Run time csr_spmv_vectorized_static_veclen_8_no_cpy iter 0: 2.983 ms
Run time csr_spmv_vectorized_static_veclen_8_no_cpy iter 1: 2.980 ms
Run time csr_spmv_vectorized_static_veclen_8_no_cpy iter 2: 2.986 ms
Run time csr_spmv_vectorized_static_veclen_8_no_cpy iter 3: 3.074 ms
Run time csr_spmv_vectorized_static_veclen_8_no_cpy iter 4: 2.978 ms
Run time csr_spmv_vectorized_static_veclen_8_no_cpy iter 5: 3.037 ms
Run time csr_spmv_vectorized_static_veclen_8_no_cpy iter 6: 2.986 ms
Run time csr_spmv_vectorized_static_veclen_8_no_cpy iter 7: 2.979 ms
Run time csr_spmv_vectorized_static_veclen_8_no_cpy iter 8: 3.001 ms
Run time csr_spmv_vectorized_static_veclen_8_no_cpy iter 9: 2.993 ms
Run time csr_spmv_vectorized_static_veclen_8_cpy iter 0: 2.873 ms
Run time csr_spmv_vectorized_static_veclen_8_cpy iter 1: 2.968 ms
Run time csr_spmv_vectorized_static_veclen_8_cpy iter 2: 2.819 ms
Run time csr_spmv_vectorized_static_veclen_8_cpy iter 3: 2.816 ms
Run time csr_spmv_vectorized_static_veclen_8_cpy iter 4: 3.033 ms
Run time csr_spmv_vectorized_static_veclen_8_cpy iter 5: 3.053 ms
Run time csr_spmv_vectorized_static_veclen_8_cpy iter 6: 3.047 ms
Run time csr_spmv_vectorized_static_veclen_8_cpy iter 7: 2.966 ms
Run time csr_spmv_vectorized_static_veclen_8_cpy iter 8: 3.001 ms
Run time csr_spmv_vectorized_static_veclen_8_cpy iter 9: 2.898 ms
Run time csr_spmv_vectorized_static_veclen_16_no_cpy iter 0: 4.090 ms
Run time csr_spmv_vectorized_static_veclen_16_no_cpy iter 1: 3.599 ms
Run time csr_spmv_vectorized_static_veclen_16_no_cpy iter 2: 3.506 ms
Run time csr_spmv_vectorized_static_veclen_16_no_cpy iter 3: 3.847 ms
Run time csr_spmv_vectorized_static_veclen_16_no_cpy iter 4: 3.553 ms
Run time csr_spmv_vectorized_static_veclen_16_no_cpy iter 5: 3.548 ms
Run time csr_spmv_vectorized_static_veclen_16_no_cpy iter 6: 3.548 ms
Run time csr_spmv_vectorized_static_veclen_16_no_cpy iter 7: 3.578 ms
Run time csr_spmv_vectorized_static_veclen_16_no_cpy iter 8: 3.570 ms
Run time csr_spmv_vectorized_static_veclen_16_no_cpy iter 9: 3.565 ms
Run time csr_spmv_vectorized_static_veclen_16_cpy iter 0: 4.944 ms
Run time csr_spmv_vectorized_static_veclen_16_cpy iter 1: 4.505 ms
Run time csr_spmv_vectorized_static_veclen_16_cpy iter 2: 4.564 ms
Run time csr_spmv_vectorized_static_veclen_16_cpy iter 3: 4.481 ms
Run time csr_spmv_vectorized_static_veclen_16_cpy iter 4: 4.464 ms
Run time csr_spmv_vectorized_static_veclen_16_cpy iter 5: 4.629 ms
Run time csr_spmv_vectorized_static_veclen_16_cpy iter 6: 4.755 ms
Run time csr_spmv_vectorized_static_veclen_16_cpy iter 7: 4.554 ms
Run time csr_spmv_vectorized_static_veclen_16_cpy iter 8: 4.480 ms
Run time csr_spmv_vectorized_static_veclen_16_cpy iter 9: 4.915 ms
Run time csr_spmv_vectorized_static_veclen_32_no_cpy iter 0: 3.627 ms
Run time csr_spmv_vectorized_static_veclen_32_no_cpy iter 1: 3.695 ms
Run time csr_spmv_vectorized_static_veclen_32_no_cpy iter 2: 3.613 ms
Run time csr_spmv_vectorized_static_veclen_32_no_cpy iter 3: 3.541 ms
Run time csr_spmv_vectorized_static_veclen_32_no_cpy iter 4: 3.452 ms
Run time csr_spmv_vectorized_static_veclen_32_no_cpy iter 5: 3.912 ms
Run time csr_spmv_vectorized_static_veclen_32_no_cpy iter 6: 3.778 ms
Run time csr_spmv_vectorized_static_veclen_32_no_cpy iter 7: 3.381 ms
Run time csr_spmv_vectorized_static_veclen_32_no_cpy iter 8: 3.411 ms
Run time csr_spmv_vectorized_static_veclen_32_no_cpy iter 9: 3.443 ms
Run time csr_spmv_vectorized_static_veclen_32_cpy iter 0: 5.015 ms
Run time csr_spmv_vectorized_static_veclen_32_cpy iter 1: 4.678 ms
Run time csr_spmv_vectorized_static_veclen_32_cpy iter 2: 4.672 ms
Run time csr_spmv_vectorized_static_veclen_32_cpy iter 3: 4.538 ms
Run time csr_spmv_vectorized_static_veclen_32_cpy iter 4: 4.653 ms
Run time csr_spmv_vectorized_static_veclen_32_cpy iter 5: 4.578 ms
Run time csr_spmv_vectorized_static_veclen_32_cpy iter 6: 4.592 ms
Run time csr_spmv_vectorized_static_veclen_32_cpy iter 7: 4.568 ms
Run time csr_spmv_vectorized_static_veclen_32_cpy iter 8: 4.590 ms
Run time csr_spmv_vectorized_static_veclen_32_cpy iter 9: 4.564 ms
Run time csr_spmv_vectorized_static_veclen_64_no_cpy iter 0: 4.629 ms
Run time csr_spmv_vectorized_static_veclen_64_no_cpy iter 1: 4.100 ms
Run time csr_spmv_vectorized_static_veclen_64_no_cpy iter 2: 3.683 ms
Run time csr_spmv_vectorized_static_veclen_64_no_cpy iter 3: 3.826 ms
Run time csr_spmv_vectorized_static_veclen_64_no_cpy iter 4: 3.907 ms
Run time csr_spmv_vectorized_static_veclen_64_no_cpy iter 5: 4.171 ms
Run time csr_spmv_vectorized_static_veclen_64_no_cpy iter 6: 3.940 ms
Run time csr_spmv_vectorized_static_veclen_64_no_cpy iter 7: 4.093 ms
Run time csr_spmv_vectorized_static_veclen_64_no_cpy iter 8: 4.276 ms
Run time csr_spmv_vectorized_static_veclen_64_no_cpy iter 9: 3.813 ms
Run time csr_spmv_vectorized_static_veclen_64_cpy iter 0: 5.779 ms
Run time csr_spmv_vectorized_static_veclen_64_cpy iter 1: 5.779 ms
Run time csr_spmv_vectorized_static_veclen_64_cpy iter 2: 5.665 ms
Run time csr_spmv_vectorized_static_veclen_64_cpy iter 3: 5.241 ms
Run time csr_spmv_vectorized_static_veclen_64_cpy iter 4: 5.698 ms
Run time csr_spmv_vectorized_static_veclen_64_cpy iter 5: 5.573 ms
Run time csr_spmv_vectorized_static_veclen_64_cpy iter 6: 5.613 ms
Run time csr_spmv_vectorized_static_veclen_64_cpy iter 7: 5.489 ms
Run time csr_spmv_vectorized_static_veclen_64_cpy iter 8: 5.712 ms
Run time csr_spmv_vectorized_static_veclen_64_cpy iter 9: 5.615 ms
Run time csr_spmv_vectorized_static_veclen_128_no_cpy iter 0: 3.941 ms
Run time csr_spmv_vectorized_static_veclen_128_no_cpy iter 1: 3.829 ms
Run time csr_spmv_vectorized_static_veclen_128_no_cpy iter 2: 3.872 ms
Run time csr_spmv_vectorized_static_veclen_128_no_cpy iter 3: 3.836 ms
Run time csr_spmv_vectorized_static_veclen_128_no_cpy iter 4: 3.804 ms
Run time csr_spmv_vectorized_static_veclen_128_no_cpy iter 5: 3.846 ms
Run time csr_spmv_vectorized_static_veclen_128_no_cpy iter 6: 3.795 ms
Run time csr_spmv_vectorized_static_veclen_128_no_cpy iter 7: 4.066 ms
Run time csr_spmv_vectorized_static_veclen_128_no_cpy iter 8: 3.836 ms
Run time csr_spmv_vectorized_static_veclen_128_no_cpy iter 9: 4.086 ms
Run time csr_spmv_vectorized_static_veclen_128_cpy iter 0: 8.841 ms
Run time csr_spmv_vectorized_static_veclen_128_cpy iter 1: 8.866 ms
Run time csr_spmv_vectorized_static_veclen_128_cpy iter 2: 8.823 ms
Run time csr_spmv_vectorized_static_veclen_128_cpy iter 3: 8.855 ms
Run time csr_spmv_vectorized_static_veclen_128_cpy iter 4: 8.909 ms
Run time csr_spmv_vectorized_static_veclen_128_cpy iter 5: 8.913 ms
Run time csr_spmv_vectorized_static_veclen_128_cpy iter 6: 8.964 ms
Run time csr_spmv_vectorized_static_veclen_128_cpy iter 7: 8.812 ms
Run time csr_spmv_vectorized_static_veclen_128_cpy iter 8: 8.900 ms
Run time csr_spmv_vectorized_static_veclen_128_cpy iter 9: 8.877 ms
Saved timing results to csr_spmv_timings_1_core.csv.csv
Run time csr_spmv iter 0: 16.152 ms
Run time csr_spmv iter 1: 16.089 ms
Run time csr_spmv iter 2: 16.442 ms
Run time csr_spmv iter 3: 16.083 ms
Run time csr_spmv iter 4: 16.071 ms
Run time csr_spmv iter 5: 16.082 ms
Run time csr_spmv iter 6: 16.083 ms
Run time csr_spmv iter 7: 16.289 ms
Run time csr_spmv iter 8: 16.064 ms
Run time csr_spmv iter 9: 16.070 ms
Run time csr_spmv_vectorized_static_veclen_8_no_cpy iter 0: 12.215 ms
Run time csr_spmv_vectorized_static_veclen_8_no_cpy iter 1: 12.147 ms
Run time csr_spmv_vectorized_static_veclen_8_no_cpy iter 2: 12.130 ms
Run time csr_spmv_vectorized_static_veclen_8_no_cpy iter 3: 12.578 ms
Run time csr_spmv_vectorized_static_veclen_8_no_cpy iter 4: 12.156 ms
Run time csr_spmv_vectorized_static_veclen_8_no_cpy iter 5: 12.116 ms
Run time csr_spmv_vectorized_static_veclen_8_no_cpy iter 6: 12.181 ms
Run time csr_spmv_vectorized_static_veclen_8_no_cpy iter 7: 12.152 ms
Run time csr_spmv_vectorized_static_veclen_8_no_cpy iter 8: 12.621 ms
Run time csr_spmv_vectorized_static_veclen_8_no_cpy iter 9: 12.155 ms
Run time csr_spmv_vectorized_static_veclen_8_cpy iter 0: 11.777 ms
Run time csr_spmv_vectorized_static_veclen_8_cpy iter 1: 11.565 ms
Run time csr_spmv_vectorized_static_veclen_8_cpy iter 2: 11.579 ms
Run time csr_spmv_vectorized_static_veclen_8_cpy iter 3: 11.570 ms
Run time csr_spmv_vectorized_static_veclen_8_cpy iter 4: 11.563 ms
Run time csr_spmv_vectorized_static_veclen_8_cpy iter 5: 11.806 ms
Run time csr_spmv_vectorized_static_veclen_8_cpy iter 6: 11.564 ms
Run time csr_spmv_vectorized_static_veclen_8_cpy iter 7: 11.559 ms
Run time csr_spmv_vectorized_static_veclen_8_cpy iter 8: 11.562 ms
Run time csr_spmv_vectorized_static_veclen_8_cpy iter 9: 11.566 ms
Run time csr_spmv_vectorized_static_veclen_16_no_cpy iter 0: 14.480 ms
Run time csr_spmv_vectorized_static_veclen_16_no_cpy iter 1: 14.489 ms
Run time csr_spmv_vectorized_static_veclen_16_no_cpy iter 2: 14.620 ms
Run time csr_spmv_vectorized_static_veclen_16_no_cpy iter 3: 14.466 ms
Run time csr_spmv_vectorized_static_veclen_16_no_cpy iter 4: 14.968 ms
Run time csr_spmv_vectorized_static_veclen_16_no_cpy iter 5: 14.762 ms
Run time csr_spmv_vectorized_static_veclen_16_no_cpy iter 6: 14.472 ms
Run time csr_spmv_vectorized_static_veclen_16_no_cpy iter 7: 14.463 ms
Run time csr_spmv_vectorized_static_veclen_16_no_cpy iter 8: 14.450 ms
Run time csr_spmv_vectorized_static_veclen_16_no_cpy iter 9: 14.802 ms
Run time csr_spmv_vectorized_static_veclen_16_cpy iter 0: 18.611 ms
Run time csr_spmv_vectorized_static_veclen_16_cpy iter 1: 18.378 ms
Run time csr_spmv_vectorized_static_veclen_16_cpy iter 2: 18.775 ms
Run time csr_spmv_vectorized_static_veclen_16_cpy iter 3: 18.418 ms
Run time csr_spmv_vectorized_static_veclen_16_cpy iter 4: 19.286 ms
Run time csr_spmv_vectorized_static_veclen_16_cpy iter 5: 19.598 ms
Run time csr_spmv_vectorized_static_veclen_16_cpy iter 6: 19.071 ms
Run time csr_spmv_vectorized_static_veclen_16_cpy iter 7: 19.203 ms
Run time csr_spmv_vectorized_static_veclen_16_cpy iter 8: 19.414 ms
Run time csr_spmv_vectorized_static_veclen_16_cpy iter 9: 19.676 ms
Run time csr_spmv_vectorized_static_veclen_32_no_cpy iter 0: 14.518 ms
Run time csr_spmv_vectorized_static_veclen_32_no_cpy iter 1: 14.391 ms
Run time csr_spmv_vectorized_static_veclen_32_no_cpy iter 2: 14.722 ms
Run time csr_spmv_vectorized_static_veclen_32_no_cpy iter 3: 14.492 ms
Run time csr_spmv_vectorized_static_veclen_32_no_cpy iter 4: 14.251 ms
Run time csr_spmv_vectorized_static_veclen_32_no_cpy iter 5: 13.962 ms
Run time csr_spmv_vectorized_static_veclen_32_no_cpy iter 6: 14.063 ms
Run time csr_spmv_vectorized_static_veclen_32_no_cpy iter 7: 14.453 ms
Run time csr_spmv_vectorized_static_veclen_32_no_cpy iter 8: 14.157 ms
Run time csr_spmv_vectorized_static_veclen_32_no_cpy iter 9: 14.318 ms
Run time csr_spmv_vectorized_static_veclen_32_cpy iter 0: 19.079 ms
Run time csr_spmv_vectorized_static_veclen_32_cpy iter 1: 18.650 ms
Run time csr_spmv_vectorized_static_veclen_32_cpy iter 2: 18.625 ms
Run time csr_spmv_vectorized_static_veclen_32_cpy iter 3: 18.583 ms
Run time csr_spmv_vectorized_static_veclen_32_cpy iter 4: 18.865 ms
Run time csr_spmv_vectorized_static_veclen_32_cpy iter 5: 18.592 ms
Run time csr_spmv_vectorized_static_veclen_32_cpy iter 6: 18.585 ms
Run time csr_spmv_vectorized_static_veclen_32_cpy iter 7: 18.825 ms
Run time csr_spmv_vectorized_static_veclen_32_cpy iter 8: 18.971 ms
Run time csr_spmv_vectorized_static_veclen_32_cpy iter 9: 18.692 ms
Run time csr_spmv_vectorized_static_veclen_64_no_cpy iter 0: 14.689 ms
Run time csr_spmv_vectorized_static_veclen_64_no_cpy iter 1: 15.749 ms
Run time csr_spmv_vectorized_static_veclen_64_no_cpy iter 2: 17.657 ms
Run time csr_spmv_vectorized_static_veclen_64_no_cpy iter 3: 14.612 ms
Run time csr_spmv_vectorized_static_veclen_64_no_cpy iter 4: 14.855 ms
Run time csr_spmv_vectorized_static_veclen_64_no_cpy iter 5: 14.612 ms
Run time csr_spmv_vectorized_static_veclen_64_no_cpy iter 6: 14.635 ms
Run time csr_spmv_vectorized_static_veclen_64_no_cpy iter 7: 17.463 ms
Run time csr_spmv_vectorized_static_veclen_64_no_cpy iter 8: 16.944 ms
Run time csr_spmv_vectorized_static_veclen_64_no_cpy iter 9: 15.468 ms
Run time csr_spmv_vectorized_static_veclen_64_cpy iter 0: 22.463 ms
Run time csr_spmv_vectorized_static_veclen_64_cpy iter 1: 22.160 ms
Run time csr_spmv_vectorized_static_veclen_64_cpy iter 2: 22.439 ms
Run time csr_spmv_vectorized_static_veclen_64_cpy iter 3: 22.094 ms
Run time csr_spmv_vectorized_static_veclen_64_cpy iter 4: 22.121 ms
Run time csr_spmv_vectorized_static_veclen_64_cpy iter 5: 22.549 ms
Run time csr_spmv_vectorized_static_veclen_64_cpy iter 6: 21.984 ms
Run time csr_spmv_vectorized_static_veclen_64_cpy iter 7: 22.266 ms
Run time csr_spmv_vectorized_static_veclen_64_cpy iter 8: 22.081 ms
Run time csr_spmv_vectorized_static_veclen_64_cpy iter 9: 22.365 ms
Run time csr_spmv_vectorized_static_veclen_128_no_cpy iter 0: 16.346 ms
Run time csr_spmv_vectorized_static_veclen_128_no_cpy iter 1: 15.831 ms
Run time csr_spmv_vectorized_static_veclen_128_no_cpy iter 2: 16.102 ms
Run time csr_spmv_vectorized_static_veclen_128_no_cpy iter 3: 15.980 ms
Run time csr_spmv_vectorized_static_veclen_128_no_cpy iter 4: 16.265 ms
Run time csr_spmv_vectorized_static_veclen_128_no_cpy iter 5: 16.014 ms
Run time csr_spmv_vectorized_static_veclen_128_no_cpy iter 6: 15.903 ms
Run time csr_spmv_vectorized_static_veclen_128_no_cpy iter 7: 16.167 ms
Run time csr_spmv_vectorized_static_veclen_128_no_cpy iter 8: 15.913 ms
Run time csr_spmv_vectorized_static_veclen_128_no_cpy iter 9: 16.250 ms
Run time csr_spmv_vectorized_static_veclen_128_cpy iter 0: 37.827 ms
Run time csr_spmv_vectorized_static_veclen_128_cpy iter 1: 37.608 ms
Run time csr_spmv_vectorized_static_veclen_128_cpy iter 2: 38.036 ms
Run time csr_spmv_vectorized_static_veclen_128_cpy iter 3: 37.743 ms
Run time csr_spmv_vectorized_static_veclen_128_cpy iter 4: 38.650 ms
Run time csr_spmv_vectorized_static_veclen_128_cpy iter 5: 37.563 ms
Run time csr_spmv_vectorized_static_veclen_128_cpy iter 6: 37.725 ms
Run time csr_spmv_vectorized_static_veclen_128_cpy iter 7: 37.858 ms
Run time csr_spmv_vectorized_static_veclen_128_cpy iter 8: 37.897 ms
Run time csr_spmv_vectorized_static_veclen_128_cpy iter 9: 37.738 ms
Saved timing results to csr_spmv_timings_1_core.csv.csv
Run time csr_spmv iter 0: 66.272 ms
Run time csr_spmv iter 1: 65.454 ms
Run time csr_spmv iter 2: 65.704 ms
Run time csr_spmv iter 3: 65.464 ms
Run time csr_spmv iter 4: 64.998 ms
Run time csr_spmv iter 5: 65.170 ms
Run time csr_spmv iter 6: 65.100 ms
Run time csr_spmv iter 7: 65.332 ms
Run time csr_spmv iter 8: 65.111 ms
Run time csr_spmv iter 9: 65.319 ms
Run time csr_spmv_vectorized_static_veclen_8_no_cpy iter 0: 49.330 ms
Run time csr_spmv_vectorized_static_veclen_8_no_cpy iter 1: 49.638 ms
Run time csr_spmv_vectorized_static_veclen_8_no_cpy iter 2: 49.350 ms
Run time csr_spmv_vectorized_static_veclen_8_no_cpy iter 3: 49.608 ms
Run time csr_spmv_vectorized_static_veclen_8_no_cpy iter 4: 49.323 ms
Run time csr_spmv_vectorized_static_veclen_8_no_cpy iter 5: 49.655 ms
Run time csr_spmv_vectorized_static_veclen_8_no_cpy iter 6: 49.613 ms
Run time csr_spmv_vectorized_static_veclen_8_no_cpy iter 7: 49.597 ms
Run time csr_spmv_vectorized_static_veclen_8_no_cpy iter 8: 49.288 ms
Run time csr_spmv_vectorized_static_veclen_8_no_cpy iter 9: 49.592 ms
Run time csr_spmv_vectorized_static_veclen_8_cpy iter 0: 51.738 ms
Run time csr_spmv_vectorized_static_veclen_8_cpy iter 1: 47.145 ms
Run time csr_spmv_vectorized_static_veclen_8_cpy iter 2: 46.949 ms
Run time csr_spmv_vectorized_static_veclen_8_cpy iter 3: 47.507 ms
Run time csr_spmv_vectorized_static_veclen_8_cpy iter 4: 46.925 ms
Run time csr_spmv_vectorized_static_veclen_8_cpy iter 5: 47.120 ms
Run time csr_spmv_vectorized_static_veclen_8_cpy iter 6: 46.794 ms
Run time csr_spmv_vectorized_static_veclen_8_cpy iter 7: 47.063 ms
Run time csr_spmv_vectorized_static_veclen_8_cpy iter 8: 46.808 ms
Run time csr_spmv_vectorized_static_veclen_8_cpy iter 9: 47.257 ms
Run time csr_spmv_vectorized_static_veclen_16_no_cpy iter 0: 65.075 ms
Run time csr_spmv_vectorized_static_veclen_16_no_cpy iter 1: 65.481 ms
Run time csr_spmv_vectorized_static_veclen_16_no_cpy iter 2: 65.588 ms
Run time csr_spmv_vectorized_static_veclen_16_no_cpy iter 3: 65.500 ms
Run time csr_spmv_vectorized_static_veclen_16_no_cpy iter 4: 65.371 ms
Run time csr_spmv_vectorized_static_veclen_16_no_cpy iter 5: 65.803 ms
Run time csr_spmv_vectorized_static_veclen_16_no_cpy iter 6: 61.461 ms
Run time csr_spmv_vectorized_static_veclen_16_no_cpy iter 7: 61.278 ms
Run time csr_spmv_vectorized_static_veclen_16_no_cpy iter 8: 61.559 ms
Run time csr_spmv_vectorized_static_veclen_16_no_cpy iter 9: 61.723 ms
Run time csr_spmv_vectorized_static_veclen_16_cpy iter 0: 79.453 ms
Run time csr_spmv_vectorized_static_veclen_16_cpy iter 1: 78.845 ms
Run time csr_spmv_vectorized_static_veclen_16_cpy iter 2: 77.269 ms
Run time csr_spmv_vectorized_static_veclen_16_cpy iter 3: 75.353 ms
Run time csr_spmv_vectorized_static_veclen_16_cpy iter 4: 78.320 ms
Run time csr_spmv_vectorized_static_veclen_16_cpy iter 5: 74.986 ms
Run time csr_spmv_vectorized_static_veclen_16_cpy iter 6: 77.572 ms
Run time csr_spmv_vectorized_static_veclen_16_cpy iter 7: 79.282 ms
Run time csr_spmv_vectorized_static_veclen_16_cpy iter 8: 79.331 ms
Run time csr_spmv_vectorized_static_veclen_16_cpy iter 9: 78.435 ms
Run time csr_spmv_vectorized_static_veclen_32_no_cpy iter 0: 62.222 ms
Run time csr_spmv_vectorized_static_veclen_32_no_cpy iter 1: 61.724 ms
Run time csr_spmv_vectorized_static_veclen_32_no_cpy iter 2: 61.587 ms
Run time csr_spmv_vectorized_static_veclen_32_no_cpy iter 3: 61.645 ms
Run time csr_spmv_vectorized_static_veclen_32_no_cpy iter 4: 61.687 ms
Run time csr_spmv_vectorized_static_veclen_32_no_cpy iter 5: 61.416 ms
Run time csr_spmv_vectorized_static_veclen_32_no_cpy iter 6: 61.995 ms
Run time csr_spmv_vectorized_static_veclen_32_no_cpy iter 7: 61.629 ms
Run time csr_spmv_vectorized_static_veclen_32_no_cpy iter 8: 62.070 ms
Run time csr_spmv_vectorized_static_veclen_32_no_cpy iter 9: 60.544 ms
Run time csr_spmv_vectorized_static_veclen_32_cpy iter 0: 75.682 ms
Run time csr_spmv_vectorized_static_veclen_32_cpy iter 1: 76.289 ms
Run time csr_spmv_vectorized_static_veclen_32_cpy iter 2: 75.843 ms
Run time csr_spmv_vectorized_static_veclen_32_cpy iter 3: 78.777 ms
Run time csr_spmv_vectorized_static_veclen_32_cpy iter 4: 80.125 ms
Run time csr_spmv_vectorized_static_veclen_32_cpy iter 5: 80.494 ms
Run time csr_spmv_vectorized_static_veclen_32_cpy iter 6: 81.184 ms
Run time csr_spmv_vectorized_static_veclen_32_cpy iter 7: 80.563 ms
Run time csr_spmv_vectorized_static_veclen_32_cpy iter 8: 80.040 ms
Run time csr_spmv_vectorized_static_veclen_32_cpy iter 9: 80.498 ms
Run time csr_spmv_vectorized_static_veclen_64_no_cpy iter 0: 65.008 ms
Run time csr_spmv_vectorized_static_veclen_64_no_cpy iter 1: 66.311 ms
Run time csr_spmv_vectorized_static_veclen_64_no_cpy iter 2: 68.643 ms
Run time csr_spmv_vectorized_static_veclen_64_no_cpy iter 3: 72.385 ms
Run time csr_spmv_vectorized_static_veclen_64_no_cpy iter 4: 70.767 ms
Run time csr_spmv_vectorized_static_veclen_64_no_cpy iter 5: 71.122 ms
Run time csr_spmv_vectorized_static_veclen_64_no_cpy iter 6: 71.467 ms
Run time csr_spmv_vectorized_static_veclen_64_no_cpy iter 7: 71.638 ms
Run time csr_spmv_vectorized_static_veclen_64_no_cpy iter 8: 71.902 ms
Run time csr_spmv_vectorized_static_veclen_64_no_cpy iter 9: 71.148 ms
Run time csr_spmv_vectorized_static_veclen_64_cpy iter 0: 95.954 ms
Run time csr_spmv_vectorized_static_veclen_64_cpy iter 1: 96.049 ms
Run time csr_spmv_vectorized_static_veclen_64_cpy iter 2: 94.040 ms
Run time csr_spmv_vectorized_static_veclen_64_cpy iter 3: 93.221 ms
Run time csr_spmv_vectorized_static_veclen_64_cpy iter 4: 96.273 ms
Run time csr_spmv_vectorized_static_veclen_64_cpy iter 5: 95.445 ms
Run time csr_spmv_vectorized_static_veclen_64_cpy iter 6: 95.794 ms
Run time csr_spmv_vectorized_static_veclen_64_cpy iter 7: 96.190 ms
Run time csr_spmv_vectorized_static_veclen_64_cpy iter 8: 95.871 ms
Run time csr_spmv_vectorized_static_veclen_64_cpy iter 9: 95.539 ms
Run time csr_spmv_vectorized_static_veclen_128_no_cpy iter 0: 63.428 ms
Run time csr_spmv_vectorized_static_veclen_128_no_cpy iter 1: 63.361 ms
Run time csr_spmv_vectorized_static_veclen_128_no_cpy iter 2: 63.181 ms
Run time csr_spmv_vectorized_static_veclen_128_no_cpy iter 3: 63.812 ms
Run time csr_spmv_vectorized_static_veclen_128_no_cpy iter 4: 63.172 ms
Run time csr_spmv_vectorized_static_veclen_128_no_cpy iter 5: 63.537 ms
Run time csr_spmv_vectorized_static_veclen_128_no_cpy iter 6: 63.553 ms
Run time csr_spmv_vectorized_static_veclen_128_no_cpy iter 7: 63.371 ms
Run time csr_spmv_vectorized_static_veclen_128_no_cpy iter 8: 63.236 ms
Run time csr_spmv_vectorized_static_veclen_128_no_cpy iter 9: 63.580 ms
Run time csr_spmv_vectorized_static_veclen_128_cpy iter 0: 147.135 ms
Run time csr_spmv_vectorized_static_veclen_128_cpy iter 1: 147.274 ms
Run time csr_spmv_vectorized_static_veclen_128_cpy iter 2: 147.238 ms
Run time csr_spmv_vectorized_static_veclen_128_cpy iter 3: 146.879 ms
Run time csr_spmv_vectorized_static_veclen_128_cpy iter 4: 147.158 ms
Run time csr_spmv_vectorized_static_veclen_128_cpy iter 5: 146.709 ms
Run time csr_spmv_vectorized_static_veclen_128_cpy iter 6: 146.792 ms
Run time csr_spmv_vectorized_static_veclen_128_cpy iter 7: 146.925 ms
Run time csr_spmv_vectorized_static_veclen_128_cpy iter 8: 146.559 ms
Run time csr_spmv_vectorized_static_veclen_128_cpy iter 9: 146.859 ms
Saved timing results to csr_spmv_timings_1_core.csv.csv
