Physical cores: 128
Run time spmv_csr iter 0: 1.005 ms
Run time spmv_csr iter 1: 0.980 ms
Run time spmv_csr iter 2: 0.994 ms
Run time spmv_csr iter 3: 1.044 ms
Run time spmv_csr iter 4: 0.975 ms
Run time spmv_csr iter 5: 0.973 ms
Run time spmv_csr iter 6: 0.983 ms
Run time spmv_csr iter 7: 1.006 ms
Run time spmv_csr iter 8: 0.971 ms
Run time spmv_csr iter 9: 0.972 ms
Run time csr_spmv_vectorized_static_veclen_8_no_cpy iter 0: 0.783 ms
Run time csr_spmv_vectorized_static_veclen_8_no_cpy iter 1: 0.751 ms
Run time csr_spmv_vectorized_static_veclen_8_no_cpy iter 2: 0.787 ms
Run time csr_spmv_vectorized_static_veclen_8_no_cpy iter 3: 0.757 ms
Run time csr_spmv_vectorized_static_veclen_8_no_cpy iter 4: 0.733 ms
Run time csr_spmv_vectorized_static_veclen_8_no_cpy iter 5: 0.733 ms
Run time csr_spmv_vectorized_static_veclen_8_no_cpy iter 6: 0.807 ms
Run time csr_spmv_vectorized_static_veclen_8_no_cpy iter 7: 0.770 ms
Run time csr_spmv_vectorized_static_veclen_8_no_cpy iter 8: 0.779 ms
Run time csr_spmv_vectorized_static_veclen_8_no_cpy iter 9: 0.792 ms
Run time csr_spmv_vectorized_static_veclen_8_cpy iter 0: 0.722 ms
Run time csr_spmv_vectorized_static_veclen_8_cpy iter 1: 0.717 ms
Run time csr_spmv_vectorized_static_veclen_8_cpy iter 2: 0.701 ms
Run time csr_spmv_vectorized_static_veclen_8_cpy iter 3: 0.703 ms
Run time csr_spmv_vectorized_static_veclen_8_cpy iter 4: 0.705 ms
Run time csr_spmv_vectorized_static_veclen_8_cpy iter 5: 0.717 ms
Run time csr_spmv_vectorized_static_veclen_8_cpy iter 6: 0.710 ms
Run time csr_spmv_vectorized_static_veclen_8_cpy iter 7: 0.710 ms
Run time csr_spmv_vectorized_static_veclen_8_cpy iter 8: 0.707 ms
Run time csr_spmv_vectorized_static_veclen_8_cpy iter 9: 0.705 ms
Run time csr_spmv_vectorized_static_veclen_16_no_cpy iter 0: 1.145 ms
Run time csr_spmv_vectorized_static_veclen_16_no_cpy iter 1: 0.850 ms
Run time csr_spmv_vectorized_static_veclen_16_no_cpy iter 2: 0.830 ms
Run time csr_spmv_vectorized_static_veclen_16_no_cpy iter 3: 1.101 ms
Run time csr_spmv_vectorized_static_veclen_16_no_cpy iter 4: 0.891 ms
Run time csr_spmv_vectorized_static_veclen_16_no_cpy iter 5: 0.901 ms
Run time csr_spmv_vectorized_static_veclen_16_no_cpy iter 6: 0.895 ms
Run time csr_spmv_vectorized_static_veclen_16_no_cpy iter 7: 1.116 ms
Run time csr_spmv_vectorized_static_veclen_16_no_cpy iter 8: 0.898 ms
Run time csr_spmv_vectorized_static_veclen_16_no_cpy iter 9: 0.898 ms
Run time csr_spmv_vectorized_static_veclen_16_cpy iter 0: 1.443 ms
Run time csr_spmv_vectorized_static_veclen_16_cpy iter 1: 1.137 ms
Run time csr_spmv_vectorized_static_veclen_16_cpy iter 2: 1.123 ms
Run time csr_spmv_vectorized_static_veclen_16_cpy iter 3: 1.146 ms
Run time csr_spmv_vectorized_static_veclen_16_cpy iter 4: 1.134 ms
Run time csr_spmv_vectorized_static_veclen_16_cpy iter 5: 1.310 ms
Run time csr_spmv_vectorized_static_veclen_16_cpy iter 6: 1.606 ms
Run time csr_spmv_vectorized_static_veclen_16_cpy iter 7: 1.128 ms
Run time csr_spmv_vectorized_static_veclen_16_cpy iter 8: 1.115 ms
Run time csr_spmv_vectorized_static_veclen_16_cpy iter 9: 1.120 ms
Run time csr_spmv_vectorized_static_veclen_32_no_cpy iter 0: 0.895 ms
Run time csr_spmv_vectorized_static_veclen_32_no_cpy iter 1: 0.972 ms
Run time csr_spmv_vectorized_static_veclen_32_no_cpy iter 2: 0.867 ms
Run time csr_spmv_vectorized_static_veclen_32_no_cpy iter 3: 0.932 ms
Run time csr_spmv_vectorized_static_veclen_32_no_cpy iter 4: 0.852 ms
Run time csr_spmv_vectorized_static_veclen_32_no_cpy iter 5: 0.869 ms
Run time csr_spmv_vectorized_static_veclen_32_no_cpy iter 6: 0.868 ms
Run time csr_spmv_vectorized_static_veclen_32_no_cpy iter 7: 0.859 ms
Run time csr_spmv_vectorized_static_veclen_32_no_cpy iter 8: 0.879 ms
Run time csr_spmv_vectorized_static_veclen_32_no_cpy iter 9: 0.880 ms
Run time csr_spmv_vectorized_static_veclen_32_cpy iter 0: 1.173 ms
Run time csr_spmv_vectorized_static_veclen_32_cpy iter 1: 1.243 ms
Run time csr_spmv_vectorized_static_veclen_32_cpy iter 2: 1.134 ms
Run time csr_spmv_vectorized_static_veclen_32_cpy iter 3: 1.257 ms
Run time csr_spmv_vectorized_static_veclen_32_cpy iter 4: 1.168 ms
Run time csr_spmv_vectorized_static_veclen_32_cpy iter 5: 1.181 ms
Run time csr_spmv_vectorized_static_veclen_32_cpy iter 6: 1.256 ms
Run time csr_spmv_vectorized_static_veclen_32_cpy iter 7: 1.124 ms
Run time csr_spmv_vectorized_static_veclen_32_cpy iter 8: 1.218 ms
Run time csr_spmv_vectorized_static_veclen_32_cpy iter 9: 1.153 ms
Run time csr_spmv_vectorized_static_veclen_64_no_cpy iter 0: 1.247 ms
Run time csr_spmv_vectorized_static_veclen_64_no_cpy iter 1: 0.973 ms
Run time csr_spmv_vectorized_static_veclen_64_no_cpy iter 2: 0.964 ms
Run time csr_spmv_vectorized_static_veclen_64_no_cpy iter 3: 0.968 ms
Run time csr_spmv_vectorized_static_veclen_64_no_cpy iter 4: 0.954 ms
Run time csr_spmv_vectorized_static_veclen_64_no_cpy iter 5: 0.964 ms
Run time csr_spmv_vectorized_static_veclen_64_no_cpy iter 6: 0.933 ms
Run time csr_spmv_vectorized_static_veclen_64_no_cpy iter 7: 0.952 ms
Run time csr_spmv_vectorized_static_veclen_64_no_cpy iter 8: 0.929 ms
Run time csr_spmv_vectorized_static_veclen_64_no_cpy iter 9: 0.932 ms
Run time csr_spmv_vectorized_static_veclen_64_cpy iter 0: 1.402 ms
Run time csr_spmv_vectorized_static_veclen_64_cpy iter 1: 1.660 ms
Run time csr_spmv_vectorized_static_veclen_64_cpy iter 2: 1.464 ms
Run time csr_spmv_vectorized_static_veclen_64_cpy iter 3: 1.603 ms
Run time csr_spmv_vectorized_static_veclen_64_cpy iter 4: 1.584 ms
Run time csr_spmv_vectorized_static_veclen_64_cpy iter 5: 1.653 ms
Run time csr_spmv_vectorized_static_veclen_64_cpy iter 6: 1.510 ms
Run time csr_spmv_vectorized_static_veclen_64_cpy iter 7: 1.623 ms
Run time csr_spmv_vectorized_static_veclen_64_cpy iter 8: 1.594 ms
Run time csr_spmv_vectorized_static_veclen_64_cpy iter 9: 1.492 ms
Run time csr_spmv_vectorized_static_veclen_128_no_cpy iter 0: 0.969 ms
Run time csr_spmv_vectorized_static_veclen_128_no_cpy iter 1: 1.048 ms
Run time csr_spmv_vectorized_static_veclen_128_no_cpy iter 2: 1.053 ms
Run time csr_spmv_vectorized_static_veclen_128_no_cpy iter 3: 1.026 ms
Run time csr_spmv_vectorized_static_veclen_128_no_cpy iter 4: 1.075 ms
Run time csr_spmv_vectorized_static_veclen_128_no_cpy iter 5: 1.032 ms
Run time csr_spmv_vectorized_static_veclen_128_no_cpy iter 6: 1.021 ms
Run time csr_spmv_vectorized_static_veclen_128_no_cpy iter 7: 1.053 ms
Run time csr_spmv_vectorized_static_veclen_128_no_cpy iter 8: 1.206 ms
Run time csr_spmv_vectorized_static_veclen_128_no_cpy iter 9: 1.007 ms
Run time csr_spmv_vectorized_static_veclen_128_cpy iter 0: 2.558 ms
Run time csr_spmv_vectorized_static_veclen_128_cpy iter 1: 2.407 ms
Run time csr_spmv_vectorized_static_veclen_128_cpy iter 2: 2.569 ms
Run time csr_spmv_vectorized_static_veclen_128_cpy iter 3: 2.551 ms
Run time csr_spmv_vectorized_static_veclen_128_cpy iter 4: 2.415 ms
Run time csr_spmv_vectorized_static_veclen_128_cpy iter 5: 2.536 ms
Run time csr_spmv_vectorized_static_veclen_128_cpy iter 6: 2.425 ms
Run time csr_spmv_vectorized_static_veclen_128_cpy iter 7: 2.429 ms
Run time csr_spmv_vectorized_static_veclen_128_cpy iter 8: 2.433 ms
Run time csr_spmv_vectorized_static_veclen_128_cpy iter 9: 2.455 ms
Saved timing results to csr_spmv_timings_1_core.csv.csv
Run time spmv_csr iter 0: 4.075 ms
Run time spmv_csr iter 1: 4.048 ms
Run time spmv_csr iter 2: 4.112 ms
Run time spmv_csr iter 3: 4.223 ms
Run time spmv_csr iter 4: 4.075 ms
Run time spmv_csr iter 5: 4.108 ms
Run time spmv_csr iter 6: 4.117 ms
Run time spmv_csr iter 7: 4.105 ms
Run time spmv_csr iter 8: 4.088 ms
Run time spmv_csr iter 9: 4.073 ms
Run time csr_spmv_vectorized_static_veclen_8_no_cpy iter 0: 3.194 ms
Run time csr_spmv_vectorized_static_veclen_8_no_cpy iter 1: 3.090 ms
Run time csr_spmv_vectorized_static_veclen_8_no_cpy iter 2: 3.103 ms
Run time csr_spmv_vectorized_static_veclen_8_no_cpy iter 3: 3.099 ms
Run time csr_spmv_vectorized_static_veclen_8_no_cpy iter 4: 3.106 ms
Run time csr_spmv_vectorized_static_veclen_8_no_cpy iter 5: 3.286 ms
Run time csr_spmv_vectorized_static_veclen_8_no_cpy iter 6: 3.144 ms
Run time csr_spmv_vectorized_static_veclen_8_no_cpy iter 7: 3.151 ms
Run time csr_spmv_vectorized_static_veclen_8_no_cpy iter 8: 3.137 ms
Run time csr_spmv_vectorized_static_veclen_8_no_cpy iter 9: 3.158 ms
Run time csr_spmv_vectorized_static_veclen_8_cpy iter 0: 3.024 ms
Run time csr_spmv_vectorized_static_veclen_8_cpy iter 1: 3.111 ms
Run time csr_spmv_vectorized_static_veclen_8_cpy iter 2: 3.055 ms
Run time csr_spmv_vectorized_static_veclen_8_cpy iter 3: 3.041 ms
Run time csr_spmv_vectorized_static_veclen_8_cpy iter 4: 3.059 ms
Run time csr_spmv_vectorized_static_veclen_8_cpy iter 5: 3.014 ms
Run time csr_spmv_vectorized_static_veclen_8_cpy iter 6: 3.111 ms
Run time csr_spmv_vectorized_static_veclen_8_cpy iter 7: 3.106 ms
Run time csr_spmv_vectorized_static_veclen_8_cpy iter 8: 3.133 ms
Run time csr_spmv_vectorized_static_veclen_8_cpy iter 9: 3.208 ms
Run time csr_spmv_vectorized_static_veclen_16_no_cpy iter 0: 4.101 ms
Run time csr_spmv_vectorized_static_veclen_16_no_cpy iter 1: 3.954 ms
Run time csr_spmv_vectorized_static_veclen_16_no_cpy iter 2: 3.669 ms
Run time csr_spmv_vectorized_static_veclen_16_no_cpy iter 3: 3.676 ms
Run time csr_spmv_vectorized_static_veclen_16_no_cpy iter 4: 3.656 ms
Run time csr_spmv_vectorized_static_veclen_16_no_cpy iter 5: 3.699 ms
Run time csr_spmv_vectorized_static_veclen_16_no_cpy iter 6: 3.722 ms
Run time csr_spmv_vectorized_static_veclen_16_no_cpy iter 7: 3.671 ms
Run time csr_spmv_vectorized_static_veclen_16_no_cpy iter 8: 3.672 ms
Run time csr_spmv_vectorized_static_veclen_16_no_cpy iter 9: 3.732 ms
Run time csr_spmv_vectorized_static_veclen_16_cpy iter 0: 4.980 ms
Run time csr_spmv_vectorized_static_veclen_16_cpy iter 1: 4.594 ms
Run time csr_spmv_vectorized_static_veclen_16_cpy iter 2: 4.644 ms
Run time csr_spmv_vectorized_static_veclen_16_cpy iter 3: 4.638 ms
Run time csr_spmv_vectorized_static_veclen_16_cpy iter 4: 4.850 ms
Run time csr_spmv_vectorized_static_veclen_16_cpy iter 5: 4.632 ms
Run time csr_spmv_vectorized_static_veclen_16_cpy iter 6: 4.685 ms
Run time csr_spmv_vectorized_static_veclen_16_cpy iter 7: 4.943 ms
Run time csr_spmv_vectorized_static_veclen_16_cpy iter 8: 4.614 ms
Run time csr_spmv_vectorized_static_veclen_16_cpy iter 9: 5.654 ms
Run time csr_spmv_vectorized_static_veclen_32_no_cpy iter 0: 3.531 ms
Run time csr_spmv_vectorized_static_veclen_32_no_cpy iter 1: 3.594 ms
Run time csr_spmv_vectorized_static_veclen_32_no_cpy iter 2: 3.548 ms
Run time csr_spmv_vectorized_static_veclen_32_no_cpy iter 3: 3.725 ms
Run time csr_spmv_vectorized_static_veclen_32_no_cpy iter 4: 3.653 ms
Run time csr_spmv_vectorized_static_veclen_32_no_cpy iter 5: 3.679 ms
Run time csr_spmv_vectorized_static_veclen_32_no_cpy iter 6: 3.802 ms
Run time csr_spmv_vectorized_static_veclen_32_no_cpy iter 7: 3.759 ms
Run time csr_spmv_vectorized_static_veclen_32_no_cpy iter 8: 3.871 ms
Run time csr_spmv_vectorized_static_veclen_32_no_cpy iter 9: 3.574 ms
Run time csr_spmv_vectorized_static_veclen_32_cpy iter 0: 5.165 ms
Run time csr_spmv_vectorized_static_veclen_32_cpy iter 1: 4.853 ms
Run time csr_spmv_vectorized_static_veclen_32_cpy iter 2: 4.791 ms
Run time csr_spmv_vectorized_static_veclen_32_cpy iter 3: 4.727 ms
Run time csr_spmv_vectorized_static_veclen_32_cpy iter 4: 4.678 ms
Run time csr_spmv_vectorized_static_veclen_32_cpy iter 5: 4.656 ms
Run time csr_spmv_vectorized_static_veclen_32_cpy iter 6: 4.754 ms
Run time csr_spmv_vectorized_static_veclen_32_cpy iter 7: 4.708 ms
Run time csr_spmv_vectorized_static_veclen_32_cpy iter 8: 4.693 ms
Run time csr_spmv_vectorized_static_veclen_32_cpy iter 9: 4.996 ms
Run time csr_spmv_vectorized_static_veclen_64_no_cpy iter 0: 3.807 ms
Run time csr_spmv_vectorized_static_veclen_64_no_cpy iter 1: 3.823 ms
Run time csr_spmv_vectorized_static_veclen_64_no_cpy iter 2: 3.814 ms
Run time csr_spmv_vectorized_static_veclen_64_no_cpy iter 3: 3.836 ms
Run time csr_spmv_vectorized_static_veclen_64_no_cpy iter 4: 3.834 ms
Run time csr_spmv_vectorized_static_veclen_64_no_cpy iter 5: 3.809 ms
Run time csr_spmv_vectorized_static_veclen_64_no_cpy iter 6: 3.812 ms
Run time csr_spmv_vectorized_static_veclen_64_no_cpy iter 7: 3.824 ms
Run time csr_spmv_vectorized_static_veclen_64_no_cpy iter 8: 3.820 ms
Run time csr_spmv_vectorized_static_veclen_64_no_cpy iter 9: 3.800 ms
Run time csr_spmv_vectorized_static_veclen_64_cpy iter 0: 5.942 ms
Run time csr_spmv_vectorized_static_veclen_64_cpy iter 1: 5.889 ms
Run time csr_spmv_vectorized_static_veclen_64_cpy iter 2: 5.902 ms
Run time csr_spmv_vectorized_static_veclen_64_cpy iter 3: 5.984 ms
Run time csr_spmv_vectorized_static_veclen_64_cpy iter 4: 5.927 ms
Run time csr_spmv_vectorized_static_veclen_64_cpy iter 5: 5.944 ms
Run time csr_spmv_vectorized_static_veclen_64_cpy iter 6: 5.938 ms
Run time csr_spmv_vectorized_static_veclen_64_cpy iter 7: 5.943 ms
Run time csr_spmv_vectorized_static_veclen_64_cpy iter 8: 5.904 ms
Run time csr_spmv_vectorized_static_veclen_64_cpy iter 9: 6.018 ms
Run time csr_spmv_vectorized_static_veclen_128_no_cpy iter 0: 4.472 ms
Run time csr_spmv_vectorized_static_veclen_128_no_cpy iter 1: 4.190 ms
Run time csr_spmv_vectorized_static_veclen_128_no_cpy iter 2: 4.214 ms
Run time csr_spmv_vectorized_static_veclen_128_no_cpy iter 3: 4.198 ms
Run time csr_spmv_vectorized_static_veclen_128_no_cpy iter 4: 4.251 ms
Run time csr_spmv_vectorized_static_veclen_128_no_cpy iter 5: 4.179 ms
Run time csr_spmv_vectorized_static_veclen_128_no_cpy iter 6: 4.187 ms
Run time csr_spmv_vectorized_static_veclen_128_no_cpy iter 7: 4.179 ms
Run time csr_spmv_vectorized_static_veclen_128_no_cpy iter 8: 4.156 ms
Run time csr_spmv_vectorized_static_veclen_128_no_cpy iter 9: 4.169 ms
Run time csr_spmv_vectorized_static_veclen_128_cpy iter 0: 9.740 ms
Run time csr_spmv_vectorized_static_veclen_128_cpy iter 1: 9.778 ms
Run time csr_spmv_vectorized_static_veclen_128_cpy iter 2: 9.778 ms
Run time csr_spmv_vectorized_static_veclen_128_cpy iter 3: 9.771 ms
Run time csr_spmv_vectorized_static_veclen_128_cpy iter 4: 9.856 ms
Run time csr_spmv_vectorized_static_veclen_128_cpy iter 5: 9.782 ms
Run time csr_spmv_vectorized_static_veclen_128_cpy iter 6: 9.870 ms
Run time csr_spmv_vectorized_static_veclen_128_cpy iter 7: 9.787 ms
Run time csr_spmv_vectorized_static_veclen_128_cpy iter 8: 9.801 ms
Run time csr_spmv_vectorized_static_veclen_128_cpy iter 9: 9.977 ms
Saved timing results to csr_spmv_timings_1_core.csv.csv
Run time spmv_csr iter 0: 16.463 ms
Run time spmv_csr iter 1: 16.427 ms
Run time spmv_csr iter 2: 16.486 ms
Run time spmv_csr iter 3: 16.622 ms
Run time spmv_csr iter 4: 16.698 ms
Run time spmv_csr iter 5: 16.599 ms
Run time spmv_csr iter 6: 16.411 ms
Run time spmv_csr iter 7: 16.392 ms
Run time spmv_csr iter 8: 16.634 ms
Run time spmv_csr iter 9: 16.580 ms
Run time csr_spmv_vectorized_static_veclen_8_no_cpy iter 0: 12.466 ms
Run time csr_spmv_vectorized_static_veclen_8_no_cpy iter 1: 12.459 ms
Run time csr_spmv_vectorized_static_veclen_8_no_cpy iter 2: 12.440 ms
Run time csr_spmv_vectorized_static_veclen_8_no_cpy iter 3: 12.515 ms
Run time csr_spmv_vectorized_static_veclen_8_no_cpy iter 4: 12.821 ms
Run time csr_spmv_vectorized_static_veclen_8_no_cpy iter 5: 12.515 ms
Run time csr_spmv_vectorized_static_veclen_8_no_cpy iter 6: 12.565 ms
Run time csr_spmv_vectorized_static_veclen_8_no_cpy iter 7: 12.769 ms
Run time csr_spmv_vectorized_static_veclen_8_no_cpy iter 8: 12.466 ms
Run time csr_spmv_vectorized_static_veclen_8_no_cpy iter 9: 12.454 ms
Run time csr_spmv_vectorized_static_veclen_8_cpy iter 0: 12.324 ms
Run time csr_spmv_vectorized_static_veclen_8_cpy iter 1: 12.003 ms
Run time csr_spmv_vectorized_static_veclen_8_cpy iter 2: 12.023 ms
Run time csr_spmv_vectorized_static_veclen_8_cpy iter 3: 12.215 ms
Run time csr_spmv_vectorized_static_veclen_8_cpy iter 4: 12.280 ms
Run time csr_spmv_vectorized_static_veclen_8_cpy iter 5: 12.513 ms
Run time csr_spmv_vectorized_static_veclen_8_cpy iter 6: 12.241 ms
Run time csr_spmv_vectorized_static_veclen_8_cpy iter 7: 12.193 ms
Run time csr_spmv_vectorized_static_veclen_8_cpy iter 8: 12.007 ms
Run time csr_spmv_vectorized_static_veclen_8_cpy iter 9: 11.846 ms
Run time csr_spmv_vectorized_static_veclen_16_no_cpy iter 0: 15.391 ms
Run time csr_spmv_vectorized_static_veclen_16_no_cpy iter 1: 15.174 ms
Run time csr_spmv_vectorized_static_veclen_16_no_cpy iter 2: 15.769 ms
Run time csr_spmv_vectorized_static_veclen_16_no_cpy iter 3: 15.931 ms
Run time csr_spmv_vectorized_static_veclen_16_no_cpy iter 4: 15.316 ms
Run time csr_spmv_vectorized_static_veclen_16_no_cpy iter 5: 15.775 ms
Run time csr_spmv_vectorized_static_veclen_16_no_cpy iter 6: 15.224 ms
Run time csr_spmv_vectorized_static_veclen_16_no_cpy iter 7: 15.256 ms
Run time csr_spmv_vectorized_static_veclen_16_no_cpy iter 8: 15.189 ms
Run time csr_spmv_vectorized_static_veclen_16_no_cpy iter 9: 15.143 ms
Run time csr_spmv_vectorized_static_veclen_16_cpy iter 0: 20.253 ms
Run time csr_spmv_vectorized_static_veclen_16_cpy iter 1: 19.770 ms
Run time csr_spmv_vectorized_static_veclen_16_cpy iter 2: 19.464 ms
Run time csr_spmv_vectorized_static_veclen_16_cpy iter 3: 20.066 ms
Run time csr_spmv_vectorized_static_veclen_16_cpy iter 4: 20.235 ms
Run time csr_spmv_vectorized_static_veclen_16_cpy iter 5: 19.814 ms
Run time csr_spmv_vectorized_static_veclen_16_cpy iter 6: 20.197 ms
Run time csr_spmv_vectorized_static_veclen_16_cpy iter 7: 19.550 ms
Run time csr_spmv_vectorized_static_veclen_16_cpy iter 8: 19.578 ms
Run time csr_spmv_vectorized_static_veclen_16_cpy iter 9: 19.885 ms
Run time csr_spmv_vectorized_static_veclen_32_no_cpy iter 0: 14.936 ms
Run time csr_spmv_vectorized_static_veclen_32_no_cpy iter 1: 14.516 ms
Run time csr_spmv_vectorized_static_veclen_32_no_cpy iter 2: 14.658 ms
Run time csr_spmv_vectorized_static_veclen_32_no_cpy iter 3: 14.506 ms
Run time csr_spmv_vectorized_static_veclen_32_no_cpy iter 4: 14.512 ms
Run time csr_spmv_vectorized_static_veclen_32_no_cpy iter 5: 14.865 ms
Run time csr_spmv_vectorized_static_veclen_32_no_cpy iter 6: 14.650 ms
Run time csr_spmv_vectorized_static_veclen_32_no_cpy iter 7: 14.477 ms
Run time csr_spmv_vectorized_static_veclen_32_no_cpy iter 8: 14.632 ms
Run time csr_spmv_vectorized_static_veclen_32_no_cpy iter 9: 14.495 ms
Run time csr_spmv_vectorized_static_veclen_32_cpy iter 0: 19.422 ms
Run time csr_spmv_vectorized_static_veclen_32_cpy iter 1: 19.223 ms
Run time csr_spmv_vectorized_static_veclen_32_cpy iter 2: 19.263 ms
Run time csr_spmv_vectorized_static_veclen_32_cpy iter 3: 19.293 ms
Run time csr_spmv_vectorized_static_veclen_32_cpy iter 4: 19.341 ms
Run time csr_spmv_vectorized_static_veclen_32_cpy iter 5: 19.190 ms
Run time csr_spmv_vectorized_static_veclen_32_cpy iter 6: 19.594 ms
Run time csr_spmv_vectorized_static_veclen_32_cpy iter 7: 18.882 ms
Run time csr_spmv_vectorized_static_veclen_32_cpy iter 8: 18.863 ms
Run time csr_spmv_vectorized_static_veclen_32_cpy iter 9: 19.130 ms
Run time csr_spmv_vectorized_static_veclen_64_no_cpy iter 0: 15.473 ms
Run time csr_spmv_vectorized_static_veclen_64_no_cpy iter 1: 15.246 ms
Run time csr_spmv_vectorized_static_veclen_64_no_cpy iter 2: 15.256 ms
Run time csr_spmv_vectorized_static_veclen_64_no_cpy iter 3: 15.241 ms
Run time csr_spmv_vectorized_static_veclen_64_no_cpy iter 4: 15.464 ms
Run time csr_spmv_vectorized_static_veclen_64_no_cpy iter 5: 15.218 ms
Run time csr_spmv_vectorized_static_veclen_64_no_cpy iter 6: 15.273 ms
Run time csr_spmv_vectorized_static_veclen_64_no_cpy iter 7: 15.181 ms
Run time csr_spmv_vectorized_static_veclen_64_no_cpy iter 8: 15.567 ms
Run time csr_spmv_vectorized_static_veclen_64_no_cpy iter 9: 15.361 ms
Run time csr_spmv_vectorized_static_veclen_64_cpy iter 0: 24.183 ms
Run time csr_spmv_vectorized_static_veclen_64_cpy iter 1: 23.956 ms
Run time csr_spmv_vectorized_static_veclen_64_cpy iter 2: 23.983 ms
Run time csr_spmv_vectorized_static_veclen_64_cpy iter 3: 24.369 ms
Run time csr_spmv_vectorized_static_veclen_64_cpy iter 4: 23.993 ms
Run time csr_spmv_vectorized_static_veclen_64_cpy iter 5: 23.932 ms
Run time csr_spmv_vectorized_static_veclen_64_cpy iter 6: 23.987 ms
Run time csr_spmv_vectorized_static_veclen_64_cpy iter 7: 24.031 ms
Run time csr_spmv_vectorized_static_veclen_64_cpy iter 8: 23.778 ms
Run time csr_spmv_vectorized_static_veclen_64_cpy iter 9: 23.847 ms
Run time csr_spmv_vectorized_static_veclen_128_no_cpy iter 0: 17.103 ms
Run time csr_spmv_vectorized_static_veclen_128_no_cpy iter 1: 17.124 ms
Run time csr_spmv_vectorized_static_veclen_128_no_cpy iter 2: 17.032 ms
Run time csr_spmv_vectorized_static_veclen_128_no_cpy iter 3: 17.529 ms
Run time csr_spmv_vectorized_static_veclen_128_no_cpy iter 4: 17.231 ms
Run time csr_spmv_vectorized_static_veclen_128_no_cpy iter 5: 17.076 ms
Run time csr_spmv_vectorized_static_veclen_128_no_cpy iter 6: 17.099 ms
Run time csr_spmv_vectorized_static_veclen_128_no_cpy iter 7: 17.050 ms
Run time csr_spmv_vectorized_static_veclen_128_no_cpy iter 8: 17.234 ms
Run time csr_spmv_vectorized_static_veclen_128_no_cpy iter 9: 17.021 ms
Run time csr_spmv_vectorized_static_veclen_128_cpy iter 0: 41.234 ms
Run time csr_spmv_vectorized_static_veclen_128_cpy iter 1: 41.160 ms
Run time csr_spmv_vectorized_static_veclen_128_cpy iter 2: 41.319 ms
Run time csr_spmv_vectorized_static_veclen_128_cpy iter 3: 39.808 ms
Run time csr_spmv_vectorized_static_veclen_128_cpy iter 4: 38.749 ms
Run time csr_spmv_vectorized_static_veclen_128_cpy iter 5: 40.659 ms
Run time csr_spmv_vectorized_static_veclen_128_cpy iter 6: 41.344 ms
Run time csr_spmv_vectorized_static_veclen_128_cpy iter 7: 41.111 ms
Run time csr_spmv_vectorized_static_veclen_128_cpy iter 8: 41.080 ms
Run time csr_spmv_vectorized_static_veclen_128_cpy iter 9: 38.597 ms
Saved timing results to csr_spmv_timings_1_core.csv.csv
Run time spmv_csr iter 0: 66.876 ms
Run time spmv_csr iter 1: 66.829 ms
Run time spmv_csr iter 2: 66.842 ms
Run time spmv_csr iter 3: 67.131 ms
Run time spmv_csr iter 4: 67.169 ms
Run time spmv_csr iter 5: 66.817 ms
Run time spmv_csr iter 6: 67.117 ms
Run time spmv_csr iter 7: 67.578 ms
Run time spmv_csr iter 8: 66.661 ms
Run time spmv_csr iter 9: 66.824 ms
Run time csr_spmv_vectorized_static_veclen_8_no_cpy iter 0: 50.340 ms
Run time csr_spmv_vectorized_static_veclen_8_no_cpy iter 1: 50.388 ms
Run time csr_spmv_vectorized_static_veclen_8_no_cpy iter 2: 50.157 ms
Run time csr_spmv_vectorized_static_veclen_8_no_cpy iter 3: 50.613 ms
Run time csr_spmv_vectorized_static_veclen_8_no_cpy iter 4: 50.140 ms
Run time csr_spmv_vectorized_static_veclen_8_no_cpy iter 5: 50.329 ms
Run time csr_spmv_vectorized_static_veclen_8_no_cpy iter 6: 50.332 ms
Run time csr_spmv_vectorized_static_veclen_8_no_cpy iter 7: 50.448 ms
Run time csr_spmv_vectorized_static_veclen_8_no_cpy iter 8: 50.221 ms
Run time csr_spmv_vectorized_static_veclen_8_no_cpy iter 9: 50.821 ms
Run time csr_spmv_vectorized_static_veclen_8_cpy iter 0: 48.634 ms
Run time csr_spmv_vectorized_static_veclen_8_cpy iter 1: 48.937 ms
Run time csr_spmv_vectorized_static_veclen_8_cpy iter 2: 48.640 ms
Run time csr_spmv_vectorized_static_veclen_8_cpy iter 3: 48.924 ms
Run time csr_spmv_vectorized_static_veclen_8_cpy iter 4: 48.521 ms
Run time csr_spmv_vectorized_static_veclen_8_cpy iter 5: 49.078 ms
Run time csr_spmv_vectorized_static_veclen_8_cpy iter 6: 48.595 ms
Run time csr_spmv_vectorized_static_veclen_8_cpy iter 7: 48.815 ms
Run time csr_spmv_vectorized_static_veclen_8_cpy iter 8: 48.563 ms
Run time csr_spmv_vectorized_static_veclen_8_cpy iter 9: 48.838 ms
Run time csr_spmv_vectorized_static_veclen_16_no_cpy iter 0: 62.712 ms
Run time csr_spmv_vectorized_static_veclen_16_no_cpy iter 1: 62.378 ms
Run time csr_spmv_vectorized_static_veclen_16_no_cpy iter 2: 62.312 ms
Run time csr_spmv_vectorized_static_veclen_16_no_cpy iter 3: 63.088 ms
Run time csr_spmv_vectorized_static_veclen_16_no_cpy iter 4: 62.149 ms
Run time csr_spmv_vectorized_static_veclen_16_no_cpy iter 5: 62.772 ms
Run time csr_spmv_vectorized_static_veclen_16_no_cpy iter 6: 62.491 ms
Run time csr_spmv_vectorized_static_veclen_16_no_cpy iter 7: 62.430 ms
Run time csr_spmv_vectorized_static_veclen_16_no_cpy iter 8: 62.629 ms
Run time csr_spmv_vectorized_static_veclen_16_no_cpy iter 9: 62.284 ms
Run time csr_spmv_vectorized_static_veclen_16_cpy iter 0: 76.109 ms
Run time csr_spmv_vectorized_static_veclen_16_cpy iter 1: 75.783 ms
Run time csr_spmv_vectorized_static_veclen_16_cpy iter 2: 75.809 ms
Run time csr_spmv_vectorized_static_veclen_16_cpy iter 3: 75.801 ms
Run time csr_spmv_vectorized_static_veclen_16_cpy iter 4: 75.951 ms
Run time csr_spmv_vectorized_static_veclen_16_cpy iter 5: 75.872 ms
Run time csr_spmv_vectorized_static_veclen_16_cpy iter 6: 76.211 ms
Run time csr_spmv_vectorized_static_veclen_16_cpy iter 7: 75.825 ms
Run time csr_spmv_vectorized_static_veclen_16_cpy iter 8: 76.018 ms
Run time csr_spmv_vectorized_static_veclen_16_cpy iter 9: 75.752 ms
Run time csr_spmv_vectorized_static_veclen_32_no_cpy iter 0: 59.074 ms
Run time csr_spmv_vectorized_static_veclen_32_no_cpy iter 1: 59.600 ms
Run time csr_spmv_vectorized_static_veclen_32_no_cpy iter 2: 59.359 ms
Run time csr_spmv_vectorized_static_veclen_32_no_cpy iter 3: 59.414 ms
Run time csr_spmv_vectorized_static_veclen_32_no_cpy iter 4: 59.165 ms
Run time csr_spmv_vectorized_static_veclen_32_no_cpy iter 5: 59.582 ms
Run time csr_spmv_vectorized_static_veclen_32_no_cpy iter 6: 59.694 ms
Run time csr_spmv_vectorized_static_veclen_32_no_cpy iter 7: 59.591 ms
Run time csr_spmv_vectorized_static_veclen_32_no_cpy iter 8: 59.687 ms
Run time csr_spmv_vectorized_static_veclen_32_no_cpy iter 9: 59.346 ms
Run time csr_spmv_vectorized_static_veclen_32_cpy iter 0: 79.905 ms
Run time csr_spmv_vectorized_static_veclen_32_cpy iter 1: 80.261 ms
Run time csr_spmv_vectorized_static_veclen_32_cpy iter 2: 81.110 ms
Run time csr_spmv_vectorized_static_veclen_32_cpy iter 3: 80.473 ms
Run time csr_spmv_vectorized_static_veclen_32_cpy iter 4: 81.291 ms
Run time csr_spmv_vectorized_static_veclen_32_cpy iter 5: 80.621 ms
Run time csr_spmv_vectorized_static_veclen_32_cpy iter 6: 80.791 ms
Run time csr_spmv_vectorized_static_veclen_32_cpy iter 7: 81.057 ms
Run time csr_spmv_vectorized_static_veclen_32_cpy iter 8: 81.047 ms
Run time csr_spmv_vectorized_static_veclen_32_cpy iter 9: 81.363 ms
Run time csr_spmv_vectorized_static_veclen_64_no_cpy iter 0: 61.488 ms
Run time csr_spmv_vectorized_static_veclen_64_no_cpy iter 1: 61.707 ms
Run time csr_spmv_vectorized_static_veclen_64_no_cpy iter 2: 61.230 ms
Run time csr_spmv_vectorized_static_veclen_64_no_cpy iter 3: 61.815 ms
Run time csr_spmv_vectorized_static_veclen_64_no_cpy iter 4: 61.293 ms
Run time csr_spmv_vectorized_static_veclen_64_no_cpy iter 5: 61.669 ms
Run time csr_spmv_vectorized_static_veclen_64_no_cpy iter 6: 61.453 ms
Run time csr_spmv_vectorized_static_veclen_64_no_cpy iter 7: 61.537 ms
Run time csr_spmv_vectorized_static_veclen_64_no_cpy iter 8: 61.370 ms
Run time csr_spmv_vectorized_static_veclen_64_no_cpy iter 9: 62.143 ms
Run time csr_spmv_vectorized_static_veclen_64_cpy iter 0: 107.431 ms
Run time csr_spmv_vectorized_static_veclen_64_cpy iter 1: 106.978 ms
Run time csr_spmv_vectorized_static_veclen_64_cpy iter 2: 107.690 ms
Run time csr_spmv_vectorized_static_veclen_64_cpy iter 3: 107.347 ms
Run time csr_spmv_vectorized_static_veclen_64_cpy iter 4: 107.142 ms
Run time csr_spmv_vectorized_static_veclen_64_cpy iter 5: 107.419 ms
Run time csr_spmv_vectorized_static_veclen_64_cpy iter 6: 107.336 ms
Run time csr_spmv_vectorized_static_veclen_64_cpy iter 7: 107.820 ms
Run time csr_spmv_vectorized_static_veclen_64_cpy iter 8: 108.282 ms
Run time csr_spmv_vectorized_static_veclen_64_cpy iter 9: 107.341 ms
Run time csr_spmv_vectorized_static_veclen_128_no_cpy iter 0: 67.136 ms
Run time csr_spmv_vectorized_static_veclen_128_no_cpy iter 1: 66.896 ms
Run time csr_spmv_vectorized_static_veclen_128_no_cpy iter 2: 67.211 ms
Run time csr_spmv_vectorized_static_veclen_128_no_cpy iter 3: 66.579 ms
Run time csr_spmv_vectorized_static_veclen_128_no_cpy iter 4: 66.872 ms
Run time csr_spmv_vectorized_static_veclen_128_no_cpy iter 5: 66.507 ms
Run time csr_spmv_vectorized_static_veclen_128_no_cpy iter 6: 66.881 ms
Run time csr_spmv_vectorized_static_veclen_128_no_cpy iter 7: 67.135 ms
Run time csr_spmv_vectorized_static_veclen_128_no_cpy iter 8: 66.790 ms
Run time csr_spmv_vectorized_static_veclen_128_no_cpy iter 9: 66.869 ms
Run time csr_spmv_vectorized_static_veclen_128_cpy iter 0: 156.475 ms
Run time csr_spmv_vectorized_static_veclen_128_cpy iter 1: 156.148 ms
Run time csr_spmv_vectorized_static_veclen_128_cpy iter 2: 156.299 ms
Run time csr_spmv_vectorized_static_veclen_128_cpy iter 3: 156.322 ms
Run time csr_spmv_vectorized_static_veclen_128_cpy iter 4: 156.038 ms
Run time csr_spmv_vectorized_static_veclen_128_cpy iter 5: 155.897 ms
Run time csr_spmv_vectorized_static_veclen_128_cpy iter 6: 156.363 ms
Run time csr_spmv_vectorized_static_veclen_128_cpy iter 7: 155.995 ms
Run time csr_spmv_vectorized_static_veclen_128_cpy iter 8: 156.215 ms
Run time csr_spmv_vectorized_static_veclen_128_cpy iter 9: 156.379 ms
Saved timing results to csr_spmv_timings_1_core.csv.csv
