Physical cores: 128
Run time spmv_csr iter 0: 1.039 ms
Run time spmv_csr iter 1: 0.999 ms
Run time spmv_csr iter 2: 1.058 ms
Run time spmv_csr iter 3: 1.032 ms
Run time spmv_csr iter 4: 1.025 ms
Run time spmv_csr iter 5: 1.023 ms
Run time spmv_csr iter 6: 0.984 ms
Run time spmv_csr iter 7: 1.003 ms
Run time spmv_csr iter 8: 1.024 ms
Run time spmv_csr iter 9: 1.008 ms
Run time csr_spmv_vectorized_static_veclen_8_no_cpy iter 0: 0.796 ms
Run time csr_spmv_vectorized_static_veclen_8_no_cpy iter 1: 0.823 ms
Run time csr_spmv_vectorized_static_veclen_8_no_cpy iter 2: 0.809 ms
Run time csr_spmv_vectorized_static_veclen_8_no_cpy iter 3: 0.793 ms
Run time csr_spmv_vectorized_static_veclen_8_no_cpy iter 4: 0.821 ms
Run time csr_spmv_vectorized_static_veclen_8_no_cpy iter 5: 0.818 ms
Run time csr_spmv_vectorized_static_veclen_8_no_cpy iter 6: 0.787 ms
Run time csr_spmv_vectorized_static_veclen_8_no_cpy iter 7: 0.783 ms
Run time csr_spmv_vectorized_static_veclen_8_no_cpy iter 8: 0.800 ms
Run time csr_spmv_vectorized_static_veclen_8_no_cpy iter 9: 0.796 ms
Run time csr_spmv_vectorized_static_veclen_8_cpy iter 0: 0.809 ms
Run time csr_spmv_vectorized_static_veclen_8_cpy iter 1: 0.719 ms
Run time csr_spmv_vectorized_static_veclen_8_cpy iter 2: 0.726 ms
Run time csr_spmv_vectorized_static_veclen_8_cpy iter 3: 0.733 ms
Run time csr_spmv_vectorized_static_veclen_8_cpy iter 4: 0.715 ms
Run time csr_spmv_vectorized_static_veclen_8_cpy iter 5: 0.749 ms
Run time csr_spmv_vectorized_static_veclen_8_cpy iter 6: 0.716 ms
Run time csr_spmv_vectorized_static_veclen_8_cpy iter 7: 0.694 ms
Run time csr_spmv_vectorized_static_veclen_8_cpy iter 8: 0.690 ms
Run time csr_spmv_vectorized_static_veclen_8_cpy iter 9: 0.715 ms
Run time csr_spmv_vectorized_static_veclen_16_no_cpy iter 0: 0.936 ms
Run time csr_spmv_vectorized_static_veclen_16_no_cpy iter 1: 0.970 ms
Run time csr_spmv_vectorized_static_veclen_16_no_cpy iter 2: 0.896 ms
Run time csr_spmv_vectorized_static_veclen_16_no_cpy iter 3: 0.898 ms
Run time csr_spmv_vectorized_static_veclen_16_no_cpy iter 4: 0.912 ms
Run time csr_spmv_vectorized_static_veclen_16_no_cpy iter 5: 0.901 ms
Run time csr_spmv_vectorized_static_veclen_16_no_cpy iter 6: 1.319 ms
Run time csr_spmv_vectorized_static_veclen_16_no_cpy iter 7: 0.946 ms
Run time csr_spmv_vectorized_static_veclen_16_no_cpy iter 8: 1.690 ms
Run time csr_spmv_vectorized_static_veclen_16_no_cpy iter 9: 0.911 ms
Run time csr_spmv_vectorized_static_veclen_16_cpy iter 0: 1.269 ms
Run time csr_spmv_vectorized_static_veclen_16_cpy iter 1: 1.109 ms
Run time csr_spmv_vectorized_static_veclen_16_cpy iter 2: 1.127 ms
Run time csr_spmv_vectorized_static_veclen_16_cpy iter 3: 1.124 ms
Run time csr_spmv_vectorized_static_veclen_16_cpy iter 4: 1.133 ms
Run time csr_spmv_vectorized_static_veclen_16_cpy iter 5: 1.119 ms
Run time csr_spmv_vectorized_static_veclen_16_cpy iter 6: 1.132 ms
Run time csr_spmv_vectorized_static_veclen_16_cpy iter 7: 1.128 ms
Run time csr_spmv_vectorized_static_veclen_16_cpy iter 8: 1.128 ms
Run time csr_spmv_vectorized_static_veclen_16_cpy iter 9: 1.132 ms
Run time csr_spmv_vectorized_static_veclen_32_no_cpy iter 0: 0.910 ms
Run time csr_spmv_vectorized_static_veclen_32_no_cpy iter 1: 0.858 ms
Run time csr_spmv_vectorized_static_veclen_32_no_cpy iter 2: 0.857 ms
Run time csr_spmv_vectorized_static_veclen_32_no_cpy iter 3: 0.859 ms
Run time csr_spmv_vectorized_static_veclen_32_no_cpy iter 4: 0.917 ms
Run time csr_spmv_vectorized_static_veclen_32_no_cpy iter 5: 0.858 ms
Run time csr_spmv_vectorized_static_veclen_32_no_cpy iter 6: 0.838 ms
Run time csr_spmv_vectorized_static_veclen_32_no_cpy iter 7: 0.868 ms
Run time csr_spmv_vectorized_static_veclen_32_no_cpy iter 8: 0.870 ms
Run time csr_spmv_vectorized_static_veclen_32_no_cpy iter 9: 0.868 ms
Run time csr_spmv_vectorized_static_veclen_32_cpy iter 0: 1.118 ms
Run time csr_spmv_vectorized_static_veclen_32_cpy iter 1: 1.132 ms
Run time csr_spmv_vectorized_static_veclen_32_cpy iter 2: 1.118 ms
Run time csr_spmv_vectorized_static_veclen_32_cpy iter 3: 1.137 ms
Run time csr_spmv_vectorized_static_veclen_32_cpy iter 4: 1.110 ms
Run time csr_spmv_vectorized_static_veclen_32_cpy iter 5: 1.116 ms
Run time csr_spmv_vectorized_static_veclen_32_cpy iter 6: 1.095 ms
Run time csr_spmv_vectorized_static_veclen_32_cpy iter 7: 1.115 ms
Run time csr_spmv_vectorized_static_veclen_32_cpy iter 8: 1.116 ms
Run time csr_spmv_vectorized_static_veclen_32_cpy iter 9: 1.199 ms
Saved timing results to csr_spmv_timings_1_core.csv.csv
Run time spmv_csr iter 0: 4.019 ms
Run time spmv_csr iter 1: 4.041 ms
Run time spmv_csr iter 2: 3.997 ms
Run time spmv_csr iter 3: 4.029 ms
Run time spmv_csr iter 4: 4.013 ms
Run time spmv_csr iter 5: 4.103 ms
Run time spmv_csr iter 6: 3.996 ms
Run time spmv_csr iter 7: 4.032 ms
Run time spmv_csr iter 8: 4.038 ms
Run time spmv_csr iter 9: 4.033 ms
Run time csr_spmv_vectorized_static_veclen_8_no_cpy iter 0: 3.126 ms
Run time csr_spmv_vectorized_static_veclen_8_no_cpy iter 1: 3.145 ms
Run time csr_spmv_vectorized_static_veclen_8_no_cpy iter 2: 3.124 ms
Run time csr_spmv_vectorized_static_veclen_8_no_cpy iter 3: 3.107 ms
Run time csr_spmv_vectorized_static_veclen_8_no_cpy iter 4: 3.149 ms
Run time csr_spmv_vectorized_static_veclen_8_no_cpy iter 5: 3.170 ms
Run time csr_spmv_vectorized_static_veclen_8_no_cpy iter 6: 3.150 ms
Run time csr_spmv_vectorized_static_veclen_8_no_cpy iter 7: 3.229 ms
Run time csr_spmv_vectorized_static_veclen_8_no_cpy iter 8: 3.167 ms
Run time csr_spmv_vectorized_static_veclen_8_no_cpy iter 9: 3.171 ms
Run time csr_spmv_vectorized_static_veclen_8_cpy iter 0: 3.112 ms
Run time csr_spmv_vectorized_static_veclen_8_cpy iter 1: 3.107 ms
Run time csr_spmv_vectorized_static_veclen_8_cpy iter 2: 3.008 ms
Run time csr_spmv_vectorized_static_veclen_8_cpy iter 3: 3.033 ms
Run time csr_spmv_vectorized_static_veclen_8_cpy iter 4: 3.068 ms
Run time csr_spmv_vectorized_static_veclen_8_cpy iter 5: 2.997 ms
Run time csr_spmv_vectorized_static_veclen_8_cpy iter 6: 3.029 ms
Run time csr_spmv_vectorized_static_veclen_8_cpy iter 7: 3.074 ms
Run time csr_spmv_vectorized_static_veclen_8_cpy iter 8: 3.053 ms
Run time csr_spmv_vectorized_static_veclen_8_cpy iter 9: 3.024 ms
Run time csr_spmv_vectorized_static_veclen_16_no_cpy iter 0: 3.879 ms
Run time csr_spmv_vectorized_static_veclen_16_no_cpy iter 1: 3.912 ms
Run time csr_spmv_vectorized_static_veclen_16_no_cpy iter 2: 3.886 ms
Run time csr_spmv_vectorized_static_veclen_16_no_cpy iter 3: 3.841 ms
Run time csr_spmv_vectorized_static_veclen_16_no_cpy iter 4: 3.882 ms
Run time csr_spmv_vectorized_static_veclen_16_no_cpy iter 5: 3.825 ms
Run time csr_spmv_vectorized_static_veclen_16_no_cpy iter 6: 3.845 ms
Run time csr_spmv_vectorized_static_veclen_16_no_cpy iter 7: 3.865 ms
Run time csr_spmv_vectorized_static_veclen_16_no_cpy iter 8: 3.852 ms
Run time csr_spmv_vectorized_static_veclen_16_no_cpy iter 9: 3.873 ms
Run time csr_spmv_vectorized_static_veclen_16_cpy iter 0: 5.490 ms
Run time csr_spmv_vectorized_static_veclen_16_cpy iter 1: 4.946 ms
Run time csr_spmv_vectorized_static_veclen_16_cpy iter 2: 4.677 ms
Run time csr_spmv_vectorized_static_veclen_16_cpy iter 3: 4.684 ms
Run time csr_spmv_vectorized_static_veclen_16_cpy iter 4: 4.990 ms
Run time csr_spmv_vectorized_static_veclen_16_cpy iter 5: 4.683 ms
Run time csr_spmv_vectorized_static_veclen_16_cpy iter 6: 4.722 ms
Run time csr_spmv_vectorized_static_veclen_16_cpy iter 7: 5.782 ms
Run time csr_spmv_vectorized_static_veclen_16_cpy iter 8: 4.889 ms
Run time csr_spmv_vectorized_static_veclen_16_cpy iter 9: 5.217 ms
Run time csr_spmv_vectorized_static_veclen_32_no_cpy iter 0: 4.054 ms
Run time csr_spmv_vectorized_static_veclen_32_no_cpy iter 1: 3.741 ms
Run time csr_spmv_vectorized_static_veclen_32_no_cpy iter 2: 3.643 ms
Run time csr_spmv_vectorized_static_veclen_32_no_cpy iter 3: 3.642 ms
Run time csr_spmv_vectorized_static_veclen_32_no_cpy iter 4: 3.595 ms
Run time csr_spmv_vectorized_static_veclen_32_no_cpy iter 5: 3.644 ms
Run time csr_spmv_vectorized_static_veclen_32_no_cpy iter 6: 3.642 ms
Run time csr_spmv_vectorized_static_veclen_32_no_cpy iter 7: 3.644 ms
Run time csr_spmv_vectorized_static_veclen_32_no_cpy iter 8: 3.647 ms
Run time csr_spmv_vectorized_static_veclen_32_no_cpy iter 9: 3.623 ms
Run time csr_spmv_vectorized_static_veclen_32_cpy iter 0: 5.104 ms
Run time csr_spmv_vectorized_static_veclen_32_cpy iter 1: 5.083 ms
Run time csr_spmv_vectorized_static_veclen_32_cpy iter 2: 4.914 ms
Run time csr_spmv_vectorized_static_veclen_32_cpy iter 3: 4.995 ms
Run time csr_spmv_vectorized_static_veclen_32_cpy iter 4: 4.950 ms
Run time csr_spmv_vectorized_static_veclen_32_cpy iter 5: 4.916 ms
Run time csr_spmv_vectorized_static_veclen_32_cpy iter 6: 5.059 ms
Run time csr_spmv_vectorized_static_veclen_32_cpy iter 7: 4.924 ms
Run time csr_spmv_vectorized_static_veclen_32_cpy iter 8: 4.964 ms
Run time csr_spmv_vectorized_static_veclen_32_cpy iter 9: 4.957 ms
Saved timing results to csr_spmv_timings_1_core.csv.csv
Run time spmv_csr iter 0: 17.094 ms
Run time spmv_csr iter 1: 17.140 ms
Run time spmv_csr iter 2: 16.881 ms
Run time spmv_csr iter 3: 16.476 ms
Run time spmv_csr iter 4: 16.823 ms
Run time spmv_csr iter 5: 16.765 ms
Run time spmv_csr iter 6: 16.535 ms
Run time spmv_csr iter 7: 16.543 ms
Run time spmv_csr iter 8: 16.615 ms
Run time spmv_csr iter 9: 16.614 ms
Run time csr_spmv_vectorized_static_veclen_8_no_cpy iter 0: 13.627 ms
Run time csr_spmv_vectorized_static_veclen_8_no_cpy iter 1: 12.796 ms
Run time csr_spmv_vectorized_static_veclen_8_no_cpy iter 2: 12.359 ms
Run time csr_spmv_vectorized_static_veclen_8_no_cpy iter 3: 12.693 ms
Run time csr_spmv_vectorized_static_veclen_8_no_cpy iter 4: 15.337 ms
Run time csr_spmv_vectorized_static_veclen_8_no_cpy iter 5: 12.427 ms
Run time csr_spmv_vectorized_static_veclen_8_no_cpy iter 6: 12.429 ms
Run time csr_spmv_vectorized_static_veclen_8_no_cpy iter 7: 12.425 ms
Run time csr_spmv_vectorized_static_veclen_8_no_cpy iter 8: 12.871 ms
Run time csr_spmv_vectorized_static_veclen_8_no_cpy iter 9: 12.449 ms
Run time csr_spmv_vectorized_static_veclen_8_cpy iter 0: 12.066 ms
Run time csr_spmv_vectorized_static_veclen_8_cpy iter 1: 12.041 ms
Run time csr_spmv_vectorized_static_veclen_8_cpy iter 2: 12.020 ms
Run time csr_spmv_vectorized_static_veclen_8_cpy iter 3: 11.959 ms
Run time csr_spmv_vectorized_static_veclen_8_cpy iter 4: 12.281 ms
Run time csr_spmv_vectorized_static_veclen_8_cpy iter 5: 11.914 ms
Run time csr_spmv_vectorized_static_veclen_8_cpy iter 6: 11.817 ms
Run time csr_spmv_vectorized_static_veclen_8_cpy iter 7: 11.816 ms
Run time csr_spmv_vectorized_static_veclen_8_cpy iter 8: 11.811 ms
Run time csr_spmv_vectorized_static_veclen_8_cpy iter 9: 12.065 ms
Run time csr_spmv_vectorized_static_veclen_16_no_cpy iter 0: 15.018 ms
Run time csr_spmv_vectorized_static_veclen_16_no_cpy iter 1: 14.823 ms
Run time csr_spmv_vectorized_static_veclen_16_no_cpy iter 2: 15.128 ms
Run time csr_spmv_vectorized_static_veclen_16_no_cpy iter 3: 14.816 ms
Run time csr_spmv_vectorized_static_veclen_16_no_cpy iter 4: 15.312 ms
Run time csr_spmv_vectorized_static_veclen_16_no_cpy iter 5: 14.779 ms
Run time csr_spmv_vectorized_static_veclen_16_no_cpy iter 6: 15.169 ms
Run time csr_spmv_vectorized_static_veclen_16_no_cpy iter 7: 14.809 ms
Run time csr_spmv_vectorized_static_veclen_16_no_cpy iter 8: 15.061 ms
Run time csr_spmv_vectorized_static_veclen_16_no_cpy iter 9: 14.746 ms
Run time csr_spmv_vectorized_static_veclen_16_cpy iter 0: 19.400 ms
Run time csr_spmv_vectorized_static_veclen_16_cpy iter 1: 18.817 ms
Run time csr_spmv_vectorized_static_veclen_16_cpy iter 2: 18.809 ms
Run time csr_spmv_vectorized_static_veclen_16_cpy iter 3: 19.131 ms
Run time csr_spmv_vectorized_static_veclen_16_cpy iter 4: 18.771 ms
Run time csr_spmv_vectorized_static_veclen_16_cpy iter 5: 18.804 ms
Run time csr_spmv_vectorized_static_veclen_16_cpy iter 6: 19.017 ms
Run time csr_spmv_vectorized_static_veclen_16_cpy iter 7: 19.246 ms
Run time csr_spmv_vectorized_static_veclen_16_cpy iter 8: 18.813 ms
Run time csr_spmv_vectorized_static_veclen_16_cpy iter 9: 18.898 ms
Run time csr_spmv_vectorized_static_veclen_32_no_cpy iter 0: 14.546 ms
Run time csr_spmv_vectorized_static_veclen_32_no_cpy iter 1: 14.708 ms
Run time csr_spmv_vectorized_static_veclen_32_no_cpy iter 2: 14.505 ms
Run time csr_spmv_vectorized_static_veclen_32_no_cpy iter 3: 15.070 ms
Run time csr_spmv_vectorized_static_veclen_32_no_cpy iter 4: 14.490 ms
Run time csr_spmv_vectorized_static_veclen_32_no_cpy iter 5: 14.487 ms
Run time csr_spmv_vectorized_static_veclen_32_no_cpy iter 6: 14.343 ms
Run time csr_spmv_vectorized_static_veclen_32_no_cpy iter 7: 14.771 ms
Run time csr_spmv_vectorized_static_veclen_32_no_cpy iter 8: 14.560 ms
Run time csr_spmv_vectorized_static_veclen_32_no_cpy iter 9: 14.622 ms
Run time csr_spmv_vectorized_static_veclen_32_cpy iter 0: 19.888 ms
Run time csr_spmv_vectorized_static_veclen_32_cpy iter 1: 19.637 ms
Run time csr_spmv_vectorized_static_veclen_32_cpy iter 2: 20.179 ms
Run time csr_spmv_vectorized_static_veclen_32_cpy iter 3: 19.828 ms
Run time csr_spmv_vectorized_static_veclen_32_cpy iter 4: 19.714 ms
Run time csr_spmv_vectorized_static_veclen_32_cpy iter 5: 19.896 ms
Run time csr_spmv_vectorized_static_veclen_32_cpy iter 6: 20.124 ms
Run time csr_spmv_vectorized_static_veclen_32_cpy iter 7: 19.781 ms
Run time csr_spmv_vectorized_static_veclen_32_cpy iter 8: 20.197 ms
Run time csr_spmv_vectorized_static_veclen_32_cpy iter 9: 20.180 ms
Saved timing results to csr_spmv_timings_1_core.csv.csv
Run time spmv_csr iter 0: 67.286 ms
Run time spmv_csr iter 1: 67.493 ms
Run time spmv_csr iter 2: 67.085 ms
Run time spmv_csr iter 3: 67.309 ms
Run time spmv_csr iter 4: 67.065 ms
Run time spmv_csr iter 5: 67.398 ms
Run time spmv_csr iter 6: 67.181 ms
Run time spmv_csr iter 7: 67.487 ms
Run time spmv_csr iter 8: 67.247 ms
Run time spmv_csr iter 9: 67.510 ms
Run time csr_spmv_vectorized_static_veclen_8_no_cpy iter 0: 51.317 ms
Run time csr_spmv_vectorized_static_veclen_8_no_cpy iter 1: 51.488 ms
Run time csr_spmv_vectorized_static_veclen_8_no_cpy iter 2: 50.800 ms
Run time csr_spmv_vectorized_static_veclen_8_no_cpy iter 3: 51.228 ms
Run time csr_spmv_vectorized_static_veclen_8_no_cpy iter 4: 50.808 ms
Run time csr_spmv_vectorized_static_veclen_8_no_cpy iter 5: 51.260 ms
Run time csr_spmv_vectorized_static_veclen_8_no_cpy iter 6: 50.599 ms
Run time csr_spmv_vectorized_static_veclen_8_no_cpy iter 7: 58.808 ms
Run time csr_spmv_vectorized_static_veclen_8_no_cpy iter 8: 59.089 ms
Run time csr_spmv_vectorized_static_veclen_8_no_cpy iter 9: 58.393 ms
Run time csr_spmv_vectorized_static_veclen_8_cpy iter 0: 48.352 ms
Run time csr_spmv_vectorized_static_veclen_8_cpy iter 1: 50.511 ms
Run time csr_spmv_vectorized_static_veclen_8_cpy iter 2: 59.027 ms
Run time csr_spmv_vectorized_static_veclen_8_cpy iter 3: 56.548 ms
Run time csr_spmv_vectorized_static_veclen_8_cpy iter 4: 47.614 ms
Run time csr_spmv_vectorized_static_veclen_8_cpy iter 5: 55.596 ms
Run time csr_spmv_vectorized_static_veclen_8_cpy iter 6: 58.433 ms
Run time csr_spmv_vectorized_static_veclen_8_cpy iter 7: 58.676 ms
Run time csr_spmv_vectorized_static_veclen_8_cpy iter 8: 58.999 ms
Run time csr_spmv_vectorized_static_veclen_8_cpy iter 9: 60.218 ms
Run time csr_spmv_vectorized_static_veclen_16_no_cpy iter 0: 62.040 ms
Run time csr_spmv_vectorized_static_veclen_16_no_cpy iter 1: 61.541 ms
Run time csr_spmv_vectorized_static_veclen_16_no_cpy iter 2: 62.107 ms
Run time csr_spmv_vectorized_static_veclen_16_no_cpy iter 3: 61.328 ms
Run time csr_spmv_vectorized_static_veclen_16_no_cpy iter 4: 62.342 ms
Run time csr_spmv_vectorized_static_veclen_16_no_cpy iter 5: 67.035 ms
Run time csr_spmv_vectorized_static_veclen_16_no_cpy iter 6: 65.534 ms
Run time csr_spmv_vectorized_static_veclen_16_no_cpy iter 7: 67.104 ms
Run time csr_spmv_vectorized_static_veclen_16_no_cpy iter 8: 65.263 ms
Run time csr_spmv_vectorized_static_veclen_16_no_cpy iter 9: 65.216 ms
Run time csr_spmv_vectorized_static_veclen_16_cpy iter 0: 78.495 ms
Run time csr_spmv_vectorized_static_veclen_16_cpy iter 1: 77.902 ms
Run time csr_spmv_vectorized_static_veclen_16_cpy iter 2: 78.295 ms
Run time csr_spmv_vectorized_static_veclen_16_cpy iter 3: 77.737 ms
Run time csr_spmv_vectorized_static_veclen_16_cpy iter 4: 77.415 ms
Run time csr_spmv_vectorized_static_veclen_16_cpy iter 5: 78.633 ms
Run time csr_spmv_vectorized_static_veclen_16_cpy iter 6: 78.269 ms
Run time csr_spmv_vectorized_static_veclen_16_cpy iter 7: 77.442 ms
Run time csr_spmv_vectorized_static_veclen_16_cpy iter 8: 77.094 ms
Run time csr_spmv_vectorized_static_veclen_16_cpy iter 9: 76.961 ms
Run time csr_spmv_vectorized_static_veclen_32_no_cpy iter 0: 63.269 ms
Run time csr_spmv_vectorized_static_veclen_32_no_cpy iter 1: 62.673 ms
Run time csr_spmv_vectorized_static_veclen_32_no_cpy iter 2: 58.358 ms
Run time csr_spmv_vectorized_static_veclen_32_no_cpy iter 3: 60.475 ms
Run time csr_spmv_vectorized_static_veclen_32_no_cpy iter 4: 62.157 ms
Run time csr_spmv_vectorized_static_veclen_32_no_cpy iter 5: 59.211 ms
Run time csr_spmv_vectorized_static_veclen_32_no_cpy iter 6: 59.271 ms
Run time csr_spmv_vectorized_static_veclen_32_no_cpy iter 7: 59.828 ms
Run time csr_spmv_vectorized_static_veclen_32_no_cpy iter 8: 58.650 ms
Run time csr_spmv_vectorized_static_veclen_32_no_cpy iter 9: 58.755 ms
Run time csr_spmv_vectorized_static_veclen_32_cpy iter 0: 76.788 ms
Run time csr_spmv_vectorized_static_veclen_32_cpy iter 1: 76.496 ms
Run time csr_spmv_vectorized_static_veclen_32_cpy iter 2: 76.494 ms
Run time csr_spmv_vectorized_static_veclen_32_cpy iter 3: 76.682 ms
Run time csr_spmv_vectorized_static_veclen_32_cpy iter 4: 76.348 ms
Run time csr_spmv_vectorized_static_veclen_32_cpy iter 5: 76.870 ms
Run time csr_spmv_vectorized_static_veclen_32_cpy iter 6: 76.237 ms
Run time csr_spmv_vectorized_static_veclen_32_cpy iter 7: 76.506 ms
Run time csr_spmv_vectorized_static_veclen_32_cpy iter 8: 76.535 ms
Run time csr_spmv_vectorized_static_veclen_32_cpy iter 9: 76.868 ms
Saved timing results to csr_spmv_timings_1_core.csv.csv
