Physical cores: 128
Run time spmv_csr iter 0: 0.890 ms
Run time spmv_csr iter 1: 0.900 ms
Run time spmv_csr iter 2: 0.900 ms
Run time spmv_csr iter 3: 0.908 ms
Run time spmv_csr iter 4: 0.899 ms
Run time spmv_csr iter 5: 0.905 ms
Run time spmv_csr iter 6: 0.901 ms
Run time spmv_csr iter 7: 0.891 ms
Run time spmv_csr iter 8: 0.910 ms
Run time spmv_csr iter 9: 0.889 ms
Run time csr_spmv_vectorized_static_veclen_8_no_cpy iter 0: 0.736 ms
Run time csr_spmv_vectorized_static_veclen_8_no_cpy iter 1: 0.719 ms
Run time csr_spmv_vectorized_static_veclen_8_no_cpy iter 2: 0.723 ms
Run time csr_spmv_vectorized_static_veclen_8_no_cpy iter 3: 0.718 ms
Run time csr_spmv_vectorized_static_veclen_8_no_cpy iter 4: 0.701 ms
Run time csr_spmv_vectorized_static_veclen_8_no_cpy iter 5: 0.722 ms
Run time csr_spmv_vectorized_static_veclen_8_no_cpy iter 6: 0.714 ms
Run time csr_spmv_vectorized_static_veclen_8_no_cpy iter 7: 0.725 ms
Run time csr_spmv_vectorized_static_veclen_8_no_cpy iter 8: 0.693 ms
Run time csr_spmv_vectorized_static_veclen_8_no_cpy iter 9: 0.754 ms
Run time csr_spmv_vectorized_static_veclen_8_cpy iter 0: 1.022 ms
Run time csr_spmv_vectorized_static_veclen_8_cpy iter 1: 0.722 ms
Run time csr_spmv_vectorized_static_veclen_8_cpy iter 2: 0.649 ms
Run time csr_spmv_vectorized_static_veclen_8_cpy iter 3: 0.672 ms
Run time csr_spmv_vectorized_static_veclen_8_cpy iter 4: 0.674 ms
Run time csr_spmv_vectorized_static_veclen_8_cpy iter 5: 0.682 ms
Run time csr_spmv_vectorized_static_veclen_8_cpy iter 6: 0.649 ms
Run time csr_spmv_vectorized_static_veclen_8_cpy iter 7: 0.723 ms
Run time csr_spmv_vectorized_static_veclen_8_cpy iter 8: 0.646 ms
Run time csr_spmv_vectorized_static_veclen_8_cpy iter 9: 0.794 ms
Run time csr_spmv_vectorized_static_veclen_16_no_cpy iter 0: 1.181 ms
Run time csr_spmv_vectorized_static_veclen_16_no_cpy iter 1: 0.860 ms
Run time csr_spmv_vectorized_static_veclen_16_no_cpy iter 2: 0.864 ms
Run time csr_spmv_vectorized_static_veclen_16_no_cpy iter 3: 0.873 ms
Run time csr_spmv_vectorized_static_veclen_16_no_cpy iter 4: 0.862 ms
Run time csr_spmv_vectorized_static_veclen_16_no_cpy iter 5: 0.889 ms
Run time csr_spmv_vectorized_static_veclen_16_no_cpy iter 6: 0.896 ms
Run time csr_spmv_vectorized_static_veclen_16_no_cpy iter 7: 0.886 ms
Run time csr_spmv_vectorized_static_veclen_16_no_cpy iter 8: 0.919 ms
Run time csr_spmv_vectorized_static_veclen_16_no_cpy iter 9: 0.895 ms
Run time csr_spmv_vectorized_static_veclen_16_cpy iter 0: 0.998 ms
Run time csr_spmv_vectorized_static_veclen_16_cpy iter 1: 1.339 ms
Run time csr_spmv_vectorized_static_veclen_16_cpy iter 2: 1.033 ms
Run time csr_spmv_vectorized_static_veclen_16_cpy iter 3: 1.044 ms
Run time csr_spmv_vectorized_static_veclen_16_cpy iter 4: 1.032 ms
Run time csr_spmv_vectorized_static_veclen_16_cpy iter 5: 1.035 ms
Run time csr_spmv_vectorized_static_veclen_16_cpy iter 6: 1.028 ms
Run time csr_spmv_vectorized_static_veclen_16_cpy iter 7: 1.005 ms
Run time csr_spmv_vectorized_static_veclen_16_cpy iter 8: 1.001 ms
Run time csr_spmv_vectorized_static_veclen_16_cpy iter 9: 1.041 ms
Run time csr_spmv_vectorized_static_veclen_32_no_cpy iter 0: 0.801 ms
Run time csr_spmv_vectorized_static_veclen_32_no_cpy iter 1: 1.000 ms
Run time csr_spmv_vectorized_static_veclen_32_no_cpy iter 2: 0.775 ms
Run time csr_spmv_vectorized_static_veclen_32_no_cpy iter 3: 0.797 ms
Run time csr_spmv_vectorized_static_veclen_32_no_cpy iter 4: 0.805 ms
Run time csr_spmv_vectorized_static_veclen_32_no_cpy iter 5: 0.817 ms
Run time csr_spmv_vectorized_static_veclen_32_no_cpy iter 6: 0.756 ms
Run time csr_spmv_vectorized_static_veclen_32_no_cpy iter 7: 0.885 ms
Run time csr_spmv_vectorized_static_veclen_32_no_cpy iter 8: 0.795 ms
Run time csr_spmv_vectorized_static_veclen_32_no_cpy iter 9: 0.822 ms
Run time csr_spmv_vectorized_static_veclen_32_cpy iter 0: 1.176 ms
Run time csr_spmv_vectorized_static_veclen_32_cpy iter 1: 1.092 ms
Run time csr_spmv_vectorized_static_veclen_32_cpy iter 2: 1.114 ms
Run time csr_spmv_vectorized_static_veclen_32_cpy iter 3: 1.057 ms
Run time csr_spmv_vectorized_static_veclen_32_cpy iter 4: 1.133 ms
Run time csr_spmv_vectorized_static_veclen_32_cpy iter 5: 1.058 ms
Run time csr_spmv_vectorized_static_veclen_32_cpy iter 6: 1.052 ms
Run time csr_spmv_vectorized_static_veclen_32_cpy iter 7: 1.135 ms
Run time csr_spmv_vectorized_static_veclen_32_cpy iter 8: 1.044 ms
Run time csr_spmv_vectorized_static_veclen_32_cpy iter 9: 1.095 ms
Run time csr_spmv_vectorized_static_veclen_64_no_cpy iter 0: 1.085 ms
Run time csr_spmv_vectorized_static_veclen_64_no_cpy iter 1: 0.920 ms
Run time csr_spmv_vectorized_static_veclen_64_no_cpy iter 2: 1.041 ms
Run time csr_spmv_vectorized_static_veclen_64_no_cpy iter 3: 0.856 ms
Run time csr_spmv_vectorized_static_veclen_64_no_cpy iter 4: 0.912 ms
Run time csr_spmv_vectorized_static_veclen_64_no_cpy iter 5: 0.863 ms
Run time csr_spmv_vectorized_static_veclen_64_no_cpy iter 6: 1.035 ms
Run time csr_spmv_vectorized_static_veclen_64_no_cpy iter 7: 0.940 ms
Run time csr_spmv_vectorized_static_veclen_64_no_cpy iter 8: 0.954 ms
Run time csr_spmv_vectorized_static_veclen_64_no_cpy iter 9: 1.068 ms
Run time csr_spmv_vectorized_static_veclen_64_cpy iter 0: 1.731 ms
Run time csr_spmv_vectorized_static_veclen_64_cpy iter 1: 1.781 ms
Run time csr_spmv_vectorized_static_veclen_64_cpy iter 2: 1.832 ms
Run time csr_spmv_vectorized_static_veclen_64_cpy iter 3: 1.452 ms
Run time csr_spmv_vectorized_static_veclen_64_cpy iter 4: 1.455 ms
Run time csr_spmv_vectorized_static_veclen_64_cpy iter 5: 1.430 ms
Run time csr_spmv_vectorized_static_veclen_64_cpy iter 6: 1.583 ms
Run time csr_spmv_vectorized_static_veclen_64_cpy iter 7: 1.441 ms
Run time csr_spmv_vectorized_static_veclen_64_cpy iter 8: 1.196 ms
Run time csr_spmv_vectorized_static_veclen_64_cpy iter 9: 1.192 ms
Run time csr_spmv_vectorized_static_veclen_128_no_cpy iter 0: 0.888 ms
Run time csr_spmv_vectorized_static_veclen_128_no_cpy iter 1: 0.889 ms
Run time csr_spmv_vectorized_static_veclen_128_no_cpy iter 2: 0.852 ms
Run time csr_spmv_vectorized_static_veclen_128_no_cpy iter 3: 0.873 ms
Run time csr_spmv_vectorized_static_veclen_128_no_cpy iter 4: 0.873 ms
Run time csr_spmv_vectorized_static_veclen_128_no_cpy iter 5: 0.906 ms
Run time csr_spmv_vectorized_static_veclen_128_no_cpy iter 6: 0.877 ms
Run time csr_spmv_vectorized_static_veclen_128_no_cpy iter 7: 0.869 ms
Run time csr_spmv_vectorized_static_veclen_128_no_cpy iter 8: 0.858 ms
Run time csr_spmv_vectorized_static_veclen_128_no_cpy iter 9: 0.841 ms
Run time csr_spmv_vectorized_static_veclen_128_cpy iter 0: 2.105 ms
Run time csr_spmv_vectorized_static_veclen_128_cpy iter 1: 1.957 ms
Run time csr_spmv_vectorized_static_veclen_128_cpy iter 2: 1.897 ms
Run time csr_spmv_vectorized_static_veclen_128_cpy iter 3: 1.865 ms
Run time csr_spmv_vectorized_static_veclen_128_cpy iter 4: 1.887 ms
Run time csr_spmv_vectorized_static_veclen_128_cpy iter 5: 2.188 ms
Run time csr_spmv_vectorized_static_veclen_128_cpy iter 6: 2.006 ms
Run time csr_spmv_vectorized_static_veclen_128_cpy iter 7: 2.006 ms
Run time csr_spmv_vectorized_static_veclen_128_cpy iter 8: 1.907 ms
Run time csr_spmv_vectorized_static_veclen_128_cpy iter 9: 1.928 ms
Saved timing results to csr_spmv_timings_1_core.csv.csv
Run time spmv_csr iter 0: 3.890 ms
Run time spmv_csr iter 1: 3.886 ms
Run time spmv_csr iter 2: 3.957 ms
Run time spmv_csr iter 3: 3.910 ms
Run time spmv_csr iter 4: 3.877 ms
Run time spmv_csr iter 5: 3.880 ms
Run time spmv_csr iter 6: 3.866 ms
Run time spmv_csr iter 7: 3.867 ms
Run time spmv_csr iter 8: 3.882 ms
Run time spmv_csr iter 9: 3.881 ms
Run time csr_spmv_vectorized_static_veclen_8_no_cpy iter 0: 3.302 ms
Run time csr_spmv_vectorized_static_veclen_8_no_cpy iter 1: 2.985 ms
Run time csr_spmv_vectorized_static_veclen_8_no_cpy iter 2: 3.017 ms
Run time csr_spmv_vectorized_static_veclen_8_no_cpy iter 3: 2.995 ms
Run time csr_spmv_vectorized_static_veclen_8_no_cpy iter 4: 3.024 ms
Run time csr_spmv_vectorized_static_veclen_8_no_cpy iter 5: 3.006 ms
Run time csr_spmv_vectorized_static_veclen_8_no_cpy iter 6: 2.975 ms
Run time csr_spmv_vectorized_static_veclen_8_no_cpy iter 7: 2.997 ms
Run time csr_spmv_vectorized_static_veclen_8_no_cpy iter 8: 3.017 ms
Run time csr_spmv_vectorized_static_veclen_8_no_cpy iter 9: 2.978 ms
Run time csr_spmv_vectorized_static_veclen_8_cpy iter 0: 3.100 ms
Run time csr_spmv_vectorized_static_veclen_8_cpy iter 1: 2.901 ms
Run time csr_spmv_vectorized_static_veclen_8_cpy iter 2: 3.459 ms
Run time csr_spmv_vectorized_static_veclen_8_cpy iter 3: 2.905 ms
Run time csr_spmv_vectorized_static_veclen_8_cpy iter 4: 2.960 ms
Run time csr_spmv_vectorized_static_veclen_8_cpy iter 5: 2.954 ms
Run time csr_spmv_vectorized_static_veclen_8_cpy iter 6: 2.911 ms
Run time csr_spmv_vectorized_static_veclen_8_cpy iter 7: 2.921 ms
Run time csr_spmv_vectorized_static_veclen_8_cpy iter 8: 2.933 ms
Run time csr_spmv_vectorized_static_veclen_8_cpy iter 9: 2.935 ms
Run time csr_spmv_vectorized_static_veclen_16_no_cpy iter 0: 3.655 ms
Run time csr_spmv_vectorized_static_veclen_16_no_cpy iter 1: 3.715 ms
Run time csr_spmv_vectorized_static_veclen_16_no_cpy iter 2: 3.669 ms
Run time csr_spmv_vectorized_static_veclen_16_no_cpy iter 3: 3.640 ms
Run time csr_spmv_vectorized_static_veclen_16_no_cpy iter 4: 3.651 ms
Run time csr_spmv_vectorized_static_veclen_16_no_cpy iter 5: 3.666 ms
Run time csr_spmv_vectorized_static_veclen_16_no_cpy iter 6: 3.726 ms
Run time csr_spmv_vectorized_static_veclen_16_no_cpy iter 7: 3.676 ms
Run time csr_spmv_vectorized_static_veclen_16_no_cpy iter 8: 4.209 ms
Run time csr_spmv_vectorized_static_veclen_16_no_cpy iter 9: 3.605 ms
Run time csr_spmv_vectorized_static_veclen_16_cpy iter 0: 4.443 ms
Run time csr_spmv_vectorized_static_veclen_16_cpy iter 1: 4.470 ms
Run time csr_spmv_vectorized_static_veclen_16_cpy iter 2: 4.420 ms
Run time csr_spmv_vectorized_static_veclen_16_cpy iter 3: 4.797 ms
Run time csr_spmv_vectorized_static_veclen_16_cpy iter 4: 4.501 ms
Run time csr_spmv_vectorized_static_veclen_16_cpy iter 5: 4.481 ms
Run time csr_spmv_vectorized_static_veclen_16_cpy iter 6: 4.406 ms
Run time csr_spmv_vectorized_static_veclen_16_cpy iter 7: 4.449 ms
Run time csr_spmv_vectorized_static_veclen_16_cpy iter 8: 4.437 ms
Run time csr_spmv_vectorized_static_veclen_16_cpy iter 9: 4.421 ms
Run time csr_spmv_vectorized_static_veclen_32_no_cpy iter 0: 3.454 ms
Run time csr_spmv_vectorized_static_veclen_32_no_cpy iter 1: 3.549 ms
Run time csr_spmv_vectorized_static_veclen_32_no_cpy iter 2: 3.498 ms
Run time csr_spmv_vectorized_static_veclen_32_no_cpy iter 3: 3.408 ms
Run time csr_spmv_vectorized_static_veclen_32_no_cpy iter 4: 3.402 ms
Run time csr_spmv_vectorized_static_veclen_32_no_cpy iter 5: 3.427 ms
Run time csr_spmv_vectorized_static_veclen_32_no_cpy iter 6: 3.355 ms
Run time csr_spmv_vectorized_static_veclen_32_no_cpy iter 7: 3.563 ms
Run time csr_spmv_vectorized_static_veclen_32_no_cpy iter 8: 3.492 ms
Run time csr_spmv_vectorized_static_veclen_32_no_cpy iter 9: 3.471 ms
Run time csr_spmv_vectorized_static_veclen_32_cpy iter 0: 4.516 ms
Run time csr_spmv_vectorized_static_veclen_32_cpy iter 1: 4.488 ms
Run time csr_spmv_vectorized_static_veclen_32_cpy iter 2: 4.503 ms
Run time csr_spmv_vectorized_static_veclen_32_cpy iter 3: 4.515 ms
Run time csr_spmv_vectorized_static_veclen_32_cpy iter 4: 4.534 ms
Run time csr_spmv_vectorized_static_veclen_32_cpy iter 5: 4.482 ms
Run time csr_spmv_vectorized_static_veclen_32_cpy iter 6: 4.471 ms
Run time csr_spmv_vectorized_static_veclen_32_cpy iter 7: 4.495 ms
Run time csr_spmv_vectorized_static_veclen_32_cpy iter 8: 4.499 ms
Run time csr_spmv_vectorized_static_veclen_32_cpy iter 9: 4.504 ms
Run time csr_spmv_vectorized_static_veclen_64_no_cpy iter 0: 4.243 ms
Run time csr_spmv_vectorized_static_veclen_64_no_cpy iter 1: 4.226 ms
Run time csr_spmv_vectorized_static_veclen_64_no_cpy iter 2: 4.105 ms
Run time csr_spmv_vectorized_static_veclen_64_no_cpy iter 3: 4.409 ms
Run time csr_spmv_vectorized_static_veclen_64_no_cpy iter 4: 4.288 ms
Run time csr_spmv_vectorized_static_veclen_64_no_cpy iter 5: 3.644 ms
Run time csr_spmv_vectorized_static_veclen_64_no_cpy iter 6: 4.322 ms
Run time csr_spmv_vectorized_static_veclen_64_no_cpy iter 7: 4.215 ms
Run time csr_spmv_vectorized_static_veclen_64_no_cpy iter 8: 4.278 ms
Run time csr_spmv_vectorized_static_veclen_64_no_cpy iter 9: 4.187 ms
Run time csr_spmv_vectorized_static_veclen_64_cpy iter 0: 6.218 ms
Run time csr_spmv_vectorized_static_veclen_64_cpy iter 1: 5.963 ms
Run time csr_spmv_vectorized_static_veclen_64_cpy iter 2: 5.885 ms
Run time csr_spmv_vectorized_static_veclen_64_cpy iter 3: 5.622 ms
Run time csr_spmv_vectorized_static_veclen_64_cpy iter 4: 5.655 ms
Run time csr_spmv_vectorized_static_veclen_64_cpy iter 5: 5.602 ms
Run time csr_spmv_vectorized_static_veclen_64_cpy iter 6: 5.900 ms
Run time csr_spmv_vectorized_static_veclen_64_cpy iter 7: 6.340 ms
Run time csr_spmv_vectorized_static_veclen_64_cpy iter 8: 6.294 ms
Run time csr_spmv_vectorized_static_veclen_64_cpy iter 9: 6.374 ms
Run time csr_spmv_vectorized_static_veclen_128_no_cpy iter 0: 3.880 ms
Run time csr_spmv_vectorized_static_veclen_128_no_cpy iter 1: 3.897 ms
Run time csr_spmv_vectorized_static_veclen_128_no_cpy iter 2: 3.855 ms
Run time csr_spmv_vectorized_static_veclen_128_no_cpy iter 3: 3.875 ms
Run time csr_spmv_vectorized_static_veclen_128_no_cpy iter 4: 3.874 ms
Run time csr_spmv_vectorized_static_veclen_128_no_cpy iter 5: 3.927 ms
Run time csr_spmv_vectorized_static_veclen_128_no_cpy iter 6: 3.917 ms
Run time csr_spmv_vectorized_static_veclen_128_no_cpy iter 7: 3.895 ms
Run time csr_spmv_vectorized_static_veclen_128_no_cpy iter 8: 3.888 ms
Run time csr_spmv_vectorized_static_veclen_128_no_cpy iter 9: 3.892 ms
Run time csr_spmv_vectorized_static_veclen_128_cpy iter 0: 9.124 ms
Run time csr_spmv_vectorized_static_veclen_128_cpy iter 1: 8.927 ms
Run time csr_spmv_vectorized_static_veclen_128_cpy iter 2: 9.041 ms
Run time csr_spmv_vectorized_static_veclen_128_cpy iter 3: 9.105 ms
Run time csr_spmv_vectorized_static_veclen_128_cpy iter 4: 9.117 ms
Run time csr_spmv_vectorized_static_veclen_128_cpy iter 5: 9.051 ms
Run time csr_spmv_vectorized_static_veclen_128_cpy iter 6: 9.186 ms
Run time csr_spmv_vectorized_static_veclen_128_cpy iter 7: 9.290 ms
Run time csr_spmv_vectorized_static_veclen_128_cpy iter 8: 9.140 ms
Run time csr_spmv_vectorized_static_veclen_128_cpy iter 9: 9.196 ms
Saved timing results to csr_spmv_timings_1_core.csv.csv
Run time spmv_csr iter 0: 16.475 ms
Run time spmv_csr iter 1: 16.291 ms
Run time spmv_csr iter 2: 16.126 ms
Run time spmv_csr iter 3: 16.620 ms
Run time spmv_csr iter 4: 16.754 ms
Run time spmv_csr iter 5: 16.636 ms
Run time spmv_csr iter 6: 16.245 ms
Run time spmv_csr iter 7: 15.976 ms
Run time spmv_csr iter 8: 17.250 ms
Run time spmv_csr iter 9: 16.467 ms
Run time csr_spmv_vectorized_static_veclen_8_no_cpy iter 0: 13.393 ms
Run time csr_spmv_vectorized_static_veclen_8_no_cpy iter 1: 12.661 ms
Run time csr_spmv_vectorized_static_veclen_8_no_cpy iter 2: 12.360 ms
Run time csr_spmv_vectorized_static_veclen_8_no_cpy iter 3: 12.018 ms
Run time csr_spmv_vectorized_static_veclen_8_no_cpy iter 4: 12.281 ms
Run time csr_spmv_vectorized_static_veclen_8_no_cpy iter 5: 12.965 ms
Run time csr_spmv_vectorized_static_veclen_8_no_cpy iter 6: 12.061 ms
Run time csr_spmv_vectorized_static_veclen_8_no_cpy iter 7: 12.207 ms
Run time csr_spmv_vectorized_static_veclen_8_no_cpy iter 8: 12.099 ms
Run time csr_spmv_vectorized_static_veclen_8_no_cpy iter 9: 12.400 ms
Run time csr_spmv_vectorized_static_veclen_8_cpy iter 0: 11.717 ms
Run time csr_spmv_vectorized_static_veclen_8_cpy iter 1: 11.493 ms
Run time csr_spmv_vectorized_static_veclen_8_cpy iter 2: 11.492 ms
Run time csr_spmv_vectorized_static_veclen_8_cpy iter 3: 11.986 ms
Run time csr_spmv_vectorized_static_veclen_8_cpy iter 4: 11.494 ms
Run time csr_spmv_vectorized_static_veclen_8_cpy iter 5: 11.514 ms
Run time csr_spmv_vectorized_static_veclen_8_cpy iter 6: 11.515 ms
Run time csr_spmv_vectorized_static_veclen_8_cpy iter 7: 11.947 ms
Run time csr_spmv_vectorized_static_veclen_8_cpy iter 8: 11.478 ms
Run time csr_spmv_vectorized_static_veclen_8_cpy iter 9: 11.474 ms
Run time csr_spmv_vectorized_static_veclen_16_no_cpy iter 0: 14.380 ms
Run time csr_spmv_vectorized_static_veclen_16_no_cpy iter 1: 16.518 ms
Run time csr_spmv_vectorized_static_veclen_16_no_cpy iter 2: 14.361 ms
Run time csr_spmv_vectorized_static_veclen_16_no_cpy iter 3: 14.416 ms
Run time csr_spmv_vectorized_static_veclen_16_no_cpy iter 4: 14.414 ms
Run time csr_spmv_vectorized_static_veclen_16_no_cpy iter 5: 14.518 ms
Run time csr_spmv_vectorized_static_veclen_16_no_cpy iter 6: 14.769 ms
Run time csr_spmv_vectorized_static_veclen_16_no_cpy iter 7: 14.624 ms
Run time csr_spmv_vectorized_static_veclen_16_no_cpy iter 8: 15.161 ms
Run time csr_spmv_vectorized_static_veclen_16_no_cpy iter 9: 14.848 ms
Run time csr_spmv_vectorized_static_veclen_16_cpy iter 0: 19.733 ms
Run time csr_spmv_vectorized_static_veclen_16_cpy iter 1: 19.362 ms
Run time csr_spmv_vectorized_static_veclen_16_cpy iter 2: 19.189 ms
Run time csr_spmv_vectorized_static_veclen_16_cpy iter 3: 19.658 ms
Run time csr_spmv_vectorized_static_veclen_16_cpy iter 4: 19.201 ms
Run time csr_spmv_vectorized_static_veclen_16_cpy iter 5: 19.452 ms
Run time csr_spmv_vectorized_static_veclen_16_cpy iter 6: 19.246 ms
Run time csr_spmv_vectorized_static_veclen_16_cpy iter 7: 19.609 ms
Run time csr_spmv_vectorized_static_veclen_16_cpy iter 8: 19.439 ms
Run time csr_spmv_vectorized_static_veclen_16_cpy iter 9: 19.967 ms
Run time csr_spmv_vectorized_static_veclen_32_no_cpy iter 0: 14.700 ms
Run time csr_spmv_vectorized_static_veclen_32_no_cpy iter 1: 14.682 ms
Run time csr_spmv_vectorized_static_veclen_32_no_cpy iter 2: 14.762 ms
Run time csr_spmv_vectorized_static_veclen_32_no_cpy iter 3: 15.153 ms
Run time csr_spmv_vectorized_static_veclen_32_no_cpy iter 4: 14.577 ms
Run time csr_spmv_vectorized_static_veclen_32_no_cpy iter 5: 14.436 ms
Run time csr_spmv_vectorized_static_veclen_32_no_cpy iter 6: 14.587 ms
Run time csr_spmv_vectorized_static_veclen_32_no_cpy iter 7: 15.145 ms
Run time csr_spmv_vectorized_static_veclen_32_no_cpy iter 8: 14.543 ms
Run time csr_spmv_vectorized_static_veclen_32_no_cpy iter 9: 14.616 ms
Run time csr_spmv_vectorized_static_veclen_32_cpy iter 0: 19.502 ms
Run time csr_spmv_vectorized_static_veclen_32_cpy iter 1: 18.902 ms
Run time csr_spmv_vectorized_static_veclen_32_cpy iter 2: 19.213 ms
Run time csr_spmv_vectorized_static_veclen_32_cpy iter 3: 19.108 ms
Run time csr_spmv_vectorized_static_veclen_32_cpy iter 4: 19.046 ms
Run time csr_spmv_vectorized_static_veclen_32_cpy iter 5: 19.608 ms
Run time csr_spmv_vectorized_static_veclen_32_cpy iter 6: 18.992 ms
Run time csr_spmv_vectorized_static_veclen_32_cpy iter 7: 19.931 ms
Run time csr_spmv_vectorized_static_veclen_32_cpy iter 8: 19.531 ms
Run time csr_spmv_vectorized_static_veclen_32_cpy iter 9: 19.389 ms
Run time csr_spmv_vectorized_static_veclen_64_no_cpy iter 0: 18.626 ms
Run time csr_spmv_vectorized_static_veclen_64_no_cpy iter 1: 17.973 ms
Run time csr_spmv_vectorized_static_veclen_64_no_cpy iter 2: 18.512 ms
Run time csr_spmv_vectorized_static_veclen_64_no_cpy iter 3: 17.644 ms
Run time csr_spmv_vectorized_static_veclen_64_no_cpy iter 4: 17.325 ms
Run time csr_spmv_vectorized_static_veclen_64_no_cpy iter 5: 17.391 ms
Run time csr_spmv_vectorized_static_veclen_64_no_cpy iter 6: 18.637 ms
Run time csr_spmv_vectorized_static_veclen_64_no_cpy iter 7: 16.787 ms
Run time csr_spmv_vectorized_static_veclen_64_no_cpy iter 8: 17.892 ms
Run time csr_spmv_vectorized_static_veclen_64_no_cpy iter 9: 18.666 ms
Run time csr_spmv_vectorized_static_veclen_64_cpy iter 0: 26.080 ms
Run time csr_spmv_vectorized_static_veclen_64_cpy iter 1: 27.032 ms
Run time csr_spmv_vectorized_static_veclen_64_cpy iter 2: 26.398 ms
Run time csr_spmv_vectorized_static_veclen_64_cpy iter 3: 26.405 ms
Run time csr_spmv_vectorized_static_veclen_64_cpy iter 4: 25.905 ms
Run time csr_spmv_vectorized_static_veclen_64_cpy iter 5: 26.659 ms
Run time csr_spmv_vectorized_static_veclen_64_cpy iter 6: 25.971 ms
Run time csr_spmv_vectorized_static_veclen_64_cpy iter 7: 26.047 ms
Run time csr_spmv_vectorized_static_veclen_64_cpy iter 8: 26.889 ms
Run time csr_spmv_vectorized_static_veclen_64_cpy iter 9: 26.583 ms
Run time csr_spmv_vectorized_static_veclen_128_no_cpy iter 0: 15.664 ms
Run time csr_spmv_vectorized_static_veclen_128_no_cpy iter 1: 16.295 ms
Run time csr_spmv_vectorized_static_veclen_128_no_cpy iter 2: 16.689 ms
Run time csr_spmv_vectorized_static_veclen_128_no_cpy iter 3: 16.683 ms
Run time csr_spmv_vectorized_static_veclen_128_no_cpy iter 4: 16.879 ms
Run time csr_spmv_vectorized_static_veclen_128_no_cpy iter 5: 16.700 ms
Run time csr_spmv_vectorized_static_veclen_128_no_cpy iter 6: 16.677 ms
Run time csr_spmv_vectorized_static_veclen_128_no_cpy iter 7: 16.872 ms
Run time csr_spmv_vectorized_static_veclen_128_no_cpy iter 8: 16.683 ms
Run time csr_spmv_vectorized_static_veclen_128_no_cpy iter 9: 16.888 ms
Run time csr_spmv_vectorized_static_veclen_128_cpy iter 0: 37.394 ms
Run time csr_spmv_vectorized_static_veclen_128_cpy iter 1: 37.394 ms
Run time csr_spmv_vectorized_static_veclen_128_cpy iter 2: 37.658 ms
Run time csr_spmv_vectorized_static_veclen_128_cpy iter 3: 37.728 ms
Run time csr_spmv_vectorized_static_veclen_128_cpy iter 4: 37.886 ms
Run time csr_spmv_vectorized_static_veclen_128_cpy iter 5: 37.510 ms
Run time csr_spmv_vectorized_static_veclen_128_cpy iter 6: 37.819 ms
Run time csr_spmv_vectorized_static_veclen_128_cpy iter 7: 37.571 ms
Run time csr_spmv_vectorized_static_veclen_128_cpy iter 8: 37.599 ms
Run time csr_spmv_vectorized_static_veclen_128_cpy iter 9: 37.864 ms
Saved timing results to csr_spmv_timings_1_core.csv.csv
Run time spmv_csr iter 0: 65.235 ms
Run time spmv_csr iter 1: 64.953 ms
Run time spmv_csr iter 2: 64.699 ms
Run time spmv_csr iter 3: 65.093 ms
Run time spmv_csr iter 4: 65.109 ms
Run time spmv_csr iter 5: 65.219 ms
Run time spmv_csr iter 6: 64.269 ms
Run time spmv_csr iter 7: 63.473 ms
Run time spmv_csr iter 8: 65.425 ms
Run time spmv_csr iter 9: 65.052 ms
Run time csr_spmv_vectorized_static_veclen_8_no_cpy iter 0: 49.066 ms
Run time csr_spmv_vectorized_static_veclen_8_no_cpy iter 1: 49.450 ms
Run time csr_spmv_vectorized_static_veclen_8_no_cpy iter 2: 48.885 ms
Run time csr_spmv_vectorized_static_veclen_8_no_cpy iter 3: 50.722 ms
Run time csr_spmv_vectorized_static_veclen_8_no_cpy iter 4: 49.022 ms
Run time csr_spmv_vectorized_static_veclen_8_no_cpy iter 5: 48.931 ms
Run time csr_spmv_vectorized_static_veclen_8_no_cpy iter 6: 52.804 ms
Run time csr_spmv_vectorized_static_veclen_8_no_cpy iter 7: 55.124 ms
Run time csr_spmv_vectorized_static_veclen_8_no_cpy iter 8: 57.968 ms
Run time csr_spmv_vectorized_static_veclen_8_no_cpy iter 9: 57.821 ms
Run time csr_spmv_vectorized_static_veclen_8_cpy iter 0: 46.811 ms
Run time csr_spmv_vectorized_static_veclen_8_cpy iter 1: 47.103 ms
Run time csr_spmv_vectorized_static_veclen_8_cpy iter 2: 46.728 ms
Run time csr_spmv_vectorized_static_veclen_8_cpy iter 3: 47.199 ms
Run time csr_spmv_vectorized_static_veclen_8_cpy iter 4: 46.785 ms
Run time csr_spmv_vectorized_static_veclen_8_cpy iter 5: 47.274 ms
Run time csr_spmv_vectorized_static_veclen_8_cpy iter 6: 46.882 ms
Run time csr_spmv_vectorized_static_veclen_8_cpy iter 7: 46.955 ms
Run time csr_spmv_vectorized_static_veclen_8_cpy iter 8: 48.054 ms
Run time csr_spmv_vectorized_static_veclen_8_cpy iter 9: 46.985 ms
Run time csr_spmv_vectorized_static_veclen_16_no_cpy iter 0: 64.318 ms
Run time csr_spmv_vectorized_static_veclen_16_no_cpy iter 1: 63.521 ms
Run time csr_spmv_vectorized_static_veclen_16_no_cpy iter 2: 63.740 ms
Run time csr_spmv_vectorized_static_veclen_16_no_cpy iter 3: 60.738 ms
Run time csr_spmv_vectorized_static_veclen_16_no_cpy iter 4: 63.201 ms
Run time csr_spmv_vectorized_static_veclen_16_no_cpy iter 5: 62.577 ms
Run time csr_spmv_vectorized_static_veclen_16_no_cpy iter 6: 64.524 ms
Run time csr_spmv_vectorized_static_veclen_16_no_cpy iter 7: 64.063 ms
Run time csr_spmv_vectorized_static_veclen_16_no_cpy iter 8: 58.289 ms
Run time csr_spmv_vectorized_static_veclen_16_no_cpy iter 9: 61.249 ms
Run time csr_spmv_vectorized_static_veclen_16_cpy iter 0: 77.869 ms
Run time csr_spmv_vectorized_static_veclen_16_cpy iter 1: 77.321 ms
Run time csr_spmv_vectorized_static_veclen_16_cpy iter 2: 77.599 ms
Run time csr_spmv_vectorized_static_veclen_16_cpy iter 3: 77.707 ms
Run time csr_spmv_vectorized_static_veclen_16_cpy iter 4: 77.096 ms
Run time csr_spmv_vectorized_static_veclen_16_cpy iter 5: 76.123 ms
Run time csr_spmv_vectorized_static_veclen_16_cpy iter 6: 74.898 ms
Run time csr_spmv_vectorized_static_veclen_16_cpy iter 7: 74.640 ms
Run time csr_spmv_vectorized_static_veclen_16_cpy iter 8: 75.332 ms
Run time csr_spmv_vectorized_static_veclen_16_cpy iter 9: 75.282 ms
Run time csr_spmv_vectorized_static_veclen_32_no_cpy iter 0: 64.443 ms
Run time csr_spmv_vectorized_static_veclen_32_no_cpy iter 1: 65.494 ms
Run time csr_spmv_vectorized_static_veclen_32_no_cpy iter 2: 65.340 ms
Run time csr_spmv_vectorized_static_veclen_32_no_cpy iter 3: 66.044 ms
Run time csr_spmv_vectorized_static_veclen_32_no_cpy iter 4: 65.267 ms
Run time csr_spmv_vectorized_static_veclen_32_no_cpy iter 5: 66.434 ms
Run time csr_spmv_vectorized_static_veclen_32_no_cpy iter 6: 65.677 ms
Run time csr_spmv_vectorized_static_veclen_32_no_cpy iter 7: 65.796 ms
Run time csr_spmv_vectorized_static_veclen_32_no_cpy iter 8: 59.263 ms
Run time csr_spmv_vectorized_static_veclen_32_no_cpy iter 9: 59.894 ms
Run time csr_spmv_vectorized_static_veclen_32_cpy iter 0: 78.865 ms
Run time csr_spmv_vectorized_static_veclen_32_cpy iter 1: 78.849 ms
Run time csr_spmv_vectorized_static_veclen_32_cpy iter 2: 79.235 ms
Run time csr_spmv_vectorized_static_veclen_32_cpy iter 3: 78.965 ms
Run time csr_spmv_vectorized_static_veclen_32_cpy iter 4: 79.436 ms
Run time csr_spmv_vectorized_static_veclen_32_cpy iter 5: 78.679 ms
Run time csr_spmv_vectorized_static_veclen_32_cpy iter 6: 78.672 ms
Run time csr_spmv_vectorized_static_veclen_32_cpy iter 7: 78.497 ms
Run time csr_spmv_vectorized_static_veclen_32_cpy iter 8: 78.523 ms
Run time csr_spmv_vectorized_static_veclen_32_cpy iter 9: 78.329 ms
Run time csr_spmv_vectorized_static_veclen_64_no_cpy iter 0: 71.669 ms
Run time csr_spmv_vectorized_static_veclen_64_no_cpy iter 1: 72.733 ms
Run time csr_spmv_vectorized_static_veclen_64_no_cpy iter 2: 72.525 ms
Run time csr_spmv_vectorized_static_veclen_64_no_cpy iter 3: 72.089 ms
Run time csr_spmv_vectorized_static_veclen_64_no_cpy iter 4: 73.206 ms
Run time csr_spmv_vectorized_static_veclen_64_no_cpy iter 5: 71.565 ms
Run time csr_spmv_vectorized_static_veclen_64_no_cpy iter 6: 74.746 ms
Run time csr_spmv_vectorized_static_veclen_64_no_cpy iter 7: 73.861 ms
Run time csr_spmv_vectorized_static_veclen_64_no_cpy iter 8: 72.612 ms
Run time csr_spmv_vectorized_static_veclen_64_no_cpy iter 9: 64.938 ms
Run time csr_spmv_vectorized_static_veclen_64_cpy iter 0: 107.127 ms
Run time csr_spmv_vectorized_static_veclen_64_cpy iter 1: 106.794 ms
Run time csr_spmv_vectorized_static_veclen_64_cpy iter 2: 106.106 ms
Run time csr_spmv_vectorized_static_veclen_64_cpy iter 3: 107.179 ms
Run time csr_spmv_vectorized_static_veclen_64_cpy iter 4: 105.605 ms
Run time csr_spmv_vectorized_static_veclen_64_cpy iter 5: 106.543 ms
Run time csr_spmv_vectorized_static_veclen_64_cpy iter 6: 104.092 ms
Run time csr_spmv_vectorized_static_veclen_64_cpy iter 7: 102.429 ms
Run time csr_spmv_vectorized_static_veclen_64_cpy iter 8: 107.921 ms
Run time csr_spmv_vectorized_static_veclen_64_cpy iter 9: 107.858 ms
Run time csr_spmv_vectorized_static_veclen_128_no_cpy iter 0: 67.602 ms
Run time csr_spmv_vectorized_static_veclen_128_no_cpy iter 1: 67.957 ms
Run time csr_spmv_vectorized_static_veclen_128_no_cpy iter 2: 67.191 ms
Run time csr_spmv_vectorized_static_veclen_128_no_cpy iter 3: 67.920 ms
Run time csr_spmv_vectorized_static_veclen_128_no_cpy iter 4: 67.987 ms
Run time csr_spmv_vectorized_static_veclen_128_no_cpy iter 5: 66.462 ms
Run time csr_spmv_vectorized_static_veclen_128_no_cpy iter 6: 66.307 ms
Run time csr_spmv_vectorized_static_veclen_128_no_cpy iter 7: 66.177 ms
Run time csr_spmv_vectorized_static_veclen_128_no_cpy iter 8: 66.709 ms
Run time csr_spmv_vectorized_static_veclen_128_no_cpy iter 9: 67.354 ms
Run time csr_spmv_vectorized_static_veclen_128_cpy iter 0: 160.751 ms
Run time csr_spmv_vectorized_static_veclen_128_cpy iter 1: 158.981 ms
Run time csr_spmv_vectorized_static_veclen_128_cpy iter 2: 159.792 ms
Run time csr_spmv_vectorized_static_veclen_128_cpy iter 3: 158.650 ms
Run time csr_spmv_vectorized_static_veclen_128_cpy iter 4: 161.385 ms
Run time csr_spmv_vectorized_static_veclen_128_cpy iter 5: 160.271 ms
Run time csr_spmv_vectorized_static_veclen_128_cpy iter 6: 161.568 ms
Run time csr_spmv_vectorized_static_veclen_128_cpy iter 7: 160.873 ms
Run time csr_spmv_vectorized_static_veclen_128_cpy iter 8: 160.046 ms
Run time csr_spmv_vectorized_static_veclen_128_cpy iter 9: 160.426 ms
Saved timing results to csr_spmv_timings_1_core.csv.csv
