Script path: 
Script dir:  
Running with EXTRA_FLAGS='', SUFFIX=''
Run time cloudsc_pattern_one iter 0: 89.576 ms
Run time cloudsc_pattern_one iter 1: 91.406 ms
Run time cloudsc_pattern_one iter 2: 87.702 ms
Run time cloudsc_pattern_one iter 3: 88.507 ms
Run time cloudsc_pattern_one iter 4: 87.635 ms
Run time cloudsc_pattern_one iter 5: 89.356 ms
Run time cloudsc_pattern_one iter 6: 88.376 ms
Run time cloudsc_pattern_one iter 7: 89.394 ms
Run time cloudsc_pattern_one iter 8: 90.686 ms
Run time cloudsc_pattern_one iter 9: 86.560 ms
Run time cloudsc_pattern_one iter 10: 88.425 ms
Run time cloudsc_pattern_one iter 11: 87.454 ms
Run time cloudsc_pattern_one iter 12: 86.854 ms
Run time cloudsc_pattern_one iter 13: 87.387 ms
Run time cloudsc_pattern_one iter 14: 89.512 ms
Run time cloudsc_pattern_one iter 15: 87.487 ms
Run time cloudsc_pattern_one iter 16: 89.408 ms
Run time cloudsc_pattern_one iter 17: 87.888 ms
Run time cloudsc_pattern_one iter 18: 88.106 ms
Run time cloudsc_pattern_one iter 19: 90.351 ms
Running with EXTRA_FLAGS='-qopt-zmm-usage=high -diag-enable=vec -qopt-report=5 -qopt-report-phase=vec', SUFFIX='force_width_512'
Run time cloudsc_pattern_one iter 0: 64.798 ms
Run time cloudsc_pattern_one iter 1: 66.157 ms
Run time cloudsc_pattern_one iter 2: 64.141 ms
Run time cloudsc_pattern_one iter 3: 64.480 ms
Run time cloudsc_pattern_one iter 4: 62.621 ms
Run time cloudsc_pattern_one iter 5: 64.149 ms
Run time cloudsc_pattern_one iter 6: 65.063 ms
Run time cloudsc_pattern_one iter 7: 63.766 ms
Run time cloudsc_pattern_one iter 8: 64.666 ms
Run time cloudsc_pattern_one iter 9: 60.379 ms
Run time cloudsc_pattern_one iter 10: 62.840 ms
Run time cloudsc_pattern_one iter 11: 63.495 ms
Run time cloudsc_pattern_one iter 12: 63.929 ms
Run time cloudsc_pattern_one iter 13: 63.165 ms
Run time cloudsc_pattern_one iter 14: 63.052 ms
Run time cloudsc_pattern_one iter 15: 63.662 ms
Run time cloudsc_pattern_one iter 16: 64.627 ms
Run time cloudsc_pattern_one iter 17: 63.752 ms
Run time cloudsc_pattern_one iter 18: 62.303 ms
Run time cloudsc_pattern_one iter 19: 62.303 ms
Running with EXTRA_FLAGS='-no-vec', SUFFIX='no_vectorize'
Run time cloudsc_pattern_one iter 0: 247.364 ms
Run time cloudsc_pattern_one iter 1: 246.920 ms
Run time cloudsc_pattern_one iter 2: 249.170 ms
Run time cloudsc_pattern_one iter 3: 246.933 ms
Run time cloudsc_pattern_one iter 4: 247.469 ms
Run time cloudsc_pattern_one iter 5: 248.655 ms
Run time cloudsc_pattern_one iter 6: 248.729 ms
Run time cloudsc_pattern_one iter 7: 247.197 ms
Run time cloudsc_pattern_one iter 8: 248.905 ms
Run time cloudsc_pattern_one iter 9: 248.550 ms
Run time cloudsc_pattern_one iter 10: 247.843 ms
Run time cloudsc_pattern_one iter 11: 249.035 ms
Run time cloudsc_pattern_one iter 12: 249.790 ms
Run time cloudsc_pattern_one iter 13: 249.590 ms
Run time cloudsc_pattern_one iter 14: 247.478 ms
Run time cloudsc_pattern_one iter 15: 247.982 ms
Run time cloudsc_pattern_one iter 16: 247.800 ms
Run time cloudsc_pattern_one iter 17: 247.837 ms
Run time cloudsc_pattern_one iter 18: 248.801 ms
Run time cloudsc_pattern_one iter 19: 250.370 ms
Running with EXTRA_FLAGS='', SUFFIX=''
Run time cloudsc_pattern_one iter 0: 136.201 ms
Run time cloudsc_pattern_one iter 1: 145.160 ms
Run time cloudsc_pattern_one iter 2: 65.679 ms
Run time cloudsc_pattern_one iter 3: 68.202 ms
Run time cloudsc_pattern_one iter 4: 104.422 ms
Run time cloudsc_pattern_one iter 5: 79.439 ms
Run time cloudsc_pattern_one iter 6: 69.009 ms
Run time cloudsc_pattern_one iter 7: 68.964 ms
Run time cloudsc_pattern_one iter 8: 69.015 ms
Run time cloudsc_pattern_one iter 9: 66.034 ms
Run time cloudsc_pattern_one iter 10: 68.720 ms
Run time cloudsc_pattern_one iter 11: 68.396 ms
Run time cloudsc_pattern_one iter 12: 68.559 ms
Run time cloudsc_pattern_one iter 13: 68.597 ms
Run time cloudsc_pattern_one iter 14: 68.571 ms
Run time cloudsc_pattern_one iter 15: 68.881 ms
Run time cloudsc_pattern_one iter 16: 71.186 ms
Run time cloudsc_pattern_one iter 17: 68.762 ms
Run time cloudsc_pattern_one iter 18: 70.935 ms
Run time cloudsc_pattern_one iter 19: 68.393 ms
Running with EXTRA_FLAGS='-qopt-zmm-usage=high -diag-enable=vec -qopt-report=5 -qopt-report-phase=vec', SUFFIX='force_width_512'
Run time cloudsc_pattern_one iter 0: 85.921 ms
Run time cloudsc_pattern_one iter 1: 54.271 ms
Run time cloudsc_pattern_one iter 2: 55.386 ms
Run time cloudsc_pattern_one iter 3: 55.287 ms
Run time cloudsc_pattern_one iter 4: 54.666 ms
Run time cloudsc_pattern_one iter 5: 54.725 ms
Run time cloudsc_pattern_one iter 6: 55.042 ms
Run time cloudsc_pattern_one iter 7: 66.871 ms
Run time cloudsc_pattern_one iter 8: 54.255 ms
Run time cloudsc_pattern_one iter 9: 55.285 ms
Run time cloudsc_pattern_one iter 10: 55.066 ms
Run time cloudsc_pattern_one iter 11: 53.837 ms
Run time cloudsc_pattern_one iter 12: 55.037 ms
Run time cloudsc_pattern_one iter 13: 55.330 ms
Run time cloudsc_pattern_one iter 14: 55.010 ms
Run time cloudsc_pattern_one iter 15: 53.638 ms
Run time cloudsc_pattern_one iter 16: 54.702 ms
Run time cloudsc_pattern_one iter 17: 50.795 ms
Run time cloudsc_pattern_one iter 18: 55.311 ms
Run time cloudsc_pattern_one iter 19: 55.236 ms
Running with EXTRA_FLAGS='-no-vec', SUFFIX='no_vectorize'
Run time cloudsc_pattern_one iter 0: 266.296 ms
Run time cloudsc_pattern_one iter 1: 208.320 ms
Run time cloudsc_pattern_one iter 2: 168.784 ms
Run time cloudsc_pattern_one iter 3: 166.141 ms
Run time cloudsc_pattern_one iter 4: 167.262 ms
Run time cloudsc_pattern_one iter 5: 166.925 ms
Run time cloudsc_pattern_one iter 6: 166.260 ms
Run time cloudsc_pattern_one iter 7: 167.187 ms
Run time cloudsc_pattern_one iter 8: 169.310 ms
Run time cloudsc_pattern_one iter 9: 166.528 ms
Run time cloudsc_pattern_one iter 10: 166.940 ms
Run time cloudsc_pattern_one iter 11: 166.529 ms
Run time cloudsc_pattern_one iter 12: 167.274 ms
Run time cloudsc_pattern_one iter 13: 166.332 ms
Run time cloudsc_pattern_one iter 14: 166.811 ms
Run time cloudsc_pattern_one iter 15: 166.874 ms
Run time cloudsc_pattern_one iter 16: 167.090 ms
Run time cloudsc_pattern_one iter 17: 166.957 ms
Run time cloudsc_pattern_one iter 18: 171.411 ms
Run time cloudsc_pattern_one iter 19: 166.395 ms
