Traceback (most recent call last):
  File "/scratch/ybudanaz/data_must_flow_artifacts/cloudsc_pattern_one/intel/intel_xeon/benchmark_cloudsc_pattern_one.py", line 382, in <module>
    sdfg_vec, name = build_vectorized_sdfg(
                     ^^^^^^^^^^^^^^^^^^^^^^
TypeError: build_vectorized_sdfg() got an unexpected keyword argument 'suffix'
Traceback (most recent call last):
  File "/scratch/ybudanaz/data_must_flow_artifacts/cloudsc_pattern_one/intel/intel_xeon/benchmark_cloudsc_pattern_one.py", line 382, in <module>
    sdfg_vec, name = build_vectorized_sdfg(
                     ^^^^^^^^^^^^^^^^^^^^^^
TypeError: build_vectorized_sdfg() got an unexpected keyword argument 'suffix'
Traceback (most recent call last):
  File "/scratch/ybudanaz/data_must_flow_artifacts/cloudsc_pattern_one/intel/intel_xeon/benchmark_cloudsc_pattern_one.py", line 382, in <module>
    sdfg_vec, name = build_vectorized_sdfg(
                     ^^^^^^^^^^^^^^^^^^^^^^
TypeError: build_vectorized_sdfg() got an unexpected keyword argument 'suffix'
Traceback (most recent call last):
  File "/scratch/ybudanaz/data_must_flow_artifacts/cloudsc_pattern_one/intel/intel_xeon/benchmark_cloudsc_pattern_one.py", line 376, in <module>
    sdfg_vec, name = build_vectorized_sdfg(
                     ^^^^^^^^^^^^^^^^^^^^^^
TypeError: build_vectorized_sdfg() got an unexpected keyword argument 'suffix'
Traceback (most recent call last):
  File "/scratch/ybudanaz/data_must_flow_artifacts/cloudsc_pattern_one/intel/intel_xeon/benchmark_cloudsc_pattern_one.py", line 376, in <module>
    sdfg_vec, name = build_vectorized_sdfg(
                     ^^^^^^^^^^^^^^^^^^^^^^
TypeError: build_vectorized_sdfg() got an unexpected keyword argument 'suffix'
slurmstepd: error: *** JOB 742093 ON ault03 CANCELLED AT 2025-12-05T00:43:38 ***
