Script path: 
Script dir:  
Running with EXTRA_FLAGS='', SUFFIX=''
Run time cloudsc_pattern_1 iter 0: 87.585 ms
Run time cloudsc_pattern_1 iter 1: 83.805 ms
Run time cloudsc_pattern_1 iter 2: 86.384 ms
Run time cloudsc_pattern_1 iter 3: 90.351 ms
Run time cloudsc_pattern_1 iter 4: 89.947 ms
Run time cloudsc_pattern_1 iter 5: 83.200 ms
Run time cloudsc_pattern_1 iter 6: 86.882 ms
Run time cloudsc_pattern_1 iter 7: 89.326 ms
Run time cloudsc_pattern_1 iter 8: 86.311 ms
Run time cloudsc_pattern_1 iter 9: 91.082 ms
Run time cloudsc_pattern_1 iter 10: 88.596 ms
Run time cloudsc_pattern_1 iter 11: 87.107 ms
Run time cloudsc_pattern_1 iter 12: 91.813 ms
Run time cloudsc_pattern_1 iter 13: 91.378 ms
Run time cloudsc_pattern_1 iter 14: 85.397 ms
Run time cloudsc_pattern_1 iter 15: 82.436 ms
Run time cloudsc_pattern_1 iter 16: 87.250 ms
Run time cloudsc_pattern_1 iter 17: 88.382 ms
Run time cloudsc_pattern_1 iter 18: 85.965 ms
Run time cloudsc_pattern_1 iter 19: 90.592 ms
Running with EXTRA_FLAGS='-qopt-zmm-usage=high -diag-enable=vec -qopt-report=5 -qopt-report-phase=vec', SUFFIX='force_width_512'
Run time cloudsc_pattern_1 iter 0: 67.043 ms
Run time cloudsc_pattern_1 iter 1: 63.549 ms
Run time cloudsc_pattern_1 iter 2: 63.554 ms
Run time cloudsc_pattern_1 iter 3: 63.431 ms
Run time cloudsc_pattern_1 iter 4: 63.521 ms
Run time cloudsc_pattern_1 iter 5: 65.338 ms
Run time cloudsc_pattern_1 iter 6: 64.912 ms
Run time cloudsc_pattern_1 iter 7: 62.923 ms
Run time cloudsc_pattern_1 iter 8: 63.602 ms
Run time cloudsc_pattern_1 iter 9: 60.274 ms
Run time cloudsc_pattern_1 iter 10: 65.678 ms
Run time cloudsc_pattern_1 iter 11: 64.843 ms
Run time cloudsc_pattern_1 iter 12: 63.821 ms
Run time cloudsc_pattern_1 iter 13: 63.779 ms
Run time cloudsc_pattern_1 iter 14: 63.849 ms
Run time cloudsc_pattern_1 iter 15: 64.490 ms
Run time cloudsc_pattern_1 iter 16: 64.539 ms
Run time cloudsc_pattern_1 iter 17: 65.130 ms
Run time cloudsc_pattern_1 iter 18: 59.674 ms
Run time cloudsc_pattern_1 iter 19: 65.822 ms
Running with EXTRA_FLAGS='-no-vec', SUFFIX='no_vectorize'
Run time cloudsc_pattern_1 iter 0: 248.756 ms
Run time cloudsc_pattern_1 iter 1: 247.859 ms
Run time cloudsc_pattern_1 iter 2: 250.799 ms
Run time cloudsc_pattern_1 iter 3: 249.607 ms
Run time cloudsc_pattern_1 iter 4: 248.388 ms
Run time cloudsc_pattern_1 iter 5: 248.624 ms
Run time cloudsc_pattern_1 iter 6: 248.023 ms
Run time cloudsc_pattern_1 iter 7: 247.648 ms
Run time cloudsc_pattern_1 iter 8: 249.775 ms
Run time cloudsc_pattern_1 iter 9: 249.190 ms
Run time cloudsc_pattern_1 iter 10: 248.630 ms
Run time cloudsc_pattern_1 iter 11: 249.147 ms
Run time cloudsc_pattern_1 iter 12: 248.740 ms
Run time cloudsc_pattern_1 iter 13: 248.695 ms
Run time cloudsc_pattern_1 iter 14: 248.680 ms
Run time cloudsc_pattern_1 iter 15: 249.282 ms
Run time cloudsc_pattern_1 iter 16: 249.550 ms
Run time cloudsc_pattern_1 iter 17: 249.831 ms
Run time cloudsc_pattern_1 iter 18: 249.555 ms
Run time cloudsc_pattern_1 iter 19: 250.122 ms
Running with EXTRA_FLAGS='', SUFFIX=''
Run time cloudsc_pattern_1 iter 0: 104.808 ms
Run time cloudsc_pattern_1 iter 1: 62.940 ms
Run time cloudsc_pattern_1 iter 2: 67.966 ms
Run time cloudsc_pattern_1 iter 3: 69.242 ms
Run time cloudsc_pattern_1 iter 4: 68.929 ms
Run time cloudsc_pattern_1 iter 5: 69.132 ms
Run time cloudsc_pattern_1 iter 6: 69.360 ms
Run time cloudsc_pattern_1 iter 7: 68.984 ms
Run time cloudsc_pattern_1 iter 8: 68.709 ms
Run time cloudsc_pattern_1 iter 9: 68.848 ms
Run time cloudsc_pattern_1 iter 10: 69.001 ms
Run time cloudsc_pattern_1 iter 11: 69.010 ms
Run time cloudsc_pattern_1 iter 12: 69.164 ms
Run time cloudsc_pattern_1 iter 13: 69.342 ms
Run time cloudsc_pattern_1 iter 14: 69.568 ms
Run time cloudsc_pattern_1 iter 15: 69.023 ms
Run time cloudsc_pattern_1 iter 16: 68.749 ms
Run time cloudsc_pattern_1 iter 17: 69.329 ms
Run time cloudsc_pattern_1 iter 18: 69.222 ms
Run time cloudsc_pattern_1 iter 19: 69.983 ms
Running with EXTRA_FLAGS='-qopt-zmm-usage=high -diag-enable=vec -qopt-report=5 -qopt-report-phase=vec', SUFFIX='force_width_512'
Run time cloudsc_pattern_1 iter 0: 52.241 ms
Run time cloudsc_pattern_1 iter 1: 54.677 ms
Run time cloudsc_pattern_1 iter 2: 53.214 ms
Run time cloudsc_pattern_1 iter 3: 52.991 ms
Run time cloudsc_pattern_1 iter 4: 52.404 ms
Run time cloudsc_pattern_1 iter 5: 50.001 ms
Run time cloudsc_pattern_1 iter 6: 49.335 ms
Run time cloudsc_pattern_1 iter 7: 55.312 ms
Run time cloudsc_pattern_1 iter 8: 53.157 ms
Run time cloudsc_pattern_1 iter 9: 50.774 ms
Run time cloudsc_pattern_1 iter 10: 54.884 ms
Run time cloudsc_pattern_1 iter 11: 53.156 ms
Run time cloudsc_pattern_1 iter 12: 55.054 ms
Run time cloudsc_pattern_1 iter 13: 53.845 ms
Run time cloudsc_pattern_1 iter 14: 53.652 ms
Run time cloudsc_pattern_1 iter 15: 55.355 ms
Run time cloudsc_pattern_1 iter 16: 50.509 ms
Run time cloudsc_pattern_1 iter 17: 55.194 ms
Run time cloudsc_pattern_1 iter 18: 55.536 ms
Run time cloudsc_pattern_1 iter 19: 55.589 ms
Running with EXTRA_FLAGS='-no-vec', SUFFIX='no_vectorize'
Run time cloudsc_pattern_1 iter 0: 253.742 ms
Run time cloudsc_pattern_1 iter 1: 160.404 ms
Run time cloudsc_pattern_1 iter 2: 166.537 ms
Run time cloudsc_pattern_1 iter 3: 166.680 ms
Run time cloudsc_pattern_1 iter 4: 166.626 ms
Run time cloudsc_pattern_1 iter 5: 165.349 ms
Run time cloudsc_pattern_1 iter 6: 166.016 ms
Run time cloudsc_pattern_1 iter 7: 166.851 ms
Run time cloudsc_pattern_1 iter 8: 166.273 ms
Run time cloudsc_pattern_1 iter 9: 165.017 ms
Run time cloudsc_pattern_1 iter 10: 166.233 ms
Run time cloudsc_pattern_1 iter 11: 164.428 ms
Run time cloudsc_pattern_1 iter 12: 166.189 ms
Run time cloudsc_pattern_1 iter 13: 164.690 ms
Run time cloudsc_pattern_1 iter 14: 164.332 ms
Run time cloudsc_pattern_1 iter 15: 165.976 ms
Run time cloudsc_pattern_1 iter 16: 166.316 ms
Run time cloudsc_pattern_1 iter 17: 166.702 ms
Run time cloudsc_pattern_1 iter 18: 166.287 ms
Run time cloudsc_pattern_1 iter 19: 164.666 ms
