Script path: 
Script dir:  
Running with EXTRA_FLAGS='', SUFFIX=''
Run time cloudsc_pattern_one iter 0: 89.239 ms
Run time cloudsc_pattern_one iter 1: 88.818 ms
Run time cloudsc_pattern_one iter 2: 87.336 ms
Run time cloudsc_pattern_one iter 3: 89.068 ms
Run time cloudsc_pattern_one iter 4: 91.991 ms
Run time cloudsc_pattern_one iter 5: 92.609 ms
Run time cloudsc_pattern_one iter 6: 91.037 ms
Run time cloudsc_pattern_one iter 7: 91.114 ms
Run time cloudsc_pattern_one iter 8: 89.497 ms
Run time cloudsc_pattern_one iter 9: 90.974 ms
Run time cloudsc_pattern_one iter 10: 84.400 ms
Run time cloudsc_pattern_one iter 11: 89.621 ms
Run time cloudsc_pattern_one iter 12: 91.960 ms
Run time cloudsc_pattern_one iter 13: 92.049 ms
Run time cloudsc_pattern_one iter 14: 91.086 ms
Run time cloudsc_pattern_one iter 15: 90.639 ms
Run time cloudsc_pattern_one iter 16: 91.206 ms
Run time cloudsc_pattern_one iter 17: 89.647 ms
Run time cloudsc_pattern_one iter 18: 90.337 ms
Run time cloudsc_pattern_one iter 19: 81.452 ms
Run time cloudsc_pattern_one iter 0: 192.448 ms
Run time cloudsc_pattern_one iter 1: 90.562 ms
Run time cloudsc_pattern_one iter 2: 91.358 ms
Run time cloudsc_pattern_one iter 3: 92.007 ms
Run time cloudsc_pattern_one iter 4: 188.283 ms
Run time cloudsc_pattern_one iter 5: 91.342 ms
Run time cloudsc_pattern_one iter 6: 90.084 ms
Run time cloudsc_pattern_one iter 7: 90.889 ms
Run time cloudsc_pattern_one iter 8: 80.812 ms
Run time cloudsc_pattern_one iter 9: 91.290 ms
Run time cloudsc_pattern_one iter 10: 92.848 ms
Run time cloudsc_pattern_one iter 11: 90.262 ms
Run time cloudsc_pattern_one iter 12: 89.540 ms
Run time cloudsc_pattern_one iter 13: 89.908 ms
Run time cloudsc_pattern_one iter 14: 90.092 ms
Run time cloudsc_pattern_one iter 15: 81.931 ms
Run time cloudsc_pattern_one iter 16: 87.981 ms
Run time cloudsc_pattern_one iter 17: 89.079 ms
Run time cloudsc_pattern_one iter 18: 90.625 ms
Run time cloudsc_pattern_one iter 19: 188.938 ms
Running with EXTRA_FLAGS='-qopt-zmm-usage=high -diag-enable=vec -qopt-report=5 -qopt-report-phase=vec', SUFFIX='force_width_512'
Run time cloudsc_pattern_one iter 0: 78.520 ms
Run time cloudsc_pattern_one iter 1: 78.743 ms
Run time cloudsc_pattern_one iter 2: 71.853 ms
Run time cloudsc_pattern_one iter 3: 78.013 ms
Run time cloudsc_pattern_one iter 4: 75.896 ms
Run time cloudsc_pattern_one iter 5: 81.438 ms
Run time cloudsc_pattern_one iter 6: 76.734 ms
Run time cloudsc_pattern_one iter 7: 77.841 ms
Run time cloudsc_pattern_one iter 8: 78.534 ms
Run time cloudsc_pattern_one iter 9: 77.023 ms
Run time cloudsc_pattern_one iter 10: 70.487 ms
Run time cloudsc_pattern_one iter 11: 75.940 ms
Run time cloudsc_pattern_one iter 12: 77.068 ms
Run time cloudsc_pattern_one iter 13: 76.696 ms
Run time cloudsc_pattern_one iter 14: 78.125 ms
Run time cloudsc_pattern_one iter 15: 77.859 ms
Run time cloudsc_pattern_one iter 16: 75.891 ms
Run time cloudsc_pattern_one iter 17: 76.904 ms
Run time cloudsc_pattern_one iter 18: 77.225 ms
Run time cloudsc_pattern_one iter 19: 77.849 ms
Run time cloudsc_pattern_one iter 0: 77.200 ms
Run time cloudsc_pattern_one iter 1: 77.398 ms
Run time cloudsc_pattern_one iter 2: 177.781 ms
Run time cloudsc_pattern_one iter 3: 77.209 ms
Run time cloudsc_pattern_one iter 4: 77.927 ms
Run time cloudsc_pattern_one iter 5: 78.067 ms
Run time cloudsc_pattern_one iter 6: 75.974 ms
Run time cloudsc_pattern_one iter 7: 77.125 ms
Run time cloudsc_pattern_one iter 8: 78.196 ms
Run time cloudsc_pattern_one iter 9: 71.834 ms
Run time cloudsc_pattern_one iter 10: 76.303 ms
Run time cloudsc_pattern_one iter 11: 79.077 ms
Run time cloudsc_pattern_one iter 12: 76.679 ms
Run time cloudsc_pattern_one iter 13: 71.445 ms
Run time cloudsc_pattern_one iter 14: 77.339 ms
Run time cloudsc_pattern_one iter 15: 77.835 ms
Run time cloudsc_pattern_one iter 16: 77.090 ms
Run time cloudsc_pattern_one iter 17: 177.209 ms
Run time cloudsc_pattern_one iter 18: 76.429 ms
Run time cloudsc_pattern_one iter 19: 78.633 ms
Running with EXTRA_FLAGS='-no-vec', SUFFIX='no_vectorize'
Run time cloudsc_pattern_one iter 0: 254.231 ms
Run time cloudsc_pattern_one iter 1: 253.599 ms
Run time cloudsc_pattern_one iter 2: 252.747 ms
Run time cloudsc_pattern_one iter 3: 254.528 ms
Run time cloudsc_pattern_one iter 4: 244.968 ms
Run time cloudsc_pattern_one iter 5: 254.196 ms
Run time cloudsc_pattern_one iter 6: 271.422 ms
Run time cloudsc_pattern_one iter 7: 253.064 ms
Run time cloudsc_pattern_one iter 8: 253.696 ms
Run time cloudsc_pattern_one iter 9: 253.352 ms
Run time cloudsc_pattern_one iter 10: 254.266 ms
Run time cloudsc_pattern_one iter 11: 253.178 ms
Run time cloudsc_pattern_one iter 12: 254.749 ms
Run time cloudsc_pattern_one iter 13: 255.667 ms
Run time cloudsc_pattern_one iter 14: 252.875 ms
Run time cloudsc_pattern_one iter 15: 254.302 ms
Run time cloudsc_pattern_one iter 16: 271.953 ms
Run time cloudsc_pattern_one iter 17: 252.773 ms
Run time cloudsc_pattern_one iter 18: 253.624 ms
Run time cloudsc_pattern_one iter 19: 346.620 ms
Run time cloudsc_pattern_one iter 0: 353.526 ms
Run time cloudsc_pattern_one iter 1: 253.958 ms
Run time cloudsc_pattern_one iter 2: 255.073 ms
Run time cloudsc_pattern_one iter 3: 253.018 ms
Run time cloudsc_pattern_one iter 4: 255.324 ms
Run time cloudsc_pattern_one iter 5: 352.805 ms
Run time cloudsc_pattern_one iter 6: 254.368 ms
Run time cloudsc_pattern_one iter 7: 255.616 ms
Run time cloudsc_pattern_one iter 8: 252.550 ms
Run time cloudsc_pattern_one iter 9: 252.126 ms
Run time cloudsc_pattern_one iter 10: 352.081 ms
Run time cloudsc_pattern_one iter 11: 254.859 ms
Run time cloudsc_pattern_one iter 12: 252.416 ms
Run time cloudsc_pattern_one iter 13: 252.090 ms
Run time cloudsc_pattern_one iter 14: 254.101 ms
Run time cloudsc_pattern_one iter 15: 352.501 ms
Run time cloudsc_pattern_one iter 16: 253.439 ms
Run time cloudsc_pattern_one iter 17: 254.339 ms
Run time cloudsc_pattern_one iter 18: 253.544 ms
Run time cloudsc_pattern_one iter 19: 252.619 ms
Running with EXTRA_FLAGS='', SUFFIX=''
Run time cloudsc_pattern_one iter 0: 11.692 ms
Run time cloudsc_pattern_one iter 1: 10.493 ms
Run time cloudsc_pattern_one iter 2: 11.413 ms
Run time cloudsc_pattern_one iter 3: 11.622 ms
Run time cloudsc_pattern_one iter 4: 10.377 ms
Run time cloudsc_pattern_one iter 5: 10.689 ms
Run time cloudsc_pattern_one iter 6: 11.399 ms
Run time cloudsc_pattern_one iter 7: 11.267 ms
Run time cloudsc_pattern_one iter 8: 11.278 ms
Run time cloudsc_pattern_one iter 9: 12.165 ms
Run time cloudsc_pattern_one iter 10: 11.344 ms
Run time cloudsc_pattern_one iter 11: 11.078 ms
Run time cloudsc_pattern_one iter 12: 11.657 ms
Run time cloudsc_pattern_one iter 13: 11.828 ms
Run time cloudsc_pattern_one iter 14: 12.318 ms
Run time cloudsc_pattern_one iter 15: 11.014 ms
Run time cloudsc_pattern_one iter 16: 8.382 ms
Run time cloudsc_pattern_one iter 17: 10.642 ms
Run time cloudsc_pattern_one iter 18: 10.135 ms
Run time cloudsc_pattern_one iter 19: 10.314 ms
Run time cloudsc_pattern_one iter 0: 12.710 ms
Run time cloudsc_pattern_one iter 1: 10.245 ms
Run time cloudsc_pattern_one iter 2: 10.525 ms
Run time cloudsc_pattern_one iter 3: 12.128 ms
Run time cloudsc_pattern_one iter 4: 10.486 ms
Run time cloudsc_pattern_one iter 5: 7.269 ms
Run time cloudsc_pattern_one iter 6: 10.187 ms
Run time cloudsc_pattern_one iter 7: 10.486 ms
Run time cloudsc_pattern_one iter 8: 12.796 ms
Run time cloudsc_pattern_one iter 9: 10.387 ms
Run time cloudsc_pattern_one iter 10: 9.882 ms
Run time cloudsc_pattern_one iter 11: 10.318 ms
Run time cloudsc_pattern_one iter 12: 7.078 ms
Run time cloudsc_pattern_one iter 13: 11.860 ms
Run time cloudsc_pattern_one iter 14: 11.427 ms
Run time cloudsc_pattern_one iter 15: 10.048 ms
Run time cloudsc_pattern_one iter 16: 11.524 ms
Run time cloudsc_pattern_one iter 17: 10.598 ms
Run time cloudsc_pattern_one iter 18: 10.642 ms
Run time cloudsc_pattern_one iter 19: 12.256 ms
Running with EXTRA_FLAGS='-qopt-zmm-usage=high -diag-enable=vec -qopt-report=5 -qopt-report-phase=vec', SUFFIX='force_width_512'
Run time cloudsc_pattern_one iter 0: 8.597 ms
Run time cloudsc_pattern_one iter 1: 8.362 ms
Run time cloudsc_pattern_one iter 2: 9.064 ms
Run time cloudsc_pattern_one iter 3: 8.704 ms
Run time cloudsc_pattern_one iter 4: 8.277 ms
Run time cloudsc_pattern_one iter 5: 8.518 ms
Run time cloudsc_pattern_one iter 6: 8.247 ms
Run time cloudsc_pattern_one iter 7: 8.686 ms
Run time cloudsc_pattern_one iter 8: 8.950 ms
Run time cloudsc_pattern_one iter 9: 8.759 ms
Run time cloudsc_pattern_one iter 10: 9.104 ms
Run time cloudsc_pattern_one iter 11: 8.831 ms
Run time cloudsc_pattern_one iter 12: 7.889 ms
Run time cloudsc_pattern_one iter 13: 9.209 ms
Run time cloudsc_pattern_one iter 14: 7.557 ms
Run time cloudsc_pattern_one iter 15: 9.026 ms
Run time cloudsc_pattern_one iter 16: 8.188 ms
Run time cloudsc_pattern_one iter 17: 8.578 ms
Run time cloudsc_pattern_one iter 18: 7.958 ms
Run time cloudsc_pattern_one iter 19: 9.328 ms
Run time cloudsc_pattern_one iter 0: 9.300 ms
Run time cloudsc_pattern_one iter 1: 8.309 ms
Run time cloudsc_pattern_one iter 2: 9.061 ms
Run time cloudsc_pattern_one iter 3: 9.289 ms
Run time cloudsc_pattern_one iter 4: 8.307 ms
Run time cloudsc_pattern_one iter 5: 6.984 ms
Run time cloudsc_pattern_one iter 6: 8.103 ms
Run time cloudsc_pattern_one iter 7: 8.967 ms
Run time cloudsc_pattern_one iter 8: 8.775 ms
Run time cloudsc_pattern_one iter 9: 7.152 ms
Run time cloudsc_pattern_one iter 10: 8.930 ms
Run time cloudsc_pattern_one iter 11: 8.000 ms
Run time cloudsc_pattern_one iter 12: 9.065 ms
Run time cloudsc_pattern_one iter 13: 8.389 ms
Run time cloudsc_pattern_one iter 14: 7.874 ms
Run time cloudsc_pattern_one iter 15: 9.070 ms
Run time cloudsc_pattern_one iter 16: 8.733 ms
Run time cloudsc_pattern_one iter 17: 8.922 ms
Run time cloudsc_pattern_one iter 18: 9.083 ms
Run time cloudsc_pattern_one iter 19: 9.134 ms
Running with EXTRA_FLAGS='-no-vec', SUFFIX='no_vectorize'
