Script path: 
Script dir:  
Running with EXTRA_FLAGS='', SUFFIX=''
Run time cloudsc_pattern_1 iter 0: 81.364 ms
Run time cloudsc_pattern_1 iter 1: 81.323 ms
Run time cloudsc_pattern_1 iter 2: 81.509 ms
Run time cloudsc_pattern_1 iter 3: 82.395 ms
Run time cloudsc_pattern_1 iter 4: 85.839 ms
Run time cloudsc_pattern_1 iter 5: 81.518 ms
Run time cloudsc_pattern_1 iter 6: 83.207 ms
Run time cloudsc_pattern_1 iter 7: 81.930 ms
Run time cloudsc_pattern_1 iter 8: 82.082 ms
Run time cloudsc_pattern_1 iter 9: 82.761 ms
Run time cloudsc_pattern_1 iter 10: 83.760 ms
Run time cloudsc_pattern_1 iter 11: 83.450 ms
Run time cloudsc_pattern_1 iter 12: 83.823 ms
Run time cloudsc_pattern_1 iter 13: 81.258 ms
Run time cloudsc_pattern_1 iter 14: 80.526 ms
Run time cloudsc_pattern_1 iter 15: 81.580 ms
Run time cloudsc_pattern_1 iter 16: 80.942 ms
Run time cloudsc_pattern_1 iter 17: 81.480 ms
Run time cloudsc_pattern_1 iter 18: 81.233 ms
Run time cloudsc_pattern_1 iter 19: 82.051 ms
Running with EXTRA_FLAGS='-qopt-zmm-usage=high -diag-enable=vec -qopt-report=5 -qopt-report-phase=vec', SUFFIX='force_width_512'
Run time cloudsc_pattern_1 iter 0: 55.607 ms
Run time cloudsc_pattern_1 iter 1: 57.393 ms
Run time cloudsc_pattern_1 iter 2: 57.045 ms
Run time cloudsc_pattern_1 iter 3: 57.280 ms
Run time cloudsc_pattern_1 iter 4: 57.349 ms
Run time cloudsc_pattern_1 iter 5: 57.848 ms
Run time cloudsc_pattern_1 iter 6: 56.218 ms
Run time cloudsc_pattern_1 iter 7: 55.917 ms
Run time cloudsc_pattern_1 iter 8: 56.543 ms
Run time cloudsc_pattern_1 iter 9: 55.771 ms
Run time cloudsc_pattern_1 iter 10: 57.989 ms
Run time cloudsc_pattern_1 iter 11: 57.552 ms
Run time cloudsc_pattern_1 iter 12: 57.438 ms
Run time cloudsc_pattern_1 iter 13: 57.049 ms
Run time cloudsc_pattern_1 iter 14: 56.838 ms
Run time cloudsc_pattern_1 iter 15: 58.004 ms
Run time cloudsc_pattern_1 iter 16: 57.956 ms
Run time cloudsc_pattern_1 iter 17: 57.459 ms
Run time cloudsc_pattern_1 iter 18: 56.039 ms
Run time cloudsc_pattern_1 iter 19: 56.477 ms
Running with EXTRA_FLAGS='-no-vec', SUFFIX='no_vectorize'
Run time cloudsc_pattern_1 iter 0: 247.390 ms
Run time cloudsc_pattern_1 iter 1: 244.062 ms
Run time cloudsc_pattern_1 iter 2: 247.958 ms
Run time cloudsc_pattern_1 iter 3: 247.833 ms
Run time cloudsc_pattern_1 iter 4: 248.860 ms
Run time cloudsc_pattern_1 iter 5: 247.682 ms
Run time cloudsc_pattern_1 iter 6: 241.345 ms
Run time cloudsc_pattern_1 iter 7: 247.789 ms
Run time cloudsc_pattern_1 iter 8: 242.721 ms
Run time cloudsc_pattern_1 iter 9: 247.337 ms
Run time cloudsc_pattern_1 iter 10: 247.722 ms
Run time cloudsc_pattern_1 iter 11: 246.739 ms
Run time cloudsc_pattern_1 iter 12: 249.253 ms
Run time cloudsc_pattern_1 iter 13: 241.405 ms
Run time cloudsc_pattern_1 iter 14: 248.526 ms
Run time cloudsc_pattern_1 iter 15: 248.049 ms
Run time cloudsc_pattern_1 iter 16: 247.255 ms
Run time cloudsc_pattern_1 iter 17: 246.578 ms
Run time cloudsc_pattern_1 iter 18: 249.068 ms
Run time cloudsc_pattern_1 iter 19: 247.891 ms
Running with EXTRA_FLAGS='', SUFFIX=''
Run time cloudsc_pattern_1 iter 0: 78.262 ms
Run time cloudsc_pattern_1 iter 1: 67.854 ms
Run time cloudsc_pattern_1 iter 2: 68.113 ms
Run time cloudsc_pattern_1 iter 3: 68.495 ms
Run time cloudsc_pattern_1 iter 4: 69.295 ms
Run time cloudsc_pattern_1 iter 5: 68.729 ms
Run time cloudsc_pattern_1 iter 6: 66.790 ms
Run time cloudsc_pattern_1 iter 7: 68.497 ms
Run time cloudsc_pattern_1 iter 8: 65.140 ms
Run time cloudsc_pattern_1 iter 9: 68.521 ms
Run time cloudsc_pattern_1 iter 10: 65.292 ms
Run time cloudsc_pattern_1 iter 11: 66.967 ms
Run time cloudsc_pattern_1 iter 12: 68.940 ms
Run time cloudsc_pattern_1 iter 13: 65.929 ms
Run time cloudsc_pattern_1 iter 14: 68.572 ms
Run time cloudsc_pattern_1 iter 15: 68.809 ms
Run time cloudsc_pattern_1 iter 16: 65.172 ms
Run time cloudsc_pattern_1 iter 17: 65.644 ms
Run time cloudsc_pattern_1 iter 18: 68.647 ms
Run time cloudsc_pattern_1 iter 19: 68.762 ms
Running with EXTRA_FLAGS='-qopt-zmm-usage=high -diag-enable=vec -qopt-report=5 -qopt-report-phase=vec', SUFFIX='force_width_512'
Run time cloudsc_pattern_1 iter 0: 56.696 ms
Run time cloudsc_pattern_1 iter 1: 53.637 ms
Run time cloudsc_pattern_1 iter 2: 55.236 ms
Run time cloudsc_pattern_1 iter 3: 55.443 ms
Run time cloudsc_pattern_1 iter 4: 55.578 ms
Run time cloudsc_pattern_1 iter 5: 55.289 ms
Run time cloudsc_pattern_1 iter 6: 55.102 ms
Run time cloudsc_pattern_1 iter 7: 54.519 ms
Run time cloudsc_pattern_1 iter 8: 54.947 ms
Run time cloudsc_pattern_1 iter 9: 55.673 ms
Run time cloudsc_pattern_1 iter 10: 51.826 ms
Run time cloudsc_pattern_1 iter 11: 54.475 ms
Run time cloudsc_pattern_1 iter 12: 55.621 ms
Run time cloudsc_pattern_1 iter 13: 55.408 ms
Run time cloudsc_pattern_1 iter 14: 53.963 ms
Run time cloudsc_pattern_1 iter 15: 52.398 ms
Run time cloudsc_pattern_1 iter 16: 52.623 ms
Run time cloudsc_pattern_1 iter 17: 52.645 ms
Run time cloudsc_pattern_1 iter 18: 52.710 ms
Run time cloudsc_pattern_1 iter 19: 52.650 ms
Running with EXTRA_FLAGS='-no-vec', SUFFIX='no_vectorize'
Run time cloudsc_pattern_1 iter 0: 252.542 ms
Run time cloudsc_pattern_1 iter 1: 249.851 ms
Run time cloudsc_pattern_1 iter 2: 260.209 ms
Run time cloudsc_pattern_1 iter 3: 232.655 ms
Run time cloudsc_pattern_1 iter 4: 179.159 ms
Run time cloudsc_pattern_1 iter 5: 160.072 ms
Run time cloudsc_pattern_1 iter 6: 165.749 ms
Run time cloudsc_pattern_1 iter 7: 165.384 ms
Run time cloudsc_pattern_1 iter 8: 165.589 ms
Run time cloudsc_pattern_1 iter 9: 165.742 ms
Run time cloudsc_pattern_1 iter 10: 164.923 ms
Run time cloudsc_pattern_1 iter 11: 164.792 ms
Run time cloudsc_pattern_1 iter 12: 164.429 ms
Run time cloudsc_pattern_1 iter 13: 163.993 ms
Run time cloudsc_pattern_1 iter 14: 165.985 ms
Run time cloudsc_pattern_1 iter 15: 165.061 ms
Run time cloudsc_pattern_1 iter 16: 164.069 ms
Run time cloudsc_pattern_1 iter 17: 165.788 ms
Run time cloudsc_pattern_1 iter 18: 166.761 ms
Run time cloudsc_pattern_1 iter 19: 164.130 ms
