Script path: 
Script dir:  
Running with EXTRA_FLAGS='', SUFFIX=''
Running with suffix: 
Running with #1 cores
Running with base flags: -fopenmp -fstrict-aliasing -std=c++17 -faligned-new -fPIC -Wall -Wextra -O3 -march=native -ffast-math -Wno-unused-parameter -Wno-unused-label
Running with env flags: 
Running with flags: -fopenmp -fstrict-aliasing -std=c++17 -faligned-new -fPIC -Wall -Wextra -O3 -march=native -ffast-math -Wno-unused-parameter -Wno-unused-label
Running with EXTRA_FLAGS='-D__DACE_USE_INTRINSICS=1', SUFFIX='dace_intrinsics'
Running with suffix: _dace_intrinsics
Running with #1 cores
Running with base flags: -fopenmp -fstrict-aliasing -std=c++17 -faligned-new -fPIC -Wall -Wextra -O3 -march=native -ffast-math -Wno-unused-parameter -Wno-unused-label
Running with env flags: -D__DACE_USE_INTRINSICS=1
Running with flags: -fopenmp -fstrict-aliasing -std=c++17 -faligned-new -fPIC -Wall -Wextra -O3 -march=native -ffast-math -Wno-unused-parameter -Wno-unused-label -D__DACE_USE_INTRINSICS=1
Running with EXTRA_FLAGS='-mprefer-vector-width=512  -Rpass=loop-vectorize -Rpass-analysis=loop-vectorize -Rpass-missed=loop-vectorize -Rpass=slp-vectorize -fsave-optimization-record -foptimization-record-file=/log_implemenations_vec_report.yaml', SUFFIX='force_width_512'
Running with suffix: _force_width_512
Running with #1 cores
Running with base flags: -fopenmp -fstrict-aliasing -std=c++17 -faligned-new -fPIC -Wall -Wextra -O3 -march=native -ffast-math -Wno-unused-parameter -Wno-unused-label
Running with env flags: -mprefer-vector-width=512  -Rpass=loop-vectorize -Rpass-analysis=loop-vectorize -Rpass-missed=loop-vectorize -Rpass=slp-vectorize -fsave-optimization-record -foptimization-record-file=/log_implemenations_vec_report.yaml
Running with flags: -fopenmp -fstrict-aliasing -std=c++17 -faligned-new -fPIC -Wall -Wextra -O3 -march=native -ffast-math -Wno-unused-parameter -Wno-unused-label -mprefer-vector-width=512  -Rpass=loop-vectorize -Rpass-analysis=loop-vectorize -Rpass-missed=loop-vectorize -Rpass=slp-vectorize -fsave-optimization-record -foptimization-record-file=/log_implemenations_vec_report.yaml
Running with EXTRA_FLAGS='-mprefer-vector-width=256  -Rpass=loop-vectorize -Rpass-analysis=loop-vectorize -Rpass-missed=loop-vectorize -Rpass=slp-vectorize -fsave-optimization-record -foptimization-record-file=/log_implemenations_vec_report.yaml', SUFFIX='force_width_256'
Running with suffix: _force_width_256
Running with #1 cores
Running with base flags: -fopenmp -fstrict-aliasing -std=c++17 -faligned-new -fPIC -Wall -Wextra -O3 -march=native -ffast-math -Wno-unused-parameter -Wno-unused-label
Running with env flags: -mprefer-vector-width=256  -Rpass=loop-vectorize -Rpass-analysis=loop-vectorize -Rpass-missed=loop-vectorize -Rpass=slp-vectorize -fsave-optimization-record -foptimization-record-file=/log_implemenations_vec_report.yaml
Running with flags: -fopenmp -fstrict-aliasing -std=c++17 -faligned-new -fPIC -Wall -Wextra -O3 -march=native -ffast-math -Wno-unused-parameter -Wno-unused-label -mprefer-vector-width=256  -Rpass=loop-vectorize -Rpass-analysis=loop-vectorize -Rpass-missed=loop-vectorize -Rpass=slp-vectorize -fsave-optimization-record -foptimization-record-file=/log_implemenations_vec_report.yaml
Running with EXTRA_FLAGS='-fno-vectorize', SUFFIX='no_vectorize'
Running with suffix: _no_vectorize
Running with #1 cores
Running with base flags: -fopenmp -fstrict-aliasing -std=c++17 -faligned-new -fPIC -Wall -Wextra -O3 -march=native -ffast-math -Wno-unused-parameter -Wno-unused-label
Running with env flags: -fno-vectorize
Running with flags: -fopenmp -fstrict-aliasing -std=c++17 -faligned-new -fPIC -Wall -Wextra -O3 -march=native -ffast-math -Wno-unused-parameter -Wno-unused-label -fno-vectorize
Running with EXTRA_FLAGS='', SUFFIX=''
Running with suffix: 
Running with #64 cores
Running with base flags: -fopenmp -fstrict-aliasing -std=c++17 -faligned-new -fPIC -Wall -Wextra -O3 -march=native -ffast-math -Wno-unused-parameter -Wno-unused-label
Running with env flags: 
Running with flags: -fopenmp -fstrict-aliasing -std=c++17 -faligned-new -fPIC -Wall -Wextra -O3 -march=native -ffast-math -Wno-unused-parameter -Wno-unused-label
Running with EXTRA_FLAGS='-D__DACE_USE_INTRINSICS=1', SUFFIX='dace_intrinsics'
Running with suffix: _dace_intrinsics
Running with #64 cores
Running with base flags: -fopenmp -fstrict-aliasing -std=c++17 -faligned-new -fPIC -Wall -Wextra -O3 -march=native -ffast-math -Wno-unused-parameter -Wno-unused-label
Running with env flags: -D__DACE_USE_INTRINSICS=1
Running with flags: -fopenmp -fstrict-aliasing -std=c++17 -faligned-new -fPIC -Wall -Wextra -O3 -march=native -ffast-math -Wno-unused-parameter -Wno-unused-label -D__DACE_USE_INTRINSICS=1
Running with EXTRA_FLAGS='-mprefer-vector-width=512  -Rpass=loop-vectorize -Rpass-analysis=loop-vectorize -Rpass-missed=loop-vectorize -Rpass=slp-vectorize -fsave-optimization-record -foptimization-record-file=/log_implemenations_vec_report.yaml', SUFFIX='force_width_512'
Running with suffix: _force_width_512
Running with #64 cores
Running with base flags: -fopenmp -fstrict-aliasing -std=c++17 -faligned-new -fPIC -Wall -Wextra -O3 -march=native -ffast-math -Wno-unused-parameter -Wno-unused-label
Running with env flags: -mprefer-vector-width=512  -Rpass=loop-vectorize -Rpass-analysis=loop-vectorize -Rpass-missed=loop-vectorize -Rpass=slp-vectorize -fsave-optimization-record -foptimization-record-file=/log_implemenations_vec_report.yaml
Running with flags: -fopenmp -fstrict-aliasing -std=c++17 -faligned-new -fPIC -Wall -Wextra -O3 -march=native -ffast-math -Wno-unused-parameter -Wno-unused-label -mprefer-vector-width=512  -Rpass=loop-vectorize -Rpass-analysis=loop-vectorize -Rpass-missed=loop-vectorize -Rpass=slp-vectorize -fsave-optimization-record -foptimization-record-file=/log_implemenations_vec_report.yaml
Running with EXTRA_FLAGS='-mprefer-vector-width=256  -Rpass=loop-vectorize -Rpass-analysis=loop-vectorize -Rpass-missed=loop-vectorize -Rpass=slp-vectorize -fsave-optimization-record -foptimization-record-file=/log_implemenations_vec_report.yaml', SUFFIX='force_width_256'
Running with suffix: _force_width_256
Running with #64 cores
Running with base flags: -fopenmp -fstrict-aliasing -std=c++17 -faligned-new -fPIC -Wall -Wextra -O3 -march=native -ffast-math -Wno-unused-parameter -Wno-unused-label
Running with env flags: -mprefer-vector-width=256  -Rpass=loop-vectorize -Rpass-analysis=loop-vectorize -Rpass-missed=loop-vectorize -Rpass=slp-vectorize -fsave-optimization-record -foptimization-record-file=/log_implemenations_vec_report.yaml
Running with flags: -fopenmp -fstrict-aliasing -std=c++17 -faligned-new -fPIC -Wall -Wextra -O3 -march=native -ffast-math -Wno-unused-parameter -Wno-unused-label -mprefer-vector-width=256  -Rpass=loop-vectorize -Rpass-analysis=loop-vectorize -Rpass-missed=loop-vectorize -Rpass=slp-vectorize -fsave-optimization-record -foptimization-record-file=/log_implemenations_vec_report.yaml
Running with EXTRA_FLAGS='-fno-vectorize', SUFFIX='no_vectorize'
Running with suffix: _no_vectorize
Running with #64 cores
Running with base flags: -fopenmp -fstrict-aliasing -std=c++17 -faligned-new -fPIC -Wall -Wextra -O3 -march=native -ffast-math -Wno-unused-parameter -Wno-unused-label
Running with env flags: -fno-vectorize
Running with flags: -fopenmp -fstrict-aliasing -std=c++17 -faligned-new -fPIC -Wall -Wextra -O3 -march=native -ffast-math -Wno-unused-parameter -Wno-unused-label -fno-vectorize
