Script path: 
Script dir:  
Running with EXTRA_FLAGS='', SUFFIX=''
Running with suffix: 
Running with #1 cores
Running with base flags: -fopenmp -fstrict-aliasing -std=c++17 -faligned-new -fPIC -Wall -Wextra -O3 -march=native -ffast-math -Wno-unused-parameter -Wno-unused-label
Running with env flags: 
Running with flags: -fopenmp -fstrict-aliasing -std=c++17 -faligned-new -fPIC -Wall -Wextra -O3 -march=native -ffast-math -Wno-unused-parameter -Wno-unused-label
[can_be_applied] to if_154 is True
[can_be_applied] to if_154 is True
Changing __out = (__in1 / __in2) to have +1.7800590868057611e-307 to avoid NaN/inf floating-point exception in division!
[[0. 0. 0. ... 0. 0. 0.]
 [0. 0. 0. ... 0. 0. 0.]
 [0. 0. 0. ... 0. 0. 0.]
 ...
 [0. 0. 0. ... 0. 0. 0.]
 [0. 0. 0. ... 0. 0. 0.]
 [0. 0. 0. ... 0. 0. 0.]]
[[0. 0. 0. ... 0. 0. 0.]
 [0. 0. 0. ... 0. 0. 0.]
 [0. 0. 0. ... 0. 0. 0.]
 ...
 [0. 0. 0. ... 0. 0. 0.]
 [0. 0. 0. ... 0. 0. 0.]
 [0. 0. 0. ... 0. 0. 0.]]
0.0
Instrumentation report
SDFG Hash: 1dadd3064e88ce4a0235c98fbda571a8f5a4ebfeaa3753f26079646ffb2f7329
---------------------------------------------------------------------------
Element        Runtime (ms)   
               Min            Mean           Median         Max            
---------------------------------------------------------------------------
SDFG (0)                                                                   
|Thread 6423066134202926218:                                                            
|              2.122          2.122          2.122          2.122          
---------------------------------------------------------------------------

Instrumentation report
SDFG Hash: 8f11ee8eaad3c029992fa575dff6feacf615b8fd28f9790a5792c0e222b78106
---------------------------------------------------------------------------
Element        Runtime (ms)   
               Min            Mean           Median         Max            
---------------------------------------------------------------------------
SDFG (0)                                                                   
|Thread 6423066134202926218:                                                            
|              0.005          0.005          0.005          0.005          
---------------------------------------------------------------------------

Run time division_by_zero_dace iter 0: 3.227 ms
Run time division_by_zero_dace iter 1: 3.433 ms
Run time division_by_zero_dace iter 2: 3.432 ms
Run time division_by_zero_dace iter 3: 3.410 ms
Run time division_by_zero_dace iter 4: 3.405 ms
Run time division_by_zero_dace iter 5: 3.390 ms
Run time division_by_zero_dace iter 6: 3.418 ms
Run time division_by_zero_dace iter 7: 3.437 ms
Run time division_by_zero_dace iter 8: 3.505 ms
Run time division_by_zero_dace iter 9: 3.413 ms
Run time division_by_zero_dace iter 10: 3.652 ms
Run time division_by_zero_dace iter 11: 3.459 ms
Run time division_by_zero_dace iter 12: 3.415 ms
Run time division_by_zero_dace iter 13: 3.463 ms
Run time division_by_zero_dace iter 14: 3.452 ms
Run time division_by_zero_dace iter 15: 3.394 ms
Run time division_by_zero_dace iter 16: 3.438 ms
Run time division_by_zero_dace iter 17: 3.447 ms
Run time division_by_zero_dace iter 18: 3.425 ms
Run time division_by_zero_dace iter 19: 3.710 ms
[can_be_applied] to if_255 is True
[can_be_applied] to if_255 is True
Changing __out = (__in1 / __in2) to have +1.7800590868057611e-307 to avoid NaN/inf floating-point exception in division!
Run time division_by_zero_dace_clang__veclen_4_no_cpy iter 0: 3.297 ms
Run time division_by_zero_dace_clang__veclen_4_no_cpy iter 1: 3.377 ms
Run time division_by_zero_dace_clang__veclen_4_no_cpy iter 2: 3.317 ms
Run time division_by_zero_dace_clang__veclen_4_no_cpy iter 3: 3.341 ms
Run time division_by_zero_dace_clang__veclen_4_no_cpy iter 4: 3.316 ms
Run time division_by_zero_dace_clang__veclen_4_no_cpy iter 5: 3.319 ms
Run time division_by_zero_dace_clang__veclen_4_no_cpy iter 6: 3.386 ms
Run time division_by_zero_dace_clang__veclen_4_no_cpy iter 7: 3.276 ms
Run time division_by_zero_dace_clang__veclen_4_no_cpy iter 8: 3.322 ms
Run time division_by_zero_dace_clang__veclen_4_no_cpy iter 9: 3.308 ms
Run time division_by_zero_dace_clang__veclen_4_no_cpy iter 10: 3.302 ms
Run time division_by_zero_dace_clang__veclen_4_no_cpy iter 11: 3.330 ms
Run time division_by_zero_dace_clang__veclen_4_no_cpy iter 12: 3.184 ms
Run time division_by_zero_dace_clang__veclen_4_no_cpy iter 13: 3.357 ms
Run time division_by_zero_dace_clang__veclen_4_no_cpy iter 14: 3.322 ms
Run time division_by_zero_dace_clang__veclen_4_no_cpy iter 15: 3.363 ms
Run time division_by_zero_dace_clang__veclen_4_no_cpy iter 16: 3.346 ms
Run time division_by_zero_dace_clang__veclen_4_no_cpy iter 17: 3.334 ms
Run time division_by_zero_dace_clang__veclen_4_no_cpy iter 18: 5.278 ms
Run time division_by_zero_dace_clang__veclen_4_no_cpy iter 19: 3.159 ms
[can_be_applied] to if_255 is True
[can_be_applied] to if_255 is True
Changing __out = (__in1 / __in2) to have +1.7800590868057611e-307 to avoid NaN/inf floating-point exception in division!
Run time division_by_zero_dace_clang__veclen_4_cpy iter 0: 3.201 ms
Run time division_by_zero_dace_clang__veclen_4_cpy iter 1: 3.228 ms
Run time division_by_zero_dace_clang__veclen_4_cpy iter 2: 3.235 ms
Run time division_by_zero_dace_clang__veclen_4_cpy iter 3: 3.248 ms
Run time division_by_zero_dace_clang__veclen_4_cpy iter 4: 3.250 ms
Run time division_by_zero_dace_clang__veclen_4_cpy iter 5: 3.221 ms
Run time division_by_zero_dace_clang__veclen_4_cpy iter 6: 3.230 ms
Run time division_by_zero_dace_clang__veclen_4_cpy iter 7: 3.193 ms
Run time division_by_zero_dace_clang__veclen_4_cpy iter 8: 3.209 ms
Run time division_by_zero_dace_clang__veclen_4_cpy iter 9: 3.242 ms
Run time division_by_zero_dace_clang__veclen_4_cpy iter 10: 3.338 ms
Run time division_by_zero_dace_clang__veclen_4_cpy iter 11: 3.224 ms
Run time division_by_zero_dace_clang__veclen_4_cpy iter 12: 3.383 ms
Run time division_by_zero_dace_clang__veclen_4_cpy iter 13: 3.111 ms
Run time division_by_zero_dace_clang__veclen_4_cpy iter 14: 3.215 ms
Run time division_by_zero_dace_clang__veclen_4_cpy iter 15: 3.296 ms
Run time division_by_zero_dace_clang__veclen_4_cpy iter 16: 3.295 ms
Run time division_by_zero_dace_clang__veclen_4_cpy iter 17: 3.184 ms
Run time division_by_zero_dace_clang__veclen_4_cpy iter 18: 3.198 ms
Run time division_by_zero_dace_clang__veclen_4_cpy iter 19: 3.193 ms
[can_be_applied] to if_255 is True
[can_be_applied] to if_255 is True
Changing __out = (__in1 / __in2) to have +1.7800590868057611e-307 to avoid NaN/inf floating-point exception in division!
Run time division_by_zero_dace_clang__veclen_8_no_cpy iter 0: 3.481 ms
Run time division_by_zero_dace_clang__veclen_8_no_cpy iter 1: 3.513 ms
Run time division_by_zero_dace_clang__veclen_8_no_cpy iter 2: 3.444 ms
Run time division_by_zero_dace_clang__veclen_8_no_cpy iter 3: 3.496 ms
Run time division_by_zero_dace_clang__veclen_8_no_cpy iter 4: 3.477 ms
Run time division_by_zero_dace_clang__veclen_8_no_cpy iter 5: 3.493 ms
Run time division_by_zero_dace_clang__veclen_8_no_cpy iter 6: 3.483 ms
Run time division_by_zero_dace_clang__veclen_8_no_cpy iter 7: 3.550 ms
Run time division_by_zero_dace_clang__veclen_8_no_cpy iter 8: 3.451 ms
Run time division_by_zero_dace_clang__veclen_8_no_cpy iter 9: 3.465 ms
Run time division_by_zero_dace_clang__veclen_8_no_cpy iter 10: 3.492 ms
Run time division_by_zero_dace_clang__veclen_8_no_cpy iter 11: 3.405 ms
Run time division_by_zero_dace_clang__veclen_8_no_cpy iter 12: 3.503 ms
Run time division_by_zero_dace_clang__veclen_8_no_cpy iter 13: 3.445 ms
Run time division_by_zero_dace_clang__veclen_8_no_cpy iter 14: 3.499 ms
Run time division_by_zero_dace_clang__veclen_8_no_cpy iter 15: 3.422 ms
Run time division_by_zero_dace_clang__veclen_8_no_cpy iter 16: 3.442 ms
Run time division_by_zero_dace_clang__veclen_8_no_cpy iter 17: 3.446 ms
Run time division_by_zero_dace_clang__veclen_8_no_cpy iter 18: 3.440 ms
Run time division_by_zero_dace_clang__veclen_8_no_cpy iter 19: 3.473 ms
[can_be_applied] to if_255 is True
[can_be_applied] to if_255 is True
Changing __out = (__in1 / __in2) to have +1.7800590868057611e-307 to avoid NaN/inf floating-point exception in division!
Run time division_by_zero_dace_clang__veclen_8_cpy iter 0: 3.204 ms
Run time division_by_zero_dace_clang__veclen_8_cpy iter 1: 3.248 ms
Run time division_by_zero_dace_clang__veclen_8_cpy iter 2: 3.215 ms
Run time division_by_zero_dace_clang__veclen_8_cpy iter 3: 3.307 ms
Run time division_by_zero_dace_clang__veclen_8_cpy iter 4: 3.303 ms
Run time division_by_zero_dace_clang__veclen_8_cpy iter 5: 3.373 ms
Run time division_by_zero_dace_clang__veclen_8_cpy iter 6: 4.268 ms
Run time division_by_zero_dace_clang__veclen_8_cpy iter 7: 3.261 ms
Run time division_by_zero_dace_clang__veclen_8_cpy iter 8: 3.253 ms
Run time division_by_zero_dace_clang__veclen_8_cpy iter 9: 3.312 ms
Run time division_by_zero_dace_clang__veclen_8_cpy iter 10: 3.271 ms
Run time division_by_zero_dace_clang__veclen_8_cpy iter 11: 3.255 ms
Run time division_by_zero_dace_clang__veclen_8_cpy iter 12: 3.262 ms
Run time division_by_zero_dace_clang__veclen_8_cpy iter 13: 3.210 ms
Run time division_by_zero_dace_clang__veclen_8_cpy iter 14: 3.227 ms
Run time division_by_zero_dace_clang__veclen_8_cpy iter 15: 3.185 ms
Run time division_by_zero_dace_clang__veclen_8_cpy iter 16: 3.295 ms
Run time division_by_zero_dace_clang__veclen_8_cpy iter 17: 3.212 ms
Run time division_by_zero_dace_clang__veclen_8_cpy iter 18: 3.286 ms
Run time division_by_zero_dace_clang__veclen_8_cpy iter 19: 3.078 ms
[can_be_applied] to if_255 is True
[can_be_applied] to if_255 is True
Changing __out = (__in1 / __in2) to have +1.7800590868057611e-307 to avoid NaN/inf floating-point exception in division!
Run time division_by_zero_dace_clang__veclen_16_no_cpy iter 0: 4.214 ms
Run time division_by_zero_dace_clang__veclen_16_no_cpy iter 1: 4.720 ms
Run time division_by_zero_dace_clang__veclen_16_no_cpy iter 2: 5.480 ms
Run time division_by_zero_dace_clang__veclen_16_no_cpy iter 3: 5.698 ms
Run time division_by_zero_dace_clang__veclen_16_no_cpy iter 4: 4.776 ms
Run time division_by_zero_dace_clang__veclen_16_no_cpy iter 5: 4.292 ms
Run time division_by_zero_dace_clang__veclen_16_no_cpy iter 6: 4.199 ms
Run time division_by_zero_dace_clang__veclen_16_no_cpy iter 7: 4.280 ms
Run time division_by_zero_dace_clang__veclen_16_no_cpy iter 8: 4.234 ms
Run time division_by_zero_dace_clang__veclen_16_no_cpy iter 9: 4.247 ms
Run time division_by_zero_dace_clang__veclen_16_no_cpy iter 10: 4.289 ms
Run time division_by_zero_dace_clang__veclen_16_no_cpy iter 11: 4.185 ms
Run time division_by_zero_dace_clang__veclen_16_no_cpy iter 12: 4.806 ms
Run time division_by_zero_dace_clang__veclen_16_no_cpy iter 13: 4.222 ms
Run time division_by_zero_dace_clang__veclen_16_no_cpy iter 14: 4.216 ms
Run time division_by_zero_dace_clang__veclen_16_no_cpy iter 15: 4.190 ms
Run time division_by_zero_dace_clang__veclen_16_no_cpy iter 16: 4.296 ms
Run time division_by_zero_dace_clang__veclen_16_no_cpy iter 17: 4.200 ms
Run time division_by_zero_dace_clang__veclen_16_no_cpy iter 18: 4.323 ms
Run time division_by_zero_dace_clang__veclen_16_no_cpy iter 19: 4.202 ms
[can_be_applied] to if_255 is True
[can_be_applied] to if_255 is True
Changing __out = (__in1 / __in2) to have +1.7800590868057611e-307 to avoid NaN/inf floating-point exception in division!
Run time division_by_zero_dace_clang__veclen_16_cpy iter 0: 3.312 ms
Run time division_by_zero_dace_clang__veclen_16_cpy iter 1: 3.247 ms
Run time division_by_zero_dace_clang__veclen_16_cpy iter 2: 4.018 ms
Run time division_by_zero_dace_clang__veclen_16_cpy iter 3: 3.231 ms
Run time division_by_zero_dace_clang__veclen_16_cpy iter 4: 3.220 ms
Run time division_by_zero_dace_clang__veclen_16_cpy iter 5: 4.061 ms
Run time division_by_zero_dace_clang__veclen_16_cpy iter 6: 4.962 ms
Run time division_by_zero_dace_clang__veclen_16_cpy iter 7: 3.217 ms
Run time division_by_zero_dace_clang__veclen_16_cpy iter 8: 3.071 ms
Run time division_by_zero_dace_clang__veclen_16_cpy iter 9: 3.217 ms
Run time division_by_zero_dace_clang__veclen_16_cpy iter 10: 3.276 ms
Run time division_by_zero_dace_clang__veclen_16_cpy iter 11: 4.704 ms
Run time division_by_zero_dace_clang__veclen_16_cpy iter 12: 3.226 ms
Run time division_by_zero_dace_clang__veclen_16_cpy iter 13: 3.076 ms
Run time division_by_zero_dace_clang__veclen_16_cpy iter 14: 3.069 ms
Run time division_by_zero_dace_clang__veclen_16_cpy iter 15: 3.214 ms
Run time division_by_zero_dace_clang__veclen_16_cpy iter 16: 3.073 ms
Run time division_by_zero_dace_clang__veclen_16_cpy iter 17: 3.248 ms
Run time division_by_zero_dace_clang__veclen_16_cpy iter 18: 3.217 ms
Run time division_by_zero_dace_clang__veclen_16_cpy iter 19: 4.285 ms
[can_be_applied] to if_255 is True
[can_be_applied] to if_255 is True
Changing __out = (__in1 / __in2) to have +1.7800590868057611e-307 to avoid NaN/inf floating-point exception in division!
Run time division_by_zero_dace_clang__veclen_32_no_cpy iter 0: 3.360 ms
Run time division_by_zero_dace_clang__veclen_32_no_cpy iter 1: 3.406 ms
Run time division_by_zero_dace_clang__veclen_32_no_cpy iter 2: 3.382 ms
Run time division_by_zero_dace_clang__veclen_32_no_cpy iter 3: 3.193 ms
Run time division_by_zero_dace_clang__veclen_32_no_cpy iter 4: 3.693 ms
Run time division_by_zero_dace_clang__veclen_32_no_cpy iter 5: 3.362 ms
Run time division_by_zero_dace_clang__veclen_32_no_cpy iter 6: 4.587 ms
Run time division_by_zero_dace_clang__veclen_32_no_cpy iter 7: 3.364 ms
Run time division_by_zero_dace_clang__veclen_32_no_cpy iter 8: 3.358 ms
Run time division_by_zero_dace_clang__veclen_32_no_cpy iter 9: 3.356 ms
Run time division_by_zero_dace_clang__veclen_32_no_cpy iter 10: 4.429 ms
Run time division_by_zero_dace_clang__veclen_32_no_cpy iter 11: 3.355 ms
Run time division_by_zero_dace_clang__veclen_32_no_cpy iter 12: 3.391 ms
Run time division_by_zero_dace_clang__veclen_32_no_cpy iter 13: 3.345 ms
Run time division_by_zero_dace_clang__veclen_32_no_cpy iter 14: 3.353 ms
Run time division_by_zero_dace_clang__veclen_32_no_cpy iter 15: 3.323 ms
Run time division_by_zero_dace_clang__veclen_32_no_cpy iter 16: 3.355 ms
Run time division_by_zero_dace_clang__veclen_32_no_cpy iter 17: 3.413 ms
Run time division_by_zero_dace_clang__veclen_32_no_cpy iter 18: 3.403 ms
Run time division_by_zero_dace_clang__veclen_32_no_cpy iter 19: 4.381 ms
[can_be_applied] to if_255 is True
[can_be_applied] to if_255 is True
Changing __out = (__in1 / __in2) to have +1.7800590868057611e-307 to avoid NaN/inf floating-point exception in division!
Run time division_by_zero_dace_clang__veclen_32_cpy iter 0: 3.456 ms
Run time division_by_zero_dace_clang__veclen_32_cpy iter 1: 3.513 ms
Run time division_by_zero_dace_clang__veclen_32_cpy iter 2: 3.439 ms
Run time division_by_zero_dace_clang__veclen_32_cpy iter 3: 3.432 ms
Run time division_by_zero_dace_clang__veclen_32_cpy iter 4: 3.429 ms
Run time division_by_zero_dace_clang__veclen_32_cpy iter 5: 3.406 ms
Run time division_by_zero_dace_clang__veclen_32_cpy iter 6: 3.642 ms
Run time division_by_zero_dace_clang__veclen_32_cpy iter 7: 3.424 ms
Run time division_by_zero_dace_clang__veclen_32_cpy iter 8: 3.420 ms
Run time division_by_zero_dace_clang__veclen_32_cpy iter 9: 3.426 ms
Run time division_by_zero_dace_clang__veclen_32_cpy iter 10: 3.456 ms
Run time division_by_zero_dace_clang__veclen_32_cpy iter 11: 3.435 ms
Run time division_by_zero_dace_clang__veclen_32_cpy iter 12: 3.446 ms
Run time division_by_zero_dace_clang__veclen_32_cpy iter 13: 3.444 ms
Run time division_by_zero_dace_clang__veclen_32_cpy iter 14: 3.496 ms
Run time division_by_zero_dace_clang__veclen_32_cpy iter 15: 3.434 ms
Run time division_by_zero_dace_clang__veclen_32_cpy iter 16: 3.662 ms
Run time division_by_zero_dace_clang__veclen_32_cpy iter 17: 3.995 ms
Run time division_by_zero_dace_clang__veclen_32_cpy iter 18: 3.462 ms
Run time division_by_zero_dace_clang__veclen_32_cpy iter 19: 3.461 ms
[can_be_applied] to if_255 is True
[can_be_applied] to if_255 is True
Changing __out = (__in1 / __in2) to have +1.7800590868057611e-307 to avoid NaN/inf floating-point exception in division!
Run time division_by_zero_dace_clang__veclen_64_no_cpy iter 0: 3.499 ms
Run time division_by_zero_dace_clang__veclen_64_no_cpy iter 1: 3.435 ms
Run time division_by_zero_dace_clang__veclen_64_no_cpy iter 2: 3.461 ms
Run time division_by_zero_dace_clang__veclen_64_no_cpy iter 3: 3.432 ms
Run time division_by_zero_dace_clang__veclen_64_no_cpy iter 4: 4.062 ms
Run time division_by_zero_dace_clang__veclen_64_no_cpy iter 5: 3.610 ms
Run time division_by_zero_dace_clang__veclen_64_no_cpy iter 6: 3.445 ms
Run time division_by_zero_dace_clang__veclen_64_no_cpy iter 7: 3.998 ms
Run time division_by_zero_dace_clang__veclen_64_no_cpy iter 8: 3.580 ms
Run time division_by_zero_dace_clang__veclen_64_no_cpy iter 9: 3.420 ms
Run time division_by_zero_dace_clang__veclen_64_no_cpy iter 10: 3.433 ms
Run time division_by_zero_dace_clang__veclen_64_no_cpy iter 11: 3.494 ms
Run time division_by_zero_dace_clang__veclen_64_no_cpy iter 12: 3.420 ms
Run time division_by_zero_dace_clang__veclen_64_no_cpy iter 13: 3.424 ms
Run time division_by_zero_dace_clang__veclen_64_no_cpy iter 14: 3.457 ms
Run time division_by_zero_dace_clang__veclen_64_no_cpy iter 15: 3.411 ms
Run time division_by_zero_dace_clang__veclen_64_no_cpy iter 16: 3.946 ms
Run time division_by_zero_dace_clang__veclen_64_no_cpy iter 17: 3.458 ms
Run time division_by_zero_dace_clang__veclen_64_no_cpy iter 18: 3.594 ms
Run time division_by_zero_dace_clang__veclen_64_no_cpy iter 19: 3.545 ms
[can_be_applied] to if_255 is True
[can_be_applied] to if_255 is True
Changing __out = (__in1 / __in2) to have +1.7800590868057611e-307 to avoid NaN/inf floating-point exception in division!
Run time division_by_zero_dace_clang__veclen_64_cpy iter 0: 3.455 ms
Run time division_by_zero_dace_clang__veclen_64_cpy iter 1: 3.842 ms
Run time division_by_zero_dace_clang__veclen_64_cpy iter 2: 3.554 ms
Run time division_by_zero_dace_clang__veclen_64_cpy iter 3: 3.453 ms
Run time division_by_zero_dace_clang__veclen_64_cpy iter 4: 3.832 ms
Run time division_by_zero_dace_clang__veclen_64_cpy iter 5: 3.540 ms
Run time division_by_zero_dace_clang__veclen_64_cpy iter 6: 3.466 ms
Run time division_by_zero_dace_clang__veclen_64_cpy iter 7: 3.521 ms
Run time division_by_zero_dace_clang__veclen_64_cpy iter 8: 3.465 ms
Run time division_by_zero_dace_clang__veclen_64_cpy iter 9: 3.434 ms
Run time division_by_zero_dace_clang__veclen_64_cpy iter 10: 3.455 ms
Run time division_by_zero_dace_clang__veclen_64_cpy iter 11: 3.724 ms
Run time division_by_zero_dace_clang__veclen_64_cpy iter 12: 5.913 ms
Run time division_by_zero_dace_clang__veclen_64_cpy iter 13: 3.439 ms
Run time division_by_zero_dace_clang__veclen_64_cpy iter 14: 4.031 ms
Run time division_by_zero_dace_clang__veclen_64_cpy iter 15: 3.438 ms
Run time division_by_zero_dace_clang__veclen_64_cpy iter 16: 3.606 ms
Run time division_by_zero_dace_clang__veclen_64_cpy iter 17: 3.511 ms
Run time division_by_zero_dace_clang__veclen_64_cpy iter 18: 3.635 ms
Run time division_by_zero_dace_clang__veclen_64_cpy iter 19: 3.453 ms
Saved timing results to division_by_zero_timings__singlecore.csv
Run time division_by_zero_dace iter 0: 6.625 ms
Run time division_by_zero_dace iter 1: 7.002 ms
Run time division_by_zero_dace iter 2: 6.430 ms
Run time division_by_zero_dace iter 3: 7.673 ms
Run time division_by_zero_dace iter 4: 6.451 ms
Run time division_by_zero_dace iter 5: 6.440 ms
Run time division_by_zero_dace iter 6: 6.424 ms
Run time division_by_zero_dace iter 7: 6.419 ms
Run time division_by_zero_dace iter 8: 6.427 ms
Run time division_by_zero_dace iter 9: 6.452 ms
Run time division_by_zero_dace iter 10: 6.447 ms
Run time division_by_zero_dace iter 11: 6.755 ms
Run time division_by_zero_dace iter 12: 6.429 ms
Run time division_by_zero_dace iter 13: 6.746 ms
Run time division_by_zero_dace iter 14: 9.011 ms
Run time division_by_zero_dace iter 15: 6.748 ms
Run time division_by_zero_dace iter 16: 7.011 ms
Run time division_by_zero_dace iter 17: 6.973 ms
Run time division_by_zero_dace iter 18: 6.501 ms
Run time division_by_zero_dace iter 19: 6.977 ms
[can_be_applied] to if_255 is True
[can_be_applied] to if_255 is True
Changing __out = (__in1 / __in2) to have +1.7800590868057611e-307 to avoid NaN/inf floating-point exception in division!
Run time division_by_zero_dace_clang__veclen_4_no_cpy iter 0: 6.300 ms
Run time division_by_zero_dace_clang__veclen_4_no_cpy iter 1: 6.873 ms
Run time division_by_zero_dace_clang__veclen_4_no_cpy iter 2: 6.274 ms
Run time division_by_zero_dace_clang__veclen_4_no_cpy iter 3: 6.233 ms
Run time division_by_zero_dace_clang__veclen_4_no_cpy iter 4: 6.309 ms
Run time division_by_zero_dace_clang__veclen_4_no_cpy iter 5: 7.500 ms
Run time division_by_zero_dace_clang__veclen_4_no_cpy iter 6: 8.850 ms
Run time division_by_zero_dace_clang__veclen_4_no_cpy iter 7: 10.054 ms
Run time division_by_zero_dace_clang__veclen_4_no_cpy iter 8: 9.108 ms
Run time division_by_zero_dace_clang__veclen_4_no_cpy iter 9: 6.579 ms
Run time division_by_zero_dace_clang__veclen_4_no_cpy iter 10: 6.237 ms
Run time division_by_zero_dace_clang__veclen_4_no_cpy iter 11: 6.231 ms
Run time division_by_zero_dace_clang__veclen_4_no_cpy iter 12: 6.263 ms
Run time division_by_zero_dace_clang__veclen_4_no_cpy iter 13: 8.483 ms
Run time division_by_zero_dace_clang__veclen_4_no_cpy iter 14: 6.260 ms
Run time division_by_zero_dace_clang__veclen_4_no_cpy iter 15: 6.595 ms
Run time division_by_zero_dace_clang__veclen_4_no_cpy iter 16: 6.352 ms
Run time division_by_zero_dace_clang__veclen_4_no_cpy iter 17: 6.945 ms
Run time division_by_zero_dace_clang__veclen_4_no_cpy iter 18: 6.297 ms
Run time division_by_zero_dace_clang__veclen_4_no_cpy iter 19: 6.872 ms
[can_be_applied] to if_255 is True
[can_be_applied] to if_255 is True
Changing __out = (__in1 / __in2) to have +1.7800590868057611e-307 to avoid NaN/inf floating-point exception in division!
Run time division_by_zero_dace_clang__veclen_4_cpy iter 0: 6.292 ms
Run time division_by_zero_dace_clang__veclen_4_cpy iter 1: 6.516 ms
Run time division_by_zero_dace_clang__veclen_4_cpy iter 2: 6.191 ms
Run time division_by_zero_dace_clang__veclen_4_cpy iter 3: 6.194 ms
Run time division_by_zero_dace_clang__veclen_4_cpy iter 4: 8.811 ms
Run time division_by_zero_dace_clang__veclen_4_cpy iter 5: 6.163 ms
Run time division_by_zero_dace_clang__veclen_4_cpy iter 6: 6.221 ms
Run time division_by_zero_dace_clang__veclen_4_cpy iter 7: 6.151 ms
Run time division_by_zero_dace_clang__veclen_4_cpy iter 8: 6.200 ms
Run time division_by_zero_dace_clang__veclen_4_cpy iter 9: 6.169 ms
Run time division_by_zero_dace_clang__veclen_4_cpy iter 10: 6.379 ms
Run time division_by_zero_dace_clang__veclen_4_cpy iter 11: 6.410 ms
Run time division_by_zero_dace_clang__veclen_4_cpy iter 12: 6.203 ms
Run time division_by_zero_dace_clang__veclen_4_cpy iter 13: 7.204 ms
Run time division_by_zero_dace_clang__veclen_4_cpy iter 14: 6.179 ms
Run time division_by_zero_dace_clang__veclen_4_cpy iter 15: 6.183 ms
Run time division_by_zero_dace_clang__veclen_4_cpy iter 16: 6.180 ms
Run time division_by_zero_dace_clang__veclen_4_cpy iter 17: 6.348 ms
Run time division_by_zero_dace_clang__veclen_4_cpy iter 18: 6.366 ms
Run time division_by_zero_dace_clang__veclen_4_cpy iter 19: 6.612 ms
[can_be_applied] to if_255 is True
[can_be_applied] to if_255 is True
Changing __out = (__in1 / __in2) to have +1.7800590868057611e-307 to avoid NaN/inf floating-point exception in division!
Run time division_by_zero_dace_clang__veclen_8_no_cpy iter 0: 6.740 ms
Run time division_by_zero_dace_clang__veclen_8_no_cpy iter 1: 6.741 ms
Run time division_by_zero_dace_clang__veclen_8_no_cpy iter 2: 6.753 ms
Run time division_by_zero_dace_clang__veclen_8_no_cpy iter 3: 6.865 ms
Run time division_by_zero_dace_clang__veclen_8_no_cpy iter 4: 6.768 ms
Run time division_by_zero_dace_clang__veclen_8_no_cpy iter 5: 7.081 ms
Run time division_by_zero_dace_clang__veclen_8_no_cpy iter 6: 7.073 ms
Run time division_by_zero_dace_clang__veclen_8_no_cpy iter 7: 7.078 ms
Run time division_by_zero_dace_clang__veclen_8_no_cpy iter 8: 10.012 ms
Run time division_by_zero_dace_clang__veclen_8_no_cpy iter 9: 6.792 ms
Run time division_by_zero_dace_clang__veclen_8_no_cpy iter 10: 9.907 ms
Run time division_by_zero_dace_clang__veclen_8_no_cpy iter 11: 6.774 ms
Run time division_by_zero_dace_clang__veclen_8_no_cpy iter 12: 7.082 ms
Run time division_by_zero_dace_clang__veclen_8_no_cpy iter 13: 6.953 ms
Run time division_by_zero_dace_clang__veclen_8_no_cpy iter 14: 7.052 ms
Run time division_by_zero_dace_clang__veclen_8_no_cpy iter 15: 8.490 ms
Run time division_by_zero_dace_clang__veclen_8_no_cpy iter 16: 6.994 ms
Run time division_by_zero_dace_clang__veclen_8_no_cpy iter 17: 7.217 ms
Run time division_by_zero_dace_clang__veclen_8_no_cpy iter 18: 6.759 ms
Run time division_by_zero_dace_clang__veclen_8_no_cpy iter 19: 11.838 ms
[can_be_applied] to if_255 is True
[can_be_applied] to if_255 is True
Changing __out = (__in1 / __in2) to have +1.7800590868057611e-307 to avoid NaN/inf floating-point exception in division!
Run time division_by_zero_dace_clang__veclen_8_cpy iter 0: 6.224 ms
Run time division_by_zero_dace_clang__veclen_8_cpy iter 1: 6.077 ms
Run time division_by_zero_dace_clang__veclen_8_cpy iter 2: 9.559 ms
Run time division_by_zero_dace_clang__veclen_8_cpy iter 3: 6.571 ms
Run time division_by_zero_dace_clang__veclen_8_cpy iter 4: 9.432 ms
Run time division_by_zero_dace_clang__veclen_8_cpy iter 5: 6.086 ms
Run time division_by_zero_dace_clang__veclen_8_cpy iter 6: 6.079 ms
Run time division_by_zero_dace_clang__veclen_8_cpy iter 7: 6.084 ms
Run time division_by_zero_dace_clang__veclen_8_cpy iter 8: 7.730 ms
Run time division_by_zero_dace_clang__veclen_8_cpy iter 9: 6.093 ms
Run time division_by_zero_dace_clang__veclen_8_cpy iter 10: 6.369 ms
Run time division_by_zero_dace_clang__veclen_8_cpy iter 11: 6.088 ms
Run time division_by_zero_dace_clang__veclen_8_cpy iter 12: 6.065 ms
Run time division_by_zero_dace_clang__veclen_8_cpy iter 13: 6.390 ms
Run time division_by_zero_dace_clang__veclen_8_cpy iter 14: 6.538 ms
Run time division_by_zero_dace_clang__veclen_8_cpy iter 15: 6.091 ms
Run time division_by_zero_dace_clang__veclen_8_cpy iter 16: 8.478 ms
Run time division_by_zero_dace_clang__veclen_8_cpy iter 17: 6.091 ms
Run time division_by_zero_dace_clang__veclen_8_cpy iter 18: 6.459 ms
Run time division_by_zero_dace_clang__veclen_8_cpy iter 19: 6.104 ms
[can_be_applied] to if_255 is True
[can_be_applied] to if_255 is True
Changing __out = (__in1 / __in2) to have +1.7800590868057611e-307 to avoid NaN/inf floating-point exception in division!
Run time division_by_zero_dace_clang__veclen_16_no_cpy iter 0: 8.356 ms
Run time division_by_zero_dace_clang__veclen_16_no_cpy iter 1: 9.902 ms
Run time division_by_zero_dace_clang__veclen_16_no_cpy iter 2: 9.935 ms
Run time division_by_zero_dace_clang__veclen_16_no_cpy iter 3: 8.458 ms
Run time division_by_zero_dace_clang__veclen_16_no_cpy iter 4: 8.734 ms
Run time division_by_zero_dace_clang__veclen_16_no_cpy iter 5: 8.798 ms
Run time division_by_zero_dace_clang__veclen_16_no_cpy iter 6: 8.536 ms
Run time division_by_zero_dace_clang__veclen_16_no_cpy iter 7: 8.391 ms
Run time division_by_zero_dace_clang__veclen_16_no_cpy iter 8: 9.071 ms
Run time division_by_zero_dace_clang__veclen_16_no_cpy iter 9: 8.559 ms
Run time division_by_zero_dace_clang__veclen_16_no_cpy iter 10: 8.530 ms
Run time division_by_zero_dace_clang__veclen_16_no_cpy iter 11: 8.556 ms
Run time division_by_zero_dace_clang__veclen_16_no_cpy iter 12: 8.806 ms
Run time division_by_zero_dace_clang__veclen_16_no_cpy iter 13: 8.684 ms
Run time division_by_zero_dace_clang__veclen_16_no_cpy iter 14: 8.462 ms
Run time division_by_zero_dace_clang__veclen_16_no_cpy iter 15: 8.730 ms
Run time division_by_zero_dace_clang__veclen_16_no_cpy iter 16: 10.335 ms
Run time division_by_zero_dace_clang__veclen_16_no_cpy iter 17: 10.382 ms
Run time division_by_zero_dace_clang__veclen_16_no_cpy iter 18: 8.332 ms
Run time division_by_zero_dace_clang__veclen_16_no_cpy iter 19: 8.520 ms
[can_be_applied] to if_255 is True
[can_be_applied] to if_255 is True
Changing __out = (__in1 / __in2) to have +1.7800590868057611e-307 to avoid NaN/inf floating-point exception in division!
Run time division_by_zero_dace_clang__veclen_16_cpy iter 0: 6.092 ms
Run time division_by_zero_dace_clang__veclen_16_cpy iter 1: 7.290 ms
Run time division_by_zero_dace_clang__veclen_16_cpy iter 2: 6.088 ms
Run time division_by_zero_dace_clang__veclen_16_cpy iter 3: 6.098 ms
Run time division_by_zero_dace_clang__veclen_16_cpy iter 4: 6.098 ms
Run time division_by_zero_dace_clang__veclen_16_cpy iter 5: 6.348 ms
Run time division_by_zero_dace_clang__veclen_16_cpy iter 6: 6.367 ms
Run time division_by_zero_dace_clang__veclen_16_cpy iter 7: 6.085 ms
Run time division_by_zero_dace_clang__veclen_16_cpy iter 8: 6.077 ms
Run time division_by_zero_dace_clang__veclen_16_cpy iter 9: 6.358 ms
Run time division_by_zero_dace_clang__veclen_16_cpy iter 10: 6.096 ms
Run time division_by_zero_dace_clang__veclen_16_cpy iter 11: 6.096 ms
Run time division_by_zero_dace_clang__veclen_16_cpy iter 12: 7.749 ms
Run time division_by_zero_dace_clang__veclen_16_cpy iter 13: 6.981 ms
Run time division_by_zero_dace_clang__veclen_16_cpy iter 14: 6.496 ms
Run time division_by_zero_dace_clang__veclen_16_cpy iter 15: 6.296 ms
Run time division_by_zero_dace_clang__veclen_16_cpy iter 16: 6.256 ms
Run time division_by_zero_dace_clang__veclen_16_cpy iter 17: 6.590 ms
Run time division_by_zero_dace_clang__veclen_16_cpy iter 18: 6.138 ms
Run time division_by_zero_dace_clang__veclen_16_cpy iter 19: 6.908 ms
[can_be_applied] to if_255 is True
[can_be_applied] to if_255 is True
Changing __out = (__in1 / __in2) to have +1.7800590868057611e-307 to avoid NaN/inf floating-point exception in division!
Run time division_by_zero_dace_clang__veclen_32_no_cpy iter 0: 6.646 ms
Run time division_by_zero_dace_clang__veclen_32_no_cpy iter 1: 7.053 ms
Run time division_by_zero_dace_clang__veclen_32_no_cpy iter 2: 6.765 ms
Run time division_by_zero_dace_clang__veclen_32_no_cpy iter 3: 7.294 ms
Run time division_by_zero_dace_clang__veclen_32_no_cpy iter 4: 7.946 ms
Run time division_by_zero_dace_clang__veclen_32_no_cpy iter 5: 7.392 ms
Run time division_by_zero_dace_clang__veclen_32_no_cpy iter 6: 6.713 ms
Run time division_by_zero_dace_clang__veclen_32_no_cpy iter 7: 6.778 ms
Run time division_by_zero_dace_clang__veclen_32_no_cpy iter 8: 10.373 ms
Run time division_by_zero_dace_clang__veclen_32_no_cpy iter 9: 8.360 ms
Run time division_by_zero_dace_clang__veclen_32_no_cpy iter 10: 10.569 ms
Run time division_by_zero_dace_clang__veclen_32_no_cpy iter 11: 7.251 ms
Run time division_by_zero_dace_clang__veclen_32_no_cpy iter 12: 6.726 ms
Run time division_by_zero_dace_clang__veclen_32_no_cpy iter 13: 6.649 ms
Run time division_by_zero_dace_clang__veclen_32_no_cpy iter 14: 7.215 ms
Run time division_by_zero_dace_clang__veclen_32_no_cpy iter 15: 6.660 ms
Run time division_by_zero_dace_clang__veclen_32_no_cpy iter 16: 7.267 ms
Run time division_by_zero_dace_clang__veclen_32_no_cpy iter 17: 7.205 ms
Run time division_by_zero_dace_clang__veclen_32_no_cpy iter 18: 7.375 ms
Run time division_by_zero_dace_clang__veclen_32_no_cpy iter 19: 7.178 ms
[can_be_applied] to if_255 is True
[can_be_applied] to if_255 is True
Changing __out = (__in1 / __in2) to have +1.7800590868057611e-307 to avoid NaN/inf floating-point exception in division!
Run time division_by_zero_dace_clang__veclen_32_cpy iter 0: 6.390 ms
Run time division_by_zero_dace_clang__veclen_32_cpy iter 1: 6.693 ms
Run time division_by_zero_dace_clang__veclen_32_cpy iter 2: 6.420 ms
Run time division_by_zero_dace_clang__veclen_32_cpy iter 3: 6.864 ms
Run time division_by_zero_dace_clang__veclen_32_cpy iter 4: 6.818 ms
Run time division_by_zero_dace_clang__veclen_32_cpy iter 5: 6.412 ms
Run time division_by_zero_dace_clang__veclen_32_cpy iter 6: 6.904 ms
Run time division_by_zero_dace_clang__veclen_32_cpy iter 7: 6.394 ms
Run time division_by_zero_dace_clang__veclen_32_cpy iter 8: 6.908 ms
Run time division_by_zero_dace_clang__veclen_32_cpy iter 9: 6.665 ms
Run time division_by_zero_dace_clang__veclen_32_cpy iter 10: 6.839 ms
Run time division_by_zero_dace_clang__veclen_32_cpy iter 11: 6.642 ms
Run time division_by_zero_dace_clang__veclen_32_cpy iter 12: 6.726 ms
Run time division_by_zero_dace_clang__veclen_32_cpy iter 13: 6.406 ms
Run time division_by_zero_dace_clang__veclen_32_cpy iter 14: 6.440 ms
Run time division_by_zero_dace_clang__veclen_32_cpy iter 15: 6.857 ms
Run time division_by_zero_dace_clang__veclen_32_cpy iter 16: 6.990 ms
Run time division_by_zero_dace_clang__veclen_32_cpy iter 17: 6.531 ms
Run time division_by_zero_dace_clang__veclen_32_cpy iter 18: 6.449 ms
Run time division_by_zero_dace_clang__veclen_32_cpy iter 19: 7.097 ms
[can_be_applied] to if_255 is True
[can_be_applied] to if_255 is True
Changing __out = (__in1 / __in2) to have +1.7800590868057611e-307 to avoid NaN/inf floating-point exception in division!
Run time division_by_zero_dace_clang__veclen_64_no_cpy iter 0: 7.120 ms
Run time division_by_zero_dace_clang__veclen_64_no_cpy iter 1: 7.308 ms
Run time division_by_zero_dace_clang__veclen_64_no_cpy iter 2: 7.541 ms
Run time division_by_zero_dace_clang__veclen_64_no_cpy iter 3: 7.192 ms
Run time division_by_zero_dace_clang__veclen_64_no_cpy iter 4: 7.505 ms
Run time division_by_zero_dace_clang__veclen_64_no_cpy iter 5: 7.139 ms
Run time division_by_zero_dace_clang__veclen_64_no_cpy iter 6: 7.750 ms
Run time division_by_zero_dace_clang__veclen_64_no_cpy iter 7: 7.188 ms
Run time division_by_zero_dace_clang__veclen_64_no_cpy iter 8: 7.352 ms
Run time division_by_zero_dace_clang__veclen_64_no_cpy iter 9: 7.158 ms
Run time division_by_zero_dace_clang__veclen_64_no_cpy iter 10: 7.151 ms
Run time division_by_zero_dace_clang__veclen_64_no_cpy iter 11: 7.108 ms
Run time division_by_zero_dace_clang__veclen_64_no_cpy iter 12: 7.245 ms
Run time division_by_zero_dace_clang__veclen_64_no_cpy iter 13: 7.139 ms
Run time division_by_zero_dace_clang__veclen_64_no_cpy iter 14: 7.201 ms
Run time division_by_zero_dace_clang__veclen_64_no_cpy iter 15: 8.678 ms
Run time division_by_zero_dace_clang__veclen_64_no_cpy iter 16: 7.318 ms
Run time division_by_zero_dace_clang__veclen_64_no_cpy iter 17: 7.120 ms
Run time division_by_zero_dace_clang__veclen_64_no_cpy iter 18: 7.523 ms
Run time division_by_zero_dace_clang__veclen_64_no_cpy iter 19: 7.646 ms
[can_be_applied] to if_255 is True
[can_be_applied] to if_255 is True
Changing __out = (__in1 / __in2) to have +1.7800590868057611e-307 to avoid NaN/inf floating-point exception in division!
Run time division_by_zero_dace_clang__veclen_64_cpy iter 0: 8.060 ms
Run time division_by_zero_dace_clang__veclen_64_cpy iter 1: 9.957 ms
Run time division_by_zero_dace_clang__veclen_64_cpy iter 2: 8.516 ms
Run time division_by_zero_dace_clang__veclen_64_cpy iter 3: 8.016 ms
Run time division_by_zero_dace_clang__veclen_64_cpy iter 4: 8.515 ms
Run time division_by_zero_dace_clang__veclen_64_cpy iter 5: 8.031 ms
Run time division_by_zero_dace_clang__veclen_64_cpy iter 6: 8.409 ms
Run time division_by_zero_dace_clang__veclen_64_cpy iter 7: 8.229 ms
Run time division_by_zero_dace_clang__veclen_64_cpy iter 8: 8.094 ms
Run time division_by_zero_dace_clang__veclen_64_cpy iter 9: 8.268 ms
Run time division_by_zero_dace_clang__veclen_64_cpy iter 10: 7.970 ms
Run time division_by_zero_dace_clang__veclen_64_cpy iter 11: 8.673 ms
Run time division_by_zero_dace_clang__veclen_64_cpy iter 12: 10.016 ms
Run time division_by_zero_dace_clang__veclen_64_cpy iter 13: 8.165 ms
Run time division_by_zero_dace_clang__veclen_64_cpy iter 14: 8.103 ms
Run time division_by_zero_dace_clang__veclen_64_cpy iter 15: 7.949 ms
Run time division_by_zero_dace_clang__veclen_64_cpy iter 16: 8.316 ms
Run time division_by_zero_dace_clang__veclen_64_cpy iter 17: 9.032 ms
Run time division_by_zero_dace_clang__veclen_64_cpy iter 18: 7.885 ms
Run time division_by_zero_dace_clang__veclen_64_cpy iter 19: 7.896 ms
Saved timing results to division_by_zero_timings__singlecore.csv
Run time division_by_zero_dace iter 0: 13.145 ms
Run time division_by_zero_dace iter 1: 13.544 ms
Run time division_by_zero_dace iter 2: 12.997 ms
Run time division_by_zero_dace iter 3: 18.288 ms
Run time division_by_zero_dace iter 4: 20.245 ms
Run time division_by_zero_dace iter 5: 14.560 ms
Run time division_by_zero_dace iter 6: 19.398 ms
Run time division_by_zero_dace iter 7: 19.960 ms
Run time division_by_zero_dace iter 8: 12.858 ms
Run time division_by_zero_dace iter 9: 12.891 ms
Run time division_by_zero_dace iter 10: 12.874 ms
Run time division_by_zero_dace iter 11: 13.515 ms
Run time division_by_zero_dace iter 12: 18.322 ms
Run time division_by_zero_dace iter 13: 13.583 ms
Run time division_by_zero_dace iter 14: 13.564 ms
Run time division_by_zero_dace iter 15: 13.496 ms
Run time division_by_zero_dace iter 16: 17.121 ms
Run time division_by_zero_dace iter 17: 13.487 ms
Run time division_by_zero_dace iter 18: 12.839 ms
Run time division_by_zero_dace iter 19: 16.330 ms
[can_be_applied] to if_255 is True
[can_be_applied] to if_255 is True
Changing __out = (__in1 / __in2) to have +1.7800590868057611e-307 to avoid NaN/inf floating-point exception in division!
Run time division_by_zero_dace_clang__veclen_4_no_cpy iter 0: 13.077 ms
Run time division_by_zero_dace_clang__veclen_4_no_cpy iter 1: 15.226 ms
Run time division_by_zero_dace_clang__veclen_4_no_cpy iter 2: 15.035 ms
Run time division_by_zero_dace_clang__veclen_4_no_cpy iter 3: 12.530 ms
Run time division_by_zero_dace_clang__veclen_4_no_cpy iter 4: 12.522 ms
Run time division_by_zero_dace_clang__veclen_4_no_cpy iter 5: 12.699 ms
Run time division_by_zero_dace_clang__veclen_4_no_cpy iter 6: 15.819 ms
Run time division_by_zero_dace_clang__veclen_4_no_cpy iter 7: 12.563 ms
Run time division_by_zero_dace_clang__veclen_4_no_cpy iter 8: 12.529 ms
Run time division_by_zero_dace_clang__veclen_4_no_cpy iter 9: 25.012 ms
Run time division_by_zero_dace_clang__veclen_4_no_cpy iter 10: 12.555 ms
Run time division_by_zero_dace_clang__veclen_4_no_cpy iter 11: 12.507 ms
Run time division_by_zero_dace_clang__veclen_4_no_cpy iter 12: 13.258 ms
Run time division_by_zero_dace_clang__veclen_4_no_cpy iter 13: 15.563 ms
Run time division_by_zero_dace_clang__veclen_4_no_cpy iter 14: 12.627 ms
Run time division_by_zero_dace_clang__veclen_4_no_cpy iter 15: 13.117 ms
Run time division_by_zero_dace_clang__veclen_4_no_cpy iter 16: 13.218 ms
Run time division_by_zero_dace_clang__veclen_4_no_cpy iter 17: 13.156 ms
Run time division_by_zero_dace_clang__veclen_4_no_cpy iter 18: 12.943 ms
Run time division_by_zero_dace_clang__veclen_4_no_cpy iter 19: 12.709 ms
[can_be_applied] to if_255 is True
[can_be_applied] to if_255 is True
Changing __out = (__in1 / __in2) to have +1.7800590868057611e-307 to avoid NaN/inf floating-point exception in division!
Run time division_by_zero_dace_clang__veclen_4_cpy iter 0: 12.763 ms
Run time division_by_zero_dace_clang__veclen_4_cpy iter 1: 18.102 ms
Run time division_by_zero_dace_clang__veclen_4_cpy iter 2: 12.481 ms
Run time division_by_zero_dace_clang__veclen_4_cpy iter 3: 12.341 ms
Run time division_by_zero_dace_clang__veclen_4_cpy iter 4: 12.450 ms
Run time division_by_zero_dace_clang__veclen_4_cpy iter 5: 15.668 ms
Run time division_by_zero_dace_clang__veclen_4_cpy iter 6: 12.307 ms
Run time division_by_zero_dace_clang__veclen_4_cpy iter 7: 12.311 ms
Run time division_by_zero_dace_clang__veclen_4_cpy iter 8: 12.346 ms
Run time division_by_zero_dace_clang__veclen_4_cpy iter 9: 12.276 ms
Run time division_by_zero_dace_clang__veclen_4_cpy iter 10: 12.402 ms
Run time division_by_zero_dace_clang__veclen_4_cpy iter 11: 17.074 ms
Run time division_by_zero_dace_clang__veclen_4_cpy iter 12: 16.579 ms
Run time division_by_zero_dace_clang__veclen_4_cpy iter 13: 12.858 ms
Run time division_by_zero_dace_clang__veclen_4_cpy iter 14: 12.802 ms
Run time division_by_zero_dace_clang__veclen_4_cpy iter 15: 12.827 ms
Run time division_by_zero_dace_clang__veclen_4_cpy iter 16: 13.027 ms
Run time division_by_zero_dace_clang__veclen_4_cpy iter 17: 12.764 ms
Run time division_by_zero_dace_clang__veclen_4_cpy iter 18: 12.368 ms
Run time division_by_zero_dace_clang__veclen_4_cpy iter 19: 20.398 ms
[can_be_applied] to if_255 is True
[can_be_applied] to if_255 is True
Changing __out = (__in1 / __in2) to have +1.7800590868057611e-307 to avoid NaN/inf floating-point exception in division!
Run time division_by_zero_dace_clang__veclen_8_no_cpy iter 0: 13.485 ms
Run time division_by_zero_dace_clang__veclen_8_no_cpy iter 1: 13.742 ms
Run time division_by_zero_dace_clang__veclen_8_no_cpy iter 2: 13.921 ms
Run time division_by_zero_dace_clang__veclen_8_no_cpy iter 3: 22.530 ms
Run time division_by_zero_dace_clang__veclen_8_no_cpy iter 4: 15.244 ms
Run time division_by_zero_dace_clang__veclen_8_no_cpy iter 5: 26.049 ms
Run time division_by_zero_dace_clang__veclen_8_no_cpy iter 6: 13.565 ms
Run time division_by_zero_dace_clang__veclen_8_no_cpy iter 7: 18.770 ms
Run time division_by_zero_dace_clang__veclen_8_no_cpy iter 8: 17.307 ms
Run time division_by_zero_dace_clang__veclen_8_no_cpy iter 9: 13.651 ms
Run time division_by_zero_dace_clang__veclen_8_no_cpy iter 10: 13.672 ms
Run time division_by_zero_dace_clang__veclen_8_no_cpy iter 11: 13.574 ms
Run time division_by_zero_dace_clang__veclen_8_no_cpy iter 12: 13.610 ms
Run time division_by_zero_dace_clang__veclen_8_no_cpy iter 13: 13.624 ms
Run time division_by_zero_dace_clang__veclen_8_no_cpy iter 14: 13.531 ms
Run time division_by_zero_dace_clang__veclen_8_no_cpy iter 15: 14.062 ms
Run time division_by_zero_dace_clang__veclen_8_no_cpy iter 16: 14.159 ms
Run time division_by_zero_dace_clang__veclen_8_no_cpy iter 17: 13.924 ms
Run time division_by_zero_dace_clang__veclen_8_no_cpy iter 18: 13.568 ms
Run time division_by_zero_dace_clang__veclen_8_no_cpy iter 19: 13.475 ms
[can_be_applied] to if_255 is True
[can_be_applied] to if_255 is True
Changing __out = (__in1 / __in2) to have +1.7800590868057611e-307 to avoid NaN/inf floating-point exception in division!
Run time division_by_zero_dace_clang__veclen_8_cpy iter 0: 15.951 ms
Run time division_by_zero_dace_clang__veclen_8_cpy iter 1: 27.778 ms
Run time division_by_zero_dace_clang__veclen_8_cpy iter 2: 14.477 ms
Run time division_by_zero_dace_clang__veclen_8_cpy iter 3: 12.325 ms
Run time division_by_zero_dace_clang__veclen_8_cpy iter 4: 12.227 ms
Run time division_by_zero_dace_clang__veclen_8_cpy iter 5: 12.167 ms
Run time division_by_zero_dace_clang__veclen_8_cpy iter 6: 12.115 ms
Run time division_by_zero_dace_clang__veclen_8_cpy iter 7: 12.112 ms
Run time division_by_zero_dace_clang__veclen_8_cpy iter 8: 16.656 ms
Run time division_by_zero_dace_clang__veclen_8_cpy iter 9: 12.134 ms
Run time division_by_zero_dace_clang__veclen_8_cpy iter 10: 12.181 ms
Run time division_by_zero_dace_clang__veclen_8_cpy iter 11: 12.318 ms
Run time division_by_zero_dace_clang__veclen_8_cpy iter 12: 18.792 ms
Run time division_by_zero_dace_clang__veclen_8_cpy iter 13: 12.313 ms
Run time division_by_zero_dace_clang__veclen_8_cpy iter 14: 12.775 ms
Run time division_by_zero_dace_clang__veclen_8_cpy iter 15: 12.434 ms
Run time division_by_zero_dace_clang__veclen_8_cpy iter 16: 12.892 ms
Run time division_by_zero_dace_clang__veclen_8_cpy iter 17: 13.358 ms
Run time division_by_zero_dace_clang__veclen_8_cpy iter 18: 12.935 ms
Run time division_by_zero_dace_clang__veclen_8_cpy iter 19: 13.203 ms
[can_be_applied] to if_255 is True
[can_be_applied] to if_255 is True
Changing __out = (__in1 / __in2) to have +1.7800590868057611e-307 to avoid NaN/inf floating-point exception in division!
Run time division_by_zero_dace_clang__veclen_16_no_cpy iter 0: 16.754 ms
Run time division_by_zero_dace_clang__veclen_16_no_cpy iter 1: 16.845 ms
Run time division_by_zero_dace_clang__veclen_16_no_cpy iter 2: 24.448 ms
Run time division_by_zero_dace_clang__veclen_16_no_cpy iter 3: 19.889 ms
Run time division_by_zero_dace_clang__veclen_16_no_cpy iter 4: 16.533 ms
Run time division_by_zero_dace_clang__veclen_16_no_cpy iter 5: 17.220 ms
Run time division_by_zero_dace_clang__veclen_16_no_cpy iter 6: 17.459 ms
Run time division_by_zero_dace_clang__veclen_16_no_cpy iter 7: 20.044 ms
Run time division_by_zero_dace_clang__veclen_16_no_cpy iter 8: 17.146 ms
Run time division_by_zero_dace_clang__veclen_16_no_cpy iter 9: 19.753 ms
Run time division_by_zero_dace_clang__veclen_16_no_cpy iter 10: 18.164 ms
Run time division_by_zero_dace_clang__veclen_16_no_cpy iter 11: 17.005 ms
Run time division_by_zero_dace_clang__veclen_16_no_cpy iter 12: 16.818 ms
Run time division_by_zero_dace_clang__veclen_16_no_cpy iter 13: 17.217 ms
Run time division_by_zero_dace_clang__veclen_16_no_cpy iter 14: 19.388 ms
Run time division_by_zero_dace_clang__veclen_16_no_cpy iter 15: 16.863 ms
Run time division_by_zero_dace_clang__veclen_16_no_cpy iter 16: 16.606 ms
Run time division_by_zero_dace_clang__veclen_16_no_cpy iter 17: 16.736 ms
Run time division_by_zero_dace_clang__veclen_16_no_cpy iter 18: 23.914 ms
Run time division_by_zero_dace_clang__veclen_16_no_cpy iter 19: 18.502 ms
[can_be_applied] to if_255 is True
[can_be_applied] to if_255 is True
Changing __out = (__in1 / __in2) to have +1.7800590868057611e-307 to avoid NaN/inf floating-point exception in division!
Run time division_by_zero_dace_clang__veclen_16_cpy iter 0: 12.219 ms
Run time division_by_zero_dace_clang__veclen_16_cpy iter 1: 12.436 ms
Run time division_by_zero_dace_clang__veclen_16_cpy iter 2: 16.511 ms
Run time division_by_zero_dace_clang__veclen_16_cpy iter 3: 14.204 ms
Run time division_by_zero_dace_clang__veclen_16_cpy iter 4: 12.784 ms
Run time division_by_zero_dace_clang__veclen_16_cpy iter 5: 16.556 ms
Run time division_by_zero_dace_clang__veclen_16_cpy iter 6: 14.675 ms
Run time division_by_zero_dace_clang__veclen_16_cpy iter 7: 15.111 ms
Run time division_by_zero_dace_clang__veclen_16_cpy iter 8: 23.593 ms
Run time division_by_zero_dace_clang__veclen_16_cpy iter 9: 16.376 ms
Run time division_by_zero_dace_clang__veclen_16_cpy iter 10: 21.966 ms
Run time division_by_zero_dace_clang__veclen_16_cpy iter 11: 18.986 ms
Run time division_by_zero_dace_clang__veclen_16_cpy iter 12: 15.145 ms
Run time division_by_zero_dace_clang__veclen_16_cpy iter 13: 12.465 ms
Run time division_by_zero_dace_clang__veclen_16_cpy iter 14: 12.305 ms
Run time division_by_zero_dace_clang__veclen_16_cpy iter 15: 16.063 ms
Run time division_by_zero_dace_clang__veclen_16_cpy iter 16: 20.052 ms
Run time division_by_zero_dace_clang__veclen_16_cpy iter 17: 13.028 ms
Run time division_by_zero_dace_clang__veclen_16_cpy iter 18: 12.744 ms
Run time division_by_zero_dace_clang__veclen_16_cpy iter 19: 12.391 ms
[can_be_applied] to if_255 is True
[can_be_applied] to if_255 is True
Changing __out = (__in1 / __in2) to have +1.7800590868057611e-307 to avoid NaN/inf floating-point exception in division!
Run time division_by_zero_dace_clang__veclen_32_no_cpy iter 0: 12.706 ms
Run time division_by_zero_dace_clang__veclen_32_no_cpy iter 1: 13.212 ms
Run time division_by_zero_dace_clang__veclen_32_no_cpy iter 2: 13.177 ms
Run time division_by_zero_dace_clang__veclen_32_no_cpy iter 3: 12.672 ms
Run time division_by_zero_dace_clang__veclen_32_no_cpy iter 4: 12.652 ms
Run time division_by_zero_dace_clang__veclen_32_no_cpy iter 5: 12.724 ms
Run time division_by_zero_dace_clang__veclen_32_no_cpy iter 6: 13.119 ms
Run time division_by_zero_dace_clang__veclen_32_no_cpy iter 7: 12.758 ms
Run time division_by_zero_dace_clang__veclen_32_no_cpy iter 8: 13.307 ms
Run time division_by_zero_dace_clang__veclen_32_no_cpy iter 9: 12.663 ms
Run time division_by_zero_dace_clang__veclen_32_no_cpy iter 10: 13.230 ms
Run time division_by_zero_dace_clang__veclen_32_no_cpy iter 11: 12.655 ms
Run time division_by_zero_dace_clang__veclen_32_no_cpy iter 12: 13.349 ms
Run time division_by_zero_dace_clang__veclen_32_no_cpy iter 13: 19.942 ms
Run time division_by_zero_dace_clang__veclen_32_no_cpy iter 14: 20.370 ms
Run time division_by_zero_dace_clang__veclen_32_no_cpy iter 15: 20.366 ms
Run time division_by_zero_dace_clang__veclen_32_no_cpy iter 16: 12.633 ms
Run time division_by_zero_dace_clang__veclen_32_no_cpy iter 17: 12.601 ms
Run time division_by_zero_dace_clang__veclen_32_no_cpy iter 18: 12.626 ms
Run time division_by_zero_dace_clang__veclen_32_no_cpy iter 19: 13.104 ms
[can_be_applied] to if_255 is True
[can_be_applied] to if_255 is True
Changing __out = (__in1 / __in2) to have +1.7800590868057611e-307 to avoid NaN/inf floating-point exception in division!
Run time division_by_zero_dace_clang__veclen_32_cpy iter 0: 13.181 ms
Run time division_by_zero_dace_clang__veclen_32_cpy iter 1: 13.127 ms
Run time division_by_zero_dace_clang__veclen_32_cpy iter 2: 14.167 ms
Run time division_by_zero_dace_clang__veclen_32_cpy iter 3: 13.412 ms
Run time division_by_zero_dace_clang__veclen_32_cpy iter 4: 14.526 ms
Run time division_by_zero_dace_clang__veclen_32_cpy iter 5: 13.569 ms
Run time division_by_zero_dace_clang__veclen_32_cpy iter 6: 14.891 ms
Run time division_by_zero_dace_clang__veclen_32_cpy iter 7: 13.719 ms
Run time division_by_zero_dace_clang__veclen_32_cpy iter 8: 13.174 ms
Run time division_by_zero_dace_clang__veclen_32_cpy iter 9: 14.026 ms
Run time division_by_zero_dace_clang__veclen_32_cpy iter 10: 14.015 ms
Run time division_by_zero_dace_clang__veclen_32_cpy iter 11: 14.108 ms
Run time division_by_zero_dace_clang__veclen_32_cpy iter 12: 13.540 ms
Run time division_by_zero_dace_clang__veclen_32_cpy iter 13: 14.397 ms
Run time division_by_zero_dace_clang__veclen_32_cpy iter 14: 15.846 ms
Run time division_by_zero_dace_clang__veclen_32_cpy iter 15: 13.748 ms
Run time division_by_zero_dace_clang__veclen_32_cpy iter 16: 13.871 ms
Run time division_by_zero_dace_clang__veclen_32_cpy iter 17: 13.489 ms
Run time division_by_zero_dace_clang__veclen_32_cpy iter 18: 13.084 ms
Run time division_by_zero_dace_clang__veclen_32_cpy iter 19: 13.200 ms
[can_be_applied] to if_255 is True
[can_be_applied] to if_255 is True
Changing __out = (__in1 / __in2) to have +1.7800590868057611e-307 to avoid NaN/inf floating-point exception in division!
Run time division_by_zero_dace_clang__veclen_64_no_cpy iter 0: 13.855 ms
Run time division_by_zero_dace_clang__veclen_64_no_cpy iter 1: 14.263 ms
Run time division_by_zero_dace_clang__veclen_64_no_cpy iter 2: 13.817 ms
Run time division_by_zero_dace_clang__veclen_64_no_cpy iter 3: 14.089 ms
Run time division_by_zero_dace_clang__veclen_64_no_cpy iter 4: 14.388 ms
Run time division_by_zero_dace_clang__veclen_64_no_cpy iter 5: 16.948 ms
Run time division_by_zero_dace_clang__veclen_64_no_cpy iter 6: 14.341 ms
Run time division_by_zero_dace_clang__veclen_64_no_cpy iter 7: 21.326 ms
Run time division_by_zero_dace_clang__veclen_64_no_cpy iter 8: 15.908 ms
Run time division_by_zero_dace_clang__veclen_64_no_cpy iter 9: 14.018 ms
Run time division_by_zero_dace_clang__veclen_64_no_cpy iter 10: 14.910 ms
Run time division_by_zero_dace_clang__veclen_64_no_cpy iter 11: 21.229 ms
Run time division_by_zero_dace_clang__veclen_64_no_cpy iter 12: 14.006 ms
Run time division_by_zero_dace_clang__veclen_64_no_cpy iter 13: 17.759 ms
Run time division_by_zero_dace_clang__veclen_64_no_cpy iter 14: 19.487 ms
Run time division_by_zero_dace_clang__veclen_64_no_cpy iter 15: 13.987 ms
Run time division_by_zero_dace_clang__veclen_64_no_cpy iter 16: 28.305 ms
Run time division_by_zero_dace_clang__veclen_64_no_cpy iter 17: 16.976 ms
Run time division_by_zero_dace_clang__veclen_64_no_cpy iter 18: 13.815 ms
Run time division_by_zero_dace_clang__veclen_64_no_cpy iter 19: 19.766 ms
[can_be_applied] to if_255 is True
[can_be_applied] to if_255 is True
Changing __out = (__in1 / __in2) to have +1.7800590868057611e-307 to avoid NaN/inf floating-point exception in division!
Run time division_by_zero_dace_clang__veclen_64_cpy iter 0: 14.872 ms
Run time division_by_zero_dace_clang__veclen_64_cpy iter 1: 14.249 ms
Run time division_by_zero_dace_clang__veclen_64_cpy iter 2: 14.312 ms
Run time division_by_zero_dace_clang__veclen_64_cpy iter 3: 14.178 ms
Run time division_by_zero_dace_clang__veclen_64_cpy iter 4: 14.212 ms
Run time division_by_zero_dace_clang__veclen_64_cpy iter 5: 13.866 ms
Run time division_by_zero_dace_clang__veclen_64_cpy iter 6: 14.337 ms
Run time division_by_zero_dace_clang__veclen_64_cpy iter 7: 14.005 ms
Run time division_by_zero_dace_clang__veclen_64_cpy iter 8: 14.171 ms
Run time division_by_zero_dace_clang__veclen_64_cpy iter 9: 17.183 ms
Run time division_by_zero_dace_clang__veclen_64_cpy iter 10: 19.240 ms
Run time division_by_zero_dace_clang__veclen_64_cpy iter 11: 14.246 ms
Run time division_by_zero_dace_clang__veclen_64_cpy iter 12: 13.835 ms
Run time division_by_zero_dace_clang__veclen_64_cpy iter 13: 21.533 ms
Run time division_by_zero_dace_clang__veclen_64_cpy iter 14: 14.376 ms
Run time division_by_zero_dace_clang__veclen_64_cpy iter 15: 13.786 ms
Run time division_by_zero_dace_clang__veclen_64_cpy iter 16: 20.728 ms
Run time division_by_zero_dace_clang__veclen_64_cpy iter 17: 15.344 ms
Run time division_by_zero_dace_clang__veclen_64_cpy iter 18: 16.970 ms
Run time division_by_zero_dace_clang__veclen_64_cpy iter 19: 14.115 ms
Saved timing results to division_by_zero_timings__singlecore.csv
Run time division_by_zero_dace iter 0: 27.520 ms
Run time division_by_zero_dace iter 1: 27.728 ms
Run time division_by_zero_dace iter 2: 40.834 ms
Run time division_by_zero_dace iter 3: 37.216 ms
Run time division_by_zero_dace iter 4: 26.914 ms
Run time division_by_zero_dace iter 5: 35.698 ms
Run time division_by_zero_dace iter 6: 27.262 ms
Run time division_by_zero_dace iter 7: 26.799 ms
Run time division_by_zero_dace iter 8: 37.233 ms
Run time division_by_zero_dace iter 9: 49.017 ms
Run time division_by_zero_dace iter 10: 26.961 ms
Run time division_by_zero_dace iter 11: 30.264 ms
Run time division_by_zero_dace iter 12: 26.623 ms
Run time division_by_zero_dace iter 13: 39.140 ms
Run time division_by_zero_dace iter 14: 26.926 ms
Run time division_by_zero_dace iter 15: 26.782 ms
Run time division_by_zero_dace iter 16: 43.478 ms
Run time division_by_zero_dace iter 17: 29.433 ms
Run time division_by_zero_dace iter 18: 29.284 ms
Run time division_by_zero_dace iter 19: 47.671 ms
[can_be_applied] to if_255 is True
[can_be_applied] to if_255 is True
Changing __out = (__in1 / __in2) to have +1.7800590868057611e-307 to avoid NaN/inf floating-point exception in division!
Run time division_by_zero_dace_clang__veclen_4_no_cpy iter 0: 33.390 ms
Run time division_by_zero_dace_clang__veclen_4_no_cpy iter 1: 27.671 ms
Run time division_by_zero_dace_clang__veclen_4_no_cpy iter 2: 34.320 ms
Run time division_by_zero_dace_clang__veclen_4_no_cpy iter 3: 25.313 ms
Run time division_by_zero_dace_clang__veclen_4_no_cpy iter 4: 25.145 ms
Run time division_by_zero_dace_clang__veclen_4_no_cpy iter 5: 34.584 ms
Run time division_by_zero_dace_clang__veclen_4_no_cpy iter 6: 35.730 ms
Run time division_by_zero_dace_clang__veclen_4_no_cpy iter 7: 26.115 ms
Run time division_by_zero_dace_clang__veclen_4_no_cpy iter 8: 27.429 ms
Run time division_by_zero_dace_clang__veclen_4_no_cpy iter 9: 43.681 ms
Run time division_by_zero_dace_clang__veclen_4_no_cpy iter 10: 48.898 ms
Run time division_by_zero_dace_clang__veclen_4_no_cpy iter 11: 36.162 ms
Run time division_by_zero_dace_clang__veclen_4_no_cpy iter 12: 25.964 ms
Run time division_by_zero_dace_clang__veclen_4_no_cpy iter 13: 25.565 ms
Run time division_by_zero_dace_clang__veclen_4_no_cpy iter 14: 25.153 ms
Run time division_by_zero_dace_clang__veclen_4_no_cpy iter 15: 25.560 ms
Run time division_by_zero_dace_clang__veclen_4_no_cpy iter 16: 36.036 ms
Run time division_by_zero_dace_clang__veclen_4_no_cpy iter 17: 29.630 ms
Run time division_by_zero_dace_clang__veclen_4_no_cpy iter 18: 35.385 ms
Run time division_by_zero_dace_clang__veclen_4_no_cpy iter 19: 25.241 ms
[can_be_applied] to if_255 is True
[can_be_applied] to if_255 is True
Changing __out = (__in1 / __in2) to have +1.7800590868057611e-307 to avoid NaN/inf floating-point exception in division!
Run time division_by_zero_dace_clang__veclen_4_cpy iter 0: 26.382 ms
Run time division_by_zero_dace_clang__veclen_4_cpy iter 1: 55.342 ms
Run time division_by_zero_dace_clang__veclen_4_cpy iter 2: 27.419 ms
Run time division_by_zero_dace_clang__veclen_4_cpy iter 3: 28.781 ms
Run time division_by_zero_dace_clang__veclen_4_cpy iter 4: 43.191 ms
Run time division_by_zero_dace_clang__veclen_4_cpy iter 5: 40.546 ms
Run time division_by_zero_dace_clang__veclen_4_cpy iter 6: 34.289 ms
Run time division_by_zero_dace_clang__veclen_4_cpy iter 7: 36.459 ms
Run time division_by_zero_dace_clang__veclen_4_cpy iter 8: 52.632 ms
Run time division_by_zero_dace_clang__veclen_4_cpy iter 9: 32.146 ms
Run time division_by_zero_dace_clang__veclen_4_cpy iter 10: 25.142 ms
Run time division_by_zero_dace_clang__veclen_4_cpy iter 11: 25.047 ms
Run time division_by_zero_dace_clang__veclen_4_cpy iter 12: 30.524 ms
Run time division_by_zero_dace_clang__veclen_4_cpy iter 13: 28.714 ms
Run time division_by_zero_dace_clang__veclen_4_cpy iter 14: 39.252 ms
Run time division_by_zero_dace_clang__veclen_4_cpy iter 15: 46.108 ms
Run time division_by_zero_dace_clang__veclen_4_cpy iter 16: 29.044 ms
Run time division_by_zero_dace_clang__veclen_4_cpy iter 17: 29.455 ms
Run time division_by_zero_dace_clang__veclen_4_cpy iter 18: 24.992 ms
Run time division_by_zero_dace_clang__veclen_4_cpy iter 19: 34.526 ms
[can_be_applied] to if_255 is True
[can_be_applied] to if_255 is True
Changing __out = (__in1 / __in2) to have +1.7800590868057611e-307 to avoid NaN/inf floating-point exception in division!
Run time division_by_zero_dace_clang__veclen_8_no_cpy iter 0: 31.258 ms
Run time division_by_zero_dace_clang__veclen_8_no_cpy iter 1: 27.396 ms
Run time division_by_zero_dace_clang__veclen_8_no_cpy iter 2: 27.432 ms
Run time division_by_zero_dace_clang__veclen_8_no_cpy iter 3: 27.650 ms
Run time division_by_zero_dace_clang__veclen_8_no_cpy iter 4: 27.702 ms
Run time division_by_zero_dace_clang__veclen_8_no_cpy iter 5: 27.990 ms
Run time division_by_zero_dace_clang__veclen_8_no_cpy iter 6: 27.810 ms
Run time division_by_zero_dace_clang__veclen_8_no_cpy iter 7: 27.545 ms
Run time division_by_zero_dace_clang__veclen_8_no_cpy iter 8: 27.505 ms
Run time division_by_zero_dace_clang__veclen_8_no_cpy iter 9: 27.466 ms
Run time division_by_zero_dace_clang__veclen_8_no_cpy iter 10: 36.011 ms
Run time division_by_zero_dace_clang__veclen_8_no_cpy iter 11: 28.265 ms
Run time division_by_zero_dace_clang__veclen_8_no_cpy iter 12: 28.284 ms
Run time division_by_zero_dace_clang__veclen_8_no_cpy iter 13: 28.400 ms
Run time division_by_zero_dace_clang__veclen_8_no_cpy iter 14: 28.205 ms
Run time division_by_zero_dace_clang__veclen_8_no_cpy iter 15: 27.587 ms
Run time division_by_zero_dace_clang__veclen_8_no_cpy iter 16: 27.922 ms
Run time division_by_zero_dace_clang__veclen_8_no_cpy iter 17: 27.749 ms
Run time division_by_zero_dace_clang__veclen_8_no_cpy iter 18: 27.946 ms
Run time division_by_zero_dace_clang__veclen_8_no_cpy iter 19: 28.652 ms
[can_be_applied] to if_255 is True
[can_be_applied] to if_255 is True
Changing __out = (__in1 / __in2) to have +1.7800590868057611e-307 to avoid NaN/inf floating-point exception in division!
Run time division_by_zero_dace_clang__veclen_8_cpy iter 0: 26.571 ms
Run time division_by_zero_dace_clang__veclen_8_cpy iter 1: 39.463 ms
Run time division_by_zero_dace_clang__veclen_8_cpy iter 2: 25.975 ms
Run time division_by_zero_dace_clang__veclen_8_cpy iter 3: 28.729 ms
Run time division_by_zero_dace_clang__veclen_8_cpy iter 4: 25.191 ms
Run time division_by_zero_dace_clang__veclen_8_cpy iter 5: 25.368 ms
Run time division_by_zero_dace_clang__veclen_8_cpy iter 6: 25.187 ms
Run time division_by_zero_dace_clang__veclen_8_cpy iter 7: 31.793 ms
Run time division_by_zero_dace_clang__veclen_8_cpy iter 8: 25.099 ms
Run time division_by_zero_dace_clang__veclen_8_cpy iter 9: 25.594 ms
Run time division_by_zero_dace_clang__veclen_8_cpy iter 10: 25.189 ms
Run time division_by_zero_dace_clang__veclen_8_cpy iter 11: 24.536 ms
Run time division_by_zero_dace_clang__veclen_8_cpy iter 12: 29.119 ms
Run time division_by_zero_dace_clang__veclen_8_cpy iter 13: 25.024 ms
Run time division_by_zero_dace_clang__veclen_8_cpy iter 14: 25.358 ms
Run time division_by_zero_dace_clang__veclen_8_cpy iter 15: 25.436 ms
Run time division_by_zero_dace_clang__veclen_8_cpy iter 16: 26.275 ms
Run time division_by_zero_dace_clang__veclen_8_cpy iter 17: 25.549 ms
Run time division_by_zero_dace_clang__veclen_8_cpy iter 18: 25.108 ms
Run time division_by_zero_dace_clang__veclen_8_cpy iter 19: 25.468 ms
[can_be_applied] to if_255 is True
[can_be_applied] to if_255 is True
Changing __out = (__in1 / __in2) to have +1.7800590868057611e-307 to avoid NaN/inf floating-point exception in division!
Run time division_by_zero_dace_clang__veclen_16_no_cpy iter 0: 46.355 ms
Run time division_by_zero_dace_clang__veclen_16_no_cpy iter 1: 41.214 ms
Run time division_by_zero_dace_clang__veclen_16_no_cpy iter 2: 40.749 ms
Run time division_by_zero_dace_clang__veclen_16_no_cpy iter 3: 40.805 ms
Run time division_by_zero_dace_clang__veclen_16_no_cpy iter 4: 41.214 ms
Run time division_by_zero_dace_clang__veclen_16_no_cpy iter 5: 37.922 ms
Run time division_by_zero_dace_clang__veclen_16_no_cpy iter 6: 39.347 ms
Run time division_by_zero_dace_clang__veclen_16_no_cpy iter 7: 46.448 ms
Run time division_by_zero_dace_clang__veclen_16_no_cpy iter 8: 37.141 ms
Run time division_by_zero_dace_clang__veclen_16_no_cpy iter 9: 38.590 ms
Run time division_by_zero_dace_clang__veclen_16_no_cpy iter 10: 38.841 ms
Run time division_by_zero_dace_clang__veclen_16_no_cpy iter 11: 39.820 ms
Run time division_by_zero_dace_clang__veclen_16_no_cpy iter 12: 39.964 ms
Run time division_by_zero_dace_clang__veclen_16_no_cpy iter 13: 40.134 ms
Run time division_by_zero_dace_clang__veclen_16_no_cpy iter 14: 37.942 ms
Run time division_by_zero_dace_clang__veclen_16_no_cpy iter 15: 38.271 ms
Run time division_by_zero_dace_clang__veclen_16_no_cpy iter 16: 39.238 ms
Run time division_by_zero_dace_clang__veclen_16_no_cpy iter 17: 38.829 ms
Run time division_by_zero_dace_clang__veclen_16_no_cpy iter 18: 41.195 ms
Run time division_by_zero_dace_clang__veclen_16_no_cpy iter 19: 41.337 ms
[can_be_applied] to if_255 is True
[can_be_applied] to if_255 is True
Changing __out = (__in1 / __in2) to have +1.7800590868057611e-307 to avoid NaN/inf floating-point exception in division!
Run time division_by_zero_dace_clang__veclen_16_cpy iter 0: 24.989 ms
Run time division_by_zero_dace_clang__veclen_16_cpy iter 1: 33.327 ms
Run time division_by_zero_dace_clang__veclen_16_cpy iter 2: 29.105 ms
Run time division_by_zero_dace_clang__veclen_16_cpy iter 3: 33.317 ms
Run time division_by_zero_dace_clang__veclen_16_cpy iter 4: 27.364 ms
Run time division_by_zero_dace_clang__veclen_16_cpy iter 5: 24.915 ms
Run time division_by_zero_dace_clang__veclen_16_cpy iter 6: 25.458 ms
Run time division_by_zero_dace_clang__veclen_16_cpy iter 7: 26.344 ms
Run time division_by_zero_dace_clang__veclen_16_cpy iter 8: 26.095 ms
Run time division_by_zero_dace_clang__veclen_16_cpy iter 9: 27.203 ms
Run time division_by_zero_dace_clang__veclen_16_cpy iter 10: 25.973 ms
Run time division_by_zero_dace_clang__veclen_16_cpy iter 11: 25.688 ms
Run time division_by_zero_dace_clang__veclen_16_cpy iter 12: 25.757 ms
Run time division_by_zero_dace_clang__veclen_16_cpy iter 13: 25.498 ms
Run time division_by_zero_dace_clang__veclen_16_cpy iter 14: 25.260 ms
Run time division_by_zero_dace_clang__veclen_16_cpy iter 15: 24.751 ms
Run time division_by_zero_dace_clang__veclen_16_cpy iter 16: 25.736 ms
Run time division_by_zero_dace_clang__veclen_16_cpy iter 17: 24.791 ms
Run time division_by_zero_dace_clang__veclen_16_cpy iter 18: 25.326 ms
Run time division_by_zero_dace_clang__veclen_16_cpy iter 19: 25.140 ms
[can_be_applied] to if_255 is True
[can_be_applied] to if_255 is True
Changing __out = (__in1 / __in2) to have +1.7800590868057611e-307 to avoid NaN/inf floating-point exception in division!
Run time division_by_zero_dace_clang__veclen_32_no_cpy iter 0: 26.888 ms
Run time division_by_zero_dace_clang__veclen_32_no_cpy iter 1: 26.108 ms
Run time division_by_zero_dace_clang__veclen_32_no_cpy iter 2: 27.993 ms
Run time division_by_zero_dace_clang__veclen_32_no_cpy iter 3: 35.828 ms
Run time division_by_zero_dace_clang__veclen_32_no_cpy iter 4: 25.968 ms
Run time division_by_zero_dace_clang__veclen_32_no_cpy iter 5: 26.161 ms
Run time division_by_zero_dace_clang__veclen_32_no_cpy iter 6: 25.873 ms
Run time division_by_zero_dace_clang__veclen_32_no_cpy iter 7: 33.682 ms
Run time division_by_zero_dace_clang__veclen_32_no_cpy iter 8: 26.758 ms
Run time division_by_zero_dace_clang__veclen_32_no_cpy iter 9: 26.505 ms
Run time division_by_zero_dace_clang__veclen_32_no_cpy iter 10: 26.123 ms
Run time division_by_zero_dace_clang__veclen_32_no_cpy iter 11: 25.948 ms
Run time division_by_zero_dace_clang__veclen_32_no_cpy iter 12: 26.366 ms
Run time division_by_zero_dace_clang__veclen_32_no_cpy iter 13: 26.229 ms
Run time division_by_zero_dace_clang__veclen_32_no_cpy iter 14: 26.343 ms
Run time division_by_zero_dace_clang__veclen_32_no_cpy iter 15: 26.750 ms
Run time division_by_zero_dace_clang__veclen_32_no_cpy iter 16: 26.231 ms
Run time division_by_zero_dace_clang__veclen_32_no_cpy iter 17: 26.576 ms
Run time division_by_zero_dace_clang__veclen_32_no_cpy iter 18: 26.930 ms
Run time division_by_zero_dace_clang__veclen_32_no_cpy iter 19: 27.048 ms
[can_be_applied] to if_255 is True
[can_be_applied] to if_255 is True
Changing __out = (__in1 / __in2) to have +1.7800590868057611e-307 to avoid NaN/inf floating-point exception in division!
Run time division_by_zero_dace_clang__veclen_32_cpy iter 0: 26.780 ms
Run time division_by_zero_dace_clang__veclen_32_cpy iter 1: 26.497 ms
Run time division_by_zero_dace_clang__veclen_32_cpy iter 2: 26.538 ms
Run time division_by_zero_dace_clang__veclen_32_cpy iter 3: 29.754 ms
Run time division_by_zero_dace_clang__veclen_32_cpy iter 4: 29.512 ms
Run time division_by_zero_dace_clang__veclen_32_cpy iter 5: 26.995 ms
Run time division_by_zero_dace_clang__veclen_32_cpy iter 6: 26.858 ms
Run time division_by_zero_dace_clang__veclen_32_cpy iter 7: 31.177 ms
Run time division_by_zero_dace_clang__veclen_32_cpy iter 8: 27.016 ms
Run time division_by_zero_dace_clang__veclen_32_cpy iter 9: 26.985 ms
Run time division_by_zero_dace_clang__veclen_32_cpy iter 10: 27.431 ms
Run time division_by_zero_dace_clang__veclen_32_cpy iter 11: 27.923 ms
Run time division_by_zero_dace_clang__veclen_32_cpy iter 12: 26.674 ms
Run time division_by_zero_dace_clang__veclen_32_cpy iter 13: 26.480 ms
Run time division_by_zero_dace_clang__veclen_32_cpy iter 14: 27.673 ms
Run time division_by_zero_dace_clang__veclen_32_cpy iter 15: 28.426 ms
Run time division_by_zero_dace_clang__veclen_32_cpy iter 16: 27.495 ms
Run time division_by_zero_dace_clang__veclen_32_cpy iter 17: 27.316 ms
Run time division_by_zero_dace_clang__veclen_32_cpy iter 18: 27.189 ms
Run time division_by_zero_dace_clang__veclen_32_cpy iter 19: 28.270 ms
[can_be_applied] to if_255 is True
[can_be_applied] to if_255 is True
Changing __out = (__in1 / __in2) to have +1.7800590868057611e-307 to avoid NaN/inf floating-point exception in division!
Run time division_by_zero_dace_clang__veclen_64_no_cpy iter 0: 28.543 ms
Run time division_by_zero_dace_clang__veclen_64_no_cpy iter 1: 28.338 ms
Run time division_by_zero_dace_clang__veclen_64_no_cpy iter 2: 28.980 ms
Run time division_by_zero_dace_clang__veclen_64_no_cpy iter 3: 30.316 ms
Run time division_by_zero_dace_clang__veclen_64_no_cpy iter 4: 29.700 ms
Run time division_by_zero_dace_clang__veclen_64_no_cpy iter 5: 28.231 ms
Run time division_by_zero_dace_clang__veclen_64_no_cpy iter 6: 28.952 ms
Run time division_by_zero_dace_clang__veclen_64_no_cpy iter 7: 29.185 ms
Run time division_by_zero_dace_clang__veclen_64_no_cpy iter 8: 28.038 ms
Run time division_by_zero_dace_clang__veclen_64_no_cpy iter 9: 29.837 ms
Run time division_by_zero_dace_clang__veclen_64_no_cpy iter 10: 30.580 ms
Run time division_by_zero_dace_clang__veclen_64_no_cpy iter 11: 28.827 ms
Run time division_by_zero_dace_clang__veclen_64_no_cpy iter 12: 30.089 ms
Run time division_by_zero_dace_clang__veclen_64_no_cpy iter 13: 28.996 ms
Run time division_by_zero_dace_clang__veclen_64_no_cpy iter 14: 29.784 ms
Run time division_by_zero_dace_clang__veclen_64_no_cpy iter 15: 28.775 ms
Run time division_by_zero_dace_clang__veclen_64_no_cpy iter 16: 28.805 ms
Run time division_by_zero_dace_clang__veclen_64_no_cpy iter 17: 28.932 ms
Run time division_by_zero_dace_clang__veclen_64_no_cpy iter 18: 28.322 ms
Run time division_by_zero_dace_clang__veclen_64_no_cpy iter 19: 28.140 ms
[can_be_applied] to if_255 is True
[can_be_applied] to if_255 is True
Changing __out = (__in1 / __in2) to have +1.7800590868057611e-307 to avoid NaN/inf floating-point exception in division!
Run time division_by_zero_dace_clang__veclen_64_cpy iter 0: 31.933 ms
Run time division_by_zero_dace_clang__veclen_64_cpy iter 1: 32.407 ms
Run time division_by_zero_dace_clang__veclen_64_cpy iter 2: 35.694 ms
Run time division_by_zero_dace_clang__veclen_64_cpy iter 3: 34.913 ms
Run time division_by_zero_dace_clang__veclen_64_cpy iter 4: 37.843 ms
Run time division_by_zero_dace_clang__veclen_64_cpy iter 5: 33.113 ms
Run time division_by_zero_dace_clang__veclen_64_cpy iter 6: 33.378 ms
Run time division_by_zero_dace_clang__veclen_64_cpy iter 7: 37.033 ms
Run time division_by_zero_dace_clang__veclen_64_cpy iter 8: 32.275 ms
Run time division_by_zero_dace_clang__veclen_64_cpy iter 9: 33.755 ms
Run time division_by_zero_dace_clang__veclen_64_cpy iter 10: 32.011 ms
Run time division_by_zero_dace_clang__veclen_64_cpy iter 11: 32.795 ms
Run time division_by_zero_dace_clang__veclen_64_cpy iter 12: 33.067 ms
Run time division_by_zero_dace_clang__veclen_64_cpy iter 13: 32.737 ms
Run time division_by_zero_dace_clang__veclen_64_cpy iter 14: 34.131 ms
Run time division_by_zero_dace_clang__veclen_64_cpy iter 15: 32.321 ms
Run time division_by_zero_dace_clang__veclen_64_cpy iter 16: 32.713 ms
Run time division_by_zero_dace_clang__veclen_64_cpy iter 17: 33.161 ms
Run time division_by_zero_dace_clang__veclen_64_cpy iter 18: 34.127 ms
Run time division_by_zero_dace_clang__veclen_64_cpy iter 19: 32.794 ms
Saved timing results to division_by_zero_timings__singlecore.csv
Running with EXTRA_FLAGS='-D__DACE_USE_INTRINSICS=1', SUFFIX='dace_intrinsics'
