Physical cores: 128
Run time division_by_zero iter 0: 0.330 ms
Run time division_by_zero iter 1: 0.373 ms
Run time division_by_zero iter 2: 0.384 ms
Run time division_by_zero iter 3: 0.380 ms
Run time division_by_zero iter 4: 0.379 ms
Run time division_by_zero iter 5: 0.406 ms
Run time division_by_zero iter 6: 0.389 ms
Run time division_by_zero iter 7: 0.388 ms
Run time division_by_zero iter 8: 0.388 ms
Run time division_by_zero iter 9: 0.392 ms
Run time division_by_zero iter 10: 0.383 ms
Run time division_by_zero iter 11: 0.385 ms
Run time division_by_zero iter 12: 0.386 ms
Run time division_by_zero iter 13: 0.384 ms
Run time division_by_zero iter 14: 0.379 ms
Run time division_by_zero iter 15: 0.404 ms
Run time division_by_zero iter 16: 0.384 ms
Run time division_by_zero iter 17: 0.390 ms
Run time division_by_zero iter 18: 0.390 ms
Run time division_by_zero iter 19: 0.389 ms
[can_be_applied] to if_197 is True
[can_be_applied] to if_197 is True
Changing __out = (__in1 / __in2) to have +1.7800590868057611e-307 to avoid NaN/inf floating-point exception in division!
Run time division_by_zero_vectorized_static_veclen_8_no_cpy iter 0: 0.378 ms
Run time division_by_zero_vectorized_static_veclen_8_no_cpy iter 1: 0.417 ms
Run time division_by_zero_vectorized_static_veclen_8_no_cpy iter 2: 0.402 ms
Run time division_by_zero_vectorized_static_veclen_8_no_cpy iter 3: 0.408 ms
Run time division_by_zero_vectorized_static_veclen_8_no_cpy iter 4: 0.398 ms
Run time division_by_zero_vectorized_static_veclen_8_no_cpy iter 5: 0.397 ms
Run time division_by_zero_vectorized_static_veclen_8_no_cpy iter 6: 0.404 ms
Run time division_by_zero_vectorized_static_veclen_8_no_cpy iter 7: 0.398 ms
Run time division_by_zero_vectorized_static_veclen_8_no_cpy iter 8: 0.409 ms
Run time division_by_zero_vectorized_static_veclen_8_no_cpy iter 9: 0.410 ms
Run time division_by_zero_vectorized_static_veclen_8_no_cpy iter 10: 0.416 ms
Run time division_by_zero_vectorized_static_veclen_8_no_cpy iter 11: 0.411 ms
Run time division_by_zero_vectorized_static_veclen_8_no_cpy iter 12: 0.409 ms
Run time division_by_zero_vectorized_static_veclen_8_no_cpy iter 13: 0.417 ms
Run time division_by_zero_vectorized_static_veclen_8_no_cpy iter 14: 0.403 ms
Run time division_by_zero_vectorized_static_veclen_8_no_cpy iter 15: 0.398 ms
Run time division_by_zero_vectorized_static_veclen_8_no_cpy iter 16: 0.409 ms
Run time division_by_zero_vectorized_static_veclen_8_no_cpy iter 17: 0.411 ms
Run time division_by_zero_vectorized_static_veclen_8_no_cpy iter 18: 0.396 ms
Run time division_by_zero_vectorized_static_veclen_8_no_cpy iter 19: 0.402 ms
[can_be_applied] to if_197 is True
[can_be_applied] to if_197 is True
Changing __out = (__in1 / __in2) to have +1.7800590868057611e-307 to avoid NaN/inf floating-point exception in division!
Run time division_by_zero_vectorized_static_veclen_8_cpy iter 0: 0.289 ms
Run time division_by_zero_vectorized_static_veclen_8_cpy iter 1: 0.367 ms
Run time division_by_zero_vectorized_static_veclen_8_cpy iter 2: 0.397 ms
Run time division_by_zero_vectorized_static_veclen_8_cpy iter 3: 0.346 ms
Run time division_by_zero_vectorized_static_veclen_8_cpy iter 4: 0.361 ms
Run time division_by_zero_vectorized_static_veclen_8_cpy iter 5: 0.382 ms
Run time division_by_zero_vectorized_static_veclen_8_cpy iter 6: 0.408 ms
Run time division_by_zero_vectorized_static_veclen_8_cpy iter 7: 0.364 ms
Run time division_by_zero_vectorized_static_veclen_8_cpy iter 8: 0.511 ms
Run time division_by_zero_vectorized_static_veclen_8_cpy iter 9: 0.362 ms
Run time division_by_zero_vectorized_static_veclen_8_cpy iter 10: 0.364 ms
Run time division_by_zero_vectorized_static_veclen_8_cpy iter 11: 0.421 ms
Run time division_by_zero_vectorized_static_veclen_8_cpy iter 12: 0.380 ms
Run time division_by_zero_vectorized_static_veclen_8_cpy iter 13: 0.366 ms
Run time division_by_zero_vectorized_static_veclen_8_cpy iter 14: 0.371 ms
Run time division_by_zero_vectorized_static_veclen_8_cpy iter 15: 0.369 ms
Run time division_by_zero_vectorized_static_veclen_8_cpy iter 16: 0.367 ms
Run time division_by_zero_vectorized_static_veclen_8_cpy iter 17: 0.491 ms
Run time division_by_zero_vectorized_static_veclen_8_cpy iter 18: 0.373 ms
Run time division_by_zero_vectorized_static_veclen_8_cpy iter 19: 0.372 ms
[can_be_applied] to if_197 is True
[can_be_applied] to if_197 is True
Changing __out = (__in1 / __in2) to have +1.7800590868057611e-307 to avoid NaN/inf floating-point exception in division!
Run time division_by_zero_vectorized_static_veclen_16_no_cpy iter 0: 0.552 ms
Run time division_by_zero_vectorized_static_veclen_16_no_cpy iter 1: 0.526 ms
Run time division_by_zero_vectorized_static_veclen_16_no_cpy iter 2: 0.569 ms
Run time division_by_zero_vectorized_static_veclen_16_no_cpy iter 3: 0.544 ms
Run time division_by_zero_vectorized_static_veclen_16_no_cpy iter 4: 0.557 ms
Run time division_by_zero_vectorized_static_veclen_16_no_cpy iter 5: 0.536 ms
Run time division_by_zero_vectorized_static_veclen_16_no_cpy iter 6: 0.638 ms
Run time division_by_zero_vectorized_static_veclen_16_no_cpy iter 7: 0.624 ms
Run time division_by_zero_vectorized_static_veclen_16_no_cpy iter 8: 0.556 ms
Run time division_by_zero_vectorized_static_veclen_16_no_cpy iter 9: 0.547 ms
Run time division_by_zero_vectorized_static_veclen_16_no_cpy iter 10: 0.568 ms
Run time division_by_zero_vectorized_static_veclen_16_no_cpy iter 11: 0.608 ms
Run time division_by_zero_vectorized_static_veclen_16_no_cpy iter 12: 0.599 ms
Run time division_by_zero_vectorized_static_veclen_16_no_cpy iter 13: 0.550 ms
Run time division_by_zero_vectorized_static_veclen_16_no_cpy iter 14: 0.690 ms
Run time division_by_zero_vectorized_static_veclen_16_no_cpy iter 15: 0.601 ms
Run time division_by_zero_vectorized_static_veclen_16_no_cpy iter 16: 0.530 ms
Run time division_by_zero_vectorized_static_veclen_16_no_cpy iter 17: 0.540 ms
Run time division_by_zero_vectorized_static_veclen_16_no_cpy iter 18: 0.545 ms
Run time division_by_zero_vectorized_static_veclen_16_no_cpy iter 19: 0.584 ms
[can_be_applied] to if_197 is True
[can_be_applied] to if_197 is True
Changing __out = (__in1 / __in2) to have +1.7800590868057611e-307 to avoid NaN/inf floating-point exception in division!
Run time division_by_zero_vectorized_static_veclen_16_cpy iter 0: 0.285 ms
Run time division_by_zero_vectorized_static_veclen_16_cpy iter 1: 0.375 ms
Run time division_by_zero_vectorized_static_veclen_16_cpy iter 2: 0.379 ms
Run time division_by_zero_vectorized_static_veclen_16_cpy iter 3: 0.371 ms
Run time division_by_zero_vectorized_static_veclen_16_cpy iter 4: 0.369 ms
Run time division_by_zero_vectorized_static_veclen_16_cpy iter 5: 0.533 ms
Run time division_by_zero_vectorized_static_veclen_16_cpy iter 6: 0.371 ms
Run time division_by_zero_vectorized_static_veclen_16_cpy iter 7: 0.370 ms
Run time division_by_zero_vectorized_static_veclen_16_cpy iter 8: 0.370 ms
Run time division_by_zero_vectorized_static_veclen_16_cpy iter 9: 0.307 ms
Run time division_by_zero_vectorized_static_veclen_16_cpy iter 10: 0.392 ms
Run time division_by_zero_vectorized_static_veclen_16_cpy iter 11: 0.378 ms
Run time division_by_zero_vectorized_static_veclen_16_cpy iter 12: 0.365 ms
Run time division_by_zero_vectorized_static_veclen_16_cpy iter 13: 0.347 ms
Run time division_by_zero_vectorized_static_veclen_16_cpy iter 14: 0.351 ms
Run time division_by_zero_vectorized_static_veclen_16_cpy iter 15: 0.357 ms
Run time division_by_zero_vectorized_static_veclen_16_cpy iter 16: 0.355 ms
Run time division_by_zero_vectorized_static_veclen_16_cpy iter 17: 0.366 ms
Run time division_by_zero_vectorized_static_veclen_16_cpy iter 18: 0.343 ms
Run time division_by_zero_vectorized_static_veclen_16_cpy iter 19: 0.352 ms
[can_be_applied] to if_197 is True
[can_be_applied] to if_197 is True
Changing __out = (__in1 / __in2) to have +1.7800590868057611e-307 to avoid NaN/inf floating-point exception in division!
Run time division_by_zero_vectorized_static_veclen_32_no_cpy iter 0: 0.369 ms
Run time division_by_zero_vectorized_static_veclen_32_no_cpy iter 1: 0.436 ms
Run time division_by_zero_vectorized_static_veclen_32_no_cpy iter 2: 0.380 ms
Run time division_by_zero_vectorized_static_veclen_32_no_cpy iter 3: 0.360 ms
Run time division_by_zero_vectorized_static_veclen_32_no_cpy iter 4: 0.376 ms
Run time division_by_zero_vectorized_static_veclen_32_no_cpy iter 5: 0.375 ms
Run time division_by_zero_vectorized_static_veclen_32_no_cpy iter 6: 0.385 ms
Run time division_by_zero_vectorized_static_veclen_32_no_cpy iter 7: 0.384 ms
Run time division_by_zero_vectorized_static_veclen_32_no_cpy iter 8: 0.374 ms
Run time division_by_zero_vectorized_static_veclen_32_no_cpy iter 9: 0.390 ms
Run time division_by_zero_vectorized_static_veclen_32_no_cpy iter 10: 0.397 ms
Run time division_by_zero_vectorized_static_veclen_32_no_cpy iter 11: 0.380 ms
Run time division_by_zero_vectorized_static_veclen_32_no_cpy iter 12: 0.322 ms
Run time division_by_zero_vectorized_static_veclen_32_no_cpy iter 13: 0.327 ms
Run time division_by_zero_vectorized_static_veclen_32_no_cpy iter 14: 0.356 ms
Run time division_by_zero_vectorized_static_veclen_32_no_cpy iter 15: 0.372 ms
Run time division_by_zero_vectorized_static_veclen_32_no_cpy iter 16: 0.366 ms
Run time division_by_zero_vectorized_static_veclen_32_no_cpy iter 17: 0.347 ms
Run time division_by_zero_vectorized_static_veclen_32_no_cpy iter 18: 0.381 ms
Run time division_by_zero_vectorized_static_veclen_32_no_cpy iter 19: 0.376 ms
[can_be_applied] to if_197 is True
[can_be_applied] to if_197 is True
Changing __out = (__in1 / __in2) to have +1.7800590868057611e-307 to avoid NaN/inf floating-point exception in division!
Run time division_by_zero_vectorized_static_veclen_32_cpy iter 0: 0.255 ms
Run time division_by_zero_vectorized_static_veclen_32_cpy iter 1: 0.317 ms
Run time division_by_zero_vectorized_static_veclen_32_cpy iter 2: 0.378 ms
Run time division_by_zero_vectorized_static_veclen_32_cpy iter 3: 0.376 ms
Run time division_by_zero_vectorized_static_veclen_32_cpy iter 4: 0.364 ms
Run time division_by_zero_vectorized_static_veclen_32_cpy iter 5: 0.396 ms
Run time division_by_zero_vectorized_static_veclen_32_cpy iter 6: 0.399 ms
Run time division_by_zero_vectorized_static_veclen_32_cpy iter 7: 0.388 ms
Run time division_by_zero_vectorized_static_veclen_32_cpy iter 8: 0.388 ms
Run time division_by_zero_vectorized_static_veclen_32_cpy iter 9: 0.470 ms
Run time division_by_zero_vectorized_static_veclen_32_cpy iter 10: 0.374 ms
Run time division_by_zero_vectorized_static_veclen_32_cpy iter 11: 0.401 ms
Run time division_by_zero_vectorized_static_veclen_32_cpy iter 12: 0.396 ms
Run time division_by_zero_vectorized_static_veclen_32_cpy iter 13: 0.391 ms
Run time division_by_zero_vectorized_static_veclen_32_cpy iter 14: 0.388 ms
Run time division_by_zero_vectorized_static_veclen_32_cpy iter 15: 0.386 ms
Run time division_by_zero_vectorized_static_veclen_32_cpy iter 16: 0.397 ms
Run time division_by_zero_vectorized_static_veclen_32_cpy iter 17: 0.370 ms
Run time division_by_zero_vectorized_static_veclen_32_cpy iter 18: 0.397 ms
Run time division_by_zero_vectorized_static_veclen_32_cpy iter 19: 0.393 ms
[can_be_applied] to if_197 is True
[can_be_applied] to if_197 is True
Changing __out = (__in1 / __in2) to have +1.7800590868057611e-307 to avoid NaN/inf floating-point exception in division!
Run time division_by_zero_vectorized_static_veclen_64_no_cpy iter 0: 0.445 ms
Run time division_by_zero_vectorized_static_veclen_64_no_cpy iter 1: 0.461 ms
Run time division_by_zero_vectorized_static_veclen_64_no_cpy iter 2: 0.464 ms
Run time division_by_zero_vectorized_static_veclen_64_no_cpy iter 3: 0.462 ms
Run time division_by_zero_vectorized_static_veclen_64_no_cpy iter 4: 0.466 ms
Run time division_by_zero_vectorized_static_veclen_64_no_cpy iter 5: 0.578 ms
Run time division_by_zero_vectorized_static_veclen_64_no_cpy iter 6: 0.561 ms
Run time division_by_zero_vectorized_static_veclen_64_no_cpy iter 7: 0.481 ms
Run time division_by_zero_vectorized_static_veclen_64_no_cpy iter 8: 0.493 ms
Run time division_by_zero_vectorized_static_veclen_64_no_cpy iter 9: 0.466 ms
Run time division_by_zero_vectorized_static_veclen_64_no_cpy iter 10: 0.473 ms
Run time division_by_zero_vectorized_static_veclen_64_no_cpy iter 11: 0.559 ms
Run time division_by_zero_vectorized_static_veclen_64_no_cpy iter 12: 0.483 ms
Run time division_by_zero_vectorized_static_veclen_64_no_cpy iter 13: 0.455 ms
Run time division_by_zero_vectorized_static_veclen_64_no_cpy iter 14: 0.463 ms
Run time division_by_zero_vectorized_static_veclen_64_no_cpy iter 15: 0.480 ms
Run time division_by_zero_vectorized_static_veclen_64_no_cpy iter 16: 0.470 ms
Run time division_by_zero_vectorized_static_veclen_64_no_cpy iter 17: 0.485 ms
Run time division_by_zero_vectorized_static_veclen_64_no_cpy iter 18: 0.487 ms
Run time division_by_zero_vectorized_static_veclen_64_no_cpy iter 19: 0.466 ms
[can_be_applied] to if_197 is True
[can_be_applied] to if_197 is True
Changing __out = (__in1 / __in2) to have +1.7800590868057611e-307 to avoid NaN/inf floating-point exception in division!
Run time division_by_zero_vectorized_static_veclen_64_cpy iter 0: 0.536 ms
Run time division_by_zero_vectorized_static_veclen_64_cpy iter 1: 0.531 ms
Run time division_by_zero_vectorized_static_veclen_64_cpy iter 2: 0.519 ms
Run time division_by_zero_vectorized_static_veclen_64_cpy iter 3: 0.513 ms
Run time division_by_zero_vectorized_static_veclen_64_cpy iter 4: 0.516 ms
Run time division_by_zero_vectorized_static_veclen_64_cpy iter 5: 0.511 ms
Run time division_by_zero_vectorized_static_veclen_64_cpy iter 6: 0.507 ms
Run time division_by_zero_vectorized_static_veclen_64_cpy iter 7: 0.530 ms
Run time division_by_zero_vectorized_static_veclen_64_cpy iter 8: 0.533 ms
Run time division_by_zero_vectorized_static_veclen_64_cpy iter 9: 0.532 ms
Run time division_by_zero_vectorized_static_veclen_64_cpy iter 10: 0.509 ms
Run time division_by_zero_vectorized_static_veclen_64_cpy iter 11: 0.513 ms
Run time division_by_zero_vectorized_static_veclen_64_cpy iter 12: 0.527 ms
Run time division_by_zero_vectorized_static_veclen_64_cpy iter 13: 0.636 ms
Run time division_by_zero_vectorized_static_veclen_64_cpy iter 14: 0.518 ms
Run time division_by_zero_vectorized_static_veclen_64_cpy iter 15: 0.529 ms
Run time division_by_zero_vectorized_static_veclen_64_cpy iter 16: 0.532 ms
Run time division_by_zero_vectorized_static_veclen_64_cpy iter 17: 0.639 ms
Run time division_by_zero_vectorized_static_veclen_64_cpy iter 18: 0.726 ms
Run time division_by_zero_vectorized_static_veclen_64_cpy iter 19: 0.515 ms
Run time division_by_zero iter 0: 2.249 ms
Run time division_by_zero iter 1: 2.112 ms
Run time division_by_zero iter 2: 1.578 ms
Run time division_by_zero iter 3: 1.499 ms
Run time division_by_zero iter 4: 1.493 ms
Run time division_by_zero iter 5: 1.481 ms
Run time division_by_zero iter 6: 2.028 ms
Run time division_by_zero iter 7: 1.883 ms
Run time division_by_zero iter 8: 1.986 ms
Run time division_by_zero iter 9: 1.499 ms
Run time division_by_zero iter 10: 1.486 ms
Run time division_by_zero iter 11: 1.575 ms
Run time division_by_zero iter 12: 1.543 ms
Run time division_by_zero iter 13: 1.505 ms
Run time division_by_zero iter 14: 1.482 ms
Run time division_by_zero iter 15: 1.484 ms
Run time division_by_zero iter 16: 2.254 ms
Run time division_by_zero iter 17: 1.522 ms
Run time division_by_zero iter 18: 1.484 ms
Run time division_by_zero iter 19: 1.469 ms
[can_be_applied] to if_197 is True
[can_be_applied] to if_197 is True
Changing __out = (__in1 / __in2) to have +1.7800590868057611e-307 to avoid NaN/inf floating-point exception in division!
Run time division_by_zero_vectorized_static_veclen_8_no_cpy iter 0: 1.520 ms
Run time division_by_zero_vectorized_static_veclen_8_no_cpy iter 1: 1.584 ms
Run time division_by_zero_vectorized_static_veclen_8_no_cpy iter 2: 1.582 ms
Run time division_by_zero_vectorized_static_veclen_8_no_cpy iter 3: 1.548 ms
Run time division_by_zero_vectorized_static_veclen_8_no_cpy iter 4: 1.571 ms
Run time division_by_zero_vectorized_static_veclen_8_no_cpy iter 5: 1.560 ms
Run time division_by_zero_vectorized_static_veclen_8_no_cpy iter 6: 1.595 ms
Run time division_by_zero_vectorized_static_veclen_8_no_cpy iter 7: 1.594 ms
Run time division_by_zero_vectorized_static_veclen_8_no_cpy iter 8: 1.591 ms
Run time division_by_zero_vectorized_static_veclen_8_no_cpy iter 9: 1.530 ms
Run time division_by_zero_vectorized_static_veclen_8_no_cpy iter 10: 1.524 ms
Run time division_by_zero_vectorized_static_veclen_8_no_cpy iter 11: 1.583 ms
Run time division_by_zero_vectorized_static_veclen_8_no_cpy iter 12: 1.519 ms
Run time division_by_zero_vectorized_static_veclen_8_no_cpy iter 13: 1.589 ms
Run time division_by_zero_vectorized_static_veclen_8_no_cpy iter 14: 1.596 ms
Run time division_by_zero_vectorized_static_veclen_8_no_cpy iter 15: 1.570 ms
Run time division_by_zero_vectorized_static_veclen_8_no_cpy iter 16: 1.587 ms
Run time division_by_zero_vectorized_static_veclen_8_no_cpy iter 17: 1.609 ms
Run time division_by_zero_vectorized_static_veclen_8_no_cpy iter 18: 1.580 ms
Run time division_by_zero_vectorized_static_veclen_8_no_cpy iter 19: 1.553 ms
[can_be_applied] to if_197 is True
[can_be_applied] to if_197 is True
Changing __out = (__in1 / __in2) to have +1.7800590868057611e-307 to avoid NaN/inf floating-point exception in division!
Run time division_by_zero_vectorized_static_veclen_8_cpy iter 0: 1.464 ms
Run time division_by_zero_vectorized_static_veclen_8_cpy iter 1: 1.356 ms
Run time division_by_zero_vectorized_static_veclen_8_cpy iter 2: 1.744 ms
Run time division_by_zero_vectorized_static_veclen_8_cpy iter 3: 1.347 ms
Run time division_by_zero_vectorized_static_veclen_8_cpy iter 4: 1.432 ms
Run time division_by_zero_vectorized_static_veclen_8_cpy iter 5: 1.403 ms
Run time division_by_zero_vectorized_static_veclen_8_cpy iter 6: 1.437 ms
Run time division_by_zero_vectorized_static_veclen_8_cpy iter 7: 1.396 ms
Run time division_by_zero_vectorized_static_veclen_8_cpy iter 8: 1.425 ms
Run time division_by_zero_vectorized_static_veclen_8_cpy iter 9: 1.424 ms
Run time division_by_zero_vectorized_static_veclen_8_cpy iter 10: 1.431 ms
Run time division_by_zero_vectorized_static_veclen_8_cpy iter 11: 1.434 ms
Run time division_by_zero_vectorized_static_veclen_8_cpy iter 12: 1.467 ms
Run time division_by_zero_vectorized_static_veclen_8_cpy iter 13: 1.481 ms
Run time division_by_zero_vectorized_static_veclen_8_cpy iter 14: 1.492 ms
Run time division_by_zero_vectorized_static_veclen_8_cpy iter 15: 1.439 ms
Run time division_by_zero_vectorized_static_veclen_8_cpy iter 16: 1.574 ms
Run time division_by_zero_vectorized_static_veclen_8_cpy iter 17: 1.509 ms
Run time division_by_zero_vectorized_static_veclen_8_cpy iter 18: 1.506 ms
Run time division_by_zero_vectorized_static_veclen_8_cpy iter 19: 1.462 ms
[can_be_applied] to if_197 is True
[can_be_applied] to if_197 is True
Changing __out = (__in1 / __in2) to have +1.7800590868057611e-307 to avoid NaN/inf floating-point exception in division!
Run time division_by_zero_vectorized_static_veclen_16_no_cpy iter 0: 1.813 ms
Run time division_by_zero_vectorized_static_veclen_16_no_cpy iter 1: 1.860 ms
Run time division_by_zero_vectorized_static_veclen_16_no_cpy iter 2: 2.064 ms
Run time division_by_zero_vectorized_static_veclen_16_no_cpy iter 3: 1.808 ms
Run time division_by_zero_vectorized_static_veclen_16_no_cpy iter 4: 2.001 ms
Run time division_by_zero_vectorized_static_veclen_16_no_cpy iter 5: 1.763 ms
Run time division_by_zero_vectorized_static_veclen_16_no_cpy iter 6: 1.716 ms
Run time division_by_zero_vectorized_static_veclen_16_no_cpy iter 7: 1.738 ms
Run time division_by_zero_vectorized_static_veclen_16_no_cpy iter 8: 1.773 ms
Run time division_by_zero_vectorized_static_veclen_16_no_cpy iter 9: 1.779 ms
Run time division_by_zero_vectorized_static_veclen_16_no_cpy iter 10: 1.892 ms
Run time division_by_zero_vectorized_static_veclen_16_no_cpy iter 11: 2.075 ms
Run time division_by_zero_vectorized_static_veclen_16_no_cpy iter 12: 1.870 ms
Run time division_by_zero_vectorized_static_veclen_16_no_cpy iter 13: 1.768 ms
Run time division_by_zero_vectorized_static_veclen_16_no_cpy iter 14: 1.820 ms
Run time division_by_zero_vectorized_static_veclen_16_no_cpy iter 15: 1.825 ms
Run time division_by_zero_vectorized_static_veclen_16_no_cpy iter 16: 1.866 ms
Run time division_by_zero_vectorized_static_veclen_16_no_cpy iter 17: 1.801 ms
Run time division_by_zero_vectorized_static_veclen_16_no_cpy iter 18: 1.772 ms
Run time division_by_zero_vectorized_static_veclen_16_no_cpy iter 19: 1.760 ms
[can_be_applied] to if_197 is True
[can_be_applied] to if_197 is True
Changing __out = (__in1 / __in2) to have +1.7800590868057611e-307 to avoid NaN/inf floating-point exception in division!
Run time division_by_zero_vectorized_static_veclen_16_cpy iter 0: 1.448 ms
Run time division_by_zero_vectorized_static_veclen_16_cpy iter 1: 1.448 ms
Run time division_by_zero_vectorized_static_veclen_16_cpy iter 2: 1.470 ms
Run time division_by_zero_vectorized_static_veclen_16_cpy iter 3: 1.430 ms
Run time division_by_zero_vectorized_static_veclen_16_cpy iter 4: 1.425 ms
Run time division_by_zero_vectorized_static_veclen_16_cpy iter 5: 1.451 ms
Run time division_by_zero_vectorized_static_veclen_16_cpy iter 6: 1.466 ms
Run time division_by_zero_vectorized_static_veclen_16_cpy iter 7: 1.458 ms
Run time division_by_zero_vectorized_static_veclen_16_cpy iter 8: 1.451 ms
Run time division_by_zero_vectorized_static_veclen_16_cpy iter 9: 1.440 ms
Run time division_by_zero_vectorized_static_veclen_16_cpy iter 10: 1.464 ms
Run time division_by_zero_vectorized_static_veclen_16_cpy iter 11: 1.496 ms
Run time division_by_zero_vectorized_static_veclen_16_cpy iter 12: 1.458 ms
Run time division_by_zero_vectorized_static_veclen_16_cpy iter 13: 1.456 ms
Run time division_by_zero_vectorized_static_veclen_16_cpy iter 14: 1.481 ms
Run time division_by_zero_vectorized_static_veclen_16_cpy iter 15: 1.447 ms
Run time division_by_zero_vectorized_static_veclen_16_cpy iter 16: 1.479 ms
Run time division_by_zero_vectorized_static_veclen_16_cpy iter 17: 1.463 ms
Run time division_by_zero_vectorized_static_veclen_16_cpy iter 18: 1.443 ms
Run time division_by_zero_vectorized_static_veclen_16_cpy iter 19: 1.476 ms
[can_be_applied] to if_197 is True
[can_be_applied] to if_197 is True
Changing __out = (__in1 / __in2) to have +1.7800590868057611e-307 to avoid NaN/inf floating-point exception in division!
Run time division_by_zero_vectorized_static_veclen_32_no_cpy iter 0: 1.532 ms
Run time division_by_zero_vectorized_static_veclen_32_no_cpy iter 1: 1.505 ms
Run time division_by_zero_vectorized_static_veclen_32_no_cpy iter 2: 1.435 ms
Run time division_by_zero_vectorized_static_veclen_32_no_cpy iter 3: 1.574 ms
Run time division_by_zero_vectorized_static_veclen_32_no_cpy iter 4: 1.912 ms
Run time division_by_zero_vectorized_static_veclen_32_no_cpy iter 5: 1.440 ms
Run time division_by_zero_vectorized_static_veclen_32_no_cpy iter 6: 1.434 ms
Run time division_by_zero_vectorized_static_veclen_32_no_cpy iter 7: 1.451 ms
Run time division_by_zero_vectorized_static_veclen_32_no_cpy iter 8: 1.611 ms
Run time division_by_zero_vectorized_static_veclen_32_no_cpy iter 9: 1.500 ms
Run time division_by_zero_vectorized_static_veclen_32_no_cpy iter 10: 1.469 ms
Run time division_by_zero_vectorized_static_veclen_32_no_cpy iter 11: 1.464 ms
Run time division_by_zero_vectorized_static_veclen_32_no_cpy iter 12: 1.699 ms
Run time division_by_zero_vectorized_static_veclen_32_no_cpy iter 13: 1.542 ms
Run time division_by_zero_vectorized_static_veclen_32_no_cpy iter 14: 1.509 ms
Run time division_by_zero_vectorized_static_veclen_32_no_cpy iter 15: 1.525 ms
Run time division_by_zero_vectorized_static_veclen_32_no_cpy iter 16: 1.518 ms
Run time division_by_zero_vectorized_static_veclen_32_no_cpy iter 17: 1.512 ms
Run time division_by_zero_vectorized_static_veclen_32_no_cpy iter 18: 1.511 ms
Run time division_by_zero_vectorized_static_veclen_32_no_cpy iter 19: 1.517 ms
[can_be_applied] to if_197 is True
[can_be_applied] to if_197 is True
Changing __out = (__in1 / __in2) to have +1.7800590868057611e-307 to avoid NaN/inf floating-point exception in division!
Run time division_by_zero_vectorized_static_veclen_32_cpy iter 0: 1.682 ms
Run time division_by_zero_vectorized_static_veclen_32_cpy iter 1: 1.498 ms
Run time division_by_zero_vectorized_static_veclen_32_cpy iter 2: 1.432 ms
Run time division_by_zero_vectorized_static_veclen_32_cpy iter 3: 1.420 ms
Run time division_by_zero_vectorized_static_veclen_32_cpy iter 4: 1.409 ms
Run time division_by_zero_vectorized_static_veclen_32_cpy iter 5: 1.400 ms
Run time division_by_zero_vectorized_static_veclen_32_cpy iter 6: 1.443 ms
Run time division_by_zero_vectorized_static_veclen_32_cpy iter 7: 1.416 ms
Run time division_by_zero_vectorized_static_veclen_32_cpy iter 8: 1.439 ms
Run time division_by_zero_vectorized_static_veclen_32_cpy iter 9: 1.420 ms
Run time division_by_zero_vectorized_static_veclen_32_cpy iter 10: 1.400 ms
Run time division_by_zero_vectorized_static_veclen_32_cpy iter 11: 1.397 ms
Run time division_by_zero_vectorized_static_veclen_32_cpy iter 12: 1.828 ms
Run time division_by_zero_vectorized_static_veclen_32_cpy iter 13: 1.488 ms
Run time division_by_zero_vectorized_static_veclen_32_cpy iter 14: 1.393 ms
Run time division_by_zero_vectorized_static_veclen_32_cpy iter 15: 1.411 ms
Run time division_by_zero_vectorized_static_veclen_32_cpy iter 16: 1.806 ms
Run time division_by_zero_vectorized_static_veclen_32_cpy iter 17: 1.405 ms
Run time division_by_zero_vectorized_static_veclen_32_cpy iter 18: 1.407 ms
Run time division_by_zero_vectorized_static_veclen_32_cpy iter 19: 1.442 ms
[can_be_applied] to if_197 is True
[can_be_applied] to if_197 is True
Changing __out = (__in1 / __in2) to have +1.7800590868057611e-307 to avoid NaN/inf floating-point exception in division!
Run time division_by_zero_vectorized_static_veclen_64_no_cpy iter 0: 1.741 ms
Run time division_by_zero_vectorized_static_veclen_64_no_cpy iter 1: 2.158 ms
Run time division_by_zero_vectorized_static_veclen_64_no_cpy iter 2: 1.742 ms
Run time division_by_zero_vectorized_static_veclen_64_no_cpy iter 3: 1.752 ms
Run time division_by_zero_vectorized_static_veclen_64_no_cpy iter 4: 1.738 ms
Run time division_by_zero_vectorized_static_veclen_64_no_cpy iter 5: 1.739 ms
Run time division_by_zero_vectorized_static_veclen_64_no_cpy iter 6: 2.451 ms
Run time division_by_zero_vectorized_static_veclen_64_no_cpy iter 7: 1.777 ms
Run time division_by_zero_vectorized_static_veclen_64_no_cpy iter 8: 2.327 ms
Run time division_by_zero_vectorized_static_veclen_64_no_cpy iter 9: 2.402 ms
Run time division_by_zero_vectorized_static_veclen_64_no_cpy iter 10: 1.904 ms
Run time division_by_zero_vectorized_static_veclen_64_no_cpy iter 11: 1.795 ms
Run time division_by_zero_vectorized_static_veclen_64_no_cpy iter 12: 1.774 ms
Run time division_by_zero_vectorized_static_veclen_64_no_cpy iter 13: 2.252 ms
Run time division_by_zero_vectorized_static_veclen_64_no_cpy iter 14: 1.740 ms
Run time division_by_zero_vectorized_static_veclen_64_no_cpy iter 15: 1.795 ms
Run time division_by_zero_vectorized_static_veclen_64_no_cpy iter 16: 2.569 ms
Run time division_by_zero_vectorized_static_veclen_64_no_cpy iter 17: 2.777 ms
Run time division_by_zero_vectorized_static_veclen_64_no_cpy iter 18: 2.071 ms
Run time division_by_zero_vectorized_static_veclen_64_no_cpy iter 19: 1.723 ms
[can_be_applied] to if_197 is True
[can_be_applied] to if_197 is True
Changing __out = (__in1 / __in2) to have +1.7800590868057611e-307 to avoid NaN/inf floating-point exception in division!
Run time division_by_zero_vectorized_static_veclen_64_cpy iter 0: 2.058 ms
Run time division_by_zero_vectorized_static_veclen_64_cpy iter 1: 2.092 ms
Run time division_by_zero_vectorized_static_veclen_64_cpy iter 2: 2.054 ms
Run time division_by_zero_vectorized_static_veclen_64_cpy iter 3: 2.125 ms
Run time division_by_zero_vectorized_static_veclen_64_cpy iter 4: 2.042 ms
Run time division_by_zero_vectorized_static_veclen_64_cpy iter 5: 2.105 ms
Run time division_by_zero_vectorized_static_veclen_64_cpy iter 6: 2.089 ms
Run time division_by_zero_vectorized_static_veclen_64_cpy iter 7: 2.044 ms
Run time division_by_zero_vectorized_static_veclen_64_cpy iter 8: 2.067 ms
Run time division_by_zero_vectorized_static_veclen_64_cpy iter 9: 2.126 ms
Run time division_by_zero_vectorized_static_veclen_64_cpy iter 10: 2.220 ms
Run time division_by_zero_vectorized_static_veclen_64_cpy iter 11: 2.051 ms
Run time division_by_zero_vectorized_static_veclen_64_cpy iter 12: 2.013 ms
Run time division_by_zero_vectorized_static_veclen_64_cpy iter 13: 2.047 ms
Run time division_by_zero_vectorized_static_veclen_64_cpy iter 14: 2.026 ms
Run time division_by_zero_vectorized_static_veclen_64_cpy iter 15: 2.188 ms
Run time division_by_zero_vectorized_static_veclen_64_cpy iter 16: 2.019 ms
Run time division_by_zero_vectorized_static_veclen_64_cpy iter 17: 2.487 ms
Run time division_by_zero_vectorized_static_veclen_64_cpy iter 18: 1.987 ms
Run time division_by_zero_vectorized_static_veclen_64_cpy iter 19: 2.047 ms
Run time division_by_zero iter 0: 3.162 ms
Run time division_by_zero iter 1: 3.096 ms
Run time division_by_zero iter 2: 3.174 ms
Run time division_by_zero iter 3: 3.126 ms
Run time division_by_zero iter 4: 3.128 ms
Run time division_by_zero iter 5: 3.135 ms
Run time division_by_zero iter 6: 3.157 ms
Run time division_by_zero iter 7: 3.226 ms
Run time division_by_zero iter 8: 3.250 ms
Run time division_by_zero iter 9: 2.923 ms
Run time division_by_zero iter 10: 2.908 ms
Run time division_by_zero iter 11: 2.954 ms
Run time division_by_zero iter 12: 2.908 ms
Run time division_by_zero iter 13: 3.023 ms
Run time division_by_zero iter 14: 3.237 ms
Run time division_by_zero iter 15: 2.931 ms
Run time division_by_zero iter 16: 3.146 ms
Run time division_by_zero iter 17: 3.132 ms
Run time division_by_zero iter 18: 3.483 ms
Run time division_by_zero iter 19: 3.204 ms
[can_be_applied] to if_197 is True
[can_be_applied] to if_197 is True
Changing __out = (__in1 / __in2) to have +1.7800590868057611e-307 to avoid NaN/inf floating-point exception in division!
Run time division_by_zero_vectorized_static_veclen_8_no_cpy iter 0: 3.479 ms
Run time division_by_zero_vectorized_static_veclen_8_no_cpy iter 1: 3.230 ms
Run time division_by_zero_vectorized_static_veclen_8_no_cpy iter 2: 3.251 ms
Run time division_by_zero_vectorized_static_veclen_8_no_cpy iter 3: 3.240 ms
Run time division_by_zero_vectorized_static_veclen_8_no_cpy iter 4: 3.239 ms
Run time division_by_zero_vectorized_static_veclen_8_no_cpy iter 5: 3.266 ms
Run time division_by_zero_vectorized_static_veclen_8_no_cpy iter 6: 3.233 ms
Run time division_by_zero_vectorized_static_veclen_8_no_cpy iter 7: 3.253 ms
Run time division_by_zero_vectorized_static_veclen_8_no_cpy iter 8: 3.170 ms
Run time division_by_zero_vectorized_static_veclen_8_no_cpy iter 9: 3.481 ms
Run time division_by_zero_vectorized_static_veclen_8_no_cpy iter 10: 3.194 ms
Run time division_by_zero_vectorized_static_veclen_8_no_cpy iter 11: 3.224 ms
Run time division_by_zero_vectorized_static_veclen_8_no_cpy iter 12: 3.187 ms
Run time division_by_zero_vectorized_static_veclen_8_no_cpy iter 13: 3.223 ms
Run time division_by_zero_vectorized_static_veclen_8_no_cpy iter 14: 3.260 ms
Run time division_by_zero_vectorized_static_veclen_8_no_cpy iter 15: 3.243 ms
Run time division_by_zero_vectorized_static_veclen_8_no_cpy iter 16: 3.201 ms
Run time division_by_zero_vectorized_static_veclen_8_no_cpy iter 17: 3.238 ms
Run time division_by_zero_vectorized_static_veclen_8_no_cpy iter 18: 3.266 ms
Run time division_by_zero_vectorized_static_veclen_8_no_cpy iter 19: 3.565 ms
[can_be_applied] to if_197 is True
[can_be_applied] to if_197 is True
Changing __out = (__in1 / __in2) to have +1.7800590868057611e-307 to avoid NaN/inf floating-point exception in division!
Run time division_by_zero_vectorized_static_veclen_8_cpy iter 0: 3.018 ms
Run time division_by_zero_vectorized_static_veclen_8_cpy iter 1: 2.975 ms
Run time division_by_zero_vectorized_static_veclen_8_cpy iter 2: 3.025 ms
Run time division_by_zero_vectorized_static_veclen_8_cpy iter 3: 2.997 ms
Run time division_by_zero_vectorized_static_veclen_8_cpy iter 4: 2.879 ms
Run time division_by_zero_vectorized_static_veclen_8_cpy iter 5: 2.866 ms
Run time division_by_zero_vectorized_static_veclen_8_cpy iter 6: 2.861 ms
Run time division_by_zero_vectorized_static_veclen_8_cpy iter 7: 2.897 ms
Run time division_by_zero_vectorized_static_veclen_8_cpy iter 8: 2.851 ms
Run time division_by_zero_vectorized_static_veclen_8_cpy iter 9: 3.068 ms
Run time division_by_zero_vectorized_static_veclen_8_cpy iter 10: 2.922 ms
Run time division_by_zero_vectorized_static_veclen_8_cpy iter 11: 2.908 ms
Run time division_by_zero_vectorized_static_veclen_8_cpy iter 12: 2.823 ms
Run time division_by_zero_vectorized_static_veclen_8_cpy iter 13: 3.136 ms
Run time division_by_zero_vectorized_static_veclen_8_cpy iter 14: 2.909 ms
Run time division_by_zero_vectorized_static_veclen_8_cpy iter 15: 2.870 ms
Run time division_by_zero_vectorized_static_veclen_8_cpy iter 16: 2.848 ms
Run time division_by_zero_vectorized_static_veclen_8_cpy iter 17: 2.886 ms
Run time division_by_zero_vectorized_static_veclen_8_cpy iter 18: 2.878 ms
Run time division_by_zero_vectorized_static_veclen_8_cpy iter 19: 2.822 ms
[can_be_applied] to if_197 is True
[can_be_applied] to if_197 is True
Changing __out = (__in1 / __in2) to have +1.7800590868057611e-307 to avoid NaN/inf floating-point exception in division!
Run time division_by_zero_vectorized_static_veclen_16_no_cpy iter 0: 3.547 ms
Run time division_by_zero_vectorized_static_veclen_16_no_cpy iter 1: 3.587 ms
Run time division_by_zero_vectorized_static_veclen_16_no_cpy iter 2: 3.493 ms
Run time division_by_zero_vectorized_static_veclen_16_no_cpy iter 3: 3.650 ms
Run time division_by_zero_vectorized_static_veclen_16_no_cpy iter 4: 3.598 ms
Run time division_by_zero_vectorized_static_veclen_16_no_cpy iter 5: 3.768 ms
Run time division_by_zero_vectorized_static_veclen_16_no_cpy iter 6: 3.431 ms
Run time division_by_zero_vectorized_static_veclen_16_no_cpy iter 7: 3.560 ms
Run time division_by_zero_vectorized_static_veclen_16_no_cpy iter 8: 3.660 ms
Run time division_by_zero_vectorized_static_veclen_16_no_cpy iter 9: 3.589 ms
Run time division_by_zero_vectorized_static_veclen_16_no_cpy iter 10: 3.560 ms
Run time division_by_zero_vectorized_static_veclen_16_no_cpy iter 11: 3.852 ms
Run time division_by_zero_vectorized_static_veclen_16_no_cpy iter 12: 3.384 ms
Run time division_by_zero_vectorized_static_veclen_16_no_cpy iter 13: 3.649 ms
Run time division_by_zero_vectorized_static_veclen_16_no_cpy iter 14: 3.451 ms
Run time division_by_zero_vectorized_static_veclen_16_no_cpy iter 15: 3.424 ms
Run time division_by_zero_vectorized_static_veclen_16_no_cpy iter 16: 3.743 ms
Run time division_by_zero_vectorized_static_veclen_16_no_cpy iter 17: 3.687 ms
Run time division_by_zero_vectorized_static_veclen_16_no_cpy iter 18: 3.392 ms
Run time division_by_zero_vectorized_static_veclen_16_no_cpy iter 19: 3.454 ms
[can_be_applied] to if_197 is True
[can_be_applied] to if_197 is True
Changing __out = (__in1 / __in2) to have +1.7800590868057611e-307 to avoid NaN/inf floating-point exception in division!
Run time division_by_zero_vectorized_static_veclen_16_cpy iter 0: 3.092 ms
Run time division_by_zero_vectorized_static_veclen_16_cpy iter 1: 2.905 ms
Run time division_by_zero_vectorized_static_veclen_16_cpy iter 2: 2.906 ms
Run time division_by_zero_vectorized_static_veclen_16_cpy iter 3: 2.889 ms
Run time division_by_zero_vectorized_static_veclen_16_cpy iter 4: 2.872 ms
Run time division_by_zero_vectorized_static_veclen_16_cpy iter 5: 2.870 ms
Run time division_by_zero_vectorized_static_veclen_16_cpy iter 6: 2.891 ms
Run time division_by_zero_vectorized_static_veclen_16_cpy iter 7: 2.923 ms
Run time division_by_zero_vectorized_static_veclen_16_cpy iter 8: 2.877 ms
Run time division_by_zero_vectorized_static_veclen_16_cpy iter 9: 3.197 ms
Run time division_by_zero_vectorized_static_veclen_16_cpy iter 10: 2.903 ms
Run time division_by_zero_vectorized_static_veclen_16_cpy iter 11: 2.888 ms
Run time division_by_zero_vectorized_static_veclen_16_cpy iter 12: 2.924 ms
Run time division_by_zero_vectorized_static_veclen_16_cpy iter 13: 2.918 ms
Run time division_by_zero_vectorized_static_veclen_16_cpy iter 14: 2.904 ms
Run time division_by_zero_vectorized_static_veclen_16_cpy iter 15: 2.924 ms
Run time division_by_zero_vectorized_static_veclen_16_cpy iter 16: 2.878 ms
Run time division_by_zero_vectorized_static_veclen_16_cpy iter 17: 2.911 ms
Run time division_by_zero_vectorized_static_veclen_16_cpy iter 18: 3.061 ms
Run time division_by_zero_vectorized_static_veclen_16_cpy iter 19: 2.869 ms
[can_be_applied] to if_197 is True
[can_be_applied] to if_197 is True
Changing __out = (__in1 / __in2) to have +1.7800590868057611e-307 to avoid NaN/inf floating-point exception in division!
Run time division_by_zero_vectorized_static_veclen_32_no_cpy iter 0: 3.073 ms
Run time division_by_zero_vectorized_static_veclen_32_no_cpy iter 1: 3.071 ms
Run time division_by_zero_vectorized_static_veclen_32_no_cpy iter 2: 2.947 ms
Run time division_by_zero_vectorized_static_veclen_32_no_cpy iter 3: 2.983 ms
Run time division_by_zero_vectorized_static_veclen_32_no_cpy iter 4: 3.050 ms
Run time division_by_zero_vectorized_static_veclen_32_no_cpy iter 5: 3.016 ms
Run time division_by_zero_vectorized_static_veclen_32_no_cpy iter 6: 2.999 ms
Run time division_by_zero_vectorized_static_veclen_32_no_cpy iter 7: 2.969 ms
Run time division_by_zero_vectorized_static_veclen_32_no_cpy iter 8: 3.000 ms
Run time division_by_zero_vectorized_static_veclen_32_no_cpy iter 9: 3.010 ms
Run time division_by_zero_vectorized_static_veclen_32_no_cpy iter 10: 4.287 ms
Run time division_by_zero_vectorized_static_veclen_32_no_cpy iter 11: 3.004 ms
Run time division_by_zero_vectorized_static_veclen_32_no_cpy iter 12: 3.009 ms
Run time division_by_zero_vectorized_static_veclen_32_no_cpy iter 13: 3.201 ms
Run time division_by_zero_vectorized_static_veclen_32_no_cpy iter 14: 3.002 ms
Run time division_by_zero_vectorized_static_veclen_32_no_cpy iter 15: 4.424 ms
Run time division_by_zero_vectorized_static_veclen_32_no_cpy iter 16: 3.658 ms
Run time division_by_zero_vectorized_static_veclen_32_no_cpy iter 17: 3.176 ms
Run time division_by_zero_vectorized_static_veclen_32_no_cpy iter 18: 3.037 ms
Run time division_by_zero_vectorized_static_veclen_32_no_cpy iter 19: 3.007 ms
[can_be_applied] to if_197 is True
[can_be_applied] to if_197 is True
Changing __out = (__in1 / __in2) to have +1.7800590868057611e-307 to avoid NaN/inf floating-point exception in division!
Run time division_by_zero_vectorized_static_veclen_32_cpy iter 0: 3.196 ms
Run time division_by_zero_vectorized_static_veclen_32_cpy iter 1: 3.766 ms
Run time division_by_zero_vectorized_static_veclen_32_cpy iter 2: 3.839 ms
Run time division_by_zero_vectorized_static_veclen_32_cpy iter 3: 2.866 ms
Run time division_by_zero_vectorized_static_veclen_32_cpy iter 4: 2.848 ms
Run time division_by_zero_vectorized_static_veclen_32_cpy iter 5: 2.866 ms
Run time division_by_zero_vectorized_static_veclen_32_cpy iter 6: 2.856 ms
Run time division_by_zero_vectorized_static_veclen_32_cpy iter 7: 2.995 ms
Run time division_by_zero_vectorized_static_veclen_32_cpy iter 8: 3.075 ms
Run time division_by_zero_vectorized_static_veclen_32_cpy iter 9: 3.756 ms
Run time division_by_zero_vectorized_static_veclen_32_cpy iter 10: 3.583 ms
Run time division_by_zero_vectorized_static_veclen_32_cpy iter 11: 2.903 ms
Run time division_by_zero_vectorized_static_veclen_32_cpy iter 12: 2.864 ms
Run time division_by_zero_vectorized_static_veclen_32_cpy iter 13: 2.915 ms
Run time division_by_zero_vectorized_static_veclen_32_cpy iter 14: 2.888 ms
Run time division_by_zero_vectorized_static_veclen_32_cpy iter 15: 2.915 ms
Run time division_by_zero_vectorized_static_veclen_32_cpy iter 16: 2.879 ms
Run time division_by_zero_vectorized_static_veclen_32_cpy iter 17: 2.876 ms
Run time division_by_zero_vectorized_static_veclen_32_cpy iter 18: 2.993 ms
Run time division_by_zero_vectorized_static_veclen_32_cpy iter 19: 3.045 ms
[can_be_applied] to if_197 is True
[can_be_applied] to if_197 is True
Changing __out = (__in1 / __in2) to have +1.7800590868057611e-307 to avoid NaN/inf floating-point exception in division!
Run time division_by_zero_vectorized_static_veclen_64_no_cpy iter 0: 4.918 ms
Run time division_by_zero_vectorized_static_veclen_64_no_cpy iter 1: 4.395 ms
Run time division_by_zero_vectorized_static_veclen_64_no_cpy iter 2: 3.674 ms
Run time division_by_zero_vectorized_static_veclen_64_no_cpy iter 3: 3.668 ms
Run time division_by_zero_vectorized_static_veclen_64_no_cpy iter 4: 3.684 ms
Run time division_by_zero_vectorized_static_veclen_64_no_cpy iter 5: 3.700 ms
Run time division_by_zero_vectorized_static_veclen_64_no_cpy iter 6: 3.696 ms
Run time division_by_zero_vectorized_static_veclen_64_no_cpy iter 7: 3.654 ms
Run time division_by_zero_vectorized_static_veclen_64_no_cpy iter 8: 3.689 ms
Run time division_by_zero_vectorized_static_veclen_64_no_cpy iter 9: 3.640 ms
Run time division_by_zero_vectorized_static_veclen_64_no_cpy iter 10: 3.650 ms
Run time division_by_zero_vectorized_static_veclen_64_no_cpy iter 11: 3.709 ms
Run time division_by_zero_vectorized_static_veclen_64_no_cpy iter 12: 4.968 ms
Run time division_by_zero_vectorized_static_veclen_64_no_cpy iter 13: 3.686 ms
Run time division_by_zero_vectorized_static_veclen_64_no_cpy iter 14: 3.675 ms
Run time division_by_zero_vectorized_static_veclen_64_no_cpy iter 15: 3.757 ms
Run time division_by_zero_vectorized_static_veclen_64_no_cpy iter 16: 3.928 ms
Run time division_by_zero_vectorized_static_veclen_64_no_cpy iter 17: 3.853 ms
Run time division_by_zero_vectorized_static_veclen_64_no_cpy iter 18: 3.780 ms
Run time division_by_zero_vectorized_static_veclen_64_no_cpy iter 19: 3.745 ms
[can_be_applied] to if_197 is True
[can_be_applied] to if_197 is True
Changing __out = (__in1 / __in2) to have +1.7800590868057611e-307 to avoid NaN/inf floating-point exception in division!
Run time division_by_zero_vectorized_static_veclen_64_cpy iter 0: 3.609 ms
Run time division_by_zero_vectorized_static_veclen_64_cpy iter 1: 3.427 ms
Run time division_by_zero_vectorized_static_veclen_64_cpy iter 2: 6.656 ms
Run time division_by_zero_vectorized_static_veclen_64_cpy iter 3: 3.368 ms
Run time division_by_zero_vectorized_static_veclen_64_cpy iter 4: 6.683 ms
Run time division_by_zero_vectorized_static_veclen_64_cpy iter 5: 4.160 ms
Run time division_by_zero_vectorized_static_veclen_64_cpy iter 6: 3.834 ms
Run time division_by_zero_vectorized_static_veclen_64_cpy iter 7: 4.510 ms
Run time division_by_zero_vectorized_static_veclen_64_cpy iter 8: 4.921 ms
Run time division_by_zero_vectorized_static_veclen_64_cpy iter 9: 5.454 ms
Run time division_by_zero_vectorized_static_veclen_64_cpy iter 10: 3.364 ms
Run time division_by_zero_vectorized_static_veclen_64_cpy iter 11: 3.457 ms
Run time division_by_zero_vectorized_static_veclen_64_cpy iter 12: 5.807 ms
Run time division_by_zero_vectorized_static_veclen_64_cpy iter 13: 6.267 ms
Run time division_by_zero_vectorized_static_veclen_64_cpy iter 14: 4.835 ms
Run time division_by_zero_vectorized_static_veclen_64_cpy iter 15: 3.762 ms
Run time division_by_zero_vectorized_static_veclen_64_cpy iter 16: 3.495 ms
Run time division_by_zero_vectorized_static_veclen_64_cpy iter 17: 3.472 ms
Run time division_by_zero_vectorized_static_veclen_64_cpy iter 18: 3.462 ms
Run time division_by_zero_vectorized_static_veclen_64_cpy iter 19: 3.511 ms
Run time division_by_zero iter 0: 7.175 ms
Run time division_by_zero iter 1: 7.079 ms
Run time division_by_zero iter 2: 7.435 ms
Run time division_by_zero iter 3: 7.076 ms
Run time division_by_zero iter 4: 6.699 ms
Run time division_by_zero iter 5: 6.744 ms
Run time division_by_zero iter 6: 7.577 ms
Run time division_by_zero iter 7: 8.199 ms
Run time division_by_zero iter 8: 9.359 ms
Run time division_by_zero iter 9: 8.758 ms
Run time division_by_zero iter 10: 9.024 ms
Run time division_by_zero iter 11: 8.763 ms
Run time division_by_zero iter 12: 7.419 ms
Run time division_by_zero iter 13: 7.079 ms
Run time division_by_zero iter 14: 6.428 ms
Run time division_by_zero iter 15: 6.930 ms
Run time division_by_zero iter 16: 6.580 ms
Run time division_by_zero iter 17: 9.955 ms
Run time division_by_zero iter 18: 9.058 ms
Run time division_by_zero iter 19: 6.777 ms
[can_be_applied] to if_197 is True
[can_be_applied] to if_197 is True
Changing __out = (__in1 / __in2) to have +1.7800590868057611e-307 to avoid NaN/inf floating-point exception in division!
Run time division_by_zero_vectorized_static_veclen_8_no_cpy iter 0: 9.157 ms
Run time division_by_zero_vectorized_static_veclen_8_no_cpy iter 1: 9.306 ms
Run time division_by_zero_vectorized_static_veclen_8_no_cpy iter 2: 8.013 ms
Run time division_by_zero_vectorized_static_veclen_8_no_cpy iter 3: 7.400 ms
Run time division_by_zero_vectorized_static_veclen_8_no_cpy iter 4: 6.970 ms
Run time division_by_zero_vectorized_static_veclen_8_no_cpy iter 5: 7.565 ms
Run time division_by_zero_vectorized_static_veclen_8_no_cpy iter 6: 7.586 ms
Run time division_by_zero_vectorized_static_veclen_8_no_cpy iter 7: 7.910 ms
Run time division_by_zero_vectorized_static_veclen_8_no_cpy iter 8: 8.948 ms
Run time division_by_zero_vectorized_static_veclen_8_no_cpy iter 9: 9.469 ms
Run time division_by_zero_vectorized_static_veclen_8_no_cpy iter 10: 9.374 ms
Run time division_by_zero_vectorized_static_veclen_8_no_cpy iter 11: 9.500 ms
Run time division_by_zero_vectorized_static_veclen_8_no_cpy iter 12: 9.465 ms
Run time division_by_zero_vectorized_static_veclen_8_no_cpy iter 13: 9.523 ms
Run time division_by_zero_vectorized_static_veclen_8_no_cpy iter 14: 9.771 ms
Run time division_by_zero_vectorized_static_veclen_8_no_cpy iter 15: 9.515 ms
Run time division_by_zero_vectorized_static_veclen_8_no_cpy iter 16: 9.549 ms
Run time division_by_zero_vectorized_static_veclen_8_no_cpy iter 17: 9.381 ms
Run time division_by_zero_vectorized_static_veclen_8_no_cpy iter 18: 6.748 ms
Run time division_by_zero_vectorized_static_veclen_8_no_cpy iter 19: 6.775 ms
[can_be_applied] to if_197 is True
[can_be_applied] to if_197 is True
Changing __out = (__in1 / __in2) to have +1.7800590868057611e-307 to avoid NaN/inf floating-point exception in division!
Run time division_by_zero_vectorized_static_veclen_8_cpy iter 0: 6.008 ms
Run time division_by_zero_vectorized_static_veclen_8_cpy iter 1: 5.913 ms
Run time division_by_zero_vectorized_static_veclen_8_cpy iter 2: 6.084 ms
Run time division_by_zero_vectorized_static_veclen_8_cpy iter 3: 5.926 ms
Run time division_by_zero_vectorized_static_veclen_8_cpy iter 4: 6.061 ms
Run time division_by_zero_vectorized_static_veclen_8_cpy iter 5: 6.239 ms
Run time division_by_zero_vectorized_static_veclen_8_cpy iter 6: 7.292 ms
Run time division_by_zero_vectorized_static_veclen_8_cpy iter 7: 8.197 ms
Run time division_by_zero_vectorized_static_veclen_8_cpy iter 8: 5.940 ms
Run time division_by_zero_vectorized_static_veclen_8_cpy iter 9: 8.364 ms
Run time division_by_zero_vectorized_static_veclen_8_cpy iter 10: 9.095 ms
Run time division_by_zero_vectorized_static_veclen_8_cpy iter 11: 5.929 ms
Run time division_by_zero_vectorized_static_veclen_8_cpy iter 12: 5.946 ms
Run time division_by_zero_vectorized_static_veclen_8_cpy iter 13: 6.305 ms
Run time division_by_zero_vectorized_static_veclen_8_cpy iter 14: 6.012 ms
Run time division_by_zero_vectorized_static_veclen_8_cpy iter 15: 5.941 ms
Run time division_by_zero_vectorized_static_veclen_8_cpy iter 16: 8.138 ms
Run time division_by_zero_vectorized_static_veclen_8_cpy iter 17: 7.721 ms
Run time division_by_zero_vectorized_static_veclen_8_cpy iter 18: 5.953 ms
Run time division_by_zero_vectorized_static_veclen_8_cpy iter 19: 5.989 ms
[can_be_applied] to if_197 is True
[can_be_applied] to if_197 is True
Changing __out = (__in1 / __in2) to have +1.7800590868057611e-307 to avoid NaN/inf floating-point exception in division!
Run time division_by_zero_vectorized_static_veclen_16_no_cpy iter 0: 7.581 ms
Run time division_by_zero_vectorized_static_veclen_16_no_cpy iter 1: 6.982 ms
Run time division_by_zero_vectorized_static_veclen_16_no_cpy iter 2: 7.344 ms
Run time division_by_zero_vectorized_static_veclen_16_no_cpy iter 3: 7.555 ms
Run time division_by_zero_vectorized_static_veclen_16_no_cpy iter 4: 9.863 ms
Run time division_by_zero_vectorized_static_veclen_16_no_cpy iter 5: 9.873 ms
Run time division_by_zero_vectorized_static_veclen_16_no_cpy iter 6: 9.866 ms
Run time division_by_zero_vectorized_static_veclen_16_no_cpy iter 7: 8.783 ms
Run time division_by_zero_vectorized_static_veclen_16_no_cpy iter 8: 7.572 ms
Run time division_by_zero_vectorized_static_veclen_16_no_cpy iter 9: 7.160 ms
Run time division_by_zero_vectorized_static_veclen_16_no_cpy iter 10: 7.591 ms
Run time division_by_zero_vectorized_static_veclen_16_no_cpy iter 11: 8.169 ms
Run time division_by_zero_vectorized_static_veclen_16_no_cpy iter 12: 9.138 ms
Run time division_by_zero_vectorized_static_veclen_16_no_cpy iter 13: 9.800 ms
Run time division_by_zero_vectorized_static_veclen_16_no_cpy iter 14: 9.694 ms
Run time division_by_zero_vectorized_static_veclen_16_no_cpy iter 15: 8.980 ms
Run time division_by_zero_vectorized_static_veclen_16_no_cpy iter 16: 7.433 ms
Run time division_by_zero_vectorized_static_veclen_16_no_cpy iter 17: 6.718 ms
Run time division_by_zero_vectorized_static_veclen_16_no_cpy iter 18: 6.781 ms
Run time division_by_zero_vectorized_static_veclen_16_no_cpy iter 19: 9.932 ms
[can_be_applied] to if_197 is True
[can_be_applied] to if_197 is True
Changing __out = (__in1 / __in2) to have +1.7800590868057611e-307 to avoid NaN/inf floating-point exception in division!
Run time division_by_zero_vectorized_static_veclen_16_cpy iter 0: 6.100 ms
Run time division_by_zero_vectorized_static_veclen_16_cpy iter 1: 5.966 ms
Run time division_by_zero_vectorized_static_veclen_16_cpy iter 2: 6.109 ms
Run time division_by_zero_vectorized_static_veclen_16_cpy iter 3: 6.077 ms
Run time division_by_zero_vectorized_static_veclen_16_cpy iter 4: 6.056 ms
Run time division_by_zero_vectorized_static_veclen_16_cpy iter 5: 6.441 ms
Run time division_by_zero_vectorized_static_veclen_16_cpy iter 6: 6.121 ms
Run time division_by_zero_vectorized_static_veclen_16_cpy iter 7: 6.048 ms
Run time division_by_zero_vectorized_static_veclen_16_cpy iter 8: 6.142 ms
Run time division_by_zero_vectorized_static_veclen_16_cpy iter 9: 6.022 ms
Run time division_by_zero_vectorized_static_veclen_16_cpy iter 10: 6.064 ms
Run time division_by_zero_vectorized_static_veclen_16_cpy iter 11: 6.059 ms
Run time division_by_zero_vectorized_static_veclen_16_cpy iter 12: 5.972 ms
Run time division_by_zero_vectorized_static_veclen_16_cpy iter 13: 7.497 ms
Run time division_by_zero_vectorized_static_veclen_16_cpy iter 14: 6.216 ms
Run time division_by_zero_vectorized_static_veclen_16_cpy iter 15: 6.043 ms
Run time division_by_zero_vectorized_static_veclen_16_cpy iter 16: 5.962 ms
Run time division_by_zero_vectorized_static_veclen_16_cpy iter 17: 6.243 ms
Run time division_by_zero_vectorized_static_veclen_16_cpy iter 18: 7.477 ms
Run time division_by_zero_vectorized_static_veclen_16_cpy iter 19: 6.205 ms
[can_be_applied] to if_197 is True
[can_be_applied] to if_197 is True
Changing __out = (__in1 / __in2) to have +1.7800590868057611e-307 to avoid NaN/inf floating-point exception in division!
Run time division_by_zero_vectorized_static_veclen_32_no_cpy iter 0: 9.078 ms
Run time division_by_zero_vectorized_static_veclen_32_no_cpy iter 1: 6.693 ms
Run time division_by_zero_vectorized_static_veclen_32_no_cpy iter 2: 9.791 ms
Run time division_by_zero_vectorized_static_veclen_32_no_cpy iter 3: 8.790 ms
Run time division_by_zero_vectorized_static_veclen_32_no_cpy iter 4: 6.438 ms
Run time division_by_zero_vectorized_static_veclen_32_no_cpy iter 5: 5.851 ms
Run time division_by_zero_vectorized_static_veclen_32_no_cpy iter 6: 5.975 ms
Run time division_by_zero_vectorized_static_veclen_32_no_cpy iter 7: 6.213 ms
Run time division_by_zero_vectorized_static_veclen_32_no_cpy iter 8: 8.465 ms
Run time division_by_zero_vectorized_static_veclen_32_no_cpy iter 9: 6.879 ms
Run time division_by_zero_vectorized_static_veclen_32_no_cpy iter 10: 7.844 ms
Run time division_by_zero_vectorized_static_veclen_32_no_cpy iter 11: 8.652 ms
Run time division_by_zero_vectorized_static_veclen_32_no_cpy iter 12: 7.385 ms
Run time division_by_zero_vectorized_static_veclen_32_no_cpy iter 13: 7.939 ms
Run time division_by_zero_vectorized_static_veclen_32_no_cpy iter 14: 8.096 ms
Run time division_by_zero_vectorized_static_veclen_32_no_cpy iter 15: 5.925 ms
Run time division_by_zero_vectorized_static_veclen_32_no_cpy iter 16: 7.440 ms
Run time division_by_zero_vectorized_static_veclen_32_no_cpy iter 17: 8.472 ms
Run time division_by_zero_vectorized_static_veclen_32_no_cpy iter 18: 7.929 ms
Run time division_by_zero_vectorized_static_veclen_32_no_cpy iter 19: 6.434 ms
[can_be_applied] to if_197 is True
[can_be_applied] to if_197 is True
Changing __out = (__in1 / __in2) to have +1.7800590868057611e-307 to avoid NaN/inf floating-point exception in division!
Run time division_by_zero_vectorized_static_veclen_32_cpy iter 0: 6.260 ms
Run time division_by_zero_vectorized_static_veclen_32_cpy iter 1: 6.312 ms
Run time division_by_zero_vectorized_static_veclen_32_cpy iter 2: 6.145 ms
Run time division_by_zero_vectorized_static_veclen_32_cpy iter 3: 6.211 ms
Run time division_by_zero_vectorized_static_veclen_32_cpy iter 4: 6.315 ms
Run time division_by_zero_vectorized_static_veclen_32_cpy iter 5: 6.277 ms
Run time division_by_zero_vectorized_static_veclen_32_cpy iter 6: 6.254 ms
Run time division_by_zero_vectorized_static_veclen_32_cpy iter 7: 7.049 ms
Run time division_by_zero_vectorized_static_veclen_32_cpy iter 8: 6.746 ms
Run time division_by_zero_vectorized_static_veclen_32_cpy iter 9: 6.310 ms
Run time division_by_zero_vectorized_static_veclen_32_cpy iter 10: 6.338 ms
Run time division_by_zero_vectorized_static_veclen_32_cpy iter 11: 6.495 ms
Run time division_by_zero_vectorized_static_veclen_32_cpy iter 12: 6.228 ms
Run time division_by_zero_vectorized_static_veclen_32_cpy iter 13: 6.300 ms
Run time division_by_zero_vectorized_static_veclen_32_cpy iter 14: 6.280 ms
Run time division_by_zero_vectorized_static_veclen_32_cpy iter 15: 6.482 ms
Run time division_by_zero_vectorized_static_veclen_32_cpy iter 16: 6.193 ms
Run time division_by_zero_vectorized_static_veclen_32_cpy iter 17: 6.668 ms
Run time division_by_zero_vectorized_static_veclen_32_cpy iter 18: 6.144 ms
Run time division_by_zero_vectorized_static_veclen_32_cpy iter 19: 10.517 ms
[can_be_applied] to if_197 is True
[can_be_applied] to if_197 is True
Changing __out = (__in1 / __in2) to have +1.7800590868057611e-307 to avoid NaN/inf floating-point exception in division!
Run time division_by_zero_vectorized_static_veclen_64_no_cpy iter 0: 8.806 ms
Run time division_by_zero_vectorized_static_veclen_64_no_cpy iter 1: 8.418 ms
Run time division_by_zero_vectorized_static_veclen_64_no_cpy iter 2: 8.399 ms
Run time division_by_zero_vectorized_static_veclen_64_no_cpy iter 3: 8.539 ms
Run time division_by_zero_vectorized_static_veclen_64_no_cpy iter 4: 8.763 ms
Run time division_by_zero_vectorized_static_veclen_64_no_cpy iter 5: 8.389 ms
Run time division_by_zero_vectorized_static_veclen_64_no_cpy iter 6: 8.361 ms
Run time division_by_zero_vectorized_static_veclen_64_no_cpy iter 7: 8.722 ms
Run time division_by_zero_vectorized_static_veclen_64_no_cpy iter 8: 8.388 ms
Run time division_by_zero_vectorized_static_veclen_64_no_cpy iter 9: 8.427 ms
Run time division_by_zero_vectorized_static_veclen_64_no_cpy iter 10: 8.425 ms
Run time division_by_zero_vectorized_static_veclen_64_no_cpy iter 11: 8.336 ms
Run time division_by_zero_vectorized_static_veclen_64_no_cpy iter 12: 8.310 ms
Run time division_by_zero_vectorized_static_veclen_64_no_cpy iter 13: 9.170 ms
Run time division_by_zero_vectorized_static_veclen_64_no_cpy iter 14: 8.393 ms
Run time division_by_zero_vectorized_static_veclen_64_no_cpy iter 15: 8.312 ms
Run time division_by_zero_vectorized_static_veclen_64_no_cpy iter 16: 8.707 ms
Run time division_by_zero_vectorized_static_veclen_64_no_cpy iter 17: 8.687 ms
Run time division_by_zero_vectorized_static_veclen_64_no_cpy iter 18: 8.831 ms
Run time division_by_zero_vectorized_static_veclen_64_no_cpy iter 19: 8.127 ms
[can_be_applied] to if_197 is True
[can_be_applied] to if_197 is True
Changing __out = (__in1 / __in2) to have +1.7800590868057611e-307 to avoid NaN/inf floating-point exception in division!
Run time division_by_zero_vectorized_static_veclen_64_cpy iter 0: 8.369 ms
Run time division_by_zero_vectorized_static_veclen_64_cpy iter 1: 8.383 ms
Run time division_by_zero_vectorized_static_veclen_64_cpy iter 2: 8.280 ms
Run time division_by_zero_vectorized_static_veclen_64_cpy iter 3: 8.287 ms
Run time division_by_zero_vectorized_static_veclen_64_cpy iter 4: 8.257 ms
Run time division_by_zero_vectorized_static_veclen_64_cpy iter 5: 8.641 ms
Run time division_by_zero_vectorized_static_veclen_64_cpy iter 6: 8.406 ms
Run time division_by_zero_vectorized_static_veclen_64_cpy iter 7: 8.461 ms
Run time division_by_zero_vectorized_static_veclen_64_cpy iter 8: 8.410 ms
Run time division_by_zero_vectorized_static_veclen_64_cpy iter 9: 8.670 ms
Run time division_by_zero_vectorized_static_veclen_64_cpy iter 10: 8.467 ms
Run time division_by_zero_vectorized_static_veclen_64_cpy iter 11: 8.374 ms
Run time division_by_zero_vectorized_static_veclen_64_cpy iter 12: 8.728 ms
Run time division_by_zero_vectorized_static_veclen_64_cpy iter 13: 8.478 ms
Run time division_by_zero_vectorized_static_veclen_64_cpy iter 14: 8.142 ms
Run time division_by_zero_vectorized_static_veclen_64_cpy iter 15: 8.463 ms
Run time division_by_zero_vectorized_static_veclen_64_cpy iter 16: 8.463 ms
Run time division_by_zero_vectorized_static_veclen_64_cpy iter 17: 8.348 ms
Run time division_by_zero_vectorized_static_veclen_64_cpy iter 18: 8.632 ms
Run time division_by_zero_vectorized_static_veclen_64_cpy iter 19: 8.348 ms
Run time division_by_zero iter 0: 13.334 ms
Run time division_by_zero iter 1: 13.357 ms
Run time division_by_zero iter 2: 13.359 ms
Run time division_by_zero iter 3: 13.340 ms
Run time division_by_zero iter 4: 13.255 ms
Run time division_by_zero iter 5: 13.322 ms
Run time division_by_zero iter 6: 13.344 ms
Run time division_by_zero iter 7: 13.234 ms
Run time division_by_zero iter 8: 13.418 ms
Run time division_by_zero iter 9: 13.368 ms
Run time division_by_zero iter 10: 13.312 ms
Run time division_by_zero iter 11: 13.249 ms
Run time division_by_zero iter 12: 13.454 ms
Run time division_by_zero iter 13: 13.412 ms
Run time division_by_zero iter 14: 13.521 ms
Run time division_by_zero iter 15: 13.362 ms
Run time division_by_zero iter 16: 13.379 ms
Run time division_by_zero iter 17: 13.462 ms
Run time division_by_zero iter 18: 13.484 ms
Run time division_by_zero iter 19: 13.353 ms
[can_be_applied] to if_197 is True
[can_be_applied] to if_197 is True
Changing __out = (__in1 / __in2) to have +1.7800590868057611e-307 to avoid NaN/inf floating-point exception in division!
Run time division_by_zero_vectorized_static_veclen_8_no_cpy iter 0: 15.267 ms
Run time division_by_zero_vectorized_static_veclen_8_no_cpy iter 1: 15.183 ms
Run time division_by_zero_vectorized_static_veclen_8_no_cpy iter 2: 15.719 ms
Run time division_by_zero_vectorized_static_veclen_8_no_cpy iter 3: 15.667 ms
Run time division_by_zero_vectorized_static_veclen_8_no_cpy iter 4: 15.288 ms
Run time division_by_zero_vectorized_static_veclen_8_no_cpy iter 5: 15.375 ms
Run time division_by_zero_vectorized_static_veclen_8_no_cpy iter 6: 15.332 ms
Run time division_by_zero_vectorized_static_veclen_8_no_cpy iter 7: 15.553 ms
Run time division_by_zero_vectorized_static_veclen_8_no_cpy iter 8: 15.807 ms
Run time division_by_zero_vectorized_static_veclen_8_no_cpy iter 9: 15.376 ms
Run time division_by_zero_vectorized_static_veclen_8_no_cpy iter 10: 15.499 ms
Run time division_by_zero_vectorized_static_veclen_8_no_cpy iter 11: 15.737 ms
Run time division_by_zero_vectorized_static_veclen_8_no_cpy iter 12: 15.405 ms
Run time division_by_zero_vectorized_static_veclen_8_no_cpy iter 13: 15.477 ms
Run time division_by_zero_vectorized_static_veclen_8_no_cpy iter 14: 15.727 ms
Run time division_by_zero_vectorized_static_veclen_8_no_cpy iter 15: 15.170 ms
Run time division_by_zero_vectorized_static_veclen_8_no_cpy iter 16: 15.173 ms
Run time division_by_zero_vectorized_static_veclen_8_no_cpy iter 17: 15.389 ms
Run time division_by_zero_vectorized_static_veclen_8_no_cpy iter 18: 15.286 ms
Run time division_by_zero_vectorized_static_veclen_8_no_cpy iter 19: 15.389 ms
[can_be_applied] to if_197 is True
[can_be_applied] to if_197 is True
Changing __out = (__in1 / __in2) to have +1.7800590868057611e-307 to avoid NaN/inf floating-point exception in division!
Run time division_by_zero_vectorized_static_veclen_8_cpy iter 0: 14.234 ms
Run time division_by_zero_vectorized_static_veclen_8_cpy iter 1: 14.122 ms
Run time division_by_zero_vectorized_static_veclen_8_cpy iter 2: 13.395 ms
Run time division_by_zero_vectorized_static_veclen_8_cpy iter 3: 13.256 ms
Run time division_by_zero_vectorized_static_veclen_8_cpy iter 4: 13.342 ms
Run time division_by_zero_vectorized_static_veclen_8_cpy iter 5: 13.316 ms
Run time division_by_zero_vectorized_static_veclen_8_cpy iter 6: 13.276 ms
Run time division_by_zero_vectorized_static_veclen_8_cpy iter 7: 13.373 ms
Run time division_by_zero_vectorized_static_veclen_8_cpy iter 8: 13.297 ms
Run time division_by_zero_vectorized_static_veclen_8_cpy iter 9: 13.369 ms
Run time division_by_zero_vectorized_static_veclen_8_cpy iter 10: 13.254 ms
Run time division_by_zero_vectorized_static_veclen_8_cpy iter 11: 13.309 ms
Run time division_by_zero_vectorized_static_veclen_8_cpy iter 12: 13.290 ms
Run time division_by_zero_vectorized_static_veclen_8_cpy iter 13: 13.342 ms
Run time division_by_zero_vectorized_static_veclen_8_cpy iter 14: 13.218 ms
Run time division_by_zero_vectorized_static_veclen_8_cpy iter 15: 14.009 ms
Run time division_by_zero_vectorized_static_veclen_8_cpy iter 16: 13.342 ms
Run time division_by_zero_vectorized_static_veclen_8_cpy iter 17: 13.227 ms
Run time division_by_zero_vectorized_static_veclen_8_cpy iter 18: 13.186 ms
Run time division_by_zero_vectorized_static_veclen_8_cpy iter 19: 13.349 ms
[can_be_applied] to if_197 is True
[can_be_applied] to if_197 is True
Changing __out = (__in1 / __in2) to have +1.7800590868057611e-307 to avoid NaN/inf floating-point exception in division!
Run time division_by_zero_vectorized_static_veclen_16_no_cpy iter 0: 13.844 ms
Run time division_by_zero_vectorized_static_veclen_16_no_cpy iter 1: 13.878 ms
Run time division_by_zero_vectorized_static_veclen_16_no_cpy iter 2: 13.953 ms
Run time division_by_zero_vectorized_static_veclen_16_no_cpy iter 3: 14.573 ms
Run time division_by_zero_vectorized_static_veclen_16_no_cpy iter 4: 14.143 ms
Run time division_by_zero_vectorized_static_veclen_16_no_cpy iter 5: 13.706 ms
Run time division_by_zero_vectorized_static_veclen_16_no_cpy iter 6: 13.703 ms
Run time division_by_zero_vectorized_static_veclen_16_no_cpy iter 7: 13.431 ms
Run time division_by_zero_vectorized_static_veclen_16_no_cpy iter 8: 13.505 ms
Run time division_by_zero_vectorized_static_veclen_16_no_cpy iter 9: 13.216 ms
Run time division_by_zero_vectorized_static_veclen_16_no_cpy iter 10: 13.797 ms
Run time division_by_zero_vectorized_static_veclen_16_no_cpy iter 11: 13.630 ms
Run time division_by_zero_vectorized_static_veclen_16_no_cpy iter 12: 13.590 ms
Run time division_by_zero_vectorized_static_veclen_16_no_cpy iter 13: 13.509 ms
Run time division_by_zero_vectorized_static_veclen_16_no_cpy iter 14: 13.601 ms
Run time division_by_zero_vectorized_static_veclen_16_no_cpy iter 15: 14.076 ms
Run time division_by_zero_vectorized_static_veclen_16_no_cpy iter 16: 14.114 ms
Run time division_by_zero_vectorized_static_veclen_16_no_cpy iter 17: 14.560 ms
Run time division_by_zero_vectorized_static_veclen_16_no_cpy iter 18: 14.729 ms
Run time division_by_zero_vectorized_static_veclen_16_no_cpy iter 19: 14.700 ms
[can_be_applied] to if_197 is True
[can_be_applied] to if_197 is True
Changing __out = (__in1 / __in2) to have +1.7800590868057611e-307 to avoid NaN/inf floating-point exception in division!
Run time division_by_zero_vectorized_static_veclen_16_cpy iter 0: 13.871 ms
Run time division_by_zero_vectorized_static_veclen_16_cpy iter 1: 13.593 ms
Run time division_by_zero_vectorized_static_veclen_16_cpy iter 2: 13.596 ms
Run time division_by_zero_vectorized_static_veclen_16_cpy iter 3: 13.563 ms
Run time division_by_zero_vectorized_static_veclen_16_cpy iter 4: 13.626 ms
Run time division_by_zero_vectorized_static_veclen_16_cpy iter 5: 13.429 ms
Run time division_by_zero_vectorized_static_veclen_16_cpy iter 6: 13.824 ms
Run time division_by_zero_vectorized_static_veclen_16_cpy iter 7: 13.453 ms
Run time division_by_zero_vectorized_static_veclen_16_cpy iter 8: 13.471 ms
Run time division_by_zero_vectorized_static_veclen_16_cpy iter 9: 13.641 ms
Run time division_by_zero_vectorized_static_veclen_16_cpy iter 10: 14.091 ms
Run time division_by_zero_vectorized_static_veclen_16_cpy iter 11: 13.432 ms
Run time division_by_zero_vectorized_static_veclen_16_cpy iter 12: 13.263 ms
Run time division_by_zero_vectorized_static_veclen_16_cpy iter 13: 13.351 ms
Run time division_by_zero_vectorized_static_veclen_16_cpy iter 14: 13.540 ms
Run time division_by_zero_vectorized_static_veclen_16_cpy iter 15: 13.144 ms
Run time division_by_zero_vectorized_static_veclen_16_cpy iter 16: 12.919 ms
Run time division_by_zero_vectorized_static_veclen_16_cpy iter 17: 13.555 ms
Run time division_by_zero_vectorized_static_veclen_16_cpy iter 18: 13.086 ms
Run time division_by_zero_vectorized_static_veclen_16_cpy iter 19: 13.279 ms
[can_be_applied] to if_197 is True
[can_be_applied] to if_197 is True
Changing __out = (__in1 / __in2) to have +1.7800590868057611e-307 to avoid NaN/inf floating-point exception in division!
Run time division_by_zero_vectorized_static_veclen_32_no_cpy iter 0: 17.455 ms
Run time division_by_zero_vectorized_static_veclen_32_no_cpy iter 1: 19.073 ms
Run time division_by_zero_vectorized_static_veclen_32_no_cpy iter 2: 23.120 ms
Run time division_by_zero_vectorized_static_veclen_32_no_cpy iter 3: 14.667 ms
Run time division_by_zero_vectorized_static_veclen_32_no_cpy iter 4: 21.565 ms
Run time division_by_zero_vectorized_static_veclen_32_no_cpy iter 5: 22.999 ms
Run time division_by_zero_vectorized_static_veclen_32_no_cpy iter 6: 18.490 ms
Run time division_by_zero_vectorized_static_veclen_32_no_cpy iter 7: 21.742 ms
Run time division_by_zero_vectorized_static_veclen_32_no_cpy iter 8: 17.265 ms
Run time division_by_zero_vectorized_static_veclen_32_no_cpy iter 9: 19.052 ms
Run time division_by_zero_vectorized_static_veclen_32_no_cpy iter 10: 21.791 ms
Run time division_by_zero_vectorized_static_veclen_32_no_cpy iter 11: 14.961 ms
Run time division_by_zero_vectorized_static_veclen_32_no_cpy iter 12: 18.307 ms
Run time division_by_zero_vectorized_static_veclen_32_no_cpy iter 13: 16.059 ms
Run time division_by_zero_vectorized_static_veclen_32_no_cpy iter 14: 14.255 ms
Run time division_by_zero_vectorized_static_veclen_32_no_cpy iter 15: 15.609 ms
Run time division_by_zero_vectorized_static_veclen_32_no_cpy iter 16: 13.852 ms
Run time division_by_zero_vectorized_static_veclen_32_no_cpy iter 17: 15.606 ms
Run time division_by_zero_vectorized_static_veclen_32_no_cpy iter 18: 15.833 ms
Run time division_by_zero_vectorized_static_veclen_32_no_cpy iter 19: 14.355 ms
[can_be_applied] to if_197 is True
[can_be_applied] to if_197 is True
Changing __out = (__in1 / __in2) to have +1.7800590868057611e-307 to avoid NaN/inf floating-point exception in division!
Run time division_by_zero_vectorized_static_veclen_32_cpy iter 0: 15.461 ms
Run time division_by_zero_vectorized_static_veclen_32_cpy iter 1: 17.081 ms
Run time division_by_zero_vectorized_static_veclen_32_cpy iter 2: 17.594 ms
Run time division_by_zero_vectorized_static_veclen_32_cpy iter 3: 18.911 ms
Run time division_by_zero_vectorized_static_veclen_32_cpy iter 4: 19.079 ms
Run time division_by_zero_vectorized_static_veclen_32_cpy iter 5: 19.730 ms
Run time division_by_zero_vectorized_static_veclen_32_cpy iter 6: 18.283 ms
Run time division_by_zero_vectorized_static_veclen_32_cpy iter 7: 16.582 ms
Run time division_by_zero_vectorized_static_veclen_32_cpy iter 8: 16.662 ms
Run time division_by_zero_vectorized_static_veclen_32_cpy iter 9: 14.949 ms
Run time division_by_zero_vectorized_static_veclen_32_cpy iter 10: 15.318 ms
Run time division_by_zero_vectorized_static_veclen_32_cpy iter 11: 15.255 ms
Run time division_by_zero_vectorized_static_veclen_32_cpy iter 12: 16.351 ms
Run time division_by_zero_vectorized_static_veclen_32_cpy iter 13: 17.608 ms
Run time division_by_zero_vectorized_static_veclen_32_cpy iter 14: 17.748 ms
Run time division_by_zero_vectorized_static_veclen_32_cpy iter 15: 17.197 ms
Run time division_by_zero_vectorized_static_veclen_32_cpy iter 16: 15.867 ms
Run time division_by_zero_vectorized_static_veclen_32_cpy iter 17: 16.286 ms
Run time division_by_zero_vectorized_static_veclen_32_cpy iter 18: 16.684 ms
Run time division_by_zero_vectorized_static_veclen_32_cpy iter 19: 15.528 ms
[can_be_applied] to if_197 is True
[can_be_applied] to if_197 is True
Changing __out = (__in1 / __in2) to have +1.7800590868057611e-307 to avoid NaN/inf floating-point exception in division!
Run time division_by_zero_vectorized_static_veclen_64_no_cpy iter 0: 17.072 ms
Run time division_by_zero_vectorized_static_veclen_64_no_cpy iter 1: 16.733 ms
Run time division_by_zero_vectorized_static_veclen_64_no_cpy iter 2: 16.505 ms
Run time division_by_zero_vectorized_static_veclen_64_no_cpy iter 3: 16.367 ms
Run time division_by_zero_vectorized_static_veclen_64_no_cpy iter 4: 19.616 ms
Run time division_by_zero_vectorized_static_veclen_64_no_cpy iter 5: 18.608 ms
Run time division_by_zero_vectorized_static_veclen_64_no_cpy iter 6: 18.166 ms
Run time division_by_zero_vectorized_static_veclen_64_no_cpy iter 7: 16.073 ms
Run time division_by_zero_vectorized_static_veclen_64_no_cpy iter 8: 16.034 ms
Run time division_by_zero_vectorized_static_veclen_64_no_cpy iter 9: 20.753 ms
Run time division_by_zero_vectorized_static_veclen_64_no_cpy iter 10: 21.618 ms
Run time division_by_zero_vectorized_static_veclen_64_no_cpy iter 11: 22.012 ms
Run time division_by_zero_vectorized_static_veclen_64_no_cpy iter 12: 23.171 ms
Run time division_by_zero_vectorized_static_veclen_64_no_cpy iter 13: 17.679 ms
Run time division_by_zero_vectorized_static_veclen_64_no_cpy iter 14: 17.771 ms
Run time division_by_zero_vectorized_static_veclen_64_no_cpy iter 15: 30.964 ms
Run time division_by_zero_vectorized_static_veclen_64_no_cpy iter 16: 18.677 ms
Run time division_by_zero_vectorized_static_veclen_64_no_cpy iter 17: 21.255 ms
Run time division_by_zero_vectorized_static_veclen_64_no_cpy iter 18: 27.203 ms
Run time division_by_zero_vectorized_static_veclen_64_no_cpy iter 19: 22.902 ms
[can_be_applied] to if_197 is True
[can_be_applied] to if_197 is True
Changing __out = (__in1 / __in2) to have +1.7800590868057611e-307 to avoid NaN/inf floating-point exception in division!
Run time division_by_zero_vectorized_static_veclen_64_cpy iter 0: 17.513 ms
Run time division_by_zero_vectorized_static_veclen_64_cpy iter 1: 17.142 ms
Run time division_by_zero_vectorized_static_veclen_64_cpy iter 2: 17.221 ms
Run time division_by_zero_vectorized_static_veclen_64_cpy iter 3: 17.699 ms
Run time division_by_zero_vectorized_static_veclen_64_cpy iter 4: 17.393 ms
Run time division_by_zero_vectorized_static_veclen_64_cpy iter 5: 16.513 ms
Run time division_by_zero_vectorized_static_veclen_64_cpy iter 6: 16.553 ms
Run time division_by_zero_vectorized_static_veclen_64_cpy iter 7: 17.002 ms
Run time division_by_zero_vectorized_static_veclen_64_cpy iter 8: 17.325 ms
Run time division_by_zero_vectorized_static_veclen_64_cpy iter 9: 17.911 ms
Run time division_by_zero_vectorized_static_veclen_64_cpy iter 10: 20.071 ms
Run time division_by_zero_vectorized_static_veclen_64_cpy iter 11: 20.393 ms
Run time division_by_zero_vectorized_static_veclen_64_cpy iter 12: 20.814 ms
Run time division_by_zero_vectorized_static_veclen_64_cpy iter 13: 18.694 ms
Run time division_by_zero_vectorized_static_veclen_64_cpy iter 14: 26.388 ms
Run time division_by_zero_vectorized_static_veclen_64_cpy iter 15: 42.097 ms
Run time division_by_zero_vectorized_static_veclen_64_cpy iter 16: 36.867 ms
Run time division_by_zero_vectorized_static_veclen_64_cpy iter 17: 36.078 ms
Run time division_by_zero_vectorized_static_veclen_64_cpy iter 18: 37.019 ms
Run time division_by_zero_vectorized_static_veclen_64_cpy iter 19: 32.797 ms
Run time division_by_zero iter 0: 25.522 ms
Run time division_by_zero iter 1: 25.788 ms
Run time division_by_zero iter 2: 25.185 ms
Run time division_by_zero iter 3: 25.699 ms
Run time division_by_zero iter 4: 24.859 ms
Run time division_by_zero iter 5: 25.317 ms
Run time division_by_zero iter 6: 28.424 ms
Run time division_by_zero iter 7: 38.469 ms
Run time division_by_zero iter 8: 38.913 ms
Run time division_by_zero iter 9: 44.606 ms
Run time division_by_zero iter 10: 41.118 ms
Run time division_by_zero iter 11: 39.973 ms
Run time division_by_zero iter 12: 47.102 ms
Run time division_by_zero iter 13: 47.573 ms
Run time division_by_zero iter 14: 46.236 ms
Run time division_by_zero iter 15: 27.878 ms
Run time division_by_zero iter 16: 37.857 ms
Run time division_by_zero iter 17: 39.496 ms
Run time division_by_zero iter 18: 38.752 ms
Run time division_by_zero iter 19: 23.132 ms
[can_be_applied] to if_197 is True
[can_be_applied] to if_197 is True
Changing __out = (__in1 / __in2) to have +1.7800590868057611e-307 to avoid NaN/inf floating-point exception in division!
Run time division_by_zero_vectorized_static_veclen_8_no_cpy iter 0: 29.455 ms
Run time division_by_zero_vectorized_static_veclen_8_no_cpy iter 1: 29.009 ms
Run time division_by_zero_vectorized_static_veclen_8_no_cpy iter 2: 28.915 ms
Run time division_by_zero_vectorized_static_veclen_8_no_cpy iter 3: 29.149 ms
Run time division_by_zero_vectorized_static_veclen_8_no_cpy iter 4: 28.906 ms
Run time division_by_zero_vectorized_static_veclen_8_no_cpy iter 5: 28.949 ms
Run time division_by_zero_vectorized_static_veclen_8_no_cpy iter 6: 29.383 ms
Run time division_by_zero_vectorized_static_veclen_8_no_cpy iter 7: 28.517 ms
Run time division_by_zero_vectorized_static_veclen_8_no_cpy iter 8: 29.167 ms
Run time division_by_zero_vectorized_static_veclen_8_no_cpy iter 9: 45.307 ms
Run time division_by_zero_vectorized_static_veclen_8_no_cpy iter 10: 38.341 ms
Run time division_by_zero_vectorized_static_veclen_8_no_cpy iter 11: 39.412 ms
Run time division_by_zero_vectorized_static_veclen_8_no_cpy iter 12: 40.572 ms
Run time division_by_zero_vectorized_static_veclen_8_no_cpy iter 13: 51.167 ms
Run time division_by_zero_vectorized_static_veclen_8_no_cpy iter 14: 47.780 ms
Run time division_by_zero_vectorized_static_veclen_8_no_cpy iter 15: 51.414 ms
Run time division_by_zero_vectorized_static_veclen_8_no_cpy iter 16: 49.478 ms
Run time division_by_zero_vectorized_static_veclen_8_no_cpy iter 17: 47.896 ms
Run time division_by_zero_vectorized_static_veclen_8_no_cpy iter 18: 51.776 ms
Run time division_by_zero_vectorized_static_veclen_8_no_cpy iter 19: 56.358 ms
[can_be_applied] to if_197 is True
[can_be_applied] to if_197 is True
Changing __out = (__in1 / __in2) to have +1.7800590868057611e-307 to avoid NaN/inf floating-point exception in division!
Run time division_by_zero_vectorized_static_veclen_8_cpy iter 0: 23.515 ms
Run time division_by_zero_vectorized_static_veclen_8_cpy iter 1: 25.182 ms
Run time division_by_zero_vectorized_static_veclen_8_cpy iter 2: 23.081 ms
Run time division_by_zero_vectorized_static_veclen_8_cpy iter 3: 23.187 ms
Run time division_by_zero_vectorized_static_veclen_8_cpy iter 4: 24.926 ms
Run time division_by_zero_vectorized_static_veclen_8_cpy iter 5: 23.651 ms
Run time division_by_zero_vectorized_static_veclen_8_cpy iter 6: 22.915 ms
Run time division_by_zero_vectorized_static_veclen_8_cpy iter 7: 23.065 ms
Run time division_by_zero_vectorized_static_veclen_8_cpy iter 8: 24.242 ms
Run time division_by_zero_vectorized_static_veclen_8_cpy iter 9: 34.264 ms
Run time division_by_zero_vectorized_static_veclen_8_cpy iter 10: 32.776 ms
Run time division_by_zero_vectorized_static_veclen_8_cpy iter 11: 34.011 ms
Run time division_by_zero_vectorized_static_veclen_8_cpy iter 12: 31.044 ms
Run time division_by_zero_vectorized_static_veclen_8_cpy iter 13: 29.821 ms
Run time division_by_zero_vectorized_static_veclen_8_cpy iter 14: 28.852 ms
Run time division_by_zero_vectorized_static_veclen_8_cpy iter 15: 31.529 ms
Run time division_by_zero_vectorized_static_veclen_8_cpy iter 16: 35.292 ms
Run time division_by_zero_vectorized_static_veclen_8_cpy iter 17: 38.667 ms
Run time division_by_zero_vectorized_static_veclen_8_cpy iter 18: 32.239 ms
Run time division_by_zero_vectorized_static_veclen_8_cpy iter 19: 30.549 ms
[can_be_applied] to if_197 is True
[can_be_applied] to if_197 is True
Changing __out = (__in1 / __in2) to have +1.7800590868057611e-307 to avoid NaN/inf floating-point exception in division!
Run time division_by_zero_vectorized_static_veclen_16_no_cpy iter 0: 26.931 ms
Run time division_by_zero_vectorized_static_veclen_16_no_cpy iter 1: 26.611 ms
Run time division_by_zero_vectorized_static_veclen_16_no_cpy iter 2: 27.074 ms
Run time division_by_zero_vectorized_static_veclen_16_no_cpy iter 3: 26.262 ms
Run time division_by_zero_vectorized_static_veclen_16_no_cpy iter 4: 27.218 ms
Run time division_by_zero_vectorized_static_veclen_16_no_cpy iter 5: 25.752 ms
Run time division_by_zero_vectorized_static_veclen_16_no_cpy iter 6: 26.129 ms
Run time division_by_zero_vectorized_static_veclen_16_no_cpy iter 7: 26.177 ms
Run time division_by_zero_vectorized_static_veclen_16_no_cpy iter 8: 27.156 ms
Run time division_by_zero_vectorized_static_veclen_16_no_cpy iter 9: 26.526 ms
Run time division_by_zero_vectorized_static_veclen_16_no_cpy iter 10: 26.200 ms
Run time division_by_zero_vectorized_static_veclen_16_no_cpy iter 11: 26.804 ms
Run time division_by_zero_vectorized_static_veclen_16_no_cpy iter 12: 25.854 ms
Run time division_by_zero_vectorized_static_veclen_16_no_cpy iter 13: 26.169 ms
Run time division_by_zero_vectorized_static_veclen_16_no_cpy iter 14: 26.526 ms
Run time division_by_zero_vectorized_static_veclen_16_no_cpy iter 15: 26.351 ms
Run time division_by_zero_vectorized_static_veclen_16_no_cpy iter 16: 26.589 ms
Run time division_by_zero_vectorized_static_veclen_16_no_cpy iter 17: 26.963 ms
Run time division_by_zero_vectorized_static_veclen_16_no_cpy iter 18: 27.755 ms
Run time division_by_zero_vectorized_static_veclen_16_no_cpy iter 19: 30.526 ms
[can_be_applied] to if_197 is True
[can_be_applied] to if_197 is True
Changing __out = (__in1 / __in2) to have +1.7800590868057611e-307 to avoid NaN/inf floating-point exception in division!
Run time division_by_zero_vectorized_static_veclen_16_cpy iter 0: 22.981 ms
Run time division_by_zero_vectorized_static_veclen_16_cpy iter 1: 23.121 ms
Run time division_by_zero_vectorized_static_veclen_16_cpy iter 2: 23.403 ms
Run time division_by_zero_vectorized_static_veclen_16_cpy iter 3: 22.956 ms
Run time division_by_zero_vectorized_static_veclen_16_cpy iter 4: 22.753 ms
Run time division_by_zero_vectorized_static_veclen_16_cpy iter 5: 22.904 ms
Run time division_by_zero_vectorized_static_veclen_16_cpy iter 6: 23.039 ms
Run time division_by_zero_vectorized_static_veclen_16_cpy iter 7: 23.777 ms
Run time division_by_zero_vectorized_static_veclen_16_cpy iter 8: 23.272 ms
Run time division_by_zero_vectorized_static_veclen_16_cpy iter 9: 23.770 ms
Run time division_by_zero_vectorized_static_veclen_16_cpy iter 10: 26.351 ms
Run time division_by_zero_vectorized_static_veclen_16_cpy iter 11: 24.431 ms
Run time division_by_zero_vectorized_static_veclen_16_cpy iter 12: 23.686 ms
Run time division_by_zero_vectorized_static_veclen_16_cpy iter 13: 23.552 ms
Run time division_by_zero_vectorized_static_veclen_16_cpy iter 14: 23.704 ms
Run time division_by_zero_vectorized_static_veclen_16_cpy iter 15: 25.358 ms
Run time division_by_zero_vectorized_static_veclen_16_cpy iter 16: 23.827 ms
Run time division_by_zero_vectorized_static_veclen_16_cpy iter 17: 23.508 ms
Run time division_by_zero_vectorized_static_veclen_16_cpy iter 18: 23.249 ms
Run time division_by_zero_vectorized_static_veclen_16_cpy iter 19: 24.199 ms
[can_be_applied] to if_197 is True
[can_be_applied] to if_197 is True
Changing __out = (__in1 / __in2) to have +1.7800590868057611e-307 to avoid NaN/inf floating-point exception in division!
Run time division_by_zero_vectorized_static_veclen_32_no_cpy iter 0: 32.938 ms
Run time division_by_zero_vectorized_static_veclen_32_no_cpy iter 1: 30.501 ms
Run time division_by_zero_vectorized_static_veclen_32_no_cpy iter 2: 31.025 ms
Run time division_by_zero_vectorized_static_veclen_32_no_cpy iter 3: 32.714 ms
Run time division_by_zero_vectorized_static_veclen_32_no_cpy iter 4: 33.381 ms
Run time division_by_zero_vectorized_static_veclen_32_no_cpy iter 5: 33.189 ms
Run time division_by_zero_vectorized_static_veclen_32_no_cpy iter 6: 32.770 ms
Run time division_by_zero_vectorized_static_veclen_32_no_cpy iter 7: 33.294 ms
Run time division_by_zero_vectorized_static_veclen_32_no_cpy iter 8: 38.500 ms
Run time division_by_zero_vectorized_static_veclen_32_no_cpy iter 9: 36.412 ms
Run time division_by_zero_vectorized_static_veclen_32_no_cpy iter 10: 30.368 ms
Run time division_by_zero_vectorized_static_veclen_32_no_cpy iter 11: 24.468 ms
Run time division_by_zero_vectorized_static_veclen_32_no_cpy iter 12: 23.993 ms
Run time division_by_zero_vectorized_static_veclen_32_no_cpy iter 13: 24.677 ms
Run time division_by_zero_vectorized_static_veclen_32_no_cpy iter 14: 26.145 ms
Run time division_by_zero_vectorized_static_veclen_32_no_cpy iter 15: 25.893 ms
Run time division_by_zero_vectorized_static_veclen_32_no_cpy iter 16: 26.041 ms
Run time division_by_zero_vectorized_static_veclen_32_no_cpy iter 17: 26.567 ms
Run time division_by_zero_vectorized_static_veclen_32_no_cpy iter 18: 26.202 ms
Run time division_by_zero_vectorized_static_veclen_32_no_cpy iter 19: 26.320 ms
[can_be_applied] to if_197 is True
[can_be_applied] to if_197 is True
Changing __out = (__in1 / __in2) to have +1.7800590868057611e-307 to avoid NaN/inf floating-point exception in division!
Run time division_by_zero_vectorized_static_veclen_32_cpy iter 0: 23.584 ms
Run time division_by_zero_vectorized_static_veclen_32_cpy iter 1: 24.980 ms
Run time division_by_zero_vectorized_static_veclen_32_cpy iter 2: 27.255 ms
Run time division_by_zero_vectorized_static_veclen_32_cpy iter 3: 26.522 ms
Run time division_by_zero_vectorized_static_veclen_32_cpy iter 4: 24.830 ms
Run time division_by_zero_vectorized_static_veclen_32_cpy iter 5: 24.048 ms
Run time division_by_zero_vectorized_static_veclen_32_cpy iter 6: 27.284 ms
Run time division_by_zero_vectorized_static_veclen_32_cpy iter 7: 49.272 ms
Run time division_by_zero_vectorized_static_veclen_32_cpy iter 8: 46.464 ms
Run time division_by_zero_vectorized_static_veclen_32_cpy iter 9: 40.687 ms
Run time division_by_zero_vectorized_static_veclen_32_cpy iter 10: 37.271 ms
Run time division_by_zero_vectorized_static_veclen_32_cpy iter 11: 45.348 ms
Run time division_by_zero_vectorized_static_veclen_32_cpy iter 12: 44.206 ms
Run time division_by_zero_vectorized_static_veclen_32_cpy iter 13: 41.545 ms
Run time division_by_zero_vectorized_static_veclen_32_cpy iter 14: 36.877 ms
Run time division_by_zero_vectorized_static_veclen_32_cpy iter 15: 44.627 ms
Run time division_by_zero_vectorized_static_veclen_32_cpy iter 16: 42.525 ms
Run time division_by_zero_vectorized_static_veclen_32_cpy iter 17: 36.298 ms
Run time division_by_zero_vectorized_static_veclen_32_cpy iter 18: 45.831 ms
Run time division_by_zero_vectorized_static_veclen_32_cpy iter 19: 45.131 ms
[can_be_applied] to if_197 is True
[can_be_applied] to if_197 is True
Changing __out = (__in1 / __in2) to have +1.7800590868057611e-307 to avoid NaN/inf floating-point exception in division!
Run time division_by_zero_vectorized_static_veclen_64_no_cpy iter 0: 30.399 ms
Run time division_by_zero_vectorized_static_veclen_64_no_cpy iter 1: 30.379 ms
Run time division_by_zero_vectorized_static_veclen_64_no_cpy iter 2: 30.307 ms
Run time division_by_zero_vectorized_static_veclen_64_no_cpy iter 3: 30.537 ms
Run time division_by_zero_vectorized_static_veclen_64_no_cpy iter 4: 30.574 ms
Run time division_by_zero_vectorized_static_veclen_64_no_cpy iter 5: 30.281 ms
Run time division_by_zero_vectorized_static_veclen_64_no_cpy iter 6: 31.138 ms
Run time division_by_zero_vectorized_static_veclen_64_no_cpy iter 7: 31.058 ms
Run time division_by_zero_vectorized_static_veclen_64_no_cpy iter 8: 30.521 ms
Run time division_by_zero_vectorized_static_veclen_64_no_cpy iter 9: 30.641 ms
Run time division_by_zero_vectorized_static_veclen_64_no_cpy iter 10: 30.458 ms
Run time division_by_zero_vectorized_static_veclen_64_no_cpy iter 11: 30.694 ms
Run time division_by_zero_vectorized_static_veclen_64_no_cpy iter 12: 30.849 ms
Run time division_by_zero_vectorized_static_veclen_64_no_cpy iter 13: 32.722 ms
Run time division_by_zero_vectorized_static_veclen_64_no_cpy iter 14: 32.636 ms
Run time division_by_zero_vectorized_static_veclen_64_no_cpy iter 15: 31.552 ms
Run time division_by_zero_vectorized_static_veclen_64_no_cpy iter 16: 31.394 ms
Run time division_by_zero_vectorized_static_veclen_64_no_cpy iter 17: 63.408 ms
Run time division_by_zero_vectorized_static_veclen_64_no_cpy iter 18: 65.137 ms
Run time division_by_zero_vectorized_static_veclen_64_no_cpy iter 19: 73.749 ms
[can_be_applied] to if_197 is True
[can_be_applied] to if_197 is True
Changing __out = (__in1 / __in2) to have +1.7800590868057611e-307 to avoid NaN/inf floating-point exception in division!
Run time division_by_zero_vectorized_static_veclen_64_cpy iter 0: 27.209 ms
Run time division_by_zero_vectorized_static_veclen_64_cpy iter 1: 27.910 ms
Run time division_by_zero_vectorized_static_veclen_64_cpy iter 2: 26.657 ms
Run time division_by_zero_vectorized_static_veclen_64_cpy iter 3: 26.429 ms
Run time division_by_zero_vectorized_static_veclen_64_cpy iter 4: 26.055 ms
Run time division_by_zero_vectorized_static_veclen_64_cpy iter 5: 26.055 ms
Run time division_by_zero_vectorized_static_veclen_64_cpy iter 6: 27.069 ms
Run time division_by_zero_vectorized_static_veclen_64_cpy iter 7: 28.575 ms
Run time division_by_zero_vectorized_static_veclen_64_cpy iter 8: 28.836 ms
Run time division_by_zero_vectorized_static_veclen_64_cpy iter 9: 26.742 ms
Run time division_by_zero_vectorized_static_veclen_64_cpy iter 10: 26.218 ms
Run time division_by_zero_vectorized_static_veclen_64_cpy iter 11: 56.281 ms
Run time division_by_zero_vectorized_static_veclen_64_cpy iter 12: 53.843 ms
Run time division_by_zero_vectorized_static_veclen_64_cpy iter 13: 57.859 ms
Run time division_by_zero_vectorized_static_veclen_64_cpy iter 14: 58.972 ms
Run time division_by_zero_vectorized_static_veclen_64_cpy iter 15: 57.118 ms
Run time division_by_zero_vectorized_static_veclen_64_cpy iter 16: 59.747 ms
Run time division_by_zero_vectorized_static_veclen_64_cpy iter 17: 53.040 ms
Run time division_by_zero_vectorized_static_veclen_64_cpy iter 18: 51.406 ms
Run time division_by_zero_vectorized_static_veclen_64_cpy iter 19: 55.905 ms
Saved timing results to division_by_zero_timings.csv
