Script path: 
Script dir:  
Running with EXTRA_FLAGS='', SUFFIX=''
Running with suffix: 
Running with #1 cores
Running with base flags: -fstrict-aliasing -std=c++17 -faligned-new -fPIC -Wall -Wextra -O3 -march=native -ffast-math -Wno-unused-parameter -Wno-unused-label -qopenmp
Running with env flags: 
Running with flags: -fstrict-aliasing -std=c++17 -faligned-new -fPIC -Wall -Wextra -O3 -march=native -ffast-math -Wno-unused-parameter -Wno-unused-label -qopenmp
[can_be_applied] to if_154 is True
[can_be_applied] to if_154 is True
Changing __out = (__in1 / __in2) to have +1.7800590868057611e-307 to avoid NaN/inf floating-point exception in division!
[[0. 0. 0. ... 0. 0. 0.]
 [0. 0. 0. ... 0. 0. 0.]
 [0. 0. 0. ... 0. 0. 0.]
 ...
 [0. 0. 0. ... 0. 0. 0.]
 [0. 0. 0. ... 0. 0. 0.]
 [0. 0. 0. ... 0. 0. 0.]]
[[0. 0. 0. ... 0. 0. 0.]
 [0. 0. 0. ... 0. 0. 0.]
 [0. 0. 0. ... 0. 0. 0.]
 ...
 [0. 0. 0. ... 0. 0. 0.]
 [0. 0. 0. ... 0. 0. 0.]
 [0. 0. 0. ... 0. 0. 0.]]
0.0
Instrumentation report
SDFG Hash: 1999125d76cc081ef0c37d0de0b2973309324d23a2dbff0f0a1106381acfd537
---------------------------------------------------------------------------
Element        Runtime (ms)   
               Min            Mean           Median         Max            
---------------------------------------------------------------------------
SDFG (0)                                                                   
|Thread 12426236746949035416:                                                            
|              4.696          4.696          4.696          4.696          
---------------------------------------------------------------------------

Instrumentation report
SDFG Hash: f7fb3cb4882d51cd9acb0825985f9979bb3782aa457479ba3b3eb9609dae0e86
---------------------------------------------------------------------------
Element        Runtime (ms)   
               Min            Mean           Median         Max            
---------------------------------------------------------------------------
SDFG (0)                                                                   
|Thread 12426236746949035416:                                                            
|              0.007          0.007          0.007          0.007          
---------------------------------------------------------------------------

Run time division_by_zero_dace iter 0: 8.099 ms
Run time division_by_zero_dace iter 1: 8.014 ms
Run time division_by_zero_dace iter 2: 8.055 ms
Run time division_by_zero_dace iter 3: 8.158 ms
Run time division_by_zero_dace iter 4: 7.959 ms
Run time division_by_zero_dace iter 5: 8.202 ms
Run time division_by_zero_dace iter 6: 8.222 ms
Run time division_by_zero_dace iter 7: 8.573 ms
Run time division_by_zero_dace iter 8: 8.090 ms
Run time division_by_zero_dace iter 9: 7.953 ms
Run time division_by_zero_dace iter 10: 7.911 ms
Run time division_by_zero_dace iter 11: 8.121 ms
Run time division_by_zero_dace iter 12: 8.042 ms
Run time division_by_zero_dace iter 13: 8.167 ms
Run time division_by_zero_dace iter 14: 7.979 ms
Run time division_by_zero_dace iter 15: 8.704 ms
Run time division_by_zero_dace iter 16: 7.820 ms
Run time division_by_zero_dace iter 17: 8.096 ms
Run time division_by_zero_dace iter 18: 8.148 ms
Run time division_by_zero_dace iter 19: 8.144 ms
[can_be_applied] to if_255 is True
[can_be_applied] to if_255 is True
Changing __out = (__in1 / __in2) to have +1.7800590868057611e-307 to avoid NaN/inf floating-point exception in division!
Run time division_by_zero_dace_icpx__veclen_8_no_cpy iter 0: 8.137 ms
Run time division_by_zero_dace_icpx__veclen_8_no_cpy iter 1: 8.081 ms
Run time division_by_zero_dace_icpx__veclen_8_no_cpy iter 2: 8.098 ms
Run time division_by_zero_dace_icpx__veclen_8_no_cpy iter 3: 7.993 ms
Run time division_by_zero_dace_icpx__veclen_8_no_cpy iter 4: 8.057 ms
Run time division_by_zero_dace_icpx__veclen_8_no_cpy iter 5: 7.834 ms
Run time division_by_zero_dace_icpx__veclen_8_no_cpy iter 6: 8.070 ms
Run time division_by_zero_dace_icpx__veclen_8_no_cpy iter 7: 8.043 ms
Run time division_by_zero_dace_icpx__veclen_8_no_cpy iter 8: 7.889 ms
Run time division_by_zero_dace_icpx__veclen_8_no_cpy iter 9: 7.983 ms
Run time division_by_zero_dace_icpx__veclen_8_no_cpy iter 10: 8.065 ms
Run time division_by_zero_dace_icpx__veclen_8_no_cpy iter 11: 8.392 ms
Run time division_by_zero_dace_icpx__veclen_8_no_cpy iter 12: 8.060 ms
Run time division_by_zero_dace_icpx__veclen_8_no_cpy iter 13: 8.133 ms
Run time division_by_zero_dace_icpx__veclen_8_no_cpy iter 14: 8.054 ms
Run time division_by_zero_dace_icpx__veclen_8_no_cpy iter 15: 8.141 ms
Run time division_by_zero_dace_icpx__veclen_8_no_cpy iter 16: 8.122 ms
Run time division_by_zero_dace_icpx__veclen_8_no_cpy iter 17: 8.139 ms
Run time division_by_zero_dace_icpx__veclen_8_no_cpy iter 18: 8.100 ms
Run time division_by_zero_dace_icpx__veclen_8_no_cpy iter 19: 8.127 ms
[can_be_applied] to if_255 is True
[can_be_applied] to if_255 is True
Changing __out = (__in1 / __in2) to have +1.7800590868057611e-307 to avoid NaN/inf floating-point exception in division!
Run time division_by_zero_dace_icpx__veclen_8_cpy iter 0: 9.770 ms
Run time division_by_zero_dace_icpx__veclen_8_cpy iter 1: 10.044 ms
Run time division_by_zero_dace_icpx__veclen_8_cpy iter 2: 9.980 ms
Run time division_by_zero_dace_icpx__veclen_8_cpy iter 3: 8.433 ms
Run time division_by_zero_dace_icpx__veclen_8_cpy iter 4: 8.083 ms
Run time division_by_zero_dace_icpx__veclen_8_cpy iter 5: 8.101 ms
Run time division_by_zero_dace_icpx__veclen_8_cpy iter 6: 8.003 ms
Run time division_by_zero_dace_icpx__veclen_8_cpy iter 7: 8.368 ms
Run time division_by_zero_dace_icpx__veclen_8_cpy iter 8: 7.914 ms
Run time division_by_zero_dace_icpx__veclen_8_cpy iter 9: 7.928 ms
Run time division_by_zero_dace_icpx__veclen_8_cpy iter 10: 7.817 ms
Run time division_by_zero_dace_icpx__veclen_8_cpy iter 11: 7.857 ms
Run time division_by_zero_dace_icpx__veclen_8_cpy iter 12: 7.987 ms
Run time division_by_zero_dace_icpx__veclen_8_cpy iter 13: 7.955 ms
Run time division_by_zero_dace_icpx__veclen_8_cpy iter 14: 8.116 ms
Run time division_by_zero_dace_icpx__veclen_8_cpy iter 15: 8.102 ms
Run time division_by_zero_dace_icpx__veclen_8_cpy iter 16: 8.109 ms
Run time division_by_zero_dace_icpx__veclen_8_cpy iter 17: 8.109 ms
Run time division_by_zero_dace_icpx__veclen_8_cpy iter 18: 8.117 ms
Run time division_by_zero_dace_icpx__veclen_8_cpy iter 19: 8.127 ms
[can_be_applied] to if_255 is True
[can_be_applied] to if_255 is True
Changing __out = (__in1 / __in2) to have +1.7800590868057611e-307 to avoid NaN/inf floating-point exception in division!
Run time division_by_zero_dace_icpx__veclen_16_no_cpy iter 0: 9.269 ms
Run time division_by_zero_dace_icpx__veclen_16_no_cpy iter 1: 10.305 ms
Run time division_by_zero_dace_icpx__veclen_16_no_cpy iter 2: 9.293 ms
Run time division_by_zero_dace_icpx__veclen_16_no_cpy iter 3: 8.371 ms
Run time division_by_zero_dace_icpx__veclen_16_no_cpy iter 4: 8.643 ms
Run time division_by_zero_dace_icpx__veclen_16_no_cpy iter 5: 8.135 ms
Run time division_by_zero_dace_icpx__veclen_16_no_cpy iter 6: 8.243 ms
Run time division_by_zero_dace_icpx__veclen_16_no_cpy iter 7: 7.948 ms
Run time division_by_zero_dace_icpx__veclen_16_no_cpy iter 8: 8.112 ms
Run time division_by_zero_dace_icpx__veclen_16_no_cpy iter 9: 7.983 ms
Run time division_by_zero_dace_icpx__veclen_16_no_cpy iter 10: 7.926 ms
Run time division_by_zero_dace_icpx__veclen_16_no_cpy iter 11: 8.134 ms
Run time division_by_zero_dace_icpx__veclen_16_no_cpy iter 12: 8.109 ms
Run time division_by_zero_dace_icpx__veclen_16_no_cpy iter 13: 7.967 ms
Run time division_by_zero_dace_icpx__veclen_16_no_cpy iter 14: 8.103 ms
Run time division_by_zero_dace_icpx__veclen_16_no_cpy iter 15: 8.100 ms
Run time division_by_zero_dace_icpx__veclen_16_no_cpy iter 16: 8.142 ms
Run time division_by_zero_dace_icpx__veclen_16_no_cpy iter 17: 8.148 ms
Run time division_by_zero_dace_icpx__veclen_16_no_cpy iter 18: 8.060 ms
Run time division_by_zero_dace_icpx__veclen_16_no_cpy iter 19: 8.123 ms
[can_be_applied] to if_255 is True
[can_be_applied] to if_255 is True
Changing __out = (__in1 / __in2) to have +1.7800590868057611e-307 to avoid NaN/inf floating-point exception in division!
Run time division_by_zero_dace_icpx__veclen_16_cpy iter 0: 8.049 ms
Run time division_by_zero_dace_icpx__veclen_16_cpy iter 1: 7.940 ms
Run time division_by_zero_dace_icpx__veclen_16_cpy iter 2: 8.102 ms
Run time division_by_zero_dace_icpx__veclen_16_cpy iter 3: 7.851 ms
Run time division_by_zero_dace_icpx__veclen_16_cpy iter 4: 8.112 ms
Run time division_by_zero_dace_icpx__veclen_16_cpy iter 5: 8.151 ms
Run time division_by_zero_dace_icpx__veclen_16_cpy iter 6: 8.039 ms
Run time division_by_zero_dace_icpx__veclen_16_cpy iter 7: 7.809 ms
Run time division_by_zero_dace_icpx__veclen_16_cpy iter 8: 8.101 ms
Run time division_by_zero_dace_icpx__veclen_16_cpy iter 9: 8.145 ms
Run time division_by_zero_dace_icpx__veclen_16_cpy iter 10: 8.352 ms
Run time division_by_zero_dace_icpx__veclen_16_cpy iter 11: 8.174 ms
Run time division_by_zero_dace_icpx__veclen_16_cpy iter 12: 7.882 ms
Run time division_by_zero_dace_icpx__veclen_16_cpy iter 13: 8.096 ms
Run time division_by_zero_dace_icpx__veclen_16_cpy iter 14: 8.051 ms
Run time division_by_zero_dace_icpx__veclen_16_cpy iter 15: 8.140 ms
Run time division_by_zero_dace_icpx__veclen_16_cpy iter 16: 8.109 ms
Run time division_by_zero_dace_icpx__veclen_16_cpy iter 17: 7.861 ms
Run time division_by_zero_dace_icpx__veclen_16_cpy iter 18: 8.099 ms
Run time division_by_zero_dace_icpx__veclen_16_cpy iter 19: 7.863 ms
[can_be_applied] to if_255 is True
[can_be_applied] to if_255 is True
Changing __out = (__in1 / __in2) to have +1.7800590868057611e-307 to avoid NaN/inf floating-point exception in division!
Run time division_by_zero_dace_icpx__veclen_32_no_cpy iter 0: 8.162 ms
Run time division_by_zero_dace_icpx__veclen_32_no_cpy iter 1: 8.073 ms
Run time division_by_zero_dace_icpx__veclen_32_no_cpy iter 2: 8.364 ms
Run time division_by_zero_dace_icpx__veclen_32_no_cpy iter 3: 8.174 ms
Run time division_by_zero_dace_icpx__veclen_32_no_cpy iter 4: 7.978 ms
Run time division_by_zero_dace_icpx__veclen_32_no_cpy iter 5: 8.070 ms
Run time division_by_zero_dace_icpx__veclen_32_no_cpy iter 6: 8.228 ms
Run time division_by_zero_dace_icpx__veclen_32_no_cpy iter 7: 8.485 ms
Run time division_by_zero_dace_icpx__veclen_32_no_cpy iter 8: 8.236 ms
Run time division_by_zero_dace_icpx__veclen_32_no_cpy iter 9: 8.162 ms
Run time division_by_zero_dace_icpx__veclen_32_no_cpy iter 10: 8.079 ms
Run time division_by_zero_dace_icpx__veclen_32_no_cpy iter 11: 8.338 ms
Run time division_by_zero_dace_icpx__veclen_32_no_cpy iter 12: 8.152 ms
Run time division_by_zero_dace_icpx__veclen_32_no_cpy iter 13: 9.495 ms
Run time division_by_zero_dace_icpx__veclen_32_no_cpy iter 14: 8.114 ms
Run time division_by_zero_dace_icpx__veclen_32_no_cpy iter 15: 8.239 ms
Run time division_by_zero_dace_icpx__veclen_32_no_cpy iter 16: 8.164 ms
Run time division_by_zero_dace_icpx__veclen_32_no_cpy iter 17: 8.457 ms
Run time division_by_zero_dace_icpx__veclen_32_no_cpy iter 18: 8.165 ms
Run time division_by_zero_dace_icpx__veclen_32_no_cpy iter 19: 8.177 ms
[can_be_applied] to if_255 is True
[can_be_applied] to if_255 is True
Changing __out = (__in1 / __in2) to have +1.7800590868057611e-307 to avoid NaN/inf floating-point exception in division!
Run time division_by_zero_dace_icpx__veclen_32_cpy iter 0: 10.631 ms
Run time division_by_zero_dace_icpx__veclen_32_cpy iter 1: 10.351 ms
Run time division_by_zero_dace_icpx__veclen_32_cpy iter 2: 9.696 ms
Run time division_by_zero_dace_icpx__veclen_32_cpy iter 3: 10.108 ms
Run time division_by_zero_dace_icpx__veclen_32_cpy iter 4: 10.393 ms
Run time division_by_zero_dace_icpx__veclen_32_cpy iter 5: 10.303 ms
Run time division_by_zero_dace_icpx__veclen_32_cpy iter 6: 8.313 ms
Run time division_by_zero_dace_icpx__veclen_32_cpy iter 7: 10.033 ms
Run time division_by_zero_dace_icpx__veclen_32_cpy iter 8: 10.695 ms
Run time division_by_zero_dace_icpx__veclen_32_cpy iter 9: 8.869 ms
Run time division_by_zero_dace_icpx__veclen_32_cpy iter 10: 10.597 ms
Run time division_by_zero_dace_icpx__veclen_32_cpy iter 11: 9.378 ms
Run time division_by_zero_dace_icpx__veclen_32_cpy iter 12: 10.437 ms
Run time division_by_zero_dace_icpx__veclen_32_cpy iter 13: 7.965 ms
Run time division_by_zero_dace_icpx__veclen_32_cpy iter 14: 8.177 ms
Run time division_by_zero_dace_icpx__veclen_32_cpy iter 15: 8.732 ms
Run time division_by_zero_dace_icpx__veclen_32_cpy iter 16: 10.736 ms
Run time division_by_zero_dace_icpx__veclen_32_cpy iter 17: 9.080 ms
Run time division_by_zero_dace_icpx__veclen_32_cpy iter 18: 10.706 ms
Run time division_by_zero_dace_icpx__veclen_32_cpy iter 19: 8.942 ms
[can_be_applied] to if_255 is True
[can_be_applied] to if_255 is True
Changing __out = (__in1 / __in2) to have +1.7800590868057611e-307 to avoid NaN/inf floating-point exception in division!
Run time division_by_zero_dace_icpx__veclen_64_no_cpy iter 0: 8.593 ms
Run time division_by_zero_dace_icpx__veclen_64_no_cpy iter 1: 9.533 ms
Run time division_by_zero_dace_icpx__veclen_64_no_cpy iter 2: 10.260 ms
Run time division_by_zero_dace_icpx__veclen_64_no_cpy iter 3: 10.236 ms
Run time division_by_zero_dace_icpx__veclen_64_no_cpy iter 4: 10.076 ms
Run time division_by_zero_dace_icpx__veclen_64_no_cpy iter 5: 10.470 ms
Run time division_by_zero_dace_icpx__veclen_64_no_cpy iter 6: 10.213 ms
Run time division_by_zero_dace_icpx__veclen_64_no_cpy iter 7: 10.206 ms
Run time division_by_zero_dace_icpx__veclen_64_no_cpy iter 8: 10.253 ms
Run time division_by_zero_dace_icpx__veclen_64_no_cpy iter 9: 8.369 ms
Run time division_by_zero_dace_icpx__veclen_64_no_cpy iter 10: 10.180 ms
Run time division_by_zero_dace_icpx__veclen_64_no_cpy iter 11: 9.711 ms
Run time division_by_zero_dace_icpx__veclen_64_no_cpy iter 12: 10.224 ms
Run time division_by_zero_dace_icpx__veclen_64_no_cpy iter 13: 9.730 ms
Run time division_by_zero_dace_icpx__veclen_64_no_cpy iter 14: 10.350 ms
Run time division_by_zero_dace_icpx__veclen_64_no_cpy iter 15: 10.097 ms
Run time division_by_zero_dace_icpx__veclen_64_no_cpy iter 16: 10.449 ms
Run time division_by_zero_dace_icpx__veclen_64_no_cpy iter 17: 10.281 ms
Run time division_by_zero_dace_icpx__veclen_64_no_cpy iter 18: 10.602 ms
Run time division_by_zero_dace_icpx__veclen_64_no_cpy iter 19: 10.499 ms
[can_be_applied] to if_255 is True
[can_be_applied] to if_255 is True
Changing __out = (__in1 / __in2) to have +1.7800590868057611e-307 to avoid NaN/inf floating-point exception in division!
Run time division_by_zero_dace_icpx__veclen_64_cpy iter 0: 9.592 ms
Run time division_by_zero_dace_icpx__veclen_64_cpy iter 1: 10.541 ms
Run time division_by_zero_dace_icpx__veclen_64_cpy iter 2: 10.368 ms
Run time division_by_zero_dace_icpx__veclen_64_cpy iter 3: 10.362 ms
Run time division_by_zero_dace_icpx__veclen_64_cpy iter 4: 10.176 ms
Run time division_by_zero_dace_icpx__veclen_64_cpy iter 5: 9.526 ms
Run time division_by_zero_dace_icpx__veclen_64_cpy iter 6: 9.662 ms
Run time division_by_zero_dace_icpx__veclen_64_cpy iter 7: 9.940 ms
Run time division_by_zero_dace_icpx__veclen_64_cpy iter 8: 10.221 ms
Run time division_by_zero_dace_icpx__veclen_64_cpy iter 9: 10.033 ms
Run time division_by_zero_dace_icpx__veclen_64_cpy iter 10: 9.853 ms
Run time division_by_zero_dace_icpx__veclen_64_cpy iter 11: 9.073 ms
Run time division_by_zero_dace_icpx__veclen_64_cpy iter 12: 10.538 ms
Run time division_by_zero_dace_icpx__veclen_64_cpy iter 13: 10.416 ms
Run time division_by_zero_dace_icpx__veclen_64_cpy iter 14: 10.091 ms
Run time division_by_zero_dace_icpx__veclen_64_cpy iter 15: 9.089 ms
Run time division_by_zero_dace_icpx__veclen_64_cpy iter 16: 8.886 ms
Run time division_by_zero_dace_icpx__veclen_64_cpy iter 17: 8.475 ms
Run time division_by_zero_dace_icpx__veclen_64_cpy iter 18: 10.127 ms
Run time division_by_zero_dace_icpx__veclen_64_cpy iter 19: 10.311 ms
Saved timing results to division_by_zero_timings__singlecore.csv
Run time division_by_zero_dace iter 0: 17.441 ms
Run time division_by_zero_dace iter 1: 17.580 ms
Run time division_by_zero_dace iter 2: 15.616 ms
Run time division_by_zero_dace iter 3: 15.597 ms
Run time division_by_zero_dace iter 4: 16.301 ms
Run time division_by_zero_dace iter 5: 16.168 ms
Run time division_by_zero_dace iter 6: 16.819 ms
Run time division_by_zero_dace iter 7: 16.157 ms
Run time division_by_zero_dace iter 8: 15.596 ms
Run time division_by_zero_dace iter 9: 15.145 ms
Run time division_by_zero_dace iter 10: 15.418 ms
Run time division_by_zero_dace iter 11: 15.704 ms
Run time division_by_zero_dace iter 12: 16.768 ms
Run time division_by_zero_dace iter 13: 17.201 ms
Run time division_by_zero_dace iter 14: 16.129 ms
Run time division_by_zero_dace iter 15: 15.185 ms
Run time division_by_zero_dace iter 16: 15.780 ms
Run time division_by_zero_dace iter 17: 17.098 ms
Run time division_by_zero_dace iter 18: 19.355 ms
Run time division_by_zero_dace iter 19: 19.509 ms
[can_be_applied] to if_255 is True
[can_be_applied] to if_255 is True
Changing __out = (__in1 / __in2) to have +1.7800590868057611e-307 to avoid NaN/inf floating-point exception in division!
Run time division_by_zero_dace_icpx__veclen_8_no_cpy iter 0: 15.247 ms
Run time division_by_zero_dace_icpx__veclen_8_no_cpy iter 1: 16.196 ms
Run time division_by_zero_dace_icpx__veclen_8_no_cpy iter 2: 16.684 ms
Run time division_by_zero_dace_icpx__veclen_8_no_cpy iter 3: 16.096 ms
Run time division_by_zero_dace_icpx__veclen_8_no_cpy iter 4: 15.322 ms
Run time division_by_zero_dace_icpx__veclen_8_no_cpy iter 5: 15.895 ms
Run time division_by_zero_dace_icpx__veclen_8_no_cpy iter 6: 15.960 ms
Run time division_by_zero_dace_icpx__veclen_8_no_cpy iter 7: 15.755 ms
Run time division_by_zero_dace_icpx__veclen_8_no_cpy iter 8: 15.293 ms
Run time division_by_zero_dace_icpx__veclen_8_no_cpy iter 9: 16.025 ms
Run time division_by_zero_dace_icpx__veclen_8_no_cpy iter 10: 15.317 ms
Run time division_by_zero_dace_icpx__veclen_8_no_cpy iter 11: 15.680 ms
Run time division_by_zero_dace_icpx__veclen_8_no_cpy iter 12: 15.998 ms
Run time division_by_zero_dace_icpx__veclen_8_no_cpy iter 13: 16.024 ms
Run time division_by_zero_dace_icpx__veclen_8_no_cpy iter 14: 15.297 ms
Run time division_by_zero_dace_icpx__veclen_8_no_cpy iter 15: 16.935 ms
Run time division_by_zero_dace_icpx__veclen_8_no_cpy iter 16: 16.714 ms
Run time division_by_zero_dace_icpx__veclen_8_no_cpy iter 17: 15.392 ms
Run time division_by_zero_dace_icpx__veclen_8_no_cpy iter 18: 15.653 ms
Run time division_by_zero_dace_icpx__veclen_8_no_cpy iter 19: 15.440 ms
[can_be_applied] to if_255 is True
[can_be_applied] to if_255 is True
Changing __out = (__in1 / __in2) to have +1.7800590868057611e-307 to avoid NaN/inf floating-point exception in division!
Run time division_by_zero_dace_icpx__veclen_8_cpy iter 0: 15.835 ms
Run time division_by_zero_dace_icpx__veclen_8_cpy iter 1: 15.747 ms
Run time division_by_zero_dace_icpx__veclen_8_cpy iter 2: 15.409 ms
Run time division_by_zero_dace_icpx__veclen_8_cpy iter 3: 15.226 ms
Run time division_by_zero_dace_icpx__veclen_8_cpy iter 4: 15.084 ms
Run time division_by_zero_dace_icpx__veclen_8_cpy iter 5: 15.702 ms
Run time division_by_zero_dace_icpx__veclen_8_cpy iter 6: 15.769 ms
Run time division_by_zero_dace_icpx__veclen_8_cpy iter 7: 14.994 ms
Run time division_by_zero_dace_icpx__veclen_8_cpy iter 8: 15.590 ms
Run time division_by_zero_dace_icpx__veclen_8_cpy iter 9: 15.046 ms
Run time division_by_zero_dace_icpx__veclen_8_cpy iter 10: 15.232 ms
Run time division_by_zero_dace_icpx__veclen_8_cpy iter 11: 15.404 ms
Run time division_by_zero_dace_icpx__veclen_8_cpy iter 12: 15.469 ms
Run time division_by_zero_dace_icpx__veclen_8_cpy iter 13: 15.602 ms
Run time division_by_zero_dace_icpx__veclen_8_cpy iter 14: 15.083 ms
Run time division_by_zero_dace_icpx__veclen_8_cpy iter 15: 15.051 ms
Run time division_by_zero_dace_icpx__veclen_8_cpy iter 16: 14.775 ms
Run time division_by_zero_dace_icpx__veclen_8_cpy iter 17: 14.991 ms
Run time division_by_zero_dace_icpx__veclen_8_cpy iter 18: 16.095 ms
Run time division_by_zero_dace_icpx__veclen_8_cpy iter 19: 15.063 ms
[can_be_applied] to if_255 is True
[can_be_applied] to if_255 is True
Changing __out = (__in1 / __in2) to have +1.7800590868057611e-307 to avoid NaN/inf floating-point exception in division!
Run time division_by_zero_dace_icpx__veclen_16_no_cpy iter 0: 19.996 ms
Run time division_by_zero_dace_icpx__veclen_16_no_cpy iter 1: 17.658 ms
Run time division_by_zero_dace_icpx__veclen_16_no_cpy iter 2: 18.230 ms
Run time division_by_zero_dace_icpx__veclen_16_no_cpy iter 3: 15.804 ms
Run time division_by_zero_dace_icpx__veclen_16_no_cpy iter 4: 15.595 ms
Run time division_by_zero_dace_icpx__veclen_16_no_cpy iter 5: 15.199 ms
Run time division_by_zero_dace_icpx__veclen_16_no_cpy iter 6: 15.092 ms
Run time division_by_zero_dace_icpx__veclen_16_no_cpy iter 7: 15.378 ms
Run time division_by_zero_dace_icpx__veclen_16_no_cpy iter 8: 15.032 ms
Run time division_by_zero_dace_icpx__veclen_16_no_cpy iter 9: 16.470 ms
Run time division_by_zero_dace_icpx__veclen_16_no_cpy iter 10: 14.997 ms
Run time division_by_zero_dace_icpx__veclen_16_no_cpy iter 11: 15.562 ms
Run time division_by_zero_dace_icpx__veclen_16_no_cpy iter 12: 14.959 ms
Run time division_by_zero_dace_icpx__veclen_16_no_cpy iter 13: 15.201 ms
Run time division_by_zero_dace_icpx__veclen_16_no_cpy iter 14: 15.163 ms
Run time division_by_zero_dace_icpx__veclen_16_no_cpy iter 15: 15.210 ms
Run time division_by_zero_dace_icpx__veclen_16_no_cpy iter 16: 15.324 ms
Run time division_by_zero_dace_icpx__veclen_16_no_cpy iter 17: 15.064 ms
Run time division_by_zero_dace_icpx__veclen_16_no_cpy iter 18: 15.024 ms
Run time division_by_zero_dace_icpx__veclen_16_no_cpy iter 19: 15.094 ms
[can_be_applied] to if_255 is True
[can_be_applied] to if_255 is True
Changing __out = (__in1 / __in2) to have +1.7800590868057611e-307 to avoid NaN/inf floating-point exception in division!
Run time division_by_zero_dace_icpx__veclen_16_cpy iter 0: 20.068 ms
Run time division_by_zero_dace_icpx__veclen_16_cpy iter 1: 15.320 ms
Run time division_by_zero_dace_icpx__veclen_16_cpy iter 2: 15.245 ms
Run time division_by_zero_dace_icpx__veclen_16_cpy iter 3: 15.425 ms
Run time division_by_zero_dace_icpx__veclen_16_cpy iter 4: 15.293 ms
Run time division_by_zero_dace_icpx__veclen_16_cpy iter 5: 15.322 ms
Run time division_by_zero_dace_icpx__veclen_16_cpy iter 6: 15.157 ms
Run time division_by_zero_dace_icpx__veclen_16_cpy iter 7: 15.100 ms
Run time division_by_zero_dace_icpx__veclen_16_cpy iter 8: 15.074 ms
Run time division_by_zero_dace_icpx__veclen_16_cpy iter 9: 15.516 ms
Run time division_by_zero_dace_icpx__veclen_16_cpy iter 10: 15.222 ms
Run time division_by_zero_dace_icpx__veclen_16_cpy iter 11: 15.806 ms
Run time division_by_zero_dace_icpx__veclen_16_cpy iter 12: 16.005 ms
Run time division_by_zero_dace_icpx__veclen_16_cpy iter 13: 15.680 ms
Run time division_by_zero_dace_icpx__veclen_16_cpy iter 14: 15.249 ms
Run time division_by_zero_dace_icpx__veclen_16_cpy iter 15: 15.401 ms
Run time division_by_zero_dace_icpx__veclen_16_cpy iter 16: 15.153 ms
Run time division_by_zero_dace_icpx__veclen_16_cpy iter 17: 16.369 ms
Run time division_by_zero_dace_icpx__veclen_16_cpy iter 18: 14.911 ms
Run time division_by_zero_dace_icpx__veclen_16_cpy iter 19: 15.735 ms
[can_be_applied] to if_255 is True
[can_be_applied] to if_255 is True
Changing __out = (__in1 / __in2) to have +1.7800590868057611e-307 to avoid NaN/inf floating-point exception in division!
Run time division_by_zero_dace_icpx__veclen_32_no_cpy iter 0: 15.822 ms
Run time division_by_zero_dace_icpx__veclen_32_no_cpy iter 1: 15.586 ms
Run time division_by_zero_dace_icpx__veclen_32_no_cpy iter 2: 16.252 ms
Run time division_by_zero_dace_icpx__veclen_32_no_cpy iter 3: 15.181 ms
Run time division_by_zero_dace_icpx__veclen_32_no_cpy iter 4: 15.359 ms
Run time division_by_zero_dace_icpx__veclen_32_no_cpy iter 5: 15.190 ms
Run time division_by_zero_dace_icpx__veclen_32_no_cpy iter 6: 15.704 ms
Run time division_by_zero_dace_icpx__veclen_32_no_cpy iter 7: 15.849 ms
Run time division_by_zero_dace_icpx__veclen_32_no_cpy iter 8: 15.534 ms
Run time division_by_zero_dace_icpx__veclen_32_no_cpy iter 9: 15.698 ms
Run time division_by_zero_dace_icpx__veclen_32_no_cpy iter 10: 15.608 ms
Run time division_by_zero_dace_icpx__veclen_32_no_cpy iter 11: 15.202 ms
Run time division_by_zero_dace_icpx__veclen_32_no_cpy iter 12: 15.331 ms
Run time division_by_zero_dace_icpx__veclen_32_no_cpy iter 13: 15.232 ms
Run time division_by_zero_dace_icpx__veclen_32_no_cpy iter 14: 16.645 ms
Run time division_by_zero_dace_icpx__veclen_32_no_cpy iter 15: 15.807 ms
Run time division_by_zero_dace_icpx__veclen_32_no_cpy iter 16: 15.496 ms
Run time division_by_zero_dace_icpx__veclen_32_no_cpy iter 17: 15.196 ms
Run time division_by_zero_dace_icpx__veclen_32_no_cpy iter 18: 15.475 ms
Run time division_by_zero_dace_icpx__veclen_32_no_cpy iter 19: 15.402 ms
[can_be_applied] to if_255 is True
[can_be_applied] to if_255 is True
Changing __out = (__in1 / __in2) to have +1.7800590868057611e-307 to avoid NaN/inf floating-point exception in division!
Run time division_by_zero_dace_icpx__veclen_32_cpy iter 0: 16.093 ms
Run time division_by_zero_dace_icpx__veclen_32_cpy iter 1: 15.500 ms
Run time division_by_zero_dace_icpx__veclen_32_cpy iter 2: 15.794 ms
Run time division_by_zero_dace_icpx__veclen_32_cpy iter 3: 15.616 ms
Run time division_by_zero_dace_icpx__veclen_32_cpy iter 4: 15.791 ms
Run time division_by_zero_dace_icpx__veclen_32_cpy iter 5: 15.729 ms
Run time division_by_zero_dace_icpx__veclen_32_cpy iter 6: 15.347 ms
Run time division_by_zero_dace_icpx__veclen_32_cpy iter 7: 15.498 ms
Run time division_by_zero_dace_icpx__veclen_32_cpy iter 8: 15.437 ms
Run time division_by_zero_dace_icpx__veclen_32_cpy iter 9: 15.588 ms
Run time division_by_zero_dace_icpx__veclen_32_cpy iter 10: 15.692 ms
Run time division_by_zero_dace_icpx__veclen_32_cpy iter 11: 15.687 ms
Run time division_by_zero_dace_icpx__veclen_32_cpy iter 12: 15.694 ms
Run time division_by_zero_dace_icpx__veclen_32_cpy iter 13: 15.315 ms
Run time division_by_zero_dace_icpx__veclen_32_cpy iter 14: 15.168 ms
Run time division_by_zero_dace_icpx__veclen_32_cpy iter 15: 15.735 ms
Run time division_by_zero_dace_icpx__veclen_32_cpy iter 16: 15.218 ms
Run time division_by_zero_dace_icpx__veclen_32_cpy iter 17: 15.296 ms
Run time division_by_zero_dace_icpx__veclen_32_cpy iter 18: 15.621 ms
Run time division_by_zero_dace_icpx__veclen_32_cpy iter 19: 15.591 ms
[can_be_applied] to if_255 is True
[can_be_applied] to if_255 is True
Changing __out = (__in1 / __in2) to have +1.7800590868057611e-307 to avoid NaN/inf floating-point exception in division!
Run time division_by_zero_dace_icpx__veclen_64_no_cpy iter 0: 16.227 ms
Run time division_by_zero_dace_icpx__veclen_64_no_cpy iter 1: 15.532 ms
Run time division_by_zero_dace_icpx__veclen_64_no_cpy iter 2: 15.732 ms
Run time division_by_zero_dace_icpx__veclen_64_no_cpy iter 3: 16.056 ms
Run time division_by_zero_dace_icpx__veclen_64_no_cpy iter 4: 15.318 ms
Run time division_by_zero_dace_icpx__veclen_64_no_cpy iter 5: 15.682 ms
Run time division_by_zero_dace_icpx__veclen_64_no_cpy iter 6: 15.354 ms
Run time division_by_zero_dace_icpx__veclen_64_no_cpy iter 7: 15.069 ms
Run time division_by_zero_dace_icpx__veclen_64_no_cpy iter 8: 15.806 ms
Run time division_by_zero_dace_icpx__veclen_64_no_cpy iter 9: 15.467 ms
Run time division_by_zero_dace_icpx__veclen_64_no_cpy iter 10: 15.594 ms
Run time division_by_zero_dace_icpx__veclen_64_no_cpy iter 11: 15.442 ms
Run time division_by_zero_dace_icpx__veclen_64_no_cpy iter 12: 15.799 ms
Run time division_by_zero_dace_icpx__veclen_64_no_cpy iter 13: 15.580 ms
Run time division_by_zero_dace_icpx__veclen_64_no_cpy iter 14: 15.760 ms
Run time division_by_zero_dace_icpx__veclen_64_no_cpy iter 15: 15.243 ms
Run time division_by_zero_dace_icpx__veclen_64_no_cpy iter 16: 15.319 ms
Run time division_by_zero_dace_icpx__veclen_64_no_cpy iter 17: 15.785 ms
Run time division_by_zero_dace_icpx__veclen_64_no_cpy iter 18: 15.705 ms
Run time division_by_zero_dace_icpx__veclen_64_no_cpy iter 19: 15.561 ms
[can_be_applied] to if_255 is True
[can_be_applied] to if_255 is True
Changing __out = (__in1 / __in2) to have +1.7800590868057611e-307 to avoid NaN/inf floating-point exception in division!
Run time division_by_zero_dace_icpx__veclen_64_cpy iter 0: 15.525 ms
Run time division_by_zero_dace_icpx__veclen_64_cpy iter 1: 16.015 ms
Run time division_by_zero_dace_icpx__veclen_64_cpy iter 2: 15.758 ms
Run time division_by_zero_dace_icpx__veclen_64_cpy iter 3: 15.898 ms
Run time division_by_zero_dace_icpx__veclen_64_cpy iter 4: 15.530 ms
Run time division_by_zero_dace_icpx__veclen_64_cpy iter 5: 15.452 ms
Run time division_by_zero_dace_icpx__veclen_64_cpy iter 6: 15.774 ms
Run time division_by_zero_dace_icpx__veclen_64_cpy iter 7: 15.497 ms
Run time division_by_zero_dace_icpx__veclen_64_cpy iter 8: 15.423 ms
Run time division_by_zero_dace_icpx__veclen_64_cpy iter 9: 15.991 ms
Run time division_by_zero_dace_icpx__veclen_64_cpy iter 10: 15.912 ms
Run time division_by_zero_dace_icpx__veclen_64_cpy iter 11: 15.368 ms
Run time division_by_zero_dace_icpx__veclen_64_cpy iter 12: 15.310 ms
Run time division_by_zero_dace_icpx__veclen_64_cpy iter 13: 15.365 ms
Run time division_by_zero_dace_icpx__veclen_64_cpy iter 14: 15.654 ms
Run time division_by_zero_dace_icpx__veclen_64_cpy iter 15: 15.664 ms
Run time division_by_zero_dace_icpx__veclen_64_cpy iter 16: 15.133 ms
Run time division_by_zero_dace_icpx__veclen_64_cpy iter 17: 15.571 ms
Run time division_by_zero_dace_icpx__veclen_64_cpy iter 18: 15.819 ms
Run time division_by_zero_dace_icpx__veclen_64_cpy iter 19: 15.621 ms
Saved timing results to division_by_zero_timings__singlecore.csv
Run time division_by_zero_dace iter 0: 30.456 ms
Run time division_by_zero_dace iter 1: 28.775 ms
Run time division_by_zero_dace iter 2: 28.769 ms
Run time division_by_zero_dace iter 3: 28.720 ms
Run time division_by_zero_dace iter 4: 29.191 ms
Run time division_by_zero_dace iter 5: 28.798 ms
Run time division_by_zero_dace iter 6: 28.560 ms
Run time division_by_zero_dace iter 7: 28.625 ms
Run time division_by_zero_dace iter 8: 30.121 ms
Run time division_by_zero_dace iter 9: 29.065 ms
Run time division_by_zero_dace iter 10: 28.738 ms
Run time division_by_zero_dace iter 11: 28.507 ms
Run time division_by_zero_dace iter 12: 28.411 ms
Run time division_by_zero_dace iter 13: 28.298 ms
Run time division_by_zero_dace iter 14: 29.022 ms
Run time division_by_zero_dace iter 15: 29.300 ms
Run time division_by_zero_dace iter 16: 30.940 ms
Run time division_by_zero_dace iter 17: 28.469 ms
Run time division_by_zero_dace iter 18: 28.646 ms
Run time division_by_zero_dace iter 19: 28.977 ms
[can_be_applied] to if_255 is True
[can_be_applied] to if_255 is True
Changing __out = (__in1 / __in2) to have +1.7800590868057611e-307 to avoid NaN/inf floating-point exception in division!
Run time division_by_zero_dace_icpx__veclen_8_no_cpy iter 0: 28.514 ms
Run time division_by_zero_dace_icpx__veclen_8_no_cpy iter 1: 28.918 ms
Run time division_by_zero_dace_icpx__veclen_8_no_cpy iter 2: 28.769 ms
Run time division_by_zero_dace_icpx__veclen_8_no_cpy iter 3: 28.676 ms
Run time division_by_zero_dace_icpx__veclen_8_no_cpy iter 4: 28.788 ms
Run time division_by_zero_dace_icpx__veclen_8_no_cpy iter 5: 28.520 ms
Run time division_by_zero_dace_icpx__veclen_8_no_cpy iter 6: 28.944 ms
Run time division_by_zero_dace_icpx__veclen_8_no_cpy iter 7: 28.685 ms
Run time division_by_zero_dace_icpx__veclen_8_no_cpy iter 8: 28.963 ms
Run time division_by_zero_dace_icpx__veclen_8_no_cpy iter 9: 28.706 ms
Run time division_by_zero_dace_icpx__veclen_8_no_cpy iter 10: 28.716 ms
Run time division_by_zero_dace_icpx__veclen_8_no_cpy iter 11: 28.588 ms
Run time division_by_zero_dace_icpx__veclen_8_no_cpy iter 12: 28.819 ms
Run time division_by_zero_dace_icpx__veclen_8_no_cpy iter 13: 28.820 ms
Run time division_by_zero_dace_icpx__veclen_8_no_cpy iter 14: 28.699 ms
Run time division_by_zero_dace_icpx__veclen_8_no_cpy iter 15: 28.863 ms
Run time division_by_zero_dace_icpx__veclen_8_no_cpy iter 16: 29.083 ms
Run time division_by_zero_dace_icpx__veclen_8_no_cpy iter 17: 29.015 ms
Run time division_by_zero_dace_icpx__veclen_8_no_cpy iter 18: 28.748 ms
Run time division_by_zero_dace_icpx__veclen_8_no_cpy iter 19: 28.938 ms
[can_be_applied] to if_255 is True
[can_be_applied] to if_255 is True
Changing __out = (__in1 / __in2) to have +1.7800590868057611e-307 to avoid NaN/inf floating-point exception in division!
Run time division_by_zero_dace_icpx__veclen_8_cpy iter 0: 30.061 ms
Run time division_by_zero_dace_icpx__veclen_8_cpy iter 1: 28.839 ms
Run time division_by_zero_dace_icpx__veclen_8_cpy iter 2: 28.699 ms
Run time division_by_zero_dace_icpx__veclen_8_cpy iter 3: 28.565 ms
Run time division_by_zero_dace_icpx__veclen_8_cpy iter 4: 28.571 ms
Run time division_by_zero_dace_icpx__veclen_8_cpy iter 5: 28.381 ms
Run time division_by_zero_dace_icpx__veclen_8_cpy iter 6: 28.859 ms
Run time division_by_zero_dace_icpx__veclen_8_cpy iter 7: 28.593 ms
Run time division_by_zero_dace_icpx__veclen_8_cpy iter 8: 28.693 ms
Run time division_by_zero_dace_icpx__veclen_8_cpy iter 9: 28.873 ms
Run time division_by_zero_dace_icpx__veclen_8_cpy iter 10: 29.081 ms
Run time division_by_zero_dace_icpx__veclen_8_cpy iter 11: 28.839 ms
Run time division_by_zero_dace_icpx__veclen_8_cpy iter 12: 28.916 ms
Run time division_by_zero_dace_icpx__veclen_8_cpy iter 13: 28.786 ms
Run time division_by_zero_dace_icpx__veclen_8_cpy iter 14: 28.761 ms
Run time division_by_zero_dace_icpx__veclen_8_cpy iter 15: 28.686 ms
Run time division_by_zero_dace_icpx__veclen_8_cpy iter 16: 28.569 ms
Run time division_by_zero_dace_icpx__veclen_8_cpy iter 17: 28.905 ms
Run time division_by_zero_dace_icpx__veclen_8_cpy iter 18: 29.164 ms
Run time division_by_zero_dace_icpx__veclen_8_cpy iter 19: 29.467 ms
[can_be_applied] to if_255 is True
[can_be_applied] to if_255 is True
Changing __out = (__in1 / __in2) to have +1.7800590868057611e-307 to avoid NaN/inf floating-point exception in division!
Run time division_by_zero_dace_icpx__veclen_16_no_cpy iter 0: 29.744 ms
Run time division_by_zero_dace_icpx__veclen_16_no_cpy iter 1: 29.324 ms
Run time division_by_zero_dace_icpx__veclen_16_no_cpy iter 2: 28.532 ms
Run time division_by_zero_dace_icpx__veclen_16_no_cpy iter 3: 28.944 ms
Run time division_by_zero_dace_icpx__veclen_16_no_cpy iter 4: 28.804 ms
Run time division_by_zero_dace_icpx__veclen_16_no_cpy iter 5: 28.933 ms
Run time division_by_zero_dace_icpx__veclen_16_no_cpy iter 6: 28.678 ms
Run time division_by_zero_dace_icpx__veclen_16_no_cpy iter 7: 29.224 ms
Run time division_by_zero_dace_icpx__veclen_16_no_cpy iter 8: 28.971 ms
Run time division_by_zero_dace_icpx__veclen_16_no_cpy iter 9: 28.728 ms
Run time division_by_zero_dace_icpx__veclen_16_no_cpy iter 10: 29.147 ms
Run time division_by_zero_dace_icpx__veclen_16_no_cpy iter 11: 28.533 ms
Run time division_by_zero_dace_icpx__veclen_16_no_cpy iter 12: 28.786 ms
Run time division_by_zero_dace_icpx__veclen_16_no_cpy iter 13: 29.041 ms
Run time division_by_zero_dace_icpx__veclen_16_no_cpy iter 14: 28.700 ms
Run time division_by_zero_dace_icpx__veclen_16_no_cpy iter 15: 28.883 ms
Run time division_by_zero_dace_icpx__veclen_16_no_cpy iter 16: 28.821 ms
Run time division_by_zero_dace_icpx__veclen_16_no_cpy iter 17: 29.136 ms
Run time division_by_zero_dace_icpx__veclen_16_no_cpy iter 18: 28.667 ms
Run time division_by_zero_dace_icpx__veclen_16_no_cpy iter 19: 28.790 ms
[can_be_applied] to if_255 is True
[can_be_applied] to if_255 is True
Changing __out = (__in1 / __in2) to have +1.7800590868057611e-307 to avoid NaN/inf floating-point exception in division!
Run time division_by_zero_dace_icpx__veclen_16_cpy iter 0: 29.365 ms
Run time division_by_zero_dace_icpx__veclen_16_cpy iter 1: 28.686 ms
Run time division_by_zero_dace_icpx__veclen_16_cpy iter 2: 28.746 ms
Run time division_by_zero_dace_icpx__veclen_16_cpy iter 3: 28.548 ms
Run time division_by_zero_dace_icpx__veclen_16_cpy iter 4: 28.690 ms
Run time division_by_zero_dace_icpx__veclen_16_cpy iter 5: 28.654 ms
Run time division_by_zero_dace_icpx__veclen_16_cpy iter 6: 28.886 ms
Run time division_by_zero_dace_icpx__veclen_16_cpy iter 7: 28.646 ms
Run time division_by_zero_dace_icpx__veclen_16_cpy iter 8: 28.876 ms
Run time division_by_zero_dace_icpx__veclen_16_cpy iter 9: 28.856 ms
Run time division_by_zero_dace_icpx__veclen_16_cpy iter 10: 28.713 ms
Run time division_by_zero_dace_icpx__veclen_16_cpy iter 11: 28.719 ms
Run time division_by_zero_dace_icpx__veclen_16_cpy iter 12: 28.980 ms
Run time division_by_zero_dace_icpx__veclen_16_cpy iter 13: 28.563 ms
Run time division_by_zero_dace_icpx__veclen_16_cpy iter 14: 28.901 ms
Run time division_by_zero_dace_icpx__veclen_16_cpy iter 15: 28.647 ms
Run time division_by_zero_dace_icpx__veclen_16_cpy iter 16: 28.779 ms
Run time division_by_zero_dace_icpx__veclen_16_cpy iter 17: 28.719 ms
Run time division_by_zero_dace_icpx__veclen_16_cpy iter 18: 29.203 ms
Run time division_by_zero_dace_icpx__veclen_16_cpy iter 19: 28.944 ms
[can_be_applied] to if_255 is True
[can_be_applied] to if_255 is True
Changing __out = (__in1 / __in2) to have +1.7800590868057611e-307 to avoid NaN/inf floating-point exception in division!
Run time division_by_zero_dace_icpx__veclen_32_no_cpy iter 0: 28.732 ms
Run time division_by_zero_dace_icpx__veclen_32_no_cpy iter 1: 28.778 ms
Run time division_by_zero_dace_icpx__veclen_32_no_cpy iter 2: 28.941 ms
Run time division_by_zero_dace_icpx__veclen_32_no_cpy iter 3: 29.057 ms
Run time division_by_zero_dace_icpx__veclen_32_no_cpy iter 4: 28.904 ms
Run time division_by_zero_dace_icpx__veclen_32_no_cpy iter 5: 29.007 ms
Run time division_by_zero_dace_icpx__veclen_32_no_cpy iter 6: 28.909 ms
Run time division_by_zero_dace_icpx__veclen_32_no_cpy iter 7: 29.309 ms
Run time division_by_zero_dace_icpx__veclen_32_no_cpy iter 8: 28.874 ms
Run time division_by_zero_dace_icpx__veclen_32_no_cpy iter 9: 28.793 ms
Run time division_by_zero_dace_icpx__veclen_32_no_cpy iter 10: 29.110 ms
Run time division_by_zero_dace_icpx__veclen_32_no_cpy iter 11: 29.340 ms
Run time division_by_zero_dace_icpx__veclen_32_no_cpy iter 12: 28.922 ms
Run time division_by_zero_dace_icpx__veclen_32_no_cpy iter 13: 29.398 ms
Run time division_by_zero_dace_icpx__veclen_32_no_cpy iter 14: 29.153 ms
Run time division_by_zero_dace_icpx__veclen_32_no_cpy iter 15: 28.959 ms
Run time division_by_zero_dace_icpx__veclen_32_no_cpy iter 16: 29.075 ms
Run time division_by_zero_dace_icpx__veclen_32_no_cpy iter 17: 28.896 ms
Run time division_by_zero_dace_icpx__veclen_32_no_cpy iter 18: 28.979 ms
Run time division_by_zero_dace_icpx__veclen_32_no_cpy iter 19: 28.888 ms
[can_be_applied] to if_255 is True
[can_be_applied] to if_255 is True
Changing __out = (__in1 / __in2) to have +1.7800590868057611e-307 to avoid NaN/inf floating-point exception in division!
Run time division_by_zero_dace_icpx__veclen_32_cpy iter 0: 29.064 ms
Run time division_by_zero_dace_icpx__veclen_32_cpy iter 1: 28.872 ms
Run time division_by_zero_dace_icpx__veclen_32_cpy iter 2: 28.939 ms
Run time division_by_zero_dace_icpx__veclen_32_cpy iter 3: 28.806 ms
Run time division_by_zero_dace_icpx__veclen_32_cpy iter 4: 28.894 ms
Run time division_by_zero_dace_icpx__veclen_32_cpy iter 5: 28.725 ms
Run time division_by_zero_dace_icpx__veclen_32_cpy iter 6: 28.779 ms
Run time division_by_zero_dace_icpx__veclen_32_cpy iter 7: 29.061 ms
Run time division_by_zero_dace_icpx__veclen_32_cpy iter 8: 28.951 ms
Run time division_by_zero_dace_icpx__veclen_32_cpy iter 9: 29.270 ms
Run time division_by_zero_dace_icpx__veclen_32_cpy iter 10: 28.890 ms
Run time division_by_zero_dace_icpx__veclen_32_cpy iter 11: 28.813 ms
Run time division_by_zero_dace_icpx__veclen_32_cpy iter 12: 28.952 ms
Run time division_by_zero_dace_icpx__veclen_32_cpy iter 13: 28.907 ms
Run time division_by_zero_dace_icpx__veclen_32_cpy iter 14: 29.334 ms
Run time division_by_zero_dace_icpx__veclen_32_cpy iter 15: 29.259 ms
Run time division_by_zero_dace_icpx__veclen_32_cpy iter 16: 28.991 ms
Run time division_by_zero_dace_icpx__veclen_32_cpy iter 17: 28.985 ms
Run time division_by_zero_dace_icpx__veclen_32_cpy iter 18: 28.843 ms
Run time division_by_zero_dace_icpx__veclen_32_cpy iter 19: 29.410 ms
[can_be_applied] to if_255 is True
[can_be_applied] to if_255 is True
Changing __out = (__in1 / __in2) to have +1.7800590868057611e-307 to avoid NaN/inf floating-point exception in division!
Run time division_by_zero_dace_icpx__veclen_64_no_cpy iter 0: 28.717 ms
Run time division_by_zero_dace_icpx__veclen_64_no_cpy iter 1: 28.893 ms
Run time division_by_zero_dace_icpx__veclen_64_no_cpy iter 2: 29.130 ms
Run time division_by_zero_dace_icpx__veclen_64_no_cpy iter 3: 28.923 ms
Run time division_by_zero_dace_icpx__veclen_64_no_cpy iter 4: 29.227 ms
Run time division_by_zero_dace_icpx__veclen_64_no_cpy iter 5: 29.299 ms
Run time division_by_zero_dace_icpx__veclen_64_no_cpy iter 6: 28.764 ms
Run time division_by_zero_dace_icpx__veclen_64_no_cpy iter 7: 28.858 ms
Run time division_by_zero_dace_icpx__veclen_64_no_cpy iter 8: 28.750 ms
Run time division_by_zero_dace_icpx__veclen_64_no_cpy iter 9: 29.073 ms
Run time division_by_zero_dace_icpx__veclen_64_no_cpy iter 10: 28.797 ms
Run time division_by_zero_dace_icpx__veclen_64_no_cpy iter 11: 28.578 ms
Run time division_by_zero_dace_icpx__veclen_64_no_cpy iter 12: 28.861 ms
Run time division_by_zero_dace_icpx__veclen_64_no_cpy iter 13: 28.819 ms
Run time division_by_zero_dace_icpx__veclen_64_no_cpy iter 14: 28.783 ms
Run time division_by_zero_dace_icpx__veclen_64_no_cpy iter 15: 28.707 ms
Run time division_by_zero_dace_icpx__veclen_64_no_cpy iter 16: 28.527 ms
Run time division_by_zero_dace_icpx__veclen_64_no_cpy iter 17: 28.547 ms
Run time division_by_zero_dace_icpx__veclen_64_no_cpy iter 18: 28.847 ms
Run time division_by_zero_dace_icpx__veclen_64_no_cpy iter 19: 28.730 ms
[can_be_applied] to if_255 is True
[can_be_applied] to if_255 is True
Changing __out = (__in1 / __in2) to have +1.7800590868057611e-307 to avoid NaN/inf floating-point exception in division!
Run time division_by_zero_dace_icpx__veclen_64_cpy iter 0: 28.888 ms
Run time division_by_zero_dace_icpx__veclen_64_cpy iter 1: 28.913 ms
Run time division_by_zero_dace_icpx__veclen_64_cpy iter 2: 28.851 ms
Run time division_by_zero_dace_icpx__veclen_64_cpy iter 3: 28.641 ms
Run time division_by_zero_dace_icpx__veclen_64_cpy iter 4: 28.799 ms
Run time division_by_zero_dace_icpx__veclen_64_cpy iter 5: 29.254 ms
Run time division_by_zero_dace_icpx__veclen_64_cpy iter 6: 28.812 ms
Run time division_by_zero_dace_icpx__veclen_64_cpy iter 7: 29.145 ms
Run time division_by_zero_dace_icpx__veclen_64_cpy iter 8: 29.105 ms
Run time division_by_zero_dace_icpx__veclen_64_cpy iter 9: 28.735 ms
Run time division_by_zero_dace_icpx__veclen_64_cpy iter 10: 28.710 ms
Run time division_by_zero_dace_icpx__veclen_64_cpy iter 11: 29.326 ms
Run time division_by_zero_dace_icpx__veclen_64_cpy iter 12: 29.282 ms
Run time division_by_zero_dace_icpx__veclen_64_cpy iter 13: 28.764 ms
Run time division_by_zero_dace_icpx__veclen_64_cpy iter 14: 29.114 ms
Run time division_by_zero_dace_icpx__veclen_64_cpy iter 15: 29.047 ms
Run time division_by_zero_dace_icpx__veclen_64_cpy iter 16: 28.731 ms
Run time division_by_zero_dace_icpx__veclen_64_cpy iter 17: 28.591 ms
Run time division_by_zero_dace_icpx__veclen_64_cpy iter 18: 27.923 ms
Run time division_by_zero_dace_icpx__veclen_64_cpy iter 19: 28.658 ms
Saved timing results to division_by_zero_timings__singlecore.csv
Run time division_by_zero_dace iter 0: 55.415 ms
Run time division_by_zero_dace iter 1: 55.001 ms
Run time division_by_zero_dace iter 2: 55.387 ms
Run time division_by_zero_dace iter 3: 55.542 ms
Run time division_by_zero_dace iter 4: 55.114 ms
Run time division_by_zero_dace iter 5: 55.016 ms
Run time division_by_zero_dace iter 6: 54.945 ms
Run time division_by_zero_dace iter 7: 55.462 ms
Run time division_by_zero_dace iter 8: 55.209 ms
Run time division_by_zero_dace iter 9: 55.114 ms
Run time division_by_zero_dace iter 10: 55.766 ms
Run time division_by_zero_dace iter 11: 56.367 ms
Run time division_by_zero_dace iter 12: 55.380 ms
Run time division_by_zero_dace iter 13: 55.129 ms
Run time division_by_zero_dace iter 14: 55.131 ms
Run time division_by_zero_dace iter 15: 55.386 ms
Run time division_by_zero_dace iter 16: 55.032 ms
Run time division_by_zero_dace iter 17: 55.158 ms
Run time division_by_zero_dace iter 18: 55.083 ms
Run time division_by_zero_dace iter 19: 55.275 ms
[can_be_applied] to if_255 is True
[can_be_applied] to if_255 is True
Changing __out = (__in1 / __in2) to have +1.7800590868057611e-307 to avoid NaN/inf floating-point exception in division!
Run time division_by_zero_dace_icpx__veclen_8_no_cpy iter 0: 56.124 ms
Run time division_by_zero_dace_icpx__veclen_8_no_cpy iter 1: 56.147 ms
Run time division_by_zero_dace_icpx__veclen_8_no_cpy iter 2: 55.892 ms
Run time division_by_zero_dace_icpx__veclen_8_no_cpy iter 3: 56.030 ms
Run time division_by_zero_dace_icpx__veclen_8_no_cpy iter 4: 56.399 ms
Run time division_by_zero_dace_icpx__veclen_8_no_cpy iter 5: 55.762 ms
Run time division_by_zero_dace_icpx__veclen_8_no_cpy iter 6: 56.072 ms
Run time division_by_zero_dace_icpx__veclen_8_no_cpy iter 7: 56.431 ms
Run time division_by_zero_dace_icpx__veclen_8_no_cpy iter 8: 55.560 ms
Run time division_by_zero_dace_icpx__veclen_8_no_cpy iter 9: 55.778 ms
Run time division_by_zero_dace_icpx__veclen_8_no_cpy iter 10: 55.325 ms
Run time division_by_zero_dace_icpx__veclen_8_no_cpy iter 11: 55.457 ms
Run time division_by_zero_dace_icpx__veclen_8_no_cpy iter 12: 55.176 ms
Run time division_by_zero_dace_icpx__veclen_8_no_cpy iter 13: 55.452 ms
Run time division_by_zero_dace_icpx__veclen_8_no_cpy iter 14: 55.810 ms
Run time division_by_zero_dace_icpx__veclen_8_no_cpy iter 15: 55.697 ms
Run time division_by_zero_dace_icpx__veclen_8_no_cpy iter 16: 55.850 ms
Run time division_by_zero_dace_icpx__veclen_8_no_cpy iter 17: 55.830 ms
Run time division_by_zero_dace_icpx__veclen_8_no_cpy iter 18: 55.800 ms
Run time division_by_zero_dace_icpx__veclen_8_no_cpy iter 19: 56.483 ms
[can_be_applied] to if_255 is True
[can_be_applied] to if_255 is True
Changing __out = (__in1 / __in2) to have +1.7800590868057611e-307 to avoid NaN/inf floating-point exception in division!
Run time division_by_zero_dace_icpx__veclen_8_cpy iter 0: 56.830 ms
Run time division_by_zero_dace_icpx__veclen_8_cpy iter 1: 56.501 ms
Run time division_by_zero_dace_icpx__veclen_8_cpy iter 2: 55.761 ms
Run time division_by_zero_dace_icpx__veclen_8_cpy iter 3: 55.696 ms
Run time division_by_zero_dace_icpx__veclen_8_cpy iter 4: 55.379 ms
Run time division_by_zero_dace_icpx__veclen_8_cpy iter 5: 55.599 ms
Run time division_by_zero_dace_icpx__veclen_8_cpy iter 6: 55.387 ms
Run time division_by_zero_dace_icpx__veclen_8_cpy iter 7: 55.634 ms
Run time division_by_zero_dace_icpx__veclen_8_cpy iter 8: 56.046 ms
Run time division_by_zero_dace_icpx__veclen_8_cpy iter 9: 55.720 ms
Run time division_by_zero_dace_icpx__veclen_8_cpy iter 10: 55.857 ms
Run time division_by_zero_dace_icpx__veclen_8_cpy iter 11: 55.534 ms
Run time division_by_zero_dace_icpx__veclen_8_cpy iter 12: 56.472 ms
Run time division_by_zero_dace_icpx__veclen_8_cpy iter 13: 55.788 ms
Run time division_by_zero_dace_icpx__veclen_8_cpy iter 14: 55.579 ms
Run time division_by_zero_dace_icpx__veclen_8_cpy iter 15: 56.045 ms
Run time division_by_zero_dace_icpx__veclen_8_cpy iter 16: 56.382 ms
Run time division_by_zero_dace_icpx__veclen_8_cpy iter 17: 55.874 ms
Run time division_by_zero_dace_icpx__veclen_8_cpy iter 18: 55.220 ms
Run time division_by_zero_dace_icpx__veclen_8_cpy iter 19: 55.950 ms
[can_be_applied] to if_255 is True
[can_be_applied] to if_255 is True
Changing __out = (__in1 / __in2) to have +1.7800590868057611e-307 to avoid NaN/inf floating-point exception in division!
Run time division_by_zero_dace_icpx__veclen_16_no_cpy iter 0: 56.527 ms
Run time division_by_zero_dace_icpx__veclen_16_no_cpy iter 1: 56.218 ms
Run time division_by_zero_dace_icpx__veclen_16_no_cpy iter 2: 56.123 ms
Run time division_by_zero_dace_icpx__veclen_16_no_cpy iter 3: 56.205 ms
Run time division_by_zero_dace_icpx__veclen_16_no_cpy iter 4: 55.638 ms
Run time division_by_zero_dace_icpx__veclen_16_no_cpy iter 5: 55.498 ms
Run time division_by_zero_dace_icpx__veclen_16_no_cpy iter 6: 55.178 ms
Run time division_by_zero_dace_icpx__veclen_16_no_cpy iter 7: 55.331 ms
Run time division_by_zero_dace_icpx__veclen_16_no_cpy iter 8: 55.486 ms
Run time division_by_zero_dace_icpx__veclen_16_no_cpy iter 9: 56.089 ms
Run time division_by_zero_dace_icpx__veclen_16_no_cpy iter 10: 57.381 ms
Run time division_by_zero_dace_icpx__veclen_16_no_cpy iter 11: 61.552 ms
Run time division_by_zero_dace_icpx__veclen_16_no_cpy iter 12: 55.479 ms
Run time division_by_zero_dace_icpx__veclen_16_no_cpy iter 13: 57.131 ms
Run time division_by_zero_dace_icpx__veclen_16_no_cpy iter 14: 55.820 ms
Run time division_by_zero_dace_icpx__veclen_16_no_cpy iter 15: 55.946 ms
Run time division_by_zero_dace_icpx__veclen_16_no_cpy iter 16: 56.088 ms
Run time division_by_zero_dace_icpx__veclen_16_no_cpy iter 17: 59.978 ms
Run time division_by_zero_dace_icpx__veclen_16_no_cpy iter 18: 57.316 ms
Run time division_by_zero_dace_icpx__veclen_16_no_cpy iter 19: 56.338 ms
[can_be_applied] to if_255 is True
[can_be_applied] to if_255 is True
Changing __out = (__in1 / __in2) to have +1.7800590868057611e-307 to avoid NaN/inf floating-point exception in division!
Run time division_by_zero_dace_icpx__veclen_16_cpy iter 0: 55.674 ms
Run time division_by_zero_dace_icpx__veclen_16_cpy iter 1: 56.085 ms
Run time division_by_zero_dace_icpx__veclen_16_cpy iter 2: 56.029 ms
Run time division_by_zero_dace_icpx__veclen_16_cpy iter 3: 55.930 ms
Run time division_by_zero_dace_icpx__veclen_16_cpy iter 4: 56.370 ms
Run time division_by_zero_dace_icpx__veclen_16_cpy iter 5: 55.864 ms
Run time division_by_zero_dace_icpx__veclen_16_cpy iter 6: 55.691 ms
Run time division_by_zero_dace_icpx__veclen_16_cpy iter 7: 56.314 ms
Run time division_by_zero_dace_icpx__veclen_16_cpy iter 8: 55.479 ms
Run time division_by_zero_dace_icpx__veclen_16_cpy iter 9: 55.894 ms
Run time division_by_zero_dace_icpx__veclen_16_cpy iter 10: 55.465 ms
Run time division_by_zero_dace_icpx__veclen_16_cpy iter 11: 58.668 ms
Run time division_by_zero_dace_icpx__veclen_16_cpy iter 12: 55.743 ms
Run time division_by_zero_dace_icpx__veclen_16_cpy iter 13: 56.297 ms
Run time division_by_zero_dace_icpx__veclen_16_cpy iter 14: 55.761 ms
Run time division_by_zero_dace_icpx__veclen_16_cpy iter 15: 55.866 ms
Run time division_by_zero_dace_icpx__veclen_16_cpy iter 16: 55.720 ms
Run time division_by_zero_dace_icpx__veclen_16_cpy iter 17: 55.505 ms
Run time division_by_zero_dace_icpx__veclen_16_cpy iter 18: 55.401 ms
Run time division_by_zero_dace_icpx__veclen_16_cpy iter 19: 55.830 ms
[can_be_applied] to if_255 is True
[can_be_applied] to if_255 is True
Changing __out = (__in1 / __in2) to have +1.7800590868057611e-307 to avoid NaN/inf floating-point exception in division!
Run time division_by_zero_dace_icpx__veclen_32_no_cpy iter 0: 56.017 ms
Run time division_by_zero_dace_icpx__veclen_32_no_cpy iter 1: 56.368 ms
Run time division_by_zero_dace_icpx__veclen_32_no_cpy iter 2: 56.600 ms
Run time division_by_zero_dace_icpx__veclen_32_no_cpy iter 3: 56.390 ms
Run time division_by_zero_dace_icpx__veclen_32_no_cpy iter 4: 56.805 ms
Run time division_by_zero_dace_icpx__veclen_32_no_cpy iter 5: 56.923 ms
Run time division_by_zero_dace_icpx__veclen_32_no_cpy iter 6: 56.173 ms
Run time division_by_zero_dace_icpx__veclen_32_no_cpy iter 7: 56.122 ms
Run time division_by_zero_dace_icpx__veclen_32_no_cpy iter 8: 56.335 ms
Run time division_by_zero_dace_icpx__veclen_32_no_cpy iter 9: 56.019 ms
Run time division_by_zero_dace_icpx__veclen_32_no_cpy iter 10: 56.130 ms
Run time division_by_zero_dace_icpx__veclen_32_no_cpy iter 11: 56.049 ms
Run time division_by_zero_dace_icpx__veclen_32_no_cpy iter 12: 56.270 ms
Run time division_by_zero_dace_icpx__veclen_32_no_cpy iter 13: 56.076 ms
Run time division_by_zero_dace_icpx__veclen_32_no_cpy iter 14: 58.359 ms
Run time division_by_zero_dace_icpx__veclen_32_no_cpy iter 15: 55.732 ms
Run time division_by_zero_dace_icpx__veclen_32_no_cpy iter 16: 56.146 ms
Run time division_by_zero_dace_icpx__veclen_32_no_cpy iter 17: 56.277 ms
Run time division_by_zero_dace_icpx__veclen_32_no_cpy iter 18: 57.346 ms
Run time division_by_zero_dace_icpx__veclen_32_no_cpy iter 19: 55.664 ms
[can_be_applied] to if_255 is True
[can_be_applied] to if_255 is True
Changing __out = (__in1 / __in2) to have +1.7800590868057611e-307 to avoid NaN/inf floating-point exception in division!
Run time division_by_zero_dace_icpx__veclen_32_cpy iter 0: 56.050 ms
Run time division_by_zero_dace_icpx__veclen_32_cpy iter 1: 55.991 ms
Run time division_by_zero_dace_icpx__veclen_32_cpy iter 2: 56.148 ms
Run time division_by_zero_dace_icpx__veclen_32_cpy iter 3: 55.912 ms
Run time division_by_zero_dace_icpx__veclen_32_cpy iter 4: 56.378 ms
Run time division_by_zero_dace_icpx__veclen_32_cpy iter 5: 56.187 ms
Run time division_by_zero_dace_icpx__veclen_32_cpy iter 6: 56.493 ms
Run time division_by_zero_dace_icpx__veclen_32_cpy iter 7: 56.600 ms
Run time division_by_zero_dace_icpx__veclen_32_cpy iter 8: 55.914 ms
Run time division_by_zero_dace_icpx__veclen_32_cpy iter 9: 56.069 ms
Run time division_by_zero_dace_icpx__veclen_32_cpy iter 10: 56.161 ms
Run time division_by_zero_dace_icpx__veclen_32_cpy iter 11: 56.325 ms
Run time division_by_zero_dace_icpx__veclen_32_cpy iter 12: 56.365 ms
Run time division_by_zero_dace_icpx__veclen_32_cpy iter 13: 56.256 ms
Run time division_by_zero_dace_icpx__veclen_32_cpy iter 14: 56.256 ms
Run time division_by_zero_dace_icpx__veclen_32_cpy iter 15: 56.476 ms
Run time division_by_zero_dace_icpx__veclen_32_cpy iter 16: 56.037 ms
Run time division_by_zero_dace_icpx__veclen_32_cpy iter 17: 56.675 ms
Run time division_by_zero_dace_icpx__veclen_32_cpy iter 18: 56.284 ms
Run time division_by_zero_dace_icpx__veclen_32_cpy iter 19: 56.115 ms
[can_be_applied] to if_255 is True
[can_be_applied] to if_255 is True
Changing __out = (__in1 / __in2) to have +1.7800590868057611e-307 to avoid NaN/inf floating-point exception in division!
Run time division_by_zero_dace_icpx__veclen_64_no_cpy iter 0: 55.619 ms
Run time division_by_zero_dace_icpx__veclen_64_no_cpy iter 1: 55.642 ms
Run time division_by_zero_dace_icpx__veclen_64_no_cpy iter 2: 55.515 ms
Run time division_by_zero_dace_icpx__veclen_64_no_cpy iter 3: 55.776 ms
Run time division_by_zero_dace_icpx__veclen_64_no_cpy iter 4: 55.736 ms
Run time division_by_zero_dace_icpx__veclen_64_no_cpy iter 5: 55.452 ms
Run time division_by_zero_dace_icpx__veclen_64_no_cpy iter 6: 55.547 ms
Run time division_by_zero_dace_icpx__veclen_64_no_cpy iter 7: 55.696 ms
Run time division_by_zero_dace_icpx__veclen_64_no_cpy iter 8: 55.899 ms
Run time division_by_zero_dace_icpx__veclen_64_no_cpy iter 9: 55.608 ms
Run time division_by_zero_dace_icpx__veclen_64_no_cpy iter 10: 55.462 ms
Run time division_by_zero_dace_icpx__veclen_64_no_cpy iter 11: 55.361 ms
Run time division_by_zero_dace_icpx__veclen_64_no_cpy iter 12: 55.511 ms
Run time division_by_zero_dace_icpx__veclen_64_no_cpy iter 13: 55.328 ms
Run time division_by_zero_dace_icpx__veclen_64_no_cpy iter 14: 55.303 ms
Run time division_by_zero_dace_icpx__veclen_64_no_cpy iter 15: 55.831 ms
Run time division_by_zero_dace_icpx__veclen_64_no_cpy iter 16: 56.465 ms
Run time division_by_zero_dace_icpx__veclen_64_no_cpy iter 17: 55.566 ms
Run time division_by_zero_dace_icpx__veclen_64_no_cpy iter 18: 55.789 ms
Run time division_by_zero_dace_icpx__veclen_64_no_cpy iter 19: 55.878 ms
[can_be_applied] to if_255 is True
[can_be_applied] to if_255 is True
Changing __out = (__in1 / __in2) to have +1.7800590868057611e-307 to avoid NaN/inf floating-point exception in division!
Run time division_by_zero_dace_icpx__veclen_64_cpy iter 0: 55.391 ms
Run time division_by_zero_dace_icpx__veclen_64_cpy iter 1: 55.439 ms
Run time division_by_zero_dace_icpx__veclen_64_cpy iter 2: 55.520 ms
Run time division_by_zero_dace_icpx__veclen_64_cpy iter 3: 55.796 ms
Run time division_by_zero_dace_icpx__veclen_64_cpy iter 4: 55.735 ms
Run time division_by_zero_dace_icpx__veclen_64_cpy iter 5: 60.975 ms
Run time division_by_zero_dace_icpx__veclen_64_cpy iter 6: 64.802 ms
Run time division_by_zero_dace_icpx__veclen_64_cpy iter 7: 55.897 ms
Run time division_by_zero_dace_icpx__veclen_64_cpy iter 8: 61.236 ms
Run time division_by_zero_dace_icpx__veclen_64_cpy iter 9: 62.252 ms
Run time division_by_zero_dace_icpx__veclen_64_cpy iter 10: 55.489 ms
Run time division_by_zero_dace_icpx__veclen_64_cpy iter 11: 56.169 ms
Run time division_by_zero_dace_icpx__veclen_64_cpy iter 12: 56.107 ms
Run time division_by_zero_dace_icpx__veclen_64_cpy iter 13: 55.732 ms
Run time division_by_zero_dace_icpx__veclen_64_cpy iter 14: 55.439 ms
Run time division_by_zero_dace_icpx__veclen_64_cpy iter 15: 56.040 ms
Run time division_by_zero_dace_icpx__veclen_64_cpy iter 16: 55.970 ms
Run time division_by_zero_dace_icpx__veclen_64_cpy iter 17: 55.564 ms
Run time division_by_zero_dace_icpx__veclen_64_cpy iter 18: 55.313 ms
Run time division_by_zero_dace_icpx__veclen_64_cpy iter 19: 55.455 ms
Saved timing results to division_by_zero_timings__singlecore.csv
Running with EXTRA_FLAGS='-qopt-zmm-usage=high -diag-enable=vec -qopt-report=5 -qopt-report-phase=vec -qopt-report-file=/division_by_zero_vec_report.optrpt', SUFFIX='force_width_512'
