Physical cores: 36
Run time spmv_csr iter 0: 1.576 ms
Run time spmv_csr iter 1: 1.471 ms
Run time spmv_csr iter 2: 1.575 ms
Run time spmv_csr iter 3: 1.573 ms
Run time spmv_csr iter 4: 1.560 ms
Run time spmv_csr iter 5: 1.534 ms
Run time spmv_csr iter 6: 1.647 ms
Run time spmv_csr iter 7: 1.733 ms
Run time spmv_csr iter 8: 1.723 ms
Run time spmv_csr iter 9: 1.712 ms
Run time csr_spmv_vectorized_static_veclen_8_no_cpy iter 0: 2.200 ms
Run time csr_spmv_vectorized_static_veclen_8_no_cpy iter 1: 2.400 ms
Run time csr_spmv_vectorized_static_veclen_8_no_cpy iter 2: 2.247 ms
Run time csr_spmv_vectorized_static_veclen_8_no_cpy iter 3: 2.235 ms
Run time csr_spmv_vectorized_static_veclen_8_no_cpy iter 4: 2.291 ms
Run time csr_spmv_vectorized_static_veclen_8_no_cpy iter 5: 2.354 ms
Run time csr_spmv_vectorized_static_veclen_8_no_cpy iter 6: 2.176 ms
Run time csr_spmv_vectorized_static_veclen_8_no_cpy iter 7: 2.059 ms
Run time csr_spmv_vectorized_static_veclen_8_no_cpy iter 8: 2.117 ms
Run time csr_spmv_vectorized_static_veclen_8_no_cpy iter 9: 2.129 ms
Run time csr_spmv_vectorized_static_veclen_8_cpy iter 0: 1.698 ms
Run time csr_spmv_vectorized_static_veclen_8_cpy iter 1: 1.577 ms
Run time csr_spmv_vectorized_static_veclen_8_cpy iter 2: 1.574 ms
Run time csr_spmv_vectorized_static_veclen_8_cpy iter 3: 1.987 ms
Run time csr_spmv_vectorized_static_veclen_8_cpy iter 4: 2.086 ms
Run time csr_spmv_vectorized_static_veclen_8_cpy iter 5: 2.055 ms
Run time csr_spmv_vectorized_static_veclen_8_cpy iter 6: 2.066 ms
Run time csr_spmv_vectorized_static_veclen_8_cpy iter 7: 2.063 ms
Run time csr_spmv_vectorized_static_veclen_8_cpy iter 8: 2.077 ms
Run time csr_spmv_vectorized_static_veclen_8_cpy iter 9: 2.073 ms
Run time csr_spmv_vectorized_static_veclen_16_no_cpy iter 0: 1.873 ms
Run time csr_spmv_vectorized_static_veclen_16_no_cpy iter 1: 2.675 ms
Run time csr_spmv_vectorized_static_veclen_16_no_cpy iter 2: 2.709 ms
Run time csr_spmv_vectorized_static_veclen_16_no_cpy iter 3: 2.714 ms
Run time csr_spmv_vectorized_static_veclen_16_no_cpy iter 4: 2.711 ms
Run time csr_spmv_vectorized_static_veclen_16_no_cpy iter 5: 2.704 ms
Run time csr_spmv_vectorized_static_veclen_16_no_cpy iter 6: 2.671 ms
Run time csr_spmv_vectorized_static_veclen_16_no_cpy iter 7: 2.762 ms
Run time csr_spmv_vectorized_static_veclen_16_no_cpy iter 8: 2.812 ms
Run time csr_spmv_vectorized_static_veclen_16_no_cpy iter 9: 2.791 ms
Run time csr_spmv_vectorized_static_veclen_16_cpy iter 0: 2.735 ms
Run time csr_spmv_vectorized_static_veclen_16_cpy iter 1: 2.739 ms
Run time csr_spmv_vectorized_static_veclen_16_cpy iter 2: 2.659 ms
Run time csr_spmv_vectorized_static_veclen_16_cpy iter 3: 2.533 ms
Run time csr_spmv_vectorized_static_veclen_16_cpy iter 4: 2.491 ms
Run time csr_spmv_vectorized_static_veclen_16_cpy iter 5: 2.520 ms
Run time csr_spmv_vectorized_static_veclen_16_cpy iter 6: 2.506 ms
Run time csr_spmv_vectorized_static_veclen_16_cpy iter 7: 2.484 ms
Run time csr_spmv_vectorized_static_veclen_16_cpy iter 8: 2.537 ms
Run time csr_spmv_vectorized_static_veclen_16_cpy iter 9: 2.456 ms
Run time csr_spmv_vectorized_static_veclen_32_no_cpy iter 0: 1.559 ms
Run time csr_spmv_vectorized_static_veclen_32_no_cpy iter 1: 1.324 ms
Run time csr_spmv_vectorized_static_veclen_32_no_cpy iter 2: 1.037 ms
Run time csr_spmv_vectorized_static_veclen_32_no_cpy iter 3: 0.969 ms
Run time csr_spmv_vectorized_static_veclen_32_no_cpy iter 4: 1.064 ms
Run time csr_spmv_vectorized_static_veclen_32_no_cpy iter 5: 1.053 ms
Run time csr_spmv_vectorized_static_veclen_32_no_cpy iter 6: 1.224 ms
Run time csr_spmv_vectorized_static_veclen_32_no_cpy iter 7: 1.575 ms
Run time csr_spmv_vectorized_static_veclen_32_no_cpy iter 8: 1.569 ms
Run time csr_spmv_vectorized_static_veclen_32_no_cpy iter 9: 1.576 ms
Run time csr_spmv_vectorized_static_veclen_32_cpy iter 0: 1.692 ms
Run time csr_spmv_vectorized_static_veclen_32_cpy iter 1: 1.472 ms
Run time csr_spmv_vectorized_static_veclen_32_cpy iter 2: 1.303 ms
Run time csr_spmv_vectorized_static_veclen_32_cpy iter 3: 1.500 ms
Run time csr_spmv_vectorized_static_veclen_32_cpy iter 4: 1.952 ms
Run time csr_spmv_vectorized_static_veclen_32_cpy iter 5: 2.039 ms
Run time csr_spmv_vectorized_static_veclen_32_cpy iter 6: 2.072 ms
Run time csr_spmv_vectorized_static_veclen_32_cpy iter 7: 1.853 ms
Run time csr_spmv_vectorized_static_veclen_32_cpy iter 8: 1.763 ms
Run time csr_spmv_vectorized_static_veclen_32_cpy iter 9: 2.125 ms
Saved timing results to csr_spmv_timings_1_core.csv.csv
Run time spmv_csr iter 0: 6.673 ms
Run time spmv_csr iter 1: 7.147 ms
Run time spmv_csr iter 2: 8.580 ms
Run time spmv_csr iter 3: 7.229 ms
Run time spmv_csr iter 4: 6.846 ms
Run time spmv_csr iter 5: 7.150 ms
Run time spmv_csr iter 6: 8.895 ms
Run time spmv_csr iter 7: 6.909 ms
Run time spmv_csr iter 8: 7.928 ms
Run time spmv_csr iter 9: 6.967 ms
Run time csr_spmv_vectorized_static_veclen_8_no_cpy iter 0: 6.596 ms
Run time csr_spmv_vectorized_static_veclen_8_no_cpy iter 1: 6.532 ms
Run time csr_spmv_vectorized_static_veclen_8_no_cpy iter 2: 6.479 ms
Run time csr_spmv_vectorized_static_veclen_8_no_cpy iter 3: 6.366 ms
Run time csr_spmv_vectorized_static_veclen_8_no_cpy iter 4: 6.326 ms
Run time csr_spmv_vectorized_static_veclen_8_no_cpy iter 5: 6.271 ms
Run time csr_spmv_vectorized_static_veclen_8_no_cpy iter 6: 6.622 ms
Run time csr_spmv_vectorized_static_veclen_8_no_cpy iter 7: 6.273 ms
Run time csr_spmv_vectorized_static_veclen_8_no_cpy iter 8: 6.567 ms
Run time csr_spmv_vectorized_static_veclen_8_no_cpy iter 9: 7.303 ms
Run time csr_spmv_vectorized_static_veclen_8_cpy iter 0: 6.673 ms
Run time csr_spmv_vectorized_static_veclen_8_cpy iter 1: 6.625 ms
Run time csr_spmv_vectorized_static_veclen_8_cpy iter 2: 6.596 ms
Run time csr_spmv_vectorized_static_veclen_8_cpy iter 3: 6.867 ms
Run time csr_spmv_vectorized_static_veclen_8_cpy iter 4: 6.496 ms
Run time csr_spmv_vectorized_static_veclen_8_cpy iter 5: 6.510 ms
Run time csr_spmv_vectorized_static_veclen_8_cpy iter 6: 6.459 ms
Run time csr_spmv_vectorized_static_veclen_8_cpy iter 7: 6.413 ms
Run time csr_spmv_vectorized_static_veclen_8_cpy iter 8: 6.431 ms
Run time csr_spmv_vectorized_static_veclen_8_cpy iter 9: 6.447 ms
Run time csr_spmv_vectorized_static_veclen_16_no_cpy iter 0: 8.935 ms
Run time csr_spmv_vectorized_static_veclen_16_no_cpy iter 1: 8.838 ms
Run time csr_spmv_vectorized_static_veclen_16_no_cpy iter 2: 12.826 ms
Run time csr_spmv_vectorized_static_veclen_16_no_cpy iter 3: 11.763 ms
Run time csr_spmv_vectorized_static_veclen_16_no_cpy iter 4: 9.952 ms
Run time csr_spmv_vectorized_static_veclen_16_no_cpy iter 5: 7.665 ms
Run time csr_spmv_vectorized_static_veclen_16_no_cpy iter 6: 7.228 ms
Run time csr_spmv_vectorized_static_veclen_16_no_cpy iter 7: 7.204 ms
Run time csr_spmv_vectorized_static_veclen_16_no_cpy iter 8: 7.675 ms
Run time csr_spmv_vectorized_static_veclen_16_no_cpy iter 9: 8.401 ms
Run time csr_spmv_vectorized_static_veclen_16_cpy iter 0: 7.135 ms
Run time csr_spmv_vectorized_static_veclen_16_cpy iter 1: 11.976 ms
Run time csr_spmv_vectorized_static_veclen_16_cpy iter 2: 12.045 ms
Run time csr_spmv_vectorized_static_veclen_16_cpy iter 3: 9.550 ms
Run time csr_spmv_vectorized_static_veclen_16_cpy iter 4: 10.203 ms
Run time csr_spmv_vectorized_static_veclen_16_cpy iter 5: 9.262 ms
Run time csr_spmv_vectorized_static_veclen_16_cpy iter 6: 7.671 ms
Run time csr_spmv_vectorized_static_veclen_16_cpy iter 7: 8.564 ms
Run time csr_spmv_vectorized_static_veclen_16_cpy iter 8: 7.365 ms
Run time csr_spmv_vectorized_static_veclen_16_cpy iter 9: 8.798 ms
Run time csr_spmv_vectorized_static_veclen_32_no_cpy iter 0: 6.487 ms
Run time csr_spmv_vectorized_static_veclen_32_no_cpy iter 1: 6.726 ms
Run time csr_spmv_vectorized_static_veclen_32_no_cpy iter 2: 7.709 ms
Run time csr_spmv_vectorized_static_veclen_32_no_cpy iter 3: 6.997 ms
Run time csr_spmv_vectorized_static_veclen_32_no_cpy iter 4: 6.210 ms
Run time csr_spmv_vectorized_static_veclen_32_no_cpy iter 5: 7.205 ms
Run time csr_spmv_vectorized_static_veclen_32_no_cpy iter 6: 6.427 ms
Run time csr_spmv_vectorized_static_veclen_32_no_cpy iter 7: 6.085 ms
Run time csr_spmv_vectorized_static_veclen_32_no_cpy iter 8: 6.297 ms
Run time csr_spmv_vectorized_static_veclen_32_no_cpy iter 9: 5.815 ms
Run time csr_spmv_vectorized_static_veclen_32_cpy iter 0: 6.827 ms
Run time csr_spmv_vectorized_static_veclen_32_cpy iter 1: 6.774 ms
Run time csr_spmv_vectorized_static_veclen_32_cpy iter 2: 7.008 ms
Run time csr_spmv_vectorized_static_veclen_32_cpy iter 3: 6.602 ms
Run time csr_spmv_vectorized_static_veclen_32_cpy iter 4: 6.567 ms
Run time csr_spmv_vectorized_static_veclen_32_cpy iter 5: 6.507 ms
Run time csr_spmv_vectorized_static_veclen_32_cpy iter 6: 6.473 ms
Run time csr_spmv_vectorized_static_veclen_32_cpy iter 7: 6.425 ms
Run time csr_spmv_vectorized_static_veclen_32_cpy iter 8: 6.436 ms
Run time csr_spmv_vectorized_static_veclen_32_cpy iter 9: 6.419 ms
Saved timing results to csr_spmv_timings_1_core.csv.csv
Run time spmv_csr iter 0: 27.427 ms
Run time spmv_csr iter 1: 25.601 ms
Run time spmv_csr iter 2: 25.658 ms
Run time spmv_csr iter 3: 25.759 ms
Run time spmv_csr iter 4: 25.597 ms
Run time spmv_csr iter 5: 25.599 ms
Run time spmv_csr iter 6: 25.583 ms
Run time spmv_csr iter 7: 25.290 ms
Run time spmv_csr iter 8: 25.912 ms
Run time spmv_csr iter 9: 25.462 ms
Run time csr_spmv_vectorized_static_veclen_8_no_cpy iter 0: 32.190 ms
Run time csr_spmv_vectorized_static_veclen_8_no_cpy iter 1: 27.388 ms
Run time csr_spmv_vectorized_static_veclen_8_no_cpy iter 2: 31.725 ms
Run time csr_spmv_vectorized_static_veclen_8_no_cpy iter 3: 27.103 ms
Run time csr_spmv_vectorized_static_veclen_8_no_cpy iter 4: 28.202 ms
Run time csr_spmv_vectorized_static_veclen_8_no_cpy iter 5: 26.869 ms
Run time csr_spmv_vectorized_static_veclen_8_no_cpy iter 6: 27.043 ms
Run time csr_spmv_vectorized_static_veclen_8_no_cpy iter 7: 27.507 ms
Run time csr_spmv_vectorized_static_veclen_8_no_cpy iter 8: 26.920 ms
Run time csr_spmv_vectorized_static_veclen_8_no_cpy iter 9: 27.406 ms
Run time csr_spmv_vectorized_static_veclen_8_cpy iter 0: 36.243 ms
Run time csr_spmv_vectorized_static_veclen_8_cpy iter 1: 37.170 ms
Run time csr_spmv_vectorized_static_veclen_8_cpy iter 2: 34.867 ms
Run time csr_spmv_vectorized_static_veclen_8_cpy iter 3: 36.387 ms
Run time csr_spmv_vectorized_static_veclen_8_cpy iter 4: 35.365 ms
Run time csr_spmv_vectorized_static_veclen_8_cpy iter 5: 36.122 ms
Run time csr_spmv_vectorized_static_veclen_8_cpy iter 6: 31.682 ms
Run time csr_spmv_vectorized_static_veclen_8_cpy iter 7: 36.293 ms
Run time csr_spmv_vectorized_static_veclen_8_cpy iter 8: 36.346 ms
Run time csr_spmv_vectorized_static_veclen_8_cpy iter 9: 35.987 ms
Run time csr_spmv_vectorized_static_veclen_16_no_cpy iter 0: 29.787 ms
Run time csr_spmv_vectorized_static_veclen_16_no_cpy iter 1: 31.668 ms
Run time csr_spmv_vectorized_static_veclen_16_no_cpy iter 2: 31.208 ms
Run time csr_spmv_vectorized_static_veclen_16_no_cpy iter 3: 31.454 ms
Run time csr_spmv_vectorized_static_veclen_16_no_cpy iter 4: 31.205 ms
Run time csr_spmv_vectorized_static_veclen_16_no_cpy iter 5: 31.337 ms
Run time csr_spmv_vectorized_static_veclen_16_no_cpy iter 6: 30.761 ms
Run time csr_spmv_vectorized_static_veclen_16_no_cpy iter 7: 35.343 ms
Run time csr_spmv_vectorized_static_veclen_16_no_cpy iter 8: 31.548 ms
Run time csr_spmv_vectorized_static_veclen_16_no_cpy iter 9: 31.576 ms
Run time csr_spmv_vectorized_static_veclen_16_cpy iter 0: 28.881 ms
Run time csr_spmv_vectorized_static_veclen_16_cpy iter 1: 30.808 ms
Run time csr_spmv_vectorized_static_veclen_16_cpy iter 2: 28.877 ms
Run time csr_spmv_vectorized_static_veclen_16_cpy iter 3: 28.896 ms
Run time csr_spmv_vectorized_static_veclen_16_cpy iter 4: 28.703 ms
Run time csr_spmv_vectorized_static_veclen_16_cpy iter 5: 28.832 ms
Run time csr_spmv_vectorized_static_veclen_16_cpy iter 6: 28.942 ms
Run time csr_spmv_vectorized_static_veclen_16_cpy iter 7: 29.470 ms
Run time csr_spmv_vectorized_static_veclen_16_cpy iter 8: 29.365 ms
Run time csr_spmv_vectorized_static_veclen_16_cpy iter 9: 29.035 ms
Run time csr_spmv_vectorized_static_veclen_32_no_cpy iter 0: 27.116 ms
Run time csr_spmv_vectorized_static_veclen_32_no_cpy iter 1: 26.517 ms
Run time csr_spmv_vectorized_static_veclen_32_no_cpy iter 2: 29.051 ms
Run time csr_spmv_vectorized_static_veclen_32_no_cpy iter 3: 26.833 ms
Run time csr_spmv_vectorized_static_veclen_32_no_cpy iter 4: 28.051 ms
Run time csr_spmv_vectorized_static_veclen_32_no_cpy iter 5: 30.720 ms
Run time csr_spmv_vectorized_static_veclen_32_no_cpy iter 6: 27.861 ms
Run time csr_spmv_vectorized_static_veclen_32_no_cpy iter 7: 25.822 ms
Run time csr_spmv_vectorized_static_veclen_32_no_cpy iter 8: 25.846 ms
Run time csr_spmv_vectorized_static_veclen_32_no_cpy iter 9: 25.903 ms
Run time csr_spmv_vectorized_static_veclen_32_cpy iter 0: 27.878 ms
Run time csr_spmv_vectorized_static_veclen_32_cpy iter 1: 27.769 ms
Run time csr_spmv_vectorized_static_veclen_32_cpy iter 2: 28.209 ms
Run time csr_spmv_vectorized_static_veclen_32_cpy iter 3: 27.962 ms
Run time csr_spmv_vectorized_static_veclen_32_cpy iter 4: 28.284 ms
Run time csr_spmv_vectorized_static_veclen_32_cpy iter 5: 28.707 ms
Run time csr_spmv_vectorized_static_veclen_32_cpy iter 6: 28.150 ms
Run time csr_spmv_vectorized_static_veclen_32_cpy iter 7: 28.042 ms
Run time csr_spmv_vectorized_static_veclen_32_cpy iter 8: 27.888 ms
Run time csr_spmv_vectorized_static_veclen_32_cpy iter 9: 27.739 ms
Saved timing results to csr_spmv_timings_1_core.csv.csv
Run time spmv_csr iter 0: 117.607 ms
Run time spmv_csr iter 1: 107.214 ms
Run time spmv_csr iter 2: 110.539 ms
Run time spmv_csr iter 3: 107.281 ms
Run time spmv_csr iter 4: 107.274 ms
Run time spmv_csr iter 5: 105.307 ms
Run time spmv_csr iter 6: 105.166 ms
Run time spmv_csr iter 7: 105.561 ms
Run time spmv_csr iter 8: 104.401 ms
Run time spmv_csr iter 9: 104.689 ms
Run time csr_spmv_vectorized_static_veclen_8_no_cpy iter 0: 109.063 ms
Run time csr_spmv_vectorized_static_veclen_8_no_cpy iter 1: 109.923 ms
Run time csr_spmv_vectorized_static_veclen_8_no_cpy iter 2: 110.024 ms
Run time csr_spmv_vectorized_static_veclen_8_no_cpy iter 3: 108.873 ms
Run time csr_spmv_vectorized_static_veclen_8_no_cpy iter 4: 109.163 ms
Run time csr_spmv_vectorized_static_veclen_8_no_cpy iter 5: 109.730 ms
Run time csr_spmv_vectorized_static_veclen_8_no_cpy iter 6: 108.726 ms
Run time csr_spmv_vectorized_static_veclen_8_no_cpy iter 7: 109.393 ms
Run time csr_spmv_vectorized_static_veclen_8_no_cpy iter 8: 108.997 ms
Run time csr_spmv_vectorized_static_veclen_8_no_cpy iter 9: 109.312 ms
Run time csr_spmv_vectorized_static_veclen_8_cpy iter 0: 109.296 ms
Run time csr_spmv_vectorized_static_veclen_8_cpy iter 1: 109.121 ms
Run time csr_spmv_vectorized_static_veclen_8_cpy iter 2: 111.154 ms
Run time csr_spmv_vectorized_static_veclen_8_cpy iter 3: 110.331 ms
Run time csr_spmv_vectorized_static_veclen_8_cpy iter 4: 111.050 ms
Run time csr_spmv_vectorized_static_veclen_8_cpy iter 5: 110.342 ms
Run time csr_spmv_vectorized_static_veclen_8_cpy iter 6: 110.633 ms
Run time csr_spmv_vectorized_static_veclen_8_cpy iter 7: 110.590 ms
Run time csr_spmv_vectorized_static_veclen_8_cpy iter 8: 114.863 ms
Run time csr_spmv_vectorized_static_veclen_8_cpy iter 9: 110.610 ms
Run time csr_spmv_vectorized_static_veclen_16_no_cpy iter 0: 119.734 ms
Run time csr_spmv_vectorized_static_veclen_16_no_cpy iter 1: 119.619 ms
Run time csr_spmv_vectorized_static_veclen_16_no_cpy iter 2: 125.540 ms
Run time csr_spmv_vectorized_static_veclen_16_no_cpy iter 3: 123.788 ms
Run time csr_spmv_vectorized_static_veclen_16_no_cpy iter 4: 124.282 ms
Run time csr_spmv_vectorized_static_veclen_16_no_cpy iter 5: 121.748 ms
Run time csr_spmv_vectorized_static_veclen_16_no_cpy iter 6: 121.451 ms
Run time csr_spmv_vectorized_static_veclen_16_no_cpy iter 7: 121.527 ms
Run time csr_spmv_vectorized_static_veclen_16_no_cpy iter 8: 121.581 ms
Run time csr_spmv_vectorized_static_veclen_16_no_cpy iter 9: 121.479 ms
Run time csr_spmv_vectorized_static_veclen_16_cpy iter 0: 116.186 ms
Run time csr_spmv_vectorized_static_veclen_16_cpy iter 1: 121.330 ms
Run time csr_spmv_vectorized_static_veclen_16_cpy iter 2: 116.785 ms
Run time csr_spmv_vectorized_static_veclen_16_cpy iter 3: 119.185 ms
Run time csr_spmv_vectorized_static_veclen_16_cpy iter 4: 116.467 ms
Run time csr_spmv_vectorized_static_veclen_16_cpy iter 5: 119.620 ms
Run time csr_spmv_vectorized_static_veclen_16_cpy iter 6: 124.831 ms
Run time csr_spmv_vectorized_static_veclen_16_cpy iter 7: 131.440 ms
Run time csr_spmv_vectorized_static_veclen_16_cpy iter 8: 125.858 ms
Run time csr_spmv_vectorized_static_veclen_16_cpy iter 9: 119.029 ms
Run time csr_spmv_vectorized_static_veclen_32_no_cpy iter 0: 103.087 ms
Run time csr_spmv_vectorized_static_veclen_32_no_cpy iter 1: 103.418 ms
Run time csr_spmv_vectorized_static_veclen_32_no_cpy iter 2: 102.678 ms
Run time csr_spmv_vectorized_static_veclen_32_no_cpy iter 3: 102.944 ms
Run time csr_spmv_vectorized_static_veclen_32_no_cpy iter 4: 103.970 ms
Run time csr_spmv_vectorized_static_veclen_32_no_cpy iter 5: 104.021 ms
Run time csr_spmv_vectorized_static_veclen_32_no_cpy iter 6: 104.570 ms
Run time csr_spmv_vectorized_static_veclen_32_no_cpy iter 7: 104.592 ms
Run time csr_spmv_vectorized_static_veclen_32_no_cpy iter 8: 104.690 ms
Run time csr_spmv_vectorized_static_veclen_32_no_cpy iter 9: 106.196 ms
Run time csr_spmv_vectorized_static_veclen_32_cpy iter 0: 117.783 ms
Run time csr_spmv_vectorized_static_veclen_32_cpy iter 1: 112.001 ms
Run time csr_spmv_vectorized_static_veclen_32_cpy iter 2: 116.840 ms
Run time csr_spmv_vectorized_static_veclen_32_cpy iter 3: 112.572 ms
Run time csr_spmv_vectorized_static_veclen_32_cpy iter 4: 113.104 ms
Run time csr_spmv_vectorized_static_veclen_32_cpy iter 5: 117.401 ms
Run time csr_spmv_vectorized_static_veclen_32_cpy iter 6: 123.555 ms
Run time csr_spmv_vectorized_static_veclen_32_cpy iter 7: 124.535 ms
Run time csr_spmv_vectorized_static_veclen_32_cpy iter 8: 119.959 ms
Run time csr_spmv_vectorized_static_veclen_32_cpy iter 9: 113.779 ms
Saved timing results to csr_spmv_timings_1_core.csv.csv
