Physical cores: 36
Run time spmv_csr iter 0: 1.447 ms
Run time spmv_csr iter 1: 1.718 ms
Run time spmv_csr iter 2: 1.712 ms
Run time spmv_csr iter 3: 1.684 ms
Run time spmv_csr iter 4: 1.554 ms
Run time spmv_csr iter 5: 1.561 ms
Run time spmv_csr iter 6: 1.563 ms
Run time spmv_csr iter 7: 1.500 ms
Run time spmv_csr iter 8: 1.552 ms
Run time spmv_csr iter 9: 1.593 ms
Run time csr_spmv_vectorized_static_veclen_8_no_cpy iter 0: 1.539 ms
Run time csr_spmv_vectorized_static_veclen_8_no_cpy iter 1: 1.829 ms
Run time csr_spmv_vectorized_static_veclen_8_no_cpy iter 2: 2.024 ms
Run time csr_spmv_vectorized_static_veclen_8_no_cpy iter 3: 1.990 ms
Run time csr_spmv_vectorized_static_veclen_8_no_cpy iter 4: 1.989 ms
Run time csr_spmv_vectorized_static_veclen_8_no_cpy iter 5: 1.962 ms
Run time csr_spmv_vectorized_static_veclen_8_no_cpy iter 6: 1.965 ms
Run time csr_spmv_vectorized_static_veclen_8_no_cpy iter 7: 1.961 ms
Run time csr_spmv_vectorized_static_veclen_8_no_cpy iter 8: 1.970 ms
Run time csr_spmv_vectorized_static_veclen_8_no_cpy iter 9: 1.987 ms
Run time csr_spmv_vectorized_static_veclen_8_cpy iter 0: 2.435 ms
Run time csr_spmv_vectorized_static_veclen_8_cpy iter 1: 2.220 ms
Run time csr_spmv_vectorized_static_veclen_8_cpy iter 2: 2.179 ms
Run time csr_spmv_vectorized_static_veclen_8_cpy iter 3: 2.119 ms
Run time csr_spmv_vectorized_static_veclen_8_cpy iter 4: 2.237 ms
Run time csr_spmv_vectorized_static_veclen_8_cpy iter 5: 2.191 ms
Run time csr_spmv_vectorized_static_veclen_8_cpy iter 6: 2.185 ms
Run time csr_spmv_vectorized_static_veclen_8_cpy iter 7: 2.208 ms
Run time csr_spmv_vectorized_static_veclen_8_cpy iter 8: 2.249 ms
Run time csr_spmv_vectorized_static_veclen_8_cpy iter 9: 2.286 ms
Run time csr_spmv_vectorized_static_veclen_16_no_cpy iter 0: 1.821 ms
Run time csr_spmv_vectorized_static_veclen_16_no_cpy iter 1: 1.673 ms
Run time csr_spmv_vectorized_static_veclen_16_no_cpy iter 2: 2.058 ms
Run time csr_spmv_vectorized_static_veclen_16_no_cpy iter 3: 2.388 ms
Run time csr_spmv_vectorized_static_veclen_16_no_cpy iter 4: 2.397 ms
Run time csr_spmv_vectorized_static_veclen_16_no_cpy iter 5: 2.381 ms
Run time csr_spmv_vectorized_static_veclen_16_no_cpy iter 6: 2.324 ms
Run time csr_spmv_vectorized_static_veclen_16_no_cpy iter 7: 2.285 ms
Run time csr_spmv_vectorized_static_veclen_16_no_cpy iter 8: 2.253 ms
Run time csr_spmv_vectorized_static_veclen_16_no_cpy iter 9: 2.223 ms
Run time csr_spmv_vectorized_static_veclen_16_cpy iter 0: 2.085 ms
Run time csr_spmv_vectorized_static_veclen_16_cpy iter 1: 2.656 ms
Run time csr_spmv_vectorized_static_veclen_16_cpy iter 2: 2.637 ms
Run time csr_spmv_vectorized_static_veclen_16_cpy iter 3: 2.602 ms
Run time csr_spmv_vectorized_static_veclen_16_cpy iter 4: 2.582 ms
Run time csr_spmv_vectorized_static_veclen_16_cpy iter 5: 2.489 ms
Run time csr_spmv_vectorized_static_veclen_16_cpy iter 6: 2.491 ms
Run time csr_spmv_vectorized_static_veclen_16_cpy iter 7: 2.560 ms
Run time csr_spmv_vectorized_static_veclen_16_cpy iter 8: 2.573 ms
Run time csr_spmv_vectorized_static_veclen_16_cpy iter 9: 2.571 ms
Run time csr_spmv_vectorized_static_veclen_32_no_cpy iter 0: 1.434 ms
Run time csr_spmv_vectorized_static_veclen_32_no_cpy iter 1: 1.604 ms
Run time csr_spmv_vectorized_static_veclen_32_no_cpy iter 2: 1.770 ms
Run time csr_spmv_vectorized_static_veclen_32_no_cpy iter 3: 1.783 ms
Run time csr_spmv_vectorized_static_veclen_32_no_cpy iter 4: 1.822 ms
Run time csr_spmv_vectorized_static_veclen_32_no_cpy iter 5: 1.799 ms
Run time csr_spmv_vectorized_static_veclen_32_no_cpy iter 6: 1.647 ms
Run time csr_spmv_vectorized_static_veclen_32_no_cpy iter 7: 1.630 ms
Run time csr_spmv_vectorized_static_veclen_32_no_cpy iter 8: 1.672 ms
Run time csr_spmv_vectorized_static_veclen_32_no_cpy iter 9: 1.739 ms
Run time csr_spmv_vectorized_static_veclen_32_cpy iter 0: 1.593 ms
Run time csr_spmv_vectorized_static_veclen_32_cpy iter 1: 1.636 ms
Run time csr_spmv_vectorized_static_veclen_32_cpy iter 2: 1.796 ms
Run time csr_spmv_vectorized_static_veclen_32_cpy iter 3: 2.057 ms
Run time csr_spmv_vectorized_static_veclen_32_cpy iter 4: 2.056 ms
Run time csr_spmv_vectorized_static_veclen_32_cpy iter 5: 2.048 ms
Run time csr_spmv_vectorized_static_veclen_32_cpy iter 6: 2.029 ms
Run time csr_spmv_vectorized_static_veclen_32_cpy iter 7: 2.025 ms
Run time csr_spmv_vectorized_static_veclen_32_cpy iter 8: 2.010 ms
Run time csr_spmv_vectorized_static_veclen_32_cpy iter 9: 2.013 ms
Run time csr_spmv_vectorized_static_veclen_64_no_cpy iter 0: 2.045 ms
Run time csr_spmv_vectorized_static_veclen_64_no_cpy iter 1: 2.048 ms
Run time csr_spmv_vectorized_static_veclen_64_no_cpy iter 2: 2.285 ms
Run time csr_spmv_vectorized_static_veclen_64_no_cpy iter 3: 2.391 ms
Run time csr_spmv_vectorized_static_veclen_64_no_cpy iter 4: 2.213 ms
Run time csr_spmv_vectorized_static_veclen_64_no_cpy iter 5: 2.090 ms
Run time csr_spmv_vectorized_static_veclen_64_no_cpy iter 6: 2.194 ms
Run time csr_spmv_vectorized_static_veclen_64_no_cpy iter 7: 2.173 ms
Run time csr_spmv_vectorized_static_veclen_64_no_cpy iter 8: 2.164 ms
Run time csr_spmv_vectorized_static_veclen_64_no_cpy iter 9: 1.941 ms
Run time csr_spmv_vectorized_static_veclen_64_cpy iter 0: 1.613 ms
Run time csr_spmv_vectorized_static_veclen_64_cpy iter 1: 1.529 ms
Run time csr_spmv_vectorized_static_veclen_64_cpy iter 2: 1.811 ms
Run time csr_spmv_vectorized_static_veclen_64_cpy iter 3: 2.070 ms
Run time csr_spmv_vectorized_static_veclen_64_cpy iter 4: 2.041 ms
Run time csr_spmv_vectorized_static_veclen_64_cpy iter 5: 2.033 ms
Run time csr_spmv_vectorized_static_veclen_64_cpy iter 6: 2.033 ms
Run time csr_spmv_vectorized_static_veclen_64_cpy iter 7: 1.702 ms
Run time csr_spmv_vectorized_static_veclen_64_cpy iter 8: 1.903 ms
Run time csr_spmv_vectorized_static_veclen_64_cpy iter 9: 2.020 ms
Run time csr_spmv_vectorized_static_veclen_128_no_cpy iter 0: 1.675 ms
Run time csr_spmv_vectorized_static_veclen_128_no_cpy iter 1: 1.607 ms
Run time csr_spmv_vectorized_static_veclen_128_no_cpy iter 2: 1.620 ms
Run time csr_spmv_vectorized_static_veclen_128_no_cpy iter 3: 1.828 ms
Run time csr_spmv_vectorized_static_veclen_128_no_cpy iter 4: 1.863 ms
Run time csr_spmv_vectorized_static_veclen_128_no_cpy iter 5: 1.851 ms
Run time csr_spmv_vectorized_static_veclen_128_no_cpy iter 6: 1.814 ms
Run time csr_spmv_vectorized_static_veclen_128_no_cpy iter 7: 1.798 ms
Run time csr_spmv_vectorized_static_veclen_128_no_cpy iter 8: 1.790 ms
Run time csr_spmv_vectorized_static_veclen_128_no_cpy iter 9: 1.782 ms
Run time csr_spmv_vectorized_static_veclen_128_cpy iter 0: 2.053 ms
Run time csr_spmv_vectorized_static_veclen_128_cpy iter 1: 1.928 ms
Run time csr_spmv_vectorized_static_veclen_128_cpy iter 2: 2.035 ms
Run time csr_spmv_vectorized_static_veclen_128_cpy iter 3: 2.365 ms
Run time csr_spmv_vectorized_static_veclen_128_cpy iter 4: 2.479 ms
Run time csr_spmv_vectorized_static_veclen_128_cpy iter 5: 2.478 ms
Run time csr_spmv_vectorized_static_veclen_128_cpy iter 6: 2.481 ms
Run time csr_spmv_vectorized_static_veclen_128_cpy iter 7: 2.483 ms
Run time csr_spmv_vectorized_static_veclen_128_cpy iter 8: 2.480 ms
Run time csr_spmv_vectorized_static_veclen_128_cpy iter 9: 2.485 ms
Saved timing results to csr_spmv_timings_1_core.csv.csv
Run time spmv_csr iter 0: 6.665 ms
Run time spmv_csr iter 1: 8.155 ms
Run time spmv_csr iter 2: 8.113 ms
Run time spmv_csr iter 3: 7.944 ms
Run time spmv_csr iter 4: 8.096 ms
Run time spmv_csr iter 5: 8.066 ms
Run time spmv_csr iter 6: 8.010 ms
Run time spmv_csr iter 7: 7.869 ms
Run time spmv_csr iter 8: 8.031 ms
Run time spmv_csr iter 9: 7.926 ms
Run time csr_spmv_vectorized_static_veclen_8_no_cpy iter 0: 7.700 ms
Run time csr_spmv_vectorized_static_veclen_8_no_cpy iter 1: 10.002 ms
Run time csr_spmv_vectorized_static_veclen_8_no_cpy iter 2: 9.494 ms
Run time csr_spmv_vectorized_static_veclen_8_no_cpy iter 3: 9.647 ms
Run time csr_spmv_vectorized_static_veclen_8_no_cpy iter 4: 10.077 ms
Run time csr_spmv_vectorized_static_veclen_8_no_cpy iter 5: 10.700 ms
Run time csr_spmv_vectorized_static_veclen_8_no_cpy iter 6: 10.272 ms
Run time csr_spmv_vectorized_static_veclen_8_no_cpy iter 7: 11.045 ms
Run time csr_spmv_vectorized_static_veclen_8_no_cpy iter 8: 10.205 ms
Run time csr_spmv_vectorized_static_veclen_8_no_cpy iter 9: 10.310 ms
Run time csr_spmv_vectorized_static_veclen_8_cpy iter 0: 8.822 ms
Run time csr_spmv_vectorized_static_veclen_8_cpy iter 1: 8.682 ms
Run time csr_spmv_vectorized_static_veclen_8_cpy iter 2: 10.425 ms
Run time csr_spmv_vectorized_static_veclen_8_cpy iter 3: 8.639 ms
Run time csr_spmv_vectorized_static_veclen_8_cpy iter 4: 8.731 ms
Run time csr_spmv_vectorized_static_veclen_8_cpy iter 5: 8.589 ms
Run time csr_spmv_vectorized_static_veclen_8_cpy iter 6: 9.062 ms
Run time csr_spmv_vectorized_static_veclen_8_cpy iter 7: 7.905 ms
Run time csr_spmv_vectorized_static_veclen_8_cpy iter 8: 8.074 ms
Run time csr_spmv_vectorized_static_veclen_8_cpy iter 9: 9.526 ms
Run time csr_spmv_vectorized_static_veclen_16_no_cpy iter 0: 7.102 ms
Run time csr_spmv_vectorized_static_veclen_16_no_cpy iter 1: 7.708 ms
Run time csr_spmv_vectorized_static_veclen_16_no_cpy iter 2: 6.877 ms
Run time csr_spmv_vectorized_static_veclen_16_no_cpy iter 3: 6.939 ms
Run time csr_spmv_vectorized_static_veclen_16_no_cpy iter 4: 6.788 ms
Run time csr_spmv_vectorized_static_veclen_16_no_cpy iter 5: 6.843 ms
Run time csr_spmv_vectorized_static_veclen_16_no_cpy iter 6: 6.875 ms
Run time csr_spmv_vectorized_static_veclen_16_no_cpy iter 7: 6.806 ms
Run time csr_spmv_vectorized_static_veclen_16_no_cpy iter 8: 6.770 ms
Run time csr_spmv_vectorized_static_veclen_16_no_cpy iter 9: 6.811 ms
Run time csr_spmv_vectorized_static_veclen_16_cpy iter 0: 6.845 ms
Run time csr_spmv_vectorized_static_veclen_16_cpy iter 1: 6.784 ms
Run time csr_spmv_vectorized_static_veclen_16_cpy iter 2: 7.243 ms
Run time csr_spmv_vectorized_static_veclen_16_cpy iter 3: 6.750 ms
Run time csr_spmv_vectorized_static_veclen_16_cpy iter 4: 7.224 ms
Run time csr_spmv_vectorized_static_veclen_16_cpy iter 5: 7.190 ms
Run time csr_spmv_vectorized_static_veclen_16_cpy iter 6: 7.129 ms
Run time csr_spmv_vectorized_static_veclen_16_cpy iter 7: 7.145 ms
Run time csr_spmv_vectorized_static_veclen_16_cpy iter 8: 7.233 ms
Run time csr_spmv_vectorized_static_veclen_16_cpy iter 9: 6.668 ms
Run time csr_spmv_vectorized_static_veclen_32_no_cpy iter 0: 6.101 ms
Run time csr_spmv_vectorized_static_veclen_32_no_cpy iter 1: 6.783 ms
Run time csr_spmv_vectorized_static_veclen_32_no_cpy iter 2: 8.295 ms
Run time csr_spmv_vectorized_static_veclen_32_no_cpy iter 3: 8.684 ms
Run time csr_spmv_vectorized_static_veclen_32_no_cpy iter 4: 7.952 ms
Run time csr_spmv_vectorized_static_veclen_32_no_cpy iter 5: 8.565 ms
Run time csr_spmv_vectorized_static_veclen_32_no_cpy iter 6: 8.325 ms
Run time csr_spmv_vectorized_static_veclen_32_no_cpy iter 7: 8.620 ms
Run time csr_spmv_vectorized_static_veclen_32_no_cpy iter 8: 8.668 ms
Run time csr_spmv_vectorized_static_veclen_32_no_cpy iter 9: 6.872 ms
Run time csr_spmv_vectorized_static_veclen_32_cpy iter 0: 6.804 ms
Run time csr_spmv_vectorized_static_veclen_32_cpy iter 1: 10.180 ms
Run time csr_spmv_vectorized_static_veclen_32_cpy iter 2: 9.062 ms
Run time csr_spmv_vectorized_static_veclen_32_cpy iter 3: 10.098 ms
Run time csr_spmv_vectorized_static_veclen_32_cpy iter 4: 10.152 ms
Run time csr_spmv_vectorized_static_veclen_32_cpy iter 5: 10.147 ms
Run time csr_spmv_vectorized_static_veclen_32_cpy iter 6: 10.191 ms
Run time csr_spmv_vectorized_static_veclen_32_cpy iter 7: 10.086 ms
Run time csr_spmv_vectorized_static_veclen_32_cpy iter 8: 11.045 ms
Run time csr_spmv_vectorized_static_veclen_32_cpy iter 9: 11.025 ms
Run time csr_spmv_vectorized_static_veclen_64_no_cpy iter 0: 10.773 ms
Run time csr_spmv_vectorized_static_veclen_64_no_cpy iter 1: 10.439 ms
Run time csr_spmv_vectorized_static_veclen_64_no_cpy iter 2: 9.957 ms
Run time csr_spmv_vectorized_static_veclen_64_no_cpy iter 3: 9.535 ms
Run time csr_spmv_vectorized_static_veclen_64_no_cpy iter 4: 9.319 ms
Run time csr_spmv_vectorized_static_veclen_64_no_cpy iter 5: 9.955 ms
Run time csr_spmv_vectorized_static_veclen_64_no_cpy iter 6: 9.782 ms
Run time csr_spmv_vectorized_static_veclen_64_no_cpy iter 7: 9.673 ms
Run time csr_spmv_vectorized_static_veclen_64_no_cpy iter 8: 8.065 ms
Run time csr_spmv_vectorized_static_veclen_64_no_cpy iter 9: 7.913 ms
Run time csr_spmv_vectorized_static_veclen_64_cpy iter 0: 6.839 ms
Run time csr_spmv_vectorized_static_veclen_64_cpy iter 1: 7.066 ms
Run time csr_spmv_vectorized_static_veclen_64_cpy iter 2: 6.698 ms
Run time csr_spmv_vectorized_static_veclen_64_cpy iter 3: 7.213 ms
Run time csr_spmv_vectorized_static_veclen_64_cpy iter 4: 6.921 ms
Run time csr_spmv_vectorized_static_veclen_64_cpy iter 5: 7.153 ms
Run time csr_spmv_vectorized_static_veclen_64_cpy iter 6: 6.889 ms
Run time csr_spmv_vectorized_static_veclen_64_cpy iter 7: 7.559 ms
Run time csr_spmv_vectorized_static_veclen_64_cpy iter 8: 8.890 ms
Run time csr_spmv_vectorized_static_veclen_64_cpy iter 9: 7.663 ms
Run time csr_spmv_vectorized_static_veclen_128_no_cpy iter 0: 7.297 ms
Run time csr_spmv_vectorized_static_veclen_128_no_cpy iter 1: 7.172 ms
Run time csr_spmv_vectorized_static_veclen_128_no_cpy iter 2: 7.070 ms
Run time csr_spmv_vectorized_static_veclen_128_no_cpy iter 3: 7.775 ms
Run time csr_spmv_vectorized_static_veclen_128_no_cpy iter 4: 6.980 ms
Run time csr_spmv_vectorized_static_veclen_128_no_cpy iter 5: 7.906 ms
Run time csr_spmv_vectorized_static_veclen_128_no_cpy iter 6: 7.437 ms
Run time csr_spmv_vectorized_static_veclen_128_no_cpy iter 7: 6.896 ms
Run time csr_spmv_vectorized_static_veclen_128_no_cpy iter 8: 10.150 ms
Run time csr_spmv_vectorized_static_veclen_128_no_cpy iter 9: 7.630 ms
Run time csr_spmv_vectorized_static_veclen_128_cpy iter 0: 12.784 ms
Run time csr_spmv_vectorized_static_veclen_128_cpy iter 1: 13.923 ms
Run time csr_spmv_vectorized_static_veclen_128_cpy iter 2: 14.081 ms
Run time csr_spmv_vectorized_static_veclen_128_cpy iter 3: 15.169 ms
Run time csr_spmv_vectorized_static_veclen_128_cpy iter 4: 14.136 ms
Run time csr_spmv_vectorized_static_veclen_128_cpy iter 5: 12.551 ms
Run time csr_spmv_vectorized_static_veclen_128_cpy iter 6: 12.591 ms
Run time csr_spmv_vectorized_static_veclen_128_cpy iter 7: 12.187 ms
Run time csr_spmv_vectorized_static_veclen_128_cpy iter 8: 12.477 ms
Run time csr_spmv_vectorized_static_veclen_128_cpy iter 9: 9.486 ms
Saved timing results to csr_spmv_timings_1_core.csv.csv
Run time spmv_csr iter 0: 25.595 ms
Run time spmv_csr iter 1: 27.219 ms
Run time spmv_csr iter 2: 25.599 ms
Run time spmv_csr iter 3: 25.433 ms
Run time spmv_csr iter 4: 25.362 ms
Run time spmv_csr iter 5: 26.281 ms
Run time spmv_csr iter 6: 25.542 ms
Run time spmv_csr iter 7: 25.610 ms
Run time spmv_csr iter 8: 24.612 ms
Run time spmv_csr iter 9: 24.614 ms
Run time csr_spmv_vectorized_static_veclen_8_no_cpy iter 0: 32.433 ms
Run time csr_spmv_vectorized_static_veclen_8_no_cpy iter 1: 31.675 ms
Run time csr_spmv_vectorized_static_veclen_8_no_cpy iter 2: 31.432 ms
Run time csr_spmv_vectorized_static_veclen_8_no_cpy iter 3: 27.674 ms
Run time csr_spmv_vectorized_static_veclen_8_no_cpy iter 4: 26.813 ms
Run time csr_spmv_vectorized_static_veclen_8_no_cpy iter 5: 29.075 ms
Run time csr_spmv_vectorized_static_veclen_8_no_cpy iter 6: 31.240 ms
Run time csr_spmv_vectorized_static_veclen_8_no_cpy iter 7: 30.799 ms
Run time csr_spmv_vectorized_static_veclen_8_no_cpy iter 8: 30.807 ms
Run time csr_spmv_vectorized_static_veclen_8_no_cpy iter 9: 30.242 ms
Run time csr_spmv_vectorized_static_veclen_8_cpy iter 0: 30.905 ms
Run time csr_spmv_vectorized_static_veclen_8_cpy iter 1: 30.796 ms
Run time csr_spmv_vectorized_static_veclen_8_cpy iter 2: 31.015 ms
Run time csr_spmv_vectorized_static_veclen_8_cpy iter 3: 32.777 ms
Run time csr_spmv_vectorized_static_veclen_8_cpy iter 4: 31.038 ms
Run time csr_spmv_vectorized_static_veclen_8_cpy iter 5: 31.470 ms
Run time csr_spmv_vectorized_static_veclen_8_cpy iter 6: 30.906 ms
Run time csr_spmv_vectorized_static_veclen_8_cpy iter 7: 31.751 ms
Run time csr_spmv_vectorized_static_veclen_8_cpy iter 8: 31.826 ms
Run time csr_spmv_vectorized_static_veclen_8_cpy iter 9: 31.393 ms
Run time csr_spmv_vectorized_static_veclen_16_no_cpy iter 0: 33.865 ms
Run time csr_spmv_vectorized_static_veclen_16_no_cpy iter 1: 31.318 ms
Run time csr_spmv_vectorized_static_veclen_16_no_cpy iter 2: 29.596 ms
Run time csr_spmv_vectorized_static_veclen_16_no_cpy iter 3: 31.841 ms
Run time csr_spmv_vectorized_static_veclen_16_no_cpy iter 4: 29.718 ms
Run time csr_spmv_vectorized_static_veclen_16_no_cpy iter 5: 29.583 ms
Run time csr_spmv_vectorized_static_veclen_16_no_cpy iter 6: 29.133 ms
Run time csr_spmv_vectorized_static_veclen_16_no_cpy iter 7: 29.111 ms
Run time csr_spmv_vectorized_static_veclen_16_no_cpy iter 8: 28.977 ms
Run time csr_spmv_vectorized_static_veclen_16_no_cpy iter 9: 29.108 ms
Run time csr_spmv_vectorized_static_veclen_16_cpy iter 0: 32.000 ms
Run time csr_spmv_vectorized_static_veclen_16_cpy iter 1: 33.606 ms
Run time csr_spmv_vectorized_static_veclen_16_cpy iter 2: 38.087 ms
Run time csr_spmv_vectorized_static_veclen_16_cpy iter 3: 37.516 ms
Run time csr_spmv_vectorized_static_veclen_16_cpy iter 4: 33.491 ms
Run time csr_spmv_vectorized_static_veclen_16_cpy iter 5: 30.130 ms
Run time csr_spmv_vectorized_static_veclen_16_cpy iter 6: 28.957 ms
Run time csr_spmv_vectorized_static_veclen_16_cpy iter 7: 28.581 ms
Run time csr_spmv_vectorized_static_veclen_16_cpy iter 8: 29.661 ms
Run time csr_spmv_vectorized_static_veclen_16_cpy iter 9: 28.233 ms
Run time csr_spmv_vectorized_static_veclen_32_no_cpy iter 0: 26.270 ms
Run time csr_spmv_vectorized_static_veclen_32_no_cpy iter 1: 28.036 ms
Run time csr_spmv_vectorized_static_veclen_32_no_cpy iter 2: 25.778 ms
Run time csr_spmv_vectorized_static_veclen_32_no_cpy iter 3: 25.210 ms
Run time csr_spmv_vectorized_static_veclen_32_no_cpy iter 4: 25.178 ms
Run time csr_spmv_vectorized_static_veclen_32_no_cpy iter 5: 25.540 ms
Run time csr_spmv_vectorized_static_veclen_32_no_cpy iter 6: 26.012 ms
Run time csr_spmv_vectorized_static_veclen_32_no_cpy iter 7: 25.136 ms
Run time csr_spmv_vectorized_static_veclen_32_no_cpy iter 8: 27.236 ms
Run time csr_spmv_vectorized_static_veclen_32_no_cpy iter 9: 24.955 ms
Run time csr_spmv_vectorized_static_veclen_32_cpy iter 0: 27.375 ms
Run time csr_spmv_vectorized_static_veclen_32_cpy iter 1: 28.433 ms
Run time csr_spmv_vectorized_static_veclen_32_cpy iter 2: 28.873 ms
Run time csr_spmv_vectorized_static_veclen_32_cpy iter 3: 27.388 ms
Run time csr_spmv_vectorized_static_veclen_32_cpy iter 4: 29.779 ms
Run time csr_spmv_vectorized_static_veclen_32_cpy iter 5: 27.233 ms
Run time csr_spmv_vectorized_static_veclen_32_cpy iter 6: 28.464 ms
Run time csr_spmv_vectorized_static_veclen_32_cpy iter 7: 27.397 ms
Run time csr_spmv_vectorized_static_veclen_32_cpy iter 8: 28.422 ms
Run time csr_spmv_vectorized_static_veclen_32_cpy iter 9: 26.876 ms
Run time csr_spmv_vectorized_static_veclen_64_no_cpy iter 0: 27.165 ms
Run time csr_spmv_vectorized_static_veclen_64_no_cpy iter 1: 27.746 ms
Run time csr_spmv_vectorized_static_veclen_64_no_cpy iter 2: 27.127 ms
Run time csr_spmv_vectorized_static_veclen_64_no_cpy iter 3: 26.905 ms
Run time csr_spmv_vectorized_static_veclen_64_no_cpy iter 4: 26.787 ms
Run time csr_spmv_vectorized_static_veclen_64_no_cpy iter 5: 27.095 ms
Run time csr_spmv_vectorized_static_veclen_64_no_cpy iter 6: 26.592 ms
Run time csr_spmv_vectorized_static_veclen_64_no_cpy iter 7: 26.743 ms
Run time csr_spmv_vectorized_static_veclen_64_no_cpy iter 8: 27.353 ms
Run time csr_spmv_vectorized_static_veclen_64_no_cpy iter 9: 27.405 ms
Run time csr_spmv_vectorized_static_veclen_64_cpy iter 0: 28.412 ms
Run time csr_spmv_vectorized_static_veclen_64_cpy iter 1: 28.917 ms
Run time csr_spmv_vectorized_static_veclen_64_cpy iter 2: 28.395 ms
Run time csr_spmv_vectorized_static_veclen_64_cpy iter 3: 28.337 ms
Run time csr_spmv_vectorized_static_veclen_64_cpy iter 4: 28.272 ms
Run time csr_spmv_vectorized_static_veclen_64_cpy iter 5: 28.233 ms
Run time csr_spmv_vectorized_static_veclen_64_cpy iter 6: 28.973 ms
Run time csr_spmv_vectorized_static_veclen_64_cpy iter 7: 28.483 ms
Run time csr_spmv_vectorized_static_veclen_64_cpy iter 8: 28.528 ms
Run time csr_spmv_vectorized_static_veclen_64_cpy iter 9: 28.367 ms
Run time csr_spmv_vectorized_static_veclen_128_no_cpy iter 0: 35.184 ms
Run time csr_spmv_vectorized_static_veclen_128_no_cpy iter 1: 35.702 ms
Run time csr_spmv_vectorized_static_veclen_128_no_cpy iter 2: 31.590 ms
Run time csr_spmv_vectorized_static_veclen_128_no_cpy iter 3: 32.473 ms
Run time csr_spmv_vectorized_static_veclen_128_no_cpy iter 4: 38.905 ms
Run time csr_spmv_vectorized_static_veclen_128_no_cpy iter 5: 38.970 ms
Run time csr_spmv_vectorized_static_veclen_128_no_cpy iter 6: 38.927 ms
Run time csr_spmv_vectorized_static_veclen_128_no_cpy iter 7: 38.062 ms
Run time csr_spmv_vectorized_static_veclen_128_no_cpy iter 8: 33.355 ms
Run time csr_spmv_vectorized_static_veclen_128_no_cpy iter 9: 31.482 ms
Run time csr_spmv_vectorized_static_veclen_128_cpy iter 0: 36.758 ms
Run time csr_spmv_vectorized_static_veclen_128_cpy iter 1: 38.609 ms
Run time csr_spmv_vectorized_static_veclen_128_cpy iter 2: 37.776 ms
Run time csr_spmv_vectorized_static_veclen_128_cpy iter 3: 36.981 ms
Run time csr_spmv_vectorized_static_veclen_128_cpy iter 4: 38.063 ms
Run time csr_spmv_vectorized_static_veclen_128_cpy iter 5: 37.668 ms
Run time csr_spmv_vectorized_static_veclen_128_cpy iter 6: 37.630 ms
Run time csr_spmv_vectorized_static_veclen_128_cpy iter 7: 38.238 ms
Run time csr_spmv_vectorized_static_veclen_128_cpy iter 8: 36.823 ms
Run time csr_spmv_vectorized_static_veclen_128_cpy iter 9: 36.755 ms
Saved timing results to csr_spmv_timings_1_core.csv.csv
Run time spmv_csr iter 0: 102.795 ms
Run time spmv_csr iter 1: 104.908 ms
Run time spmv_csr iter 2: 106.285 ms
Run time spmv_csr iter 3: 106.617 ms
Run time spmv_csr iter 4: 105.305 ms
Run time spmv_csr iter 5: 105.951 ms
Run time spmv_csr iter 6: 105.947 ms
Run time spmv_csr iter 7: 106.662 ms
Run time spmv_csr iter 8: 106.734 ms
Run time spmv_csr iter 9: 105.792 ms
Run time csr_spmv_vectorized_static_veclen_8_no_cpy iter 0: 109.173 ms
Run time csr_spmv_vectorized_static_veclen_8_no_cpy iter 1: 108.965 ms
Run time csr_spmv_vectorized_static_veclen_8_no_cpy iter 2: 109.373 ms
Run time csr_spmv_vectorized_static_veclen_8_no_cpy iter 3: 109.186 ms
Run time csr_spmv_vectorized_static_veclen_8_no_cpy iter 4: 109.423 ms
Run time csr_spmv_vectorized_static_veclen_8_no_cpy iter 5: 109.344 ms
Run time csr_spmv_vectorized_static_veclen_8_no_cpy iter 6: 109.698 ms
Run time csr_spmv_vectorized_static_veclen_8_no_cpy iter 7: 108.928 ms
Run time csr_spmv_vectorized_static_veclen_8_no_cpy iter 8: 108.868 ms
Run time csr_spmv_vectorized_static_veclen_8_no_cpy iter 9: 110.357 ms
Run time csr_spmv_vectorized_static_veclen_8_cpy iter 0: 113.013 ms
Run time csr_spmv_vectorized_static_veclen_8_cpy iter 1: 110.372 ms
Run time csr_spmv_vectorized_static_veclen_8_cpy iter 2: 109.656 ms
Run time csr_spmv_vectorized_static_veclen_8_cpy iter 3: 109.316 ms
Run time csr_spmv_vectorized_static_veclen_8_cpy iter 4: 108.888 ms
Run time csr_spmv_vectorized_static_veclen_8_cpy iter 5: 114.581 ms
Run time csr_spmv_vectorized_static_veclen_8_cpy iter 6: 110.080 ms
Run time csr_spmv_vectorized_static_veclen_8_cpy iter 7: 109.294 ms
Run time csr_spmv_vectorized_static_veclen_8_cpy iter 8: 108.763 ms
Run time csr_spmv_vectorized_static_veclen_8_cpy iter 9: 109.490 ms
Run time csr_spmv_vectorized_static_veclen_16_no_cpy iter 0: 121.474 ms
Run time csr_spmv_vectorized_static_veclen_16_no_cpy iter 1: 121.173 ms
Run time csr_spmv_vectorized_static_veclen_16_no_cpy iter 2: 121.393 ms
Run time csr_spmv_vectorized_static_veclen_16_no_cpy iter 3: 121.280 ms
Run time csr_spmv_vectorized_static_veclen_16_no_cpy iter 4: 123.187 ms
Run time csr_spmv_vectorized_static_veclen_16_no_cpy iter 5: 121.130 ms
Run time csr_spmv_vectorized_static_veclen_16_no_cpy iter 6: 118.867 ms
Run time csr_spmv_vectorized_static_veclen_16_no_cpy iter 7: 119.341 ms
Run time csr_spmv_vectorized_static_veclen_16_no_cpy iter 8: 118.753 ms
Run time csr_spmv_vectorized_static_veclen_16_no_cpy iter 9: 123.976 ms
Run time csr_spmv_vectorized_static_veclen_16_cpy iter 0: 118.031 ms
Run time csr_spmv_vectorized_static_veclen_16_cpy iter 1: 117.965 ms
Run time csr_spmv_vectorized_static_veclen_16_cpy iter 2: 116.961 ms
Run time csr_spmv_vectorized_static_veclen_16_cpy iter 3: 115.784 ms
Run time csr_spmv_vectorized_static_veclen_16_cpy iter 4: 116.242 ms
Run time csr_spmv_vectorized_static_veclen_16_cpy iter 5: 115.286 ms
Run time csr_spmv_vectorized_static_veclen_16_cpy iter 6: 120.269 ms
Run time csr_spmv_vectorized_static_veclen_16_cpy iter 7: 115.085 ms
Run time csr_spmv_vectorized_static_veclen_16_cpy iter 8: 120.675 ms
Run time csr_spmv_vectorized_static_veclen_16_cpy iter 9: 117.411 ms
Run time csr_spmv_vectorized_static_veclen_32_no_cpy iter 0: 104.511 ms
Run time csr_spmv_vectorized_static_veclen_32_no_cpy iter 1: 102.024 ms
Run time csr_spmv_vectorized_static_veclen_32_no_cpy iter 2: 102.248 ms
Run time csr_spmv_vectorized_static_veclen_32_no_cpy iter 3: 101.958 ms
Run time csr_spmv_vectorized_static_veclen_32_no_cpy iter 4: 102.021 ms
Run time csr_spmv_vectorized_static_veclen_32_no_cpy iter 5: 103.583 ms
Run time csr_spmv_vectorized_static_veclen_32_no_cpy iter 6: 103.153 ms
Run time csr_spmv_vectorized_static_veclen_32_no_cpy iter 7: 102.407 ms
Run time csr_spmv_vectorized_static_veclen_32_no_cpy iter 8: 102.341 ms
Run time csr_spmv_vectorized_static_veclen_32_no_cpy iter 9: 102.122 ms
Run time csr_spmv_vectorized_static_veclen_32_cpy iter 0: 112.220 ms
Run time csr_spmv_vectorized_static_veclen_32_cpy iter 1: 112.310 ms
Run time csr_spmv_vectorized_static_veclen_32_cpy iter 2: 116.534 ms
Run time csr_spmv_vectorized_static_veclen_32_cpy iter 3: 111.317 ms
Run time csr_spmv_vectorized_static_veclen_32_cpy iter 4: 110.936 ms
Run time csr_spmv_vectorized_static_veclen_32_cpy iter 5: 113.084 ms
Run time csr_spmv_vectorized_static_veclen_32_cpy iter 6: 111.937 ms
Run time csr_spmv_vectorized_static_veclen_32_cpy iter 7: 114.750 ms
Run time csr_spmv_vectorized_static_veclen_32_cpy iter 8: 115.231 ms
Run time csr_spmv_vectorized_static_veclen_32_cpy iter 9: 115.060 ms
Run time csr_spmv_vectorized_static_veclen_64_no_cpy iter 0: 110.649 ms
Run time csr_spmv_vectorized_static_veclen_64_no_cpy iter 1: 111.474 ms
Run time csr_spmv_vectorized_static_veclen_64_no_cpy iter 2: 110.752 ms
Run time csr_spmv_vectorized_static_veclen_64_no_cpy iter 3: 110.421 ms
Run time csr_spmv_vectorized_static_veclen_64_no_cpy iter 4: 110.878 ms
Run time csr_spmv_vectorized_static_veclen_64_no_cpy iter 5: 110.661 ms
Run time csr_spmv_vectorized_static_veclen_64_no_cpy iter 6: 111.267 ms
Run time csr_spmv_vectorized_static_veclen_64_no_cpy iter 7: 111.025 ms
Run time csr_spmv_vectorized_static_veclen_64_no_cpy iter 8: 111.087 ms
Run time csr_spmv_vectorized_static_veclen_64_no_cpy iter 9: 110.749 ms
Run time csr_spmv_vectorized_static_veclen_64_cpy iter 0: 116.317 ms
Run time csr_spmv_vectorized_static_veclen_64_cpy iter 1: 116.261 ms
Run time csr_spmv_vectorized_static_veclen_64_cpy iter 2: 117.991 ms
Run time csr_spmv_vectorized_static_veclen_64_cpy iter 3: 121.743 ms
Run time csr_spmv_vectorized_static_veclen_64_cpy iter 4: 116.921 ms
Run time csr_spmv_vectorized_static_veclen_64_cpy iter 5: 121.004 ms
Run time csr_spmv_vectorized_static_veclen_64_cpy iter 6: 120.463 ms
Run time csr_spmv_vectorized_static_veclen_64_cpy iter 7: 132.017 ms
Run time csr_spmv_vectorized_static_veclen_64_cpy iter 8: 131.193 ms
Run time csr_spmv_vectorized_static_veclen_64_cpy iter 9: 117.769 ms
Run time csr_spmv_vectorized_static_veclen_128_no_cpy iter 0: 138.269 ms
Run time csr_spmv_vectorized_static_veclen_128_no_cpy iter 1: 124.154 ms
Run time csr_spmv_vectorized_static_veclen_128_no_cpy iter 2: 124.132 ms
Run time csr_spmv_vectorized_static_veclen_128_no_cpy iter 3: 126.255 ms
Run time csr_spmv_vectorized_static_veclen_128_no_cpy iter 4: 124.377 ms
Run time csr_spmv_vectorized_static_veclen_128_no_cpy iter 5: 124.870 ms
Run time csr_spmv_vectorized_static_veclen_128_no_cpy iter 6: 124.221 ms
Run time csr_spmv_vectorized_static_veclen_128_no_cpy iter 7: 125.139 ms
Run time csr_spmv_vectorized_static_veclen_128_no_cpy iter 8: 124.974 ms
Run time csr_spmv_vectorized_static_veclen_128_no_cpy iter 9: 127.568 ms
Run time csr_spmv_vectorized_static_veclen_128_cpy iter 0: 151.480 ms
Run time csr_spmv_vectorized_static_veclen_128_cpy iter 1: 153.183 ms
Run time csr_spmv_vectorized_static_veclen_128_cpy iter 2: 155.981 ms
Run time csr_spmv_vectorized_static_veclen_128_cpy iter 3: 156.000 ms
Run time csr_spmv_vectorized_static_veclen_128_cpy iter 4: 153.697 ms
Run time csr_spmv_vectorized_static_veclen_128_cpy iter 5: 155.277 ms
Run time csr_spmv_vectorized_static_veclen_128_cpy iter 6: 162.057 ms
Run time csr_spmv_vectorized_static_veclen_128_cpy iter 7: 163.665 ms
Run time csr_spmv_vectorized_static_veclen_128_cpy iter 8: 165.788 ms
Run time csr_spmv_vectorized_static_veclen_128_cpy iter 9: 153.853 ms
Saved timing results to csr_spmv_timings_1_core.csv.csv
