Physical cores: 36
Run time csr_spmv iter 0: 2.219 ms
Run time csr_spmv iter 1: 1.976 ms
Run time csr_spmv iter 2: 1.845 ms
Run time csr_spmv iter 3: 1.970 ms
Run time csr_spmv iter 4: 1.866 ms
Run time csr_spmv iter 5: 1.681 ms
Run time csr_spmv iter 6: 1.449 ms
Run time csr_spmv iter 7: 1.414 ms
Run time csr_spmv iter 8: 1.423 ms
Run time csr_spmv iter 9: 1.388 ms
Run time csr_spmv_vectorized_static_veclen_8_no_cpy iter 0: 1.492 ms
Run time csr_spmv_vectorized_static_veclen_8_no_cpy iter 1: 2.138 ms
Run time csr_spmv_vectorized_static_veclen_8_no_cpy iter 2: 2.257 ms
Run time csr_spmv_vectorized_static_veclen_8_no_cpy iter 3: 2.191 ms
Run time csr_spmv_vectorized_static_veclen_8_no_cpy iter 4: 2.205 ms
Run time csr_spmv_vectorized_static_veclen_8_no_cpy iter 5: 2.277 ms
Run time csr_spmv_vectorized_static_veclen_8_no_cpy iter 6: 2.126 ms
Run time csr_spmv_vectorized_static_veclen_8_no_cpy iter 7: 2.239 ms
Run time csr_spmv_vectorized_static_veclen_8_no_cpy iter 8: 2.193 ms
Run time csr_spmv_vectorized_static_veclen_8_no_cpy iter 9: 1.960 ms
Run time csr_spmv_vectorized_static_veclen_8_cpy iter 0: 1.955 ms
Run time csr_spmv_vectorized_static_veclen_8_cpy iter 1: 1.969 ms
Run time csr_spmv_vectorized_static_veclen_8_cpy iter 2: 2.182 ms
Run time csr_spmv_vectorized_static_veclen_8_cpy iter 3: 2.167 ms
Run time csr_spmv_vectorized_static_veclen_8_cpy iter 4: 2.105 ms
Run time csr_spmv_vectorized_static_veclen_8_cpy iter 5: 1.992 ms
Run time csr_spmv_vectorized_static_veclen_8_cpy iter 6: 1.904 ms
Run time csr_spmv_vectorized_static_veclen_8_cpy iter 7: 1.907 ms
Run time csr_spmv_vectorized_static_veclen_8_cpy iter 8: 1.971 ms
Run time csr_spmv_vectorized_static_veclen_8_cpy iter 9: 2.004 ms
Run time csr_spmv_vectorized_static_veclen_16_no_cpy iter 0: 2.110 ms
Run time csr_spmv_vectorized_static_veclen_16_no_cpy iter 1: 2.838 ms
Run time csr_spmv_vectorized_static_veclen_16_no_cpy iter 2: 2.702 ms
Run time csr_spmv_vectorized_static_veclen_16_no_cpy iter 3: 2.640 ms
Run time csr_spmv_vectorized_static_veclen_16_no_cpy iter 4: 2.608 ms
Run time csr_spmv_vectorized_static_veclen_16_no_cpy iter 5: 2.496 ms
Run time csr_spmv_vectorized_static_veclen_16_no_cpy iter 6: 2.444 ms
Run time csr_spmv_vectorized_static_veclen_16_no_cpy iter 7: 2.540 ms
Run time csr_spmv_vectorized_static_veclen_16_no_cpy iter 8: 2.552 ms
Run time csr_spmv_vectorized_static_veclen_16_no_cpy iter 9: 2.475 ms
Run time csr_spmv_vectorized_static_veclen_16_cpy iter 0: 2.333 ms
Run time csr_spmv_vectorized_static_veclen_16_cpy iter 1: 2.519 ms
Run time csr_spmv_vectorized_static_veclen_16_cpy iter 2: 2.500 ms
Run time csr_spmv_vectorized_static_veclen_16_cpy iter 3: 2.443 ms
Run time csr_spmv_vectorized_static_veclen_16_cpy iter 4: 2.439 ms
Run time csr_spmv_vectorized_static_veclen_16_cpy iter 5: 2.497 ms
Run time csr_spmv_vectorized_static_veclen_16_cpy iter 6: 2.497 ms
Run time csr_spmv_vectorized_static_veclen_16_cpy iter 7: 2.519 ms
Run time csr_spmv_vectorized_static_veclen_16_cpy iter 8: 2.553 ms
Run time csr_spmv_vectorized_static_veclen_16_cpy iter 9: 2.576 ms
Run time csr_spmv_vectorized_static_veclen_32_no_cpy iter 0: 1.416 ms
Run time csr_spmv_vectorized_static_veclen_32_no_cpy iter 1: 1.439 ms
Run time csr_spmv_vectorized_static_veclen_32_no_cpy iter 2: 1.588 ms
Run time csr_spmv_vectorized_static_veclen_32_no_cpy iter 3: 1.552 ms
Run time csr_spmv_vectorized_static_veclen_32_no_cpy iter 4: 1.497 ms
Run time csr_spmv_vectorized_static_veclen_32_no_cpy iter 5: 1.497 ms
Run time csr_spmv_vectorized_static_veclen_32_no_cpy iter 6: 1.499 ms
Run time csr_spmv_vectorized_static_veclen_32_no_cpy iter 7: 1.522 ms
Run time csr_spmv_vectorized_static_veclen_32_no_cpy iter 8: 1.551 ms
Run time csr_spmv_vectorized_static_veclen_32_no_cpy iter 9: 1.569 ms
Run time csr_spmv_vectorized_static_veclen_32_cpy iter 0: 1.591 ms
Run time csr_spmv_vectorized_static_veclen_32_cpy iter 1: 1.436 ms
Run time csr_spmv_vectorized_static_veclen_32_cpy iter 2: 1.609 ms
Run time csr_spmv_vectorized_static_veclen_32_cpy iter 3: 2.017 ms
Run time csr_spmv_vectorized_static_veclen_32_cpy iter 4: 2.002 ms
Run time csr_spmv_vectorized_static_veclen_32_cpy iter 5: 1.978 ms
Run time csr_spmv_vectorized_static_veclen_32_cpy iter 6: 2.052 ms
Run time csr_spmv_vectorized_static_veclen_32_cpy iter 7: 1.927 ms
Run time csr_spmv_vectorized_static_veclen_32_cpy iter 8: 1.969 ms
Run time csr_spmv_vectorized_static_veclen_32_cpy iter 9: 1.917 ms
Run time csr_spmv_vectorized_static_veclen_64_no_cpy iter 0: 1.547 ms
Run time csr_spmv_vectorized_static_veclen_64_no_cpy iter 1: 1.308 ms
Run time csr_spmv_vectorized_static_veclen_64_no_cpy iter 2: 1.175 ms
Run time csr_spmv_vectorized_static_veclen_64_no_cpy iter 3: 1.318 ms
Run time csr_spmv_vectorized_static_veclen_64_no_cpy iter 4: 1.488 ms
Run time csr_spmv_vectorized_static_veclen_64_no_cpy iter 5: 1.491 ms
Run time csr_spmv_vectorized_static_veclen_64_no_cpy iter 6: 1.464 ms
Run time csr_spmv_vectorized_static_veclen_64_no_cpy iter 7: 1.438 ms
Run time csr_spmv_vectorized_static_veclen_64_no_cpy iter 8: 1.439 ms
Run time csr_spmv_vectorized_static_veclen_64_no_cpy iter 9: 1.434 ms
Run time csr_spmv_vectorized_static_veclen_64_cpy iter 0: 1.602 ms
Run time csr_spmv_vectorized_static_veclen_64_cpy iter 1: 1.411 ms
Run time csr_spmv_vectorized_static_veclen_64_cpy iter 2: 1.399 ms
Run time csr_spmv_vectorized_static_veclen_64_cpy iter 3: 1.507 ms
Run time csr_spmv_vectorized_static_veclen_64_cpy iter 4: 1.894 ms
Run time csr_spmv_vectorized_static_veclen_64_cpy iter 5: 1.938 ms
Run time csr_spmv_vectorized_static_veclen_64_cpy iter 6: 1.926 ms
Run time csr_spmv_vectorized_static_veclen_64_cpy iter 7: 1.928 ms
Run time csr_spmv_vectorized_static_veclen_64_cpy iter 8: 1.936 ms
Run time csr_spmv_vectorized_static_veclen_64_cpy iter 9: 1.937 ms
Run time csr_spmv_vectorized_static_veclen_128_no_cpy iter 0: 1.692 ms
Run time csr_spmv_vectorized_static_veclen_128_no_cpy iter 1: 1.345 ms
Run time csr_spmv_vectorized_static_veclen_128_no_cpy iter 2: 1.245 ms
Run time csr_spmv_vectorized_static_veclen_128_no_cpy iter 3: 1.435 ms
Run time csr_spmv_vectorized_static_veclen_128_no_cpy iter 4: 1.656 ms
Run time csr_spmv_vectorized_static_veclen_128_no_cpy iter 5: 1.657 ms
Run time csr_spmv_vectorized_static_veclen_128_no_cpy iter 6: 1.661 ms
Run time csr_spmv_vectorized_static_veclen_128_no_cpy iter 7: 1.648 ms
Run time csr_spmv_vectorized_static_veclen_128_no_cpy iter 8: 1.640 ms
Run time csr_spmv_vectorized_static_veclen_128_no_cpy iter 9: 1.663 ms
Run time csr_spmv_vectorized_static_veclen_128_cpy iter 0: 2.022 ms
Run time csr_spmv_vectorized_static_veclen_128_cpy iter 1: 1.819 ms
Run time csr_spmv_vectorized_static_veclen_128_cpy iter 2: 1.694 ms
Run time csr_spmv_vectorized_static_veclen_128_cpy iter 3: 1.918 ms
Run time csr_spmv_vectorized_static_veclen_128_cpy iter 4: 2.261 ms
Run time csr_spmv_vectorized_static_veclen_128_cpy iter 5: 2.224 ms
Run time csr_spmv_vectorized_static_veclen_128_cpy iter 6: 2.190 ms
Run time csr_spmv_vectorized_static_veclen_128_cpy iter 7: 2.189 ms
Run time csr_spmv_vectorized_static_veclen_128_cpy iter 8: 2.180 ms
Run time csr_spmv_vectorized_static_veclen_128_cpy iter 9: 2.079 ms
Saved timing results to csr_spmv_timings_1_core.csv.csv
Run time csr_spmv iter 0: 6.083 ms
Run time csr_spmv iter 1: 6.068 ms
Run time csr_spmv iter 2: 6.047 ms
Run time csr_spmv iter 3: 6.045 ms
Run time csr_spmv iter 4: 6.342 ms
Run time csr_spmv iter 5: 6.363 ms
Run time csr_spmv iter 6: 6.120 ms
Run time csr_spmv iter 7: 6.207 ms
Run time csr_spmv iter 8: 6.379 ms
Run time csr_spmv iter 9: 6.157 ms
Run time csr_spmv_vectorized_static_veclen_8_no_cpy iter 0: 8.429 ms
Run time csr_spmv_vectorized_static_veclen_8_no_cpy iter 1: 10.446 ms
Run time csr_spmv_vectorized_static_veclen_8_no_cpy iter 2: 9.976 ms
Run time csr_spmv_vectorized_static_veclen_8_no_cpy iter 3: 8.326 ms
Run time csr_spmv_vectorized_static_veclen_8_no_cpy iter 4: 7.713 ms
Run time csr_spmv_vectorized_static_veclen_8_no_cpy iter 5: 8.057 ms
Run time csr_spmv_vectorized_static_veclen_8_no_cpy iter 6: 9.810 ms
Run time csr_spmv_vectorized_static_veclen_8_no_cpy iter 7: 8.619 ms
Run time csr_spmv_vectorized_static_veclen_8_no_cpy iter 8: 7.904 ms
Run time csr_spmv_vectorized_static_veclen_8_no_cpy iter 9: 9.341 ms
Run time csr_spmv_vectorized_static_veclen_8_cpy iter 0: 6.505 ms
Run time csr_spmv_vectorized_static_veclen_8_cpy iter 1: 6.458 ms
Run time csr_spmv_vectorized_static_veclen_8_cpy iter 2: 6.524 ms
Run time csr_spmv_vectorized_static_veclen_8_cpy iter 3: 7.343 ms
Run time csr_spmv_vectorized_static_veclen_8_cpy iter 4: 6.709 ms
Run time csr_spmv_vectorized_static_veclen_8_cpy iter 5: 6.145 ms
Run time csr_spmv_vectorized_static_veclen_8_cpy iter 6: 6.570 ms
Run time csr_spmv_vectorized_static_veclen_8_cpy iter 7: 6.603 ms
Run time csr_spmv_vectorized_static_veclen_8_cpy iter 8: 6.644 ms
Run time csr_spmv_vectorized_static_veclen_8_cpy iter 9: 6.182 ms
Run time csr_spmv_vectorized_static_veclen_16_no_cpy iter 0: 7.195 ms
Run time csr_spmv_vectorized_static_veclen_16_no_cpy iter 1: 7.674 ms
Run time csr_spmv_vectorized_static_veclen_16_no_cpy iter 2: 7.241 ms
Run time csr_spmv_vectorized_static_veclen_16_no_cpy iter 3: 7.494 ms
Run time csr_spmv_vectorized_static_veclen_16_no_cpy iter 4: 6.912 ms
Run time csr_spmv_vectorized_static_veclen_16_no_cpy iter 5: 6.854 ms
Run time csr_spmv_vectorized_static_veclen_16_no_cpy iter 6: 7.021 ms
Run time csr_spmv_vectorized_static_veclen_16_no_cpy iter 7: 6.782 ms
Run time csr_spmv_vectorized_static_veclen_16_no_cpy iter 8: 6.968 ms
Run time csr_spmv_vectorized_static_veclen_16_no_cpy iter 9: 6.746 ms
Run time csr_spmv_vectorized_static_veclen_16_cpy iter 0: 8.480 ms
Run time csr_spmv_vectorized_static_veclen_16_cpy iter 1: 7.959 ms
Run time csr_spmv_vectorized_static_veclen_16_cpy iter 2: 8.174 ms
Run time csr_spmv_vectorized_static_veclen_16_cpy iter 3: 7.493 ms
Run time csr_spmv_vectorized_static_veclen_16_cpy iter 4: 8.349 ms
Run time csr_spmv_vectorized_static_veclen_16_cpy iter 5: 7.436 ms
Run time csr_spmv_vectorized_static_veclen_16_cpy iter 6: 7.128 ms
Run time csr_spmv_vectorized_static_veclen_16_cpy iter 7: 7.123 ms
Run time csr_spmv_vectorized_static_veclen_16_cpy iter 8: 7.080 ms
Run time csr_spmv_vectorized_static_veclen_16_cpy iter 9: 7.026 ms
Run time csr_spmv_vectorized_static_veclen_32_no_cpy iter 0: 6.045 ms
Run time csr_spmv_vectorized_static_veclen_32_no_cpy iter 1: 6.231 ms
Run time csr_spmv_vectorized_static_veclen_32_no_cpy iter 2: 6.588 ms
Run time csr_spmv_vectorized_static_veclen_32_no_cpy iter 3: 6.630 ms
Run time csr_spmv_vectorized_static_veclen_32_no_cpy iter 4: 6.229 ms
Run time csr_spmv_vectorized_static_veclen_32_no_cpy iter 5: 8.582 ms
Run time csr_spmv_vectorized_static_veclen_32_no_cpy iter 6: 8.054 ms
Run time csr_spmv_vectorized_static_veclen_32_no_cpy iter 7: 8.071 ms
Run time csr_spmv_vectorized_static_veclen_32_no_cpy iter 8: 8.596 ms
Run time csr_spmv_vectorized_static_veclen_32_no_cpy iter 9: 8.204 ms
Run time csr_spmv_vectorized_static_veclen_32_cpy iter 0: 6.566 ms
Run time csr_spmv_vectorized_static_veclen_32_cpy iter 1: 6.903 ms
Run time csr_spmv_vectorized_static_veclen_32_cpy iter 2: 6.639 ms
Run time csr_spmv_vectorized_static_veclen_32_cpy iter 3: 7.416 ms
Run time csr_spmv_vectorized_static_veclen_32_cpy iter 4: 7.501 ms
Run time csr_spmv_vectorized_static_veclen_32_cpy iter 5: 7.328 ms
Run time csr_spmv_vectorized_static_veclen_32_cpy iter 6: 6.685 ms
Run time csr_spmv_vectorized_static_veclen_32_cpy iter 7: 6.678 ms
Run time csr_spmv_vectorized_static_veclen_32_cpy iter 8: 9.461 ms
Run time csr_spmv_vectorized_static_veclen_32_cpy iter 9: 9.228 ms
Run time csr_spmv_vectorized_static_veclen_64_no_cpy iter 0: 7.753 ms
Run time csr_spmv_vectorized_static_veclen_64_no_cpy iter 1: 9.169 ms
Run time csr_spmv_vectorized_static_veclen_64_no_cpy iter 2: 8.876 ms
Run time csr_spmv_vectorized_static_veclen_64_no_cpy iter 3: 9.522 ms
Run time csr_spmv_vectorized_static_veclen_64_no_cpy iter 4: 8.443 ms
Run time csr_spmv_vectorized_static_veclen_64_no_cpy iter 5: 8.778 ms
Run time csr_spmv_vectorized_static_veclen_64_no_cpy iter 6: 8.807 ms
Run time csr_spmv_vectorized_static_veclen_64_no_cpy iter 7: 8.741 ms
Run time csr_spmv_vectorized_static_veclen_64_no_cpy iter 8: 7.789 ms
Run time csr_spmv_vectorized_static_veclen_64_no_cpy iter 9: 7.808 ms
Run time csr_spmv_vectorized_static_veclen_64_cpy iter 0: 6.960 ms
Run time csr_spmv_vectorized_static_veclen_64_cpy iter 1: 7.495 ms
Run time csr_spmv_vectorized_static_veclen_64_cpy iter 2: 9.663 ms
Run time csr_spmv_vectorized_static_veclen_64_cpy iter 3: 8.369 ms
Run time csr_spmv_vectorized_static_veclen_64_cpy iter 4: 8.191 ms
Run time csr_spmv_vectorized_static_veclen_64_cpy iter 5: 10.404 ms
Run time csr_spmv_vectorized_static_veclen_64_cpy iter 6: 11.247 ms
Run time csr_spmv_vectorized_static_veclen_64_cpy iter 7: 10.204 ms
Run time csr_spmv_vectorized_static_veclen_64_cpy iter 8: 8.808 ms
Run time csr_spmv_vectorized_static_veclen_64_cpy iter 9: 8.787 ms
Run time csr_spmv_vectorized_static_veclen_128_no_cpy iter 0: 7.289 ms
Run time csr_spmv_vectorized_static_veclen_128_no_cpy iter 1: 7.144 ms
Run time csr_spmv_vectorized_static_veclen_128_no_cpy iter 2: 7.403 ms
Run time csr_spmv_vectorized_static_veclen_128_no_cpy iter 3: 7.014 ms
Run time csr_spmv_vectorized_static_veclen_128_no_cpy iter 4: 7.033 ms
Run time csr_spmv_vectorized_static_veclen_128_no_cpy iter 5: 6.878 ms
Run time csr_spmv_vectorized_static_veclen_128_no_cpy iter 6: 6.871 ms
Run time csr_spmv_vectorized_static_veclen_128_no_cpy iter 7: 6.772 ms
Run time csr_spmv_vectorized_static_veclen_128_no_cpy iter 8: 7.068 ms
Run time csr_spmv_vectorized_static_veclen_128_no_cpy iter 9: 6.933 ms
Run time csr_spmv_vectorized_static_veclen_128_cpy iter 0: 10.085 ms
Run time csr_spmv_vectorized_static_veclen_128_cpy iter 1: 9.426 ms
Run time csr_spmv_vectorized_static_veclen_128_cpy iter 2: 9.085 ms
Run time csr_spmv_vectorized_static_veclen_128_cpy iter 3: 9.654 ms
Run time csr_spmv_vectorized_static_veclen_128_cpy iter 4: 9.070 ms
Run time csr_spmv_vectorized_static_veclen_128_cpy iter 5: 8.926 ms
Run time csr_spmv_vectorized_static_veclen_128_cpy iter 6: 8.682 ms
Run time csr_spmv_vectorized_static_veclen_128_cpy iter 7: 8.345 ms
Run time csr_spmv_vectorized_static_veclen_128_cpy iter 8: 8.238 ms
Run time csr_spmv_vectorized_static_veclen_128_cpy iter 9: 8.142 ms
Saved timing results to csr_spmv_timings_1_core.csv.csv
Run time csr_spmv iter 0: 24.935 ms
Run time csr_spmv iter 1: 24.913 ms
Run time csr_spmv iter 2: 24.875 ms
Run time csr_spmv iter 3: 24.875 ms
Run time csr_spmv iter 4: 24.885 ms
Run time csr_spmv iter 5: 24.791 ms
Run time csr_spmv iter 6: 24.705 ms
Run time csr_spmv iter 7: 24.704 ms
Run time csr_spmv iter 8: 24.706 ms
Run time csr_spmv iter 9: 24.676 ms
Run time csr_spmv_vectorized_static_veclen_8_no_cpy iter 0: 26.744 ms
Run time csr_spmv_vectorized_static_veclen_8_no_cpy iter 1: 29.413 ms
Run time csr_spmv_vectorized_static_veclen_8_no_cpy iter 2: 29.065 ms
Run time csr_spmv_vectorized_static_veclen_8_no_cpy iter 3: 28.120 ms
Run time csr_spmv_vectorized_static_veclen_8_no_cpy iter 4: 26.779 ms
Run time csr_spmv_vectorized_static_veclen_8_no_cpy iter 5: 30.919 ms
Run time csr_spmv_vectorized_static_veclen_8_no_cpy iter 6: 27.611 ms
Run time csr_spmv_vectorized_static_veclen_8_no_cpy iter 7: 27.961 ms
Run time csr_spmv_vectorized_static_veclen_8_no_cpy iter 8: 26.917 ms
Run time csr_spmv_vectorized_static_veclen_8_no_cpy iter 9: 26.850 ms
Run time csr_spmv_vectorized_static_veclen_8_cpy iter 0: 35.484 ms
Run time csr_spmv_vectorized_static_veclen_8_cpy iter 1: 36.343 ms
Run time csr_spmv_vectorized_static_veclen_8_cpy iter 2: 29.851 ms
Run time csr_spmv_vectorized_static_veclen_8_cpy iter 3: 27.603 ms
Run time csr_spmv_vectorized_static_veclen_8_cpy iter 4: 26.744 ms
Run time csr_spmv_vectorized_static_veclen_8_cpy iter 5: 26.810 ms
Run time csr_spmv_vectorized_static_veclen_8_cpy iter 6: 28.188 ms
Run time csr_spmv_vectorized_static_veclen_8_cpy iter 7: 26.931 ms
Run time csr_spmv_vectorized_static_veclen_8_cpy iter 8: 28.201 ms
Run time csr_spmv_vectorized_static_veclen_8_cpy iter 9: 27.107 ms
Run time csr_spmv_vectorized_static_veclen_16_no_cpy iter 0: 33.752 ms
Run time csr_spmv_vectorized_static_veclen_16_no_cpy iter 1: 34.143 ms
Run time csr_spmv_vectorized_static_veclen_16_no_cpy iter 2: 38.407 ms
Run time csr_spmv_vectorized_static_veclen_16_no_cpy iter 3: 39.083 ms
Run time csr_spmv_vectorized_static_veclen_16_no_cpy iter 4: 32.693 ms
Run time csr_spmv_vectorized_static_veclen_16_no_cpy iter 5: 30.118 ms
Run time csr_spmv_vectorized_static_veclen_16_no_cpy iter 6: 29.622 ms
Run time csr_spmv_vectorized_static_veclen_16_no_cpy iter 7: 29.471 ms
Run time csr_spmv_vectorized_static_veclen_16_no_cpy iter 8: 29.038 ms
Run time csr_spmv_vectorized_static_veclen_16_no_cpy iter 9: 29.218 ms
Run time csr_spmv_vectorized_static_veclen_16_cpy iter 0: 29.049 ms
Run time csr_spmv_vectorized_static_veclen_16_cpy iter 1: 30.510 ms
Run time csr_spmv_vectorized_static_veclen_16_cpy iter 2: 29.446 ms
Run time csr_spmv_vectorized_static_veclen_16_cpy iter 3: 28.409 ms
Run time csr_spmv_vectorized_static_veclen_16_cpy iter 4: 28.355 ms
Run time csr_spmv_vectorized_static_veclen_16_cpy iter 5: 28.940 ms
Run time csr_spmv_vectorized_static_veclen_16_cpy iter 6: 28.250 ms
Run time csr_spmv_vectorized_static_veclen_16_cpy iter 7: 28.153 ms
Run time csr_spmv_vectorized_static_veclen_16_cpy iter 8: 28.653 ms
Run time csr_spmv_vectorized_static_veclen_16_cpy iter 9: 28.370 ms
Run time csr_spmv_vectorized_static_veclen_32_no_cpy iter 0: 26.731 ms
Run time csr_spmv_vectorized_static_veclen_32_no_cpy iter 1: 26.071 ms
Run time csr_spmv_vectorized_static_veclen_32_no_cpy iter 2: 25.848 ms
Run time csr_spmv_vectorized_static_veclen_32_no_cpy iter 3: 25.168 ms
Run time csr_spmv_vectorized_static_veclen_32_no_cpy iter 4: 25.356 ms
Run time csr_spmv_vectorized_static_veclen_32_no_cpy iter 5: 25.751 ms
Run time csr_spmv_vectorized_static_veclen_32_no_cpy iter 6: 25.175 ms
Run time csr_spmv_vectorized_static_veclen_32_no_cpy iter 7: 25.457 ms
Run time csr_spmv_vectorized_static_veclen_32_no_cpy iter 8: 26.078 ms
Run time csr_spmv_vectorized_static_veclen_32_no_cpy iter 9: 25.978 ms
Run time csr_spmv_vectorized_static_veclen_32_cpy iter 0: 27.563 ms
Run time csr_spmv_vectorized_static_veclen_32_cpy iter 1: 29.113 ms
Run time csr_spmv_vectorized_static_veclen_32_cpy iter 2: 27.486 ms
Run time csr_spmv_vectorized_static_veclen_32_cpy iter 3: 28.219 ms
Run time csr_spmv_vectorized_static_veclen_32_cpy iter 4: 27.393 ms
Run time csr_spmv_vectorized_static_veclen_32_cpy iter 5: 27.357 ms
Run time csr_spmv_vectorized_static_veclen_32_cpy iter 6: 27.262 ms
Run time csr_spmv_vectorized_static_veclen_32_cpy iter 7: 27.603 ms
Run time csr_spmv_vectorized_static_veclen_32_cpy iter 8: 27.987 ms
Run time csr_spmv_vectorized_static_veclen_32_cpy iter 9: 27.979 ms
Run time csr_spmv_vectorized_static_veclen_64_no_cpy iter 0: 28.578 ms
Run time csr_spmv_vectorized_static_veclen_64_no_cpy iter 1: 27.704 ms
Run time csr_spmv_vectorized_static_veclen_64_no_cpy iter 2: 27.616 ms
Run time csr_spmv_vectorized_static_veclen_64_no_cpy iter 3: 27.057 ms
Run time csr_spmv_vectorized_static_veclen_64_no_cpy iter 4: 27.480 ms
Run time csr_spmv_vectorized_static_veclen_64_no_cpy iter 5: 27.155 ms
Run time csr_spmv_vectorized_static_veclen_64_no_cpy iter 6: 26.852 ms
Run time csr_spmv_vectorized_static_veclen_64_no_cpy iter 7: 26.716 ms
Run time csr_spmv_vectorized_static_veclen_64_no_cpy iter 8: 27.077 ms
Run time csr_spmv_vectorized_static_veclen_64_no_cpy iter 9: 26.687 ms
Run time csr_spmv_vectorized_static_veclen_64_cpy iter 0: 28.510 ms
Run time csr_spmv_vectorized_static_veclen_64_cpy iter 1: 29.377 ms
Run time csr_spmv_vectorized_static_veclen_64_cpy iter 2: 28.347 ms
Run time csr_spmv_vectorized_static_veclen_64_cpy iter 3: 29.480 ms
Run time csr_spmv_vectorized_static_veclen_64_cpy iter 4: 28.253 ms
Run time csr_spmv_vectorized_static_veclen_64_cpy iter 5: 28.276 ms
Run time csr_spmv_vectorized_static_veclen_64_cpy iter 6: 29.205 ms
Run time csr_spmv_vectorized_static_veclen_64_cpy iter 7: 28.850 ms
Run time csr_spmv_vectorized_static_veclen_64_cpy iter 8: 29.171 ms
Run time csr_spmv_vectorized_static_veclen_64_cpy iter 9: 28.659 ms
Run time csr_spmv_vectorized_static_veclen_128_no_cpy iter 0: 32.885 ms
Run time csr_spmv_vectorized_static_veclen_128_no_cpy iter 1: 32.389 ms
Run time csr_spmv_vectorized_static_veclen_128_no_cpy iter 2: 31.669 ms
Run time csr_spmv_vectorized_static_veclen_128_no_cpy iter 3: 30.382 ms
Run time csr_spmv_vectorized_static_veclen_128_no_cpy iter 4: 30.192 ms
Run time csr_spmv_vectorized_static_veclen_128_no_cpy iter 5: 30.188 ms
Run time csr_spmv_vectorized_static_veclen_128_no_cpy iter 6: 30.250 ms
Run time csr_spmv_vectorized_static_veclen_128_no_cpy iter 7: 30.098 ms
Run time csr_spmv_vectorized_static_veclen_128_no_cpy iter 8: 30.040 ms
Run time csr_spmv_vectorized_static_veclen_128_no_cpy iter 9: 30.106 ms
Run time csr_spmv_vectorized_static_veclen_128_cpy iter 0: 37.049 ms
Run time csr_spmv_vectorized_static_veclen_128_cpy iter 1: 39.032 ms
Run time csr_spmv_vectorized_static_veclen_128_cpy iter 2: 37.848 ms
Run time csr_spmv_vectorized_static_veclen_128_cpy iter 3: 36.620 ms
Run time csr_spmv_vectorized_static_veclen_128_cpy iter 4: 36.838 ms
Run time csr_spmv_vectorized_static_veclen_128_cpy iter 5: 37.731 ms
Run time csr_spmv_vectorized_static_veclen_128_cpy iter 6: 40.957 ms
Run time csr_spmv_vectorized_static_veclen_128_cpy iter 7: 37.591 ms
Run time csr_spmv_vectorized_static_veclen_128_cpy iter 8: 36.653 ms
Run time csr_spmv_vectorized_static_veclen_128_cpy iter 9: 37.295 ms
Saved timing results to csr_spmv_timings_1_core.csv.csv
Run time csr_spmv iter 0: 101.749 ms
Run time csr_spmv iter 1: 102.800 ms
Run time csr_spmv iter 2: 102.364 ms
Run time csr_spmv iter 3: 102.643 ms
Run time csr_spmv iter 4: 102.398 ms
Run time csr_spmv iter 5: 105.763 ms
Run time csr_spmv iter 6: 103.292 ms
Run time csr_spmv iter 7: 102.042 ms
Run time csr_spmv iter 8: 103.100 ms
Run time csr_spmv iter 9: 105.618 ms
Run time csr_spmv_vectorized_static_veclen_8_no_cpy iter 0: 109.982 ms
Run time csr_spmv_vectorized_static_veclen_8_no_cpy iter 1: 110.302 ms
Run time csr_spmv_vectorized_static_veclen_8_no_cpy iter 2: 109.215 ms
Run time csr_spmv_vectorized_static_veclen_8_no_cpy iter 3: 109.073 ms
Run time csr_spmv_vectorized_static_veclen_8_no_cpy iter 4: 109.862 ms
Run time csr_spmv_vectorized_static_veclen_8_no_cpy iter 5: 108.390 ms
Run time csr_spmv_vectorized_static_veclen_8_no_cpy iter 6: 108.369 ms
Run time csr_spmv_vectorized_static_veclen_8_no_cpy iter 7: 109.146 ms
Run time csr_spmv_vectorized_static_veclen_8_no_cpy iter 8: 110.287 ms
Run time csr_spmv_vectorized_static_veclen_8_no_cpy iter 9: 113.789 ms
Run time csr_spmv_vectorized_static_veclen_8_cpy iter 0: 114.522 ms
Run time csr_spmv_vectorized_static_veclen_8_cpy iter 1: 113.119 ms
Run time csr_spmv_vectorized_static_veclen_8_cpy iter 2: 120.312 ms
Run time csr_spmv_vectorized_static_veclen_8_cpy iter 3: 114.800 ms
Run time csr_spmv_vectorized_static_veclen_8_cpy iter 4: 113.556 ms
Run time csr_spmv_vectorized_static_veclen_8_cpy iter 5: 113.335 ms
Run time csr_spmv_vectorized_static_veclen_8_cpy iter 6: 112.934 ms
Run time csr_spmv_vectorized_static_veclen_8_cpy iter 7: 111.626 ms
Run time csr_spmv_vectorized_static_veclen_8_cpy iter 8: 110.759 ms
Run time csr_spmv_vectorized_static_veclen_8_cpy iter 9: 111.388 ms
Run time csr_spmv_vectorized_static_veclen_16_no_cpy iter 0: 119.720 ms
Run time csr_spmv_vectorized_static_veclen_16_no_cpy iter 1: 123.299 ms
Run time csr_spmv_vectorized_static_veclen_16_no_cpy iter 2: 121.452 ms
Run time csr_spmv_vectorized_static_veclen_16_no_cpy iter 3: 124.292 ms
Run time csr_spmv_vectorized_static_veclen_16_no_cpy iter 4: 135.953 ms
Run time csr_spmv_vectorized_static_veclen_16_no_cpy iter 5: 136.155 ms
Run time csr_spmv_vectorized_static_veclen_16_no_cpy iter 6: 133.188 ms
Run time csr_spmv_vectorized_static_veclen_16_no_cpy iter 7: 126.082 ms
Run time csr_spmv_vectorized_static_veclen_16_no_cpy iter 8: 122.333 ms
Run time csr_spmv_vectorized_static_veclen_16_no_cpy iter 9: 122.218 ms
Run time csr_spmv_vectorized_static_veclen_16_cpy iter 0: 122.780 ms
Run time csr_spmv_vectorized_static_veclen_16_cpy iter 1: 122.122 ms
Run time csr_spmv_vectorized_static_veclen_16_cpy iter 2: 119.501 ms
Run time csr_spmv_vectorized_static_veclen_16_cpy iter 3: 118.669 ms
Run time csr_spmv_vectorized_static_veclen_16_cpy iter 4: 120.798 ms
Run time csr_spmv_vectorized_static_veclen_16_cpy iter 5: 122.547 ms
Run time csr_spmv_vectorized_static_veclen_16_cpy iter 6: 120.494 ms
Run time csr_spmv_vectorized_static_veclen_16_cpy iter 7: 121.896 ms
Run time csr_spmv_vectorized_static_veclen_16_cpy iter 8: 118.372 ms
Run time csr_spmv_vectorized_static_veclen_16_cpy iter 9: 123.336 ms
Run time csr_spmv_vectorized_static_veclen_32_no_cpy iter 0: 103.263 ms
Run time csr_spmv_vectorized_static_veclen_32_no_cpy iter 1: 105.436 ms
Run time csr_spmv_vectorized_static_veclen_32_no_cpy iter 2: 103.227 ms
Run time csr_spmv_vectorized_static_veclen_32_no_cpy iter 3: 104.136 ms
Run time csr_spmv_vectorized_static_veclen_32_no_cpy iter 4: 103.518 ms
Run time csr_spmv_vectorized_static_veclen_32_no_cpy iter 5: 102.943 ms
Run time csr_spmv_vectorized_static_veclen_32_no_cpy iter 6: 103.034 ms
Run time csr_spmv_vectorized_static_veclen_32_no_cpy iter 7: 103.294 ms
Run time csr_spmv_vectorized_static_veclen_32_no_cpy iter 8: 103.342 ms
Run time csr_spmv_vectorized_static_veclen_32_no_cpy iter 9: 103.852 ms
Run time csr_spmv_vectorized_static_veclen_32_cpy iter 0: 117.235 ms
Run time csr_spmv_vectorized_static_veclen_32_cpy iter 1: 118.363 ms
Run time csr_spmv_vectorized_static_veclen_32_cpy iter 2: 114.537 ms
Run time csr_spmv_vectorized_static_veclen_32_cpy iter 3: 113.025 ms
Run time csr_spmv_vectorized_static_veclen_32_cpy iter 4: 112.372 ms
Run time csr_spmv_vectorized_static_veclen_32_cpy iter 5: 111.735 ms
Run time csr_spmv_vectorized_static_veclen_32_cpy iter 6: 112.272 ms
Run time csr_spmv_vectorized_static_veclen_32_cpy iter 7: 112.144 ms
Run time csr_spmv_vectorized_static_veclen_32_cpy iter 8: 114.134 ms
Run time csr_spmv_vectorized_static_veclen_32_cpy iter 9: 116.834 ms
Run time csr_spmv_vectorized_static_veclen_64_no_cpy iter 0: 112.116 ms
Run time csr_spmv_vectorized_static_veclen_64_no_cpy iter 1: 113.678 ms
Run time csr_spmv_vectorized_static_veclen_64_no_cpy iter 2: 112.943 ms
Run time csr_spmv_vectorized_static_veclen_64_no_cpy iter 3: 112.723 ms
Run time csr_spmv_vectorized_static_veclen_64_no_cpy iter 4: 112.286 ms
Run time csr_spmv_vectorized_static_veclen_64_no_cpy iter 5: 112.447 ms
Run time csr_spmv_vectorized_static_veclen_64_no_cpy iter 6: 113.289 ms
Run time csr_spmv_vectorized_static_veclen_64_no_cpy iter 7: 112.776 ms
Run time csr_spmv_vectorized_static_veclen_64_no_cpy iter 8: 111.629 ms
Run time csr_spmv_vectorized_static_veclen_64_no_cpy iter 9: 112.896 ms
Run time csr_spmv_vectorized_static_veclen_64_cpy iter 0: 117.985 ms
Run time csr_spmv_vectorized_static_veclen_64_cpy iter 1: 122.008 ms
Run time csr_spmv_vectorized_static_veclen_64_cpy iter 2: 122.027 ms
Run time csr_spmv_vectorized_static_veclen_64_cpy iter 3: 121.790 ms
Run time csr_spmv_vectorized_static_veclen_64_cpy iter 4: 120.004 ms
Run time csr_spmv_vectorized_static_veclen_64_cpy iter 5: 122.600 ms
Run time csr_spmv_vectorized_static_veclen_64_cpy iter 6: 118.629 ms
Run time csr_spmv_vectorized_static_veclen_64_cpy iter 7: 122.644 ms
Run time csr_spmv_vectorized_static_veclen_64_cpy iter 8: 119.536 ms
Run time csr_spmv_vectorized_static_veclen_64_cpy iter 9: 123.750 ms
Run time csr_spmv_vectorized_static_veclen_128_no_cpy iter 0: 126.503 ms
Run time csr_spmv_vectorized_static_veclen_128_no_cpy iter 1: 126.423 ms
Run time csr_spmv_vectorized_static_veclen_128_no_cpy iter 2: 126.080 ms
Run time csr_spmv_vectorized_static_veclen_128_no_cpy iter 3: 125.297 ms
Run time csr_spmv_vectorized_static_veclen_128_no_cpy iter 4: 125.000 ms
Run time csr_spmv_vectorized_static_veclen_128_no_cpy iter 5: 126.347 ms
Run time csr_spmv_vectorized_static_veclen_128_no_cpy iter 6: 126.554 ms
Run time csr_spmv_vectorized_static_veclen_128_no_cpy iter 7: 126.242 ms
Run time csr_spmv_vectorized_static_veclen_128_no_cpy iter 8: 124.031 ms
Run time csr_spmv_vectorized_static_veclen_128_no_cpy iter 9: 126.793 ms
Run time csr_spmv_vectorized_static_veclen_128_cpy iter 0: 150.398 ms
Run time csr_spmv_vectorized_static_veclen_128_cpy iter 1: 150.040 ms
Run time csr_spmv_vectorized_static_veclen_128_cpy iter 2: 151.756 ms
Run time csr_spmv_vectorized_static_veclen_128_cpy iter 3: 150.648 ms
Run time csr_spmv_vectorized_static_veclen_128_cpy iter 4: 150.071 ms
Run time csr_spmv_vectorized_static_veclen_128_cpy iter 5: 154.631 ms
Run time csr_spmv_vectorized_static_veclen_128_cpy iter 6: 155.072 ms
Run time csr_spmv_vectorized_static_veclen_128_cpy iter 7: 155.416 ms
Run time csr_spmv_vectorized_static_veclen_128_cpy iter 8: 156.038 ms
Run time csr_spmv_vectorized_static_veclen_128_cpy iter 9: 161.787 ms
Saved timing results to csr_spmv_timings_1_core.csv.csv
