/scratch/ybudanaz/dace/dace/sdfg/propagation.py:1508: UserWarning: Cannot find appropriate memlet pattern to propagate idx through __map_316_b0:__map_316_e1
  warnings.warn('Cannot find appropriate memlet pattern to '
/scratch/ybudanaz/dace/dace/sdfg/propagation.py:1508: UserWarning: Cannot find appropriate memlet pattern to propagate i through 0:__map_312_e0
  warnings.warn('Cannot find appropriate memlet pattern to '
/scratch/ybudanaz/dace/dace/sdfg/propagation.py:1508: UserWarning: Cannot find appropriate memlet pattern to propagate i + 1 through 0:__map_312_e0
  warnings.warn('Cannot find appropriate memlet pattern to '
Traceback (most recent call last):
  File "/scratch/ybudanaz/dace/dace/codegen/compiler.py", line 224, in configure_and_compile
    _run_liveoutput(cmake_command, shell=True, cwd=build_folder, output_stream=output_stream)
  File "/scratch/ybudanaz/dace/dace/codegen/compiler.py", line 429, in _run_liveoutput
    raise subprocess.CalledProcessError(process.returncode, command, output.getvalue())
subprocess.CalledProcessError: Command 'cmake  "/scratch/ybudanaz/dace/dace/codegen" -DDACE_SRC_DIR="/scratch/ybudanaz/data_must_flow_artifacts/csr_spmv/llvm/amd_epyc/.dacecache/spmv_csr/src" -DDACE_FILES="cpu/spmv_csr.cpp" -DDACE_PROGRAM_NAME=spmv_csr -DDACE_ENV_CMAKE_FILES="" -DDACE_ENV_COMPILE_FLAGS="" -DDACE_ENV_INCLUDES="" -DDACE_ENV_LIBRARIES="" -DDACE_ENV_MINIMUM_VERSION=0 -DDACE_ENV_PACKAGES="" -DDACE_ENV_VAR_KEYS="" -DDACE_ENV_VAR_VALUES="" -DCMAKE_CXX_FLAGS="-fopenmp -std=c++17 -faligned-new -fPIC -Wall -Wextra -O3 -march=native -ffast-math -Wno-unused-parameter -Wno-unused-label" -DDACE_LIBS="" -DCMAKE_BUILD_TYPE=RelWithDebInfo -DCMAKE_SHARED_LINKER_FLAGS="-Wl,--disable-new-dtags"' returned non-zero exit status 1.

During handling of the above exception, another exception occurred:

Traceback (most recent call last):
  File "/scratch/ybudanaz/data_must_flow_artifacts/csr_spmv/llvm/amd_epyc/csr_gemmver.py", line 323, in <module>
    all_timings["spmv_csr", size] = run_sdfg_multiple_times(
                                    ^^^^^^^^^^^^^^^^^^^^^^^^
  File "/scratch/ybudanaz/data_must_flow_artifacts/csr_spmv/llvm/amd_epyc/csr_gemmver.py", line 222, in run_sdfg_multiple_times
    compiled = sdfg.compile()
               ^^^^^^^^^^^^^^
  File "/scratch/ybudanaz/dace/dace/sdfg/sdfg.py", line 2436, in compile
    shared_library = compiler.configure_and_compile(program_folder, sdfg.name)
                     ^^^^^^^^^^^^^^^^^^^^^^^^^^^^^^^^^^^^^^^^^^^^^^^^^^^^^^^^^
  File "/scratch/ybudanaz/dace/dace/codegen/compiler.py", line 230, in configure_and_compile
    os.makedirs(build_folder)
  File "<frozen os>", line 225, in makedirs
FileExistsError: [Errno 17] File exists: '/scratch/ybudanaz/data_must_flow_artifacts/csr_spmv/llvm/amd_epyc/.dacecache/spmv_csr/build'
