Physical cores: 128
Run time spmv_csr iter 0: 0.724 ms
Run time spmv_csr iter 1: 0.757 ms
Run time spmv_csr iter 2: 0.755 ms
Run time spmv_csr iter 3: 0.747 ms
Run time spmv_csr iter 4: 0.749 ms
Run time spmv_csr iter 5: 0.744 ms
Run time spmv_csr iter 6: 0.747 ms
Run time spmv_csr iter 7: 0.749 ms
Run time spmv_csr iter 8: 0.745 ms
Run time spmv_csr iter 9: 0.724 ms
Run time csr_spmv_vectorized_static_veclen_8_no_cpy iter 0: 0.851 ms
Run time csr_spmv_vectorized_static_veclen_8_no_cpy iter 1: 0.894 ms
Run time csr_spmv_vectorized_static_veclen_8_no_cpy iter 2: 0.927 ms
Run time csr_spmv_vectorized_static_veclen_8_no_cpy iter 3: 0.834 ms
Run time csr_spmv_vectorized_static_veclen_8_no_cpy iter 4: 0.842 ms
Run time csr_spmv_vectorized_static_veclen_8_no_cpy iter 5: 0.862 ms
Run time csr_spmv_vectorized_static_veclen_8_no_cpy iter 6: 0.833 ms
Run time csr_spmv_vectorized_static_veclen_8_no_cpy iter 7: 0.824 ms
Run time csr_spmv_vectorized_static_veclen_8_no_cpy iter 8: 0.837 ms
Run time csr_spmv_vectorized_static_veclen_8_no_cpy iter 9: 0.819 ms
Run time csr_spmv_vectorized_static_veclen_8_cpy iter 0: 0.952 ms
Run time csr_spmv_vectorized_static_veclen_8_cpy iter 1: 0.854 ms
Run time csr_spmv_vectorized_static_veclen_8_cpy iter 2: 0.857 ms
Run time csr_spmv_vectorized_static_veclen_8_cpy iter 3: 0.820 ms
Run time csr_spmv_vectorized_static_veclen_8_cpy iter 4: 0.845 ms
Run time csr_spmv_vectorized_static_veclen_8_cpy iter 5: 0.843 ms
Run time csr_spmv_vectorized_static_veclen_8_cpy iter 6: 0.869 ms
Run time csr_spmv_vectorized_static_veclen_8_cpy iter 7: 0.943 ms
Run time csr_spmv_vectorized_static_veclen_8_cpy iter 8: 0.845 ms
Run time csr_spmv_vectorized_static_veclen_8_cpy iter 9: 0.775 ms
Run time csr_spmv_vectorized_static_veclen_16_no_cpy iter 0: 0.764 ms
Run time csr_spmv_vectorized_static_veclen_16_no_cpy iter 1: 0.737 ms
Run time csr_spmv_vectorized_static_veclen_16_no_cpy iter 2: 0.742 ms
Run time csr_spmv_vectorized_static_veclen_16_no_cpy iter 3: 0.749 ms
Run time csr_spmv_vectorized_static_veclen_16_no_cpy iter 4: 0.750 ms
Run time csr_spmv_vectorized_static_veclen_16_no_cpy iter 5: 0.783 ms
Run time csr_spmv_vectorized_static_veclen_16_no_cpy iter 6: 0.743 ms
Run time csr_spmv_vectorized_static_veclen_16_no_cpy iter 7: 0.739 ms
Run time csr_spmv_vectorized_static_veclen_16_no_cpy iter 8: 0.741 ms
Run time csr_spmv_vectorized_static_veclen_16_no_cpy iter 9: 0.753 ms
Run time csr_spmv_vectorized_static_veclen_16_cpy iter 0: 0.761 ms
Run time csr_spmv_vectorized_static_veclen_16_cpy iter 1: 0.767 ms
Run time csr_spmv_vectorized_static_veclen_16_cpy iter 2: 0.773 ms
Run time csr_spmv_vectorized_static_veclen_16_cpy iter 3: 0.780 ms
Run time csr_spmv_vectorized_static_veclen_16_cpy iter 4: 0.769 ms
Run time csr_spmv_vectorized_static_veclen_16_cpy iter 5: 0.806 ms
Run time csr_spmv_vectorized_static_veclen_16_cpy iter 6: 0.758 ms
Run time csr_spmv_vectorized_static_veclen_16_cpy iter 7: 0.749 ms
Run time csr_spmv_vectorized_static_veclen_16_cpy iter 8: 0.761 ms
Run time csr_spmv_vectorized_static_veclen_16_cpy iter 9: 0.750 ms
Run time csr_spmv_vectorized_static_veclen_32_no_cpy iter 0: 0.850 ms
Run time csr_spmv_vectorized_static_veclen_32_no_cpy iter 1: 0.859 ms
Run time csr_spmv_vectorized_static_veclen_32_no_cpy iter 2: 0.825 ms
Run time csr_spmv_vectorized_static_veclen_32_no_cpy iter 3: 0.880 ms
Run time csr_spmv_vectorized_static_veclen_32_no_cpy iter 4: 0.891 ms
Run time csr_spmv_vectorized_static_veclen_32_no_cpy iter 5: 0.893 ms
Run time csr_spmv_vectorized_static_veclen_32_no_cpy iter 6: 0.867 ms
Run time csr_spmv_vectorized_static_veclen_32_no_cpy iter 7: 0.869 ms
Run time csr_spmv_vectorized_static_veclen_32_no_cpy iter 8: 0.879 ms
Run time csr_spmv_vectorized_static_veclen_32_no_cpy iter 9: 0.864 ms
Run time csr_spmv_vectorized_static_veclen_32_cpy iter 0: 0.915 ms
Run time csr_spmv_vectorized_static_veclen_32_cpy iter 1: 0.942 ms
Run time csr_spmv_vectorized_static_veclen_32_cpy iter 2: 0.918 ms
Run time csr_spmv_vectorized_static_veclen_32_cpy iter 3: 0.938 ms
Run time csr_spmv_vectorized_static_veclen_32_cpy iter 4: 0.905 ms
Run time csr_spmv_vectorized_static_veclen_32_cpy iter 5: 0.954 ms
Run time csr_spmv_vectorized_static_veclen_32_cpy iter 6: 0.939 ms
Run time csr_spmv_vectorized_static_veclen_32_cpy iter 7: 0.935 ms
Run time csr_spmv_vectorized_static_veclen_32_cpy iter 8: 0.933 ms
Run time csr_spmv_vectorized_static_veclen_32_cpy iter 9: 0.985 ms
Saved timing results to csr_spmv_timings_1_core.csv.csv
Run time spmv_csr iter 0: 3.050 ms
Run time spmv_csr iter 1: 3.053 ms
Run time spmv_csr iter 2: 3.047 ms
Run time spmv_csr iter 3: 3.324 ms
Run time spmv_csr iter 4: 3.060 ms
Run time spmv_csr iter 5: 3.062 ms
Run time spmv_csr iter 6: 3.036 ms
Run time spmv_csr iter 7: 3.010 ms
Run time spmv_csr iter 8: 3.058 ms
Run time spmv_csr iter 9: 3.063 ms
Run time csr_spmv_vectorized_static_veclen_8_no_cpy iter 0: 3.433 ms
Run time csr_spmv_vectorized_static_veclen_8_no_cpy iter 1: 3.398 ms
Run time csr_spmv_vectorized_static_veclen_8_no_cpy iter 2: 3.397 ms
Run time csr_spmv_vectorized_static_veclen_8_no_cpy iter 3: 3.433 ms
Run time csr_spmv_vectorized_static_veclen_8_no_cpy iter 4: 3.438 ms
Run time csr_spmv_vectorized_static_veclen_8_no_cpy iter 5: 3.391 ms
Run time csr_spmv_vectorized_static_veclen_8_no_cpy iter 6: 3.409 ms
Run time csr_spmv_vectorized_static_veclen_8_no_cpy iter 7: 3.398 ms
Run time csr_spmv_vectorized_static_veclen_8_no_cpy iter 8: 3.413 ms
Run time csr_spmv_vectorized_static_veclen_8_no_cpy iter 9: 3.400 ms
Run time csr_spmv_vectorized_static_veclen_8_cpy iter 0: 3.398 ms
Run time csr_spmv_vectorized_static_veclen_8_cpy iter 1: 3.304 ms
Run time csr_spmv_vectorized_static_veclen_8_cpy iter 2: 3.304 ms
Run time csr_spmv_vectorized_static_veclen_8_cpy iter 3: 3.275 ms
Run time csr_spmv_vectorized_static_veclen_8_cpy iter 4: 3.369 ms
Run time csr_spmv_vectorized_static_veclen_8_cpy iter 5: 3.323 ms
Run time csr_spmv_vectorized_static_veclen_8_cpy iter 6: 3.314 ms
Run time csr_spmv_vectorized_static_veclen_8_cpy iter 7: 3.341 ms
Run time csr_spmv_vectorized_static_veclen_8_cpy iter 8: 3.302 ms
Run time csr_spmv_vectorized_static_veclen_8_cpy iter 9: 3.317 ms
Run time csr_spmv_vectorized_static_veclen_16_no_cpy iter 0: 3.055 ms
Run time csr_spmv_vectorized_static_veclen_16_no_cpy iter 1: 3.061 ms
Run time csr_spmv_vectorized_static_veclen_16_no_cpy iter 2: 3.070 ms
Run time csr_spmv_vectorized_static_veclen_16_no_cpy iter 3: 3.083 ms
Run time csr_spmv_vectorized_static_veclen_16_no_cpy iter 4: 3.064 ms
Run time csr_spmv_vectorized_static_veclen_16_no_cpy iter 5: 3.053 ms
Run time csr_spmv_vectorized_static_veclen_16_no_cpy iter 6: 3.061 ms
Run time csr_spmv_vectorized_static_veclen_16_no_cpy iter 7: 3.070 ms
Run time csr_spmv_vectorized_static_veclen_16_no_cpy iter 8: 3.079 ms
Run time csr_spmv_vectorized_static_veclen_16_no_cpy iter 9: 3.091 ms
Run time csr_spmv_vectorized_static_veclen_16_cpy iter 0: 3.122 ms
Run time csr_spmv_vectorized_static_veclen_16_cpy iter 1: 3.113 ms
Run time csr_spmv_vectorized_static_veclen_16_cpy iter 2: 3.032 ms
Run time csr_spmv_vectorized_static_veclen_16_cpy iter 3: 3.104 ms
Run time csr_spmv_vectorized_static_veclen_16_cpy iter 4: 3.100 ms
Run time csr_spmv_vectorized_static_veclen_16_cpy iter 5: 3.005 ms
Run time csr_spmv_vectorized_static_veclen_16_cpy iter 6: 3.037 ms
Run time csr_spmv_vectorized_static_veclen_16_cpy iter 7: 2.993 ms
Run time csr_spmv_vectorized_static_veclen_16_cpy iter 8: 3.004 ms
Run time csr_spmv_vectorized_static_veclen_16_cpy iter 9: 3.046 ms
Run time csr_spmv_vectorized_static_veclen_32_no_cpy iter 0: 3.336 ms
Run time csr_spmv_vectorized_static_veclen_32_no_cpy iter 1: 3.295 ms
Run time csr_spmv_vectorized_static_veclen_32_no_cpy iter 2: 3.321 ms
Run time csr_spmv_vectorized_static_veclen_32_no_cpy iter 3: 3.327 ms
Run time csr_spmv_vectorized_static_veclen_32_no_cpy iter 4: 3.283 ms
Run time csr_spmv_vectorized_static_veclen_32_no_cpy iter 5: 3.376 ms
Run time csr_spmv_vectorized_static_veclen_32_no_cpy iter 6: 3.306 ms
Run time csr_spmv_vectorized_static_veclen_32_no_cpy iter 7: 3.519 ms
Run time csr_spmv_vectorized_static_veclen_32_no_cpy iter 8: 3.505 ms
Run time csr_spmv_vectorized_static_veclen_32_no_cpy iter 9: 3.649 ms
Run time csr_spmv_vectorized_static_veclen_32_cpy iter 0: 4.365 ms
Run time csr_spmv_vectorized_static_veclen_32_cpy iter 1: 4.072 ms
Run time csr_spmv_vectorized_static_veclen_32_cpy iter 2: 4.102 ms
Run time csr_spmv_vectorized_static_veclen_32_cpy iter 3: 4.107 ms
Run time csr_spmv_vectorized_static_veclen_32_cpy iter 4: 3.971 ms
Run time csr_spmv_vectorized_static_veclen_32_cpy iter 5: 4.197 ms
Run time csr_spmv_vectorized_static_veclen_32_cpy iter 6: 4.042 ms
Run time csr_spmv_vectorized_static_veclen_32_cpy iter 7: 3.948 ms
Run time csr_spmv_vectorized_static_veclen_32_cpy iter 8: 4.020 ms
Run time csr_spmv_vectorized_static_veclen_32_cpy iter 9: 3.976 ms
Saved timing results to csr_spmv_timings_1_core.csv.csv
Run time spmv_csr iter 0: 13.577 ms
Run time spmv_csr iter 1: 13.364 ms
Run time spmv_csr iter 2: 13.183 ms
Run time spmv_csr iter 3: 13.003 ms
Run time spmv_csr iter 4: 13.348 ms
Run time spmv_csr iter 5: 12.965 ms
Run time spmv_csr iter 6: 14.326 ms
Run time spmv_csr iter 7: 13.012 ms
Run time spmv_csr iter 8: 13.908 ms
Run time spmv_csr iter 9: 13.999 ms
Run time csr_spmv_vectorized_static_veclen_8_no_cpy iter 0: 14.868 ms
Run time csr_spmv_vectorized_static_veclen_8_no_cpy iter 1: 15.053 ms
Run time csr_spmv_vectorized_static_veclen_8_no_cpy iter 2: 14.708 ms
Run time csr_spmv_vectorized_static_veclen_8_no_cpy iter 3: 16.409 ms
Run time csr_spmv_vectorized_static_veclen_8_no_cpy iter 4: 16.325 ms
Run time csr_spmv_vectorized_static_veclen_8_no_cpy iter 5: 15.066 ms
Run time csr_spmv_vectorized_static_veclen_8_no_cpy iter 6: 15.413 ms
Run time csr_spmv_vectorized_static_veclen_8_no_cpy iter 7: 14.836 ms
Run time csr_spmv_vectorized_static_veclen_8_no_cpy iter 8: 15.307 ms
Run time csr_spmv_vectorized_static_veclen_8_no_cpy iter 9: 18.955 ms
Run time csr_spmv_vectorized_static_veclen_8_cpy iter 0: 14.797 ms
Run time csr_spmv_vectorized_static_veclen_8_cpy iter 1: 14.780 ms
Run time csr_spmv_vectorized_static_veclen_8_cpy iter 2: 15.006 ms
Run time csr_spmv_vectorized_static_veclen_8_cpy iter 3: 14.876 ms
Run time csr_spmv_vectorized_static_veclen_8_cpy iter 4: 14.562 ms
Run time csr_spmv_vectorized_static_veclen_8_cpy iter 5: 14.855 ms
Run time csr_spmv_vectorized_static_veclen_8_cpy iter 6: 14.895 ms
Run time csr_spmv_vectorized_static_veclen_8_cpy iter 7: 15.224 ms
Run time csr_spmv_vectorized_static_veclen_8_cpy iter 8: 14.882 ms
Run time csr_spmv_vectorized_static_veclen_8_cpy iter 9: 14.789 ms
Run time csr_spmv_vectorized_static_veclen_16_no_cpy iter 0: 13.251 ms
Run time csr_spmv_vectorized_static_veclen_16_no_cpy iter 1: 13.352 ms
Run time csr_spmv_vectorized_static_veclen_16_no_cpy iter 2: 13.327 ms
Run time csr_spmv_vectorized_static_veclen_16_no_cpy iter 3: 13.237 ms
Run time csr_spmv_vectorized_static_veclen_16_no_cpy iter 4: 13.503 ms
Run time csr_spmv_vectorized_static_veclen_16_no_cpy iter 5: 13.947 ms
Run time csr_spmv_vectorized_static_veclen_16_no_cpy iter 6: 13.195 ms
Run time csr_spmv_vectorized_static_veclen_16_no_cpy iter 7: 13.574 ms
Run time csr_spmv_vectorized_static_veclen_16_no_cpy iter 8: 13.711 ms
Run time csr_spmv_vectorized_static_veclen_16_no_cpy iter 9: 13.282 ms
Run time csr_spmv_vectorized_static_veclen_16_cpy iter 0: 13.093 ms
Run time csr_spmv_vectorized_static_veclen_16_cpy iter 1: 12.989 ms
Run time csr_spmv_vectorized_static_veclen_16_cpy iter 2: 13.012 ms
Run time csr_spmv_vectorized_static_veclen_16_cpy iter 3: 13.010 ms
Run time csr_spmv_vectorized_static_veclen_16_cpy iter 4: 13.041 ms
Run time csr_spmv_vectorized_static_veclen_16_cpy iter 5: 13.243 ms
Run time csr_spmv_vectorized_static_veclen_16_cpy iter 6: 12.988 ms
Run time csr_spmv_vectorized_static_veclen_16_cpy iter 7: 13.005 ms
Run time csr_spmv_vectorized_static_veclen_16_cpy iter 8: 13.007 ms
Run time csr_spmv_vectorized_static_veclen_16_cpy iter 9: 13.002 ms
Run time csr_spmv_vectorized_static_veclen_32_no_cpy iter 0: 14.752 ms
Run time csr_spmv_vectorized_static_veclen_32_no_cpy iter 1: 14.677 ms
Run time csr_spmv_vectorized_static_veclen_32_no_cpy iter 2: 14.907 ms
Run time csr_spmv_vectorized_static_veclen_32_no_cpy iter 3: 14.508 ms
Run time csr_spmv_vectorized_static_veclen_32_no_cpy iter 4: 15.162 ms
Run time csr_spmv_vectorized_static_veclen_32_no_cpy iter 5: 14.522 ms
Run time csr_spmv_vectorized_static_veclen_32_no_cpy iter 6: 14.693 ms
Run time csr_spmv_vectorized_static_veclen_32_no_cpy iter 7: 14.595 ms
Run time csr_spmv_vectorized_static_veclen_32_no_cpy iter 8: 15.066 ms
Run time csr_spmv_vectorized_static_veclen_32_no_cpy iter 9: 15.019 ms
Run time csr_spmv_vectorized_static_veclen_32_cpy iter 0: 18.227 ms
Run time csr_spmv_vectorized_static_veclen_32_cpy iter 1: 18.205 ms
Run time csr_spmv_vectorized_static_veclen_32_cpy iter 2: 17.930 ms
Run time csr_spmv_vectorized_static_veclen_32_cpy iter 3: 17.908 ms
Run time csr_spmv_vectorized_static_veclen_32_cpy iter 4: 18.531 ms
Run time csr_spmv_vectorized_static_veclen_32_cpy iter 5: 18.052 ms
Run time csr_spmv_vectorized_static_veclen_32_cpy iter 6: 17.866 ms
Run time csr_spmv_vectorized_static_veclen_32_cpy iter 7: 18.334 ms
Run time csr_spmv_vectorized_static_veclen_32_cpy iter 8: 17.833 ms
Run time csr_spmv_vectorized_static_veclen_32_cpy iter 9: 18.316 ms
Saved timing results to csr_spmv_timings_1_core.csv.csv
Run time spmv_csr iter 0: 49.018 ms
Run time spmv_csr iter 1: 48.925 ms
Run time spmv_csr iter 2: 48.838 ms
Run time spmv_csr iter 3: 49.183 ms
Run time spmv_csr iter 4: 49.059 ms
Run time spmv_csr iter 5: 48.722 ms
Run time spmv_csr iter 6: 48.831 ms
Run time spmv_csr iter 7: 49.008 ms
Run time spmv_csr iter 8: 49.793 ms
Run time spmv_csr iter 9: 49.237 ms
Run time csr_spmv_vectorized_static_veclen_8_no_cpy iter 0: 55.680 ms
Run time csr_spmv_vectorized_static_veclen_8_no_cpy iter 1: 56.073 ms
Run time csr_spmv_vectorized_static_veclen_8_no_cpy iter 2: 54.778 ms
Run time csr_spmv_vectorized_static_veclen_8_no_cpy iter 3: 56.125 ms
Run time csr_spmv_vectorized_static_veclen_8_no_cpy iter 4: 55.075 ms
Run time csr_spmv_vectorized_static_veclen_8_no_cpy iter 5: 54.812 ms
Run time csr_spmv_vectorized_static_veclen_8_no_cpy iter 6: 55.244 ms
Run time csr_spmv_vectorized_static_veclen_8_no_cpy iter 7: 55.281 ms
Run time csr_spmv_vectorized_static_veclen_8_no_cpy iter 8: 54.963 ms
Run time csr_spmv_vectorized_static_veclen_8_no_cpy iter 9: 55.425 ms
Run time csr_spmv_vectorized_static_veclen_8_cpy iter 0: 62.699 ms
Run time csr_spmv_vectorized_static_veclen_8_cpy iter 1: 61.994 ms
Run time csr_spmv_vectorized_static_veclen_8_cpy iter 2: 54.570 ms
Run time csr_spmv_vectorized_static_veclen_8_cpy iter 3: 54.402 ms
Run time csr_spmv_vectorized_static_veclen_8_cpy iter 4: 54.334 ms
Run time csr_spmv_vectorized_static_veclen_8_cpy iter 5: 54.691 ms
Run time csr_spmv_vectorized_static_veclen_8_cpy iter 6: 54.498 ms
Run time csr_spmv_vectorized_static_veclen_8_cpy iter 7: 54.241 ms
Run time csr_spmv_vectorized_static_veclen_8_cpy iter 8: 54.539 ms
Run time csr_spmv_vectorized_static_veclen_8_cpy iter 9: 53.981 ms
Run time csr_spmv_vectorized_static_veclen_16_no_cpy iter 0: 56.155 ms
Run time csr_spmv_vectorized_static_veclen_16_no_cpy iter 1: 53.118 ms
Run time csr_spmv_vectorized_static_veclen_16_no_cpy iter 2: 48.642 ms
Run time csr_spmv_vectorized_static_veclen_16_no_cpy iter 3: 55.024 ms
Run time csr_spmv_vectorized_static_veclen_16_no_cpy iter 4: 48.836 ms
Run time csr_spmv_vectorized_static_veclen_16_no_cpy iter 5: 57.286 ms
Run time csr_spmv_vectorized_static_veclen_16_no_cpy iter 6: 58.124 ms
Run time csr_spmv_vectorized_static_veclen_16_no_cpy iter 7: 58.357 ms
Run time csr_spmv_vectorized_static_veclen_16_no_cpy iter 8: 59.238 ms
Run time csr_spmv_vectorized_static_veclen_16_no_cpy iter 9: 48.758 ms
Run time csr_spmv_vectorized_static_veclen_16_cpy iter 0: 54.810 ms
Run time csr_spmv_vectorized_static_veclen_16_cpy iter 1: 56.940 ms
Run time csr_spmv_vectorized_static_veclen_16_cpy iter 2: 51.857 ms
Run time csr_spmv_vectorized_static_veclen_16_cpy iter 3: 51.584 ms
Run time csr_spmv_vectorized_static_veclen_16_cpy iter 4: 54.452 ms
Run time csr_spmv_vectorized_static_veclen_16_cpy iter 5: 49.226 ms
Run time csr_spmv_vectorized_static_veclen_16_cpy iter 6: 49.312 ms
Run time csr_spmv_vectorized_static_veclen_16_cpy iter 7: 49.108 ms
Run time csr_spmv_vectorized_static_veclen_16_cpy iter 8: 49.181 ms
Run time csr_spmv_vectorized_static_veclen_16_cpy iter 9: 48.643 ms
Run time csr_spmv_vectorized_static_veclen_32_no_cpy iter 0: 60.238 ms
Run time csr_spmv_vectorized_static_veclen_32_no_cpy iter 1: 58.353 ms
Run time csr_spmv_vectorized_static_veclen_32_no_cpy iter 2: 60.183 ms
Run time csr_spmv_vectorized_static_veclen_32_no_cpy iter 3: 62.223 ms
Run time csr_spmv_vectorized_static_veclen_32_no_cpy iter 4: 58.258 ms
Run time csr_spmv_vectorized_static_veclen_32_no_cpy iter 5: 58.085 ms
Run time csr_spmv_vectorized_static_veclen_32_no_cpy iter 6: 55.263 ms
Run time csr_spmv_vectorized_static_veclen_32_no_cpy iter 7: 62.064 ms
Run time csr_spmv_vectorized_static_veclen_32_no_cpy iter 8: 60.600 ms
Run time csr_spmv_vectorized_static_veclen_32_no_cpy iter 9: 60.889 ms
Run time csr_spmv_vectorized_static_veclen_32_cpy iter 0: 63.766 ms
Run time csr_spmv_vectorized_static_veclen_32_cpy iter 1: 63.345 ms
Run time csr_spmv_vectorized_static_veclen_32_cpy iter 2: 63.890 ms
Run time csr_spmv_vectorized_static_veclen_32_cpy iter 3: 63.614 ms
Run time csr_spmv_vectorized_static_veclen_32_cpy iter 4: 63.112 ms
Run time csr_spmv_vectorized_static_veclen_32_cpy iter 5: 68.357 ms
Run time csr_spmv_vectorized_static_veclen_32_cpy iter 6: 68.818 ms
Run time csr_spmv_vectorized_static_veclen_32_cpy iter 7: 67.747 ms
Run time csr_spmv_vectorized_static_veclen_32_cpy iter 8: 66.811 ms
Run time csr_spmv_vectorized_static_veclen_32_cpy iter 9: 65.002 ms
Saved timing results to csr_spmv_timings_1_core.csv.csv
