Physical cores: 128
Run time spmv_csr iter 0: 0.686 ms
Run time spmv_csr iter 1: 0.703 ms
Run time spmv_csr iter 2: 0.741 ms
Run time spmv_csr iter 3: 0.674 ms
Run time spmv_csr iter 4: 0.746 ms
Run time spmv_csr iter 5: 0.694 ms
Run time spmv_csr iter 6: 0.692 ms
Run time spmv_csr iter 7: 0.659 ms
Run time spmv_csr iter 8: 0.683 ms
Run time spmv_csr iter 9: 0.696 ms
Run time csr_spmv_vectorized_static_veclen_8_no_cpy iter 0: 0.908 ms
Run time csr_spmv_vectorized_static_veclen_8_no_cpy iter 1: 0.806 ms
Run time csr_spmv_vectorized_static_veclen_8_no_cpy iter 2: 0.831 ms
Run time csr_spmv_vectorized_static_veclen_8_no_cpy iter 3: 0.820 ms
Run time csr_spmv_vectorized_static_veclen_8_no_cpy iter 4: 0.803 ms
Run time csr_spmv_vectorized_static_veclen_8_no_cpy iter 5: 0.843 ms
Run time csr_spmv_vectorized_static_veclen_8_no_cpy iter 6: 0.816 ms
Run time csr_spmv_vectorized_static_veclen_8_no_cpy iter 7: 0.771 ms
Run time csr_spmv_vectorized_static_veclen_8_no_cpy iter 8: 0.770 ms
Run time csr_spmv_vectorized_static_veclen_8_no_cpy iter 9: 0.778 ms
Run time csr_spmv_vectorized_static_veclen_8_cpy iter 0: 0.854 ms
Run time csr_spmv_vectorized_static_veclen_8_cpy iter 1: 0.879 ms
Run time csr_spmv_vectorized_static_veclen_8_cpy iter 2: 0.782 ms
Run time csr_spmv_vectorized_static_veclen_8_cpy iter 3: 0.939 ms
Run time csr_spmv_vectorized_static_veclen_8_cpy iter 4: 0.930 ms
Run time csr_spmv_vectorized_static_veclen_8_cpy iter 5: 0.763 ms
Run time csr_spmv_vectorized_static_veclen_8_cpy iter 6: 0.741 ms
Run time csr_spmv_vectorized_static_veclen_8_cpy iter 7: 0.751 ms
Run time csr_spmv_vectorized_static_veclen_8_cpy iter 8: 0.888 ms
Run time csr_spmv_vectorized_static_veclen_8_cpy iter 9: 0.767 ms
Run time csr_spmv_vectorized_static_veclen_16_no_cpy iter 0: 0.739 ms
Run time csr_spmv_vectorized_static_veclen_16_no_cpy iter 1: 0.673 ms
Run time csr_spmv_vectorized_static_veclen_16_no_cpy iter 2: 0.691 ms
Run time csr_spmv_vectorized_static_veclen_16_no_cpy iter 3: 0.639 ms
Run time csr_spmv_vectorized_static_veclen_16_no_cpy iter 4: 0.695 ms
Run time csr_spmv_vectorized_static_veclen_16_no_cpy iter 5: 0.606 ms
Run time csr_spmv_vectorized_static_veclen_16_no_cpy iter 6: 0.689 ms
Run time csr_spmv_vectorized_static_veclen_16_no_cpy iter 7: 0.681 ms
Run time csr_spmv_vectorized_static_veclen_16_no_cpy iter 8: 0.671 ms
Run time csr_spmv_vectorized_static_veclen_16_no_cpy iter 9: 0.668 ms
Run time csr_spmv_vectorized_static_veclen_16_cpy iter 0: 0.607 ms
Run time csr_spmv_vectorized_static_veclen_16_cpy iter 1: 0.598 ms
Run time csr_spmv_vectorized_static_veclen_16_cpy iter 2: 0.664 ms
Run time csr_spmv_vectorized_static_veclen_16_cpy iter 3: 0.619 ms
Run time csr_spmv_vectorized_static_veclen_16_cpy iter 4: 0.691 ms
Run time csr_spmv_vectorized_static_veclen_16_cpy iter 5: 0.719 ms
Run time csr_spmv_vectorized_static_veclen_16_cpy iter 6: 0.664 ms
Run time csr_spmv_vectorized_static_veclen_16_cpy iter 7: 0.677 ms
Run time csr_spmv_vectorized_static_veclen_16_cpy iter 8: 0.674 ms
Run time csr_spmv_vectorized_static_veclen_16_cpy iter 9: 0.684 ms
Run time csr_spmv_vectorized_static_veclen_32_no_cpy iter 0: 0.835 ms
Run time csr_spmv_vectorized_static_veclen_32_no_cpy iter 1: 0.781 ms
Run time csr_spmv_vectorized_static_veclen_32_no_cpy iter 2: 0.776 ms
Run time csr_spmv_vectorized_static_veclen_32_no_cpy iter 3: 0.699 ms
Run time csr_spmv_vectorized_static_veclen_32_no_cpy iter 4: 0.798 ms
Run time csr_spmv_vectorized_static_veclen_32_no_cpy iter 5: 0.748 ms
Run time csr_spmv_vectorized_static_veclen_32_no_cpy iter 6: 0.791 ms
Run time csr_spmv_vectorized_static_veclen_32_no_cpy iter 7: 0.796 ms
Run time csr_spmv_vectorized_static_veclen_32_no_cpy iter 8: 0.771 ms
Run time csr_spmv_vectorized_static_veclen_32_no_cpy iter 9: 0.780 ms
Run time csr_spmv_vectorized_static_veclen_32_cpy iter 0: 0.916 ms
Run time csr_spmv_vectorized_static_veclen_32_cpy iter 1: 0.883 ms
Run time csr_spmv_vectorized_static_veclen_32_cpy iter 2: 0.850 ms
Run time csr_spmv_vectorized_static_veclen_32_cpy iter 3: 0.862 ms
Run time csr_spmv_vectorized_static_veclen_32_cpy iter 4: 0.871 ms
Run time csr_spmv_vectorized_static_veclen_32_cpy iter 5: 0.842 ms
Run time csr_spmv_vectorized_static_veclen_32_cpy iter 6: 0.888 ms
Run time csr_spmv_vectorized_static_veclen_32_cpy iter 7: 0.904 ms
Run time csr_spmv_vectorized_static_veclen_32_cpy iter 8: 0.857 ms
Run time csr_spmv_vectorized_static_veclen_32_cpy iter 9: 0.891 ms
Run time csr_spmv_vectorized_static_veclen_64_no_cpy iter 0: 1.967 ms
Run time csr_spmv_vectorized_static_veclen_64_no_cpy iter 1: 1.726 ms
Run time csr_spmv_vectorized_static_veclen_64_no_cpy iter 2: 1.669 ms
Run time csr_spmv_vectorized_static_veclen_64_no_cpy iter 3: 1.285 ms
Run time csr_spmv_vectorized_static_veclen_64_no_cpy iter 4: 1.825 ms
Run time csr_spmv_vectorized_static_veclen_64_no_cpy iter 5: 1.680 ms
Run time csr_spmv_vectorized_static_veclen_64_no_cpy iter 6: 1.766 ms
Run time csr_spmv_vectorized_static_veclen_64_no_cpy iter 7: 1.765 ms
Run time csr_spmv_vectorized_static_veclen_64_no_cpy iter 8: 1.743 ms
Run time csr_spmv_vectorized_static_veclen_64_no_cpy iter 9: 1.816 ms
Run time csr_spmv_vectorized_static_veclen_64_cpy iter 0: 2.057 ms
Run time csr_spmv_vectorized_static_veclen_64_cpy iter 1: 2.074 ms
Run time csr_spmv_vectorized_static_veclen_64_cpy iter 2: 1.986 ms
Run time csr_spmv_vectorized_static_veclen_64_cpy iter 3: 2.050 ms
Run time csr_spmv_vectorized_static_veclen_64_cpy iter 4: 2.017 ms
Run time csr_spmv_vectorized_static_veclen_64_cpy iter 5: 1.932 ms
Run time csr_spmv_vectorized_static_veclen_64_cpy iter 6: 2.110 ms
Run time csr_spmv_vectorized_static_veclen_64_cpy iter 7: 2.098 ms
Run time csr_spmv_vectorized_static_veclen_64_cpy iter 8: 2.071 ms
Run time csr_spmv_vectorized_static_veclen_64_cpy iter 9: 2.205 ms
Run time csr_spmv_vectorized_static_veclen_128_no_cpy iter 0: 1.906 ms
Run time csr_spmv_vectorized_static_veclen_128_no_cpy iter 1: 1.855 ms
Run time csr_spmv_vectorized_static_veclen_128_no_cpy iter 2: 1.844 ms
Run time csr_spmv_vectorized_static_veclen_128_no_cpy iter 3: 1.889 ms
Run time csr_spmv_vectorized_static_veclen_128_no_cpy iter 4: 1.860 ms
Run time csr_spmv_vectorized_static_veclen_128_no_cpy iter 5: 1.843 ms
Run time csr_spmv_vectorized_static_veclen_128_no_cpy iter 6: 1.898 ms
Run time csr_spmv_vectorized_static_veclen_128_no_cpy iter 7: 1.904 ms
Run time csr_spmv_vectorized_static_veclen_128_no_cpy iter 8: 1.843 ms
Run time csr_spmv_vectorized_static_veclen_128_no_cpy iter 9: 1.914 ms
Run time csr_spmv_vectorized_static_veclen_128_cpy iter 0: 2.659 ms
Run time csr_spmv_vectorized_static_veclen_128_cpy iter 1: 2.614 ms
Run time csr_spmv_vectorized_static_veclen_128_cpy iter 2: 2.396 ms
Run time csr_spmv_vectorized_static_veclen_128_cpy iter 3: 2.242 ms
Run time csr_spmv_vectorized_static_veclen_128_cpy iter 4: 2.502 ms
Run time csr_spmv_vectorized_static_veclen_128_cpy iter 5: 2.684 ms
Run time csr_spmv_vectorized_static_veclen_128_cpy iter 6: 2.689 ms
Run time csr_spmv_vectorized_static_veclen_128_cpy iter 7: 2.707 ms
Run time csr_spmv_vectorized_static_veclen_128_cpy iter 8: 2.656 ms
Run time csr_spmv_vectorized_static_veclen_128_cpy iter 9: 2.675 ms
Saved timing results to csr_spmv_timings_1_core.csv.csv
Run time spmv_csr iter 0: 2.854 ms
Run time spmv_csr iter 1: 2.842 ms
Run time spmv_csr iter 2: 2.823 ms
Run time spmv_csr iter 3: 2.842 ms
Run time spmv_csr iter 4: 3.030 ms
Run time spmv_csr iter 5: 2.814 ms
Run time spmv_csr iter 6: 2.811 ms
Run time spmv_csr iter 7: 2.791 ms
Run time spmv_csr iter 8: 3.045 ms
Run time spmv_csr iter 9: 2.866 ms
Run time csr_spmv_vectorized_static_veclen_8_no_cpy iter 0: 3.149 ms
Run time csr_spmv_vectorized_static_veclen_8_no_cpy iter 1: 3.144 ms
Run time csr_spmv_vectorized_static_veclen_8_no_cpy iter 2: 3.136 ms
Run time csr_spmv_vectorized_static_veclen_8_no_cpy iter 3: 3.205 ms
Run time csr_spmv_vectorized_static_veclen_8_no_cpy iter 4: 3.206 ms
Run time csr_spmv_vectorized_static_veclen_8_no_cpy iter 5: 3.423 ms
Run time csr_spmv_vectorized_static_veclen_8_no_cpy iter 6: 3.364 ms
Run time csr_spmv_vectorized_static_veclen_8_no_cpy iter 7: 3.227 ms
Run time csr_spmv_vectorized_static_veclen_8_no_cpy iter 8: 3.205 ms
Run time csr_spmv_vectorized_static_veclen_8_no_cpy iter 9: 3.487 ms
Run time csr_spmv_vectorized_static_veclen_8_cpy iter 0: 3.134 ms
Run time csr_spmv_vectorized_static_veclen_8_cpy iter 1: 3.110 ms
Run time csr_spmv_vectorized_static_veclen_8_cpy iter 2: 3.067 ms
Run time csr_spmv_vectorized_static_veclen_8_cpy iter 3: 3.168 ms
Run time csr_spmv_vectorized_static_veclen_8_cpy iter 4: 3.102 ms
Run time csr_spmv_vectorized_static_veclen_8_cpy iter 5: 3.224 ms
Run time csr_spmv_vectorized_static_veclen_8_cpy iter 6: 3.119 ms
Run time csr_spmv_vectorized_static_veclen_8_cpy iter 7: 3.142 ms
Run time csr_spmv_vectorized_static_veclen_8_cpy iter 8: 3.205 ms
Run time csr_spmv_vectorized_static_veclen_8_cpy iter 9: 3.283 ms
Run time csr_spmv_vectorized_static_veclen_16_no_cpy iter 0: 2.967 ms
Run time csr_spmv_vectorized_static_veclen_16_no_cpy iter 1: 2.833 ms
Run time csr_spmv_vectorized_static_veclen_16_no_cpy iter 2: 2.870 ms
Run time csr_spmv_vectorized_static_veclen_16_no_cpy iter 3: 2.867 ms
Run time csr_spmv_vectorized_static_veclen_16_no_cpy iter 4: 2.850 ms
Run time csr_spmv_vectorized_static_veclen_16_no_cpy iter 5: 2.853 ms
Run time csr_spmv_vectorized_static_veclen_16_no_cpy iter 6: 2.857 ms
Run time csr_spmv_vectorized_static_veclen_16_no_cpy iter 7: 2.851 ms
Run time csr_spmv_vectorized_static_veclen_16_no_cpy iter 8: 2.836 ms
Run time csr_spmv_vectorized_static_veclen_16_no_cpy iter 9: 2.809 ms
Run time csr_spmv_vectorized_static_veclen_16_cpy iter 0: 2.933 ms
Run time csr_spmv_vectorized_static_veclen_16_cpy iter 1: 2.809 ms
Run time csr_spmv_vectorized_static_veclen_16_cpy iter 2: 3.003 ms
Run time csr_spmv_vectorized_static_veclen_16_cpy iter 3: 2.906 ms
Run time csr_spmv_vectorized_static_veclen_16_cpy iter 4: 2.911 ms
Run time csr_spmv_vectorized_static_veclen_16_cpy iter 5: 2.888 ms
Run time csr_spmv_vectorized_static_veclen_16_cpy iter 6: 2.908 ms
Run time csr_spmv_vectorized_static_veclen_16_cpy iter 7: 2.876 ms
Run time csr_spmv_vectorized_static_veclen_16_cpy iter 8: 2.937 ms
Run time csr_spmv_vectorized_static_veclen_16_cpy iter 9: 2.891 ms
Run time csr_spmv_vectorized_static_veclen_32_no_cpy iter 0: 3.289 ms
Run time csr_spmv_vectorized_static_veclen_32_no_cpy iter 1: 3.292 ms
Run time csr_spmv_vectorized_static_veclen_32_no_cpy iter 2: 3.248 ms
Run time csr_spmv_vectorized_static_veclen_32_no_cpy iter 3: 3.244 ms
Run time csr_spmv_vectorized_static_veclen_32_no_cpy iter 4: 3.257 ms
Run time csr_spmv_vectorized_static_veclen_32_no_cpy iter 5: 3.227 ms
Run time csr_spmv_vectorized_static_veclen_32_no_cpy iter 6: 3.276 ms
Run time csr_spmv_vectorized_static_veclen_32_no_cpy iter 7: 3.789 ms
Run time csr_spmv_vectorized_static_veclen_32_no_cpy iter 8: 3.233 ms
Run time csr_spmv_vectorized_static_veclen_32_no_cpy iter 9: 3.690 ms
Run time csr_spmv_vectorized_static_veclen_32_cpy iter 0: 4.190 ms
Run time csr_spmv_vectorized_static_veclen_32_cpy iter 1: 3.768 ms
Run time csr_spmv_vectorized_static_veclen_32_cpy iter 2: 3.759 ms
Run time csr_spmv_vectorized_static_veclen_32_cpy iter 3: 3.727 ms
Run time csr_spmv_vectorized_static_veclen_32_cpy iter 4: 3.732 ms
Run time csr_spmv_vectorized_static_veclen_32_cpy iter 5: 3.768 ms
Run time csr_spmv_vectorized_static_veclen_32_cpy iter 6: 3.709 ms
Run time csr_spmv_vectorized_static_veclen_32_cpy iter 7: 3.719 ms
Run time csr_spmv_vectorized_static_veclen_32_cpy iter 8: 3.960 ms
Run time csr_spmv_vectorized_static_veclen_32_cpy iter 9: 3.749 ms
Run time csr_spmv_vectorized_static_veclen_64_no_cpy iter 0: 6.934 ms
Run time csr_spmv_vectorized_static_veclen_64_no_cpy iter 1: 6.691 ms
Run time csr_spmv_vectorized_static_veclen_64_no_cpy iter 2: 6.996 ms
Run time csr_spmv_vectorized_static_veclen_64_no_cpy iter 3: 6.983 ms
Run time csr_spmv_vectorized_static_veclen_64_no_cpy iter 4: 6.912 ms
Run time csr_spmv_vectorized_static_veclen_64_no_cpy iter 5: 6.809 ms
Run time csr_spmv_vectorized_static_veclen_64_no_cpy iter 6: 6.644 ms
Run time csr_spmv_vectorized_static_veclen_64_no_cpy iter 7: 6.847 ms
Run time csr_spmv_vectorized_static_veclen_64_no_cpy iter 8: 6.738 ms
Run time csr_spmv_vectorized_static_veclen_64_no_cpy iter 9: 6.937 ms
Run time csr_spmv_vectorized_static_veclen_64_cpy iter 0: 8.410 ms
Run time csr_spmv_vectorized_static_veclen_64_cpy iter 1: 8.342 ms
Run time csr_spmv_vectorized_static_veclen_64_cpy iter 2: 8.169 ms
Run time csr_spmv_vectorized_static_veclen_64_cpy iter 3: 8.293 ms
Run time csr_spmv_vectorized_static_veclen_64_cpy iter 4: 8.495 ms
Run time csr_spmv_vectorized_static_veclen_64_cpy iter 5: 8.478 ms
Run time csr_spmv_vectorized_static_veclen_64_cpy iter 6: 8.380 ms
Run time csr_spmv_vectorized_static_veclen_64_cpy iter 7: 8.389 ms
Run time csr_spmv_vectorized_static_veclen_64_cpy iter 8: 8.508 ms
Run time csr_spmv_vectorized_static_veclen_64_cpy iter 9: 8.506 ms
Run time csr_spmv_vectorized_static_veclen_128_no_cpy iter 0: 9.299 ms
Run time csr_spmv_vectorized_static_veclen_128_no_cpy iter 1: 9.308 ms
Run time csr_spmv_vectorized_static_veclen_128_no_cpy iter 2: 9.328 ms
Run time csr_spmv_vectorized_static_veclen_128_no_cpy iter 3: 9.329 ms
Run time csr_spmv_vectorized_static_veclen_128_no_cpy iter 4: 9.328 ms
Run time csr_spmv_vectorized_static_veclen_128_no_cpy iter 5: 9.364 ms
Run time csr_spmv_vectorized_static_veclen_128_no_cpy iter 6: 9.268 ms
Run time csr_spmv_vectorized_static_veclen_128_no_cpy iter 7: 9.377 ms
Run time csr_spmv_vectorized_static_veclen_128_no_cpy iter 8: 9.293 ms
Run time csr_spmv_vectorized_static_veclen_128_no_cpy iter 9: 9.247 ms
Run time csr_spmv_vectorized_static_veclen_128_cpy iter 0: 12.071 ms
Run time csr_spmv_vectorized_static_veclen_128_cpy iter 1: 12.005 ms
Run time csr_spmv_vectorized_static_veclen_128_cpy iter 2: 11.947 ms
Run time csr_spmv_vectorized_static_veclen_128_cpy iter 3: 12.044 ms
Run time csr_spmv_vectorized_static_veclen_128_cpy iter 4: 11.926 ms
Run time csr_spmv_vectorized_static_veclen_128_cpy iter 5: 12.235 ms
Run time csr_spmv_vectorized_static_veclen_128_cpy iter 6: 11.874 ms
Run time csr_spmv_vectorized_static_veclen_128_cpy iter 7: 11.944 ms
Run time csr_spmv_vectorized_static_veclen_128_cpy iter 8: 11.940 ms
Run time csr_spmv_vectorized_static_veclen_128_cpy iter 9: 11.959 ms
Saved timing results to csr_spmv_timings_1_core.csv.csv
Run time spmv_csr iter 0: 12.220 ms
Run time spmv_csr iter 1: 11.476 ms
Run time spmv_csr iter 2: 12.033 ms
Run time spmv_csr iter 3: 12.764 ms
Run time spmv_csr iter 4: 13.266 ms
Run time spmv_csr iter 5: 13.350 ms
Run time spmv_csr iter 6: 11.554 ms
Run time spmv_csr iter 7: 11.920 ms
Run time spmv_csr iter 8: 14.333 ms
Run time spmv_csr iter 9: 12.705 ms
Run time csr_spmv_vectorized_static_veclen_8_no_cpy iter 0: 14.394 ms
Run time csr_spmv_vectorized_static_veclen_8_no_cpy iter 1: 12.582 ms
Run time csr_spmv_vectorized_static_veclen_8_no_cpy iter 2: 13.191 ms
Run time csr_spmv_vectorized_static_veclen_8_no_cpy iter 3: 12.584 ms
Run time csr_spmv_vectorized_static_veclen_8_no_cpy iter 4: 12.811 ms
Run time csr_spmv_vectorized_static_veclen_8_no_cpy iter 5: 13.660 ms
Run time csr_spmv_vectorized_static_veclen_8_no_cpy iter 6: 12.872 ms
Run time csr_spmv_vectorized_static_veclen_8_no_cpy iter 7: 12.765 ms
Run time csr_spmv_vectorized_static_veclen_8_no_cpy iter 8: 12.914 ms
Run time csr_spmv_vectorized_static_veclen_8_no_cpy iter 9: 12.597 ms
Run time csr_spmv_vectorized_static_veclen_8_cpy iter 0: 12.793 ms
Run time csr_spmv_vectorized_static_veclen_8_cpy iter 1: 12.346 ms
Run time csr_spmv_vectorized_static_veclen_8_cpy iter 2: 12.917 ms
Run time csr_spmv_vectorized_static_veclen_8_cpy iter 3: 12.388 ms
Run time csr_spmv_vectorized_static_veclen_8_cpy iter 4: 12.460 ms
Run time csr_spmv_vectorized_static_veclen_8_cpy iter 5: 12.388 ms
Run time csr_spmv_vectorized_static_veclen_8_cpy iter 6: 12.638 ms
Run time csr_spmv_vectorized_static_veclen_8_cpy iter 7: 12.412 ms
Run time csr_spmv_vectorized_static_veclen_8_cpy iter 8: 12.964 ms
Run time csr_spmv_vectorized_static_veclen_8_cpy iter 9: 13.344 ms
Run time csr_spmv_vectorized_static_veclen_16_no_cpy iter 0: 12.322 ms
Run time csr_spmv_vectorized_static_veclen_16_no_cpy iter 1: 11.570 ms
Run time csr_spmv_vectorized_static_veclen_16_no_cpy iter 2: 13.305 ms
Run time csr_spmv_vectorized_static_veclen_16_no_cpy iter 3: 11.742 ms
Run time csr_spmv_vectorized_static_veclen_16_no_cpy iter 4: 11.573 ms
Run time csr_spmv_vectorized_static_veclen_16_no_cpy iter 5: 11.523 ms
Run time csr_spmv_vectorized_static_veclen_16_no_cpy iter 6: 11.564 ms
Run time csr_spmv_vectorized_static_veclen_16_no_cpy iter 7: 11.939 ms
Run time csr_spmv_vectorized_static_veclen_16_no_cpy iter 8: 12.041 ms
Run time csr_spmv_vectorized_static_veclen_16_no_cpy iter 9: 11.558 ms
Run time csr_spmv_vectorized_static_veclen_16_cpy iter 0: 12.485 ms
Run time csr_spmv_vectorized_static_veclen_16_cpy iter 1: 12.435 ms
Run time csr_spmv_vectorized_static_veclen_16_cpy iter 2: 12.430 ms
Run time csr_spmv_vectorized_static_veclen_16_cpy iter 3: 12.465 ms
Run time csr_spmv_vectorized_static_veclen_16_cpy iter 4: 12.661 ms
Run time csr_spmv_vectorized_static_veclen_16_cpy iter 5: 12.488 ms
Run time csr_spmv_vectorized_static_veclen_16_cpy iter 6: 12.505 ms
Run time csr_spmv_vectorized_static_veclen_16_cpy iter 7: 12.396 ms
Run time csr_spmv_vectorized_static_veclen_16_cpy iter 8: 12.552 ms
Run time csr_spmv_vectorized_static_veclen_16_cpy iter 9: 12.641 ms
Run time csr_spmv_vectorized_static_veclen_32_no_cpy iter 0: 13.877 ms
Run time csr_spmv_vectorized_static_veclen_32_no_cpy iter 1: 14.194 ms
Run time csr_spmv_vectorized_static_veclen_32_no_cpy iter 2: 13.855 ms
Run time csr_spmv_vectorized_static_veclen_32_no_cpy iter 3: 13.769 ms
Run time csr_spmv_vectorized_static_veclen_32_no_cpy iter 4: 14.114 ms
Run time csr_spmv_vectorized_static_veclen_32_no_cpy iter 5: 13.756 ms
Run time csr_spmv_vectorized_static_veclen_32_no_cpy iter 6: 13.791 ms
Run time csr_spmv_vectorized_static_veclen_32_no_cpy iter 7: 13.922 ms
Run time csr_spmv_vectorized_static_veclen_32_no_cpy iter 8: 14.136 ms
Run time csr_spmv_vectorized_static_veclen_32_no_cpy iter 9: 14.201 ms
Run time csr_spmv_vectorized_static_veclen_32_cpy iter 0: 17.403 ms
Run time csr_spmv_vectorized_static_veclen_32_cpy iter 1: 16.820 ms
Run time csr_spmv_vectorized_static_veclen_32_cpy iter 2: 17.222 ms
Run time csr_spmv_vectorized_static_veclen_32_cpy iter 3: 16.852 ms
Run time csr_spmv_vectorized_static_veclen_32_cpy iter 4: 17.434 ms
Run time csr_spmv_vectorized_static_veclen_32_cpy iter 5: 17.339 ms
Run time csr_spmv_vectorized_static_veclen_32_cpy iter 6: 16.993 ms
Run time csr_spmv_vectorized_static_veclen_32_cpy iter 7: 17.068 ms
Run time csr_spmv_vectorized_static_veclen_32_cpy iter 8: 16.754 ms
Run time csr_spmv_vectorized_static_veclen_32_cpy iter 9: 17.207 ms
Run time csr_spmv_vectorized_static_veclen_64_no_cpy iter 0: 26.769 ms
Run time csr_spmv_vectorized_static_veclen_64_no_cpy iter 1: 26.579 ms
Run time csr_spmv_vectorized_static_veclen_64_no_cpy iter 2: 26.879 ms
Run time csr_spmv_vectorized_static_veclen_64_no_cpy iter 3: 26.809 ms
Run time csr_spmv_vectorized_static_veclen_64_no_cpy iter 4: 26.866 ms
Run time csr_spmv_vectorized_static_veclen_64_no_cpy iter 5: 27.118 ms
Run time csr_spmv_vectorized_static_veclen_64_no_cpy iter 6: 27.258 ms
Run time csr_spmv_vectorized_static_veclen_64_no_cpy iter 7: 26.831 ms
Run time csr_spmv_vectorized_static_veclen_64_no_cpy iter 8: 27.139 ms
Run time csr_spmv_vectorized_static_veclen_64_no_cpy iter 9: 26.738 ms
Run time csr_spmv_vectorized_static_veclen_64_cpy iter 0: 34.527 ms
Run time csr_spmv_vectorized_static_veclen_64_cpy iter 1: 35.386 ms
Run time csr_spmv_vectorized_static_veclen_64_cpy iter 2: 35.205 ms
Run time csr_spmv_vectorized_static_veclen_64_cpy iter 3: 35.249 ms
Run time csr_spmv_vectorized_static_veclen_64_cpy iter 4: 35.874 ms
Run time csr_spmv_vectorized_static_veclen_64_cpy iter 5: 35.372 ms
Run time csr_spmv_vectorized_static_veclen_64_cpy iter 6: 35.671 ms
Run time csr_spmv_vectorized_static_veclen_64_cpy iter 7: 35.322 ms
Run time csr_spmv_vectorized_static_veclen_64_cpy iter 8: 34.049 ms
Run time csr_spmv_vectorized_static_veclen_64_cpy iter 9: 34.327 ms
Run time csr_spmv_vectorized_static_veclen_128_no_cpy iter 0: 40.597 ms
Run time csr_spmv_vectorized_static_veclen_128_no_cpy iter 1: 41.208 ms
Run time csr_spmv_vectorized_static_veclen_128_no_cpy iter 2: 40.869 ms
Run time csr_spmv_vectorized_static_veclen_128_no_cpy iter 3: 40.736 ms
Run time csr_spmv_vectorized_static_veclen_128_no_cpy iter 4: 40.137 ms
Run time csr_spmv_vectorized_static_veclen_128_no_cpy iter 5: 38.580 ms
Run time csr_spmv_vectorized_static_veclen_128_no_cpy iter 6: 38.803 ms
Run time csr_spmv_vectorized_static_veclen_128_no_cpy iter 7: 38.609 ms
Run time csr_spmv_vectorized_static_veclen_128_no_cpy iter 8: 38.589 ms
Run time csr_spmv_vectorized_static_veclen_128_no_cpy iter 9: 38.615 ms
Run time csr_spmv_vectorized_static_veclen_128_cpy iter 0: 50.742 ms
Run time csr_spmv_vectorized_static_veclen_128_cpy iter 1: 52.605 ms
Run time csr_spmv_vectorized_static_veclen_128_cpy iter 2: 52.072 ms
Run time csr_spmv_vectorized_static_veclen_128_cpy iter 3: 52.403 ms
Run time csr_spmv_vectorized_static_veclen_128_cpy iter 4: 52.148 ms
Run time csr_spmv_vectorized_static_veclen_128_cpy iter 5: 52.765 ms
Run time csr_spmv_vectorized_static_veclen_128_cpy iter 6: 52.209 ms
Run time csr_spmv_vectorized_static_veclen_128_cpy iter 7: 52.721 ms
Run time csr_spmv_vectorized_static_veclen_128_cpy iter 8: 52.803 ms
Run time csr_spmv_vectorized_static_veclen_128_cpy iter 9: 52.050 ms
Saved timing results to csr_spmv_timings_1_core.csv.csv
Run time spmv_csr iter 0: 47.817 ms
Run time spmv_csr iter 1: 47.913 ms
Run time spmv_csr iter 2: 47.716 ms
Run time spmv_csr iter 3: 47.896 ms
Run time spmv_csr iter 4: 47.764 ms
Run time spmv_csr iter 5: 47.910 ms
Run time spmv_csr iter 6: 47.766 ms
Run time spmv_csr iter 7: 47.733 ms
Run time spmv_csr iter 8: 47.759 ms
Run time spmv_csr iter 9: 47.925 ms
Run time csr_spmv_vectorized_static_veclen_8_no_cpy iter 0: 61.245 ms
Run time csr_spmv_vectorized_static_veclen_8_no_cpy iter 1: 63.734 ms
Run time csr_spmv_vectorized_static_veclen_8_no_cpy iter 2: 63.808 ms
Run time csr_spmv_vectorized_static_veclen_8_no_cpy iter 3: 55.809 ms
Run time csr_spmv_vectorized_static_veclen_8_no_cpy iter 4: 55.252 ms
Run time csr_spmv_vectorized_static_veclen_8_no_cpy iter 5: 55.226 ms
Run time csr_spmv_vectorized_static_veclen_8_no_cpy iter 6: 55.562 ms
Run time csr_spmv_vectorized_static_veclen_8_no_cpy iter 7: 56.122 ms
Run time csr_spmv_vectorized_static_veclen_8_no_cpy iter 8: 55.421 ms
Run time csr_spmv_vectorized_static_veclen_8_no_cpy iter 9: 54.377 ms
Run time csr_spmv_vectorized_static_veclen_8_cpy iter 0: 52.668 ms
Run time csr_spmv_vectorized_static_veclen_8_cpy iter 1: 52.597 ms
Run time csr_spmv_vectorized_static_veclen_8_cpy iter 2: 52.356 ms
Run time csr_spmv_vectorized_static_veclen_8_cpy iter 3: 52.673 ms
Run time csr_spmv_vectorized_static_veclen_8_cpy iter 4: 52.439 ms
Run time csr_spmv_vectorized_static_veclen_8_cpy iter 5: 52.747 ms
Run time csr_spmv_vectorized_static_veclen_8_cpy iter 6: 52.562 ms
Run time csr_spmv_vectorized_static_veclen_8_cpy iter 7: 52.339 ms
Run time csr_spmv_vectorized_static_veclen_8_cpy iter 8: 52.468 ms
Run time csr_spmv_vectorized_static_veclen_8_cpy iter 9: 52.647 ms
Run time csr_spmv_vectorized_static_veclen_16_no_cpy iter 0: 51.297 ms
Run time csr_spmv_vectorized_static_veclen_16_no_cpy iter 1: 54.183 ms
Run time csr_spmv_vectorized_static_veclen_16_no_cpy iter 2: 53.291 ms
Run time csr_spmv_vectorized_static_veclen_16_no_cpy iter 3: 53.729 ms
Run time csr_spmv_vectorized_static_veclen_16_no_cpy iter 4: 52.814 ms
Run time csr_spmv_vectorized_static_veclen_16_no_cpy iter 5: 53.297 ms
Run time csr_spmv_vectorized_static_veclen_16_no_cpy iter 6: 56.391 ms
Run time csr_spmv_vectorized_static_veclen_16_no_cpy iter 7: 55.129 ms
Run time csr_spmv_vectorized_static_veclen_16_no_cpy iter 8: 47.738 ms
Run time csr_spmv_vectorized_static_veclen_16_no_cpy iter 9: 50.994 ms
Run time csr_spmv_vectorized_static_veclen_16_cpy iter 0: 48.293 ms
Run time csr_spmv_vectorized_static_veclen_16_cpy iter 1: 54.290 ms
Run time csr_spmv_vectorized_static_veclen_16_cpy iter 2: 53.286 ms
Run time csr_spmv_vectorized_static_veclen_16_cpy iter 3: 52.895 ms
Run time csr_spmv_vectorized_static_veclen_16_cpy iter 4: 53.854 ms
Run time csr_spmv_vectorized_static_veclen_16_cpy iter 5: 53.177 ms
Run time csr_spmv_vectorized_static_veclen_16_cpy iter 6: 53.202 ms
Run time csr_spmv_vectorized_static_veclen_16_cpy iter 7: 52.910 ms
Run time csr_spmv_vectorized_static_veclen_16_cpy iter 8: 53.841 ms
Run time csr_spmv_vectorized_static_veclen_16_cpy iter 9: 52.964 ms
Run time csr_spmv_vectorized_static_veclen_32_no_cpy iter 0: 52.736 ms
Run time csr_spmv_vectorized_static_veclen_32_no_cpy iter 1: 63.465 ms
Run time csr_spmv_vectorized_static_veclen_32_no_cpy iter 2: 60.555 ms
Run time csr_spmv_vectorized_static_veclen_32_no_cpy iter 3: 64.779 ms
Run time csr_spmv_vectorized_static_veclen_32_no_cpy iter 4: 64.712 ms
Run time csr_spmv_vectorized_static_veclen_32_no_cpy iter 5: 65.440 ms
Run time csr_spmv_vectorized_static_veclen_32_no_cpy iter 6: 64.913 ms
Run time csr_spmv_vectorized_static_veclen_32_no_cpy iter 7: 65.974 ms
Run time csr_spmv_vectorized_static_veclen_32_no_cpy iter 8: 64.727 ms
Run time csr_spmv_vectorized_static_veclen_32_no_cpy iter 9: 65.176 ms
Run time csr_spmv_vectorized_static_veclen_32_cpy iter 0: 62.418 ms
Run time csr_spmv_vectorized_static_veclen_32_cpy iter 1: 62.173 ms
Run time csr_spmv_vectorized_static_veclen_32_cpy iter 2: 62.042 ms
Run time csr_spmv_vectorized_static_veclen_32_cpy iter 3: 63.092 ms
Run time csr_spmv_vectorized_static_veclen_32_cpy iter 4: 61.948 ms
Run time csr_spmv_vectorized_static_veclen_32_cpy iter 5: 62.098 ms
Run time csr_spmv_vectorized_static_veclen_32_cpy iter 6: 62.135 ms
Run time csr_spmv_vectorized_static_veclen_32_cpy iter 7: 62.199 ms
Run time csr_spmv_vectorized_static_veclen_32_cpy iter 8: 61.880 ms
Run time csr_spmv_vectorized_static_veclen_32_cpy iter 9: 62.542 ms
Run time csr_spmv_vectorized_static_veclen_64_no_cpy iter 0: 106.206 ms
Run time csr_spmv_vectorized_static_veclen_64_no_cpy iter 1: 106.042 ms
Run time csr_spmv_vectorized_static_veclen_64_no_cpy iter 2: 108.188 ms
Run time csr_spmv_vectorized_static_veclen_64_no_cpy iter 3: 106.170 ms
Run time csr_spmv_vectorized_static_veclen_64_no_cpy iter 4: 106.137 ms
Run time csr_spmv_vectorized_static_veclen_64_no_cpy iter 5: 105.738 ms
Run time csr_spmv_vectorized_static_veclen_64_no_cpy iter 6: 106.090 ms
Run time csr_spmv_vectorized_static_veclen_64_no_cpy iter 7: 106.425 ms
Run time csr_spmv_vectorized_static_veclen_64_no_cpy iter 8: 106.421 ms
Run time csr_spmv_vectorized_static_veclen_64_no_cpy iter 9: 106.403 ms
Run time csr_spmv_vectorized_static_veclen_64_cpy iter 0: 138.582 ms
Run time csr_spmv_vectorized_static_veclen_64_cpy iter 1: 139.017 ms
Run time csr_spmv_vectorized_static_veclen_64_cpy iter 2: 138.863 ms
Run time csr_spmv_vectorized_static_veclen_64_cpy iter 3: 138.258 ms
Run time csr_spmv_vectorized_static_veclen_64_cpy iter 4: 138.336 ms
Run time csr_spmv_vectorized_static_veclen_64_cpy iter 5: 138.850 ms
Run time csr_spmv_vectorized_static_veclen_64_cpy iter 6: 139.149 ms
Run time csr_spmv_vectorized_static_veclen_64_cpy iter 7: 138.620 ms
Run time csr_spmv_vectorized_static_veclen_64_cpy iter 8: 138.930 ms
Run time csr_spmv_vectorized_static_veclen_64_cpy iter 9: 139.115 ms
Run time csr_spmv_vectorized_static_veclen_128_no_cpy iter 0: 155.625 ms
Run time csr_spmv_vectorized_static_veclen_128_no_cpy iter 1: 155.832 ms
Run time csr_spmv_vectorized_static_veclen_128_no_cpy iter 2: 155.868 ms
Run time csr_spmv_vectorized_static_veclen_128_no_cpy iter 3: 155.291 ms
Run time csr_spmv_vectorized_static_veclen_128_no_cpy iter 4: 155.030 ms
Run time csr_spmv_vectorized_static_veclen_128_no_cpy iter 5: 155.319 ms
Run time csr_spmv_vectorized_static_veclen_128_no_cpy iter 6: 156.497 ms
Run time csr_spmv_vectorized_static_veclen_128_no_cpy iter 7: 162.129 ms
Run time csr_spmv_vectorized_static_veclen_128_no_cpy iter 8: 165.894 ms
Run time csr_spmv_vectorized_static_veclen_128_no_cpy iter 9: 165.542 ms
Run time csr_spmv_vectorized_static_veclen_128_cpy iter 0: 203.446 ms
Run time csr_spmv_vectorized_static_veclen_128_cpy iter 1: 204.971 ms
Run time csr_spmv_vectorized_static_veclen_128_cpy iter 2: 204.545 ms
Run time csr_spmv_vectorized_static_veclen_128_cpy iter 3: 205.632 ms
Run time csr_spmv_vectorized_static_veclen_128_cpy iter 4: 204.795 ms
Run time csr_spmv_vectorized_static_veclen_128_cpy iter 5: 203.317 ms
Run time csr_spmv_vectorized_static_veclen_128_cpy iter 6: 204.147 ms
Run time csr_spmv_vectorized_static_veclen_128_cpy iter 7: 204.563 ms
Run time csr_spmv_vectorized_static_veclen_128_cpy iter 8: 204.154 ms
Run time csr_spmv_vectorized_static_veclen_128_cpy iter 9: 202.998 ms
Saved timing results to csr_spmv_timings_1_core.csv.csv
