Physical cores: 128
Run time csr_spmv iter 0: 0.680 ms
Run time csr_spmv iter 1: 0.681 ms
Run time csr_spmv iter 2: 0.668 ms
Run time csr_spmv iter 3: 0.662 ms
Run time csr_spmv iter 4: 0.656 ms
Run time csr_spmv iter 5: 0.651 ms
Run time csr_spmv iter 6: 0.646 ms
Run time csr_spmv iter 7: 0.654 ms
Run time csr_spmv iter 8: 0.662 ms
Run time csr_spmv iter 9: 0.666 ms
Run time csr_spmv_vectorized_static_veclen_8_no_cpy iter 0: 0.808 ms
Run time csr_spmv_vectorized_static_veclen_8_no_cpy iter 1: 0.777 ms
Run time csr_spmv_vectorized_static_veclen_8_no_cpy iter 2: 0.828 ms
Run time csr_spmv_vectorized_static_veclen_8_no_cpy iter 3: 0.920 ms
Run time csr_spmv_vectorized_static_veclen_8_no_cpy iter 4: 0.996 ms
Run time csr_spmv_vectorized_static_veclen_8_no_cpy iter 5: 1.024 ms
Run time csr_spmv_vectorized_static_veclen_8_no_cpy iter 6: 0.971 ms
Run time csr_spmv_vectorized_static_veclen_8_no_cpy iter 7: 0.815 ms
Run time csr_spmv_vectorized_static_veclen_8_no_cpy iter 8: 0.757 ms
Run time csr_spmv_vectorized_static_veclen_8_no_cpy iter 9: 0.699 ms
Run time csr_spmv_vectorized_static_veclen_8_cpy iter 0: 0.678 ms
Run time csr_spmv_vectorized_static_veclen_8_cpy iter 1: 0.720 ms
Run time csr_spmv_vectorized_static_veclen_8_cpy iter 2: 0.667 ms
Run time csr_spmv_vectorized_static_veclen_8_cpy iter 3: 0.648 ms
Run time csr_spmv_vectorized_static_veclen_8_cpy iter 4: 0.641 ms
Run time csr_spmv_vectorized_static_veclen_8_cpy iter 5: 0.660 ms
Run time csr_spmv_vectorized_static_veclen_8_cpy iter 6: 0.784 ms
Run time csr_spmv_vectorized_static_veclen_8_cpy iter 7: 0.734 ms
Run time csr_spmv_vectorized_static_veclen_8_cpy iter 8: 0.677 ms
Run time csr_spmv_vectorized_static_veclen_8_cpy iter 9: 0.642 ms
Run time csr_spmv_vectorized_static_veclen_16_no_cpy iter 0: 0.683 ms
Run time csr_spmv_vectorized_static_veclen_16_no_cpy iter 1: 0.687 ms
Run time csr_spmv_vectorized_static_veclen_16_no_cpy iter 2: 0.689 ms
Run time csr_spmv_vectorized_static_veclen_16_no_cpy iter 3: 0.691 ms
Run time csr_spmv_vectorized_static_veclen_16_no_cpy iter 4: 0.698 ms
Run time csr_spmv_vectorized_static_veclen_16_no_cpy iter 5: 0.708 ms
Run time csr_spmv_vectorized_static_veclen_16_no_cpy iter 6: 0.684 ms
Run time csr_spmv_vectorized_static_veclen_16_no_cpy iter 7: 0.693 ms
Run time csr_spmv_vectorized_static_veclen_16_no_cpy iter 8: 0.695 ms
Run time csr_spmv_vectorized_static_veclen_16_no_cpy iter 9: 0.698 ms
Run time csr_spmv_vectorized_static_veclen_16_cpy iter 0: 0.729 ms
Run time csr_spmv_vectorized_static_veclen_16_cpy iter 1: 0.765 ms
Run time csr_spmv_vectorized_static_veclen_16_cpy iter 2: 0.695 ms
Run time csr_spmv_vectorized_static_veclen_16_cpy iter 3: 0.691 ms
Run time csr_spmv_vectorized_static_veclen_16_cpy iter 4: 0.702 ms
Run time csr_spmv_vectorized_static_veclen_16_cpy iter 5: 0.893 ms
Run time csr_spmv_vectorized_static_veclen_16_cpy iter 6: 0.693 ms
Run time csr_spmv_vectorized_static_veclen_16_cpy iter 7: 0.683 ms
Run time csr_spmv_vectorized_static_veclen_16_cpy iter 8: 0.684 ms
Run time csr_spmv_vectorized_static_veclen_16_cpy iter 9: 0.636 ms
Run time csr_spmv_vectorized_static_veclen_32_no_cpy iter 0: 0.671 ms
Run time csr_spmv_vectorized_static_veclen_32_no_cpy iter 1: 0.940 ms
Run time csr_spmv_vectorized_static_veclen_32_no_cpy iter 2: 0.701 ms
Run time csr_spmv_vectorized_static_veclen_32_no_cpy iter 3: 0.776 ms
Run time csr_spmv_vectorized_static_veclen_32_no_cpy iter 4: 0.787 ms
Run time csr_spmv_vectorized_static_veclen_32_no_cpy iter 5: 0.803 ms
Run time csr_spmv_vectorized_static_veclen_32_no_cpy iter 6: 0.796 ms
Run time csr_spmv_vectorized_static_veclen_32_no_cpy iter 7: 0.785 ms
Run time csr_spmv_vectorized_static_veclen_32_no_cpy iter 8: 0.910 ms
Run time csr_spmv_vectorized_static_veclen_32_no_cpy iter 9: 0.795 ms
Run time csr_spmv_vectorized_static_veclen_32_cpy iter 0: 1.018 ms
Run time csr_spmv_vectorized_static_veclen_32_cpy iter 1: 0.973 ms
Run time csr_spmv_vectorized_static_veclen_32_cpy iter 2: 0.935 ms
Run time csr_spmv_vectorized_static_veclen_32_cpy iter 3: 0.826 ms
Run time csr_spmv_vectorized_static_veclen_32_cpy iter 4: 0.960 ms
Run time csr_spmv_vectorized_static_veclen_32_cpy iter 5: 0.966 ms
Run time csr_spmv_vectorized_static_veclen_32_cpy iter 6: 0.824 ms
Run time csr_spmv_vectorized_static_veclen_32_cpy iter 7: 0.844 ms
Run time csr_spmv_vectorized_static_veclen_32_cpy iter 8: 0.838 ms
Run time csr_spmv_vectorized_static_veclen_32_cpy iter 9: 0.854 ms
Run time csr_spmv_vectorized_static_veclen_64_no_cpy iter 0: 1.822 ms
Run time csr_spmv_vectorized_static_veclen_64_no_cpy iter 1: 1.724 ms
Run time csr_spmv_vectorized_static_veclen_64_no_cpy iter 2: 1.565 ms
Run time csr_spmv_vectorized_static_veclen_64_no_cpy iter 3: 1.651 ms
Run time csr_spmv_vectorized_static_veclen_64_no_cpy iter 4: 1.553 ms
Run time csr_spmv_vectorized_static_veclen_64_no_cpy iter 5: 1.513 ms
Run time csr_spmv_vectorized_static_veclen_64_no_cpy iter 6: 1.708 ms
Run time csr_spmv_vectorized_static_veclen_64_no_cpy iter 7: 1.756 ms
Run time csr_spmv_vectorized_static_veclen_64_no_cpy iter 8: 1.702 ms
Run time csr_spmv_vectorized_static_veclen_64_no_cpy iter 9: 1.793 ms
Run time csr_spmv_vectorized_static_veclen_64_cpy iter 0: 1.822 ms
Run time csr_spmv_vectorized_static_veclen_64_cpy iter 1: 1.475 ms
Run time csr_spmv_vectorized_static_veclen_64_cpy iter 2: 1.975 ms
Run time csr_spmv_vectorized_static_veclen_64_cpy iter 3: 1.615 ms
Run time csr_spmv_vectorized_static_veclen_64_cpy iter 4: 1.979 ms
Run time csr_spmv_vectorized_static_veclen_64_cpy iter 5: 2.092 ms
Run time csr_spmv_vectorized_static_veclen_64_cpy iter 6: 2.107 ms
Run time csr_spmv_vectorized_static_veclen_64_cpy iter 7: 2.160 ms
Run time csr_spmv_vectorized_static_veclen_64_cpy iter 8: 2.082 ms
Run time csr_spmv_vectorized_static_veclen_64_cpy iter 9: 2.143 ms
Run time csr_spmv_vectorized_static_veclen_128_no_cpy iter 0: 1.938 ms
Run time csr_spmv_vectorized_static_veclen_128_no_cpy iter 1: 1.966 ms
Run time csr_spmv_vectorized_static_veclen_128_no_cpy iter 2: 1.964 ms
Run time csr_spmv_vectorized_static_veclen_128_no_cpy iter 3: 1.898 ms
Run time csr_spmv_vectorized_static_veclen_128_no_cpy iter 4: 1.908 ms
Run time csr_spmv_vectorized_static_veclen_128_no_cpy iter 5: 1.812 ms
Run time csr_spmv_vectorized_static_veclen_128_no_cpy iter 6: 1.869 ms
Run time csr_spmv_vectorized_static_veclen_128_no_cpy iter 7: 1.858 ms
Run time csr_spmv_vectorized_static_veclen_128_no_cpy iter 8: 1.960 ms
Run time csr_spmv_vectorized_static_veclen_128_no_cpy iter 9: 2.080 ms
Run time csr_spmv_vectorized_static_veclen_128_cpy iter 0: 2.687 ms
Run time csr_spmv_vectorized_static_veclen_128_cpy iter 1: 2.575 ms
Run time csr_spmv_vectorized_static_veclen_128_cpy iter 2: 2.749 ms
Run time csr_spmv_vectorized_static_veclen_128_cpy iter 3: 2.803 ms
Run time csr_spmv_vectorized_static_veclen_128_cpy iter 4: 2.812 ms
Run time csr_spmv_vectorized_static_veclen_128_cpy iter 5: 2.712 ms
Run time csr_spmv_vectorized_static_veclen_128_cpy iter 6: 2.767 ms
Run time csr_spmv_vectorized_static_veclen_128_cpy iter 7: 2.801 ms
Run time csr_spmv_vectorized_static_veclen_128_cpy iter 8: 2.718 ms
Run time csr_spmv_vectorized_static_veclen_128_cpy iter 9: 2.703 ms
Saved timing results to csr_spmv_timings_1_core.csv.csv
Run time csr_spmv iter 0: 2.864 ms
Run time csr_spmv iter 1: 2.902 ms
Run time csr_spmv iter 2: 2.839 ms
Run time csr_spmv iter 3: 2.815 ms
Run time csr_spmv iter 4: 2.823 ms
Run time csr_spmv iter 5: 2.866 ms
Run time csr_spmv iter 6: 2.824 ms
Run time csr_spmv iter 7: 2.813 ms
Run time csr_spmv iter 8: 2.809 ms
Run time csr_spmv iter 9: 2.856 ms
Run time csr_spmv_vectorized_static_veclen_8_no_cpy iter 0: 3.306 ms
Run time csr_spmv_vectorized_static_veclen_8_no_cpy iter 1: 3.154 ms
Run time csr_spmv_vectorized_static_veclen_8_no_cpy iter 2: 3.490 ms
Run time csr_spmv_vectorized_static_veclen_8_no_cpy iter 3: 3.082 ms
Run time csr_spmv_vectorized_static_veclen_8_no_cpy iter 4: 3.066 ms
Run time csr_spmv_vectorized_static_veclen_8_no_cpy iter 5: 3.425 ms
Run time csr_spmv_vectorized_static_veclen_8_no_cpy iter 6: 3.290 ms
Run time csr_spmv_vectorized_static_veclen_8_no_cpy iter 7: 3.189 ms
Run time csr_spmv_vectorized_static_veclen_8_no_cpy iter 8: 3.111 ms
Run time csr_spmv_vectorized_static_veclen_8_no_cpy iter 9: 3.125 ms
Run time csr_spmv_vectorized_static_veclen_8_cpy iter 0: 3.338 ms
Run time csr_spmv_vectorized_static_veclen_8_cpy iter 1: 3.049 ms
Run time csr_spmv_vectorized_static_veclen_8_cpy iter 2: 3.086 ms
Run time csr_spmv_vectorized_static_veclen_8_cpy iter 3: 3.129 ms
Run time csr_spmv_vectorized_static_veclen_8_cpy iter 4: 3.129 ms
Run time csr_spmv_vectorized_static_veclen_8_cpy iter 5: 3.091 ms
Run time csr_spmv_vectorized_static_veclen_8_cpy iter 6: 3.081 ms
Run time csr_spmv_vectorized_static_veclen_8_cpy iter 7: 3.079 ms
Run time csr_spmv_vectorized_static_veclen_8_cpy iter 8: 3.098 ms
Run time csr_spmv_vectorized_static_veclen_8_cpy iter 9: 3.081 ms
Run time csr_spmv_vectorized_static_veclen_16_no_cpy iter 0: 2.907 ms
Run time csr_spmv_vectorized_static_veclen_16_no_cpy iter 1: 2.876 ms
Run time csr_spmv_vectorized_static_veclen_16_no_cpy iter 2: 2.874 ms
Run time csr_spmv_vectorized_static_veclen_16_no_cpy iter 3: 2.884 ms
Run time csr_spmv_vectorized_static_veclen_16_no_cpy iter 4: 2.869 ms
Run time csr_spmv_vectorized_static_veclen_16_no_cpy iter 5: 2.873 ms
Run time csr_spmv_vectorized_static_veclen_16_no_cpy iter 6: 2.876 ms
Run time csr_spmv_vectorized_static_veclen_16_no_cpy iter 7: 2.869 ms
Run time csr_spmv_vectorized_static_veclen_16_no_cpy iter 8: 2.865 ms
Run time csr_spmv_vectorized_static_veclen_16_no_cpy iter 9: 2.870 ms
Run time csr_spmv_vectorized_static_veclen_16_cpy iter 0: 2.847 ms
Run time csr_spmv_vectorized_static_veclen_16_cpy iter 1: 2.899 ms
Run time csr_spmv_vectorized_static_veclen_16_cpy iter 2: 2.864 ms
Run time csr_spmv_vectorized_static_veclen_16_cpy iter 3: 2.873 ms
Run time csr_spmv_vectorized_static_veclen_16_cpy iter 4: 2.863 ms
Run time csr_spmv_vectorized_static_veclen_16_cpy iter 5: 2.852 ms
Run time csr_spmv_vectorized_static_veclen_16_cpy iter 6: 2.897 ms
Run time csr_spmv_vectorized_static_veclen_16_cpy iter 7: 2.860 ms
Run time csr_spmv_vectorized_static_veclen_16_cpy iter 8: 2.881 ms
Run time csr_spmv_vectorized_static_veclen_16_cpy iter 9: 2.862 ms
Run time csr_spmv_vectorized_static_veclen_32_no_cpy iter 0: 3.154 ms
Run time csr_spmv_vectorized_static_veclen_32_no_cpy iter 1: 3.129 ms
Run time csr_spmv_vectorized_static_veclen_32_no_cpy iter 2: 3.129 ms
Run time csr_spmv_vectorized_static_veclen_32_no_cpy iter 3: 3.117 ms
Run time csr_spmv_vectorized_static_veclen_32_no_cpy iter 4: 3.144 ms
Run time csr_spmv_vectorized_static_veclen_32_no_cpy iter 5: 3.133 ms
Run time csr_spmv_vectorized_static_veclen_32_no_cpy iter 6: 3.126 ms
Run time csr_spmv_vectorized_static_veclen_32_no_cpy iter 7: 3.145 ms
Run time csr_spmv_vectorized_static_veclen_32_no_cpy iter 8: 3.135 ms
Run time csr_spmv_vectorized_static_veclen_32_no_cpy iter 9: 3.162 ms
Run time csr_spmv_vectorized_static_veclen_32_cpy iter 0: 3.832 ms
Run time csr_spmv_vectorized_static_veclen_32_cpy iter 1: 3.852 ms
Run time csr_spmv_vectorized_static_veclen_32_cpy iter 2: 3.878 ms
Run time csr_spmv_vectorized_static_veclen_32_cpy iter 3: 4.018 ms
Run time csr_spmv_vectorized_static_veclen_32_cpy iter 4: 4.012 ms
Run time csr_spmv_vectorized_static_veclen_32_cpy iter 5: 3.772 ms
Run time csr_spmv_vectorized_static_veclen_32_cpy iter 6: 3.813 ms
Run time csr_spmv_vectorized_static_veclen_32_cpy iter 7: 3.855 ms
Run time csr_spmv_vectorized_static_veclen_32_cpy iter 8: 3.856 ms
Run time csr_spmv_vectorized_static_veclen_32_cpy iter 9: 3.817 ms
Run time csr_spmv_vectorized_static_veclen_64_no_cpy iter 0: 6.835 ms
Run time csr_spmv_vectorized_static_veclen_64_no_cpy iter 1: 6.955 ms
Run time csr_spmv_vectorized_static_veclen_64_no_cpy iter 2: 6.974 ms
Run time csr_spmv_vectorized_static_veclen_64_no_cpy iter 3: 6.962 ms
Run time csr_spmv_vectorized_static_veclen_64_no_cpy iter 4: 6.949 ms
Run time csr_spmv_vectorized_static_veclen_64_no_cpy iter 5: 7.393 ms
Run time csr_spmv_vectorized_static_veclen_64_no_cpy iter 6: 6.923 ms
Run time csr_spmv_vectorized_static_veclen_64_no_cpy iter 7: 7.499 ms
Run time csr_spmv_vectorized_static_veclen_64_no_cpy iter 8: 6.941 ms
Run time csr_spmv_vectorized_static_veclen_64_no_cpy iter 9: 6.690 ms
Run time csr_spmv_vectorized_static_veclen_64_cpy iter 0: 8.492 ms
Run time csr_spmv_vectorized_static_veclen_64_cpy iter 1: 8.713 ms
Run time csr_spmv_vectorized_static_veclen_64_cpy iter 2: 9.037 ms
Run time csr_spmv_vectorized_static_veclen_64_cpy iter 3: 8.422 ms
Run time csr_spmv_vectorized_static_veclen_64_cpy iter 4: 8.425 ms
Run time csr_spmv_vectorized_static_veclen_64_cpy iter 5: 8.600 ms
Run time csr_spmv_vectorized_static_veclen_64_cpy iter 6: 8.557 ms
Run time csr_spmv_vectorized_static_veclen_64_cpy iter 7: 8.803 ms
Run time csr_spmv_vectorized_static_veclen_64_cpy iter 8: 8.636 ms
Run time csr_spmv_vectorized_static_veclen_64_cpy iter 9: 8.386 ms
Run time csr_spmv_vectorized_static_veclen_128_no_cpy iter 0: 9.203 ms
Run time csr_spmv_vectorized_static_veclen_128_no_cpy iter 1: 9.168 ms
Run time csr_spmv_vectorized_static_veclen_128_no_cpy iter 2: 9.109 ms
Run time csr_spmv_vectorized_static_veclen_128_no_cpy iter 3: 9.125 ms
Run time csr_spmv_vectorized_static_veclen_128_no_cpy iter 4: 9.088 ms
Run time csr_spmv_vectorized_static_veclen_128_no_cpy iter 5: 9.135 ms
Run time csr_spmv_vectorized_static_veclen_128_no_cpy iter 6: 9.167 ms
Run time csr_spmv_vectorized_static_veclen_128_no_cpy iter 7: 9.105 ms
Run time csr_spmv_vectorized_static_veclen_128_no_cpy iter 8: 9.145 ms
Run time csr_spmv_vectorized_static_veclen_128_no_cpy iter 9: 9.122 ms
Run time csr_spmv_vectorized_static_veclen_128_cpy iter 0: 11.957 ms
Run time csr_spmv_vectorized_static_veclen_128_cpy iter 1: 11.961 ms
Run time csr_spmv_vectorized_static_veclen_128_cpy iter 2: 11.990 ms
Run time csr_spmv_vectorized_static_veclen_128_cpy iter 3: 11.950 ms
Run time csr_spmv_vectorized_static_veclen_128_cpy iter 4: 11.967 ms
Run time csr_spmv_vectorized_static_veclen_128_cpy iter 5: 11.969 ms
Run time csr_spmv_vectorized_static_veclen_128_cpy iter 6: 11.962 ms
Run time csr_spmv_vectorized_static_veclen_128_cpy iter 7: 11.963 ms
Run time csr_spmv_vectorized_static_veclen_128_cpy iter 8: 12.023 ms
Run time csr_spmv_vectorized_static_veclen_128_cpy iter 9: 12.020 ms
Saved timing results to csr_spmv_timings_1_core.csv.csv
Run time csr_spmv iter 0: 11.484 ms
Run time csr_spmv iter 1: 11.480 ms
Run time csr_spmv iter 2: 11.478 ms
Run time csr_spmv iter 3: 11.720 ms
Run time csr_spmv iter 4: 11.497 ms
Run time csr_spmv iter 5: 11.510 ms
Run time csr_spmv iter 6: 11.497 ms
Run time csr_spmv iter 7: 11.474 ms
Run time csr_spmv iter 8: 11.694 ms
Run time csr_spmv iter 9: 11.525 ms
Run time csr_spmv_vectorized_static_veclen_8_no_cpy iter 0: 13.595 ms
Run time csr_spmv_vectorized_static_veclen_8_no_cpy iter 1: 13.198 ms
Run time csr_spmv_vectorized_static_veclen_8_no_cpy iter 2: 13.213 ms
Run time csr_spmv_vectorized_static_veclen_8_no_cpy iter 3: 13.945 ms
Run time csr_spmv_vectorized_static_veclen_8_no_cpy iter 4: 13.008 ms
Run time csr_spmv_vectorized_static_veclen_8_no_cpy iter 5: 13.057 ms
Run time csr_spmv_vectorized_static_veclen_8_no_cpy iter 6: 13.693 ms
Run time csr_spmv_vectorized_static_veclen_8_no_cpy iter 7: 13.907 ms
Run time csr_spmv_vectorized_static_veclen_8_no_cpy iter 8: 13.671 ms
Run time csr_spmv_vectorized_static_veclen_8_no_cpy iter 9: 13.483 ms
Run time csr_spmv_vectorized_static_veclen_8_cpy iter 0: 12.731 ms
Run time csr_spmv_vectorized_static_veclen_8_cpy iter 1: 12.632 ms
Run time csr_spmv_vectorized_static_veclen_8_cpy iter 2: 12.574 ms
Run time csr_spmv_vectorized_static_veclen_8_cpy iter 3: 12.632 ms
Run time csr_spmv_vectorized_static_veclen_8_cpy iter 4: 12.584 ms
Run time csr_spmv_vectorized_static_veclen_8_cpy iter 5: 12.989 ms
Run time csr_spmv_vectorized_static_veclen_8_cpy iter 6: 12.535 ms
Run time csr_spmv_vectorized_static_veclen_8_cpy iter 7: 12.728 ms
Run time csr_spmv_vectorized_static_veclen_8_cpy iter 8: 12.564 ms
Run time csr_spmv_vectorized_static_veclen_8_cpy iter 9: 12.705 ms
Run time csr_spmv_vectorized_static_veclen_16_no_cpy iter 0: 12.045 ms
Run time csr_spmv_vectorized_static_veclen_16_no_cpy iter 1: 11.851 ms
Run time csr_spmv_vectorized_static_veclen_16_no_cpy iter 2: 12.159 ms
Run time csr_spmv_vectorized_static_veclen_16_no_cpy iter 3: 12.415 ms
Run time csr_spmv_vectorized_static_veclen_16_no_cpy iter 4: 12.096 ms
Run time csr_spmv_vectorized_static_veclen_16_no_cpy iter 5: 11.789 ms
Run time csr_spmv_vectorized_static_veclen_16_no_cpy iter 6: 11.851 ms
Run time csr_spmv_vectorized_static_veclen_16_no_cpy iter 7: 12.249 ms
Run time csr_spmv_vectorized_static_veclen_16_no_cpy iter 8: 11.784 ms
Run time csr_spmv_vectorized_static_veclen_16_no_cpy iter 9: 11.883 ms
Run time csr_spmv_vectorized_static_veclen_16_cpy iter 0: 11.973 ms
Run time csr_spmv_vectorized_static_veclen_16_cpy iter 1: 11.903 ms
Run time csr_spmv_vectorized_static_veclen_16_cpy iter 2: 11.963 ms
Run time csr_spmv_vectorized_static_veclen_16_cpy iter 3: 11.958 ms
Run time csr_spmv_vectorized_static_veclen_16_cpy iter 4: 11.938 ms
Run time csr_spmv_vectorized_static_veclen_16_cpy iter 5: 12.097 ms
Run time csr_spmv_vectorized_static_veclen_16_cpy iter 6: 11.992 ms
Run time csr_spmv_vectorized_static_veclen_16_cpy iter 7: 11.998 ms
Run time csr_spmv_vectorized_static_veclen_16_cpy iter 8: 11.862 ms
Run time csr_spmv_vectorized_static_veclen_16_cpy iter 9: 11.894 ms
Run time csr_spmv_vectorized_static_veclen_32_no_cpy iter 0: 13.259 ms
Run time csr_spmv_vectorized_static_veclen_32_no_cpy iter 1: 12.908 ms
Run time csr_spmv_vectorized_static_veclen_32_no_cpy iter 2: 12.710 ms
Run time csr_spmv_vectorized_static_veclen_32_no_cpy iter 3: 13.104 ms
Run time csr_spmv_vectorized_static_veclen_32_no_cpy iter 4: 12.615 ms
Run time csr_spmv_vectorized_static_veclen_32_no_cpy iter 5: 12.668 ms
Run time csr_spmv_vectorized_static_veclen_32_no_cpy iter 6: 12.753 ms
Run time csr_spmv_vectorized_static_veclen_32_no_cpy iter 7: 13.062 ms
Run time csr_spmv_vectorized_static_veclen_32_no_cpy iter 8: 13.343 ms
Run time csr_spmv_vectorized_static_veclen_32_no_cpy iter 9: 12.946 ms
Run time csr_spmv_vectorized_static_veclen_32_cpy iter 0: 15.756 ms
Run time csr_spmv_vectorized_static_veclen_32_cpy iter 1: 16.173 ms
Run time csr_spmv_vectorized_static_veclen_32_cpy iter 2: 15.605 ms
Run time csr_spmv_vectorized_static_veclen_32_cpy iter 3: 16.194 ms
Run time csr_spmv_vectorized_static_veclen_32_cpy iter 4: 15.926 ms
Run time csr_spmv_vectorized_static_veclen_32_cpy iter 5: 15.618 ms
Run time csr_spmv_vectorized_static_veclen_32_cpy iter 6: 15.450 ms
Run time csr_spmv_vectorized_static_veclen_32_cpy iter 7: 15.943 ms
Run time csr_spmv_vectorized_static_veclen_32_cpy iter 8: 15.273 ms
Run time csr_spmv_vectorized_static_veclen_32_cpy iter 9: 15.471 ms
Run time csr_spmv_vectorized_static_veclen_64_no_cpy iter 0: 26.391 ms
Run time csr_spmv_vectorized_static_veclen_64_no_cpy iter 1: 26.651 ms
Run time csr_spmv_vectorized_static_veclen_64_no_cpy iter 2: 26.652 ms
Run time csr_spmv_vectorized_static_veclen_64_no_cpy iter 3: 26.465 ms
Run time csr_spmv_vectorized_static_veclen_64_no_cpy iter 4: 26.612 ms
Run time csr_spmv_vectorized_static_veclen_64_no_cpy iter 5: 26.119 ms
Run time csr_spmv_vectorized_static_veclen_64_no_cpy iter 6: 26.521 ms
Run time csr_spmv_vectorized_static_veclen_64_no_cpy iter 7: 26.139 ms
Run time csr_spmv_vectorized_static_veclen_64_no_cpy iter 8: 26.302 ms
Run time csr_spmv_vectorized_static_veclen_64_no_cpy iter 9: 27.011 ms
Run time csr_spmv_vectorized_static_veclen_64_cpy iter 0: 34.133 ms
Run time csr_spmv_vectorized_static_veclen_64_cpy iter 1: 33.961 ms
Run time csr_spmv_vectorized_static_veclen_64_cpy iter 2: 33.837 ms
Run time csr_spmv_vectorized_static_veclen_64_cpy iter 3: 33.768 ms
Run time csr_spmv_vectorized_static_veclen_64_cpy iter 4: 33.883 ms
Run time csr_spmv_vectorized_static_veclen_64_cpy iter 5: 34.792 ms
Run time csr_spmv_vectorized_static_veclen_64_cpy iter 6: 33.901 ms
Run time csr_spmv_vectorized_static_veclen_64_cpy iter 7: 34.001 ms
Run time csr_spmv_vectorized_static_veclen_64_cpy iter 8: 33.926 ms
Run time csr_spmv_vectorized_static_veclen_64_cpy iter 9: 34.042 ms
Run time csr_spmv_vectorized_static_veclen_128_no_cpy iter 0: 38.338 ms
Run time csr_spmv_vectorized_static_veclen_128_no_cpy iter 1: 39.358 ms
Run time csr_spmv_vectorized_static_veclen_128_no_cpy iter 2: 37.572 ms
Run time csr_spmv_vectorized_static_veclen_128_no_cpy iter 3: 37.630 ms
Run time csr_spmv_vectorized_static_veclen_128_no_cpy iter 4: 39.972 ms
Run time csr_spmv_vectorized_static_veclen_128_no_cpy iter 5: 39.554 ms
Run time csr_spmv_vectorized_static_veclen_128_no_cpy iter 6: 39.485 ms
Run time csr_spmv_vectorized_static_veclen_128_no_cpy iter 7: 39.179 ms
Run time csr_spmv_vectorized_static_veclen_128_no_cpy iter 8: 39.355 ms
Run time csr_spmv_vectorized_static_veclen_128_no_cpy iter 9: 37.158 ms
Run time csr_spmv_vectorized_static_veclen_128_cpy iter 0: 50.956 ms
Run time csr_spmv_vectorized_static_veclen_128_cpy iter 1: 50.091 ms
Run time csr_spmv_vectorized_static_veclen_128_cpy iter 2: 51.133 ms
Run time csr_spmv_vectorized_static_veclen_128_cpy iter 3: 50.498 ms
Run time csr_spmv_vectorized_static_veclen_128_cpy iter 4: 52.225 ms
Run time csr_spmv_vectorized_static_veclen_128_cpy iter 5: 52.425 ms
Run time csr_spmv_vectorized_static_veclen_128_cpy iter 6: 53.028 ms
Run time csr_spmv_vectorized_static_veclen_128_cpy iter 7: 51.674 ms
Run time csr_spmv_vectorized_static_veclen_128_cpy iter 8: 52.125 ms
Run time csr_spmv_vectorized_static_veclen_128_cpy iter 9: 50.642 ms
Saved timing results to csr_spmv_timings_1_core.csv.csv
Run time csr_spmv iter 0: 48.675 ms
Run time csr_spmv iter 1: 48.702 ms
Run time csr_spmv iter 2: 48.464 ms
Run time csr_spmv iter 3: 48.789 ms
Run time csr_spmv iter 4: 48.394 ms
Run time csr_spmv iter 5: 48.472 ms
Run time csr_spmv iter 6: 48.899 ms
Run time csr_spmv iter 7: 48.454 ms
Run time csr_spmv iter 8: 48.384 ms
Run time csr_spmv iter 9: 48.632 ms
Run time csr_spmv_vectorized_static_veclen_8_no_cpy iter 0: 55.141 ms
Run time csr_spmv_vectorized_static_veclen_8_no_cpy iter 1: 54.960 ms
Run time csr_spmv_vectorized_static_veclen_8_no_cpy iter 2: 54.878 ms
Run time csr_spmv_vectorized_static_veclen_8_no_cpy iter 3: 53.312 ms
Run time csr_spmv_vectorized_static_veclen_8_no_cpy iter 4: 52.586 ms
Run time csr_spmv_vectorized_static_veclen_8_no_cpy iter 5: 53.021 ms
Run time csr_spmv_vectorized_static_veclen_8_no_cpy iter 6: 52.637 ms
Run time csr_spmv_vectorized_static_veclen_8_no_cpy iter 7: 52.691 ms
Run time csr_spmv_vectorized_static_veclen_8_no_cpy iter 8: 52.590 ms
Run time csr_spmv_vectorized_static_veclen_8_no_cpy iter 9: 52.762 ms
Run time csr_spmv_vectorized_static_veclen_8_cpy iter 0: 51.659 ms
Run time csr_spmv_vectorized_static_veclen_8_cpy iter 1: 52.298 ms
Run time csr_spmv_vectorized_static_veclen_8_cpy iter 2: 51.988 ms
Run time csr_spmv_vectorized_static_veclen_8_cpy iter 3: 52.211 ms
Run time csr_spmv_vectorized_static_veclen_8_cpy iter 4: 51.381 ms
Run time csr_spmv_vectorized_static_veclen_8_cpy iter 5: 52.212 ms
Run time csr_spmv_vectorized_static_veclen_8_cpy iter 6: 52.804 ms
Run time csr_spmv_vectorized_static_veclen_8_cpy iter 7: 52.066 ms
Run time csr_spmv_vectorized_static_veclen_8_cpy iter 8: 52.352 ms
Run time csr_spmv_vectorized_static_veclen_8_cpy iter 9: 52.363 ms
Run time csr_spmv_vectorized_static_veclen_16_no_cpy iter 0: 48.547 ms
Run time csr_spmv_vectorized_static_veclen_16_no_cpy iter 1: 48.931 ms
Run time csr_spmv_vectorized_static_veclen_16_no_cpy iter 2: 48.651 ms
Run time csr_spmv_vectorized_static_veclen_16_no_cpy iter 3: 48.781 ms
Run time csr_spmv_vectorized_static_veclen_16_no_cpy iter 4: 48.522 ms
Run time csr_spmv_vectorized_static_veclen_16_no_cpy iter 5: 48.843 ms
Run time csr_spmv_vectorized_static_veclen_16_no_cpy iter 6: 48.574 ms
Run time csr_spmv_vectorized_static_veclen_16_no_cpy iter 7: 48.584 ms
Run time csr_spmv_vectorized_static_veclen_16_no_cpy iter 8: 48.354 ms
Run time csr_spmv_vectorized_static_veclen_16_no_cpy iter 9: 49.758 ms
Run time csr_spmv_vectorized_static_veclen_16_cpy iter 0: 48.620 ms
Run time csr_spmv_vectorized_static_veclen_16_cpy iter 1: 48.765 ms
Run time csr_spmv_vectorized_static_veclen_16_cpy iter 2: 48.650 ms
Run time csr_spmv_vectorized_static_veclen_16_cpy iter 3: 48.728 ms
Run time csr_spmv_vectorized_static_veclen_16_cpy iter 4: 47.989 ms
Run time csr_spmv_vectorized_static_veclen_16_cpy iter 5: 48.447 ms
Run time csr_spmv_vectorized_static_veclen_16_cpy iter 6: 49.949 ms
Run time csr_spmv_vectorized_static_veclen_16_cpy iter 7: 47.905 ms
Run time csr_spmv_vectorized_static_veclen_16_cpy iter 8: 52.128 ms
Run time csr_spmv_vectorized_static_veclen_16_cpy iter 9: 57.478 ms
Run time csr_spmv_vectorized_static_veclen_32_no_cpy iter 0: 52.554 ms
Run time csr_spmv_vectorized_static_veclen_32_no_cpy iter 1: 54.018 ms
Run time csr_spmv_vectorized_static_veclen_32_no_cpy iter 2: 52.756 ms
Run time csr_spmv_vectorized_static_veclen_32_no_cpy iter 3: 63.968 ms
Run time csr_spmv_vectorized_static_veclen_32_no_cpy iter 4: 63.635 ms
Run time csr_spmv_vectorized_static_veclen_32_no_cpy iter 5: 64.298 ms
Run time csr_spmv_vectorized_static_veclen_32_no_cpy iter 6: 65.264 ms
Run time csr_spmv_vectorized_static_veclen_32_no_cpy iter 7: 63.898 ms
Run time csr_spmv_vectorized_static_veclen_32_no_cpy iter 8: 63.981 ms
Run time csr_spmv_vectorized_static_veclen_32_no_cpy iter 9: 63.411 ms
Run time csr_spmv_vectorized_static_veclen_32_cpy iter 0: 65.682 ms
Run time csr_spmv_vectorized_static_veclen_32_cpy iter 1: 66.082 ms
Run time csr_spmv_vectorized_static_veclen_32_cpy iter 2: 68.740 ms
Run time csr_spmv_vectorized_static_veclen_32_cpy iter 3: 68.145 ms
Run time csr_spmv_vectorized_static_veclen_32_cpy iter 4: 67.835 ms
Run time csr_spmv_vectorized_static_veclen_32_cpy iter 5: 67.038 ms
Run time csr_spmv_vectorized_static_veclen_32_cpy iter 6: 67.344 ms
Run time csr_spmv_vectorized_static_veclen_32_cpy iter 7: 67.099 ms
Run time csr_spmv_vectorized_static_veclen_32_cpy iter 8: 65.125 ms
Run time csr_spmv_vectorized_static_veclen_32_cpy iter 9: 68.414 ms
Run time csr_spmv_vectorized_static_veclen_64_no_cpy iter 0: 114.058 ms
Run time csr_spmv_vectorized_static_veclen_64_no_cpy iter 1: 117.370 ms
Run time csr_spmv_vectorized_static_veclen_64_no_cpy iter 2: 114.594 ms
Run time csr_spmv_vectorized_static_veclen_64_no_cpy iter 3: 116.076 ms
Run time csr_spmv_vectorized_static_veclen_64_no_cpy iter 4: 112.223 ms
Run time csr_spmv_vectorized_static_veclen_64_no_cpy iter 5: 109.416 ms
Run time csr_spmv_vectorized_static_veclen_64_no_cpy iter 6: 108.617 ms
Run time csr_spmv_vectorized_static_veclen_64_no_cpy iter 7: 106.829 ms
Run time csr_spmv_vectorized_static_veclen_64_no_cpy iter 8: 106.331 ms
Run time csr_spmv_vectorized_static_veclen_64_no_cpy iter 9: 106.945 ms
Run time csr_spmv_vectorized_static_veclen_64_cpy iter 0: 143.240 ms
Run time csr_spmv_vectorized_static_veclen_64_cpy iter 1: 143.872 ms
Run time csr_spmv_vectorized_static_veclen_64_cpy iter 2: 142.938 ms
Run time csr_spmv_vectorized_static_veclen_64_cpy iter 3: 138.940 ms
Run time csr_spmv_vectorized_static_veclen_64_cpy iter 4: 139.715 ms
Run time csr_spmv_vectorized_static_veclen_64_cpy iter 5: 138.988 ms
Run time csr_spmv_vectorized_static_veclen_64_cpy iter 6: 138.881 ms
Run time csr_spmv_vectorized_static_veclen_64_cpy iter 7: 138.588 ms
Run time csr_spmv_vectorized_static_veclen_64_cpy iter 8: 138.601 ms
Run time csr_spmv_vectorized_static_veclen_64_cpy iter 9: 138.536 ms
Run time csr_spmv_vectorized_static_veclen_128_no_cpy iter 0: 159.728 ms
Run time csr_spmv_vectorized_static_veclen_128_no_cpy iter 1: 159.768 ms
Run time csr_spmv_vectorized_static_veclen_128_no_cpy iter 2: 159.382 ms
Run time csr_spmv_vectorized_static_veclen_128_no_cpy iter 3: 151.878 ms
Run time csr_spmv_vectorized_static_veclen_128_no_cpy iter 4: 151.866 ms
Run time csr_spmv_vectorized_static_veclen_128_no_cpy iter 5: 152.050 ms
Run time csr_spmv_vectorized_static_veclen_128_no_cpy iter 6: 151.706 ms
Run time csr_spmv_vectorized_static_veclen_128_no_cpy iter 7: 151.674 ms
Run time csr_spmv_vectorized_static_veclen_128_no_cpy iter 8: 151.466 ms
Run time csr_spmv_vectorized_static_veclen_128_no_cpy iter 9: 151.023 ms
Run time csr_spmv_vectorized_static_veclen_128_cpy iter 0: 201.277 ms
Run time csr_spmv_vectorized_static_veclen_128_cpy iter 1: 201.209 ms
Run time csr_spmv_vectorized_static_veclen_128_cpy iter 2: 201.096 ms
Run time csr_spmv_vectorized_static_veclen_128_cpy iter 3: 206.405 ms
Run time csr_spmv_vectorized_static_veclen_128_cpy iter 4: 204.994 ms
Run time csr_spmv_vectorized_static_veclen_128_cpy iter 5: 201.776 ms
Run time csr_spmv_vectorized_static_veclen_128_cpy iter 6: 201.873 ms
Run time csr_spmv_vectorized_static_veclen_128_cpy iter 7: 201.484 ms
Run time csr_spmv_vectorized_static_veclen_128_cpy iter 8: 201.986 ms
Run time csr_spmv_vectorized_static_veclen_128_cpy iter 9: 201.730 ms
Saved timing results to csr_spmv_timings_1_core.csv.csv
