Physical cores: 128
Run time spmv_csr iter 0: 0.717 ms
Run time spmv_csr iter 1: 0.779 ms
Run time spmv_csr iter 2: 0.757 ms
Run time spmv_csr iter 3: 0.780 ms
Run time spmv_csr iter 4: 0.753 ms
Run time spmv_csr iter 5: 0.719 ms
Run time spmv_csr iter 6: 0.735 ms
Run time spmv_csr iter 7: 0.762 ms
Run time spmv_csr iter 8: 0.757 ms
Run time spmv_csr iter 9: 0.756 ms
Run time csr_spmv_vectorized_static_veclen_8_no_cpy iter 0: 0.943 ms
Run time csr_spmv_vectorized_static_veclen_8_no_cpy iter 1: 0.870 ms
Run time csr_spmv_vectorized_static_veclen_8_no_cpy iter 2: 0.947 ms
Run time csr_spmv_vectorized_static_veclen_8_no_cpy iter 3: 0.921 ms
Run time csr_spmv_vectorized_static_veclen_8_no_cpy iter 4: 0.862 ms
Run time csr_spmv_vectorized_static_veclen_8_no_cpy iter 5: 1.335 ms
Run time csr_spmv_vectorized_static_veclen_8_no_cpy iter 6: 0.881 ms
Run time csr_spmv_vectorized_static_veclen_8_no_cpy iter 7: 0.876 ms
Run time csr_spmv_vectorized_static_veclen_8_no_cpy iter 8: 0.866 ms
Run time csr_spmv_vectorized_static_veclen_8_no_cpy iter 9: 0.811 ms
Run time csr_spmv_vectorized_static_veclen_8_cpy iter 0: 0.870 ms
Run time csr_spmv_vectorized_static_veclen_8_cpy iter 1: 0.803 ms
Run time csr_spmv_vectorized_static_veclen_8_cpy iter 2: 0.817 ms
Run time csr_spmv_vectorized_static_veclen_8_cpy iter 3: 0.850 ms
Run time csr_spmv_vectorized_static_veclen_8_cpy iter 4: 0.824 ms
Run time csr_spmv_vectorized_static_veclen_8_cpy iter 5: 0.850 ms
Run time csr_spmv_vectorized_static_veclen_8_cpy iter 6: 0.852 ms
Run time csr_spmv_vectorized_static_veclen_8_cpy iter 7: 0.813 ms
Run time csr_spmv_vectorized_static_veclen_8_cpy iter 8: 0.867 ms
Run time csr_spmv_vectorized_static_veclen_8_cpy iter 9: 0.919 ms
Run time csr_spmv_vectorized_static_veclen_16_no_cpy iter 0: 0.739 ms
Run time csr_spmv_vectorized_static_veclen_16_no_cpy iter 1: 0.681 ms
Run time csr_spmv_vectorized_static_veclen_16_no_cpy iter 2: 0.671 ms
Run time csr_spmv_vectorized_static_veclen_16_no_cpy iter 3: 0.793 ms
Run time csr_spmv_vectorized_static_veclen_16_no_cpy iter 4: 0.696 ms
Run time csr_spmv_vectorized_static_veclen_16_no_cpy iter 5: 0.735 ms
Run time csr_spmv_vectorized_static_veclen_16_no_cpy iter 6: 0.730 ms
Run time csr_spmv_vectorized_static_veclen_16_no_cpy iter 7: 0.733 ms
Run time csr_spmv_vectorized_static_veclen_16_no_cpy iter 8: 0.740 ms
Run time csr_spmv_vectorized_static_veclen_16_no_cpy iter 9: 0.794 ms
Run time csr_spmv_vectorized_static_veclen_16_cpy iter 0: 0.829 ms
Run time csr_spmv_vectorized_static_veclen_16_cpy iter 1: 0.733 ms
Run time csr_spmv_vectorized_static_veclen_16_cpy iter 2: 0.778 ms
Run time csr_spmv_vectorized_static_veclen_16_cpy iter 3: 0.785 ms
Run time csr_spmv_vectorized_static_veclen_16_cpy iter 4: 0.818 ms
Run time csr_spmv_vectorized_static_veclen_16_cpy iter 5: 0.828 ms
Run time csr_spmv_vectorized_static_veclen_16_cpy iter 6: 0.769 ms
Run time csr_spmv_vectorized_static_veclen_16_cpy iter 7: 0.751 ms
Run time csr_spmv_vectorized_static_veclen_16_cpy iter 8: 0.699 ms
Run time csr_spmv_vectorized_static_veclen_16_cpy iter 9: 0.739 ms
Run time csr_spmv_vectorized_static_veclen_32_no_cpy iter 0: 0.848 ms
Run time csr_spmv_vectorized_static_veclen_32_no_cpy iter 1: 0.880 ms
Run time csr_spmv_vectorized_static_veclen_32_no_cpy iter 2: 0.852 ms
Run time csr_spmv_vectorized_static_veclen_32_no_cpy iter 3: 0.847 ms
Run time csr_spmv_vectorized_static_veclen_32_no_cpy iter 4: 0.882 ms
Run time csr_spmv_vectorized_static_veclen_32_no_cpy iter 5: 0.875 ms
Run time csr_spmv_vectorized_static_veclen_32_no_cpy iter 6: 0.882 ms
Run time csr_spmv_vectorized_static_veclen_32_no_cpy iter 7: 0.847 ms
Run time csr_spmv_vectorized_static_veclen_32_no_cpy iter 8: 0.839 ms
Run time csr_spmv_vectorized_static_veclen_32_no_cpy iter 9: 0.849 ms
Run time csr_spmv_vectorized_static_veclen_32_cpy iter 0: 1.046 ms
Run time csr_spmv_vectorized_static_veclen_32_cpy iter 1: 1.252 ms
Run time csr_spmv_vectorized_static_veclen_32_cpy iter 2: 1.101 ms
Run time csr_spmv_vectorized_static_veclen_32_cpy iter 3: 1.092 ms
Run time csr_spmv_vectorized_static_veclen_32_cpy iter 4: 1.183 ms
Run time csr_spmv_vectorized_static_veclen_32_cpy iter 5: 1.148 ms
Run time csr_spmv_vectorized_static_veclen_32_cpy iter 6: 1.066 ms
Run time csr_spmv_vectorized_static_veclen_32_cpy iter 7: 1.144 ms
Run time csr_spmv_vectorized_static_veclen_32_cpy iter 8: 1.156 ms
Run time csr_spmv_vectorized_static_veclen_32_cpy iter 9: 1.270 ms
Run time csr_spmv_vectorized_static_veclen_64_no_cpy iter 0: 1.712 ms
Run time csr_spmv_vectorized_static_veclen_64_no_cpy iter 1: 1.725 ms
Run time csr_spmv_vectorized_static_veclen_64_no_cpy iter 2: 1.732 ms
Run time csr_spmv_vectorized_static_veclen_64_no_cpy iter 3: 1.718 ms
Run time csr_spmv_vectorized_static_veclen_64_no_cpy iter 4: 1.733 ms
Run time csr_spmv_vectorized_static_veclen_64_no_cpy iter 5: 1.640 ms
Run time csr_spmv_vectorized_static_veclen_64_no_cpy iter 6: 1.686 ms
Run time csr_spmv_vectorized_static_veclen_64_no_cpy iter 7: 1.808 ms
Run time csr_spmv_vectorized_static_veclen_64_no_cpy iter 8: 1.789 ms
Run time csr_spmv_vectorized_static_veclen_64_no_cpy iter 9: 1.741 ms
Run time csr_spmv_vectorized_static_veclen_64_cpy iter 0: 1.946 ms
Run time csr_spmv_vectorized_static_veclen_64_cpy iter 1: 2.214 ms
Run time csr_spmv_vectorized_static_veclen_64_cpy iter 2: 2.198 ms
Run time csr_spmv_vectorized_static_veclen_64_cpy iter 3: 2.259 ms
Run time csr_spmv_vectorized_static_veclen_64_cpy iter 4: 2.266 ms
Run time csr_spmv_vectorized_static_veclen_64_cpy iter 5: 2.244 ms
Run time csr_spmv_vectorized_static_veclen_64_cpy iter 6: 2.220 ms
Run time csr_spmv_vectorized_static_veclen_64_cpy iter 7: 1.974 ms
Run time csr_spmv_vectorized_static_veclen_64_cpy iter 8: 2.319 ms
Run time csr_spmv_vectorized_static_veclen_64_cpy iter 9: 2.239 ms
Run time csr_spmv_vectorized_static_veclen_128_no_cpy iter 0: 2.565 ms
Run time csr_spmv_vectorized_static_veclen_128_no_cpy iter 1: 2.546 ms
Run time csr_spmv_vectorized_static_veclen_128_no_cpy iter 2: 2.278 ms
Run time csr_spmv_vectorized_static_veclen_128_no_cpy iter 3: 2.171 ms
Run time csr_spmv_vectorized_static_veclen_128_no_cpy iter 4: 2.161 ms
Run time csr_spmv_vectorized_static_veclen_128_no_cpy iter 5: 2.343 ms
Run time csr_spmv_vectorized_static_veclen_128_no_cpy iter 6: 2.602 ms
Run time csr_spmv_vectorized_static_veclen_128_no_cpy iter 7: 2.738 ms
Run time csr_spmv_vectorized_static_veclen_128_no_cpy iter 8: 2.779 ms
Run time csr_spmv_vectorized_static_veclen_128_no_cpy iter 9: 2.628 ms
Run time csr_spmv_vectorized_static_veclen_128_cpy iter 0: 3.268 ms
Run time csr_spmv_vectorized_static_veclen_128_cpy iter 1: 3.248 ms
Run time csr_spmv_vectorized_static_veclen_128_cpy iter 2: 3.207 ms
Run time csr_spmv_vectorized_static_veclen_128_cpy iter 3: 3.292 ms
Run time csr_spmv_vectorized_static_veclen_128_cpy iter 4: 3.266 ms
Run time csr_spmv_vectorized_static_veclen_128_cpy iter 5: 3.230 ms
Run time csr_spmv_vectorized_static_veclen_128_cpy iter 6: 2.870 ms
Run time csr_spmv_vectorized_static_veclen_128_cpy iter 7: 3.293 ms
Run time csr_spmv_vectorized_static_veclen_128_cpy iter 8: 3.012 ms
Run time csr_spmv_vectorized_static_veclen_128_cpy iter 9: 3.208 ms
Saved timing results to csr_spmv_timings_1_core.csv.csv
Run time spmv_csr iter 0: 3.008 ms
Run time spmv_csr iter 1: 3.006 ms
Run time spmv_csr iter 2: 2.997 ms
Run time spmv_csr iter 3: 3.113 ms
Run time spmv_csr iter 4: 3.087 ms
Run time spmv_csr iter 5: 3.014 ms
Run time spmv_csr iter 6: 3.019 ms
Run time spmv_csr iter 7: 3.061 ms
Run time spmv_csr iter 8: 3.015 ms
Run time spmv_csr iter 9: 3.043 ms
Run time csr_spmv_vectorized_static_veclen_8_no_cpy iter 0: 3.398 ms
Run time csr_spmv_vectorized_static_veclen_8_no_cpy iter 1: 3.393 ms
Run time csr_spmv_vectorized_static_veclen_8_no_cpy iter 2: 3.499 ms
Run time csr_spmv_vectorized_static_veclen_8_no_cpy iter 3: 3.525 ms
Run time csr_spmv_vectorized_static_veclen_8_no_cpy iter 4: 3.391 ms
Run time csr_spmv_vectorized_static_veclen_8_no_cpy iter 5: 3.334 ms
Run time csr_spmv_vectorized_static_veclen_8_no_cpy iter 6: 3.380 ms
Run time csr_spmv_vectorized_static_veclen_8_no_cpy iter 7: 3.286 ms
Run time csr_spmv_vectorized_static_veclen_8_no_cpy iter 8: 3.316 ms
Run time csr_spmv_vectorized_static_veclen_8_no_cpy iter 9: 3.243 ms
Run time csr_spmv_vectorized_static_veclen_8_cpy iter 0: 3.457 ms
Run time csr_spmv_vectorized_static_veclen_8_cpy iter 1: 3.175 ms
Run time csr_spmv_vectorized_static_veclen_8_cpy iter 2: 3.150 ms
Run time csr_spmv_vectorized_static_veclen_8_cpy iter 3: 3.185 ms
Run time csr_spmv_vectorized_static_veclen_8_cpy iter 4: 3.161 ms
Run time csr_spmv_vectorized_static_veclen_8_cpy iter 5: 3.184 ms
Run time csr_spmv_vectorized_static_veclen_8_cpy iter 6: 3.182 ms
Run time csr_spmv_vectorized_static_veclen_8_cpy iter 7: 3.166 ms
Run time csr_spmv_vectorized_static_veclen_8_cpy iter 8: 3.199 ms
Run time csr_spmv_vectorized_static_veclen_8_cpy iter 9: 3.275 ms
Run time csr_spmv_vectorized_static_veclen_16_no_cpy iter 0: 2.993 ms
Run time csr_spmv_vectorized_static_veclen_16_no_cpy iter 1: 3.079 ms
Run time csr_spmv_vectorized_static_veclen_16_no_cpy iter 2: 2.988 ms
Run time csr_spmv_vectorized_static_veclen_16_no_cpy iter 3: 3.311 ms
Run time csr_spmv_vectorized_static_veclen_16_no_cpy iter 4: 2.986 ms
Run time csr_spmv_vectorized_static_veclen_16_no_cpy iter 5: 2.977 ms
Run time csr_spmv_vectorized_static_veclen_16_no_cpy iter 6: 2.983 ms
Run time csr_spmv_vectorized_static_veclen_16_no_cpy iter 7: 2.977 ms
Run time csr_spmv_vectorized_static_veclen_16_no_cpy iter 8: 2.994 ms
Run time csr_spmv_vectorized_static_veclen_16_no_cpy iter 9: 2.999 ms
Run time csr_spmv_vectorized_static_veclen_16_cpy iter 0: 3.638 ms
Run time csr_spmv_vectorized_static_veclen_16_cpy iter 1: 2.991 ms
Run time csr_spmv_vectorized_static_veclen_16_cpy iter 2: 2.974 ms
Run time csr_spmv_vectorized_static_veclen_16_cpy iter 3: 2.965 ms
Run time csr_spmv_vectorized_static_veclen_16_cpy iter 4: 2.979 ms
Run time csr_spmv_vectorized_static_veclen_16_cpy iter 5: 2.996 ms
Run time csr_spmv_vectorized_static_veclen_16_cpy iter 6: 2.970 ms
Run time csr_spmv_vectorized_static_veclen_16_cpy iter 7: 2.992 ms
Run time csr_spmv_vectorized_static_veclen_16_cpy iter 8: 2.985 ms
Run time csr_spmv_vectorized_static_veclen_16_cpy iter 9: 3.018 ms
Run time csr_spmv_vectorized_static_veclen_32_no_cpy iter 0: 3.373 ms
Run time csr_spmv_vectorized_static_veclen_32_no_cpy iter 1: 3.215 ms
Run time csr_spmv_vectorized_static_veclen_32_no_cpy iter 2: 3.252 ms
Run time csr_spmv_vectorized_static_veclen_32_no_cpy iter 3: 3.688 ms
Run time csr_spmv_vectorized_static_veclen_32_no_cpy iter 4: 3.437 ms
Run time csr_spmv_vectorized_static_veclen_32_no_cpy iter 5: 3.231 ms
Run time csr_spmv_vectorized_static_veclen_32_no_cpy iter 6: 3.448 ms
Run time csr_spmv_vectorized_static_veclen_32_no_cpy iter 7: 3.673 ms
Run time csr_spmv_vectorized_static_veclen_32_no_cpy iter 8: 3.954 ms
Run time csr_spmv_vectorized_static_veclen_32_no_cpy iter 9: 3.299 ms
Run time csr_spmv_vectorized_static_veclen_32_cpy iter 0: 4.435 ms
Run time csr_spmv_vectorized_static_veclen_32_cpy iter 1: 4.963 ms
Run time csr_spmv_vectorized_static_veclen_32_cpy iter 2: 5.191 ms
Run time csr_spmv_vectorized_static_veclen_32_cpy iter 3: 4.350 ms
Run time csr_spmv_vectorized_static_veclen_32_cpy iter 4: 4.275 ms
Run time csr_spmv_vectorized_static_veclen_32_cpy iter 5: 4.116 ms
Run time csr_spmv_vectorized_static_veclen_32_cpy iter 6: 4.418 ms
Run time csr_spmv_vectorized_static_veclen_32_cpy iter 7: 4.419 ms
Run time csr_spmv_vectorized_static_veclen_32_cpy iter 8: 4.393 ms
Run time csr_spmv_vectorized_static_veclen_32_cpy iter 9: 5.183 ms
Run time csr_spmv_vectorized_static_veclen_64_no_cpy iter 0: 7.021 ms
Run time csr_spmv_vectorized_static_veclen_64_no_cpy iter 1: 7.169 ms
Run time csr_spmv_vectorized_static_veclen_64_no_cpy iter 2: 7.237 ms
Run time csr_spmv_vectorized_static_veclen_64_no_cpy iter 3: 7.017 ms
Run time csr_spmv_vectorized_static_veclen_64_no_cpy iter 4: 7.105 ms
Run time csr_spmv_vectorized_static_veclen_64_no_cpy iter 5: 7.028 ms
Run time csr_spmv_vectorized_static_veclen_64_no_cpy iter 6: 7.178 ms
Run time csr_spmv_vectorized_static_veclen_64_no_cpy iter 7: 6.998 ms
Run time csr_spmv_vectorized_static_veclen_64_no_cpy iter 8: 7.183 ms
Run time csr_spmv_vectorized_static_veclen_64_no_cpy iter 9: 7.300 ms
Run time csr_spmv_vectorized_static_veclen_64_cpy iter 0: 9.768 ms
Run time csr_spmv_vectorized_static_veclen_64_cpy iter 1: 9.752 ms
Run time csr_spmv_vectorized_static_veclen_64_cpy iter 2: 9.755 ms
Run time csr_spmv_vectorized_static_veclen_64_cpy iter 3: 9.680 ms
Run time csr_spmv_vectorized_static_veclen_64_cpy iter 4: 9.649 ms
Run time csr_spmv_vectorized_static_veclen_64_cpy iter 5: 9.657 ms
Run time csr_spmv_vectorized_static_veclen_64_cpy iter 6: 9.842 ms
Run time csr_spmv_vectorized_static_veclen_64_cpy iter 7: 10.126 ms
Run time csr_spmv_vectorized_static_veclen_64_cpy iter 8: 9.522 ms
Run time csr_spmv_vectorized_static_veclen_64_cpy iter 9: 9.550 ms
Run time csr_spmv_vectorized_static_veclen_128_no_cpy iter 0: 10.564 ms
Run time csr_spmv_vectorized_static_veclen_128_no_cpy iter 1: 10.478 ms
Run time csr_spmv_vectorized_static_veclen_128_no_cpy iter 2: 10.557 ms
Run time csr_spmv_vectorized_static_veclen_128_no_cpy iter 3: 10.630 ms
Run time csr_spmv_vectorized_static_veclen_128_no_cpy iter 4: 10.597 ms
Run time csr_spmv_vectorized_static_veclen_128_no_cpy iter 5: 10.561 ms
Run time csr_spmv_vectorized_static_veclen_128_no_cpy iter 6: 10.972 ms
Run time csr_spmv_vectorized_static_veclen_128_no_cpy iter 7: 11.037 ms
Run time csr_spmv_vectorized_static_veclen_128_no_cpy iter 8: 10.814 ms
Run time csr_spmv_vectorized_static_veclen_128_no_cpy iter 9: 10.864 ms
Run time csr_spmv_vectorized_static_veclen_128_cpy iter 0: 13.159 ms
Run time csr_spmv_vectorized_static_veclen_128_cpy iter 1: 13.242 ms
Run time csr_spmv_vectorized_static_veclen_128_cpy iter 2: 13.152 ms
Run time csr_spmv_vectorized_static_veclen_128_cpy iter 3: 13.171 ms
Run time csr_spmv_vectorized_static_veclen_128_cpy iter 4: 13.229 ms
Run time csr_spmv_vectorized_static_veclen_128_cpy iter 5: 13.257 ms
Run time csr_spmv_vectorized_static_veclen_128_cpy iter 6: 13.395 ms
Run time csr_spmv_vectorized_static_veclen_128_cpy iter 7: 13.220 ms
Run time csr_spmv_vectorized_static_veclen_128_cpy iter 8: 13.156 ms
Run time csr_spmv_vectorized_static_veclen_128_cpy iter 9: 13.156 ms
Saved timing results to csr_spmv_timings_1_core.csv.csv
Run time spmv_csr iter 0: 12.103 ms
Run time spmv_csr iter 1: 12.135 ms
Run time spmv_csr iter 2: 12.090 ms
Run time spmv_csr iter 3: 12.580 ms
Run time spmv_csr iter 4: 12.112 ms
Run time spmv_csr iter 5: 12.068 ms
Run time spmv_csr iter 6: 12.530 ms
Run time spmv_csr iter 7: 12.210 ms
Run time spmv_csr iter 8: 12.067 ms
Run time spmv_csr iter 9: 12.118 ms
Run time csr_spmv_vectorized_static_veclen_8_no_cpy iter 0: 14.250 ms
Run time csr_spmv_vectorized_static_veclen_8_no_cpy iter 1: 13.834 ms
Run time csr_spmv_vectorized_static_veclen_8_no_cpy iter 2: 13.907 ms
Run time csr_spmv_vectorized_static_veclen_8_no_cpy iter 3: 13.914 ms
Run time csr_spmv_vectorized_static_veclen_8_no_cpy iter 4: 14.174 ms
Run time csr_spmv_vectorized_static_veclen_8_no_cpy iter 5: 13.749 ms
Run time csr_spmv_vectorized_static_veclen_8_no_cpy iter 6: 13.806 ms
Run time csr_spmv_vectorized_static_veclen_8_no_cpy iter 7: 14.075 ms
Run time csr_spmv_vectorized_static_veclen_8_no_cpy iter 8: 14.602 ms
Run time csr_spmv_vectorized_static_veclen_8_no_cpy iter 9: 13.722 ms
Run time csr_spmv_vectorized_static_veclen_8_cpy iter 0: 13.169 ms
Run time csr_spmv_vectorized_static_veclen_8_cpy iter 1: 13.025 ms
Run time csr_spmv_vectorized_static_veclen_8_cpy iter 2: 12.964 ms
Run time csr_spmv_vectorized_static_veclen_8_cpy iter 3: 13.005 ms
Run time csr_spmv_vectorized_static_veclen_8_cpy iter 4: 13.175 ms
Run time csr_spmv_vectorized_static_veclen_8_cpy iter 5: 13.459 ms
Run time csr_spmv_vectorized_static_veclen_8_cpy iter 6: 13.055 ms
Run time csr_spmv_vectorized_static_veclen_8_cpy iter 7: 13.121 ms
Run time csr_spmv_vectorized_static_veclen_8_cpy iter 8: 13.017 ms
Run time csr_spmv_vectorized_static_veclen_8_cpy iter 9: 12.966 ms
Run time csr_spmv_vectorized_static_veclen_16_no_cpy iter 0: 12.215 ms
Run time csr_spmv_vectorized_static_veclen_16_no_cpy iter 1: 12.483 ms
Run time csr_spmv_vectorized_static_veclen_16_no_cpy iter 2: 12.184 ms
Run time csr_spmv_vectorized_static_veclen_16_no_cpy iter 3: 12.157 ms
Run time csr_spmv_vectorized_static_veclen_16_no_cpy iter 4: 12.459 ms
Run time csr_spmv_vectorized_static_veclen_16_no_cpy iter 5: 12.177 ms
Run time csr_spmv_vectorized_static_veclen_16_no_cpy iter 6: 12.129 ms
Run time csr_spmv_vectorized_static_veclen_16_no_cpy iter 7: 12.183 ms
Run time csr_spmv_vectorized_static_veclen_16_no_cpy iter 8: 12.188 ms
Run time csr_spmv_vectorized_static_veclen_16_no_cpy iter 9: 12.470 ms
Run time csr_spmv_vectorized_static_veclen_16_cpy iter 0: 12.265 ms
Run time csr_spmv_vectorized_static_veclen_16_cpy iter 1: 12.187 ms
Run time csr_spmv_vectorized_static_veclen_16_cpy iter 2: 12.138 ms
Run time csr_spmv_vectorized_static_veclen_16_cpy iter 3: 12.134 ms
Run time csr_spmv_vectorized_static_veclen_16_cpy iter 4: 12.193 ms
Run time csr_spmv_vectorized_static_veclen_16_cpy iter 5: 12.173 ms
Run time csr_spmv_vectorized_static_veclen_16_cpy iter 6: 12.410 ms
Run time csr_spmv_vectorized_static_veclen_16_cpy iter 7: 12.169 ms
Run time csr_spmv_vectorized_static_veclen_16_cpy iter 8: 12.189 ms
Run time csr_spmv_vectorized_static_veclen_16_cpy iter 9: 12.158 ms
Run time csr_spmv_vectorized_static_veclen_32_no_cpy iter 0: 13.262 ms
Run time csr_spmv_vectorized_static_veclen_32_no_cpy iter 1: 13.209 ms
Run time csr_spmv_vectorized_static_veclen_32_no_cpy iter 2: 13.194 ms
Run time csr_spmv_vectorized_static_veclen_32_no_cpy iter 3: 13.234 ms
Run time csr_spmv_vectorized_static_veclen_32_no_cpy iter 4: 13.165 ms
Run time csr_spmv_vectorized_static_veclen_32_no_cpy iter 5: 13.493 ms
Run time csr_spmv_vectorized_static_veclen_32_no_cpy iter 6: 13.193 ms
Run time csr_spmv_vectorized_static_veclen_32_no_cpy iter 7: 13.254 ms
Run time csr_spmv_vectorized_static_veclen_32_no_cpy iter 8: 13.228 ms
Run time csr_spmv_vectorized_static_veclen_32_no_cpy iter 9: 13.200 ms
Run time csr_spmv_vectorized_static_veclen_32_cpy iter 0: 16.707 ms
Run time csr_spmv_vectorized_static_veclen_32_cpy iter 1: 16.229 ms
Run time csr_spmv_vectorized_static_veclen_32_cpy iter 2: 16.818 ms
Run time csr_spmv_vectorized_static_veclen_32_cpy iter 3: 16.322 ms
Run time csr_spmv_vectorized_static_veclen_32_cpy iter 4: 16.917 ms
Run time csr_spmv_vectorized_static_veclen_32_cpy iter 5: 16.343 ms
Run time csr_spmv_vectorized_static_veclen_32_cpy iter 6: 16.345 ms
Run time csr_spmv_vectorized_static_veclen_32_cpy iter 7: 16.780 ms
Run time csr_spmv_vectorized_static_veclen_32_cpy iter 8: 16.952 ms
Run time csr_spmv_vectorized_static_veclen_32_cpy iter 9: 17.188 ms
Run time csr_spmv_vectorized_static_veclen_64_no_cpy iter 0: 27.459 ms
Run time csr_spmv_vectorized_static_veclen_64_no_cpy iter 1: 27.224 ms
Run time csr_spmv_vectorized_static_veclen_64_no_cpy iter 2: 28.371 ms
Run time csr_spmv_vectorized_static_veclen_64_no_cpy iter 3: 27.323 ms
Run time csr_spmv_vectorized_static_veclen_64_no_cpy iter 4: 27.437 ms
Run time csr_spmv_vectorized_static_veclen_64_no_cpy iter 5: 27.506 ms
Run time csr_spmv_vectorized_static_veclen_64_no_cpy iter 6: 27.663 ms
Run time csr_spmv_vectorized_static_veclen_64_no_cpy iter 7: 27.673 ms
Run time csr_spmv_vectorized_static_veclen_64_no_cpy iter 8: 27.655 ms
Run time csr_spmv_vectorized_static_veclen_64_no_cpy iter 9: 27.458 ms
Run time csr_spmv_vectorized_static_veclen_64_cpy iter 0: 38.868 ms
Run time csr_spmv_vectorized_static_veclen_64_cpy iter 1: 38.915 ms
Run time csr_spmv_vectorized_static_veclen_64_cpy iter 2: 38.688 ms
Run time csr_spmv_vectorized_static_veclen_64_cpy iter 3: 38.299 ms
Run time csr_spmv_vectorized_static_veclen_64_cpy iter 4: 38.838 ms
Run time csr_spmv_vectorized_static_veclen_64_cpy iter 5: 38.378 ms
Run time csr_spmv_vectorized_static_veclen_64_cpy iter 6: 38.678 ms
Run time csr_spmv_vectorized_static_veclen_64_cpy iter 7: 39.566 ms
Run time csr_spmv_vectorized_static_veclen_64_cpy iter 8: 40.014 ms
Run time csr_spmv_vectorized_static_veclen_64_cpy iter 9: 39.150 ms
Run time csr_spmv_vectorized_static_veclen_128_no_cpy iter 0: 41.630 ms
Run time csr_spmv_vectorized_static_veclen_128_no_cpy iter 1: 41.620 ms
Run time csr_spmv_vectorized_static_veclen_128_no_cpy iter 2: 41.559 ms
Run time csr_spmv_vectorized_static_veclen_128_no_cpy iter 3: 41.720 ms
Run time csr_spmv_vectorized_static_veclen_128_no_cpy iter 4: 41.631 ms
Run time csr_spmv_vectorized_static_veclen_128_no_cpy iter 5: 41.643 ms
Run time csr_spmv_vectorized_static_veclen_128_no_cpy iter 6: 41.795 ms
Run time csr_spmv_vectorized_static_veclen_128_no_cpy iter 7: 41.893 ms
Run time csr_spmv_vectorized_static_veclen_128_no_cpy iter 8: 42.387 ms
Run time csr_spmv_vectorized_static_veclen_128_no_cpy iter 9: 42.076 ms
Run time csr_spmv_vectorized_static_veclen_128_cpy iter 0: 53.037 ms
Run time csr_spmv_vectorized_static_veclen_128_cpy iter 1: 53.937 ms
Run time csr_spmv_vectorized_static_veclen_128_cpy iter 2: 53.868 ms
Run time csr_spmv_vectorized_static_veclen_128_cpy iter 3: 53.491 ms
Run time csr_spmv_vectorized_static_veclen_128_cpy iter 4: 53.505 ms
Run time csr_spmv_vectorized_static_veclen_128_cpy iter 5: 53.887 ms
Run time csr_spmv_vectorized_static_veclen_128_cpy iter 6: 53.962 ms
Run time csr_spmv_vectorized_static_veclen_128_cpy iter 7: 53.372 ms
Run time csr_spmv_vectorized_static_veclen_128_cpy iter 8: 53.942 ms
Run time csr_spmv_vectorized_static_veclen_128_cpy iter 9: 53.153 ms
Saved timing results to csr_spmv_timings_1_core.csv.csv
Run time spmv_csr iter 0: 48.684 ms
Run time spmv_csr iter 1: 48.790 ms
Run time spmv_csr iter 2: 48.500 ms
Run time spmv_csr iter 3: 48.690 ms
Run time spmv_csr iter 4: 48.437 ms
Run time spmv_csr iter 5: 48.724 ms
Run time spmv_csr iter 6: 48.736 ms
Run time spmv_csr iter 7: 48.657 ms
Run time spmv_csr iter 8: 48.416 ms
Run time spmv_csr iter 9: 48.820 ms
Run time csr_spmv_vectorized_static_veclen_8_no_cpy iter 0: 51.511 ms
Run time csr_spmv_vectorized_static_veclen_8_no_cpy iter 1: 51.666 ms
Run time csr_spmv_vectorized_static_veclen_8_no_cpy iter 2: 51.270 ms
Run time csr_spmv_vectorized_static_veclen_8_no_cpy iter 3: 51.533 ms
Run time csr_spmv_vectorized_static_veclen_8_no_cpy iter 4: 51.047 ms
Run time csr_spmv_vectorized_static_veclen_8_no_cpy iter 5: 52.031 ms
Run time csr_spmv_vectorized_static_veclen_8_no_cpy iter 6: 51.324 ms
Run time csr_spmv_vectorized_static_veclen_8_no_cpy iter 7: 51.432 ms
Run time csr_spmv_vectorized_static_veclen_8_no_cpy iter 8: 51.792 ms
Run time csr_spmv_vectorized_static_veclen_8_no_cpy iter 9: 51.489 ms
Run time csr_spmv_vectorized_static_veclen_8_cpy iter 0: 50.575 ms
Run time csr_spmv_vectorized_static_veclen_8_cpy iter 1: 50.710 ms
Run time csr_spmv_vectorized_static_veclen_8_cpy iter 2: 50.452 ms
Run time csr_spmv_vectorized_static_veclen_8_cpy iter 3: 50.859 ms
Run time csr_spmv_vectorized_static_veclen_8_cpy iter 4: 50.697 ms
Run time csr_spmv_vectorized_static_veclen_8_cpy iter 5: 50.709 ms
Run time csr_spmv_vectorized_static_veclen_8_cpy iter 6: 50.562 ms
Run time csr_spmv_vectorized_static_veclen_8_cpy iter 7: 50.785 ms
Run time csr_spmv_vectorized_static_veclen_8_cpy iter 8: 50.542 ms
Run time csr_spmv_vectorized_static_veclen_8_cpy iter 9: 50.768 ms
Run time csr_spmv_vectorized_static_veclen_16_no_cpy iter 0: 48.607 ms
Run time csr_spmv_vectorized_static_veclen_16_no_cpy iter 1: 48.831 ms
Run time csr_spmv_vectorized_static_veclen_16_no_cpy iter 2: 48.512 ms
Run time csr_spmv_vectorized_static_veclen_16_no_cpy iter 3: 48.892 ms
Run time csr_spmv_vectorized_static_veclen_16_no_cpy iter 4: 48.501 ms
Run time csr_spmv_vectorized_static_veclen_16_no_cpy iter 5: 48.840 ms
Run time csr_spmv_vectorized_static_veclen_16_no_cpy iter 6: 48.591 ms
Run time csr_spmv_vectorized_static_veclen_16_no_cpy iter 7: 48.979 ms
Run time csr_spmv_vectorized_static_veclen_16_no_cpy iter 8: 48.662 ms
Run time csr_spmv_vectorized_static_veclen_16_no_cpy iter 9: 48.876 ms
Run time csr_spmv_vectorized_static_veclen_16_cpy iter 0: 47.421 ms
Run time csr_spmv_vectorized_static_veclen_16_cpy iter 1: 47.382 ms
Run time csr_spmv_vectorized_static_veclen_16_cpy iter 2: 47.710 ms
Run time csr_spmv_vectorized_static_veclen_16_cpy iter 3: 47.300 ms
Run time csr_spmv_vectorized_static_veclen_16_cpy iter 4: 47.545 ms
Run time csr_spmv_vectorized_static_veclen_16_cpy iter 5: 47.324 ms
Run time csr_spmv_vectorized_static_veclen_16_cpy iter 6: 47.434 ms
Run time csr_spmv_vectorized_static_veclen_16_cpy iter 7: 47.470 ms
Run time csr_spmv_vectorized_static_veclen_16_cpy iter 8: 47.602 ms
Run time csr_spmv_vectorized_static_veclen_16_cpy iter 9: 47.397 ms
Run time csr_spmv_vectorized_static_veclen_32_no_cpy iter 0: 51.533 ms
Run time csr_spmv_vectorized_static_veclen_32_no_cpy iter 1: 51.676 ms
Run time csr_spmv_vectorized_static_veclen_32_no_cpy iter 2: 51.369 ms
Run time csr_spmv_vectorized_static_veclen_32_no_cpy iter 3: 51.632 ms
Run time csr_spmv_vectorized_static_veclen_32_no_cpy iter 4: 51.493 ms
Run time csr_spmv_vectorized_static_veclen_32_no_cpy iter 5: 51.785 ms
Run time csr_spmv_vectorized_static_veclen_32_no_cpy iter 6: 51.947 ms
Run time csr_spmv_vectorized_static_veclen_32_no_cpy iter 7: 51.376 ms
Run time csr_spmv_vectorized_static_veclen_32_no_cpy iter 8: 51.705 ms
Run time csr_spmv_vectorized_static_veclen_32_no_cpy iter 9: 51.230 ms
Run time csr_spmv_vectorized_static_veclen_32_cpy iter 0: 62.261 ms
Run time csr_spmv_vectorized_static_veclen_32_cpy iter 1: 62.517 ms
Run time csr_spmv_vectorized_static_veclen_32_cpy iter 2: 62.090 ms
Run time csr_spmv_vectorized_static_veclen_32_cpy iter 3: 62.454 ms
Run time csr_spmv_vectorized_static_veclen_32_cpy iter 4: 62.518 ms
Run time csr_spmv_vectorized_static_veclen_32_cpy iter 5: 62.400 ms
Run time csr_spmv_vectorized_static_veclen_32_cpy iter 6: 62.462 ms
Run time csr_spmv_vectorized_static_veclen_32_cpy iter 7: 62.627 ms
Run time csr_spmv_vectorized_static_veclen_32_cpy iter 8: 62.515 ms
Run time csr_spmv_vectorized_static_veclen_32_cpy iter 9: 62.327 ms
Run time csr_spmv_vectorized_static_veclen_64_no_cpy iter 0: 109.086 ms
Run time csr_spmv_vectorized_static_veclen_64_no_cpy iter 1: 108.500 ms
Run time csr_spmv_vectorized_static_veclen_64_no_cpy iter 2: 108.648 ms
Run time csr_spmv_vectorized_static_veclen_64_no_cpy iter 3: 108.751 ms
Run time csr_spmv_vectorized_static_veclen_64_no_cpy iter 4: 109.109 ms
Run time csr_spmv_vectorized_static_veclen_64_no_cpy iter 5: 109.105 ms
Run time csr_spmv_vectorized_static_veclen_64_no_cpy iter 6: 108.741 ms
Run time csr_spmv_vectorized_static_veclen_64_no_cpy iter 7: 108.889 ms
Run time csr_spmv_vectorized_static_veclen_64_no_cpy iter 8: 109.194 ms
Run time csr_spmv_vectorized_static_veclen_64_no_cpy iter 9: 108.847 ms
Run time csr_spmv_vectorized_static_veclen_64_cpy iter 0: 154.466 ms
Run time csr_spmv_vectorized_static_veclen_64_cpy iter 1: 154.288 ms
Run time csr_spmv_vectorized_static_veclen_64_cpy iter 2: 154.090 ms
Run time csr_spmv_vectorized_static_veclen_64_cpy iter 3: 153.084 ms
Run time csr_spmv_vectorized_static_veclen_64_cpy iter 4: 155.013 ms
Run time csr_spmv_vectorized_static_veclen_64_cpy iter 5: 154.443 ms
Run time csr_spmv_vectorized_static_veclen_64_cpy iter 6: 154.614 ms
Run time csr_spmv_vectorized_static_veclen_64_cpy iter 7: 153.501 ms
Run time csr_spmv_vectorized_static_veclen_64_cpy iter 8: 153.472 ms
Run time csr_spmv_vectorized_static_veclen_64_cpy iter 9: 155.017 ms
Run time csr_spmv_vectorized_static_veclen_128_no_cpy iter 0: 164.324 ms
Run time csr_spmv_vectorized_static_veclen_128_no_cpy iter 1: 164.197 ms
Run time csr_spmv_vectorized_static_veclen_128_no_cpy iter 2: 163.949 ms
Run time csr_spmv_vectorized_static_veclen_128_no_cpy iter 3: 163.635 ms
Run time csr_spmv_vectorized_static_veclen_128_no_cpy iter 4: 164.014 ms
Run time csr_spmv_vectorized_static_veclen_128_no_cpy iter 5: 165.224 ms
Run time csr_spmv_vectorized_static_veclen_128_no_cpy iter 6: 163.914 ms
Run time csr_spmv_vectorized_static_veclen_128_no_cpy iter 7: 164.018 ms
Run time csr_spmv_vectorized_static_veclen_128_no_cpy iter 8: 163.897 ms
Run time csr_spmv_vectorized_static_veclen_128_no_cpy iter 9: 164.202 ms
Run time csr_spmv_vectorized_static_veclen_128_cpy iter 0: 210.565 ms
Run time csr_spmv_vectorized_static_veclen_128_cpy iter 1: 211.836 ms
Run time csr_spmv_vectorized_static_veclen_128_cpy iter 2: 210.503 ms
Run time csr_spmv_vectorized_static_veclen_128_cpy iter 3: 210.334 ms
Run time csr_spmv_vectorized_static_veclen_128_cpy iter 4: 210.938 ms
Run time csr_spmv_vectorized_static_veclen_128_cpy iter 5: 211.796 ms
Run time csr_spmv_vectorized_static_veclen_128_cpy iter 6: 211.792 ms
Run time csr_spmv_vectorized_static_veclen_128_cpy iter 7: 210.791 ms
Run time csr_spmv_vectorized_static_veclen_128_cpy iter 8: 211.668 ms
Run time csr_spmv_vectorized_static_veclen_128_cpy iter 9: 210.751 ms
Saved timing results to csr_spmv_timings_1_core.csv.csv
