Script path: 
Script dir:  
Running with EXTRA_FLAGS='', SUFFIX=''
Running with suffix: 
Running with #1 cores
Running with base flags: -fopenmp -fstrict-aliasing -std=c++17 -faligned-new -fPIC -Wall -Wextra -O3 -march=native -ffast-math -Wno-unused-parameter -Wno-unused-label
Running with env flags: 
Running with flags: -fopenmp -fstrict-aliasing -std=c++17 -faligned-new -fPIC -Wall -Wextra -O3 -march=native -ffast-math -Wno-unused-parameter -Wno-unused-label
Run time log_implementations_dace iter 0: 113.516 ms
Run time log_implementations_dace iter 1: 113.640 ms
Run time log_implementations_dace iter 2: 113.824 ms
Run time log_implementations_dace iter 3: 113.487 ms
Run time log_implementations_dace iter 4: 113.587 ms
Run time log_implementations_dace iter 5: 113.799 ms
Run time log_implementations_dace iter 6: 113.742 ms
Run time log_implementations_dace iter 7: 113.794 ms
Run time log_implementations_dace iter 8: 113.668 ms
Run time log_implementations_dace iter 9: 113.406 ms
Run time log_implementations_dace iter 10: 113.559 ms
Run time log_implementations_dace iter 11: 113.556 ms
Run time log_implementations_dace iter 12: 113.461 ms
Run time log_implementations_dace iter 13: 113.501 ms
Run time log_implementations_dace iter 14: 113.503 ms
Run time log_implementations_dace iter 15: 113.692 ms
Run time log_implementations_dace iter 16: 113.650 ms
Run time log_implementations_dace iter 17: 113.428 ms
Run time log_implementations_dace iter 18: 113.491 ms
Run time log_implementations_dace iter 19: 113.953 ms
Run time log_implementations_dace_clang__veclen_4_no_cpy iter 0: 112.695 ms
Run time log_implementations_dace_clang__veclen_4_no_cpy iter 1: 112.711 ms
Run time log_implementations_dace_clang__veclen_4_no_cpy iter 2: 112.818 ms
Run time log_implementations_dace_clang__veclen_4_no_cpy iter 3: 112.677 ms
Run time log_implementations_dace_clang__veclen_4_no_cpy iter 4: 112.616 ms
Run time log_implementations_dace_clang__veclen_4_no_cpy iter 5: 113.292 ms
Run time log_implementations_dace_clang__veclen_4_no_cpy iter 6: 112.905 ms
Run time log_implementations_dace_clang__veclen_4_no_cpy iter 7: 112.880 ms
Run time log_implementations_dace_clang__veclen_4_no_cpy iter 8: 112.752 ms
Run time log_implementations_dace_clang__veclen_4_no_cpy iter 9: 112.860 ms
Run time log_implementations_dace_clang__veclen_4_no_cpy iter 10: 112.813 ms
Run time log_implementations_dace_clang__veclen_4_no_cpy iter 11: 112.844 ms
Run time log_implementations_dace_clang__veclen_4_no_cpy iter 12: 113.009 ms
Run time log_implementations_dace_clang__veclen_4_no_cpy iter 13: 113.218 ms
Run time log_implementations_dace_clang__veclen_4_no_cpy iter 14: 112.753 ms
Run time log_implementations_dace_clang__veclen_4_no_cpy iter 15: 112.793 ms
Run time log_implementations_dace_clang__veclen_4_no_cpy iter 16: 112.872 ms
Run time log_implementations_dace_clang__veclen_4_no_cpy iter 17: 112.981 ms
Run time log_implementations_dace_clang__veclen_4_no_cpy iter 18: 112.894 ms
Run time log_implementations_dace_clang__veclen_4_no_cpy iter 19: 112.927 ms
Run time log_implementations_dace_clang__veclen_4_cpy iter 0: 116.000 ms
Run time log_implementations_dace_clang__veclen_4_cpy iter 1: 115.835 ms
Run time log_implementations_dace_clang__veclen_4_cpy iter 2: 115.614 ms
Run time log_implementations_dace_clang__veclen_4_cpy iter 3: 115.499 ms
Run time log_implementations_dace_clang__veclen_4_cpy iter 4: 115.892 ms
Run time log_implementations_dace_clang__veclen_4_cpy iter 5: 115.575 ms
Run time log_implementations_dace_clang__veclen_4_cpy iter 6: 116.089 ms
Run time log_implementations_dace_clang__veclen_4_cpy iter 7: 115.705 ms
Run time log_implementations_dace_clang__veclen_4_cpy iter 8: 115.702 ms
Run time log_implementations_dace_clang__veclen_4_cpy iter 9: 117.653 ms
Run time log_implementations_dace_clang__veclen_4_cpy iter 10: 115.956 ms
Run time log_implementations_dace_clang__veclen_4_cpy iter 11: 115.883 ms
Run time log_implementations_dace_clang__veclen_4_cpy iter 12: 115.973 ms
Run time log_implementations_dace_clang__veclen_4_cpy iter 13: 115.832 ms
Run time log_implementations_dace_clang__veclen_4_cpy iter 14: 116.150 ms
Run time log_implementations_dace_clang__veclen_4_cpy iter 15: 115.879 ms
Run time log_implementations_dace_clang__veclen_4_cpy iter 16: 115.623 ms
Run time log_implementations_dace_clang__veclen_4_cpy iter 17: 115.922 ms
Run time log_implementations_dace_clang__veclen_4_cpy iter 18: 115.969 ms
Run time log_implementations_dace_clang__veclen_4_cpy iter 19: 115.904 ms
Run time log_implementations_dace_clang__veclen_8_no_cpy iter 0: 112.441 ms
Run time log_implementations_dace_clang__veclen_8_no_cpy iter 1: 112.614 ms
Run time log_implementations_dace_clang__veclen_8_no_cpy iter 2: 112.633 ms
Run time log_implementations_dace_clang__veclen_8_no_cpy iter 3: 112.631 ms
Run time log_implementations_dace_clang__veclen_8_no_cpy iter 4: 112.568 ms
Run time log_implementations_dace_clang__veclen_8_no_cpy iter 5: 112.781 ms
Run time log_implementations_dace_clang__veclen_8_no_cpy iter 6: 112.476 ms
Run time log_implementations_dace_clang__veclen_8_no_cpy iter 7: 112.572 ms
Run time log_implementations_dace_clang__veclen_8_no_cpy iter 8: 112.575 ms
Run time log_implementations_dace_clang__veclen_8_no_cpy iter 9: 112.525 ms
Run time log_implementations_dace_clang__veclen_8_no_cpy iter 10: 112.413 ms
Run time log_implementations_dace_clang__veclen_8_no_cpy iter 11: 112.592 ms
Run time log_implementations_dace_clang__veclen_8_no_cpy iter 12: 112.477 ms
Run time log_implementations_dace_clang__veclen_8_no_cpy iter 13: 112.390 ms
Run time log_implementations_dace_clang__veclen_8_no_cpy iter 14: 112.490 ms
Run time log_implementations_dace_clang__veclen_8_no_cpy iter 15: 112.739 ms
Run time log_implementations_dace_clang__veclen_8_no_cpy iter 16: 112.489 ms
Run time log_implementations_dace_clang__veclen_8_no_cpy iter 17: 112.479 ms
Run time log_implementations_dace_clang__veclen_8_no_cpy iter 18: 112.503 ms
Run time log_implementations_dace_clang__veclen_8_no_cpy iter 19: 112.718 ms
Run time log_implementations_dace_clang__veclen_8_cpy iter 0: 116.591 ms
Run time log_implementations_dace_clang__veclen_8_cpy iter 1: 116.366 ms
Run time log_implementations_dace_clang__veclen_8_cpy iter 2: 116.453 ms
Run time log_implementations_dace_clang__veclen_8_cpy iter 3: 116.477 ms
Run time log_implementations_dace_clang__veclen_8_cpy iter 4: 116.337 ms
Run time log_implementations_dace_clang__veclen_8_cpy iter 5: 116.659 ms
Run time log_implementations_dace_clang__veclen_8_cpy iter 6: 116.680 ms
Run time log_implementations_dace_clang__veclen_8_cpy iter 7: 116.658 ms
Run time log_implementations_dace_clang__veclen_8_cpy iter 8: 116.467 ms
Run time log_implementations_dace_clang__veclen_8_cpy iter 9: 116.551 ms
Run time log_implementations_dace_clang__veclen_8_cpy iter 10: 117.153 ms
Run time log_implementations_dace_clang__veclen_8_cpy iter 11: 116.699 ms
Run time log_implementations_dace_clang__veclen_8_cpy iter 12: 116.955 ms
Run time log_implementations_dace_clang__veclen_8_cpy iter 13: 116.469 ms
Run time log_implementations_dace_clang__veclen_8_cpy iter 14: 116.668 ms
Run time log_implementations_dace_clang__veclen_8_cpy iter 15: 116.452 ms
Run time log_implementations_dace_clang__veclen_8_cpy iter 16: 116.477 ms
Run time log_implementations_dace_clang__veclen_8_cpy iter 17: 116.438 ms
Run time log_implementations_dace_clang__veclen_8_cpy iter 18: 116.778 ms
Run time log_implementations_dace_clang__veclen_8_cpy iter 19: 116.780 ms
Run time log_implementations_dace_clang__veclen_16_no_cpy iter 0: 112.014 ms
Run time log_implementations_dace_clang__veclen_16_no_cpy iter 1: 111.791 ms
Run time log_implementations_dace_clang__veclen_16_no_cpy iter 2: 111.875 ms
Run time log_implementations_dace_clang__veclen_16_no_cpy iter 3: 112.046 ms
Run time log_implementations_dace_clang__veclen_16_no_cpy iter 4: 111.940 ms
Run time log_implementations_dace_clang__veclen_16_no_cpy iter 5: 111.852 ms
Run time log_implementations_dace_clang__veclen_16_no_cpy iter 6: 111.775 ms
Run time log_implementations_dace_clang__veclen_16_no_cpy iter 7: 111.851 ms
Run time log_implementations_dace_clang__veclen_16_no_cpy iter 8: 111.668 ms
Run time log_implementations_dace_clang__veclen_16_no_cpy iter 9: 112.141 ms
Run time log_implementations_dace_clang__veclen_16_no_cpy iter 10: 111.965 ms
Run time log_implementations_dace_clang__veclen_16_no_cpy iter 11: 111.913 ms
Run time log_implementations_dace_clang__veclen_16_no_cpy iter 12: 111.805 ms
Run time log_implementations_dace_clang__veclen_16_no_cpy iter 13: 112.035 ms
Run time log_implementations_dace_clang__veclen_16_no_cpy iter 14: 112.124 ms
Run time log_implementations_dace_clang__veclen_16_no_cpy iter 15: 112.035 ms
Run time log_implementations_dace_clang__veclen_16_no_cpy iter 16: 111.616 ms
Run time log_implementations_dace_clang__veclen_16_no_cpy iter 17: 111.675 ms
Run time log_implementations_dace_clang__veclen_16_no_cpy iter 18: 111.773 ms
Run time log_implementations_dace_clang__veclen_16_no_cpy iter 19: 111.849 ms
Run time log_implementations_dace_clang__veclen_16_cpy iter 0: 112.779 ms
Run time log_implementations_dace_clang__veclen_16_cpy iter 1: 113.308 ms
Run time log_implementations_dace_clang__veclen_16_cpy iter 2: 112.725 ms
Run time log_implementations_dace_clang__veclen_16_cpy iter 3: 113.059 ms
Run time log_implementations_dace_clang__veclen_16_cpy iter 4: 112.794 ms
Run time log_implementations_dace_clang__veclen_16_cpy iter 5: 113.364 ms
Run time log_implementations_dace_clang__veclen_16_cpy iter 6: 113.256 ms
Run time log_implementations_dace_clang__veclen_16_cpy iter 7: 112.807 ms
Run time log_implementations_dace_clang__veclen_16_cpy iter 8: 112.820 ms
Run time log_implementations_dace_clang__veclen_16_cpy iter 9: 113.005 ms
Run time log_implementations_dace_clang__veclen_16_cpy iter 10: 113.270 ms
Run time log_implementations_dace_clang__veclen_16_cpy iter 11: 112.477 ms
Run time log_implementations_dace_clang__veclen_16_cpy iter 12: 112.794 ms
Run time log_implementations_dace_clang__veclen_16_cpy iter 13: 112.612 ms
Run time log_implementations_dace_clang__veclen_16_cpy iter 14: 112.764 ms
Run time log_implementations_dace_clang__veclen_16_cpy iter 15: 112.607 ms
Run time log_implementations_dace_clang__veclen_16_cpy iter 16: 112.936 ms
Run time log_implementations_dace_clang__veclen_16_cpy iter 17: 112.788 ms
Run time log_implementations_dace_clang__veclen_16_cpy iter 18: 112.652 ms
Run time log_implementations_dace_clang__veclen_16_cpy iter 19: 112.638 ms
Run time log_implementations_dace_clang__veclen_32_no_cpy iter 0: 113.914 ms
Run time log_implementations_dace_clang__veclen_32_no_cpy iter 1: 114.066 ms
Run time log_implementations_dace_clang__veclen_32_no_cpy iter 2: 113.864 ms
Run time log_implementations_dace_clang__veclen_32_no_cpy iter 3: 113.773 ms
Run time log_implementations_dace_clang__veclen_32_no_cpy iter 4: 113.978 ms
Run time log_implementations_dace_clang__veclen_32_no_cpy iter 5: 113.880 ms
Run time log_implementations_dace_clang__veclen_32_no_cpy iter 6: 113.916 ms
Run time log_implementations_dace_clang__veclen_32_no_cpy iter 7: 114.009 ms
Run time log_implementations_dace_clang__veclen_32_no_cpy iter 8: 113.844 ms
Run time log_implementations_dace_clang__veclen_32_no_cpy iter 9: 113.995 ms
Run time log_implementations_dace_clang__veclen_32_no_cpy iter 10: 113.807 ms
Run time log_implementations_dace_clang__veclen_32_no_cpy iter 11: 114.000 ms
Run time log_implementations_dace_clang__veclen_32_no_cpy iter 12: 113.850 ms
Run time log_implementations_dace_clang__veclen_32_no_cpy iter 13: 114.056 ms
Run time log_implementations_dace_clang__veclen_32_no_cpy iter 14: 114.090 ms
Run time log_implementations_dace_clang__veclen_32_no_cpy iter 15: 113.918 ms
Run time log_implementations_dace_clang__veclen_32_no_cpy iter 16: 113.990 ms
Run time log_implementations_dace_clang__veclen_32_no_cpy iter 17: 113.992 ms
Run time log_implementations_dace_clang__veclen_32_no_cpy iter 18: 113.891 ms
Run time log_implementations_dace_clang__veclen_32_no_cpy iter 19: 114.966 ms
Run time log_implementations_dace_clang__veclen_32_cpy iter 0: 116.177 ms
Run time log_implementations_dace_clang__veclen_32_cpy iter 1: 116.188 ms
Run time log_implementations_dace_clang__veclen_32_cpy iter 2: 116.791 ms
Run time log_implementations_dace_clang__veclen_32_cpy iter 3: 116.403 ms
Run time log_implementations_dace_clang__veclen_32_cpy iter 4: 116.090 ms
Run time log_implementations_dace_clang__veclen_32_cpy iter 5: 116.190 ms
Run time log_implementations_dace_clang__veclen_32_cpy iter 6: 116.474 ms
Run time log_implementations_dace_clang__veclen_32_cpy iter 7: 116.214 ms
Run time log_implementations_dace_clang__veclen_32_cpy iter 8: 116.471 ms
Run time log_implementations_dace_clang__veclen_32_cpy iter 9: 116.279 ms
Run time log_implementations_dace_clang__veclen_32_cpy iter 10: 116.178 ms
Run time log_implementations_dace_clang__veclen_32_cpy iter 11: 116.364 ms
Run time log_implementations_dace_clang__veclen_32_cpy iter 12: 116.229 ms
Run time log_implementations_dace_clang__veclen_32_cpy iter 13: 116.381 ms
Run time log_implementations_dace_clang__veclen_32_cpy iter 14: 116.538 ms
Run time log_implementations_dace_clang__veclen_32_cpy iter 15: 116.302 ms
Run time log_implementations_dace_clang__veclen_32_cpy iter 16: 116.420 ms
Run time log_implementations_dace_clang__veclen_32_cpy iter 17: 116.350 ms
Run time log_implementations_dace_clang__veclen_32_cpy iter 18: 116.344 ms
Run time log_implementations_dace_clang__veclen_32_cpy iter 19: 116.376 ms
Run time log_implementations_dace_clang__veclen_64_no_cpy iter 0: 114.111 ms
Run time log_implementations_dace_clang__veclen_64_no_cpy iter 1: 114.284 ms
Run time log_implementations_dace_clang__veclen_64_no_cpy iter 2: 114.476 ms
Run time log_implementations_dace_clang__veclen_64_no_cpy iter 3: 114.036 ms
Run time log_implementations_dace_clang__veclen_64_no_cpy iter 4: 114.317 ms
Run time log_implementations_dace_clang__veclen_64_no_cpy iter 5: 114.257 ms
Run time log_implementations_dace_clang__veclen_64_no_cpy iter 6: 114.658 ms
Run time log_implementations_dace_clang__veclen_64_no_cpy iter 7: 114.084 ms
Run time log_implementations_dace_clang__veclen_64_no_cpy iter 8: 114.368 ms
Run time log_implementations_dace_clang__veclen_64_no_cpy iter 9: 114.195 ms
Run time log_implementations_dace_clang__veclen_64_no_cpy iter 10: 113.902 ms
Run time log_implementations_dace_clang__veclen_64_no_cpy iter 11: 114.409 ms
Run time log_implementations_dace_clang__veclen_64_no_cpy iter 12: 114.115 ms
Run time log_implementations_dace_clang__veclen_64_no_cpy iter 13: 114.004 ms
Run time log_implementations_dace_clang__veclen_64_no_cpy iter 14: 113.764 ms
Run time log_implementations_dace_clang__veclen_64_no_cpy iter 15: 113.809 ms
Run time log_implementations_dace_clang__veclen_64_no_cpy iter 16: 113.661 ms
Run time log_implementations_dace_clang__veclen_64_no_cpy iter 17: 113.820 ms
Run time log_implementations_dace_clang__veclen_64_no_cpy iter 18: 114.062 ms
Run time log_implementations_dace_clang__veclen_64_no_cpy iter 19: 113.759 ms
Run time log_implementations_dace_clang__veclen_64_cpy iter 0: 116.749 ms
Run time log_implementations_dace_clang__veclen_64_cpy iter 1: 117.762 ms
Run time log_implementations_dace_clang__veclen_64_cpy iter 2: 117.140 ms
Run time log_implementations_dace_clang__veclen_64_cpy iter 3: 116.918 ms
Run time log_implementations_dace_clang__veclen_64_cpy iter 4: 117.005 ms
Run time log_implementations_dace_clang__veclen_64_cpy iter 5: 116.371 ms
Run time log_implementations_dace_clang__veclen_64_cpy iter 6: 116.492 ms
Run time log_implementations_dace_clang__veclen_64_cpy iter 7: 117.051 ms
Run time log_implementations_dace_clang__veclen_64_cpy iter 8: 116.434 ms
Run time log_implementations_dace_clang__veclen_64_cpy iter 9: 116.688 ms
Run time log_implementations_dace_clang__veclen_64_cpy iter 10: 116.601 ms
Run time log_implementations_dace_clang__veclen_64_cpy iter 11: 116.283 ms
Run time log_implementations_dace_clang__veclen_64_cpy iter 12: 116.318 ms
Run time log_implementations_dace_clang__veclen_64_cpy iter 13: 116.374 ms
Run time log_implementations_dace_clang__veclen_64_cpy iter 14: 116.494 ms
Run time log_implementations_dace_clang__veclen_64_cpy iter 15: 116.583 ms
Run time log_implementations_dace_clang__veclen_64_cpy iter 16: 116.332 ms
Run time log_implementations_dace_clang__veclen_64_cpy iter 17: 116.606 ms
Run time log_implementations_dace_clang__veclen_64_cpy iter 18: 116.618 ms
Run time log_implementations_dace_clang__veclen_64_cpy iter 19: 116.360 ms
Saved timing results to log_implementations_timings__singlecore.csv
Run time log_implementations_dace iter 0: 226.681 ms
Run time log_implementations_dace iter 1: 226.865 ms
Run time log_implementations_dace iter 2: 226.711 ms
Run time log_implementations_dace iter 3: 226.819 ms
Run time log_implementations_dace iter 4: 226.671 ms
Run time log_implementations_dace iter 5: 226.778 ms
Run time log_implementations_dace iter 6: 227.529 ms
Run time log_implementations_dace iter 7: 228.731 ms
Run time log_implementations_dace iter 8: 228.247 ms
Run time log_implementations_dace iter 9: 228.874 ms
Run time log_implementations_dace iter 10: 228.614 ms
Run time log_implementations_dace iter 11: 228.897 ms
Run time log_implementations_dace iter 12: 229.286 ms
Run time log_implementations_dace iter 13: 227.806 ms
Run time log_implementations_dace iter 14: 227.887 ms
Run time log_implementations_dace iter 15: 227.182 ms
Run time log_implementations_dace iter 16: 227.968 ms
Run time log_implementations_dace iter 17: 227.626 ms
Run time log_implementations_dace iter 18: 226.974 ms
Run time log_implementations_dace iter 19: 226.957 ms
Run time log_implementations_dace_clang__veclen_4_no_cpy iter 0: 226.326 ms
Run time log_implementations_dace_clang__veclen_4_no_cpy iter 1: 226.549 ms
Run time log_implementations_dace_clang__veclen_4_no_cpy iter 2: 226.132 ms
Run time log_implementations_dace_clang__veclen_4_no_cpy iter 3: 226.209 ms
Run time log_implementations_dace_clang__veclen_4_no_cpy iter 4: 226.078 ms
Run time log_implementations_dace_clang__veclen_4_no_cpy iter 5: 225.570 ms
Run time log_implementations_dace_clang__veclen_4_no_cpy iter 6: 225.496 ms
Run time log_implementations_dace_clang__veclen_4_no_cpy iter 7: 225.449 ms
Run time log_implementations_dace_clang__veclen_4_no_cpy iter 8: 225.440 ms
Run time log_implementations_dace_clang__veclen_4_no_cpy iter 9: 225.780 ms
Run time log_implementations_dace_clang__veclen_4_no_cpy iter 10: 225.417 ms
Run time log_implementations_dace_clang__veclen_4_no_cpy iter 11: 225.418 ms
Run time log_implementations_dace_clang__veclen_4_no_cpy iter 12: 226.693 ms
Run time log_implementations_dace_clang__veclen_4_no_cpy iter 13: 226.135 ms
Run time log_implementations_dace_clang__veclen_4_no_cpy iter 14: 225.505 ms
Run time log_implementations_dace_clang__veclen_4_no_cpy iter 15: 226.253 ms
Run time log_implementations_dace_clang__veclen_4_no_cpy iter 16: 225.894 ms
Run time log_implementations_dace_clang__veclen_4_no_cpy iter 17: 226.552 ms
Run time log_implementations_dace_clang__veclen_4_no_cpy iter 18: 226.661 ms
Run time log_implementations_dace_clang__veclen_4_no_cpy iter 19: 226.568 ms
Run time log_implementations_dace_clang__veclen_4_cpy iter 0: 231.854 ms
Run time log_implementations_dace_clang__veclen_4_cpy iter 1: 231.585 ms
Run time log_implementations_dace_clang__veclen_4_cpy iter 2: 232.269 ms
Run time log_implementations_dace_clang__veclen_4_cpy iter 3: 232.349 ms
Run time log_implementations_dace_clang__veclen_4_cpy iter 4: 231.957 ms
Run time log_implementations_dace_clang__veclen_4_cpy iter 5: 233.531 ms
Run time log_implementations_dace_clang__veclen_4_cpy iter 6: 232.514 ms
Run time log_implementations_dace_clang__veclen_4_cpy iter 7: 233.275 ms
Run time log_implementations_dace_clang__veclen_4_cpy iter 8: 232.563 ms
Run time log_implementations_dace_clang__veclen_4_cpy iter 9: 232.811 ms
Run time log_implementations_dace_clang__veclen_4_cpy iter 10: 233.125 ms
Run time log_implementations_dace_clang__veclen_4_cpy iter 11: 233.118 ms
Run time log_implementations_dace_clang__veclen_4_cpy iter 12: 232.574 ms
Run time log_implementations_dace_clang__veclen_4_cpy iter 13: 232.534 ms
Run time log_implementations_dace_clang__veclen_4_cpy iter 14: 231.775 ms
Run time log_implementations_dace_clang__veclen_4_cpy iter 15: 231.352 ms
Run time log_implementations_dace_clang__veclen_4_cpy iter 16: 231.344 ms
Run time log_implementations_dace_clang__veclen_4_cpy iter 17: 231.250 ms
Run time log_implementations_dace_clang__veclen_4_cpy iter 18: 231.187 ms
Run time log_implementations_dace_clang__veclen_4_cpy iter 19: 231.099 ms
Run time log_implementations_dace_clang__veclen_8_no_cpy iter 0: 225.557 ms
Run time log_implementations_dace_clang__veclen_8_no_cpy iter 1: 225.378 ms
Run time log_implementations_dace_clang__veclen_8_no_cpy iter 2: 225.451 ms
Run time log_implementations_dace_clang__veclen_8_no_cpy iter 3: 225.278 ms
Run time log_implementations_dace_clang__veclen_8_no_cpy iter 4: 224.725 ms
Run time log_implementations_dace_clang__veclen_8_no_cpy iter 5: 225.130 ms
Run time log_implementations_dace_clang__veclen_8_no_cpy iter 6: 224.914 ms
Run time log_implementations_dace_clang__veclen_8_no_cpy iter 7: 225.151 ms
Run time log_implementations_dace_clang__veclen_8_no_cpy iter 8: 226.148 ms
Run time log_implementations_dace_clang__veclen_8_no_cpy iter 9: 225.647 ms
Run time log_implementations_dace_clang__veclen_8_no_cpy iter 10: 225.465 ms
Run time log_implementations_dace_clang__veclen_8_no_cpy iter 11: 225.871 ms
Run time log_implementations_dace_clang__veclen_8_no_cpy iter 12: 226.331 ms
Run time log_implementations_dace_clang__veclen_8_no_cpy iter 13: 226.400 ms
Run time log_implementations_dace_clang__veclen_8_no_cpy iter 14: 226.132 ms
Run time log_implementations_dace_clang__veclen_8_no_cpy iter 15: 227.014 ms
Run time log_implementations_dace_clang__veclen_8_no_cpy iter 16: 225.928 ms
Run time log_implementations_dace_clang__veclen_8_no_cpy iter 17: 225.274 ms
Run time log_implementations_dace_clang__veclen_8_no_cpy iter 18: 226.842 ms
Run time log_implementations_dace_clang__veclen_8_no_cpy iter 19: 226.099 ms
Run time log_implementations_dace_clang__veclen_8_cpy iter 0: 233.775 ms
Run time log_implementations_dace_clang__veclen_8_cpy iter 1: 233.835 ms
Run time log_implementations_dace_clang__veclen_8_cpy iter 2: 234.590 ms
Run time log_implementations_dace_clang__veclen_8_cpy iter 3: 234.699 ms
Run time log_implementations_dace_clang__veclen_8_cpy iter 4: 234.387 ms
Run time log_implementations_dace_clang__veclen_8_cpy iter 5: 233.669 ms
Run time log_implementations_dace_clang__veclen_8_cpy iter 6: 233.816 ms
Run time log_implementations_dace_clang__veclen_8_cpy iter 7: 234.001 ms
Run time log_implementations_dace_clang__veclen_8_cpy iter 8: 234.509 ms
Run time log_implementations_dace_clang__veclen_8_cpy iter 9: 233.933 ms
Run time log_implementations_dace_clang__veclen_8_cpy iter 10: 234.938 ms
Run time log_implementations_dace_clang__veclen_8_cpy iter 11: 234.407 ms
Run time log_implementations_dace_clang__veclen_8_cpy iter 12: 234.643 ms
Run time log_implementations_dace_clang__veclen_8_cpy iter 13: 233.045 ms
Run time log_implementations_dace_clang__veclen_8_cpy iter 14: 233.111 ms
Run time log_implementations_dace_clang__veclen_8_cpy iter 15: 232.613 ms
Run time log_implementations_dace_clang__veclen_8_cpy iter 16: 233.240 ms
Run time log_implementations_dace_clang__veclen_8_cpy iter 17: 233.065 ms
Run time log_implementations_dace_clang__veclen_8_cpy iter 18: 233.520 ms
Run time log_implementations_dace_clang__veclen_8_cpy iter 19: 233.214 ms
Run time log_implementations_dace_clang__veclen_16_no_cpy iter 0: 223.561 ms
Run time log_implementations_dace_clang__veclen_16_no_cpy iter 1: 223.775 ms
Run time log_implementations_dace_clang__veclen_16_no_cpy iter 2: 223.436 ms
Run time log_implementations_dace_clang__veclen_16_no_cpy iter 3: 223.335 ms
Run time log_implementations_dace_clang__veclen_16_no_cpy iter 4: 223.645 ms
Run time log_implementations_dace_clang__veclen_16_no_cpy iter 5: 223.727 ms
Run time log_implementations_dace_clang__veclen_16_no_cpy iter 6: 223.504 ms
Run time log_implementations_dace_clang__veclen_16_no_cpy iter 7: 223.226 ms
Run time log_implementations_dace_clang__veclen_16_no_cpy iter 8: 223.553 ms
Run time log_implementations_dace_clang__veclen_16_no_cpy iter 9: 223.697 ms
Run time log_implementations_dace_clang__veclen_16_no_cpy iter 10: 223.698 ms
Run time log_implementations_dace_clang__veclen_16_no_cpy iter 11: 223.963 ms
Run time log_implementations_dace_clang__veclen_16_no_cpy iter 12: 224.696 ms
Run time log_implementations_dace_clang__veclen_16_no_cpy iter 13: 224.057 ms
Run time log_implementations_dace_clang__veclen_16_no_cpy iter 14: 224.596 ms
Run time log_implementations_dace_clang__veclen_16_no_cpy iter 15: 225.431 ms
Run time log_implementations_dace_clang__veclen_16_no_cpy iter 16: 224.452 ms
Run time log_implementations_dace_clang__veclen_16_no_cpy iter 17: 224.236 ms
Run time log_implementations_dace_clang__veclen_16_no_cpy iter 18: 225.296 ms
Run time log_implementations_dace_clang__veclen_16_no_cpy iter 19: 225.278 ms
Run time log_implementations_dace_clang__veclen_16_cpy iter 0: 226.231 ms
Run time log_implementations_dace_clang__veclen_16_cpy iter 1: 226.624 ms
Run time log_implementations_dace_clang__veclen_16_cpy iter 2: 226.131 ms
Run time log_implementations_dace_clang__veclen_16_cpy iter 3: 226.452 ms
Run time log_implementations_dace_clang__veclen_16_cpy iter 4: 226.483 ms
Run time log_implementations_dace_clang__veclen_16_cpy iter 5: 226.772 ms
Run time log_implementations_dace_clang__veclen_16_cpy iter 6: 226.074 ms
Run time log_implementations_dace_clang__veclen_16_cpy iter 7: 226.586 ms
Run time log_implementations_dace_clang__veclen_16_cpy iter 8: 226.041 ms
Run time log_implementations_dace_clang__veclen_16_cpy iter 9: 225.340 ms
Run time log_implementations_dace_clang__veclen_16_cpy iter 10: 225.398 ms
Run time log_implementations_dace_clang__veclen_16_cpy iter 11: 225.571 ms
Run time log_implementations_dace_clang__veclen_16_cpy iter 12: 225.133 ms
Run time log_implementations_dace_clang__veclen_16_cpy iter 13: 225.680 ms
Run time log_implementations_dace_clang__veclen_16_cpy iter 14: 225.354 ms
Run time log_implementations_dace_clang__veclen_16_cpy iter 15: 225.170 ms
Run time log_implementations_dace_clang__veclen_16_cpy iter 16: 225.210 ms
Run time log_implementations_dace_clang__veclen_16_cpy iter 17: 226.120 ms
Run time log_implementations_dace_clang__veclen_16_cpy iter 18: 226.059 ms
Run time log_implementations_dace_clang__veclen_16_cpy iter 19: 225.454 ms
Run time log_implementations_dace_clang__veclen_32_no_cpy iter 0: 228.181 ms
Run time log_implementations_dace_clang__veclen_32_no_cpy iter 1: 228.404 ms
Run time log_implementations_dace_clang__veclen_32_no_cpy iter 2: 228.387 ms
Run time log_implementations_dace_clang__veclen_32_no_cpy iter 3: 228.160 ms
Run time log_implementations_dace_clang__veclen_32_no_cpy iter 4: 227.965 ms
Run time log_implementations_dace_clang__veclen_32_no_cpy iter 5: 227.992 ms
Run time log_implementations_dace_clang__veclen_32_no_cpy iter 6: 228.225 ms
Run time log_implementations_dace_clang__veclen_32_no_cpy iter 7: 228.470 ms
Run time log_implementations_dace_clang__veclen_32_no_cpy iter 8: 228.849 ms
Run time log_implementations_dace_clang__veclen_32_no_cpy iter 9: 229.799 ms
Run time log_implementations_dace_clang__veclen_32_no_cpy iter 10: 229.752 ms
Run time log_implementations_dace_clang__veclen_32_no_cpy iter 11: 228.996 ms
Run time log_implementations_dace_clang__veclen_32_no_cpy iter 12: 228.907 ms
Run time log_implementations_dace_clang__veclen_32_no_cpy iter 13: 229.186 ms
Run time log_implementations_dace_clang__veclen_32_no_cpy iter 14: 229.314 ms
Run time log_implementations_dace_clang__veclen_32_no_cpy iter 15: 228.688 ms
Run time log_implementations_dace_clang__veclen_32_no_cpy iter 16: 228.565 ms
Run time log_implementations_dace_clang__veclen_32_no_cpy iter 17: 228.529 ms
Run time log_implementations_dace_clang__veclen_32_no_cpy iter 18: 229.217 ms
Run time log_implementations_dace_clang__veclen_32_no_cpy iter 19: 227.798 ms
Run time log_implementations_dace_clang__veclen_32_cpy iter 0: 232.600 ms
Run time log_implementations_dace_clang__veclen_32_cpy iter 1: 233.513 ms
Run time log_implementations_dace_clang__veclen_32_cpy iter 2: 233.184 ms
Run time log_implementations_dace_clang__veclen_32_cpy iter 3: 232.980 ms
Run time log_implementations_dace_clang__veclen_32_cpy iter 4: 232.909 ms
Run time log_implementations_dace_clang__veclen_32_cpy iter 5: 233.451 ms
Run time log_implementations_dace_clang__veclen_32_cpy iter 6: 232.792 ms
Run time log_implementations_dace_clang__veclen_32_cpy iter 7: 232.849 ms
Run time log_implementations_dace_clang__veclen_32_cpy iter 8: 232.207 ms
Run time log_implementations_dace_clang__veclen_32_cpy iter 9: 232.260 ms
Run time log_implementations_dace_clang__veclen_32_cpy iter 10: 232.385 ms
Run time log_implementations_dace_clang__veclen_32_cpy iter 11: 232.139 ms
Run time log_implementations_dace_clang__veclen_32_cpy iter 12: 232.316 ms
Run time log_implementations_dace_clang__veclen_32_cpy iter 13: 232.183 ms
Run time log_implementations_dace_clang__veclen_32_cpy iter 14: 232.135 ms
Run time log_implementations_dace_clang__veclen_32_cpy iter 15: 232.154 ms
Run time log_implementations_dace_clang__veclen_32_cpy iter 16: 232.362 ms
Run time log_implementations_dace_clang__veclen_32_cpy iter 17: 232.466 ms
Run time log_implementations_dace_clang__veclen_32_cpy iter 18: 233.810 ms
Run time log_implementations_dace_clang__veclen_32_cpy iter 19: 232.637 ms
Run time log_implementations_dace_clang__veclen_64_no_cpy iter 0: 227.384 ms
Run time log_implementations_dace_clang__veclen_64_no_cpy iter 1: 227.654 ms
Run time log_implementations_dace_clang__veclen_64_no_cpy iter 2: 227.590 ms
Run time log_implementations_dace_clang__veclen_64_no_cpy iter 3: 227.639 ms
Run time log_implementations_dace_clang__veclen_64_no_cpy iter 4: 228.491 ms
Run time log_implementations_dace_clang__veclen_64_no_cpy iter 5: 228.133 ms
Run time log_implementations_dace_clang__veclen_64_no_cpy iter 6: 228.041 ms
Run time log_implementations_dace_clang__veclen_64_no_cpy iter 7: 228.073 ms
Run time log_implementations_dace_clang__veclen_64_no_cpy iter 8: 227.947 ms
Run time log_implementations_dace_clang__veclen_64_no_cpy iter 9: 228.111 ms
Run time log_implementations_dace_clang__veclen_64_no_cpy iter 10: 227.818 ms
Run time log_implementations_dace_clang__veclen_64_no_cpy iter 11: 228.126 ms
Run time log_implementations_dace_clang__veclen_64_no_cpy iter 12: 228.425 ms
Run time log_implementations_dace_clang__veclen_64_no_cpy iter 13: 228.482 ms
Run time log_implementations_dace_clang__veclen_64_no_cpy iter 14: 228.170 ms
Run time log_implementations_dace_clang__veclen_64_no_cpy iter 15: 228.573 ms
Run time log_implementations_dace_clang__veclen_64_no_cpy iter 16: 228.215 ms
Run time log_implementations_dace_clang__veclen_64_no_cpy iter 17: 228.755 ms
Run time log_implementations_dace_clang__veclen_64_no_cpy iter 18: 228.419 ms
Run time log_implementations_dace_clang__veclen_64_no_cpy iter 19: 228.231 ms
Run time log_implementations_dace_clang__veclen_64_cpy iter 0: 233.805 ms
Run time log_implementations_dace_clang__veclen_64_cpy iter 1: 234.083 ms
Run time log_implementations_dace_clang__veclen_64_cpy iter 2: 233.920 ms
Run time log_implementations_dace_clang__veclen_64_cpy iter 3: 233.972 ms
Run time log_implementations_dace_clang__veclen_64_cpy iter 4: 233.700 ms
Run time log_implementations_dace_clang__veclen_64_cpy iter 5: 233.678 ms
Run time log_implementations_dace_clang__veclen_64_cpy iter 6: 232.457 ms
Run time log_implementations_dace_clang__veclen_64_cpy iter 7: 232.707 ms
Run time log_implementations_dace_clang__veclen_64_cpy iter 8: 232.517 ms
Run time log_implementations_dace_clang__veclen_64_cpy iter 9: 233.158 ms
Run time log_implementations_dace_clang__veclen_64_cpy iter 10: 232.430 ms
Run time log_implementations_dace_clang__veclen_64_cpy iter 11: 232.712 ms
Run time log_implementations_dace_clang__veclen_64_cpy iter 12: 232.282 ms
Run time log_implementations_dace_clang__veclen_64_cpy iter 13: 232.483 ms
Run time log_implementations_dace_clang__veclen_64_cpy iter 14: 232.989 ms
Run time log_implementations_dace_clang__veclen_64_cpy iter 15: 232.647 ms
Run time log_implementations_dace_clang__veclen_64_cpy iter 16: 233.106 ms
Run time log_implementations_dace_clang__veclen_64_cpy iter 17: 232.929 ms
Run time log_implementations_dace_clang__veclen_64_cpy iter 18: 233.042 ms
Run time log_implementations_dace_clang__veclen_64_cpy iter 19: 233.129 ms
Saved timing results to log_implementations_timings__singlecore.csv
Run time log_implementations_dace iter 0: 454.809 ms
Run time log_implementations_dace iter 1: 453.864 ms
Run time log_implementations_dace iter 2: 454.074 ms
Run time log_implementations_dace iter 3: 454.647 ms
Run time log_implementations_dace iter 4: 454.085 ms
Run time log_implementations_dace iter 5: 454.957 ms
Run time log_implementations_dace iter 6: 456.380 ms
Run time log_implementations_dace iter 7: 456.060 ms
Run time log_implementations_dace iter 8: 455.979 ms
Run time log_implementations_dace iter 9: 455.689 ms
Run time log_implementations_dace iter 10: 453.944 ms
Run time log_implementations_dace iter 11: 454.150 ms
Run time log_implementations_dace iter 12: 454.887 ms
Run time log_implementations_dace iter 13: 454.665 ms
Run time log_implementations_dace iter 14: 454.407 ms
Run time log_implementations_dace iter 15: 453.653 ms
Run time log_implementations_dace iter 16: 454.803 ms
Run time log_implementations_dace iter 17: 455.340 ms
Run time log_implementations_dace iter 18: 455.071 ms
Run time log_implementations_dace iter 19: 455.601 ms
Run time log_implementations_dace_clang__veclen_4_no_cpy iter 0: 451.967 ms
Run time log_implementations_dace_clang__veclen_4_no_cpy iter 1: 452.150 ms
Run time log_implementations_dace_clang__veclen_4_no_cpy iter 2: 453.026 ms
Run time log_implementations_dace_clang__veclen_4_no_cpy iter 3: 452.949 ms
Run time log_implementations_dace_clang__veclen_4_no_cpy iter 4: 451.081 ms
Run time log_implementations_dace_clang__veclen_4_no_cpy iter 5: 451.834 ms
Run time log_implementations_dace_clang__veclen_4_no_cpy iter 6: 451.952 ms
Run time log_implementations_dace_clang__veclen_4_no_cpy iter 7: 452.695 ms
Run time log_implementations_dace_clang__veclen_4_no_cpy iter 8: 452.539 ms
Run time log_implementations_dace_clang__veclen_4_no_cpy iter 9: 452.448 ms
Run time log_implementations_dace_clang__veclen_4_no_cpy iter 10: 451.851 ms
Run time log_implementations_dace_clang__veclen_4_no_cpy iter 11: 451.828 ms
Run time log_implementations_dace_clang__veclen_4_no_cpy iter 12: 452.312 ms
Run time log_implementations_dace_clang__veclen_4_no_cpy iter 13: 452.638 ms
Run time log_implementations_dace_clang__veclen_4_no_cpy iter 14: 452.897 ms
Run time log_implementations_dace_clang__veclen_4_no_cpy iter 15: 451.248 ms
Run time log_implementations_dace_clang__veclen_4_no_cpy iter 16: 451.126 ms
Run time log_implementations_dace_clang__veclen_4_no_cpy iter 17: 451.406 ms
Run time log_implementations_dace_clang__veclen_4_no_cpy iter 18: 451.118 ms
Run time log_implementations_dace_clang__veclen_4_no_cpy iter 19: 450.903 ms
Run time log_implementations_dace_clang__veclen_4_cpy iter 0: 462.794 ms
Run time log_implementations_dace_clang__veclen_4_cpy iter 1: 462.613 ms
Run time log_implementations_dace_clang__veclen_4_cpy iter 2: 463.214 ms
Run time log_implementations_dace_clang__veclen_4_cpy iter 3: 463.281 ms
Run time log_implementations_dace_clang__veclen_4_cpy iter 4: 462.923 ms
Run time log_implementations_dace_clang__veclen_4_cpy iter 5: 463.282 ms
Run time log_implementations_dace_clang__veclen_4_cpy iter 6: 463.972 ms
Run time log_implementations_dace_clang__veclen_4_cpy iter 7: 464.197 ms
Run time log_implementations_dace_clang__veclen_4_cpy iter 8: 463.888 ms
Run time log_implementations_dace_clang__veclen_4_cpy iter 9: 464.259 ms
Run time log_implementations_dace_clang__veclen_4_cpy iter 10: 462.759 ms
Run time log_implementations_dace_clang__veclen_4_cpy iter 11: 463.240 ms
Run time log_implementations_dace_clang__veclen_4_cpy iter 12: 462.628 ms
Run time log_implementations_dace_clang__veclen_4_cpy iter 13: 462.452 ms
Run time log_implementations_dace_clang__veclen_4_cpy iter 14: 462.570 ms
Run time log_implementations_dace_clang__veclen_4_cpy iter 15: 462.621 ms
Run time log_implementations_dace_clang__veclen_4_cpy iter 16: 462.701 ms
Run time log_implementations_dace_clang__veclen_4_cpy iter 17: 463.062 ms
Run time log_implementations_dace_clang__veclen_4_cpy iter 18: 463.275 ms
Run time log_implementations_dace_clang__veclen_4_cpy iter 19: 463.199 ms
Run time log_implementations_dace_clang__veclen_8_no_cpy iter 0: 450.947 ms
Run time log_implementations_dace_clang__veclen_8_no_cpy iter 1: 450.282 ms
Run time log_implementations_dace_clang__veclen_8_no_cpy iter 2: 450.567 ms
Run time log_implementations_dace_clang__veclen_8_no_cpy iter 3: 450.474 ms
Run time log_implementations_dace_clang__veclen_8_no_cpy iter 4: 449.964 ms
Run time log_implementations_dace_clang__veclen_8_no_cpy iter 5: 451.224 ms
Run time log_implementations_dace_clang__veclen_8_no_cpy iter 6: 450.759 ms
Run time log_implementations_dace_clang__veclen_8_no_cpy iter 7: 451.076 ms
Run time log_implementations_dace_clang__veclen_8_no_cpy iter 8: 453.382 ms
Run time log_implementations_dace_clang__veclen_8_no_cpy iter 9: 450.986 ms
Run time log_implementations_dace_clang__veclen_8_no_cpy iter 10: 451.176 ms
Run time log_implementations_dace_clang__veclen_8_no_cpy iter 11: 451.082 ms
Run time log_implementations_dace_clang__veclen_8_no_cpy iter 12: 451.845 ms
Run time log_implementations_dace_clang__veclen_8_no_cpy iter 13: 452.540 ms
Run time log_implementations_dace_clang__veclen_8_no_cpy iter 14: 452.181 ms
Run time log_implementations_dace_clang__veclen_8_no_cpy iter 15: 450.818 ms
Run time log_implementations_dace_clang__veclen_8_no_cpy iter 16: 451.123 ms
Run time log_implementations_dace_clang__veclen_8_no_cpy iter 17: 451.226 ms
Run time log_implementations_dace_clang__veclen_8_no_cpy iter 18: 451.163 ms
Run time log_implementations_dace_clang__veclen_8_no_cpy iter 19: 452.077 ms
Run time log_implementations_dace_clang__veclen_8_cpy iter 0: 466.766 ms
Run time log_implementations_dace_clang__veclen_8_cpy iter 1: 467.091 ms
Run time log_implementations_dace_clang__veclen_8_cpy iter 2: 467.925 ms
Run time log_implementations_dace_clang__veclen_8_cpy iter 3: 468.432 ms
Run time log_implementations_dace_clang__veclen_8_cpy iter 4: 467.507 ms
Run time log_implementations_dace_clang__veclen_8_cpy iter 5: 467.871 ms
Run time log_implementations_dace_clang__veclen_8_cpy iter 6: 467.080 ms
Run time log_implementations_dace_clang__veclen_8_cpy iter 7: 467.662 ms
Run time log_implementations_dace_clang__veclen_8_cpy iter 8: 466.926 ms
Run time log_implementations_dace_clang__veclen_8_cpy iter 9: 466.150 ms
Run time log_implementations_dace_clang__veclen_8_cpy iter 10: 465.901 ms
Run time log_implementations_dace_clang__veclen_8_cpy iter 11: 466.194 ms
Run time log_implementations_dace_clang__veclen_8_cpy iter 12: 466.673 ms
Run time log_implementations_dace_clang__veclen_8_cpy iter 13: 466.872 ms
Run time log_implementations_dace_clang__veclen_8_cpy iter 14: 467.768 ms
Run time log_implementations_dace_clang__veclen_8_cpy iter 15: 467.973 ms
Run time log_implementations_dace_clang__veclen_8_cpy iter 16: 467.857 ms
Run time log_implementations_dace_clang__veclen_8_cpy iter 17: 468.703 ms
Run time log_implementations_dace_clang__veclen_8_cpy iter 18: 467.183 ms
Run time log_implementations_dace_clang__veclen_8_cpy iter 19: 467.088 ms
Run time log_implementations_dace_clang__veclen_16_no_cpy iter 0: 448.057 ms
Run time log_implementations_dace_clang__veclen_16_no_cpy iter 1: 448.029 ms
Run time log_implementations_dace_clang__veclen_16_no_cpy iter 2: 448.072 ms
Run time log_implementations_dace_clang__veclen_16_no_cpy iter 3: 447.777 ms
Run time log_implementations_dace_clang__veclen_16_no_cpy iter 4: 446.692 ms
Run time log_implementations_dace_clang__veclen_16_no_cpy iter 5: 447.059 ms
Run time log_implementations_dace_clang__veclen_16_no_cpy iter 6: 447.717 ms
Run time log_implementations_dace_clang__veclen_16_no_cpy iter 7: 447.850 ms
Run time log_implementations_dace_clang__veclen_16_no_cpy iter 8: 449.397 ms
Run time log_implementations_dace_clang__veclen_16_no_cpy iter 9: 452.515 ms
Run time log_implementations_dace_clang__veclen_16_no_cpy iter 10: 452.957 ms
Run time log_implementations_dace_clang__veclen_16_no_cpy iter 11: 453.050 ms
Run time log_implementations_dace_clang__veclen_16_no_cpy iter 12: 451.295 ms
Run time log_implementations_dace_clang__veclen_16_no_cpy iter 13: 449.070 ms
Run time log_implementations_dace_clang__veclen_16_no_cpy iter 14: 448.584 ms
Run time log_implementations_dace_clang__veclen_16_no_cpy iter 15: 449.533 ms
Run time log_implementations_dace_clang__veclen_16_no_cpy iter 16: 451.417 ms
Run time log_implementations_dace_clang__veclen_16_no_cpy iter 17: 450.088 ms
Run time log_implementations_dace_clang__veclen_16_no_cpy iter 18: 450.807 ms
Run time log_implementations_dace_clang__veclen_16_no_cpy iter 19: 449.614 ms
Run time log_implementations_dace_clang__veclen_16_cpy iter 0: 455.453 ms
Run time log_implementations_dace_clang__veclen_16_cpy iter 1: 452.765 ms
Run time log_implementations_dace_clang__veclen_16_cpy iter 2: 451.592 ms
Run time log_implementations_dace_clang__veclen_16_cpy iter 3: 451.938 ms
Run time log_implementations_dace_clang__veclen_16_cpy iter 4: 453.586 ms
Run time log_implementations_dace_clang__veclen_16_cpy iter 5: 453.106 ms
Run time log_implementations_dace_clang__veclen_16_cpy iter 6: 453.858 ms
Run time log_implementations_dace_clang__veclen_16_cpy iter 7: 453.288 ms
Run time log_implementations_dace_clang__veclen_16_cpy iter 8: 451.639 ms
Run time log_implementations_dace_clang__veclen_16_cpy iter 9: 451.508 ms
Run time log_implementations_dace_clang__veclen_16_cpy iter 10: 451.882 ms
Run time log_implementations_dace_clang__veclen_16_cpy iter 11: 451.467 ms
Run time log_implementations_dace_clang__veclen_16_cpy iter 12: 451.554 ms
Run time log_implementations_dace_clang__veclen_16_cpy iter 13: 451.894 ms
Run time log_implementations_dace_clang__veclen_16_cpy iter 14: 451.229 ms
Run time log_implementations_dace_clang__veclen_16_cpy iter 15: 450.551 ms
Run time log_implementations_dace_clang__veclen_16_cpy iter 16: 450.525 ms
Run time log_implementations_dace_clang__veclen_16_cpy iter 17: 450.401 ms
Run time log_implementations_dace_clang__veclen_16_cpy iter 18: 450.860 ms
Run time log_implementations_dace_clang__veclen_16_cpy iter 19: 451.157 ms
Run time log_implementations_dace_clang__veclen_32_no_cpy iter 0: 456.766 ms
Run time log_implementations_dace_clang__veclen_32_no_cpy iter 1: 455.906 ms
Run time log_implementations_dace_clang__veclen_32_no_cpy iter 2: 456.206 ms
Run time log_implementations_dace_clang__veclen_32_no_cpy iter 3: 456.481 ms
Run time log_implementations_dace_clang__veclen_32_no_cpy iter 4: 456.574 ms
Run time log_implementations_dace_clang__veclen_32_no_cpy iter 5: 456.295 ms
Run time log_implementations_dace_clang__veclen_32_no_cpy iter 6: 457.002 ms
Run time log_implementations_dace_clang__veclen_32_no_cpy iter 7: 457.488 ms
Run time log_implementations_dace_clang__veclen_32_no_cpy iter 8: 458.161 ms
Run time log_implementations_dace_clang__veclen_32_no_cpy iter 9: 458.027 ms
Run time log_implementations_dace_clang__veclen_32_no_cpy iter 10: 457.524 ms
Run time log_implementations_dace_clang__veclen_32_no_cpy iter 11: 457.465 ms
Run time log_implementations_dace_clang__veclen_32_no_cpy iter 12: 457.098 ms
Run time log_implementations_dace_clang__veclen_32_no_cpy iter 13: 456.377 ms
Run time log_implementations_dace_clang__veclen_32_no_cpy iter 14: 456.381 ms
Run time log_implementations_dace_clang__veclen_32_no_cpy iter 15: 457.150 ms
Run time log_implementations_dace_clang__veclen_32_no_cpy iter 16: 459.929 ms
Run time log_implementations_dace_clang__veclen_32_no_cpy iter 17: 457.152 ms
Run time log_implementations_dace_clang__veclen_32_no_cpy iter 18: 457.822 ms
Run time log_implementations_dace_clang__veclen_32_no_cpy iter 19: 457.535 ms
Run time log_implementations_dace_clang__veclen_32_cpy iter 0: 465.662 ms
Run time log_implementations_dace_clang__veclen_32_cpy iter 1: 466.445 ms
Run time log_implementations_dace_clang__veclen_32_cpy iter 2: 466.065 ms
Run time log_implementations_dace_clang__veclen_32_cpy iter 3: 466.064 ms
Run time log_implementations_dace_clang__veclen_32_cpy iter 4: 467.610 ms
Run time log_implementations_dace_clang__veclen_32_cpy iter 5: 469.080 ms
Run time log_implementations_dace_clang__veclen_32_cpy iter 6: 467.383 ms
Run time log_implementations_dace_clang__veclen_32_cpy iter 7: 467.332 ms
Run time log_implementations_dace_clang__veclen_32_cpy iter 8: 466.007 ms
Run time log_implementations_dace_clang__veclen_32_cpy iter 9: 464.830 ms
Run time log_implementations_dace_clang__veclen_32_cpy iter 10: 465.664 ms
Run time log_implementations_dace_clang__veclen_32_cpy iter 11: 467.325 ms
Run time log_implementations_dace_clang__veclen_32_cpy iter 12: 467.343 ms
Run time log_implementations_dace_clang__veclen_32_cpy iter 13: 469.174 ms
Run time log_implementations_dace_clang__veclen_32_cpy iter 14: 469.761 ms
Run time log_implementations_dace_clang__veclen_32_cpy iter 15: 468.479 ms
Run time log_implementations_dace_clang__veclen_32_cpy iter 16: 467.322 ms
Run time log_implementations_dace_clang__veclen_32_cpy iter 17: 466.461 ms
Run time log_implementations_dace_clang__veclen_32_cpy iter 18: 467.512 ms
Run time log_implementations_dace_clang__veclen_32_cpy iter 19: 467.332 ms
Run time log_implementations_dace_clang__veclen_64_no_cpy iter 0: 456.452 ms
Run time log_implementations_dace_clang__veclen_64_no_cpy iter 1: 457.156 ms
Run time log_implementations_dace_clang__veclen_64_no_cpy iter 2: 457.170 ms
Run time log_implementations_dace_clang__veclen_64_no_cpy iter 3: 457.953 ms
Run time log_implementations_dace_clang__veclen_64_no_cpy iter 4: 456.407 ms
Run time log_implementations_dace_clang__veclen_64_no_cpy iter 5: 457.313 ms
Run time log_implementations_dace_clang__veclen_64_no_cpy iter 6: 457.138 ms
Run time log_implementations_dace_clang__veclen_64_no_cpy iter 7: 457.438 ms
Run time log_implementations_dace_clang__veclen_64_no_cpy iter 8: 456.774 ms
Run time log_implementations_dace_clang__veclen_64_no_cpy iter 9: 456.530 ms
Run time log_implementations_dace_clang__veclen_64_no_cpy iter 10: 455.763 ms
Run time log_implementations_dace_clang__veclen_64_no_cpy iter 11: 456.610 ms
Run time log_implementations_dace_clang__veclen_64_no_cpy iter 12: 456.297 ms
Run time log_implementations_dace_clang__veclen_64_no_cpy iter 13: 457.070 ms
Run time log_implementations_dace_clang__veclen_64_no_cpy iter 14: 456.497 ms
Run time log_implementations_dace_clang__veclen_64_no_cpy iter 15: 457.448 ms
Run time log_implementations_dace_clang__veclen_64_no_cpy iter 16: 457.758 ms
Run time log_implementations_dace_clang__veclen_64_no_cpy iter 17: 456.437 ms
Run time log_implementations_dace_clang__veclen_64_no_cpy iter 18: 457.267 ms
Run time log_implementations_dace_clang__veclen_64_no_cpy iter 19: 456.650 ms
Run time log_implementations_dace_clang__veclen_64_cpy iter 0: 477.032 ms
Run time log_implementations_dace_clang__veclen_64_cpy iter 1: 475.753 ms
Run time log_implementations_dace_clang__veclen_64_cpy iter 2: 477.510 ms
Run time log_implementations_dace_clang__veclen_64_cpy iter 3: 468.171 ms
Run time log_implementations_dace_clang__veclen_64_cpy iter 4: 465.209 ms
Run time log_implementations_dace_clang__veclen_64_cpy iter 5: 466.020 ms
Run time log_implementations_dace_clang__veclen_64_cpy iter 6: 468.161 ms
Run time log_implementations_dace_clang__veclen_64_cpy iter 7: 467.111 ms
Run time log_implementations_dace_clang__veclen_64_cpy iter 8: 465.924 ms
Run time log_implementations_dace_clang__veclen_64_cpy iter 9: 466.911 ms
Run time log_implementations_dace_clang__veclen_64_cpy iter 10: 466.759 ms
Run time log_implementations_dace_clang__veclen_64_cpy iter 11: 466.026 ms
Run time log_implementations_dace_clang__veclen_64_cpy iter 12: 467.642 ms
Run time log_implementations_dace_clang__veclen_64_cpy iter 13: 468.781 ms
Run time log_implementations_dace_clang__veclen_64_cpy iter 14: 475.573 ms
Run time log_implementations_dace_clang__veclen_64_cpy iter 15: 469.215 ms
Run time log_implementations_dace_clang__veclen_64_cpy iter 16: 471.994 ms
Run time log_implementations_dace_clang__veclen_64_cpy iter 17: 471.037 ms
Run time log_implementations_dace_clang__veclen_64_cpy iter 18: 468.249 ms
Run time log_implementations_dace_clang__veclen_64_cpy iter 19: 465.670 ms
Saved timing results to log_implementations_timings__singlecore.csv
Run time log_implementations_dace iter 0: 911.211 ms
Run time log_implementations_dace iter 1: 911.092 ms
Run time log_implementations_dace iter 2: 915.803 ms
Run time log_implementations_dace iter 3: 912.542 ms
Run time log_implementations_dace iter 4: 911.443 ms
Run time log_implementations_dace iter 5: 911.890 ms
Run time log_implementations_dace iter 6: 914.164 ms
Run time log_implementations_dace iter 7: 911.249 ms
Run time log_implementations_dace iter 8: 912.291 ms
Run time log_implementations_dace iter 9: 912.468 ms
Run time log_implementations_dace iter 10: 913.013 ms
Run time log_implementations_dace iter 11: 911.101 ms
Run time log_implementations_dace iter 12: 912.806 ms
Run time log_implementations_dace iter 13: 912.908 ms
Run time log_implementations_dace iter 14: 911.042 ms
Run time log_implementations_dace iter 15: 912.261 ms
Run time log_implementations_dace iter 16: 911.532 ms
Run time log_implementations_dace iter 17: 910.796 ms
Run time log_implementations_dace iter 18: 912.138 ms
Run time log_implementations_dace iter 19: 911.943 ms
Run time log_implementations_dace_clang__veclen_4_no_cpy iter 0: 905.281 ms
Run time log_implementations_dace_clang__veclen_4_no_cpy iter 1: 906.109 ms
Run time log_implementations_dace_clang__veclen_4_no_cpy iter 2: 908.402 ms
Run time log_implementations_dace_clang__veclen_4_no_cpy iter 3: 905.166 ms
Run time log_implementations_dace_clang__veclen_4_no_cpy iter 4: 908.885 ms
Run time log_implementations_dace_clang__veclen_4_no_cpy iter 5: 910.606 ms
Run time log_implementations_dace_clang__veclen_4_no_cpy iter 6: 906.626 ms
Run time log_implementations_dace_clang__veclen_4_no_cpy iter 7: 906.697 ms
Run time log_implementations_dace_clang__veclen_4_no_cpy iter 8: 908.620 ms
Run time log_implementations_dace_clang__veclen_4_no_cpy iter 9: 910.463 ms
Run time log_implementations_dace_clang__veclen_4_no_cpy iter 10: 906.439 ms
Run time log_implementations_dace_clang__veclen_4_no_cpy iter 11: 906.922 ms
Run time log_implementations_dace_clang__veclen_4_no_cpy iter 12: 911.271 ms
Run time log_implementations_dace_clang__veclen_4_no_cpy iter 13: 909.689 ms
Run time log_implementations_dace_clang__veclen_4_no_cpy iter 14: 908.067 ms
Run time log_implementations_dace_clang__veclen_4_no_cpy iter 15: 908.211 ms
Run time log_implementations_dace_clang__veclen_4_no_cpy iter 16: 904.262 ms
Run time log_implementations_dace_clang__veclen_4_no_cpy iter 17: 903.801 ms
Run time log_implementations_dace_clang__veclen_4_no_cpy iter 18: 906.317 ms
Run time log_implementations_dace_clang__veclen_4_no_cpy iter 19: 907.625 ms
Run time log_implementations_dace_clang__veclen_4_cpy iter 0: 929.565 ms
Run time log_implementations_dace_clang__veclen_4_cpy iter 1: 931.778 ms
Run time log_implementations_dace_clang__veclen_4_cpy iter 2: 928.059 ms
Run time log_implementations_dace_clang__veclen_4_cpy iter 3: 927.012 ms
Run time log_implementations_dace_clang__veclen_4_cpy iter 4: 927.918 ms
Run time log_implementations_dace_clang__veclen_4_cpy iter 5: 926.607 ms
Run time log_implementations_dace_clang__veclen_4_cpy iter 6: 928.604 ms
Run time log_implementations_dace_clang__veclen_4_cpy iter 7: 931.772 ms
Run time log_implementations_dace_clang__veclen_4_cpy iter 8: 930.516 ms
Run time log_implementations_dace_clang__veclen_4_cpy iter 9: 929.332 ms
Run time log_implementations_dace_clang__veclen_4_cpy iter 10: 932.963 ms
Run time log_implementations_dace_clang__veclen_4_cpy iter 11: 934.826 ms
Run time log_implementations_dace_clang__veclen_4_cpy iter 12: 937.422 ms
Run time log_implementations_dace_clang__veclen_4_cpy iter 13: 938.103 ms
Run time log_implementations_dace_clang__veclen_4_cpy iter 14: 932.576 ms
Run time log_implementations_dace_clang__veclen_4_cpy iter 15: 932.860 ms
Run time log_implementations_dace_clang__veclen_4_cpy iter 16: 930.729 ms
Run time log_implementations_dace_clang__veclen_4_cpy iter 17: 931.341 ms
Run time log_implementations_dace_clang__veclen_4_cpy iter 18: 930.749 ms
Run time log_implementations_dace_clang__veclen_4_cpy iter 19: 929.244 ms
Run time log_implementations_dace_clang__veclen_8_no_cpy iter 0: 900.817 ms
Run time log_implementations_dace_clang__veclen_8_no_cpy iter 1: 902.861 ms
Run time log_implementations_dace_clang__veclen_8_no_cpy iter 2: 903.226 ms
Run time log_implementations_dace_clang__veclen_8_no_cpy iter 3: 902.520 ms
Run time log_implementations_dace_clang__veclen_8_no_cpy iter 4: 902.483 ms
Run time log_implementations_dace_clang__veclen_8_no_cpy iter 5: 902.525 ms
Run time log_implementations_dace_clang__veclen_8_no_cpy iter 6: 901.685 ms
Run time log_implementations_dace_clang__veclen_8_no_cpy iter 7: 901.920 ms
Run time log_implementations_dace_clang__veclen_8_no_cpy iter 8: 902.852 ms
Run time log_implementations_dace_clang__veclen_8_no_cpy iter 9: 903.057 ms
Run time log_implementations_dace_clang__veclen_8_no_cpy iter 10: 903.019 ms
Run time log_implementations_dace_clang__veclen_8_no_cpy iter 11: 904.630 ms
Run time log_implementations_dace_clang__veclen_8_no_cpy iter 12: 902.121 ms
Run time log_implementations_dace_clang__veclen_8_no_cpy iter 13: 900.746 ms
Run time log_implementations_dace_clang__veclen_8_no_cpy iter 14: 901.529 ms
Run time log_implementations_dace_clang__veclen_8_no_cpy iter 15: 902.330 ms
Run time log_implementations_dace_clang__veclen_8_no_cpy iter 16: 903.124 ms
Run time log_implementations_dace_clang__veclen_8_no_cpy iter 17: 902.976 ms
Run time log_implementations_dace_clang__veclen_8_no_cpy iter 18: 905.842 ms
Run time log_implementations_dace_clang__veclen_8_no_cpy iter 19: 906.451 ms
Run time log_implementations_dace_clang__veclen_8_cpy iter 0: 944.534 ms
Run time log_implementations_dace_clang__veclen_8_cpy iter 1: 932.376 ms
Run time log_implementations_dace_clang__veclen_8_cpy iter 2: 937.357 ms
Run time log_implementations_dace_clang__veclen_8_cpy iter 3: 933.417 ms
Run time log_implementations_dace_clang__veclen_8_cpy iter 4: 931.925 ms
Run time log_implementations_dace_clang__veclen_8_cpy iter 5: 934.395 ms
Run time log_implementations_dace_clang__veclen_8_cpy iter 6: 936.100 ms
Run time log_implementations_dace_clang__veclen_8_cpy iter 7: 939.631 ms
Run time log_implementations_dace_clang__veclen_8_cpy iter 8: 933.424 ms
Run time log_implementations_dace_clang__veclen_8_cpy iter 9: 932.845 ms
Run time log_implementations_dace_clang__veclen_8_cpy iter 10: 932.374 ms
Run time log_implementations_dace_clang__veclen_8_cpy iter 11: 934.741 ms
Run time log_implementations_dace_clang__veclen_8_cpy iter 12: 934.912 ms
Run time log_implementations_dace_clang__veclen_8_cpy iter 13: 938.340 ms
Run time log_implementations_dace_clang__veclen_8_cpy iter 14: 938.663 ms
Run time log_implementations_dace_clang__veclen_8_cpy iter 15: 933.015 ms
Run time log_implementations_dace_clang__veclen_8_cpy iter 16: 933.584 ms
Run time log_implementations_dace_clang__veclen_8_cpy iter 17: 935.426 ms
Run time log_implementations_dace_clang__veclen_8_cpy iter 18: 934.117 ms
Run time log_implementations_dace_clang__veclen_8_cpy iter 19: 935.461 ms
Run time log_implementations_dace_clang__veclen_16_no_cpy iter 0: 897.203 ms
Run time log_implementations_dace_clang__veclen_16_no_cpy iter 1: 897.400 ms
Run time log_implementations_dace_clang__veclen_16_no_cpy iter 2: 900.204 ms
Run time log_implementations_dace_clang__veclen_16_no_cpy iter 3: 894.741 ms
Run time log_implementations_dace_clang__veclen_16_no_cpy iter 4: 895.711 ms
Run time log_implementations_dace_clang__veclen_16_no_cpy iter 5: 895.545 ms
Run time log_implementations_dace_clang__veclen_16_no_cpy iter 6: 894.783 ms
Run time log_implementations_dace_clang__veclen_16_no_cpy iter 7: 897.727 ms
Run time log_implementations_dace_clang__veclen_16_no_cpy iter 8: 896.984 ms
Run time log_implementations_dace_clang__veclen_16_no_cpy iter 9: 902.294 ms
Run time log_implementations_dace_clang__veclen_16_no_cpy iter 10: 895.951 ms
Run time log_implementations_dace_clang__veclen_16_no_cpy iter 11: 895.613 ms
Run time log_implementations_dace_clang__veclen_16_no_cpy iter 12: 895.663 ms
Run time log_implementations_dace_clang__veclen_16_no_cpy iter 13: 896.170 ms
Run time log_implementations_dace_clang__veclen_16_no_cpy iter 14: 897.258 ms
Run time log_implementations_dace_clang__veclen_16_no_cpy iter 15: 896.803 ms
Run time log_implementations_dace_clang__veclen_16_no_cpy iter 16: 898.471 ms
Run time log_implementations_dace_clang__veclen_16_no_cpy iter 17: 905.193 ms
Run time log_implementations_dace_clang__veclen_16_no_cpy iter 18: 895.816 ms
Run time log_implementations_dace_clang__veclen_16_no_cpy iter 19: 897.337 ms
Run time log_implementations_dace_clang__veclen_16_cpy iter 0: 905.149 ms
Run time log_implementations_dace_clang__veclen_16_cpy iter 1: 902.922 ms
Run time log_implementations_dace_clang__veclen_16_cpy iter 2: 903.990 ms
Run time log_implementations_dace_clang__veclen_16_cpy iter 3: 907.382 ms
Run time log_implementations_dace_clang__veclen_16_cpy iter 4: 905.571 ms
Run time log_implementations_dace_clang__veclen_16_cpy iter 5: 903.989 ms
Run time log_implementations_dace_clang__veclen_16_cpy iter 6: 903.949 ms
Run time log_implementations_dace_clang__veclen_16_cpy iter 7: 905.014 ms
Run time log_implementations_dace_clang__veclen_16_cpy iter 8: 903.726 ms
Run time log_implementations_dace_clang__veclen_16_cpy iter 9: 905.128 ms
Run time log_implementations_dace_clang__veclen_16_cpy iter 10: 903.712 ms
Run time log_implementations_dace_clang__veclen_16_cpy iter 11: 903.259 ms
Run time log_implementations_dace_clang__veclen_16_cpy iter 12: 904.577 ms
Run time log_implementations_dace_clang__veclen_16_cpy iter 13: 904.574 ms
Run time log_implementations_dace_clang__veclen_16_cpy iter 14: 903.941 ms
Run time log_implementations_dace_clang__veclen_16_cpy iter 15: 903.835 ms
Run time log_implementations_dace_clang__veclen_16_cpy iter 16: 905.648 ms
Run time log_implementations_dace_clang__veclen_16_cpy iter 17: 903.611 ms
Run time log_implementations_dace_clang__veclen_16_cpy iter 18: 901.068 ms
Run time log_implementations_dace_clang__veclen_16_cpy iter 19: 903.688 ms
Run time log_implementations_dace_clang__veclen_32_no_cpy iter 0: 912.167 ms
Run time log_implementations_dace_clang__veclen_32_no_cpy iter 1: 912.487 ms
Run time log_implementations_dace_clang__veclen_32_no_cpy iter 2: 911.891 ms
Run time log_implementations_dace_clang__veclen_32_no_cpy iter 3: 913.181 ms
Run time log_implementations_dace_clang__veclen_32_no_cpy iter 4: 914.576 ms
Run time log_implementations_dace_clang__veclen_32_no_cpy iter 5: 915.029 ms
Run time log_implementations_dace_clang__veclen_32_no_cpy iter 6: 913.956 ms
Run time log_implementations_dace_clang__veclen_32_no_cpy iter 7: 913.492 ms
Run time log_implementations_dace_clang__veclen_32_no_cpy iter 8: 913.070 ms
Run time log_implementations_dace_clang__veclen_32_no_cpy iter 9: 913.206 ms
Run time log_implementations_dace_clang__veclen_32_no_cpy iter 10: 913.841 ms
Run time log_implementations_dace_clang__veclen_32_no_cpy iter 11: 914.348 ms
Run time log_implementations_dace_clang__veclen_32_no_cpy iter 12: 915.207 ms
Run time log_implementations_dace_clang__veclen_32_no_cpy iter 13: 913.135 ms
Run time log_implementations_dace_clang__veclen_32_no_cpy iter 14: 913.157 ms
Run time log_implementations_dace_clang__veclen_32_no_cpy iter 15: 913.186 ms
Run time log_implementations_dace_clang__veclen_32_no_cpy iter 16: 913.184 ms
Run time log_implementations_dace_clang__veclen_32_no_cpy iter 17: 915.223 ms
Run time log_implementations_dace_clang__veclen_32_no_cpy iter 18: 917.067 ms
Run time log_implementations_dace_clang__veclen_32_no_cpy iter 19: 913.986 ms
Run time log_implementations_dace_clang__veclen_32_cpy iter 0: 931.364 ms
Run time log_implementations_dace_clang__veclen_32_cpy iter 1: 930.027 ms
Run time log_implementations_dace_clang__veclen_32_cpy iter 2: 930.665 ms
Run time log_implementations_dace_clang__veclen_32_cpy iter 3: 929.817 ms
Run time log_implementations_dace_clang__veclen_32_cpy iter 4: 930.571 ms
Run time log_implementations_dace_clang__veclen_32_cpy iter 5: 931.932 ms
Run time log_implementations_dace_clang__veclen_32_cpy iter 6: 932.329 ms
Run time log_implementations_dace_clang__veclen_32_cpy iter 7: 932.993 ms
Run time log_implementations_dace_clang__veclen_32_cpy iter 8: 932.700 ms
Run time log_implementations_dace_clang__veclen_32_cpy iter 9: 930.404 ms
Run time log_implementations_dace_clang__veclen_32_cpy iter 10: 930.315 ms
Run time log_implementations_dace_clang__veclen_32_cpy iter 11: 929.358 ms
Run time log_implementations_dace_clang__veclen_32_cpy iter 12: 931.759 ms
Run time log_implementations_dace_clang__veclen_32_cpy iter 13: 933.788 ms
Run time log_implementations_dace_clang__veclen_32_cpy iter 14: 931.854 ms
Run time log_implementations_dace_clang__veclen_32_cpy iter 15: 932.335 ms
Run time log_implementations_dace_clang__veclen_32_cpy iter 16: 931.952 ms
Run time log_implementations_dace_clang__veclen_32_cpy iter 17: 939.325 ms
Run time log_implementations_dace_clang__veclen_32_cpy iter 18: 937.967 ms
Run time log_implementations_dace_clang__veclen_32_cpy iter 19: 939.778 ms
Run time log_implementations_dace_clang__veclen_64_no_cpy iter 0: 912.392 ms
Run time log_implementations_dace_clang__veclen_64_no_cpy iter 1: 911.024 ms
Run time log_implementations_dace_clang__veclen_64_no_cpy iter 2: 912.075 ms
Run time log_implementations_dace_clang__veclen_64_no_cpy iter 3: 912.353 ms
Run time log_implementations_dace_clang__veclen_64_no_cpy iter 4: 913.936 ms
Run time log_implementations_dace_clang__veclen_64_no_cpy iter 5: 914.341 ms
Run time log_implementations_dace_clang__veclen_64_no_cpy iter 6: 914.264 ms
Run time log_implementations_dace_clang__veclen_64_no_cpy iter 7: 913.965 ms
Run time log_implementations_dace_clang__veclen_64_no_cpy iter 8: 912.565 ms
Run time log_implementations_dace_clang__veclen_64_no_cpy iter 9: 914.179 ms
Run time log_implementations_dace_clang__veclen_64_no_cpy iter 10: 913.681 ms
Run time log_implementations_dace_clang__veclen_64_no_cpy iter 11: 914.786 ms
Run time log_implementations_dace_clang__veclen_64_no_cpy iter 12: 913.857 ms
Run time log_implementations_dace_clang__veclen_64_no_cpy iter 13: 913.922 ms
Run time log_implementations_dace_clang__veclen_64_no_cpy iter 14: 912.647 ms
Run time log_implementations_dace_clang__veclen_64_no_cpy iter 15: 911.754 ms
Run time log_implementations_dace_clang__veclen_64_no_cpy iter 16: 911.598 ms
Run time log_implementations_dace_clang__veclen_64_no_cpy iter 17: 911.877 ms
Run time log_implementations_dace_clang__veclen_64_no_cpy iter 18: 912.584 ms
Run time log_implementations_dace_clang__veclen_64_no_cpy iter 19: 914.225 ms
Run time log_implementations_dace_clang__veclen_64_cpy iter 0: 936.314 ms
Run time log_implementations_dace_clang__veclen_64_cpy iter 1: 932.901 ms
Run time log_implementations_dace_clang__veclen_64_cpy iter 2: 932.858 ms
Run time log_implementations_dace_clang__veclen_64_cpy iter 3: 932.197 ms
Run time log_implementations_dace_clang__veclen_64_cpy iter 4: 932.477 ms
Run time log_implementations_dace_clang__veclen_64_cpy iter 5: 935.814 ms
Run time log_implementations_dace_clang__veclen_64_cpy iter 6: 935.579 ms
Run time log_implementations_dace_clang__veclen_64_cpy iter 7: 934.779 ms
Run time log_implementations_dace_clang__veclen_64_cpy iter 8: 934.604 ms
Run time log_implementations_dace_clang__veclen_64_cpy iter 9: 932.706 ms
Run time log_implementations_dace_clang__veclen_64_cpy iter 10: 933.392 ms
Run time log_implementations_dace_clang__veclen_64_cpy iter 11: 933.916 ms
Run time log_implementations_dace_clang__veclen_64_cpy iter 12: 935.254 ms
Run time log_implementations_dace_clang__veclen_64_cpy iter 13: 935.974 ms
Run time log_implementations_dace_clang__veclen_64_cpy iter 14: 935.171 ms
Run time log_implementations_dace_clang__veclen_64_cpy iter 15: 932.633 ms
Run time log_implementations_dace_clang__veclen_64_cpy iter 16: 932.783 ms
Run time log_implementations_dace_clang__veclen_64_cpy iter 17: 932.999 ms
Run time log_implementations_dace_clang__veclen_64_cpy iter 18: 933.569 ms
Run time log_implementations_dace_clang__veclen_64_cpy iter 19: 935.481 ms
Saved timing results to log_implementations_timings__singlecore.csv
Running with EXTRA_FLAGS='-mprefer-vector-width=512', SUFFIX='force_width_256'
