Physical cores: 128
Run time jacobi2d iter 0: 9.891 ms
Run time jacobi2d iter 1: 9.858 ms
Run time jacobi2d iter 2: 9.903 ms
Run time jacobi2d iter 3: 9.875 ms
Run time jacobi2d iter 4: 9.781 ms
Run time jacobi2d iter 5: 9.824 ms
Run time jacobi2d iter 6: 9.804 ms
Run time jacobi2d iter 7: 9.877 ms
Run time jacobi2d iter 8: 10.186 ms
Run time jacobi2d iter 9: 10.519 ms
Run time jacobi2d_vectorized_static_veclen_8_no_cpy iter 0: 9.575 ms
Run time jacobi2d_vectorized_static_veclen_8_no_cpy iter 1: 9.495 ms
Run time jacobi2d_vectorized_static_veclen_8_no_cpy iter 2: 9.455 ms
Run time jacobi2d_vectorized_static_veclen_8_no_cpy iter 3: 9.249 ms
Run time jacobi2d_vectorized_static_veclen_8_no_cpy iter 4: 9.376 ms
Run time jacobi2d_vectorized_static_veclen_8_no_cpy iter 5: 9.486 ms
Run time jacobi2d_vectorized_static_veclen_8_no_cpy iter 6: 9.488 ms
Run time jacobi2d_vectorized_static_veclen_8_no_cpy iter 7: 9.361 ms
Run time jacobi2d_vectorized_static_veclen_8_no_cpy iter 8: 9.272 ms
Run time jacobi2d_vectorized_static_veclen_8_no_cpy iter 9: 9.363 ms
Run time jacobi2d_vectorized_static_veclen_8_cpy iter 0: 10.938 ms
Run time jacobi2d_vectorized_static_veclen_8_cpy iter 1: 11.042 ms
Run time jacobi2d_vectorized_static_veclen_8_cpy iter 2: 11.140 ms
Run time jacobi2d_vectorized_static_veclen_8_cpy iter 3: 10.987 ms
Run time jacobi2d_vectorized_static_veclen_8_cpy iter 4: 11.023 ms
Run time jacobi2d_vectorized_static_veclen_8_cpy iter 5: 10.942 ms
Run time jacobi2d_vectorized_static_veclen_8_cpy iter 6: 10.997 ms
Run time jacobi2d_vectorized_static_veclen_8_cpy iter 7: 11.014 ms
Run time jacobi2d_vectorized_static_veclen_8_cpy iter 8: 11.061 ms
Run time jacobi2d_vectorized_static_veclen_8_cpy iter 9: 11.044 ms
Run time jacobi2d_vectorized_static_veclen_16_no_cpy iter 0: 9.555 ms
Run time jacobi2d_vectorized_static_veclen_16_no_cpy iter 1: 9.116 ms
Run time jacobi2d_vectorized_static_veclen_16_no_cpy iter 2: 9.164 ms
Run time jacobi2d_vectorized_static_veclen_16_no_cpy iter 3: 9.222 ms
Run time jacobi2d_vectorized_static_veclen_16_no_cpy iter 4: 9.225 ms
Run time jacobi2d_vectorized_static_veclen_16_no_cpy iter 5: 9.292 ms
Run time jacobi2d_vectorized_static_veclen_16_no_cpy iter 6: 9.090 ms
Run time jacobi2d_vectorized_static_veclen_16_no_cpy iter 7: 9.179 ms
Run time jacobi2d_vectorized_static_veclen_16_no_cpy iter 8: 9.152 ms
Run time jacobi2d_vectorized_static_veclen_16_no_cpy iter 9: 9.234 ms
Run time jacobi2d_vectorized_static_veclen_16_cpy iter 0: 10.429 ms
Run time jacobi2d_vectorized_static_veclen_16_cpy iter 1: 10.440 ms
Run time jacobi2d_vectorized_static_veclen_16_cpy iter 2: 10.301 ms
Run time jacobi2d_vectorized_static_veclen_16_cpy iter 3: 10.279 ms
Run time jacobi2d_vectorized_static_veclen_16_cpy iter 4: 10.369 ms
Run time jacobi2d_vectorized_static_veclen_16_cpy iter 5: 10.477 ms
Run time jacobi2d_vectorized_static_veclen_16_cpy iter 6: 10.405 ms
Run time jacobi2d_vectorized_static_veclen_16_cpy iter 7: 10.390 ms
Run time jacobi2d_vectorized_static_veclen_16_cpy iter 8: 10.380 ms
Run time jacobi2d_vectorized_static_veclen_16_cpy iter 9: 10.432 ms
Run time jacobi2d_vectorized_static_veclen_32_no_cpy iter 0: 9.746 ms
Run time jacobi2d_vectorized_static_veclen_32_no_cpy iter 1: 9.647 ms
Run time jacobi2d_vectorized_static_veclen_32_no_cpy iter 2: 9.603 ms
Run time jacobi2d_vectorized_static_veclen_32_no_cpy iter 3: 9.569 ms
Run time jacobi2d_vectorized_static_veclen_32_no_cpy iter 4: 9.615 ms
Run time jacobi2d_vectorized_static_veclen_32_no_cpy iter 5: 9.494 ms
Run time jacobi2d_vectorized_static_veclen_32_no_cpy iter 6: 9.485 ms
Run time jacobi2d_vectorized_static_veclen_32_no_cpy iter 7: 9.514 ms
Run time jacobi2d_vectorized_static_veclen_32_no_cpy iter 8: 9.511 ms
Run time jacobi2d_vectorized_static_veclen_32_no_cpy iter 9: 9.609 ms
Run time jacobi2d_vectorized_static_veclen_32_cpy iter 0: 10.931 ms
Run time jacobi2d_vectorized_static_veclen_32_cpy iter 1: 10.845 ms
Run time jacobi2d_vectorized_static_veclen_32_cpy iter 2: 10.980 ms
Run time jacobi2d_vectorized_static_veclen_32_cpy iter 3: 10.888 ms
Run time jacobi2d_vectorized_static_veclen_32_cpy iter 4: 10.846 ms
Run time jacobi2d_vectorized_static_veclen_32_cpy iter 5: 10.977 ms
Run time jacobi2d_vectorized_static_veclen_32_cpy iter 6: 10.835 ms
Run time jacobi2d_vectorized_static_veclen_32_cpy iter 7: 10.929 ms
Run time jacobi2d_vectorized_static_veclen_32_cpy iter 8: 10.880 ms
Run time jacobi2d_vectorized_static_veclen_32_cpy iter 9: 10.841 ms
Saved timing results to jacobi2d_timings_jacobi2d_timings_amd_epyc_llvm_1_core.csv.csv
Run time jacobi2d iter 0: 56.395 ms
Run time jacobi2d iter 1: 56.098 ms
Run time jacobi2d iter 2: 63.534 ms
Run time jacobi2d iter 3: 61.707 ms
Run time jacobi2d iter 4: 62.870 ms
Run time jacobi2d iter 5: 63.829 ms
Run time jacobi2d iter 6: 64.575 ms
Run time jacobi2d iter 7: 64.771 ms
Run time jacobi2d iter 8: 59.289 ms
Run time jacobi2d iter 9: 60.052 ms
Run time jacobi2d_vectorized_static_veclen_8_no_cpy iter 0: 58.004 ms
Run time jacobi2d_vectorized_static_veclen_8_no_cpy iter 1: 65.795 ms
Run time jacobi2d_vectorized_static_veclen_8_no_cpy iter 2: 55.929 ms
Run time jacobi2d_vectorized_static_veclen_8_no_cpy iter 3: 63.359 ms
Run time jacobi2d_vectorized_static_veclen_8_no_cpy iter 4: 94.383 ms
Run time jacobi2d_vectorized_static_veclen_8_no_cpy iter 5: 90.460 ms
Run time jacobi2d_vectorized_static_veclen_8_no_cpy iter 6: 91.321 ms
Run time jacobi2d_vectorized_static_veclen_8_no_cpy iter 7: 94.210 ms
Run time jacobi2d_vectorized_static_veclen_8_no_cpy iter 8: 90.391 ms
Run time jacobi2d_vectorized_static_veclen_8_no_cpy iter 9: 91.376 ms
Run time jacobi2d_vectorized_static_veclen_8_cpy iter 0: 68.803 ms
Run time jacobi2d_vectorized_static_veclen_8_cpy iter 1: 69.039 ms
Run time jacobi2d_vectorized_static_veclen_8_cpy iter 2: 68.689 ms
Run time jacobi2d_vectorized_static_veclen_8_cpy iter 3: 68.861 ms
Run time jacobi2d_vectorized_static_veclen_8_cpy iter 4: 68.750 ms
Run time jacobi2d_vectorized_static_veclen_8_cpy iter 5: 68.424 ms
Run time jacobi2d_vectorized_static_veclen_8_cpy iter 6: 57.303 ms
Run time jacobi2d_vectorized_static_veclen_8_cpy iter 7: 71.038 ms
Run time jacobi2d_vectorized_static_veclen_8_cpy iter 8: 63.762 ms
Run time jacobi2d_vectorized_static_veclen_8_cpy iter 9: 97.584 ms
Run time jacobi2d_vectorized_static_veclen_16_no_cpy iter 0: 61.708 ms
Run time jacobi2d_vectorized_static_veclen_16_no_cpy iter 1: 62.136 ms
Run time jacobi2d_vectorized_static_veclen_16_no_cpy iter 2: 61.282 ms
Run time jacobi2d_vectorized_static_veclen_16_no_cpy iter 3: 60.617 ms
Run time jacobi2d_vectorized_static_veclen_16_no_cpy iter 4: 60.582 ms
Run time jacobi2d_vectorized_static_veclen_16_no_cpy iter 5: 57.150 ms
Run time jacobi2d_vectorized_static_veclen_16_no_cpy iter 6: 60.992 ms
Run time jacobi2d_vectorized_static_veclen_16_no_cpy iter 7: 54.444 ms
Run time jacobi2d_vectorized_static_veclen_16_no_cpy iter 8: 51.687 ms
Run time jacobi2d_vectorized_static_veclen_16_no_cpy iter 9: 52.541 ms
Run time jacobi2d_vectorized_static_veclen_16_cpy iter 0: 60.659 ms
Run time jacobi2d_vectorized_static_veclen_16_cpy iter 1: 61.082 ms
Run time jacobi2d_vectorized_static_veclen_16_cpy iter 2: 64.540 ms
Run time jacobi2d_vectorized_static_veclen_16_cpy iter 3: 64.699 ms
Run time jacobi2d_vectorized_static_veclen_16_cpy iter 4: 64.922 ms
Run time jacobi2d_vectorized_static_veclen_16_cpy iter 5: 65.344 ms
Run time jacobi2d_vectorized_static_veclen_16_cpy iter 6: 66.077 ms
Run time jacobi2d_vectorized_static_veclen_16_cpy iter 7: 65.175 ms
Run time jacobi2d_vectorized_static_veclen_16_cpy iter 8: 65.227 ms
Run time jacobi2d_vectorized_static_veclen_16_cpy iter 9: 64.653 ms
Run time jacobi2d_vectorized_static_veclen_32_no_cpy iter 0: 63.096 ms
Run time jacobi2d_vectorized_static_veclen_32_no_cpy iter 1: 62.540 ms
Run time jacobi2d_vectorized_static_veclen_32_no_cpy iter 2: 59.069 ms
Run time jacobi2d_vectorized_static_veclen_32_no_cpy iter 3: 59.498 ms
Run time jacobi2d_vectorized_static_veclen_32_no_cpy iter 4: 56.542 ms
Run time jacobi2d_vectorized_static_veclen_32_no_cpy iter 5: 55.167 ms
Run time jacobi2d_vectorized_static_veclen_32_no_cpy iter 6: 57.743 ms
Run time jacobi2d_vectorized_static_veclen_32_no_cpy iter 7: 60.844 ms
Run time jacobi2d_vectorized_static_veclen_32_no_cpy iter 8: 60.978 ms
Run time jacobi2d_vectorized_static_veclen_32_no_cpy iter 9: 63.976 ms
Run time jacobi2d_vectorized_static_veclen_32_cpy iter 0: 93.690 ms
Run time jacobi2d_vectorized_static_veclen_32_cpy iter 1: 95.816 ms
Run time jacobi2d_vectorized_static_veclen_32_cpy iter 2: 93.279 ms
Run time jacobi2d_vectorized_static_veclen_32_cpy iter 3: 92.239 ms
Run time jacobi2d_vectorized_static_veclen_32_cpy iter 4: 67.478 ms
Run time jacobi2d_vectorized_static_veclen_32_cpy iter 5: 68.092 ms
Run time jacobi2d_vectorized_static_veclen_32_cpy iter 6: 67.986 ms
Run time jacobi2d_vectorized_static_veclen_32_cpy iter 7: 68.798 ms
Run time jacobi2d_vectorized_static_veclen_32_cpy iter 8: 68.084 ms
Run time jacobi2d_vectorized_static_veclen_32_cpy iter 9: 68.065 ms
Saved timing results to jacobi2d_timings_jacobi2d_timings_amd_epyc_llvm_1_core.csv.csv
Run time jacobi2d iter 0: 399.720 ms
Run time jacobi2d iter 1: 406.663 ms
Run time jacobi2d iter 2: 405.957 ms
Run time jacobi2d iter 3: 345.665 ms
Run time jacobi2d iter 4: 293.435 ms
Run time jacobi2d iter 5: 293.567 ms
Run time jacobi2d iter 6: 287.815 ms
Run time jacobi2d iter 7: 293.460 ms
Run time jacobi2d iter 8: 291.328 ms
Run time jacobi2d iter 9: 296.273 ms
Run time jacobi2d_vectorized_static_veclen_8_no_cpy iter 0: 294.535 ms
Run time jacobi2d_vectorized_static_veclen_8_no_cpy iter 1: 291.834 ms
Run time jacobi2d_vectorized_static_veclen_8_no_cpy iter 2: 297.390 ms
Run time jacobi2d_vectorized_static_veclen_8_no_cpy iter 3: 299.661 ms
Run time jacobi2d_vectorized_static_veclen_8_no_cpy iter 4: 300.323 ms
Run time jacobi2d_vectorized_static_veclen_8_no_cpy iter 5: 300.458 ms
Run time jacobi2d_vectorized_static_veclen_8_no_cpy iter 6: 297.967 ms
Run time jacobi2d_vectorized_static_veclen_8_no_cpy iter 7: 295.142 ms
Run time jacobi2d_vectorized_static_veclen_8_no_cpy iter 8: 368.755 ms
Run time jacobi2d_vectorized_static_veclen_8_no_cpy iter 9: 391.821 ms
Run time jacobi2d_vectorized_static_veclen_8_cpy iter 0: 400.232 ms
Run time jacobi2d_vectorized_static_veclen_8_cpy iter 1: 311.895 ms
Run time jacobi2d_vectorized_static_veclen_8_cpy iter 2: 306.779 ms
Run time jacobi2d_vectorized_static_veclen_8_cpy iter 3: 305.834 ms
Run time jacobi2d_vectorized_static_veclen_8_cpy iter 4: 303.039 ms
Run time jacobi2d_vectorized_static_veclen_8_cpy iter 5: 299.944 ms
Run time jacobi2d_vectorized_static_veclen_8_cpy iter 6: 308.245 ms
Run time jacobi2d_vectorized_static_veclen_8_cpy iter 7: 309.352 ms
Run time jacobi2d_vectorized_static_veclen_8_cpy iter 8: 309.234 ms
Run time jacobi2d_vectorized_static_veclen_8_cpy iter 9: 309.958 ms
Run time jacobi2d_vectorized_static_veclen_16_no_cpy iter 0: 445.625 ms
Run time jacobi2d_vectorized_static_veclen_16_no_cpy iter 1: 406.548 ms
Run time jacobi2d_vectorized_static_veclen_16_no_cpy iter 2: 302.766 ms
Run time jacobi2d_vectorized_static_veclen_16_no_cpy iter 3: 300.951 ms
Run time jacobi2d_vectorized_static_veclen_16_no_cpy iter 4: 298.209 ms
Run time jacobi2d_vectorized_static_veclen_16_no_cpy iter 5: 300.921 ms
Run time jacobi2d_vectorized_static_veclen_16_no_cpy iter 6: 297.338 ms
Run time jacobi2d_vectorized_static_veclen_16_no_cpy iter 7: 298.834 ms
Run time jacobi2d_vectorized_static_veclen_16_no_cpy iter 8: 298.890 ms
Run time jacobi2d_vectorized_static_veclen_16_no_cpy iter 9: 298.884 ms
Run time jacobi2d_vectorized_static_veclen_16_cpy iter 0: 362.281 ms
Run time jacobi2d_vectorized_static_veclen_16_cpy iter 1: 403.331 ms
Run time jacobi2d_vectorized_static_veclen_16_cpy iter 2: 396.927 ms
Run time jacobi2d_vectorized_static_veclen_16_cpy iter 3: 403.417 ms
Run time jacobi2d_vectorized_static_veclen_16_cpy iter 4: 401.055 ms
Run time jacobi2d_vectorized_static_veclen_16_cpy iter 5: 329.243 ms
Run time jacobi2d_vectorized_static_veclen_16_cpy iter 6: 295.327 ms
Run time jacobi2d_vectorized_static_veclen_16_cpy iter 7: 294.562 ms
Run time jacobi2d_vectorized_static_veclen_16_cpy iter 8: 295.099 ms
Run time jacobi2d_vectorized_static_veclen_16_cpy iter 9: 295.033 ms
Run time jacobi2d_vectorized_static_veclen_32_no_cpy iter 0: 408.023 ms
Run time jacobi2d_vectorized_static_veclen_32_no_cpy iter 1: 325.686 ms
Run time jacobi2d_vectorized_static_veclen_32_no_cpy iter 2: 334.635 ms
Run time jacobi2d_vectorized_static_veclen_32_no_cpy iter 3: 409.646 ms
Run time jacobi2d_vectorized_static_veclen_32_no_cpy iter 4: 410.387 ms
Run time jacobi2d_vectorized_static_veclen_32_no_cpy iter 5: 414.088 ms
Run time jacobi2d_vectorized_static_veclen_32_no_cpy iter 6: 411.653 ms
Run time jacobi2d_vectorized_static_veclen_32_no_cpy iter 7: 411.407 ms
Run time jacobi2d_vectorized_static_veclen_32_no_cpy iter 8: 354.077 ms
Run time jacobi2d_vectorized_static_veclen_32_no_cpy iter 9: 303.980 ms
Run time jacobi2d_vectorized_static_veclen_32_cpy iter 0: 383.735 ms
Run time jacobi2d_vectorized_static_veclen_32_cpy iter 1: 385.011 ms
Run time jacobi2d_vectorized_static_veclen_32_cpy iter 2: 383.127 ms
Run time jacobi2d_vectorized_static_veclen_32_cpy iter 3: 383.636 ms
Run time jacobi2d_vectorized_static_veclen_32_cpy iter 4: 384.938 ms
Run time jacobi2d_vectorized_static_veclen_32_cpy iter 5: 383.206 ms
Run time jacobi2d_vectorized_static_veclen_32_cpy iter 6: 382.956 ms
Run time jacobi2d_vectorized_static_veclen_32_cpy iter 7: 384.810 ms
Run time jacobi2d_vectorized_static_veclen_32_cpy iter 8: 369.369 ms
Run time jacobi2d_vectorized_static_veclen_32_cpy iter 9: 382.683 ms
Saved timing results to jacobi2d_timings_jacobi2d_timings_amd_epyc_llvm_1_core.csv.csv
Run time jacobi2d iter 0: 1157.146 ms
Run time jacobi2d iter 1: 1361.442 ms
Run time jacobi2d iter 2: 1619.662 ms
Run time jacobi2d iter 3: 1606.927 ms
Run time jacobi2d iter 4: 1563.609 ms
Run time jacobi2d iter 5: 1142.871 ms
Run time jacobi2d iter 6: 1154.023 ms
Run time jacobi2d iter 7: 1278.920 ms
Run time jacobi2d iter 8: 1446.923 ms
Run time jacobi2d iter 9: 1503.844 ms
Run time jacobi2d_vectorized_static_veclen_8_no_cpy iter 0: 1145.275 ms
Run time jacobi2d_vectorized_static_veclen_8_no_cpy iter 1: 1173.945 ms
Run time jacobi2d_vectorized_static_veclen_8_no_cpy iter 2: 1538.000 ms
Run time jacobi2d_vectorized_static_veclen_8_no_cpy iter 3: 1555.263 ms
Run time jacobi2d_vectorized_static_veclen_8_no_cpy iter 4: 1540.351 ms
Run time jacobi2d_vectorized_static_veclen_8_no_cpy iter 5: 1557.532 ms
Run time jacobi2d_vectorized_static_veclen_8_no_cpy iter 6: 1559.637 ms
Run time jacobi2d_vectorized_static_veclen_8_no_cpy iter 7: 1556.945 ms
Run time jacobi2d_vectorized_static_veclen_8_no_cpy iter 8: 1556.178 ms
Run time jacobi2d_vectorized_static_veclen_8_no_cpy iter 9: 1548.561 ms
Run time jacobi2d_vectorized_static_veclen_8_cpy iter 0: 1578.909 ms
Run time jacobi2d_vectorized_static_veclen_8_cpy iter 1: 1420.689 ms
Run time jacobi2d_vectorized_static_veclen_8_cpy iter 2: 1202.747 ms
Run time jacobi2d_vectorized_static_veclen_8_cpy iter 3: 1207.130 ms
Run time jacobi2d_vectorized_static_veclen_8_cpy iter 4: 1782.742 ms
Run time jacobi2d_vectorized_static_veclen_8_cpy iter 5: 1796.319 ms
Run time jacobi2d_vectorized_static_veclen_8_cpy iter 6: 1747.223 ms
Run time jacobi2d_vectorized_static_veclen_8_cpy iter 7: 1796.419 ms
Run time jacobi2d_vectorized_static_veclen_8_cpy iter 8: 1797.250 ms
Run time jacobi2d_vectorized_static_veclen_8_cpy iter 9: 1796.722 ms
Run time jacobi2d_vectorized_static_veclen_16_no_cpy iter 0: 1394.479 ms
Run time jacobi2d_vectorized_static_veclen_16_no_cpy iter 1: 1201.811 ms
Run time jacobi2d_vectorized_static_veclen_16_no_cpy iter 2: 1252.534 ms
Run time jacobi2d_vectorized_static_veclen_16_no_cpy iter 3: 1615.232 ms
Run time jacobi2d_vectorized_static_veclen_16_no_cpy iter 4: 1611.180 ms
Run time jacobi2d_vectorized_static_veclen_16_no_cpy iter 5: 1612.779 ms
Run time jacobi2d_vectorized_static_veclen_16_no_cpy iter 6: 1611.723 ms
Run time jacobi2d_vectorized_static_veclen_16_no_cpy iter 7: 1610.281 ms
Run time jacobi2d_vectorized_static_veclen_16_no_cpy iter 8: 1614.906 ms
Run time jacobi2d_vectorized_static_veclen_16_no_cpy iter 9: 1611.289 ms
Run time jacobi2d_vectorized_static_veclen_16_cpy iter 0: 1615.212 ms
Run time jacobi2d_vectorized_static_veclen_16_cpy iter 1: 1618.557 ms
Run time jacobi2d_vectorized_static_veclen_16_cpy iter 2: 1615.767 ms
Run time jacobi2d_vectorized_static_veclen_16_cpy iter 3: 1179.839 ms
Run time jacobi2d_vectorized_static_veclen_16_cpy iter 4: 1193.168 ms
Run time jacobi2d_vectorized_static_veclen_16_cpy iter 5: 1201.801 ms
Run time jacobi2d_vectorized_static_veclen_16_cpy iter 6: 1616.616 ms
Run time jacobi2d_vectorized_static_veclen_16_cpy iter 7: 1630.907 ms
Run time jacobi2d_vectorized_static_veclen_16_cpy iter 8: 1629.233 ms
Run time jacobi2d_vectorized_static_veclen_16_cpy iter 9: 1547.099 ms
Run time jacobi2d_vectorized_static_veclen_32_no_cpy iter 0: 1657.824 ms
Run time jacobi2d_vectorized_static_veclen_32_no_cpy iter 1: 1657.765 ms
Run time jacobi2d_vectorized_static_veclen_32_no_cpy iter 2: 1655.702 ms
Run time jacobi2d_vectorized_static_veclen_32_no_cpy iter 3: 1545.278 ms
Run time jacobi2d_vectorized_static_veclen_32_no_cpy iter 4: 1660.359 ms
Run time jacobi2d_vectorized_static_veclen_32_no_cpy iter 5: 1653.330 ms
Run time jacobi2d_vectorized_static_veclen_32_no_cpy iter 6: 1383.393 ms
Run time jacobi2d_vectorized_static_veclen_32_no_cpy iter 7: 1234.413 ms
Run time jacobi2d_vectorized_static_veclen_32_no_cpy iter 8: 1234.955 ms
Run time jacobi2d_vectorized_static_veclen_32_no_cpy iter 9: 1414.951 ms
Run time jacobi2d_vectorized_static_veclen_32_cpy iter 0: 1504.218 ms
Run time jacobi2d_vectorized_static_veclen_32_cpy iter 1: 1508.685 ms
Run time jacobi2d_vectorized_static_veclen_32_cpy iter 2: 1481.047 ms
Run time jacobi2d_vectorized_static_veclen_32_cpy iter 3: 1509.548 ms
Run time jacobi2d_vectorized_static_veclen_32_cpy iter 4: 1452.366 ms
Run time jacobi2d_vectorized_static_veclen_32_cpy iter 5: 1508.104 ms
Run time jacobi2d_vectorized_static_veclen_32_cpy iter 6: 1510.398 ms
Run time jacobi2d_vectorized_static_veclen_32_cpy iter 7: 1508.059 ms
Run time jacobi2d_vectorized_static_veclen_32_cpy iter 8: 1507.878 ms
Run time jacobi2d_vectorized_static_veclen_32_cpy iter 9: 1506.945 ms
Saved timing results to jacobi2d_timings_jacobi2d_timings_amd_epyc_llvm_1_core.csv.csv
Run time jacobi2d iter 0: 6063.535 ms
Run time jacobi2d iter 1: 6394.766 ms
Run time jacobi2d iter 2: 6611.814 ms
Run time jacobi2d iter 3: 5912.308 ms
Run time jacobi2d iter 4: 5525.694 ms
Run time jacobi2d iter 5: 6034.635 ms
Run time jacobi2d iter 6: 6027.866 ms
Run time jacobi2d iter 7: 6058.674 ms
Run time jacobi2d iter 8: 5729.010 ms
Run time jacobi2d iter 9: 5268.730 ms
Run time jacobi2d_vectorized_static_veclen_8_no_cpy iter 0: 6336.780 ms
Run time jacobi2d_vectorized_static_veclen_8_no_cpy iter 1: 6238.922 ms
Run time jacobi2d_vectorized_static_veclen_8_no_cpy iter 2: 6372.514 ms
Run time jacobi2d_vectorized_static_veclen_8_no_cpy iter 3: 6345.395 ms
Run time jacobi2d_vectorized_static_veclen_8_no_cpy iter 4: 6321.572 ms
Run time jacobi2d_vectorized_static_veclen_8_no_cpy iter 5: 6357.630 ms
Run time jacobi2d_vectorized_static_veclen_8_no_cpy iter 6: 6333.045 ms
Run time jacobi2d_vectorized_static_veclen_8_no_cpy iter 7: 6344.701 ms
Run time jacobi2d_vectorized_static_veclen_8_no_cpy iter 8: 6356.764 ms
Run time jacobi2d_vectorized_static_veclen_8_no_cpy iter 9: 6375.770 ms
Run time jacobi2d_vectorized_static_veclen_8_cpy iter 0: 5526.012 ms
Run time jacobi2d_vectorized_static_veclen_8_cpy iter 1: 7156.519 ms
Run time jacobi2d_vectorized_static_veclen_8_cpy iter 2: 7291.353 ms
Run time jacobi2d_vectorized_static_veclen_8_cpy iter 3: 7405.646 ms
Run time jacobi2d_vectorized_static_veclen_8_cpy iter 4: 7400.951 ms
Run time jacobi2d_vectorized_static_veclen_8_cpy iter 5: 7343.372 ms
Run time jacobi2d_vectorized_static_veclen_8_cpy iter 6: 7310.195 ms
Run time jacobi2d_vectorized_static_veclen_8_cpy iter 7: 7255.225 ms
Run time jacobi2d_vectorized_static_veclen_8_cpy iter 8: 7367.468 ms
Run time jacobi2d_vectorized_static_veclen_8_cpy iter 9: 7377.324 ms
Run time jacobi2d_vectorized_static_veclen_16_no_cpy iter 0: 5558.707 ms
Run time jacobi2d_vectorized_static_veclen_16_no_cpy iter 1: 6378.672 ms
Run time jacobi2d_vectorized_static_veclen_16_no_cpy iter 2: 6382.625 ms
Run time jacobi2d_vectorized_static_veclen_16_no_cpy iter 3: 6368.932 ms
Run time jacobi2d_vectorized_static_veclen_16_no_cpy iter 4: 6378.519 ms
Run time jacobi2d_vectorized_static_veclen_16_no_cpy iter 5: 6360.005 ms
Run time jacobi2d_vectorized_static_veclen_16_no_cpy iter 6: 6375.640 ms
Run time jacobi2d_vectorized_static_veclen_16_no_cpy iter 7: 6353.957 ms
Run time jacobi2d_vectorized_static_veclen_16_no_cpy iter 8: 6381.193 ms
Run time jacobi2d_vectorized_static_veclen_16_no_cpy iter 9: 6346.854 ms
Run time jacobi2d_vectorized_static_veclen_16_cpy iter 0: 6409.819 ms
Run time jacobi2d_vectorized_static_veclen_16_cpy iter 1: 6315.346 ms
Run time jacobi2d_vectorized_static_veclen_16_cpy iter 2: 6202.127 ms
Run time jacobi2d_vectorized_static_veclen_16_cpy iter 3: 5445.033 ms
Run time jacobi2d_vectorized_static_veclen_16_cpy iter 4: 6625.220 ms
Run time jacobi2d_vectorized_static_veclen_16_cpy iter 5: 6529.120 ms
Run time jacobi2d_vectorized_static_veclen_16_cpy iter 6: 6555.455 ms
Run time jacobi2d_vectorized_static_veclen_16_cpy iter 7: 6655.614 ms
Run time jacobi2d_vectorized_static_veclen_16_cpy iter 8: 6567.205 ms
Run time jacobi2d_vectorized_static_veclen_16_cpy iter 9: 6483.339 ms
Run time jacobi2d_vectorized_static_veclen_32_no_cpy iter 0: 6666.452 ms
Run time jacobi2d_vectorized_static_veclen_32_no_cpy iter 1: 6768.327 ms
Run time jacobi2d_vectorized_static_veclen_32_no_cpy iter 2: 6685.260 ms
Run time jacobi2d_vectorized_static_veclen_32_no_cpy iter 3: 6695.747 ms
Run time jacobi2d_vectorized_static_veclen_32_no_cpy iter 4: 5982.317 ms
Run time jacobi2d_vectorized_static_veclen_32_no_cpy iter 5: 5835.199 ms
Run time jacobi2d_vectorized_static_veclen_32_no_cpy iter 6: 6079.246 ms
Run time jacobi2d_vectorized_static_veclen_32_no_cpy iter 7: 6111.635 ms
Run time jacobi2d_vectorized_static_veclen_32_no_cpy iter 8: 6029.912 ms
Run time jacobi2d_vectorized_static_veclen_32_no_cpy iter 9: 6122.084 ms
Run time jacobi2d_vectorized_static_veclen_32_cpy iter 0: 6102.394 ms
Run time jacobi2d_vectorized_static_veclen_32_cpy iter 1: 6095.603 ms
Run time jacobi2d_vectorized_static_veclen_32_cpy iter 2: 6107.749 ms
Run time jacobi2d_vectorized_static_veclen_32_cpy iter 3: 6117.806 ms
Run time jacobi2d_vectorized_static_veclen_32_cpy iter 4: 6117.789 ms
Run time jacobi2d_vectorized_static_veclen_32_cpy iter 5: 6080.453 ms
Run time jacobi2d_vectorized_static_veclen_32_cpy iter 6: 6078.253 ms
Run time jacobi2d_vectorized_static_veclen_32_cpy iter 7: 6103.580 ms
Run time jacobi2d_vectorized_static_veclen_32_cpy iter 8: 6119.730 ms
Run time jacobi2d_vectorized_static_veclen_32_cpy iter 9: 6100.878 ms
Saved timing results to jacobi2d_timings_jacobi2d_timings_amd_epyc_llvm_1_core.csv.csv
