Physical cores: 128
Run time jacobi2d iter 0: 10.360 ms
Run time jacobi2d iter 1: 10.022 ms
Run time jacobi2d iter 2: 10.013 ms
Run time jacobi2d iter 3: 9.937 ms
Run time jacobi2d iter 4: 10.196 ms
Run time jacobi2d iter 5: 9.974 ms
Run time jacobi2d iter 6: 10.013 ms
Run time jacobi2d iter 7: 10.075 ms
Run time jacobi2d iter 8: 10.069 ms
Run time jacobi2d iter 9: 9.934 ms
Run time jacobi2d_vectorized_static_veclen_8_no_cpy iter 0: 9.627 ms
Run time jacobi2d_vectorized_static_veclen_8_no_cpy iter 1: 9.620 ms
Run time jacobi2d_vectorized_static_veclen_8_no_cpy iter 2: 9.613 ms
Run time jacobi2d_vectorized_static_veclen_8_no_cpy iter 3: 9.575 ms
Run time jacobi2d_vectorized_static_veclen_8_no_cpy iter 4: 9.658 ms
Run time jacobi2d_vectorized_static_veclen_8_no_cpy iter 5: 9.557 ms
Run time jacobi2d_vectorized_static_veclen_8_no_cpy iter 6: 9.503 ms
Run time jacobi2d_vectorized_static_veclen_8_no_cpy iter 7: 9.538 ms
Run time jacobi2d_vectorized_static_veclen_8_no_cpy iter 8: 9.564 ms
Run time jacobi2d_vectorized_static_veclen_8_no_cpy iter 9: 9.492 ms
Run time jacobi2d_vectorized_static_veclen_8_cpy iter 0: 11.618 ms
Run time jacobi2d_vectorized_static_veclen_8_cpy iter 1: 11.247 ms
Run time jacobi2d_vectorized_static_veclen_8_cpy iter 2: 11.344 ms
Run time jacobi2d_vectorized_static_veclen_8_cpy iter 3: 11.428 ms
Run time jacobi2d_vectorized_static_veclen_8_cpy iter 4: 11.328 ms
Run time jacobi2d_vectorized_static_veclen_8_cpy iter 5: 11.304 ms
Run time jacobi2d_vectorized_static_veclen_8_cpy iter 6: 11.378 ms
Run time jacobi2d_vectorized_static_veclen_8_cpy iter 7: 11.377 ms
Run time jacobi2d_vectorized_static_veclen_8_cpy iter 8: 11.282 ms
Run time jacobi2d_vectorized_static_veclen_8_cpy iter 9: 11.625 ms
Run time jacobi2d_vectorized_static_veclen_16_no_cpy iter 0: 9.050 ms
Run time jacobi2d_vectorized_static_veclen_16_no_cpy iter 1: 9.415 ms
Run time jacobi2d_vectorized_static_veclen_16_no_cpy iter 2: 9.092 ms
Run time jacobi2d_vectorized_static_veclen_16_no_cpy iter 3: 9.528 ms
Run time jacobi2d_vectorized_static_veclen_16_no_cpy iter 4: 9.030 ms
Run time jacobi2d_vectorized_static_veclen_16_no_cpy iter 5: 9.088 ms
Run time jacobi2d_vectorized_static_veclen_16_no_cpy iter 6: 9.132 ms
Run time jacobi2d_vectorized_static_veclen_16_no_cpy iter 7: 9.122 ms
Run time jacobi2d_vectorized_static_veclen_16_no_cpy iter 8: 9.355 ms
Run time jacobi2d_vectorized_static_veclen_16_no_cpy iter 9: 9.192 ms
Run time jacobi2d_vectorized_static_veclen_16_cpy iter 0: 10.539 ms
Run time jacobi2d_vectorized_static_veclen_16_cpy iter 1: 10.310 ms
Run time jacobi2d_vectorized_static_veclen_16_cpy iter 2: 10.225 ms
Run time jacobi2d_vectorized_static_veclen_16_cpy iter 3: 10.260 ms
Run time jacobi2d_vectorized_static_veclen_16_cpy iter 4: 10.222 ms
Run time jacobi2d_vectorized_static_veclen_16_cpy iter 5: 10.179 ms
Run time jacobi2d_vectorized_static_veclen_16_cpy iter 6: 10.194 ms
Run time jacobi2d_vectorized_static_veclen_16_cpy iter 7: 10.196 ms
Run time jacobi2d_vectorized_static_veclen_16_cpy iter 8: 10.323 ms
Run time jacobi2d_vectorized_static_veclen_16_cpy iter 9: 10.226 ms
Run time jacobi2d_vectorized_static_veclen_32_no_cpy iter 0: 9.663 ms
Run time jacobi2d_vectorized_static_veclen_32_no_cpy iter 1: 9.747 ms
Run time jacobi2d_vectorized_static_veclen_32_no_cpy iter 2: 9.732 ms
Run time jacobi2d_vectorized_static_veclen_32_no_cpy iter 3: 9.792 ms
Run time jacobi2d_vectorized_static_veclen_32_no_cpy iter 4: 9.750 ms
Run time jacobi2d_vectorized_static_veclen_32_no_cpy iter 5: 9.678 ms
Run time jacobi2d_vectorized_static_veclen_32_no_cpy iter 6: 9.697 ms
Run time jacobi2d_vectorized_static_veclen_32_no_cpy iter 7: 9.671 ms
Run time jacobi2d_vectorized_static_veclen_32_no_cpy iter 8: 9.632 ms
Run time jacobi2d_vectorized_static_veclen_32_no_cpy iter 9: 9.605 ms
Run time jacobi2d_vectorized_static_veclen_32_cpy iter 0: 11.235 ms
Run time jacobi2d_vectorized_static_veclen_32_cpy iter 1: 10.816 ms
Run time jacobi2d_vectorized_static_veclen_32_cpy iter 2: 10.937 ms
Run time jacobi2d_vectorized_static_veclen_32_cpy iter 3: 11.053 ms
Run time jacobi2d_vectorized_static_veclen_32_cpy iter 4: 10.994 ms
Run time jacobi2d_vectorized_static_veclen_32_cpy iter 5: 10.927 ms
Run time jacobi2d_vectorized_static_veclen_32_cpy iter 6: 10.927 ms
Run time jacobi2d_vectorized_static_veclen_32_cpy iter 7: 11.072 ms
Run time jacobi2d_vectorized_static_veclen_32_cpy iter 8: 10.894 ms
Run time jacobi2d_vectorized_static_veclen_32_cpy iter 9: 11.018 ms
Run time jacobi2d_vectorized_static_veclen_8_no_cpy_aligned iter 0: 9.652 ms
Run time jacobi2d_vectorized_static_veclen_8_no_cpy_aligned iter 1: 9.715 ms
Run time jacobi2d_vectorized_static_veclen_8_no_cpy_aligned iter 2: 9.885 ms
Run time jacobi2d_vectorized_static_veclen_8_no_cpy_aligned iter 3: 9.710 ms
Run time jacobi2d_vectorized_static_veclen_8_no_cpy_aligned iter 4: 9.580 ms
Run time jacobi2d_vectorized_static_veclen_8_no_cpy_aligned iter 5: 9.640 ms
Run time jacobi2d_vectorized_static_veclen_8_no_cpy_aligned iter 6: 9.726 ms
Run time jacobi2d_vectorized_static_veclen_8_no_cpy_aligned iter 7: 9.769 ms
Run time jacobi2d_vectorized_static_veclen_8_no_cpy_aligned iter 8: 9.609 ms
Run time jacobi2d_vectorized_static_veclen_8_no_cpy_aligned iter 9: 9.577 ms
Run time jacobi2d_vectorized_static_veclen_16_no_cpy_aligned iter 0: 9.550 ms
Run time jacobi2d_vectorized_static_veclen_16_no_cpy_aligned iter 1: 9.584 ms
Run time jacobi2d_vectorized_static_veclen_16_no_cpy_aligned iter 2: 9.587 ms
Run time jacobi2d_vectorized_static_veclen_16_no_cpy_aligned iter 3: 9.704 ms
Run time jacobi2d_vectorized_static_veclen_16_no_cpy_aligned iter 4: 10.372 ms
Run time jacobi2d_vectorized_static_veclen_16_no_cpy_aligned iter 5: 9.530 ms
Run time jacobi2d_vectorized_static_veclen_16_no_cpy_aligned iter 6: 9.618 ms
Run time jacobi2d_vectorized_static_veclen_16_no_cpy_aligned iter 7: 9.658 ms
Run time jacobi2d_vectorized_static_veclen_16_no_cpy_aligned iter 8: 9.888 ms
Run time jacobi2d_vectorized_static_veclen_16_no_cpy_aligned iter 9: 9.756 ms
Run time jacobi2d_vectorized_static_veclen_32_no_cpy_aligned iter 0: 10.937 ms
Run time jacobi2d_vectorized_static_veclen_32_no_cpy_aligned iter 1: 10.916 ms
Run time jacobi2d_vectorized_static_veclen_32_no_cpy_aligned iter 2: 10.934 ms
Run time jacobi2d_vectorized_static_veclen_32_no_cpy_aligned iter 3: 10.999 ms
Run time jacobi2d_vectorized_static_veclen_32_no_cpy_aligned iter 4: 10.830 ms
Run time jacobi2d_vectorized_static_veclen_32_no_cpy_aligned iter 5: 10.772 ms
Run time jacobi2d_vectorized_static_veclen_32_no_cpy_aligned iter 6: 10.828 ms
Run time jacobi2d_vectorized_static_veclen_32_no_cpy_aligned iter 7: 10.803 ms
Run time jacobi2d_vectorized_static_veclen_32_no_cpy_aligned iter 8: 11.002 ms
Run time jacobi2d_vectorized_static_veclen_32_no_cpy_aligned iter 9: 10.821 ms
Saved timing results to jacobi2d_timings_jacobi2d_timings_amd_epyc_llvm_1_core.csv.csv
Run time jacobi2d iter 0: 69.731 ms
Run time jacobi2d iter 1: 72.130 ms
Run time jacobi2d iter 2: 73.923 ms
Run time jacobi2d iter 3: 70.817 ms
Run time jacobi2d iter 4: 66.003 ms
Run time jacobi2d iter 5: 65.870 ms
Run time jacobi2d iter 6: 64.537 ms
Run time jacobi2d iter 7: 59.512 ms
Run time jacobi2d iter 8: 69.130 ms
Run time jacobi2d iter 9: 64.509 ms
Run time jacobi2d_vectorized_static_veclen_8_no_cpy iter 0: 82.736 ms
Run time jacobi2d_vectorized_static_veclen_8_no_cpy iter 1: 83.136 ms
Run time jacobi2d_vectorized_static_veclen_8_no_cpy iter 2: 77.310 ms
Run time jacobi2d_vectorized_static_veclen_8_no_cpy iter 3: 71.317 ms
Run time jacobi2d_vectorized_static_veclen_8_no_cpy iter 4: 70.593 ms
Run time jacobi2d_vectorized_static_veclen_8_no_cpy iter 5: 61.440 ms
Run time jacobi2d_vectorized_static_veclen_8_no_cpy iter 6: 52.717 ms
Run time jacobi2d_vectorized_static_veclen_8_no_cpy iter 7: 65.845 ms
Run time jacobi2d_vectorized_static_veclen_8_no_cpy iter 8: 53.068 ms
Run time jacobi2d_vectorized_static_veclen_8_no_cpy iter 9: 64.558 ms
Run time jacobi2d_vectorized_static_veclen_8_cpy iter 0: 82.565 ms
Run time jacobi2d_vectorized_static_veclen_8_cpy iter 1: 116.772 ms
Run time jacobi2d_vectorized_static_veclen_8_cpy iter 2: 105.761 ms
Run time jacobi2d_vectorized_static_veclen_8_cpy iter 3: 114.300 ms
Run time jacobi2d_vectorized_static_veclen_8_cpy iter 4: 100.550 ms
Run time jacobi2d_vectorized_static_veclen_8_cpy iter 5: 96.237 ms
Run time jacobi2d_vectorized_static_veclen_8_cpy iter 6: 98.241 ms
Run time jacobi2d_vectorized_static_veclen_8_cpy iter 7: 101.467 ms
Run time jacobi2d_vectorized_static_veclen_8_cpy iter 8: 98.811 ms
Run time jacobi2d_vectorized_static_veclen_8_cpy iter 9: 100.138 ms
Run time jacobi2d_vectorized_static_veclen_16_no_cpy iter 0: 68.343 ms
Run time jacobi2d_vectorized_static_veclen_16_no_cpy iter 1: 69.444 ms
Run time jacobi2d_vectorized_static_veclen_16_no_cpy iter 2: 69.190 ms
Run time jacobi2d_vectorized_static_veclen_16_no_cpy iter 3: 68.158 ms
Run time jacobi2d_vectorized_static_veclen_16_no_cpy iter 4: 67.906 ms
Run time jacobi2d_vectorized_static_veclen_16_no_cpy iter 5: 69.614 ms
Run time jacobi2d_vectorized_static_veclen_16_no_cpy iter 6: 70.156 ms
Run time jacobi2d_vectorized_static_veclen_16_no_cpy iter 7: 70.600 ms
Run time jacobi2d_vectorized_static_veclen_16_no_cpy iter 8: 73.987 ms
Run time jacobi2d_vectorized_static_veclen_16_no_cpy iter 9: 72.107 ms
Run time jacobi2d_vectorized_static_veclen_16_cpy iter 0: 73.161 ms
Run time jacobi2d_vectorized_static_veclen_16_cpy iter 1: 73.200 ms
Run time jacobi2d_vectorized_static_veclen_16_cpy iter 2: 72.416 ms
Run time jacobi2d_vectorized_static_veclen_16_cpy iter 3: 71.518 ms
Run time jacobi2d_vectorized_static_veclen_16_cpy iter 4: 76.457 ms
Run time jacobi2d_vectorized_static_veclen_16_cpy iter 5: 73.832 ms
Run time jacobi2d_vectorized_static_veclen_16_cpy iter 6: 79.570 ms
Run time jacobi2d_vectorized_static_veclen_16_cpy iter 7: 88.584 ms
Run time jacobi2d_vectorized_static_veclen_16_cpy iter 8: 79.089 ms
Run time jacobi2d_vectorized_static_veclen_16_cpy iter 9: 98.047 ms
Run time jacobi2d_vectorized_static_veclen_32_no_cpy iter 0: 104.990 ms
Run time jacobi2d_vectorized_static_veclen_32_no_cpy iter 1: 93.920 ms
Run time jacobi2d_vectorized_static_veclen_32_no_cpy iter 2: 73.498 ms
Run time jacobi2d_vectorized_static_veclen_32_no_cpy iter 3: 67.995 ms
Run time jacobi2d_vectorized_static_veclen_32_no_cpy iter 4: 69.176 ms
Run time jacobi2d_vectorized_static_veclen_32_no_cpy iter 5: 69.989 ms
Run time jacobi2d_vectorized_static_veclen_32_no_cpy iter 6: 68.451 ms
Run time jacobi2d_vectorized_static_veclen_32_no_cpy iter 7: 69.239 ms
Run time jacobi2d_vectorized_static_veclen_32_no_cpy iter 8: 70.294 ms
Run time jacobi2d_vectorized_static_veclen_32_no_cpy iter 9: 69.990 ms
Run time jacobi2d_vectorized_static_veclen_32_cpy iter 0: 79.898 ms
Run time jacobi2d_vectorized_static_veclen_32_cpy iter 1: 80.276 ms
Run time jacobi2d_vectorized_static_veclen_32_cpy iter 2: 80.302 ms
Run time jacobi2d_vectorized_static_veclen_32_cpy iter 3: 80.270 ms
Run time jacobi2d_vectorized_static_veclen_32_cpy iter 4: 80.017 ms
Run time jacobi2d_vectorized_static_veclen_32_cpy iter 5: 79.643 ms
Run time jacobi2d_vectorized_static_veclen_32_cpy iter 6: 79.617 ms
Run time jacobi2d_vectorized_static_veclen_32_cpy iter 7: 79.569 ms
Run time jacobi2d_vectorized_static_veclen_32_cpy iter 8: 77.796 ms
Run time jacobi2d_vectorized_static_veclen_32_cpy iter 9: 78.513 ms
Run time jacobi2d_vectorized_static_veclen_8_no_cpy_aligned iter 0: 86.450 ms
Run time jacobi2d_vectorized_static_veclen_8_no_cpy_aligned iter 1: 91.779 ms
Run time jacobi2d_vectorized_static_veclen_8_no_cpy_aligned iter 2: 80.890 ms
Run time jacobi2d_vectorized_static_veclen_8_no_cpy_aligned iter 3: 96.813 ms
Run time jacobi2d_vectorized_static_veclen_8_no_cpy_aligned iter 4: 87.589 ms
Run time jacobi2d_vectorized_static_veclen_8_no_cpy_aligned iter 5: 117.002 ms
Run time jacobi2d_vectorized_static_veclen_8_no_cpy_aligned iter 6: 133.504 ms
Run time jacobi2d_vectorized_static_veclen_8_no_cpy_aligned iter 7: 142.102 ms
Run time jacobi2d_vectorized_static_veclen_8_no_cpy_aligned iter 8: 108.240 ms
Run time jacobi2d_vectorized_static_veclen_8_no_cpy_aligned iter 9: 103.784 ms
Run time jacobi2d_vectorized_static_veclen_16_no_cpy_aligned iter 0: 123.712 ms
Run time jacobi2d_vectorized_static_veclen_16_no_cpy_aligned iter 1: 104.842 ms
Run time jacobi2d_vectorized_static_veclen_16_no_cpy_aligned iter 2: 95.505 ms
Run time jacobi2d_vectorized_static_veclen_16_no_cpy_aligned iter 3: 98.846 ms
Run time jacobi2d_vectorized_static_veclen_16_no_cpy_aligned iter 4: 108.530 ms
Run time jacobi2d_vectorized_static_veclen_16_no_cpy_aligned iter 5: 106.432 ms
Run time jacobi2d_vectorized_static_veclen_16_no_cpy_aligned iter 6: 101.819 ms
Run time jacobi2d_vectorized_static_veclen_16_no_cpy_aligned iter 7: 100.261 ms
Run time jacobi2d_vectorized_static_veclen_16_no_cpy_aligned iter 8: 103.574 ms
Run time jacobi2d_vectorized_static_veclen_16_no_cpy_aligned iter 9: 103.819 ms
Run time jacobi2d_vectorized_static_veclen_32_no_cpy_aligned iter 0: 105.973 ms
Run time jacobi2d_vectorized_static_veclen_32_no_cpy_aligned iter 1: 75.214 ms
Run time jacobi2d_vectorized_static_veclen_32_no_cpy_aligned iter 2: 97.463 ms
Run time jacobi2d_vectorized_static_veclen_32_no_cpy_aligned iter 3: 96.876 ms
Run time jacobi2d_vectorized_static_veclen_32_no_cpy_aligned iter 4: 101.501 ms
Run time jacobi2d_vectorized_static_veclen_32_no_cpy_aligned iter 5: 100.263 ms
Run time jacobi2d_vectorized_static_veclen_32_no_cpy_aligned iter 6: 122.062 ms
Run time jacobi2d_vectorized_static_veclen_32_no_cpy_aligned iter 7: 126.845 ms
Run time jacobi2d_vectorized_static_veclen_32_no_cpy_aligned iter 8: 133.702 ms
Run time jacobi2d_vectorized_static_veclen_32_no_cpy_aligned iter 9: 132.535 ms
Saved timing results to jacobi2d_timings_jacobi2d_timings_amd_epyc_llvm_1_core.csv.csv
Run time jacobi2d iter 0: 349.189 ms
Run time jacobi2d iter 1: 316.962 ms
Run time jacobi2d iter 2: 305.423 ms
Run time jacobi2d iter 3: 423.717 ms
Run time jacobi2d iter 4: 504.548 ms
Run time jacobi2d iter 5: 557.212 ms
Run time jacobi2d iter 6: 337.110 ms
Run time jacobi2d iter 7: 344.222 ms
Run time jacobi2d iter 8: 348.567 ms
Run time jacobi2d iter 9: 314.841 ms
Run time jacobi2d_vectorized_static_veclen_8_no_cpy iter 0: 389.727 ms
Run time jacobi2d_vectorized_static_veclen_8_no_cpy iter 1: 309.922 ms
Run time jacobi2d_vectorized_static_veclen_8_no_cpy iter 2: 308.995 ms
Run time jacobi2d_vectorized_static_veclen_8_no_cpy iter 3: 319.923 ms
Run time jacobi2d_vectorized_static_veclen_8_no_cpy iter 4: 341.409 ms
Run time jacobi2d_vectorized_static_veclen_8_no_cpy iter 5: 384.821 ms
Run time jacobi2d_vectorized_static_veclen_8_no_cpy iter 6: 417.543 ms
Run time jacobi2d_vectorized_static_veclen_8_no_cpy iter 7: 393.731 ms
Run time jacobi2d_vectorized_static_veclen_8_no_cpy iter 8: 311.664 ms
Run time jacobi2d_vectorized_static_veclen_8_no_cpy iter 9: 303.110 ms
Run time jacobi2d_vectorized_static_veclen_8_cpy iter 0: 353.716 ms
Run time jacobi2d_vectorized_static_veclen_8_cpy iter 1: 358.575 ms
Run time jacobi2d_vectorized_static_veclen_8_cpy iter 2: 331.333 ms
Run time jacobi2d_vectorized_static_veclen_8_cpy iter 3: 320.330 ms
Run time jacobi2d_vectorized_static_veclen_8_cpy iter 4: 450.740 ms
Run time jacobi2d_vectorized_static_veclen_8_cpy iter 5: 512.173 ms
Run time jacobi2d_vectorized_static_veclen_8_cpy iter 6: 523.024 ms
Run time jacobi2d_vectorized_static_veclen_8_cpy iter 7: 415.721 ms
Run time jacobi2d_vectorized_static_veclen_8_cpy iter 8: 512.015 ms
Run time jacobi2d_vectorized_static_veclen_8_cpy iter 9: 479.554 ms
Run time jacobi2d_vectorized_static_veclen_16_no_cpy iter 0: 340.813 ms
Run time jacobi2d_vectorized_static_veclen_16_no_cpy iter 1: 321.103 ms
Run time jacobi2d_vectorized_static_veclen_16_no_cpy iter 2: 317.676 ms
Run time jacobi2d_vectorized_static_veclen_16_no_cpy iter 3: 413.913 ms
Run time jacobi2d_vectorized_static_veclen_16_no_cpy iter 4: 397.216 ms
Run time jacobi2d_vectorized_static_veclen_16_no_cpy iter 5: 388.189 ms
Run time jacobi2d_vectorized_static_veclen_16_no_cpy iter 6: 308.011 ms
Run time jacobi2d_vectorized_static_veclen_16_no_cpy iter 7: 303.214 ms
Run time jacobi2d_vectorized_static_veclen_16_no_cpy iter 8: 320.146 ms
Run time jacobi2d_vectorized_static_veclen_16_no_cpy iter 9: 563.718 ms
Run time jacobi2d_vectorized_static_veclen_16_cpy iter 0: 366.494 ms
Run time jacobi2d_vectorized_static_veclen_16_cpy iter 1: 351.986 ms
Run time jacobi2d_vectorized_static_veclen_16_cpy iter 2: 341.029 ms
Run time jacobi2d_vectorized_static_veclen_16_cpy iter 3: 416.822 ms
Run time jacobi2d_vectorized_static_veclen_16_cpy iter 4: 407.167 ms
Run time jacobi2d_vectorized_static_veclen_16_cpy iter 5: 354.280 ms
Run time jacobi2d_vectorized_static_veclen_16_cpy iter 6: 358.136 ms
Run time jacobi2d_vectorized_static_veclen_16_cpy iter 7: 317.265 ms
Run time jacobi2d_vectorized_static_veclen_16_cpy iter 8: 336.048 ms
Run time jacobi2d_vectorized_static_veclen_16_cpy iter 9: 440.254 ms
Run time jacobi2d_vectorized_static_veclen_32_no_cpy iter 0: 447.462 ms
Run time jacobi2d_vectorized_static_veclen_32_no_cpy iter 1: 485.092 ms
Run time jacobi2d_vectorized_static_veclen_32_no_cpy iter 2: 598.413 ms
Run time jacobi2d_vectorized_static_veclen_32_no_cpy iter 3: 520.909 ms
Run time jacobi2d_vectorized_static_veclen_32_no_cpy iter 4: 343.371 ms
Run time jacobi2d_vectorized_static_veclen_32_no_cpy iter 5: 423.208 ms
Run time jacobi2d_vectorized_static_veclen_32_no_cpy iter 6: 427.246 ms
Run time jacobi2d_vectorized_static_veclen_32_no_cpy iter 7: 356.958 ms
Run time jacobi2d_vectorized_static_veclen_32_no_cpy iter 8: 337.420 ms
Run time jacobi2d_vectorized_static_veclen_32_no_cpy iter 9: 418.032 ms
Run time jacobi2d_vectorized_static_veclen_32_cpy iter 0: 643.770 ms
Run time jacobi2d_vectorized_static_veclen_32_cpy iter 1: 757.593 ms
Run time jacobi2d_vectorized_static_veclen_32_cpy iter 2: 587.101 ms
Run time jacobi2d_vectorized_static_veclen_32_cpy iter 3: 450.643 ms
Run time jacobi2d_vectorized_static_veclen_32_cpy iter 4: 433.368 ms
Run time jacobi2d_vectorized_static_veclen_32_cpy iter 5: 422.697 ms
Run time jacobi2d_vectorized_static_veclen_32_cpy iter 6: 378.777 ms
Run time jacobi2d_vectorized_static_veclen_32_cpy iter 7: 375.198 ms
Run time jacobi2d_vectorized_static_veclen_32_cpy iter 8: 461.384 ms
Run time jacobi2d_vectorized_static_veclen_32_cpy iter 9: 383.069 ms
Run time jacobi2d_vectorized_static_veclen_8_no_cpy_aligned iter 0: 528.794 ms
Run time jacobi2d_vectorized_static_veclen_8_no_cpy_aligned iter 1: 510.059 ms
Run time jacobi2d_vectorized_static_veclen_8_no_cpy_aligned iter 2: 531.294 ms
Run time jacobi2d_vectorized_static_veclen_8_no_cpy_aligned iter 3: 535.193 ms
Run time jacobi2d_vectorized_static_veclen_8_no_cpy_aligned iter 4: 542.785 ms
Run time jacobi2d_vectorized_static_veclen_8_no_cpy_aligned iter 5: 491.168 ms
Run time jacobi2d_vectorized_static_veclen_8_no_cpy_aligned iter 6: 490.551 ms
Run time jacobi2d_vectorized_static_veclen_8_no_cpy_aligned iter 7: 336.757 ms
Run time jacobi2d_vectorized_static_veclen_8_no_cpy_aligned iter 8: 360.456 ms
Run time jacobi2d_vectorized_static_veclen_8_no_cpy_aligned iter 9: 481.065 ms
Run time jacobi2d_vectorized_static_veclen_16_no_cpy_aligned iter 0: 492.834 ms
Run time jacobi2d_vectorized_static_veclen_16_no_cpy_aligned iter 1: 500.576 ms
Run time jacobi2d_vectorized_static_veclen_16_no_cpy_aligned iter 2: 439.765 ms
Run time jacobi2d_vectorized_static_veclen_16_no_cpy_aligned iter 3: 444.276 ms
Run time jacobi2d_vectorized_static_veclen_16_no_cpy_aligned iter 4: 372.938 ms
Run time jacobi2d_vectorized_static_veclen_16_no_cpy_aligned iter 5: 307.335 ms
Run time jacobi2d_vectorized_static_veclen_16_no_cpy_aligned iter 6: 305.370 ms
Run time jacobi2d_vectorized_static_veclen_16_no_cpy_aligned iter 7: 310.985 ms
Run time jacobi2d_vectorized_static_veclen_16_no_cpy_aligned iter 8: 333.166 ms
Run time jacobi2d_vectorized_static_veclen_16_no_cpy_aligned iter 9: 595.693 ms
Run time jacobi2d_vectorized_static_veclen_32_no_cpy_aligned iter 0: 504.861 ms
Run time jacobi2d_vectorized_static_veclen_32_no_cpy_aligned iter 1: 547.227 ms
Run time jacobi2d_vectorized_static_veclen_32_no_cpy_aligned iter 2: 549.750 ms
Run time jacobi2d_vectorized_static_veclen_32_no_cpy_aligned iter 3: 534.297 ms
Run time jacobi2d_vectorized_static_veclen_32_no_cpy_aligned iter 4: 351.954 ms
Run time jacobi2d_vectorized_static_veclen_32_no_cpy_aligned iter 5: 311.256 ms
Run time jacobi2d_vectorized_static_veclen_32_no_cpy_aligned iter 6: 553.062 ms
Run time jacobi2d_vectorized_static_veclen_32_no_cpy_aligned iter 7: 503.672 ms
Run time jacobi2d_vectorized_static_veclen_32_no_cpy_aligned iter 8: 424.162 ms
Run time jacobi2d_vectorized_static_veclen_32_no_cpy_aligned iter 9: 321.342 ms
Saved timing results to jacobi2d_timings_jacobi2d_timings_amd_epyc_llvm_1_core.csv.csv
Run time jacobi2d iter 0: 1464.571 ms
Run time jacobi2d iter 1: 1325.609 ms
Run time jacobi2d iter 2: 1989.984 ms
Run time jacobi2d iter 3: 1214.223 ms
Run time jacobi2d iter 4: 1219.756 ms
Run time jacobi2d iter 5: 2399.058 ms
Run time jacobi2d iter 6: 1711.429 ms
Run time jacobi2d iter 7: 1545.178 ms
Run time jacobi2d iter 8: 1630.817 ms
Run time jacobi2d iter 9: 1369.467 ms
Run time jacobi2d_vectorized_static_veclen_8_no_cpy iter 0: 1716.957 ms
Run time jacobi2d_vectorized_static_veclen_8_no_cpy iter 1: 1526.170 ms
Run time jacobi2d_vectorized_static_veclen_8_no_cpy iter 2: 1302.504 ms
Run time jacobi2d_vectorized_static_veclen_8_no_cpy iter 3: 1539.620 ms
Run time jacobi2d_vectorized_static_veclen_8_no_cpy iter 4: 1445.452 ms
Run time jacobi2d_vectorized_static_veclen_8_no_cpy iter 5: 1445.068 ms
Run time jacobi2d_vectorized_static_veclen_8_no_cpy iter 6: 1826.306 ms
Run time jacobi2d_vectorized_static_veclen_8_no_cpy iter 7: 1869.320 ms
Run time jacobi2d_vectorized_static_veclen_8_no_cpy iter 8: 1558.141 ms
Run time jacobi2d_vectorized_static_veclen_8_no_cpy iter 9: 1186.271 ms
Run time jacobi2d_vectorized_static_veclen_8_cpy iter 0: 1546.367 ms
Run time jacobi2d_vectorized_static_veclen_8_cpy iter 1: 1582.003 ms
Run time jacobi2d_vectorized_static_veclen_8_cpy iter 2: 1567.379 ms
Run time jacobi2d_vectorized_static_veclen_8_cpy iter 3: 1584.829 ms
Run time jacobi2d_vectorized_static_veclen_8_cpy iter 4: 1585.674 ms
Run time jacobi2d_vectorized_static_veclen_8_cpy iter 5: 1581.573 ms
Run time jacobi2d_vectorized_static_veclen_8_cpy iter 6: 1574.761 ms
Run time jacobi2d_vectorized_static_veclen_8_cpy iter 7: 1582.881 ms
Run time jacobi2d_vectorized_static_veclen_8_cpy iter 8: 1586.251 ms
Run time jacobi2d_vectorized_static_veclen_8_cpy iter 9: 1583.561 ms
Run time jacobi2d_vectorized_static_veclen_16_no_cpy iter 0: 1479.054 ms
Run time jacobi2d_vectorized_static_veclen_16_no_cpy iter 1: 1789.998 ms
Run time jacobi2d_vectorized_static_veclen_16_no_cpy iter 2: 1785.388 ms
Run time jacobi2d_vectorized_static_veclen_16_no_cpy iter 3: 1606.277 ms
Run time jacobi2d_vectorized_static_veclen_16_no_cpy iter 4: 1788.217 ms
Run time jacobi2d_vectorized_static_veclen_16_no_cpy iter 5: 1771.623 ms
Run time jacobi2d_vectorized_static_veclen_16_no_cpy iter 6: 1784.500 ms
Run time jacobi2d_vectorized_static_veclen_16_no_cpy iter 7: 1539.079 ms
Run time jacobi2d_vectorized_static_veclen_16_no_cpy iter 8: 1785.365 ms
Run time jacobi2d_vectorized_static_veclen_16_no_cpy iter 9: 1785.801 ms
Run time jacobi2d_vectorized_static_veclen_16_cpy iter 0: 1363.221 ms
Run time jacobi2d_vectorized_static_veclen_16_cpy iter 1: 1630.903 ms
Run time jacobi2d_vectorized_static_veclen_16_cpy iter 2: 1634.474 ms
Run time jacobi2d_vectorized_static_veclen_16_cpy iter 3: 1633.657 ms
Run time jacobi2d_vectorized_static_veclen_16_cpy iter 4: 1549.386 ms
Run time jacobi2d_vectorized_static_veclen_16_cpy iter 5: 1631.537 ms
Run time jacobi2d_vectorized_static_veclen_16_cpy iter 6: 1630.990 ms
Run time jacobi2d_vectorized_static_veclen_16_cpy iter 7: 1633.081 ms
Run time jacobi2d_vectorized_static_veclen_16_cpy iter 8: 1624.360 ms
Run time jacobi2d_vectorized_static_veclen_16_cpy iter 9: 1626.065 ms
Run time jacobi2d_vectorized_static_veclen_32_no_cpy iter 0: 1528.722 ms
Run time jacobi2d_vectorized_static_veclen_32_no_cpy iter 1: 1252.465 ms
Run time jacobi2d_vectorized_static_veclen_32_no_cpy iter 2: 1292.460 ms
Run time jacobi2d_vectorized_static_veclen_32_no_cpy iter 3: 1588.828 ms
Run time jacobi2d_vectorized_static_veclen_32_no_cpy iter 4: 1571.455 ms
Run time jacobi2d_vectorized_static_veclen_32_no_cpy iter 5: 1584.054 ms
Run time jacobi2d_vectorized_static_veclen_32_no_cpy iter 6: 1586.977 ms
Run time jacobi2d_vectorized_static_veclen_32_no_cpy iter 7: 1584.115 ms
Run time jacobi2d_vectorized_static_veclen_32_no_cpy iter 8: 1582.914 ms
Run time jacobi2d_vectorized_static_veclen_32_no_cpy iter 9: 1587.437 ms
Run time jacobi2d_vectorized_static_veclen_32_cpy iter 0: 1592.483 ms
Run time jacobi2d_vectorized_static_veclen_32_cpy iter 1: 1592.164 ms
Run time jacobi2d_vectorized_static_veclen_32_cpy iter 2: 1591.443 ms
Run time jacobi2d_vectorized_static_veclen_32_cpy iter 3: 1594.129 ms
Run time jacobi2d_vectorized_static_veclen_32_cpy iter 4: 1566.900 ms
Run time jacobi2d_vectorized_static_veclen_32_cpy iter 5: 1435.692 ms
Run time jacobi2d_vectorized_static_veclen_32_cpy iter 6: 1295.324 ms
Run time jacobi2d_vectorized_static_veclen_32_cpy iter 7: 1351.838 ms
Run time jacobi2d_vectorized_static_veclen_32_cpy iter 8: 1437.969 ms
Run time jacobi2d_vectorized_static_veclen_32_cpy iter 9: 1439.124 ms
Run time jacobi2d_vectorized_static_veclen_8_no_cpy_aligned iter 0: 1362.173 ms
Run time jacobi2d_vectorized_static_veclen_8_no_cpy_aligned iter 1: 1367.160 ms
Run time jacobi2d_vectorized_static_veclen_8_no_cpy_aligned iter 2: 1368.992 ms
Run time jacobi2d_vectorized_static_veclen_8_no_cpy_aligned iter 3: 1368.353 ms
Run time jacobi2d_vectorized_static_veclen_8_no_cpy_aligned iter 4: 1369.801 ms
Run time jacobi2d_vectorized_static_veclen_8_no_cpy_aligned iter 5: 1366.165 ms
Run time jacobi2d_vectorized_static_veclen_8_no_cpy_aligned iter 6: 1366.794 ms
Run time jacobi2d_vectorized_static_veclen_8_no_cpy_aligned iter 7: 1368.643 ms
Run time jacobi2d_vectorized_static_veclen_8_no_cpy_aligned iter 8: 1350.879 ms
Run time jacobi2d_vectorized_static_veclen_8_no_cpy_aligned iter 9: 1367.721 ms
Run time jacobi2d_vectorized_static_veclen_16_no_cpy_aligned iter 0: 1368.371 ms
Run time jacobi2d_vectorized_static_veclen_16_no_cpy_aligned iter 1: 1381.991 ms
Run time jacobi2d_vectorized_static_veclen_16_no_cpy_aligned iter 2: 1379.729 ms
Run time jacobi2d_vectorized_static_veclen_16_no_cpy_aligned iter 3: 1380.909 ms
Run time jacobi2d_vectorized_static_veclen_16_no_cpy_aligned iter 4: 1378.695 ms
Run time jacobi2d_vectorized_static_veclen_16_no_cpy_aligned iter 5: 1380.882 ms
Run time jacobi2d_vectorized_static_veclen_16_no_cpy_aligned iter 6: 1371.945 ms
Run time jacobi2d_vectorized_static_veclen_16_no_cpy_aligned iter 7: 1184.903 ms
Run time jacobi2d_vectorized_static_veclen_16_no_cpy_aligned iter 8: 1193.482 ms
Run time jacobi2d_vectorized_static_veclen_16_no_cpy_aligned iter 9: 1444.243 ms
Run time jacobi2d_vectorized_static_veclen_32_no_cpy_aligned iter 0: 1531.162 ms
Run time jacobi2d_vectorized_static_veclen_32_no_cpy_aligned iter 1: 1590.961 ms
Run time jacobi2d_vectorized_static_veclen_32_no_cpy_aligned iter 2: 1590.962 ms
Run time jacobi2d_vectorized_static_veclen_32_no_cpy_aligned iter 3: 1590.003 ms
Run time jacobi2d_vectorized_static_veclen_32_no_cpy_aligned iter 4: 1588.349 ms
Run time jacobi2d_vectorized_static_veclen_32_no_cpy_aligned iter 5: 1587.923 ms
Run time jacobi2d_vectorized_static_veclen_32_no_cpy_aligned iter 6: 1586.684 ms
Run time jacobi2d_vectorized_static_veclen_32_no_cpy_aligned iter 7: 1588.194 ms
Run time jacobi2d_vectorized_static_veclen_32_no_cpy_aligned iter 8: 1589.033 ms
Run time jacobi2d_vectorized_static_veclen_32_no_cpy_aligned iter 9: 1593.037 ms
Saved timing results to jacobi2d_timings_jacobi2d_timings_amd_epyc_llvm_1_core.csv.csv
