Physical cores: 128
Run time jacobi2d iter 0: 9.725 ms
Run time jacobi2d iter 1: 9.567 ms
Run time jacobi2d iter 2: 9.499 ms
Run time jacobi2d iter 3: 9.500 ms
Run time jacobi2d iter 4: 9.487 ms
Run time jacobi2d iter 5: 9.496 ms
Run time jacobi2d iter 6: 9.511 ms
Run time jacobi2d iter 7: 9.553 ms
Run time jacobi2d iter 8: 9.478 ms
Run time jacobi2d iter 9: 9.514 ms
Run time jacobi2d_vectorized_static_veclen_8_no_cpy iter 0: 9.720 ms
Run time jacobi2d_vectorized_static_veclen_8_no_cpy iter 1: 9.084 ms
Run time jacobi2d_vectorized_static_veclen_8_no_cpy iter 2: 9.207 ms
Run time jacobi2d_vectorized_static_veclen_8_no_cpy iter 3: 9.139 ms
Run time jacobi2d_vectorized_static_veclen_8_no_cpy iter 4: 9.175 ms
Run time jacobi2d_vectorized_static_veclen_8_no_cpy iter 5: 9.192 ms
Run time jacobi2d_vectorized_static_veclen_8_no_cpy iter 6: 9.150 ms
Run time jacobi2d_vectorized_static_veclen_8_no_cpy iter 7: 9.196 ms
Run time jacobi2d_vectorized_static_veclen_8_no_cpy iter 8: 9.194 ms
Run time jacobi2d_vectorized_static_veclen_8_no_cpy iter 9: 9.151 ms
Run time jacobi2d_vectorized_static_veclen_8_cpy iter 0: 11.042 ms
Run time jacobi2d_vectorized_static_veclen_8_cpy iter 1: 11.004 ms
Run time jacobi2d_vectorized_static_veclen_8_cpy iter 2: 11.033 ms
Run time jacobi2d_vectorized_static_veclen_8_cpy iter 3: 11.044 ms
Run time jacobi2d_vectorized_static_veclen_8_cpy iter 4: 11.006 ms
Run time jacobi2d_vectorized_static_veclen_8_cpy iter 5: 10.960 ms
Run time jacobi2d_vectorized_static_veclen_8_cpy iter 6: 10.891 ms
Run time jacobi2d_vectorized_static_veclen_8_cpy iter 7: 11.066 ms
Run time jacobi2d_vectorized_static_veclen_8_cpy iter 8: 10.978 ms
Run time jacobi2d_vectorized_static_veclen_8_cpy iter 9: 11.074 ms
Run time jacobi2d_vectorized_static_veclen_16_no_cpy iter 0: 8.856 ms
Run time jacobi2d_vectorized_static_veclen_16_no_cpy iter 1: 8.819 ms
Run time jacobi2d_vectorized_static_veclen_16_no_cpy iter 2: 8.827 ms
Run time jacobi2d_vectorized_static_veclen_16_no_cpy iter 3: 8.843 ms
Run time jacobi2d_vectorized_static_veclen_16_no_cpy iter 4: 8.837 ms
Run time jacobi2d_vectorized_static_veclen_16_no_cpy iter 5: 8.977 ms
Run time jacobi2d_vectorized_static_veclen_16_no_cpy iter 6: 8.720 ms
Run time jacobi2d_vectorized_static_veclen_16_no_cpy iter 7: 8.691 ms
Run time jacobi2d_vectorized_static_veclen_16_no_cpy iter 8: 8.591 ms
Run time jacobi2d_vectorized_static_veclen_16_no_cpy iter 9: 8.623 ms
Run time jacobi2d_vectorized_static_veclen_16_cpy iter 0: 10.274 ms
Run time jacobi2d_vectorized_static_veclen_16_cpy iter 1: 9.615 ms
Run time jacobi2d_vectorized_static_veclen_16_cpy iter 2: 9.580 ms
Run time jacobi2d_vectorized_static_veclen_16_cpy iter 3: 9.646 ms
Run time jacobi2d_vectorized_static_veclen_16_cpy iter 4: 9.643 ms
Run time jacobi2d_vectorized_static_veclen_16_cpy iter 5: 9.642 ms
Run time jacobi2d_vectorized_static_veclen_16_cpy iter 6: 9.660 ms
Run time jacobi2d_vectorized_static_veclen_16_cpy iter 7: 9.655 ms
Run time jacobi2d_vectorized_static_veclen_16_cpy iter 8: 9.630 ms
Run time jacobi2d_vectorized_static_veclen_16_cpy iter 9: 9.638 ms
Run time jacobi2d_vectorized_static_veclen_32_no_cpy iter 0: 9.440 ms
Run time jacobi2d_vectorized_static_veclen_32_no_cpy iter 1: 9.466 ms
Run time jacobi2d_vectorized_static_veclen_32_no_cpy iter 2: 9.500 ms
Run time jacobi2d_vectorized_static_veclen_32_no_cpy iter 3: 9.495 ms
Run time jacobi2d_vectorized_static_veclen_32_no_cpy iter 4: 9.466 ms
Run time jacobi2d_vectorized_static_veclen_32_no_cpy iter 5: 9.464 ms
Run time jacobi2d_vectorized_static_veclen_32_no_cpy iter 6: 9.455 ms
Run time jacobi2d_vectorized_static_veclen_32_no_cpy iter 7: 9.469 ms
Run time jacobi2d_vectorized_static_veclen_32_no_cpy iter 8: 9.488 ms
Run time jacobi2d_vectorized_static_veclen_32_no_cpy iter 9: 9.502 ms
Run time jacobi2d_vectorized_static_veclen_32_cpy iter 0: 10.595 ms
Run time jacobi2d_vectorized_static_veclen_32_cpy iter 1: 10.587 ms
Run time jacobi2d_vectorized_static_veclen_32_cpy iter 2: 10.665 ms
Run time jacobi2d_vectorized_static_veclen_32_cpy iter 3: 10.654 ms
Run time jacobi2d_vectorized_static_veclen_32_cpy iter 4: 10.622 ms
Run time jacobi2d_vectorized_static_veclen_32_cpy iter 5: 10.607 ms
Run time jacobi2d_vectorized_static_veclen_32_cpy iter 6: 10.523 ms
Run time jacobi2d_vectorized_static_veclen_32_cpy iter 7: 10.504 ms
Run time jacobi2d_vectorized_static_veclen_32_cpy iter 8: 10.677 ms
Run time jacobi2d_vectorized_static_veclen_32_cpy iter 9: 10.613 ms
Saved timing results to jacobi2d_timings_jacobi2d_timings_amd_epyc_llvm_1_core.csv.csv
Run time jacobi2d iter 0: 58.797 ms
Run time jacobi2d iter 1: 65.820 ms
Run time jacobi2d iter 2: 59.975 ms
Run time jacobi2d iter 3: 60.434 ms
Run time jacobi2d iter 4: 65.849 ms
Run time jacobi2d iter 5: 62.377 ms
Run time jacobi2d iter 6: 65.866 ms
Run time jacobi2d iter 7: 66.280 ms
Run time jacobi2d iter 8: 65.623 ms
Run time jacobi2d iter 9: 66.432 ms
Run time jacobi2d_vectorized_static_veclen_8_no_cpy iter 0: 90.794 ms
Run time jacobi2d_vectorized_static_veclen_8_no_cpy iter 1: 79.712 ms
Run time jacobi2d_vectorized_static_veclen_8_no_cpy iter 2: 92.841 ms
Run time jacobi2d_vectorized_static_veclen_8_no_cpy iter 3: 81.333 ms
Run time jacobi2d_vectorized_static_veclen_8_no_cpy iter 4: 89.053 ms
Run time jacobi2d_vectorized_static_veclen_8_no_cpy iter 5: 92.711 ms
Run time jacobi2d_vectorized_static_veclen_8_no_cpy iter 6: 88.677 ms
Run time jacobi2d_vectorized_static_veclen_8_no_cpy iter 7: 89.652 ms
Run time jacobi2d_vectorized_static_veclen_8_no_cpy iter 8: 92.524 ms
Run time jacobi2d_vectorized_static_veclen_8_no_cpy iter 9: 83.837 ms
Run time jacobi2d_vectorized_static_veclen_8_cpy iter 0: 66.969 ms
Run time jacobi2d_vectorized_static_veclen_8_cpy iter 1: 67.206 ms
Run time jacobi2d_vectorized_static_veclen_8_cpy iter 2: 67.382 ms
Run time jacobi2d_vectorized_static_veclen_8_cpy iter 3: 66.472 ms
Run time jacobi2d_vectorized_static_veclen_8_cpy iter 4: 66.251 ms
Run time jacobi2d_vectorized_static_veclen_8_cpy iter 5: 66.512 ms
Run time jacobi2d_vectorized_static_veclen_8_cpy iter 6: 65.154 ms
Run time jacobi2d_vectorized_static_veclen_8_cpy iter 7: 63.693 ms
Run time jacobi2d_vectorized_static_veclen_8_cpy iter 8: 61.434 ms
Run time jacobi2d_vectorized_static_veclen_8_cpy iter 9: 68.265 ms
Run time jacobi2d_vectorized_static_veclen_16_no_cpy iter 0: 61.785 ms
Run time jacobi2d_vectorized_static_veclen_16_no_cpy iter 1: 62.966 ms
Run time jacobi2d_vectorized_static_veclen_16_no_cpy iter 2: 63.070 ms
Run time jacobi2d_vectorized_static_veclen_16_no_cpy iter 3: 62.579 ms
Run time jacobi2d_vectorized_static_veclen_16_no_cpy iter 4: 62.575 ms
Run time jacobi2d_vectorized_static_veclen_16_no_cpy iter 5: 62.282 ms
Run time jacobi2d_vectorized_static_veclen_16_no_cpy iter 6: 62.948 ms
Run time jacobi2d_vectorized_static_veclen_16_no_cpy iter 7: 62.617 ms
Run time jacobi2d_vectorized_static_veclen_16_no_cpy iter 8: 62.564 ms
Run time jacobi2d_vectorized_static_veclen_16_no_cpy iter 9: 62.837 ms
Run time jacobi2d_vectorized_static_veclen_16_cpy iter 0: 62.839 ms
Run time jacobi2d_vectorized_static_veclen_16_cpy iter 1: 60.762 ms
Run time jacobi2d_vectorized_static_veclen_16_cpy iter 2: 58.683 ms
Run time jacobi2d_vectorized_static_veclen_16_cpy iter 3: 60.344 ms
Run time jacobi2d_vectorized_static_veclen_16_cpy iter 4: 59.542 ms
Run time jacobi2d_vectorized_static_veclen_16_cpy iter 5: 60.206 ms
Run time jacobi2d_vectorized_static_veclen_16_cpy iter 6: 59.802 ms
Run time jacobi2d_vectorized_static_veclen_16_cpy iter 7: 61.709 ms
Run time jacobi2d_vectorized_static_veclen_16_cpy iter 8: 63.348 ms
Run time jacobi2d_vectorized_static_veclen_16_cpy iter 9: 64.208 ms
Run time jacobi2d_vectorized_static_veclen_32_no_cpy iter 0: 61.449 ms
Run time jacobi2d_vectorized_static_veclen_32_no_cpy iter 1: 61.332 ms
Run time jacobi2d_vectorized_static_veclen_32_no_cpy iter 2: 61.567 ms
Run time jacobi2d_vectorized_static_veclen_32_no_cpy iter 3: 61.530 ms
Run time jacobi2d_vectorized_static_veclen_32_no_cpy iter 4: 61.401 ms
Run time jacobi2d_vectorized_static_veclen_32_no_cpy iter 5: 61.189 ms
Run time jacobi2d_vectorized_static_veclen_32_no_cpy iter 6: 61.321 ms
Run time jacobi2d_vectorized_static_veclen_32_no_cpy iter 7: 59.339 ms
Run time jacobi2d_vectorized_static_veclen_32_no_cpy iter 8: 61.030 ms
Run time jacobi2d_vectorized_static_veclen_32_no_cpy iter 9: 58.245 ms
Run time jacobi2d_vectorized_static_veclen_32_cpy iter 0: 96.999 ms
Run time jacobi2d_vectorized_static_veclen_32_cpy iter 1: 91.561 ms
Run time jacobi2d_vectorized_static_veclen_32_cpy iter 2: 95.578 ms
Run time jacobi2d_vectorized_static_veclen_32_cpy iter 3: 96.899 ms
Run time jacobi2d_vectorized_static_veclen_32_cpy iter 4: 97.146 ms
Run time jacobi2d_vectorized_static_veclen_32_cpy iter 5: 92.522 ms
Run time jacobi2d_vectorized_static_veclen_32_cpy iter 6: 92.784 ms
Run time jacobi2d_vectorized_static_veclen_32_cpy iter 7: 96.833 ms
Run time jacobi2d_vectorized_static_veclen_32_cpy iter 8: 87.800 ms
Run time jacobi2d_vectorized_static_veclen_32_cpy iter 9: 96.280 ms
Saved timing results to jacobi2d_timings_jacobi2d_timings_amd_epyc_llvm_1_core.csv.csv
Run time jacobi2d iter 0: 290.598 ms
Run time jacobi2d iter 1: 283.592 ms
Run time jacobi2d iter 2: 380.949 ms
Run time jacobi2d iter 3: 397.249 ms
Run time jacobi2d iter 4: 394.159 ms
Run time jacobi2d iter 5: 360.650 ms
Run time jacobi2d iter 6: 286.691 ms
Run time jacobi2d iter 7: 286.775 ms
Run time jacobi2d iter 8: 287.182 ms
Run time jacobi2d iter 9: 288.426 ms
Run time jacobi2d_vectorized_static_veclen_8_no_cpy iter 0: 326.312 ms
Run time jacobi2d_vectorized_static_veclen_8_no_cpy iter 1: 292.763 ms
Run time jacobi2d_vectorized_static_veclen_8_no_cpy iter 2: 292.299 ms
Run time jacobi2d_vectorized_static_veclen_8_no_cpy iter 3: 292.695 ms
Run time jacobi2d_vectorized_static_veclen_8_no_cpy iter 4: 293.643 ms
Run time jacobi2d_vectorized_static_veclen_8_no_cpy iter 5: 294.612 ms
Run time jacobi2d_vectorized_static_veclen_8_no_cpy iter 6: 294.174 ms
Run time jacobi2d_vectorized_static_veclen_8_no_cpy iter 7: 294.526 ms
Run time jacobi2d_vectorized_static_veclen_8_no_cpy iter 8: 296.424 ms
Run time jacobi2d_vectorized_static_veclen_8_no_cpy iter 9: 374.800 ms
Run time jacobi2d_vectorized_static_veclen_8_cpy iter 0: 387.331 ms
Run time jacobi2d_vectorized_static_veclen_8_cpy iter 1: 387.614 ms
Run time jacobi2d_vectorized_static_veclen_8_cpy iter 2: 387.251 ms
Run time jacobi2d_vectorized_static_veclen_8_cpy iter 3: 302.314 ms
Run time jacobi2d_vectorized_static_veclen_8_cpy iter 4: 302.294 ms
Run time jacobi2d_vectorized_static_veclen_8_cpy iter 5: 301.621 ms
Run time jacobi2d_vectorized_static_veclen_8_cpy iter 6: 302.433 ms
Run time jacobi2d_vectorized_static_veclen_8_cpy iter 7: 303.145 ms
Run time jacobi2d_vectorized_static_veclen_8_cpy iter 8: 304.159 ms
Run time jacobi2d_vectorized_static_veclen_8_cpy iter 9: 304.777 ms
Run time jacobi2d_vectorized_static_veclen_16_no_cpy iter 0: 436.806 ms
Run time jacobi2d_vectorized_static_veclen_16_no_cpy iter 1: 438.129 ms
Run time jacobi2d_vectorized_static_veclen_16_no_cpy iter 2: 438.607 ms
Run time jacobi2d_vectorized_static_veclen_16_no_cpy iter 3: 425.445 ms
Run time jacobi2d_vectorized_static_veclen_16_no_cpy iter 4: 295.675 ms
Run time jacobi2d_vectorized_static_veclen_16_no_cpy iter 5: 295.521 ms
Run time jacobi2d_vectorized_static_veclen_16_no_cpy iter 6: 295.159 ms
Run time jacobi2d_vectorized_static_veclen_16_no_cpy iter 7: 296.135 ms
Run time jacobi2d_vectorized_static_veclen_16_no_cpy iter 8: 296.763 ms
Run time jacobi2d_vectorized_static_veclen_16_no_cpy iter 9: 298.535 ms
Run time jacobi2d_vectorized_static_veclen_16_cpy iter 0: 398.999 ms
Run time jacobi2d_vectorized_static_veclen_16_cpy iter 1: 396.160 ms
Run time jacobi2d_vectorized_static_veclen_16_cpy iter 2: 396.212 ms
Run time jacobi2d_vectorized_static_veclen_16_cpy iter 3: 400.526 ms
Run time jacobi2d_vectorized_static_veclen_16_cpy iter 4: 402.295 ms
Run time jacobi2d_vectorized_static_veclen_16_cpy iter 5: 400.813 ms
Run time jacobi2d_vectorized_static_veclen_16_cpy iter 6: 400.901 ms
Run time jacobi2d_vectorized_static_veclen_16_cpy iter 7: 371.619 ms
Run time jacobi2d_vectorized_static_veclen_16_cpy iter 8: 296.399 ms
Run time jacobi2d_vectorized_static_veclen_16_cpy iter 9: 296.475 ms
Run time jacobi2d_vectorized_static_veclen_32_no_cpy iter 0: 409.467 ms
Run time jacobi2d_vectorized_static_veclen_32_no_cpy iter 1: 306.543 ms
Run time jacobi2d_vectorized_static_veclen_32_no_cpy iter 2: 304.234 ms
Run time jacobi2d_vectorized_static_veclen_32_no_cpy iter 3: 384.116 ms
Run time jacobi2d_vectorized_static_veclen_32_no_cpy iter 4: 406.736 ms
Run time jacobi2d_vectorized_static_veclen_32_no_cpy iter 5: 412.397 ms
Run time jacobi2d_vectorized_static_veclen_32_no_cpy iter 6: 413.345 ms
Run time jacobi2d_vectorized_static_veclen_32_no_cpy iter 7: 413.117 ms
Run time jacobi2d_vectorized_static_veclen_32_no_cpy iter 8: 413.325 ms
Run time jacobi2d_vectorized_static_veclen_32_no_cpy iter 9: 417.109 ms
Run time jacobi2d_vectorized_static_veclen_32_cpy iter 0: 378.433 ms
Run time jacobi2d_vectorized_static_veclen_32_cpy iter 1: 377.414 ms
Run time jacobi2d_vectorized_static_veclen_32_cpy iter 2: 378.070 ms
Run time jacobi2d_vectorized_static_veclen_32_cpy iter 3: 377.079 ms
Run time jacobi2d_vectorized_static_veclen_32_cpy iter 4: 377.956 ms
Run time jacobi2d_vectorized_static_veclen_32_cpy iter 5: 375.763 ms
Run time jacobi2d_vectorized_static_veclen_32_cpy iter 6: 377.075 ms
Run time jacobi2d_vectorized_static_veclen_32_cpy iter 7: 378.200 ms
Run time jacobi2d_vectorized_static_veclen_32_cpy iter 8: 377.305 ms
Run time jacobi2d_vectorized_static_veclen_32_cpy iter 9: 378.553 ms
Saved timing results to jacobi2d_timings_jacobi2d_timings_amd_epyc_llvm_1_core.csv.csv
Run time jacobi2d iter 0: 1153.988 ms
Run time jacobi2d iter 1: 1189.497 ms
Run time jacobi2d iter 2: 1487.045 ms
Run time jacobi2d iter 3: 1615.370 ms
Run time jacobi2d iter 4: 1641.904 ms
Run time jacobi2d iter 5: 1477.650 ms
Run time jacobi2d iter 6: 1155.239 ms
Run time jacobi2d iter 7: 1177.116 ms
Run time jacobi2d iter 8: 1318.587 ms
Run time jacobi2d iter 9: 1529.515 ms
Run time jacobi2d_vectorized_static_veclen_8_no_cpy iter 0: 1178.345 ms
Run time jacobi2d_vectorized_static_veclen_8_no_cpy iter 1: 1205.191 ms
Run time jacobi2d_vectorized_static_veclen_8_no_cpy iter 2: 1448.235 ms
Run time jacobi2d_vectorized_static_veclen_8_no_cpy iter 3: 1585.473 ms
Run time jacobi2d_vectorized_static_veclen_8_no_cpy iter 4: 1574.015 ms
Run time jacobi2d_vectorized_static_veclen_8_no_cpy iter 5: 1586.566 ms
Run time jacobi2d_vectorized_static_veclen_8_no_cpy iter 6: 1587.503 ms
Run time jacobi2d_vectorized_static_veclen_8_no_cpy iter 7: 1589.023 ms
Run time jacobi2d_vectorized_static_veclen_8_no_cpy iter 8: 1585.176 ms
Run time jacobi2d_vectorized_static_veclen_8_no_cpy iter 9: 1588.550 ms
Run time jacobi2d_vectorized_static_veclen_8_cpy iter 0: 1601.274 ms
Run time jacobi2d_vectorized_static_veclen_8_cpy iter 1: 1605.278 ms
Run time jacobi2d_vectorized_static_veclen_8_cpy iter 2: 1601.452 ms
Run time jacobi2d_vectorized_static_veclen_8_cpy iter 3: 1357.230 ms
Run time jacobi2d_vectorized_static_veclen_8_cpy iter 4: 1218.775 ms
Run time jacobi2d_vectorized_static_veclen_8_cpy iter 5: 1243.327 ms
Run time jacobi2d_vectorized_static_veclen_8_cpy iter 6: 1694.478 ms
Run time jacobi2d_vectorized_static_veclen_8_cpy iter 7: 1818.307 ms
Run time jacobi2d_vectorized_static_veclen_8_cpy iter 8: 1829.028 ms
Run time jacobi2d_vectorized_static_veclen_8_cpy iter 9: 1817.911 ms
Run time jacobi2d_vectorized_static_veclen_16_no_cpy iter 0: 1791.430 ms
Run time jacobi2d_vectorized_static_veclen_16_no_cpy iter 1: 1820.633 ms
Run time jacobi2d_vectorized_static_veclen_16_no_cpy iter 2: 1587.874 ms
Run time jacobi2d_vectorized_static_veclen_16_no_cpy iter 3: 1209.136 ms
Run time jacobi2d_vectorized_static_veclen_16_no_cpy iter 4: 1222.691 ms
Run time jacobi2d_vectorized_static_veclen_16_no_cpy iter 5: 1618.324 ms
Run time jacobi2d_vectorized_static_veclen_16_no_cpy iter 6: 1629.784 ms
Run time jacobi2d_vectorized_static_veclen_16_no_cpy iter 7: 1625.257 ms
Run time jacobi2d_vectorized_static_veclen_16_no_cpy iter 8: 1631.025 ms
Run time jacobi2d_vectorized_static_veclen_16_no_cpy iter 9: 1630.069 ms
Run time jacobi2d_vectorized_static_veclen_16_cpy iter 0: 1622.171 ms
Run time jacobi2d_vectorized_static_veclen_16_cpy iter 1: 1622.831 ms
Run time jacobi2d_vectorized_static_veclen_16_cpy iter 2: 1625.084 ms
Run time jacobi2d_vectorized_static_veclen_16_cpy iter 3: 1625.747 ms
Run time jacobi2d_vectorized_static_veclen_16_cpy iter 4: 1626.725 ms
Run time jacobi2d_vectorized_static_veclen_16_cpy iter 5: 1380.000 ms
Run time jacobi2d_vectorized_static_veclen_16_cpy iter 6: 1205.997 ms
Run time jacobi2d_vectorized_static_veclen_16_cpy iter 7: 1253.078 ms
Run time jacobi2d_vectorized_static_veclen_16_cpy iter 8: 1633.464 ms
Run time jacobi2d_vectorized_static_veclen_16_cpy iter 9: 1633.367 ms
Run time jacobi2d_vectorized_static_veclen_32_no_cpy iter 0: 1663.593 ms
Run time jacobi2d_vectorized_static_veclen_32_no_cpy iter 1: 1659.228 ms
Run time jacobi2d_vectorized_static_veclen_32_no_cpy iter 2: 1660.251 ms
Run time jacobi2d_vectorized_static_veclen_32_no_cpy iter 3: 1660.964 ms
Run time jacobi2d_vectorized_static_veclen_32_no_cpy iter 4: 1659.177 ms
Run time jacobi2d_vectorized_static_veclen_32_no_cpy iter 5: 1652.952 ms
Run time jacobi2d_vectorized_static_veclen_32_no_cpy iter 6: 1663.319 ms
Run time jacobi2d_vectorized_static_veclen_32_no_cpy iter 7: 1658.176 ms
Run time jacobi2d_vectorized_static_veclen_32_no_cpy iter 8: 1318.683 ms
Run time jacobi2d_vectorized_static_veclen_32_no_cpy iter 9: 1253.456 ms
Run time jacobi2d_vectorized_static_veclen_32_cpy iter 0: 1583.035 ms
Run time jacobi2d_vectorized_static_veclen_32_cpy iter 1: 1584.151 ms
Run time jacobi2d_vectorized_static_veclen_32_cpy iter 2: 1585.968 ms
Run time jacobi2d_vectorized_static_veclen_32_cpy iter 3: 1586.915 ms
Run time jacobi2d_vectorized_static_veclen_32_cpy iter 4: 1586.991 ms
Run time jacobi2d_vectorized_static_veclen_32_cpy iter 5: 1588.264 ms
Run time jacobi2d_vectorized_static_veclen_32_cpy iter 6: 1582.179 ms
Run time jacobi2d_vectorized_static_veclen_32_cpy iter 7: 1583.368 ms
Run time jacobi2d_vectorized_static_veclen_32_cpy iter 8: 1582.096 ms
Run time jacobi2d_vectorized_static_veclen_32_cpy iter 9: 1579.064 ms
Saved timing results to jacobi2d_timings_jacobi2d_timings_amd_epyc_llvm_1_core.csv.csv
Run time jacobi2d iter 0: 6353.038 ms
Run time jacobi2d iter 1: 6598.097 ms
Run time jacobi2d iter 2: 6687.164 ms
Run time jacobi2d iter 3: 5508.881 ms
Run time jacobi2d iter 4: 5807.873 ms
Run time jacobi2d iter 5: 5856.292 ms
Run time jacobi2d iter 6: 5853.953 ms
Run time jacobi2d iter 7: 5831.921 ms
Run time jacobi2d iter 8: 5660.214 ms
Run time jacobi2d iter 9: 5193.647 ms
Run time jacobi2d_vectorized_static_veclen_8_no_cpy iter 0: 6362.012 ms
Run time jacobi2d_vectorized_static_veclen_8_no_cpy iter 1: 6373.593 ms
Run time jacobi2d_vectorized_static_veclen_8_no_cpy iter 2: 6378.572 ms
Run time jacobi2d_vectorized_static_veclen_8_no_cpy iter 3: 6355.958 ms
Run time jacobi2d_vectorized_static_veclen_8_no_cpy iter 4: 6379.982 ms
Run time jacobi2d_vectorized_static_veclen_8_no_cpy iter 5: 6398.853 ms
Run time jacobi2d_vectorized_static_veclen_8_no_cpy iter 6: 6379.039 ms
Run time jacobi2d_vectorized_static_veclen_8_no_cpy iter 7: 6404.009 ms
Run time jacobi2d_vectorized_static_veclen_8_no_cpy iter 8: 6371.096 ms
Run time jacobi2d_vectorized_static_veclen_8_no_cpy iter 9: 6392.036 ms
Run time jacobi2d_vectorized_static_veclen_8_cpy iter 0: 5939.956 ms
Run time jacobi2d_vectorized_static_veclen_8_cpy iter 1: 6922.102 ms
Run time jacobi2d_vectorized_static_veclen_8_cpy iter 2: 7419.419 ms
Run time jacobi2d_vectorized_static_veclen_8_cpy iter 3: 7402.996 ms
Run time jacobi2d_vectorized_static_veclen_8_cpy iter 4: 7424.913 ms
Run time jacobi2d_vectorized_static_veclen_8_cpy iter 5: 7398.788 ms
Run time jacobi2d_vectorized_static_veclen_8_cpy iter 6: 7403.182 ms
Run time jacobi2d_vectorized_static_veclen_8_cpy iter 7: 7421.647 ms
Run time jacobi2d_vectorized_static_veclen_8_cpy iter 8: 7413.654 ms
Run time jacobi2d_vectorized_static_veclen_8_cpy iter 9: 7425.178 ms
Run time jacobi2d_vectorized_static_veclen_16_no_cpy iter 0: 5875.639 ms
Run time jacobi2d_vectorized_static_veclen_16_no_cpy iter 1: 6588.027 ms
Run time jacobi2d_vectorized_static_veclen_16_no_cpy iter 2: 6589.866 ms
Run time jacobi2d_vectorized_static_veclen_16_no_cpy iter 3: 6581.933 ms
Run time jacobi2d_vectorized_static_veclen_16_no_cpy iter 4: 6573.084 ms
Run time jacobi2d_vectorized_static_veclen_16_no_cpy iter 5: 6608.115 ms
Run time jacobi2d_vectorized_static_veclen_16_no_cpy iter 6: 6589.303 ms
Run time jacobi2d_vectorized_static_veclen_16_no_cpy iter 7: 6525.100 ms
Run time jacobi2d_vectorized_static_veclen_16_no_cpy iter 8: 6571.134 ms
Run time jacobi2d_vectorized_static_veclen_16_no_cpy iter 9: 6587.801 ms
Run time jacobi2d_vectorized_static_veclen_16_cpy iter 0: 6607.251 ms
Run time jacobi2d_vectorized_static_veclen_16_cpy iter 1: 6583.820 ms
Run time jacobi2d_vectorized_static_veclen_16_cpy iter 2: 5675.946 ms
Run time jacobi2d_vectorized_static_veclen_16_cpy iter 3: 6723.496 ms
Run time jacobi2d_vectorized_static_veclen_16_cpy iter 4: 6738.344 ms
Run time jacobi2d_vectorized_static_veclen_16_cpy iter 5: 6722.706 ms
Run time jacobi2d_vectorized_static_veclen_16_cpy iter 6: 6735.966 ms
Run time jacobi2d_vectorized_static_veclen_16_cpy iter 7: 6716.428 ms
Run time jacobi2d_vectorized_static_veclen_16_cpy iter 8: 6730.720 ms
Run time jacobi2d_vectorized_static_veclen_16_cpy iter 9: 6728.011 ms
Run time jacobi2d_vectorized_static_veclen_32_no_cpy iter 0: 6696.875 ms
Run time jacobi2d_vectorized_static_veclen_32_no_cpy iter 1: 6708.108 ms
Run time jacobi2d_vectorized_static_veclen_32_no_cpy iter 2: 6703.387 ms
Run time jacobi2d_vectorized_static_veclen_32_no_cpy iter 3: 6257.562 ms
Run time jacobi2d_vectorized_static_veclen_32_no_cpy iter 4: 5536.980 ms
Run time jacobi2d_vectorized_static_veclen_32_no_cpy iter 5: 6033.108 ms
Run time jacobi2d_vectorized_static_veclen_32_no_cpy iter 6: 6034.979 ms
Run time jacobi2d_vectorized_static_veclen_32_no_cpy iter 7: 6013.288 ms
Run time jacobi2d_vectorized_static_veclen_32_no_cpy iter 8: 6031.245 ms
Run time jacobi2d_vectorized_static_veclen_32_no_cpy iter 9: 6033.672 ms
Run time jacobi2d_vectorized_static_veclen_32_cpy iter 0: 6159.627 ms
Run time jacobi2d_vectorized_static_veclen_32_cpy iter 1: 6155.971 ms
Run time jacobi2d_vectorized_static_veclen_32_cpy iter 2: 6150.957 ms
Run time jacobi2d_vectorized_static_veclen_32_cpy iter 3: 6151.532 ms
Run time jacobi2d_vectorized_static_veclen_32_cpy iter 4: 6148.008 ms
Run time jacobi2d_vectorized_static_veclen_32_cpy iter 5: 6144.829 ms
Run time jacobi2d_vectorized_static_veclen_32_cpy iter 6: 6141.851 ms
Run time jacobi2d_vectorized_static_veclen_32_cpy iter 7: 6150.307 ms
Run time jacobi2d_vectorized_static_veclen_32_cpy iter 8: 6163.022 ms
Run time jacobi2d_vectorized_static_veclen_32_cpy iter 9: 6145.433 ms
Saved timing results to jacobi2d_timings_jacobi2d_timings_amd_epyc_llvm_1_core.csv.csv
