Physical cores: 128
Run time jacobi2d iter 0: 9.769 ms
Run time jacobi2d iter 1: 9.748 ms
Run time jacobi2d iter 2: 9.814 ms
Run time jacobi2d iter 3: 10.051 ms
Run time jacobi2d iter 4: 9.737 ms
Run time jacobi2d iter 5: 9.767 ms
Run time jacobi2d iter 6: 9.910 ms
Run time jacobi2d iter 7: 9.983 ms
Run time jacobi2d iter 8: 9.745 ms
Run time jacobi2d iter 9: 9.848 ms
Run time jacobi2d_vectorized_static_veclen_8_no_cpy iter 0: 9.652 ms
Run time jacobi2d_vectorized_static_veclen_8_no_cpy iter 1: 9.280 ms
Run time jacobi2d_vectorized_static_veclen_8_no_cpy iter 2: 9.208 ms
Run time jacobi2d_vectorized_static_veclen_8_no_cpy iter 3: 9.207 ms
Run time jacobi2d_vectorized_static_veclen_8_no_cpy iter 4: 9.346 ms
Run time jacobi2d_vectorized_static_veclen_8_no_cpy iter 5: 9.374 ms
Run time jacobi2d_vectorized_static_veclen_8_no_cpy iter 6: 9.231 ms
Run time jacobi2d_vectorized_static_veclen_8_no_cpy iter 7: 9.207 ms
Run time jacobi2d_vectorized_static_veclen_8_no_cpy iter 8: 9.280 ms
Run time jacobi2d_vectorized_static_veclen_8_no_cpy iter 9: 9.428 ms
Run time jacobi2d_vectorized_static_veclen_8_cpy iter 0: 11.038 ms
Run time jacobi2d_vectorized_static_veclen_8_cpy iter 1: 10.754 ms
Run time jacobi2d_vectorized_static_veclen_8_cpy iter 2: 10.665 ms
Run time jacobi2d_vectorized_static_veclen_8_cpy iter 3: 10.668 ms
Run time jacobi2d_vectorized_static_veclen_8_cpy iter 4: 10.679 ms
Run time jacobi2d_vectorized_static_veclen_8_cpy iter 5: 10.669 ms
Run time jacobi2d_vectorized_static_veclen_8_cpy iter 6: 10.660 ms
Run time jacobi2d_vectorized_static_veclen_8_cpy iter 7: 10.654 ms
Run time jacobi2d_vectorized_static_veclen_8_cpy iter 8: 10.683 ms
Run time jacobi2d_vectorized_static_veclen_8_cpy iter 9: 10.745 ms
Run time jacobi2d_vectorized_static_veclen_16_no_cpy iter 0: 8.765 ms
Run time jacobi2d_vectorized_static_veclen_16_no_cpy iter 1: 8.906 ms
Run time jacobi2d_vectorized_static_veclen_16_no_cpy iter 2: 8.831 ms
Run time jacobi2d_vectorized_static_veclen_16_no_cpy iter 3: 8.840 ms
Run time jacobi2d_vectorized_static_veclen_16_no_cpy iter 4: 8.762 ms
Run time jacobi2d_vectorized_static_veclen_16_no_cpy iter 5: 8.856 ms
Run time jacobi2d_vectorized_static_veclen_16_no_cpy iter 6: 8.796 ms
Run time jacobi2d_vectorized_static_veclen_16_no_cpy iter 7: 8.965 ms
Run time jacobi2d_vectorized_static_veclen_16_no_cpy iter 8: 8.807 ms
Run time jacobi2d_vectorized_static_veclen_16_no_cpy iter 9: 8.822 ms
Run time jacobi2d_vectorized_static_veclen_16_cpy iter 0: 9.895 ms
Run time jacobi2d_vectorized_static_veclen_16_cpy iter 1: 9.703 ms
Run time jacobi2d_vectorized_static_veclen_16_cpy iter 2: 10.090 ms
Run time jacobi2d_vectorized_static_veclen_16_cpy iter 3: 9.708 ms
Run time jacobi2d_vectorized_static_veclen_16_cpy iter 4: 9.701 ms
Run time jacobi2d_vectorized_static_veclen_16_cpy iter 5: 9.793 ms
Run time jacobi2d_vectorized_static_veclen_16_cpy iter 6: 9.722 ms
Run time jacobi2d_vectorized_static_veclen_16_cpy iter 7: 9.792 ms
Run time jacobi2d_vectorized_static_veclen_16_cpy iter 8: 9.855 ms
Run time jacobi2d_vectorized_static_veclen_16_cpy iter 9: 9.695 ms
Run time jacobi2d_vectorized_static_veclen_32_no_cpy iter 0: 9.638 ms
Run time jacobi2d_vectorized_static_veclen_32_no_cpy iter 1: 9.672 ms
Run time jacobi2d_vectorized_static_veclen_32_no_cpy iter 2: 9.707 ms
Run time jacobi2d_vectorized_static_veclen_32_no_cpy iter 3: 9.639 ms
Run time jacobi2d_vectorized_static_veclen_32_no_cpy iter 4: 9.810 ms
Run time jacobi2d_vectorized_static_veclen_32_no_cpy iter 5: 9.688 ms
Run time jacobi2d_vectorized_static_veclen_32_no_cpy iter 6: 9.586 ms
Run time jacobi2d_vectorized_static_veclen_32_no_cpy iter 7: 9.587 ms
Run time jacobi2d_vectorized_static_veclen_32_no_cpy iter 8: 9.570 ms
Run time jacobi2d_vectorized_static_veclen_32_no_cpy iter 9: 9.615 ms
Run time jacobi2d_vectorized_static_veclen_32_cpy iter 0: 11.155 ms
Run time jacobi2d_vectorized_static_veclen_32_cpy iter 1: 10.678 ms
Run time jacobi2d_vectorized_static_veclen_32_cpy iter 2: 10.558 ms
Run time jacobi2d_vectorized_static_veclen_32_cpy iter 3: 10.614 ms
Run time jacobi2d_vectorized_static_veclen_32_cpy iter 4: 10.851 ms
Run time jacobi2d_vectorized_static_veclen_32_cpy iter 5: 10.681 ms
Run time jacobi2d_vectorized_static_veclen_32_cpy iter 6: 10.780 ms
Run time jacobi2d_vectorized_static_veclen_32_cpy iter 7: 10.621 ms
Run time jacobi2d_vectorized_static_veclen_32_cpy iter 8: 11.034 ms
Run time jacobi2d_vectorized_static_veclen_32_cpy iter 9: 10.709 ms
Saved timing results to jacobi2d_timings_jacobi2d_timings_amd_epyc_llvm_1_core.csv.csv
Run time jacobi2d iter 0: 57.239 ms
Run time jacobi2d iter 1: 62.047 ms
Run time jacobi2d iter 2: 59.775 ms
Run time jacobi2d iter 3: 52.460 ms
Run time jacobi2d iter 4: 52.048 ms
Run time jacobi2d iter 5: 52.669 ms
Run time jacobi2d iter 6: 52.022 ms
Run time jacobi2d iter 7: 52.525 ms
Run time jacobi2d iter 8: 52.830 ms
Run time jacobi2d iter 9: 52.806 ms
Run time jacobi2d_vectorized_static_veclen_8_no_cpy iter 0: 58.150 ms
Run time jacobi2d_vectorized_static_veclen_8_no_cpy iter 1: 57.809 ms
Run time jacobi2d_vectorized_static_veclen_8_no_cpy iter 2: 58.557 ms
Run time jacobi2d_vectorized_static_veclen_8_no_cpy iter 3: 56.262 ms
Run time jacobi2d_vectorized_static_veclen_8_no_cpy iter 4: 60.395 ms
Run time jacobi2d_vectorized_static_veclen_8_no_cpy iter 5: 60.394 ms
Run time jacobi2d_vectorized_static_veclen_8_no_cpy iter 6: 57.162 ms
Run time jacobi2d_vectorized_static_veclen_8_no_cpy iter 7: 57.558 ms
Run time jacobi2d_vectorized_static_veclen_8_no_cpy iter 8: 55.403 ms
Run time jacobi2d_vectorized_static_veclen_8_no_cpy iter 9: 57.543 ms
Run time jacobi2d_vectorized_static_veclen_8_cpy iter 0: 74.905 ms
Run time jacobi2d_vectorized_static_veclen_8_cpy iter 1: 63.901 ms
Run time jacobi2d_vectorized_static_veclen_8_cpy iter 2: 63.733 ms
Run time jacobi2d_vectorized_static_veclen_8_cpy iter 3: 63.999 ms
Run time jacobi2d_vectorized_static_veclen_8_cpy iter 4: 63.715 ms
Run time jacobi2d_vectorized_static_veclen_8_cpy iter 5: 63.914 ms
Run time jacobi2d_vectorized_static_veclen_8_cpy iter 6: 67.457 ms
Run time jacobi2d_vectorized_static_veclen_8_cpy iter 7: 64.208 ms
Run time jacobi2d_vectorized_static_veclen_8_cpy iter 8: 63.885 ms
Run time jacobi2d_vectorized_static_veclen_8_cpy iter 9: 63.816 ms
Run time jacobi2d_vectorized_static_veclen_16_no_cpy iter 0: 56.289 ms
Run time jacobi2d_vectorized_static_veclen_16_no_cpy iter 1: 58.642 ms
Run time jacobi2d_vectorized_static_veclen_16_no_cpy iter 2: 52.101 ms
Run time jacobi2d_vectorized_static_veclen_16_no_cpy iter 3: 51.313 ms
Run time jacobi2d_vectorized_static_veclen_16_no_cpy iter 4: 50.829 ms
Run time jacobi2d_vectorized_static_veclen_16_no_cpy iter 5: 50.804 ms
Run time jacobi2d_vectorized_static_veclen_16_no_cpy iter 6: 50.619 ms
Run time jacobi2d_vectorized_static_veclen_16_no_cpy iter 7: 57.921 ms
Run time jacobi2d_vectorized_static_veclen_16_no_cpy iter 8: 54.749 ms
Run time jacobi2d_vectorized_static_veclen_16_no_cpy iter 9: 50.617 ms
Run time jacobi2d_vectorized_static_veclen_16_cpy iter 0: 61.862 ms
Run time jacobi2d_vectorized_static_veclen_16_cpy iter 1: 62.038 ms
Run time jacobi2d_vectorized_static_veclen_16_cpy iter 2: 62.557 ms
Run time jacobi2d_vectorized_static_veclen_16_cpy iter 3: 62.190 ms
Run time jacobi2d_vectorized_static_veclen_16_cpy iter 4: 61.833 ms
Run time jacobi2d_vectorized_static_veclen_16_cpy iter 5: 62.433 ms
Run time jacobi2d_vectorized_static_veclen_16_cpy iter 6: 62.167 ms
Run time jacobi2d_vectorized_static_veclen_16_cpy iter 7: 62.070 ms
Run time jacobi2d_vectorized_static_veclen_16_cpy iter 8: 62.319 ms
Run time jacobi2d_vectorized_static_veclen_16_cpy iter 9: 59.709 ms
Run time jacobi2d_vectorized_static_veclen_32_no_cpy iter 0: 63.126 ms
Run time jacobi2d_vectorized_static_veclen_32_no_cpy iter 1: 62.582 ms
Run time jacobi2d_vectorized_static_veclen_32_no_cpy iter 2: 62.474 ms
Run time jacobi2d_vectorized_static_veclen_32_no_cpy iter 3: 62.647 ms
Run time jacobi2d_vectorized_static_veclen_32_no_cpy iter 4: 62.671 ms
Run time jacobi2d_vectorized_static_veclen_32_no_cpy iter 5: 62.920 ms
Run time jacobi2d_vectorized_static_veclen_32_no_cpy iter 6: 62.546 ms
Run time jacobi2d_vectorized_static_veclen_32_no_cpy iter 7: 62.772 ms
Run time jacobi2d_vectorized_static_veclen_32_no_cpy iter 8: 62.030 ms
Run time jacobi2d_vectorized_static_veclen_32_no_cpy iter 9: 62.004 ms
Run time jacobi2d_vectorized_static_veclen_32_cpy iter 0: 84.171 ms
Run time jacobi2d_vectorized_static_veclen_32_cpy iter 1: 82.678 ms
Run time jacobi2d_vectorized_static_veclen_32_cpy iter 2: 84.268 ms
Run time jacobi2d_vectorized_static_veclen_32_cpy iter 3: 74.568 ms
Run time jacobi2d_vectorized_static_veclen_32_cpy iter 4: 84.258 ms
Run time jacobi2d_vectorized_static_veclen_32_cpy iter 5: 84.509 ms
Run time jacobi2d_vectorized_static_veclen_32_cpy iter 6: 80.102 ms
Run time jacobi2d_vectorized_static_veclen_32_cpy iter 7: 84.642 ms
Run time jacobi2d_vectorized_static_veclen_32_cpy iter 8: 75.465 ms
Run time jacobi2d_vectorized_static_veclen_32_cpy iter 9: 84.147 ms
Saved timing results to jacobi2d_timings_jacobi2d_timings_amd_epyc_llvm_1_core.csv.csv
Run time jacobi2d iter 0: 288.642 ms
Run time jacobi2d iter 1: 288.738 ms
Run time jacobi2d iter 2: 288.848 ms
Run time jacobi2d iter 3: 326.206 ms
Run time jacobi2d iter 4: 371.696 ms
Run time jacobi2d iter 5: 372.298 ms
Run time jacobi2d iter 6: 375.260 ms
Run time jacobi2d iter 7: 360.804 ms
Run time jacobi2d iter 8: 285.783 ms
Run time jacobi2d iter 9: 285.910 ms
Run time jacobi2d_vectorized_static_veclen_8_no_cpy iter 0: 339.620 ms
Run time jacobi2d_vectorized_static_veclen_8_no_cpy iter 1: 351.366 ms
Run time jacobi2d_vectorized_static_veclen_8_no_cpy iter 2: 351.667 ms
Run time jacobi2d_vectorized_static_veclen_8_no_cpy iter 3: 350.325 ms
Run time jacobi2d_vectorized_static_veclen_8_no_cpy iter 4: 314.424 ms
Run time jacobi2d_vectorized_static_veclen_8_no_cpy iter 5: 289.162 ms
Run time jacobi2d_vectorized_static_veclen_8_no_cpy iter 6: 289.645 ms
Run time jacobi2d_vectorized_static_veclen_8_no_cpy iter 7: 289.534 ms
Run time jacobi2d_vectorized_static_veclen_8_no_cpy iter 8: 289.851 ms
Run time jacobi2d_vectorized_static_veclen_8_no_cpy iter 9: 292.925 ms
Run time jacobi2d_vectorized_static_veclen_8_cpy iter 0: 395.882 ms
Run time jacobi2d_vectorized_static_veclen_8_cpy iter 1: 400.511 ms
Run time jacobi2d_vectorized_static_veclen_8_cpy iter 2: 396.800 ms
Run time jacobi2d_vectorized_static_veclen_8_cpy iter 3: 397.032 ms
Run time jacobi2d_vectorized_static_veclen_8_cpy iter 4: 388.206 ms
Run time jacobi2d_vectorized_static_veclen_8_cpy iter 5: 394.694 ms
Run time jacobi2d_vectorized_static_veclen_8_cpy iter 6: 395.512 ms
Run time jacobi2d_vectorized_static_veclen_8_cpy iter 7: 316.746 ms
Run time jacobi2d_vectorized_static_veclen_8_cpy iter 8: 307.407 ms
Run time jacobi2d_vectorized_static_veclen_8_cpy iter 9: 303.524 ms
Run time jacobi2d_vectorized_static_veclen_16_no_cpy iter 0: 448.082 ms
Run time jacobi2d_vectorized_static_veclen_16_no_cpy iter 1: 440.559 ms
Run time jacobi2d_vectorized_static_veclen_16_no_cpy iter 2: 452.105 ms
Run time jacobi2d_vectorized_static_veclen_16_no_cpy iter 3: 454.283 ms
Run time jacobi2d_vectorized_static_veclen_16_no_cpy iter 4: 452.861 ms
Run time jacobi2d_vectorized_static_veclen_16_no_cpy iter 5: 443.109 ms
Run time jacobi2d_vectorized_static_veclen_16_no_cpy iter 6: 450.379 ms
Run time jacobi2d_vectorized_static_veclen_16_no_cpy iter 7: 432.846 ms
Run time jacobi2d_vectorized_static_veclen_16_no_cpy iter 8: 450.782 ms
Run time jacobi2d_vectorized_static_veclen_16_no_cpy iter 9: 451.603 ms
Run time jacobi2d_vectorized_static_veclen_16_cpy iter 0: 412.195 ms
Run time jacobi2d_vectorized_static_veclen_16_cpy iter 1: 410.135 ms
Run time jacobi2d_vectorized_static_veclen_16_cpy iter 2: 409.466 ms
Run time jacobi2d_vectorized_static_veclen_16_cpy iter 3: 376.681 ms
Run time jacobi2d_vectorized_static_veclen_16_cpy iter 4: 400.126 ms
Run time jacobi2d_vectorized_static_veclen_16_cpy iter 5: 389.724 ms
Run time jacobi2d_vectorized_static_veclen_16_cpy iter 6: 411.271 ms
Run time jacobi2d_vectorized_static_veclen_16_cpy iter 7: 402.407 ms
Run time jacobi2d_vectorized_static_veclen_16_cpy iter 8: 396.767 ms
Run time jacobi2d_vectorized_static_veclen_16_cpy iter 9: 400.395 ms
Run time jacobi2d_vectorized_static_veclen_32_no_cpy iter 0: 314.877 ms
Run time jacobi2d_vectorized_static_veclen_32_no_cpy iter 1: 315.824 ms
Run time jacobi2d_vectorized_static_veclen_32_no_cpy iter 2: 314.119 ms
Run time jacobi2d_vectorized_static_veclen_32_no_cpy iter 3: 362.577 ms
Run time jacobi2d_vectorized_static_veclen_32_no_cpy iter 4: 398.559 ms
Run time jacobi2d_vectorized_static_veclen_32_no_cpy iter 5: 400.426 ms
Run time jacobi2d_vectorized_static_veclen_32_no_cpy iter 6: 381.690 ms
Run time jacobi2d_vectorized_static_veclen_32_no_cpy iter 7: 396.203 ms
Run time jacobi2d_vectorized_static_veclen_32_no_cpy iter 8: 398.585 ms
Run time jacobi2d_vectorized_static_veclen_32_no_cpy iter 9: 400.246 ms
Run time jacobi2d_vectorized_static_veclen_32_cpy iter 0: 380.579 ms
Run time jacobi2d_vectorized_static_veclen_32_cpy iter 1: 319.475 ms
Run time jacobi2d_vectorized_static_veclen_32_cpy iter 2: 319.196 ms
Run time jacobi2d_vectorized_static_veclen_32_cpy iter 3: 318.826 ms
Run time jacobi2d_vectorized_static_veclen_32_cpy iter 4: 320.745 ms
Run time jacobi2d_vectorized_static_veclen_32_cpy iter 5: 320.578 ms
Run time jacobi2d_vectorized_static_veclen_32_cpy iter 6: 322.234 ms
Run time jacobi2d_vectorized_static_veclen_32_cpy iter 7: 322.659 ms
Run time jacobi2d_vectorized_static_veclen_32_cpy iter 8: 321.982 ms
Run time jacobi2d_vectorized_static_veclen_32_cpy iter 9: 322.074 ms
Saved timing results to jacobi2d_timings_jacobi2d_timings_amd_epyc_llvm_1_core.csv.csv
Run time jacobi2d iter 0: 1356.159 ms
Run time jacobi2d iter 1: 1353.948 ms
Run time jacobi2d iter 2: 1325.858 ms
Run time jacobi2d iter 3: 1333.497 ms
Run time jacobi2d iter 4: 1140.958 ms
Run time jacobi2d iter 5: 1147.946 ms
Run time jacobi2d iter 6: 1184.881 ms
Run time jacobi2d iter 7: 1537.150 ms
Run time jacobi2d iter 8: 1419.359 ms
Run time jacobi2d iter 9: 1530.795 ms
Run time jacobi2d_vectorized_static_veclen_8_no_cpy iter 0: 1162.626 ms
Run time jacobi2d_vectorized_static_veclen_8_no_cpy iter 1: 1390.293 ms
Run time jacobi2d_vectorized_static_veclen_8_no_cpy iter 2: 1389.664 ms
Run time jacobi2d_vectorized_static_veclen_8_no_cpy iter 3: 1390.278 ms
Run time jacobi2d_vectorized_static_veclen_8_no_cpy iter 4: 1389.988 ms
Run time jacobi2d_vectorized_static_veclen_8_no_cpy iter 5: 1372.063 ms
Run time jacobi2d_vectorized_static_veclen_8_no_cpy iter 6: 1332.880 ms
Run time jacobi2d_vectorized_static_veclen_8_no_cpy iter 7: 1164.603 ms
Run time jacobi2d_vectorized_static_veclen_8_no_cpy iter 8: 1155.228 ms
Run time jacobi2d_vectorized_static_veclen_8_no_cpy iter 9: 1171.708 ms
Run time jacobi2d_vectorized_static_veclen_8_cpy iter 0: 1576.512 ms
Run time jacobi2d_vectorized_static_veclen_8_cpy iter 1: 1581.314 ms
Run time jacobi2d_vectorized_static_veclen_8_cpy iter 2: 1533.491 ms
Run time jacobi2d_vectorized_static_veclen_8_cpy iter 3: 1495.936 ms
Run time jacobi2d_vectorized_static_veclen_8_cpy iter 4: 1571.230 ms
Run time jacobi2d_vectorized_static_veclen_8_cpy iter 5: 1573.347 ms
Run time jacobi2d_vectorized_static_veclen_8_cpy iter 6: 1576.686 ms
Run time jacobi2d_vectorized_static_veclen_8_cpy iter 7: 1574.761 ms
Run time jacobi2d_vectorized_static_veclen_8_cpy iter 8: 1532.235 ms
Run time jacobi2d_vectorized_static_veclen_8_cpy iter 9: 1575.471 ms
Run time jacobi2d_vectorized_static_veclen_16_no_cpy iter 0: 1250.980 ms
Run time jacobi2d_vectorized_static_veclen_16_no_cpy iter 1: 1771.481 ms
Run time jacobi2d_vectorized_static_veclen_16_no_cpy iter 2: 1756.445 ms
Run time jacobi2d_vectorized_static_veclen_16_no_cpy iter 3: 1741.128 ms
Run time jacobi2d_vectorized_static_veclen_16_no_cpy iter 4: 1767.571 ms
Run time jacobi2d_vectorized_static_veclen_16_no_cpy iter 5: 1767.681 ms
Run time jacobi2d_vectorized_static_veclen_16_no_cpy iter 6: 1764.867 ms
Run time jacobi2d_vectorized_static_veclen_16_no_cpy iter 7: 1705.569 ms
Run time jacobi2d_vectorized_static_veclen_16_no_cpy iter 8: 1755.623 ms
Run time jacobi2d_vectorized_static_veclen_16_no_cpy iter 9: 1752.256 ms
Run time jacobi2d_vectorized_static_veclen_16_cpy iter 0: 1199.023 ms
Run time jacobi2d_vectorized_static_veclen_16_cpy iter 1: 1558.291 ms
Run time jacobi2d_vectorized_static_veclen_16_cpy iter 2: 1613.622 ms
Run time jacobi2d_vectorized_static_veclen_16_cpy iter 3: 1605.659 ms
Run time jacobi2d_vectorized_static_veclen_16_cpy iter 4: 1595.377 ms
Run time jacobi2d_vectorized_static_veclen_16_cpy iter 5: 1620.112 ms
Run time jacobi2d_vectorized_static_veclen_16_cpy iter 6: 1586.166 ms
Run time jacobi2d_vectorized_static_veclen_16_cpy iter 7: 1605.854 ms
Run time jacobi2d_vectorized_static_veclen_16_cpy iter 8: 1575.428 ms
Run time jacobi2d_vectorized_static_veclen_16_cpy iter 9: 1616.181 ms
Run time jacobi2d_vectorized_static_veclen_32_no_cpy iter 0: 1562.677 ms
Run time jacobi2d_vectorized_static_veclen_32_no_cpy iter 1: 1253.335 ms
Run time jacobi2d_vectorized_static_veclen_32_no_cpy iter 2: 1243.250 ms
Run time jacobi2d_vectorized_static_veclen_32_no_cpy iter 3: 1460.108 ms
Run time jacobi2d_vectorized_static_veclen_32_no_cpy iter 4: 1532.956 ms
Run time jacobi2d_vectorized_static_veclen_32_no_cpy iter 5: 1532.813 ms
Run time jacobi2d_vectorized_static_veclen_32_no_cpy iter 6: 1527.769 ms
Run time jacobi2d_vectorized_static_veclen_32_no_cpy iter 7: 1529.149 ms
Run time jacobi2d_vectorized_static_veclen_32_no_cpy iter 8: 1531.889 ms
Run time jacobi2d_vectorized_static_veclen_32_no_cpy iter 9: 1527.935 ms
Run time jacobi2d_vectorized_static_veclen_32_cpy iter 0: 1562.558 ms
Run time jacobi2d_vectorized_static_veclen_32_cpy iter 1: 1580.042 ms
Run time jacobi2d_vectorized_static_veclen_32_cpy iter 2: 1591.010 ms
Run time jacobi2d_vectorized_static_veclen_32_cpy iter 3: 1577.109 ms
Run time jacobi2d_vectorized_static_veclen_32_cpy iter 4: 1573.113 ms
Run time jacobi2d_vectorized_static_veclen_32_cpy iter 5: 1609.001 ms
Run time jacobi2d_vectorized_static_veclen_32_cpy iter 6: 1575.722 ms
Run time jacobi2d_vectorized_static_veclen_32_cpy iter 7: 1293.464 ms
Run time jacobi2d_vectorized_static_veclen_32_cpy iter 8: 1298.643 ms
Run time jacobi2d_vectorized_static_veclen_32_cpy iter 9: 1341.213 ms
Saved timing results to jacobi2d_timings_jacobi2d_timings_amd_epyc_llvm_1_core.csv.csv
Run time jacobi2d iter 0: 5672.360 ms
Run time jacobi2d iter 1: 5605.916 ms
Run time jacobi2d iter 2: 5550.581 ms
Run time jacobi2d iter 3: 5501.702 ms
Run time jacobi2d iter 4: 5388.329 ms
Run time jacobi2d iter 5: 4676.112 ms
Run time jacobi2d iter 6: 6135.275 ms
Run time jacobi2d iter 7: 6015.334 ms
Run time jacobi2d iter 8: 6096.184 ms
Run time jacobi2d iter 9: 6020.609 ms
Run time jacobi2d_vectorized_static_veclen_8_no_cpy iter 0: 5507.133 ms
Run time jacobi2d_vectorized_static_veclen_8_no_cpy iter 1: 5513.157 ms
Run time jacobi2d_vectorized_static_veclen_8_no_cpy iter 2: 5528.761 ms
Run time jacobi2d_vectorized_static_veclen_8_no_cpy iter 3: 5504.545 ms
Run time jacobi2d_vectorized_static_veclen_8_no_cpy iter 4: 5530.602 ms
Run time jacobi2d_vectorized_static_veclen_8_no_cpy iter 5: 5323.934 ms
Run time jacobi2d_vectorized_static_veclen_8_no_cpy iter 6: 5388.932 ms
Run time jacobi2d_vectorized_static_veclen_8_no_cpy iter 7: 6311.759 ms
Run time jacobi2d_vectorized_static_veclen_8_no_cpy iter 8: 6351.881 ms
Run time jacobi2d_vectorized_static_veclen_8_no_cpy iter 9: 6359.089 ms
Run time jacobi2d_vectorized_static_veclen_8_cpy iter 0: 6445.796 ms
Run time jacobi2d_vectorized_static_veclen_8_cpy iter 1: 6396.866 ms
Run time jacobi2d_vectorized_static_veclen_8_cpy iter 2: 6456.436 ms
Run time jacobi2d_vectorized_static_veclen_8_cpy iter 3: 6436.469 ms
Run time jacobi2d_vectorized_static_veclen_8_cpy iter 4: 6438.701 ms
Run time jacobi2d_vectorized_static_veclen_8_cpy iter 5: 6421.426 ms
Run time jacobi2d_vectorized_static_veclen_8_cpy iter 6: 6424.421 ms
Run time jacobi2d_vectorized_static_veclen_8_cpy iter 7: 6429.192 ms
Run time jacobi2d_vectorized_static_veclen_8_cpy iter 8: 5813.537 ms
Run time jacobi2d_vectorized_static_veclen_8_cpy iter 9: 6519.388 ms
Run time jacobi2d_vectorized_static_veclen_16_no_cpy iter 0: 7094.800 ms
Run time jacobi2d_vectorized_static_veclen_16_no_cpy iter 1: 7171.061 ms
Run time jacobi2d_vectorized_static_veclen_16_no_cpy iter 2: 7169.525 ms
Run time jacobi2d_vectorized_static_veclen_16_no_cpy iter 3: 7166.643 ms
Run time jacobi2d_vectorized_static_veclen_16_no_cpy iter 4: 7111.809 ms
Run time jacobi2d_vectorized_static_veclen_16_no_cpy iter 5: 7176.666 ms
Run time jacobi2d_vectorized_static_veclen_16_no_cpy iter 6: 7164.429 ms
Run time jacobi2d_vectorized_static_veclen_16_no_cpy iter 7: 7151.149 ms
Run time jacobi2d_vectorized_static_veclen_16_no_cpy iter 8: 5690.119 ms
Run time jacobi2d_vectorized_static_veclen_16_no_cpy iter 9: 5265.359 ms
Run time jacobi2d_vectorized_static_veclen_16_cpy iter 0: 6535.011 ms
Run time jacobi2d_vectorized_static_veclen_16_cpy iter 1: 6508.829 ms
Run time jacobi2d_vectorized_static_veclen_16_cpy iter 2: 6534.441 ms
Run time jacobi2d_vectorized_static_veclen_16_cpy iter 3: 6534.841 ms
Run time jacobi2d_vectorized_static_veclen_16_cpy iter 4: 6379.020 ms
Run time jacobi2d_vectorized_static_veclen_16_cpy iter 5: 6539.328 ms
Run time jacobi2d_vectorized_static_veclen_16_cpy iter 6: 6526.594 ms
Run time jacobi2d_vectorized_static_veclen_16_cpy iter 7: 6504.705 ms
Run time jacobi2d_vectorized_static_veclen_16_cpy iter 8: 6487.690 ms
Run time jacobi2d_vectorized_static_veclen_16_cpy iter 9: 6531.351 ms
Run time jacobi2d_vectorized_static_veclen_32_no_cpy iter 0: 5486.500 ms
Run time jacobi2d_vectorized_static_veclen_32_no_cpy iter 1: 6372.903 ms
Run time jacobi2d_vectorized_static_veclen_32_no_cpy iter 2: 6388.229 ms
Run time jacobi2d_vectorized_static_veclen_32_no_cpy iter 3: 6364.290 ms
Run time jacobi2d_vectorized_static_veclen_32_no_cpy iter 4: 6381.777 ms
Run time jacobi2d_vectorized_static_veclen_32_no_cpy iter 5: 6157.103 ms
Run time jacobi2d_vectorized_static_veclen_32_no_cpy iter 6: 6133.866 ms
Run time jacobi2d_vectorized_static_veclen_32_no_cpy iter 7: 6133.600 ms
Run time jacobi2d_vectorized_static_veclen_32_no_cpy iter 8: 6123.212 ms
Run time jacobi2d_vectorized_static_veclen_32_no_cpy iter 9: 6112.995 ms
Run time jacobi2d_vectorized_static_veclen_32_cpy iter 0: 6264.080 ms
Run time jacobi2d_vectorized_static_veclen_32_cpy iter 1: 6258.347 ms
Run time jacobi2d_vectorized_static_veclen_32_cpy iter 2: 6256.211 ms
Run time jacobi2d_vectorized_static_veclen_32_cpy iter 3: 6259.600 ms
Run time jacobi2d_vectorized_static_veclen_32_cpy iter 4: 6256.328 ms
Run time jacobi2d_vectorized_static_veclen_32_cpy iter 5: 6259.077 ms
Run time jacobi2d_vectorized_static_veclen_32_cpy iter 6: 5440.842 ms
Run time jacobi2d_vectorized_static_veclen_32_cpy iter 7: 5732.039 ms
Run time jacobi2d_vectorized_static_veclen_32_cpy iter 8: 5658.920 ms
Run time jacobi2d_vectorized_static_veclen_32_cpy iter 9: 5726.054 ms
Saved timing results to jacobi2d_timings_jacobi2d_timings_amd_epyc_llvm_1_core.csv.csv
