Physical cores: 288
Run time jacobi2d iter 0: 11.094 ms
Run time jacobi2d iter 1: 11.166 ms
Run time jacobi2d iter 2: 10.349 ms
Run time jacobi2d iter 3: 10.573 ms
Run time jacobi2d iter 4: 10.594 ms
Run time jacobi2d iter 5: 10.459 ms
Run time jacobi2d iter 6: 10.295 ms
Run time jacobi2d iter 7: 10.115 ms
Run time jacobi2d iter 8: 10.200 ms
Run time jacobi2d iter 9: 11.176 ms
Run time jacobi2d_vectorized_static_veclen_8_no_cpy iter 0: 13.201 ms
Run time jacobi2d_vectorized_static_veclen_8_no_cpy iter 1: 13.347 ms
Run time jacobi2d_vectorized_static_veclen_8_no_cpy iter 2: 12.782 ms
Run time jacobi2d_vectorized_static_veclen_8_no_cpy iter 3: 12.666 ms
Run time jacobi2d_vectorized_static_veclen_8_no_cpy iter 4: 12.529 ms
Run time jacobi2d_vectorized_static_veclen_8_no_cpy iter 5: 12.616 ms
Run time jacobi2d_vectorized_static_veclen_8_no_cpy iter 6: 12.361 ms
Run time jacobi2d_vectorized_static_veclen_8_no_cpy iter 7: 12.274 ms
Run time jacobi2d_vectorized_static_veclen_8_no_cpy iter 8: 12.174 ms
Run time jacobi2d_vectorized_static_veclen_8_no_cpy iter 9: 12.050 ms
Run time jacobi2d_vectorized_static_veclen_8_cpy iter 0: 12.895 ms
Run time jacobi2d_vectorized_static_veclen_8_cpy iter 1: 12.792 ms
Run time jacobi2d_vectorized_static_veclen_8_cpy iter 2: 12.907 ms
Run time jacobi2d_vectorized_static_veclen_8_cpy iter 3: 12.556 ms
Run time jacobi2d_vectorized_static_veclen_8_cpy iter 4: 12.485 ms
Run time jacobi2d_vectorized_static_veclen_8_cpy iter 5: 12.490 ms
Run time jacobi2d_vectorized_static_veclen_8_cpy iter 6: 12.262 ms
Run time jacobi2d_vectorized_static_veclen_8_cpy iter 7: 12.317 ms
Run time jacobi2d_vectorized_static_veclen_8_cpy iter 8: 12.195 ms
Run time jacobi2d_vectorized_static_veclen_8_cpy iter 9: 12.274 ms
Run time jacobi2d_vectorized_static_veclen_16_no_cpy iter 0: 10.775 ms
Run time jacobi2d_vectorized_static_veclen_16_no_cpy iter 1: 10.764 ms
Run time jacobi2d_vectorized_static_veclen_16_no_cpy iter 2: 10.470 ms
Run time jacobi2d_vectorized_static_veclen_16_no_cpy iter 3: 10.392 ms
Run time jacobi2d_vectorized_static_veclen_16_no_cpy iter 4: 10.597 ms
Run time jacobi2d_vectorized_static_veclen_16_no_cpy iter 5: 10.277 ms
Run time jacobi2d_vectorized_static_veclen_16_no_cpy iter 6: 10.206 ms
Run time jacobi2d_vectorized_static_veclen_16_no_cpy iter 7: 10.112 ms
Run time jacobi2d_vectorized_static_veclen_16_no_cpy iter 8: 10.211 ms
Run time jacobi2d_vectorized_static_veclen_16_no_cpy iter 9: 10.413 ms
Run time jacobi2d_vectorized_static_veclen_16_cpy iter 0: 12.696 ms
Run time jacobi2d_vectorized_static_veclen_16_cpy iter 1: 12.458 ms
Run time jacobi2d_vectorized_static_veclen_16_cpy iter 2: 12.658 ms
Run time jacobi2d_vectorized_static_veclen_16_cpy iter 3: 12.164 ms
Run time jacobi2d_vectorized_static_veclen_16_cpy iter 4: 12.120 ms
Run time jacobi2d_vectorized_static_veclen_16_cpy iter 5: 12.044 ms
Run time jacobi2d_vectorized_static_veclen_16_cpy iter 6: 12.210 ms
Run time jacobi2d_vectorized_static_veclen_16_cpy iter 7: 11.884 ms
Run time jacobi2d_vectorized_static_veclen_16_cpy iter 8: 11.960 ms
Run time jacobi2d_vectorized_static_veclen_16_cpy iter 9: 11.756 ms
Run time jacobi2d_vectorized_static_veclen_32_no_cpy iter 0: 10.350 ms
Run time jacobi2d_vectorized_static_veclen_32_no_cpy iter 1: 10.342 ms
Run time jacobi2d_vectorized_static_veclen_32_no_cpy iter 2: 10.349 ms
Run time jacobi2d_vectorized_static_veclen_32_no_cpy iter 3: 10.014 ms
Run time jacobi2d_vectorized_static_veclen_32_no_cpy iter 4: 9.999 ms
Run time jacobi2d_vectorized_static_veclen_32_no_cpy iter 5: 10.138 ms
Run time jacobi2d_vectorized_static_veclen_32_no_cpy iter 6: 9.760 ms
Run time jacobi2d_vectorized_static_veclen_32_no_cpy iter 7: 10.147 ms
Run time jacobi2d_vectorized_static_veclen_32_no_cpy iter 8: 9.791 ms
Run time jacobi2d_vectorized_static_veclen_32_no_cpy iter 9: 9.802 ms
Run time jacobi2d_vectorized_static_veclen_32_cpy iter 0: 16.101 ms
Run time jacobi2d_vectorized_static_veclen_32_cpy iter 1: 16.034 ms
Run time jacobi2d_vectorized_static_veclen_32_cpy iter 2: 15.852 ms
Run time jacobi2d_vectorized_static_veclen_32_cpy iter 3: 15.717 ms
Run time jacobi2d_vectorized_static_veclen_32_cpy iter 4: 15.546 ms
Run time jacobi2d_vectorized_static_veclen_32_cpy iter 5: 15.457 ms
Run time jacobi2d_vectorized_static_veclen_32_cpy iter 6: 15.388 ms
Run time jacobi2d_vectorized_static_veclen_32_cpy iter 7: 15.474 ms
Run time jacobi2d_vectorized_static_veclen_32_cpy iter 8: 15.341 ms
Run time jacobi2d_vectorized_static_veclen_32_cpy iter 9: 15.393 ms
Run time jacobi2d_vectorized_static_veclen_8_no_cpy_aligned iter 0: 13.317 ms
Run time jacobi2d_vectorized_static_veclen_8_no_cpy_aligned iter 1: 13.194 ms
Run time jacobi2d_vectorized_static_veclen_8_no_cpy_aligned iter 2: 12.992 ms
Run time jacobi2d_vectorized_static_veclen_8_no_cpy_aligned iter 3: 12.847 ms
Run time jacobi2d_vectorized_static_veclen_8_no_cpy_aligned iter 4: 12.840 ms
Run time jacobi2d_vectorized_static_veclen_8_no_cpy_aligned iter 5: 12.750 ms
Run time jacobi2d_vectorized_static_veclen_8_no_cpy_aligned iter 6: 12.639 ms
Run time jacobi2d_vectorized_static_veclen_8_no_cpy_aligned iter 7: 12.611 ms
Run time jacobi2d_vectorized_static_veclen_8_no_cpy_aligned iter 8: 13.662 ms
Run time jacobi2d_vectorized_static_veclen_8_no_cpy_aligned iter 9: 12.645 ms
Run time jacobi2d_vectorized_static_veclen_16_no_cpy_aligned iter 0: 9.857 ms
Run time jacobi2d_vectorized_static_veclen_16_no_cpy_aligned iter 1: 9.802 ms
Run time jacobi2d_vectorized_static_veclen_16_no_cpy_aligned iter 2: 9.731 ms
Run time jacobi2d_vectorized_static_veclen_16_no_cpy_aligned iter 3: 9.641 ms
Run time jacobi2d_vectorized_static_veclen_16_no_cpy_aligned iter 4: 9.711 ms
Run time jacobi2d_vectorized_static_veclen_16_no_cpy_aligned iter 5: 9.605 ms
Run time jacobi2d_vectorized_static_veclen_16_no_cpy_aligned iter 6: 9.882 ms
Run time jacobi2d_vectorized_static_veclen_16_no_cpy_aligned iter 7: 9.609 ms
Run time jacobi2d_vectorized_static_veclen_16_no_cpy_aligned iter 8: 9.530 ms
Run time jacobi2d_vectorized_static_veclen_16_no_cpy_aligned iter 9: 9.529 ms
Run time jacobi2d_vectorized_static_veclen_32_no_cpy_aligned iter 0: 9.334 ms
Run time jacobi2d_vectorized_static_veclen_32_no_cpy_aligned iter 1: 9.236 ms
Run time jacobi2d_vectorized_static_veclen_32_no_cpy_aligned iter 2: 9.549 ms
Run time jacobi2d_vectorized_static_veclen_32_no_cpy_aligned iter 3: 9.220 ms
Run time jacobi2d_vectorized_static_veclen_32_no_cpy_aligned iter 4: 9.214 ms
Run time jacobi2d_vectorized_static_veclen_32_no_cpy_aligned iter 5: 9.262 ms
Run time jacobi2d_vectorized_static_veclen_32_no_cpy_aligned iter 6: 9.231 ms
Run time jacobi2d_vectorized_static_veclen_32_no_cpy_aligned iter 7: 9.561 ms
Run time jacobi2d_vectorized_static_veclen_32_no_cpy_aligned iter 8: 9.227 ms
Run time jacobi2d_vectorized_static_veclen_32_no_cpy_aligned iter 9: 9.247 ms
Saved timing results to jacobi2d_timings_jacobi2d_timings_amd_epyc_gcc_1_core.csv.csv
Run time jacobi2d iter 0: 55.363 ms
Run time jacobi2d iter 1: 54.693 ms
Run time jacobi2d iter 2: 53.047 ms
Run time jacobi2d iter 3: 52.239 ms
Run time jacobi2d iter 4: 51.755 ms
Run time jacobi2d iter 5: 51.093 ms
Run time jacobi2d iter 6: 50.055 ms
Run time jacobi2d iter 7: 49.804 ms
Run time jacobi2d iter 8: 49.805 ms
Run time jacobi2d iter 9: 49.727 ms
Run time jacobi2d_vectorized_static_veclen_8_no_cpy iter 0: 59.880 ms
Run time jacobi2d_vectorized_static_veclen_8_no_cpy iter 1: 58.644 ms
Run time jacobi2d_vectorized_static_veclen_8_no_cpy iter 2: 57.318 ms
Run time jacobi2d_vectorized_static_veclen_8_no_cpy iter 3: 57.072 ms
Run time jacobi2d_vectorized_static_veclen_8_no_cpy iter 4: 56.771 ms
Run time jacobi2d_vectorized_static_veclen_8_no_cpy iter 5: 56.740 ms
Run time jacobi2d_vectorized_static_veclen_8_no_cpy iter 6: 56.502 ms
Run time jacobi2d_vectorized_static_veclen_8_no_cpy iter 7: 56.241 ms
Run time jacobi2d_vectorized_static_veclen_8_no_cpy iter 8: 55.915 ms
Run time jacobi2d_vectorized_static_veclen_8_no_cpy iter 9: 55.877 ms
Run time jacobi2d_vectorized_static_veclen_8_cpy iter 0: 58.772 ms
Run time jacobi2d_vectorized_static_veclen_8_cpy iter 1: 58.133 ms
Run time jacobi2d_vectorized_static_veclen_8_cpy iter 2: 57.899 ms
Run time jacobi2d_vectorized_static_veclen_8_cpy iter 3: 57.533 ms
Run time jacobi2d_vectorized_static_veclen_8_cpy iter 4: 57.554 ms
Run time jacobi2d_vectorized_static_veclen_8_cpy iter 5: 57.393 ms
Run time jacobi2d_vectorized_static_veclen_8_cpy iter 6: 57.349 ms
Run time jacobi2d_vectorized_static_veclen_8_cpy iter 7: 57.061 ms
Run time jacobi2d_vectorized_static_veclen_8_cpy iter 8: 57.037 ms
Run time jacobi2d_vectorized_static_veclen_8_cpy iter 9: 56.959 ms
Run time jacobi2d_vectorized_static_veclen_16_no_cpy iter 0: 50.951 ms
Run time jacobi2d_vectorized_static_veclen_16_no_cpy iter 1: 51.559 ms
Run time jacobi2d_vectorized_static_veclen_16_no_cpy iter 2: 48.973 ms
Run time jacobi2d_vectorized_static_veclen_16_no_cpy iter 3: 48.605 ms
Run time jacobi2d_vectorized_static_veclen_16_no_cpy iter 4: 48.189 ms
Run time jacobi2d_vectorized_static_veclen_16_no_cpy iter 5: 47.933 ms
Run time jacobi2d_vectorized_static_veclen_16_no_cpy iter 6: 47.900 ms
Run time jacobi2d_vectorized_static_veclen_16_no_cpy iter 7: 47.610 ms
Run time jacobi2d_vectorized_static_veclen_16_no_cpy iter 8: 47.399 ms
Run time jacobi2d_vectorized_static_veclen_16_no_cpy iter 9: 47.445 ms
Run time jacobi2d_vectorized_static_veclen_16_cpy iter 0: 56.017 ms
Run time jacobi2d_vectorized_static_veclen_16_cpy iter 1: 56.111 ms
Run time jacobi2d_vectorized_static_veclen_16_cpy iter 2: 54.758 ms
Run time jacobi2d_vectorized_static_veclen_16_cpy iter 3: 54.284 ms
Run time jacobi2d_vectorized_static_veclen_16_cpy iter 4: 53.239 ms
Run time jacobi2d_vectorized_static_veclen_16_cpy iter 5: 53.554 ms
Run time jacobi2d_vectorized_static_veclen_16_cpy iter 6: 53.467 ms
Run time jacobi2d_vectorized_static_veclen_16_cpy iter 7: 53.435 ms
Run time jacobi2d_vectorized_static_veclen_16_cpy iter 8: 52.004 ms
Run time jacobi2d_vectorized_static_veclen_16_cpy iter 9: 52.809 ms
Run time jacobi2d_vectorized_static_veclen_32_no_cpy iter 0: 48.141 ms
Run time jacobi2d_vectorized_static_veclen_32_no_cpy iter 1: 47.102 ms
Run time jacobi2d_vectorized_static_veclen_32_no_cpy iter 2: 47.083 ms
Run time jacobi2d_vectorized_static_veclen_32_no_cpy iter 3: 46.647 ms
Run time jacobi2d_vectorized_static_veclen_32_no_cpy iter 4: 46.384 ms
Run time jacobi2d_vectorized_static_veclen_32_no_cpy iter 5: 46.163 ms
Run time jacobi2d_vectorized_static_veclen_32_no_cpy iter 6: 43.421 ms
Run time jacobi2d_vectorized_static_veclen_32_no_cpy iter 7: 45.091 ms
Run time jacobi2d_vectorized_static_veclen_32_no_cpy iter 8: 46.863 ms
Run time jacobi2d_vectorized_static_veclen_32_no_cpy iter 9: 46.594 ms
Run time jacobi2d_vectorized_static_veclen_32_cpy iter 0: 67.529 ms
Run time jacobi2d_vectorized_static_veclen_32_cpy iter 1: 66.564 ms
Run time jacobi2d_vectorized_static_veclen_32_cpy iter 2: 65.448 ms
Run time jacobi2d_vectorized_static_veclen_32_cpy iter 3: 65.068 ms
Run time jacobi2d_vectorized_static_veclen_32_cpy iter 4: 64.428 ms
Run time jacobi2d_vectorized_static_veclen_32_cpy iter 5: 64.181 ms
Run time jacobi2d_vectorized_static_veclen_32_cpy iter 6: 64.081 ms
Run time jacobi2d_vectorized_static_veclen_32_cpy iter 7: 63.962 ms
Run time jacobi2d_vectorized_static_veclen_32_cpy iter 8: 63.746 ms
Run time jacobi2d_vectorized_static_veclen_32_cpy iter 9: 63.475 ms
Run time jacobi2d_vectorized_static_veclen_8_no_cpy_aligned iter 0: 58.270 ms
Run time jacobi2d_vectorized_static_veclen_8_no_cpy_aligned iter 1: 57.705 ms
Run time jacobi2d_vectorized_static_veclen_8_no_cpy_aligned iter 2: 57.157 ms
Run time jacobi2d_vectorized_static_veclen_8_no_cpy_aligned iter 3: 56.786 ms
Run time jacobi2d_vectorized_static_veclen_8_no_cpy_aligned iter 4: 56.810 ms
Run time jacobi2d_vectorized_static_veclen_8_no_cpy_aligned iter 5: 56.575 ms
Run time jacobi2d_vectorized_static_veclen_8_no_cpy_aligned iter 6: 56.363 ms
Run time jacobi2d_vectorized_static_veclen_8_no_cpy_aligned iter 7: 56.324 ms
Run time jacobi2d_vectorized_static_veclen_8_no_cpy_aligned iter 8: 56.577 ms
Run time jacobi2d_vectorized_static_veclen_8_no_cpy_aligned iter 9: 56.174 ms
Run time jacobi2d_vectorized_static_veclen_16_no_cpy_aligned iter 0: 38.967 ms
Run time jacobi2d_vectorized_static_veclen_16_no_cpy_aligned iter 1: 39.299 ms
Run time jacobi2d_vectorized_static_veclen_16_no_cpy_aligned iter 2: 39.168 ms
Run time jacobi2d_vectorized_static_veclen_16_no_cpy_aligned iter 3: 38.868 ms
Run time jacobi2d_vectorized_static_veclen_16_no_cpy_aligned iter 4: 38.770 ms
Run time jacobi2d_vectorized_static_veclen_16_no_cpy_aligned iter 5: 38.821 ms
Run time jacobi2d_vectorized_static_veclen_16_no_cpy_aligned iter 6: 39.439 ms
Run time jacobi2d_vectorized_static_veclen_16_no_cpy_aligned iter 7: 38.891 ms
Run time jacobi2d_vectorized_static_veclen_16_no_cpy_aligned iter 8: 38.856 ms
Run time jacobi2d_vectorized_static_veclen_16_no_cpy_aligned iter 9: 38.761 ms
Run time jacobi2d_vectorized_static_veclen_32_no_cpy_aligned iter 0: 39.462 ms
Run time jacobi2d_vectorized_static_veclen_32_no_cpy_aligned iter 1: 39.142 ms
Run time jacobi2d_vectorized_static_veclen_32_no_cpy_aligned iter 2: 39.106 ms
Run time jacobi2d_vectorized_static_veclen_32_no_cpy_aligned iter 3: 39.084 ms
Run time jacobi2d_vectorized_static_veclen_32_no_cpy_aligned iter 4: 39.132 ms
Run time jacobi2d_vectorized_static_veclen_32_no_cpy_aligned iter 5: 39.420 ms
Run time jacobi2d_vectorized_static_veclen_32_no_cpy_aligned iter 6: 39.169 ms
Run time jacobi2d_vectorized_static_veclen_32_no_cpy_aligned iter 7: 38.986 ms
Run time jacobi2d_vectorized_static_veclen_32_no_cpy_aligned iter 8: 39.008 ms
Run time jacobi2d_vectorized_static_veclen_32_no_cpy_aligned iter 9: 39.157 ms
Saved timing results to jacobi2d_timings_jacobi2d_timings_amd_epyc_gcc_1_core.csv.csv
Run time jacobi2d iter 0: 318.884 ms
Run time jacobi2d iter 1: 318.553 ms
Run time jacobi2d iter 2: 316.365 ms
Run time jacobi2d iter 3: 318.089 ms
Run time jacobi2d iter 4: 318.985 ms
Run time jacobi2d iter 5: 318.335 ms
Run time jacobi2d iter 6: 318.491 ms
Run time jacobi2d iter 7: 317.789 ms
Run time jacobi2d iter 8: 315.128 ms
Run time jacobi2d iter 9: 317.645 ms
Run time jacobi2d_vectorized_static_veclen_8_no_cpy iter 0: 307.859 ms
Run time jacobi2d_vectorized_static_veclen_8_no_cpy iter 1: 308.096 ms
Run time jacobi2d_vectorized_static_veclen_8_no_cpy iter 2: 307.725 ms
Run time jacobi2d_vectorized_static_veclen_8_no_cpy iter 3: 307.680 ms
Run time jacobi2d_vectorized_static_veclen_8_no_cpy iter 4: 307.673 ms
Run time jacobi2d_vectorized_static_veclen_8_no_cpy iter 5: 308.912 ms
Run time jacobi2d_vectorized_static_veclen_8_no_cpy iter 6: 307.786 ms
Run time jacobi2d_vectorized_static_veclen_8_no_cpy iter 7: 308.060 ms
Run time jacobi2d_vectorized_static_veclen_8_no_cpy iter 8: 308.225 ms
Run time jacobi2d_vectorized_static_veclen_8_no_cpy iter 9: 338.012 ms
Run time jacobi2d_vectorized_static_veclen_8_cpy iter 0: 357.673 ms
Run time jacobi2d_vectorized_static_veclen_8_cpy iter 1: 357.738 ms
Run time jacobi2d_vectorized_static_veclen_8_cpy iter 2: 355.929 ms
Run time jacobi2d_vectorized_static_veclen_8_cpy iter 3: 358.042 ms
Run time jacobi2d_vectorized_static_veclen_8_cpy iter 4: 357.707 ms
Run time jacobi2d_vectorized_static_veclen_8_cpy iter 5: 357.388 ms
Run time jacobi2d_vectorized_static_veclen_8_cpy iter 6: 357.846 ms
Run time jacobi2d_vectorized_static_veclen_8_cpy iter 7: 357.257 ms
Run time jacobi2d_vectorized_static_veclen_8_cpy iter 8: 357.397 ms
Run time jacobi2d_vectorized_static_veclen_8_cpy iter 9: 356.978 ms
Run time jacobi2d_vectorized_static_veclen_16_no_cpy iter 0: 283.427 ms
Run time jacobi2d_vectorized_static_veclen_16_no_cpy iter 1: 284.977 ms
Run time jacobi2d_vectorized_static_veclen_16_no_cpy iter 2: 286.001 ms
Run time jacobi2d_vectorized_static_veclen_16_no_cpy iter 3: 285.768 ms
Run time jacobi2d_vectorized_static_veclen_16_no_cpy iter 4: 285.133 ms
Run time jacobi2d_vectorized_static_veclen_16_no_cpy iter 5: 285.059 ms
Run time jacobi2d_vectorized_static_veclen_16_no_cpy iter 6: 290.482 ms
Run time jacobi2d_vectorized_static_veclen_16_no_cpy iter 7: 284.827 ms
Run time jacobi2d_vectorized_static_veclen_16_no_cpy iter 8: 284.399 ms
Run time jacobi2d_vectorized_static_veclen_16_no_cpy iter 9: 285.014 ms
Run time jacobi2d_vectorized_static_veclen_16_cpy iter 0: 305.521 ms
Run time jacobi2d_vectorized_static_veclen_16_cpy iter 1: 312.129 ms
Run time jacobi2d_vectorized_static_veclen_16_cpy iter 2: 305.642 ms
Run time jacobi2d_vectorized_static_veclen_16_cpy iter 3: 306.641 ms
Run time jacobi2d_vectorized_static_veclen_16_cpy iter 4: 304.205 ms
Run time jacobi2d_vectorized_static_veclen_16_cpy iter 5: 306.173 ms
Run time jacobi2d_vectorized_static_veclen_16_cpy iter 6: 305.968 ms
Run time jacobi2d_vectorized_static_veclen_16_cpy iter 7: 305.903 ms
Run time jacobi2d_vectorized_static_veclen_16_cpy iter 8: 305.714 ms
Run time jacobi2d_vectorized_static_veclen_16_cpy iter 9: 305.385 ms
Run time jacobi2d_vectorized_static_veclen_32_no_cpy iter 0: 233.316 ms
Run time jacobi2d_vectorized_static_veclen_32_no_cpy iter 1: 233.619 ms
Run time jacobi2d_vectorized_static_veclen_32_no_cpy iter 2: 233.129 ms
Run time jacobi2d_vectorized_static_veclen_32_no_cpy iter 3: 232.349 ms
Run time jacobi2d_vectorized_static_veclen_32_no_cpy iter 4: 233.087 ms
Run time jacobi2d_vectorized_static_veclen_32_no_cpy iter 5: 233.356 ms
Run time jacobi2d_vectorized_static_veclen_32_no_cpy iter 6: 232.845 ms
Run time jacobi2d_vectorized_static_veclen_32_no_cpy iter 7: 232.538 ms
Run time jacobi2d_vectorized_static_veclen_32_no_cpy iter 8: 232.624 ms
Run time jacobi2d_vectorized_static_veclen_32_no_cpy iter 9: 232.924 ms
Run time jacobi2d_vectorized_static_veclen_32_cpy iter 0: 306.830 ms
Run time jacobi2d_vectorized_static_veclen_32_cpy iter 1: 306.238 ms
Run time jacobi2d_vectorized_static_veclen_32_cpy iter 2: 305.092 ms
Run time jacobi2d_vectorized_static_veclen_32_cpy iter 3: 304.283 ms
Run time jacobi2d_vectorized_static_veclen_32_cpy iter 4: 303.623 ms
Run time jacobi2d_vectorized_static_veclen_32_cpy iter 5: 302.564 ms
Run time jacobi2d_vectorized_static_veclen_32_cpy iter 6: 302.601 ms
Run time jacobi2d_vectorized_static_veclen_32_cpy iter 7: 301.764 ms
Run time jacobi2d_vectorized_static_veclen_32_cpy iter 8: 301.662 ms
Run time jacobi2d_vectorized_static_veclen_32_cpy iter 9: 302.642 ms
Run time jacobi2d_vectorized_static_veclen_8_no_cpy_aligned iter 0: 243.439 ms
Run time jacobi2d_vectorized_static_veclen_8_no_cpy_aligned iter 1: 242.256 ms
Run time jacobi2d_vectorized_static_veclen_8_no_cpy_aligned iter 2: 242.096 ms
Run time jacobi2d_vectorized_static_veclen_8_no_cpy_aligned iter 3: 242.000 ms
Run time jacobi2d_vectorized_static_veclen_8_no_cpy_aligned iter 4: 242.379 ms
Run time jacobi2d_vectorized_static_veclen_8_no_cpy_aligned iter 5: 241.767 ms
Run time jacobi2d_vectorized_static_veclen_8_no_cpy_aligned iter 6: 241.613 ms
Run time jacobi2d_vectorized_static_veclen_8_no_cpy_aligned iter 7: 241.897 ms
Run time jacobi2d_vectorized_static_veclen_8_no_cpy_aligned iter 8: 241.945 ms
Run time jacobi2d_vectorized_static_veclen_8_no_cpy_aligned iter 9: 241.934 ms
Run time jacobi2d_vectorized_static_veclen_16_no_cpy_aligned iter 0: 170.141 ms
Run time jacobi2d_vectorized_static_veclen_16_no_cpy_aligned iter 1: 168.683 ms
Run time jacobi2d_vectorized_static_veclen_16_no_cpy_aligned iter 2: 168.644 ms
Run time jacobi2d_vectorized_static_veclen_16_no_cpy_aligned iter 3: 168.813 ms
Run time jacobi2d_vectorized_static_veclen_16_no_cpy_aligned iter 4: 168.640 ms
Run time jacobi2d_vectorized_static_veclen_16_no_cpy_aligned iter 5: 168.554 ms
Run time jacobi2d_vectorized_static_veclen_16_no_cpy_aligned iter 6: 168.954 ms
Run time jacobi2d_vectorized_static_veclen_16_no_cpy_aligned iter 7: 170.844 ms
Run time jacobi2d_vectorized_static_veclen_16_no_cpy_aligned iter 8: 169.828 ms
Run time jacobi2d_vectorized_static_veclen_16_no_cpy_aligned iter 9: 175.535 ms
Run time jacobi2d_vectorized_static_veclen_32_no_cpy_aligned iter 0: 186.695 ms
Run time jacobi2d_vectorized_static_veclen_32_no_cpy_aligned iter 1: 169.483 ms
Run time jacobi2d_vectorized_static_veclen_32_no_cpy_aligned iter 2: 165.235 ms
Run time jacobi2d_vectorized_static_veclen_32_no_cpy_aligned iter 3: 164.472 ms
Run time jacobi2d_vectorized_static_veclen_32_no_cpy_aligned iter 4: 166.024 ms
Run time jacobi2d_vectorized_static_veclen_32_no_cpy_aligned iter 5: 164.840 ms
Run time jacobi2d_vectorized_static_veclen_32_no_cpy_aligned iter 6: 164.878 ms
Run time jacobi2d_vectorized_static_veclen_32_no_cpy_aligned iter 7: 164.619 ms
Run time jacobi2d_vectorized_static_veclen_32_no_cpy_aligned iter 8: 164.377 ms
Run time jacobi2d_vectorized_static_veclen_32_no_cpy_aligned iter 9: 164.312 ms
Saved timing results to jacobi2d_timings_jacobi2d_timings_amd_epyc_gcc_1_core.csv.csv
Run time jacobi2d iter 0: 832.556 ms
Run time jacobi2d iter 1: 827.894 ms
Run time jacobi2d iter 2: 828.079 ms
Run time jacobi2d iter 3: 827.757 ms
Run time jacobi2d iter 4: 828.002 ms
Run time jacobi2d iter 5: 828.142 ms
Run time jacobi2d iter 6: 828.782 ms
Run time jacobi2d iter 7: 835.328 ms
Run time jacobi2d iter 8: 829.673 ms
Run time jacobi2d iter 9: 830.416 ms
Run time jacobi2d_vectorized_static_veclen_8_no_cpy iter 0: 901.759 ms
Run time jacobi2d_vectorized_static_veclen_8_no_cpy iter 1: 900.631 ms
Run time jacobi2d_vectorized_static_veclen_8_no_cpy iter 2: 899.992 ms
Run time jacobi2d_vectorized_static_veclen_8_no_cpy iter 3: 901.351 ms
Run time jacobi2d_vectorized_static_veclen_8_no_cpy iter 4: 900.674 ms
Run time jacobi2d_vectorized_static_veclen_8_no_cpy iter 5: 900.482 ms
Run time jacobi2d_vectorized_static_veclen_8_no_cpy iter 6: 898.699 ms
Run time jacobi2d_vectorized_static_veclen_8_no_cpy iter 7: 899.050 ms
Run time jacobi2d_vectorized_static_veclen_8_no_cpy iter 8: 900.394 ms
Run time jacobi2d_vectorized_static_veclen_8_no_cpy iter 9: 899.295 ms
Run time jacobi2d_vectorized_static_veclen_8_cpy iter 0: 916.509 ms
Run time jacobi2d_vectorized_static_veclen_8_cpy iter 1: 921.285 ms
Run time jacobi2d_vectorized_static_veclen_8_cpy iter 2: 917.753 ms
Run time jacobi2d_vectorized_static_veclen_8_cpy iter 3: 932.072 ms
Run time jacobi2d_vectorized_static_veclen_8_cpy iter 4: 914.456 ms
Run time jacobi2d_vectorized_static_veclen_8_cpy iter 5: 914.785 ms
Run time jacobi2d_vectorized_static_veclen_8_cpy iter 6: 914.695 ms
Run time jacobi2d_vectorized_static_veclen_8_cpy iter 7: 915.493 ms
Run time jacobi2d_vectorized_static_veclen_8_cpy iter 8: 914.406 ms
Run time jacobi2d_vectorized_static_veclen_8_cpy iter 9: 916.544 ms
Run time jacobi2d_vectorized_static_veclen_16_no_cpy iter 0: 834.555 ms
Run time jacobi2d_vectorized_static_veclen_16_no_cpy iter 1: 833.652 ms
Run time jacobi2d_vectorized_static_veclen_16_no_cpy iter 2: 834.261 ms
Run time jacobi2d_vectorized_static_veclen_16_no_cpy iter 3: 838.636 ms
Run time jacobi2d_vectorized_static_veclen_16_no_cpy iter 4: 831.076 ms
Run time jacobi2d_vectorized_static_veclen_16_no_cpy iter 5: 829.812 ms
Run time jacobi2d_vectorized_static_veclen_16_no_cpy iter 6: 829.840 ms
Run time jacobi2d_vectorized_static_veclen_16_no_cpy iter 7: 827.370 ms
Run time jacobi2d_vectorized_static_veclen_16_no_cpy iter 8: 826.883 ms
Run time jacobi2d_vectorized_static_veclen_16_no_cpy iter 9: 827.093 ms
Run time jacobi2d_vectorized_static_veclen_16_cpy iter 0: 893.337 ms
Run time jacobi2d_vectorized_static_veclen_16_cpy iter 1: 893.951 ms
Run time jacobi2d_vectorized_static_veclen_16_cpy iter 2: 892.308 ms
Run time jacobi2d_vectorized_static_veclen_16_cpy iter 3: 891.403 ms
Run time jacobi2d_vectorized_static_veclen_16_cpy iter 4: 890.153 ms
Run time jacobi2d_vectorized_static_veclen_16_cpy iter 5: 894.864 ms
Run time jacobi2d_vectorized_static_veclen_16_cpy iter 6: 889.712 ms
Run time jacobi2d_vectorized_static_veclen_16_cpy iter 7: 889.584 ms
Run time jacobi2d_vectorized_static_veclen_16_cpy iter 8: 889.633 ms
Run time jacobi2d_vectorized_static_veclen_16_cpy iter 9: 889.323 ms
Run time jacobi2d_vectorized_static_veclen_32_no_cpy iter 0: 859.245 ms
Run time jacobi2d_vectorized_static_veclen_32_no_cpy iter 1: 846.393 ms
Run time jacobi2d_vectorized_static_veclen_32_no_cpy iter 2: 845.506 ms
Run time jacobi2d_vectorized_static_veclen_32_no_cpy iter 3: 847.361 ms
Run time jacobi2d_vectorized_static_veclen_32_no_cpy iter 4: 845.854 ms
Run time jacobi2d_vectorized_static_veclen_32_no_cpy iter 5: 843.851 ms
Run time jacobi2d_vectorized_static_veclen_32_no_cpy iter 6: 845.300 ms
Run time jacobi2d_vectorized_static_veclen_32_no_cpy iter 7: 843.234 ms
Run time jacobi2d_vectorized_static_veclen_32_no_cpy iter 8: 844.148 ms
Run time jacobi2d_vectorized_static_veclen_32_no_cpy iter 9: 843.694 ms
Run time jacobi2d_vectorized_static_veclen_32_cpy iter 0: 1188.589 ms
Run time jacobi2d_vectorized_static_veclen_32_cpy iter 1: 1179.846 ms
Run time jacobi2d_vectorized_static_veclen_32_cpy iter 2: 1176.833 ms
Run time jacobi2d_vectorized_static_veclen_32_cpy iter 3: 1178.971 ms
Run time jacobi2d_vectorized_static_veclen_32_cpy iter 4: 1174.849 ms
Run time jacobi2d_vectorized_static_veclen_32_cpy iter 5: 1175.014 ms
Run time jacobi2d_vectorized_static_veclen_32_cpy iter 6: 1175.294 ms
Run time jacobi2d_vectorized_static_veclen_32_cpy iter 7: 1175.897 ms
Run time jacobi2d_vectorized_static_veclen_32_cpy iter 8: 1177.736 ms
Run time jacobi2d_vectorized_static_veclen_32_cpy iter 9: 1173.934 ms
Run time jacobi2d_vectorized_static_veclen_8_no_cpy_aligned iter 0: 978.185 ms
Run time jacobi2d_vectorized_static_veclen_8_no_cpy_aligned iter 1: 970.860 ms
Run time jacobi2d_vectorized_static_veclen_8_no_cpy_aligned iter 2: 966.699 ms
Run time jacobi2d_vectorized_static_veclen_8_no_cpy_aligned iter 3: 965.544 ms
Run time jacobi2d_vectorized_static_veclen_8_no_cpy_aligned iter 4: 966.063 ms
Run time jacobi2d_vectorized_static_veclen_8_no_cpy_aligned iter 5: 976.771 ms
Run time jacobi2d_vectorized_static_veclen_8_no_cpy_aligned iter 6: 963.396 ms
Run time jacobi2d_vectorized_static_veclen_8_no_cpy_aligned iter 7: 963.596 ms
Run time jacobi2d_vectorized_static_veclen_8_no_cpy_aligned iter 8: 967.960 ms
Run time jacobi2d_vectorized_static_veclen_8_no_cpy_aligned iter 9: 964.478 ms
Run time jacobi2d_vectorized_static_veclen_16_no_cpy_aligned iter 0: 811.539 ms
Run time jacobi2d_vectorized_static_veclen_16_no_cpy_aligned iter 1: 810.438 ms
Run time jacobi2d_vectorized_static_veclen_16_no_cpy_aligned iter 2: 808.115 ms
Run time jacobi2d_vectorized_static_veclen_16_no_cpy_aligned iter 3: 809.123 ms
Run time jacobi2d_vectorized_static_veclen_16_no_cpy_aligned iter 4: 819.124 ms
Run time jacobi2d_vectorized_static_veclen_16_no_cpy_aligned iter 5: 810.934 ms
Run time jacobi2d_vectorized_static_veclen_16_no_cpy_aligned iter 6: 810.349 ms
Run time jacobi2d_vectorized_static_veclen_16_no_cpy_aligned iter 7: 809.654 ms
Run time jacobi2d_vectorized_static_veclen_16_no_cpy_aligned iter 8: 811.570 ms
Run time jacobi2d_vectorized_static_veclen_16_no_cpy_aligned iter 9: 810.310 ms
Run time jacobi2d_vectorized_static_veclen_32_no_cpy_aligned iter 0: 1822.324 ms
Run time jacobi2d_vectorized_static_veclen_32_no_cpy_aligned iter 1: 1807.058 ms
Run time jacobi2d_vectorized_static_veclen_32_no_cpy_aligned iter 2: 1792.235 ms
Run time jacobi2d_vectorized_static_veclen_32_no_cpy_aligned iter 3: 1786.411 ms
Run time jacobi2d_vectorized_static_veclen_32_no_cpy_aligned iter 4: 1780.366 ms
Run time jacobi2d_vectorized_static_veclen_32_no_cpy_aligned iter 5: 1777.373 ms
Run time jacobi2d_vectorized_static_veclen_32_no_cpy_aligned iter 6: 1803.690 ms
Run time jacobi2d_vectorized_static_veclen_32_no_cpy_aligned iter 7: 1785.230 ms
Run time jacobi2d_vectorized_static_veclen_32_no_cpy_aligned iter 8: 1783.139 ms
Run time jacobi2d_vectorized_static_veclen_32_no_cpy_aligned iter 9: 1785.448 ms
Saved timing results to jacobi2d_timings_jacobi2d_timings_amd_epyc_gcc_1_core.csv.csv
