Script path: 
Script dir:  
Running with EXTRA_FLAGS='', SUFFIX=''
Physical cores: 128
Run time gather_load iter 0: 1.621 ms
Run time gather_load iter 1: 1.714 ms
Run time gather_load iter 2: 1.865 ms
Run time gather_load iter 3: 1.887 ms
Run time gather_load iter 4: 1.563 ms
Run time gather_load iter 5: 1.614 ms
Run time gather_load iter 6: 1.548 ms
Run time gather_load iter 7: 1.561 ms
Run time gather_load iter 8: 1.390 ms
Run time gather_load iter 9: 1.303 ms
Run time gather_load iter 10: 1.158 ms
Run time gather_load iter 11: 1.094 ms
Run time gather_load iter 12: 1.418 ms
Run time gather_load iter 13: 1.183 ms
Run time gather_load iter 14: 1.331 ms
Run time gather_load iter 15: 1.238 ms
Run time gather_load iter 16: 1.402 ms
Run time gather_load iter 17: 1.392 ms
Run time gather_load iter 18: 1.157 ms
Run time gather_load iter 19: 1.486 ms
Gather load detected for node __tmp_144_17_r_packed, tasklets: [0, 3, 5, 4, 6, 1, 2, 7]
[Tasklet (assign_0), Tasklet (assign_1), Tasklet (assign_2), Tasklet (assign_3), Tasklet (assign_4), Tasklet (assign_5), Tasklet (assign_6), Tasklet (assign_7)]
Running with EXTRA_FLAGS='-mprefer-vector-width=512  -Rpass=loop-vectorize -Rpass-analysis=loop-vectorize -Rpass-missed=loop-vectorize -Rpass=slp-vectorize -fsave-optimization-record -foptimization-record-file=log_implemenations_vec_report.yaml', SUFFIX='force_width_512'
Physical cores: 128
Run time gather_load_force_width_512 iter 0: 1.260 ms
Run time gather_load_force_width_512 iter 1: 1.379 ms
Run time gather_load_force_width_512 iter 2: 1.346 ms
Run time gather_load_force_width_512 iter 3: 1.282 ms
Run time gather_load_force_width_512 iter 4: 1.295 ms
Run time gather_load_force_width_512 iter 5: 1.297 ms
Run time gather_load_force_width_512 iter 6: 1.331 ms
Run time gather_load_force_width_512 iter 7: 1.381 ms
Run time gather_load_force_width_512 iter 8: 1.312 ms
Run time gather_load_force_width_512 iter 9: 1.405 ms
Run time gather_load_force_width_512 iter 10: 1.378 ms
Run time gather_load_force_width_512 iter 11: 1.141 ms
Run time gather_load_force_width_512 iter 12: 1.416 ms
Run time gather_load_force_width_512 iter 13: 1.421 ms
Run time gather_load_force_width_512 iter 14: 1.500 ms
Run time gather_load_force_width_512 iter 15: 1.371 ms
Run time gather_load_force_width_512 iter 16: 1.360 ms
Run time gather_load_force_width_512 iter 17: 1.329 ms
Run time gather_load_force_width_512 iter 18: 1.258 ms
Run time gather_load_force_width_512 iter 19: 1.366 ms
Gather load detected for node __tmp_144_17_r_packed, tasklets: [1, 0, 5, 4, 3, 2, 6, 7]
[Tasklet (assign_0), Tasklet (assign_1), Tasklet (assign_2), Tasklet (assign_3), Tasklet (assign_4), Tasklet (assign_5), Tasklet (assign_6), Tasklet (assign_7)]
