Script path: 
Script dir:  
Running with EXTRA_FLAGS='', SUFFIX=''
Run time cloudsc_pattern_1 iter 0: 97.857 ms
Run time cloudsc_pattern_1 iter 1: 98.150 ms
Run time cloudsc_pattern_1 iter 2: 98.005 ms
Run time cloudsc_pattern_1 iter 3: 98.404 ms
Run time cloudsc_pattern_1 iter 4: 98.126 ms
Run time cloudsc_pattern_1 iter 5: 98.340 ms
Run time cloudsc_pattern_1 iter 6: 98.387 ms
Run time cloudsc_pattern_1 iter 7: 98.443 ms
Run time cloudsc_pattern_1 iter 8: 98.466 ms
Run time cloudsc_pattern_1 iter 9: 98.402 ms
Run time cloudsc_pattern_1 iter 10: 98.453 ms
Run time cloudsc_pattern_1 iter 11: 98.692 ms
Run time cloudsc_pattern_1 iter 12: 98.568 ms
Run time cloudsc_pattern_1 iter 13: 98.722 ms
Run time cloudsc_pattern_1 iter 14: 98.926 ms
Run time cloudsc_pattern_1 iter 15: 99.367 ms
Run time cloudsc_pattern_1 iter 16: 99.014 ms
Run time cloudsc_pattern_1 iter 17: 99.534 ms
Run time cloudsc_pattern_1 iter 18: 99.666 ms
Run time cloudsc_pattern_1 iter 19: 99.104 ms
Running with EXTRA_FLAGS='-qopt-zmm-usage=high -diag-enable=vec -qopt-report=5 -qopt-report-phase=vec', SUFFIX='force_width_512'
Run time cloudsc_pattern_1 iter 0: 97.678 ms
Run time cloudsc_pattern_1 iter 1: 98.061 ms
Run time cloudsc_pattern_1 iter 2: 98.056 ms
Run time cloudsc_pattern_1 iter 3: 97.932 ms
Run time cloudsc_pattern_1 iter 4: 98.895 ms
Run time cloudsc_pattern_1 iter 5: 98.912 ms
Run time cloudsc_pattern_1 iter 6: 98.169 ms
Run time cloudsc_pattern_1 iter 7: 98.391 ms
Run time cloudsc_pattern_1 iter 8: 98.238 ms
Run time cloudsc_pattern_1 iter 9: 98.993 ms
Run time cloudsc_pattern_1 iter 10: 99.254 ms
Run time cloudsc_pattern_1 iter 11: 99.559 ms
Run time cloudsc_pattern_1 iter 12: 98.659 ms
Run time cloudsc_pattern_1 iter 13: 99.319 ms
Run time cloudsc_pattern_1 iter 14: 98.187 ms
Run time cloudsc_pattern_1 iter 15: 97.993 ms
Run time cloudsc_pattern_1 iter 16: 97.884 ms
Run time cloudsc_pattern_1 iter 17: 97.956 ms
Run time cloudsc_pattern_1 iter 18: 98.229 ms
Run time cloudsc_pattern_1 iter 19: 97.803 ms
Running with EXTRA_FLAGS='-no-vec', SUFFIX='no_vectorize'
Run time cloudsc_pattern_1 iter 0: 320.124 ms
Run time cloudsc_pattern_1 iter 1: 319.975 ms
Run time cloudsc_pattern_1 iter 2: 320.198 ms
Run time cloudsc_pattern_1 iter 3: 319.805 ms
Run time cloudsc_pattern_1 iter 4: 319.290 ms
Run time cloudsc_pattern_1 iter 5: 319.535 ms
Run time cloudsc_pattern_1 iter 6: 319.517 ms
Run time cloudsc_pattern_1 iter 7: 320.189 ms
Run time cloudsc_pattern_1 iter 8: 320.714 ms
Run time cloudsc_pattern_1 iter 9: 321.288 ms
Run time cloudsc_pattern_1 iter 10: 320.700 ms
Run time cloudsc_pattern_1 iter 11: 320.631 ms
Run time cloudsc_pattern_1 iter 12: 320.527 ms
Run time cloudsc_pattern_1 iter 13: 319.812 ms
Run time cloudsc_pattern_1 iter 14: 320.279 ms
Run time cloudsc_pattern_1 iter 15: 319.902 ms
Run time cloudsc_pattern_1 iter 16: 320.104 ms
Run time cloudsc_pattern_1 iter 17: 319.302 ms
Run time cloudsc_pattern_1 iter 18: 319.617 ms
Run time cloudsc_pattern_1 iter 19: 319.617 ms
Running with EXTRA_FLAGS='', SUFFIX=''
Run time cloudsc_pattern_1 iter 0: 340.031 ms
Run time cloudsc_pattern_1 iter 1: 272.345 ms
Run time cloudsc_pattern_1 iter 2: 282.468 ms
Run time cloudsc_pattern_1 iter 3: 268.236 ms
Run time cloudsc_pattern_1 iter 4: 265.817 ms
Run time cloudsc_pattern_1 iter 5: 272.279 ms
Run time cloudsc_pattern_1 iter 6: 270.521 ms
Run time cloudsc_pattern_1 iter 7: 260.352 ms
Run time cloudsc_pattern_1 iter 8: 238.614 ms
Run time cloudsc_pattern_1 iter 9: 184.810 ms
Run time cloudsc_pattern_1 iter 10: 144.419 ms
Run time cloudsc_pattern_1 iter 11: 73.122 ms
Run time cloudsc_pattern_1 iter 12: 68.877 ms
Run time cloudsc_pattern_1 iter 13: 74.729 ms
Run time cloudsc_pattern_1 iter 14: 66.250 ms
Run time cloudsc_pattern_1 iter 15: 68.042 ms
Run time cloudsc_pattern_1 iter 16: 71.623 ms
Run time cloudsc_pattern_1 iter 17: 228.901 ms
Run time cloudsc_pattern_1 iter 18: 313.821 ms
Run time cloudsc_pattern_1 iter 19: 285.895 ms
Running with EXTRA_FLAGS='-qopt-zmm-usage=high -diag-enable=vec -qopt-report=5 -qopt-report-phase=vec', SUFFIX='force_width_512'
Run time cloudsc_pattern_1 iter 0: 247.322 ms
Run time cloudsc_pattern_1 iter 1: 191.443 ms
Run time cloudsc_pattern_1 iter 2: 100.635 ms
Run time cloudsc_pattern_1 iter 3: 71.048 ms
Run time cloudsc_pattern_1 iter 4: 70.579 ms
Run time cloudsc_pattern_1 iter 5: 72.372 ms
Run time cloudsc_pattern_1 iter 6: 64.623 ms
Run time cloudsc_pattern_1 iter 7: 66.630 ms
Run time cloudsc_pattern_1 iter 8: 64.884 ms
Run time cloudsc_pattern_1 iter 9: 68.728 ms
Run time cloudsc_pattern_1 iter 10: 71.237 ms
Run time cloudsc_pattern_1 iter 11: 66.553 ms
Run time cloudsc_pattern_1 iter 12: 65.761 ms
Run time cloudsc_pattern_1 iter 13: 71.717 ms
Run time cloudsc_pattern_1 iter 14: 289.242 ms
Run time cloudsc_pattern_1 iter 15: 263.542 ms
Run time cloudsc_pattern_1 iter 16: 265.114 ms
Run time cloudsc_pattern_1 iter 17: 270.592 ms
Run time cloudsc_pattern_1 iter 18: 196.066 ms
Run time cloudsc_pattern_1 iter 19: 115.241 ms
Running with EXTRA_FLAGS='-no-vec', SUFFIX='no_vectorize'
Run time cloudsc_pattern_1 iter 0: 439.127 ms
Run time cloudsc_pattern_1 iter 1: 376.075 ms
Run time cloudsc_pattern_1 iter 2: 370.575 ms
Run time cloudsc_pattern_1 iter 3: 390.876 ms
Run time cloudsc_pattern_1 iter 4: 395.860 ms
Run time cloudsc_pattern_1 iter 5: 406.184 ms
Run time cloudsc_pattern_1 iter 6: 383.148 ms
Run time cloudsc_pattern_1 iter 7: 320.949 ms
Run time cloudsc_pattern_1 iter 8: 304.217 ms
Run time cloudsc_pattern_1 iter 9: 320.034 ms
Run time cloudsc_pattern_1 iter 10: 275.214 ms
Run time cloudsc_pattern_1 iter 11: 246.501 ms
Run time cloudsc_pattern_1 iter 12: 246.237 ms
Run time cloudsc_pattern_1 iter 13: 227.006 ms
Run time cloudsc_pattern_1 iter 14: 217.599 ms
Run time cloudsc_pattern_1 iter 15: 206.524 ms
Run time cloudsc_pattern_1 iter 16: 207.635 ms
Run time cloudsc_pattern_1 iter 17: 201.780 ms
Run time cloudsc_pattern_1 iter 18: 201.235 ms
Run time cloudsc_pattern_1 iter 19: 202.084 ms
