Script path: 
Script dir:  
Running with EXTRA_FLAGS='', SUFFIX=''
Run time cloudsc_pattern_1 iter 0: 97.601 ms
Run time cloudsc_pattern_1 iter 1: 97.640 ms
Run time cloudsc_pattern_1 iter 2: 97.399 ms
Run time cloudsc_pattern_1 iter 3: 97.475 ms
Run time cloudsc_pattern_1 iter 4: 97.482 ms
Run time cloudsc_pattern_1 iter 5: 97.438 ms
Run time cloudsc_pattern_1 iter 6: 97.434 ms
Run time cloudsc_pattern_1 iter 7: 97.406 ms
Run time cloudsc_pattern_1 iter 8: 97.403 ms
Run time cloudsc_pattern_1 iter 9: 97.430 ms
Run time cloudsc_pattern_1 iter 10: 97.427 ms
Run time cloudsc_pattern_1 iter 11: 97.445 ms
Run time cloudsc_pattern_1 iter 12: 97.408 ms
Run time cloudsc_pattern_1 iter 13: 97.500 ms
Run time cloudsc_pattern_1 iter 14: 97.408 ms
Run time cloudsc_pattern_1 iter 15: 97.459 ms
Run time cloudsc_pattern_1 iter 16: 97.453 ms
Run time cloudsc_pattern_1 iter 17: 97.437 ms
Run time cloudsc_pattern_1 iter 18: 97.448 ms
Run time cloudsc_pattern_1 iter 19: 97.511 ms
Running with EXTRA_FLAGS='-qopt-zmm-usage=high -diag-enable=vec -qopt-report=5 -qopt-report-phase=vec', SUFFIX='force_width_512'
Run time cloudsc_pattern_1 iter 0: 97.705 ms
Run time cloudsc_pattern_1 iter 1: 97.332 ms
Run time cloudsc_pattern_1 iter 2: 97.458 ms
Run time cloudsc_pattern_1 iter 3: 97.436 ms
Run time cloudsc_pattern_1 iter 4: 97.474 ms
Run time cloudsc_pattern_1 iter 5: 97.461 ms
Run time cloudsc_pattern_1 iter 6: 97.636 ms
Run time cloudsc_pattern_1 iter 7: 97.591 ms
Run time cloudsc_pattern_1 iter 8: 97.392 ms
Run time cloudsc_pattern_1 iter 9: 97.453 ms
Run time cloudsc_pattern_1 iter 10: 97.458 ms
Run time cloudsc_pattern_1 iter 11: 97.469 ms
Run time cloudsc_pattern_1 iter 12: 97.473 ms
Run time cloudsc_pattern_1 iter 13: 97.507 ms
Run time cloudsc_pattern_1 iter 14: 97.530 ms
Run time cloudsc_pattern_1 iter 15: 97.482 ms
Run time cloudsc_pattern_1 iter 16: 97.477 ms
Run time cloudsc_pattern_1 iter 17: 97.484 ms
Run time cloudsc_pattern_1 iter 18: 97.474 ms
Run time cloudsc_pattern_1 iter 19: 97.742 ms
Running with EXTRA_FLAGS='-no-vec', SUFFIX='no_vectorize'
Run time cloudsc_pattern_1 iter 0: 317.293 ms
Run time cloudsc_pattern_1 iter 1: 317.237 ms
Run time cloudsc_pattern_1 iter 2: 317.398 ms
Run time cloudsc_pattern_1 iter 3: 317.406 ms
Run time cloudsc_pattern_1 iter 4: 317.356 ms
Run time cloudsc_pattern_1 iter 5: 317.243 ms
Run time cloudsc_pattern_1 iter 6: 317.361 ms
Run time cloudsc_pattern_1 iter 7: 317.536 ms
Run time cloudsc_pattern_1 iter 8: 317.745 ms
Run time cloudsc_pattern_1 iter 9: 317.829 ms
Run time cloudsc_pattern_1 iter 10: 317.694 ms
Run time cloudsc_pattern_1 iter 11: 317.684 ms
Run time cloudsc_pattern_1 iter 12: 317.766 ms
Run time cloudsc_pattern_1 iter 13: 317.602 ms
Run time cloudsc_pattern_1 iter 14: 317.429 ms
Run time cloudsc_pattern_1 iter 15: 317.591 ms
Run time cloudsc_pattern_1 iter 16: 317.663 ms
Run time cloudsc_pattern_1 iter 17: 318.075 ms
Run time cloudsc_pattern_1 iter 18: 318.081 ms
Run time cloudsc_pattern_1 iter 19: 317.844 ms
Running with EXTRA_FLAGS='', SUFFIX=''
Run time cloudsc_pattern_1 iter 0: 392.357 ms
Run time cloudsc_pattern_1 iter 1: 355.607 ms
Run time cloudsc_pattern_1 iter 2: 265.567 ms
Run time cloudsc_pattern_1 iter 3: 245.857 ms
Run time cloudsc_pattern_1 iter 4: 164.354 ms
Run time cloudsc_pattern_1 iter 5: 78.532 ms
Run time cloudsc_pattern_1 iter 6: 85.133 ms
Run time cloudsc_pattern_1 iter 7: 64.845 ms
Run time cloudsc_pattern_1 iter 8: 68.230 ms
Run time cloudsc_pattern_1 iter 9: 70.769 ms
Run time cloudsc_pattern_1 iter 10: 64.048 ms
Run time cloudsc_pattern_1 iter 11: 65.708 ms
Run time cloudsc_pattern_1 iter 12: 70.122 ms
Run time cloudsc_pattern_1 iter 13: 68.985 ms
Run time cloudsc_pattern_1 iter 14: 63.878 ms
Run time cloudsc_pattern_1 iter 15: 64.229 ms
Run time cloudsc_pattern_1 iter 16: 70.483 ms
Run time cloudsc_pattern_1 iter 17: 65.666 ms
Run time cloudsc_pattern_1 iter 18: 90.354 ms
Run time cloudsc_pattern_1 iter 19: 65.848 ms
Running with EXTRA_FLAGS='-qopt-zmm-usage=high -diag-enable=vec -qopt-report=5 -qopt-report-phase=vec', SUFFIX='force_width_512'
Run time cloudsc_pattern_1 iter 0: 372.911 ms
Run time cloudsc_pattern_1 iter 1: 261.361 ms
Run time cloudsc_pattern_1 iter 2: 265.544 ms
Run time cloudsc_pattern_1 iter 3: 281.073 ms
Run time cloudsc_pattern_1 iter 4: 268.025 ms
Run time cloudsc_pattern_1 iter 5: 292.243 ms
Run time cloudsc_pattern_1 iter 6: 273.590 ms
Run time cloudsc_pattern_1 iter 7: 235.865 ms
Run time cloudsc_pattern_1 iter 8: 224.281 ms
Run time cloudsc_pattern_1 iter 9: 219.447 ms
Run time cloudsc_pattern_1 iter 10: 99.488 ms
Run time cloudsc_pattern_1 iter 11: 70.971 ms
Run time cloudsc_pattern_1 iter 12: 67.315 ms
Run time cloudsc_pattern_1 iter 13: 70.940 ms
Run time cloudsc_pattern_1 iter 14: 66.278 ms
Run time cloudsc_pattern_1 iter 15: 81.954 ms
Run time cloudsc_pattern_1 iter 16: 70.494 ms
Run time cloudsc_pattern_1 iter 17: 72.999 ms
Run time cloudsc_pattern_1 iter 18: 71.436 ms
Run time cloudsc_pattern_1 iter 19: 71.502 ms
Running with EXTRA_FLAGS='-no-vec', SUFFIX='no_vectorize'
Run time cloudsc_pattern_1 iter 0: 391.291 ms
Run time cloudsc_pattern_1 iter 1: 422.312 ms
Run time cloudsc_pattern_1 iter 2: 367.080 ms
Run time cloudsc_pattern_1 iter 3: 369.288 ms
Run time cloudsc_pattern_1 iter 4: 368.117 ms
Run time cloudsc_pattern_1 iter 5: 381.290 ms
Run time cloudsc_pattern_1 iter 6: 390.568 ms
Run time cloudsc_pattern_1 iter 7: 340.485 ms
Run time cloudsc_pattern_1 iter 8: 321.035 ms
Run time cloudsc_pattern_1 iter 9: 303.343 ms
Run time cloudsc_pattern_1 iter 10: 295.874 ms
Run time cloudsc_pattern_1 iter 11: 259.734 ms
Run time cloudsc_pattern_1 iter 12: 229.430 ms
Run time cloudsc_pattern_1 iter 13: 206.768 ms
Run time cloudsc_pattern_1 iter 14: 199.976 ms
Run time cloudsc_pattern_1 iter 15: 203.993 ms
Run time cloudsc_pattern_1 iter 16: 202.299 ms
Run time cloudsc_pattern_1 iter 17: 200.098 ms
Run time cloudsc_pattern_1 iter 18: 208.700 ms
Run time cloudsc_pattern_1 iter 19: 208.450 ms
