Script path: 
Script dir:  
Running with EXTRA_FLAGS='', SUFFIX=''
Run time cloudsc_pattern_one iter 0: 97.581 ms
Run time cloudsc_pattern_one iter 1: 97.451 ms
Run time cloudsc_pattern_one iter 2: 97.639 ms
Run time cloudsc_pattern_one iter 3: 97.490 ms
Run time cloudsc_pattern_one iter 4: 97.813 ms
Run time cloudsc_pattern_one iter 5: 97.534 ms
Run time cloudsc_pattern_one iter 6: 97.530 ms
Run time cloudsc_pattern_one iter 7: 97.420 ms
Run time cloudsc_pattern_one iter 8: 97.458 ms
Run time cloudsc_pattern_one iter 9: 97.634 ms
Run time cloudsc_pattern_one iter 10: 97.536 ms
Run time cloudsc_pattern_one iter 11: 97.508 ms
Run time cloudsc_pattern_one iter 12: 97.425 ms
Run time cloudsc_pattern_one iter 13: 97.474 ms
Run time cloudsc_pattern_one iter 14: 97.569 ms
Run time cloudsc_pattern_one iter 15: 97.371 ms
Run time cloudsc_pattern_one iter 16: 97.645 ms
Run time cloudsc_pattern_one iter 17: 97.445 ms
Run time cloudsc_pattern_one iter 18: 97.490 ms
Run time cloudsc_pattern_one iter 19: 97.536 ms
Running with EXTRA_FLAGS='-qopt-zmm-usage=high -diag-enable=vec -qopt-report=5 -qopt-report-phase=vec', SUFFIX='force_width_512'
Run time cloudsc_pattern_one iter 0: 97.445 ms
Run time cloudsc_pattern_one iter 1: 97.745 ms
Run time cloudsc_pattern_one iter 2: 97.553 ms
Run time cloudsc_pattern_one iter 3: 97.455 ms
Run time cloudsc_pattern_one iter 4: 97.306 ms
Run time cloudsc_pattern_one iter 5: 97.395 ms
Run time cloudsc_pattern_one iter 6: 97.513 ms
Run time cloudsc_pattern_one iter 7: 97.387 ms
Run time cloudsc_pattern_one iter 8: 97.669 ms
Run time cloudsc_pattern_one iter 9: 97.832 ms
Run time cloudsc_pattern_one iter 10: 97.572 ms
Run time cloudsc_pattern_one iter 11: 97.502 ms
Run time cloudsc_pattern_one iter 12: 97.321 ms
Run time cloudsc_pattern_one iter 13: 97.325 ms
Run time cloudsc_pattern_one iter 14: 97.548 ms
Run time cloudsc_pattern_one iter 15: 97.356 ms
Run time cloudsc_pattern_one iter 16: 97.336 ms
Run time cloudsc_pattern_one iter 17: 97.385 ms
Run time cloudsc_pattern_one iter 18: 97.435 ms
Run time cloudsc_pattern_one iter 19: 97.269 ms
Running with EXTRA_FLAGS='-no-vec', SUFFIX='no_vectorize'
Run time cloudsc_pattern_one iter 0: 318.122 ms
Run time cloudsc_pattern_one iter 1: 318.177 ms
Run time cloudsc_pattern_one iter 2: 318.544 ms
Run time cloudsc_pattern_one iter 3: 318.088 ms
Run time cloudsc_pattern_one iter 4: 318.606 ms
Run time cloudsc_pattern_one iter 5: 318.215 ms
Run time cloudsc_pattern_one iter 6: 318.665 ms
Run time cloudsc_pattern_one iter 7: 318.588 ms
Run time cloudsc_pattern_one iter 8: 318.273 ms
Run time cloudsc_pattern_one iter 9: 318.310 ms
Run time cloudsc_pattern_one iter 10: 317.699 ms
Run time cloudsc_pattern_one iter 11: 318.601 ms
Run time cloudsc_pattern_one iter 12: 318.521 ms
Run time cloudsc_pattern_one iter 13: 318.932 ms
Run time cloudsc_pattern_one iter 14: 318.720 ms
Run time cloudsc_pattern_one iter 15: 318.358 ms
Run time cloudsc_pattern_one iter 16: 319.058 ms
Run time cloudsc_pattern_one iter 17: 318.710 ms
Run time cloudsc_pattern_one iter 18: 318.527 ms
Run time cloudsc_pattern_one iter 19: 318.899 ms
Running with EXTRA_FLAGS='', SUFFIX=''
Run time cloudsc_pattern_one iter 0: 313.665 ms
Run time cloudsc_pattern_one iter 1: 286.965 ms
Run time cloudsc_pattern_one iter 2: 266.979 ms
Run time cloudsc_pattern_one iter 3: 269.200 ms
Run time cloudsc_pattern_one iter 4: 283.078 ms
Run time cloudsc_pattern_one iter 5: 279.353 ms
Run time cloudsc_pattern_one iter 6: 293.645 ms
Run time cloudsc_pattern_one iter 7: 358.952 ms
Run time cloudsc_pattern_one iter 8: 296.499 ms
Run time cloudsc_pattern_one iter 9: 280.460 ms
Run time cloudsc_pattern_one iter 10: 298.708 ms
Run time cloudsc_pattern_one iter 11: 267.349 ms
Run time cloudsc_pattern_one iter 12: 270.339 ms
Run time cloudsc_pattern_one iter 13: 268.514 ms
Run time cloudsc_pattern_one iter 14: 269.417 ms
Run time cloudsc_pattern_one iter 15: 261.851 ms
Run time cloudsc_pattern_one iter 16: 267.700 ms
Run time cloudsc_pattern_one iter 17: 268.691 ms
Run time cloudsc_pattern_one iter 18: 279.390 ms
Run time cloudsc_pattern_one iter 19: 272.830 ms
Running with EXTRA_FLAGS='-qopt-zmm-usage=high -diag-enable=vec -qopt-report=5 -qopt-report-phase=vec', SUFFIX='force_width_512'
Run time cloudsc_pattern_one iter 0: 351.174 ms
Run time cloudsc_pattern_one iter 1: 252.209 ms
Run time cloudsc_pattern_one iter 2: 263.850 ms
Run time cloudsc_pattern_one iter 3: 197.032 ms
Run time cloudsc_pattern_one iter 4: 131.237 ms
Run time cloudsc_pattern_one iter 5: 143.662 ms
Run time cloudsc_pattern_one iter 6: 382.660 ms
Run time cloudsc_pattern_one iter 7: 370.204 ms
Run time cloudsc_pattern_one iter 8: 309.284 ms
Run time cloudsc_pattern_one iter 9: 241.151 ms
Run time cloudsc_pattern_one iter 10: 238.695 ms
Run time cloudsc_pattern_one iter 11: 239.540 ms
Run time cloudsc_pattern_one iter 12: 244.885 ms
Run time cloudsc_pattern_one iter 13: 177.291 ms
Run time cloudsc_pattern_one iter 14: 146.084 ms
Run time cloudsc_pattern_one iter 15: 84.013 ms
Run time cloudsc_pattern_one iter 16: 67.734 ms
Run time cloudsc_pattern_one iter 17: 69.430 ms
Run time cloudsc_pattern_one iter 18: 68.409 ms
Run time cloudsc_pattern_one iter 19: 68.637 ms
Running with EXTRA_FLAGS='-no-vec', SUFFIX='no_vectorize'
Run time cloudsc_pattern_one iter 0: 416.341 ms
Run time cloudsc_pattern_one iter 1: 390.729 ms
Run time cloudsc_pattern_one iter 2: 385.355 ms
Run time cloudsc_pattern_one iter 3: 416.798 ms
Run time cloudsc_pattern_one iter 4: 384.669 ms
Run time cloudsc_pattern_one iter 5: 388.330 ms
Run time cloudsc_pattern_one iter 6: 390.218 ms
Run time cloudsc_pattern_one iter 7: 385.892 ms
Run time cloudsc_pattern_one iter 8: 380.755 ms
Run time cloudsc_pattern_one iter 9: 366.332 ms
Run time cloudsc_pattern_one iter 10: 371.682 ms
Run time cloudsc_pattern_one iter 11: 388.037 ms
Run time cloudsc_pattern_one iter 12: 391.021 ms
Run time cloudsc_pattern_one iter 13: 368.284 ms
Run time cloudsc_pattern_one iter 14: 372.252 ms
Run time cloudsc_pattern_one iter 15: 367.775 ms
Run time cloudsc_pattern_one iter 16: 387.932 ms
Run time cloudsc_pattern_one iter 17: 382.239 ms
Run time cloudsc_pattern_one iter 18: 391.079 ms
Run time cloudsc_pattern_one iter 19: 368.349 ms
