Script path: 
Script dir:  
Running with EXTRA_FLAGS='', SUFFIX=''
Run time cloudsc_pattern_one iter 0: 105.950 ms
Run time cloudsc_pattern_one iter 1: 101.582 ms
Run time cloudsc_pattern_one iter 2: 101.755 ms
Run time cloudsc_pattern_one iter 3: 101.889 ms
Run time cloudsc_pattern_one iter 4: 101.431 ms
Run time cloudsc_pattern_one iter 5: 102.277 ms
Run time cloudsc_pattern_one iter 6: 106.874 ms
Run time cloudsc_pattern_one iter 7: 106.169 ms
Run time cloudsc_pattern_one iter 8: 106.287 ms
Run time cloudsc_pattern_one iter 9: 105.722 ms
Run time cloudsc_pattern_one iter 10: 106.052 ms
Run time cloudsc_pattern_one iter 11: 106.449 ms
Run time cloudsc_pattern_one iter 12: 106.264 ms
Run time cloudsc_pattern_one iter 13: 102.118 ms
Run time cloudsc_pattern_one iter 14: 106.552 ms
Run time cloudsc_pattern_one iter 15: 101.835 ms
Run time cloudsc_pattern_one iter 16: 101.891 ms
Run time cloudsc_pattern_one iter 17: 102.180 ms
Run time cloudsc_pattern_one iter 18: 106.970 ms
Run time cloudsc_pattern_one iter 19: 102.029 ms
Run time cloudsc_pattern_one iter 0: 106.774 ms
Run time cloudsc_pattern_one iter 1: 102.047 ms
Run time cloudsc_pattern_one iter 2: 102.351 ms
Run time cloudsc_pattern_one iter 3: 102.537 ms
Run time cloudsc_pattern_one iter 4: 104.003 ms
Run time cloudsc_pattern_one iter 5: 101.769 ms
Run time cloudsc_pattern_one iter 6: 102.178 ms
Run time cloudsc_pattern_one iter 7: 106.231 ms
Run time cloudsc_pattern_one iter 8: 106.004 ms
Run time cloudsc_pattern_one iter 9: 105.671 ms
Run time cloudsc_pattern_one iter 10: 103.866 ms
Run time cloudsc_pattern_one iter 11: 105.481 ms
Run time cloudsc_pattern_one iter 12: 101.828 ms
Run time cloudsc_pattern_one iter 13: 104.643 ms
Run time cloudsc_pattern_one iter 14: 101.659 ms
Run time cloudsc_pattern_one iter 15: 106.156 ms
Run time cloudsc_pattern_one iter 16: 104.116 ms
Run time cloudsc_pattern_one iter 17: 102.007 ms
Run time cloudsc_pattern_one iter 18: 105.901 ms
Run time cloudsc_pattern_one iter 19: 101.984 ms
Running with EXTRA_FLAGS='-qopt-zmm-usage=high -diag-enable=vec -qopt-report=5 -qopt-report-phase=vec', SUFFIX='force_width_512'
Run time cloudsc_pattern_one iter 0: 102.224 ms
Run time cloudsc_pattern_one iter 1: 102.183 ms
Run time cloudsc_pattern_one iter 2: 102.031 ms
Run time cloudsc_pattern_one iter 3: 101.950 ms
Run time cloudsc_pattern_one iter 4: 101.997 ms
Run time cloudsc_pattern_one iter 5: 102.053 ms
Run time cloudsc_pattern_one iter 6: 102.198 ms
Run time cloudsc_pattern_one iter 7: 102.122 ms
Run time cloudsc_pattern_one iter 8: 101.991 ms
Run time cloudsc_pattern_one iter 9: 101.985 ms
Run time cloudsc_pattern_one iter 10: 102.157 ms
Run time cloudsc_pattern_one iter 11: 102.071 ms
Run time cloudsc_pattern_one iter 12: 102.092 ms
Run time cloudsc_pattern_one iter 13: 102.051 ms
Run time cloudsc_pattern_one iter 14: 102.187 ms
Run time cloudsc_pattern_one iter 15: 102.300 ms
Run time cloudsc_pattern_one iter 16: 102.175 ms
Run time cloudsc_pattern_one iter 17: 102.265 ms
Run time cloudsc_pattern_one iter 18: 102.189 ms
Run time cloudsc_pattern_one iter 19: 102.406 ms
Run time cloudsc_pattern_one iter 0: 106.295 ms
Run time cloudsc_pattern_one iter 1: 102.280 ms
Run time cloudsc_pattern_one iter 2: 102.026 ms
Run time cloudsc_pattern_one iter 3: 101.707 ms
Run time cloudsc_pattern_one iter 4: 101.846 ms
Run time cloudsc_pattern_one iter 5: 101.900 ms
Run time cloudsc_pattern_one iter 6: 101.824 ms
Run time cloudsc_pattern_one iter 7: 102.075 ms
Run time cloudsc_pattern_one iter 8: 101.902 ms
Run time cloudsc_pattern_one iter 9: 101.843 ms
Run time cloudsc_pattern_one iter 10: 102.080 ms
Run time cloudsc_pattern_one iter 11: 102.356 ms
Run time cloudsc_pattern_one iter 12: 102.122 ms
Run time cloudsc_pattern_one iter 13: 107.457 ms
Run time cloudsc_pattern_one iter 14: 101.719 ms
Run time cloudsc_pattern_one iter 15: 102.134 ms
Run time cloudsc_pattern_one iter 16: 101.999 ms
Run time cloudsc_pattern_one iter 17: 101.921 ms
Run time cloudsc_pattern_one iter 18: 106.222 ms
Run time cloudsc_pattern_one iter 19: 102.187 ms
Running with EXTRA_FLAGS='-no-vec', SUFFIX='no_vectorize'
Run time cloudsc_pattern_one iter 0: 320.427 ms
Run time cloudsc_pattern_one iter 1: 320.441 ms
Run time cloudsc_pattern_one iter 2: 320.928 ms
Run time cloudsc_pattern_one iter 3: 320.855 ms
Run time cloudsc_pattern_one iter 4: 320.168 ms
Run time cloudsc_pattern_one iter 5: 321.272 ms
Run time cloudsc_pattern_one iter 6: 320.109 ms
Run time cloudsc_pattern_one iter 7: 319.975 ms
Run time cloudsc_pattern_one iter 8: 320.493 ms
Run time cloudsc_pattern_one iter 9: 320.829 ms
Run time cloudsc_pattern_one iter 10: 320.231 ms
Run time cloudsc_pattern_one iter 11: 320.783 ms
Run time cloudsc_pattern_one iter 12: 320.768 ms
Run time cloudsc_pattern_one iter 13: 321.297 ms
Run time cloudsc_pattern_one iter 14: 321.118 ms
Run time cloudsc_pattern_one iter 15: 320.784 ms
Run time cloudsc_pattern_one iter 16: 321.087 ms
Run time cloudsc_pattern_one iter 17: 320.172 ms
Run time cloudsc_pattern_one iter 18: 320.259 ms
Run time cloudsc_pattern_one iter 19: 320.856 ms
Run time cloudsc_pattern_one iter 0: 320.740 ms
Run time cloudsc_pattern_one iter 1: 320.783 ms
Run time cloudsc_pattern_one iter 2: 321.387 ms
Run time cloudsc_pattern_one iter 3: 320.724 ms
Run time cloudsc_pattern_one iter 4: 320.628 ms
Run time cloudsc_pattern_one iter 5: 320.102 ms
Run time cloudsc_pattern_one iter 6: 320.392 ms
Run time cloudsc_pattern_one iter 7: 321.032 ms
Run time cloudsc_pattern_one iter 8: 320.919 ms
Run time cloudsc_pattern_one iter 9: 321.054 ms
Run time cloudsc_pattern_one iter 10: 320.779 ms
Run time cloudsc_pattern_one iter 11: 321.509 ms
Run time cloudsc_pattern_one iter 12: 321.261 ms
Run time cloudsc_pattern_one iter 13: 321.079 ms
Run time cloudsc_pattern_one iter 14: 319.899 ms
Run time cloudsc_pattern_one iter 15: 320.334 ms
Run time cloudsc_pattern_one iter 16: 321.172 ms
Run time cloudsc_pattern_one iter 17: 320.871 ms
Run time cloudsc_pattern_one iter 18: 320.903 ms
Run time cloudsc_pattern_one iter 19: 319.731 ms
Running with EXTRA_FLAGS='', SUFFIX=''
Run time cloudsc_pattern_one iter 0: 2.289 ms
Run time cloudsc_pattern_one iter 1: 1.933 ms
Run time cloudsc_pattern_one iter 2: 2.046 ms
Run time cloudsc_pattern_one iter 3: 1.966 ms
Run time cloudsc_pattern_one iter 4: 2.048 ms
Run time cloudsc_pattern_one iter 5: 2.036 ms
Run time cloudsc_pattern_one iter 6: 1.959 ms
Run time cloudsc_pattern_one iter 7: 2.014 ms
Run time cloudsc_pattern_one iter 8: 2.070 ms
Run time cloudsc_pattern_one iter 9: 2.120 ms
Run time cloudsc_pattern_one iter 10: 1.987 ms
Run time cloudsc_pattern_one iter 11: 2.093 ms
Run time cloudsc_pattern_one iter 12: 2.017 ms
Run time cloudsc_pattern_one iter 13: 2.080 ms
Run time cloudsc_pattern_one iter 14: 2.007 ms
Run time cloudsc_pattern_one iter 15: 1.959 ms
Run time cloudsc_pattern_one iter 16: 2.014 ms
Run time cloudsc_pattern_one iter 17: 2.003 ms
Run time cloudsc_pattern_one iter 18: 2.065 ms
Run time cloudsc_pattern_one iter 19: 2.042 ms
Run time cloudsc_pattern_one iter 0: 2.075 ms
Run time cloudsc_pattern_one iter 1: 2.221 ms
Run time cloudsc_pattern_one iter 2: 2.026 ms
Run time cloudsc_pattern_one iter 3: 2.204 ms
Run time cloudsc_pattern_one iter 4: 2.108 ms
Run time cloudsc_pattern_one iter 5: 2.142 ms
Run time cloudsc_pattern_one iter 6: 1.856 ms
Run time cloudsc_pattern_one iter 7: 2.077 ms
Run time cloudsc_pattern_one iter 8: 2.047 ms
Run time cloudsc_pattern_one iter 9: 1.972 ms
Run time cloudsc_pattern_one iter 10: 2.092 ms
Run time cloudsc_pattern_one iter 11: 1.947 ms
Run time cloudsc_pattern_one iter 12: 2.089 ms
Run time cloudsc_pattern_one iter 13: 2.087 ms
Run time cloudsc_pattern_one iter 14: 2.031 ms
Run time cloudsc_pattern_one iter 15: 2.160 ms
Run time cloudsc_pattern_one iter 16: 2.102 ms
Run time cloudsc_pattern_one iter 17: 2.179 ms
Run time cloudsc_pattern_one iter 18: 1.962 ms
Run time cloudsc_pattern_one iter 19: 1.956 ms
Running with EXTRA_FLAGS='-qopt-zmm-usage=high -diag-enable=vec -qopt-report=5 -qopt-report-phase=vec', SUFFIX='force_width_512'
Run time cloudsc_pattern_one iter 0: 2.039 ms
Run time cloudsc_pattern_one iter 1: 1.885 ms
Run time cloudsc_pattern_one iter 2: 1.976 ms
Run time cloudsc_pattern_one iter 3: 1.845 ms
Run time cloudsc_pattern_one iter 4: 1.900 ms
Run time cloudsc_pattern_one iter 5: 1.848 ms
Run time cloudsc_pattern_one iter 6: 1.829 ms
Run time cloudsc_pattern_one iter 7: 1.859 ms
Run time cloudsc_pattern_one iter 8: 1.902 ms
Run time cloudsc_pattern_one iter 9: 1.848 ms
Run time cloudsc_pattern_one iter 10: 1.857 ms
Run time cloudsc_pattern_one iter 11: 1.928 ms
Run time cloudsc_pattern_one iter 12: 1.887 ms
Run time cloudsc_pattern_one iter 13: 1.824 ms
Run time cloudsc_pattern_one iter 14: 1.836 ms
Run time cloudsc_pattern_one iter 15: 1.835 ms
Run time cloudsc_pattern_one iter 16: 1.925 ms
Run time cloudsc_pattern_one iter 17: 1.798 ms
Run time cloudsc_pattern_one iter 18: 1.786 ms
Run time cloudsc_pattern_one iter 19: 1.841 ms
Run time cloudsc_pattern_one iter 0: 2.083 ms
Run time cloudsc_pattern_one iter 1: 1.828 ms
Run time cloudsc_pattern_one iter 2: 1.853 ms
Run time cloudsc_pattern_one iter 3: 1.768 ms
Run time cloudsc_pattern_one iter 4: 1.822 ms
Run time cloudsc_pattern_one iter 5: 1.845 ms
Run time cloudsc_pattern_one iter 6: 1.837 ms
Run time cloudsc_pattern_one iter 7: 1.950 ms
Run time cloudsc_pattern_one iter 8: 1.892 ms
Run time cloudsc_pattern_one iter 9: 1.834 ms
Run time cloudsc_pattern_one iter 10: 1.939 ms
Run time cloudsc_pattern_one iter 11: 1.873 ms
Run time cloudsc_pattern_one iter 12: 1.843 ms
Run time cloudsc_pattern_one iter 13: 1.802 ms
Run time cloudsc_pattern_one iter 14: 1.837 ms
Run time cloudsc_pattern_one iter 15: 1.767 ms
Run time cloudsc_pattern_one iter 16: 1.854 ms
Run time cloudsc_pattern_one iter 17: 1.930 ms
Run time cloudsc_pattern_one iter 18: 1.948 ms
Run time cloudsc_pattern_one iter 19: 1.849 ms
Running with EXTRA_FLAGS='-no-vec', SUFFIX='no_vectorize'
Run time cloudsc_pattern_one iter 0: 5.212 ms
Run time cloudsc_pattern_one iter 1: 5.078 ms
Run time cloudsc_pattern_one iter 2: 5.067 ms
Run time cloudsc_pattern_one iter 3: 5.106 ms
Run time cloudsc_pattern_one iter 4: 5.081 ms
Run time cloudsc_pattern_one iter 5: 5.065 ms
Run time cloudsc_pattern_one iter 6: 5.094 ms
Run time cloudsc_pattern_one iter 7: 5.131 ms
Run time cloudsc_pattern_one iter 8: 5.105 ms
Run time cloudsc_pattern_one iter 9: 5.124 ms
Run time cloudsc_pattern_one iter 10: 5.126 ms
Run time cloudsc_pattern_one iter 11: 5.347 ms
Run time cloudsc_pattern_one iter 12: 5.135 ms
Run time cloudsc_pattern_one iter 13: 5.099 ms
Run time cloudsc_pattern_one iter 14: 5.117 ms
Run time cloudsc_pattern_one iter 15: 5.858 ms
Run time cloudsc_pattern_one iter 16: 5.103 ms
Run time cloudsc_pattern_one iter 17: 5.130 ms
Run time cloudsc_pattern_one iter 18: 5.098 ms
Run time cloudsc_pattern_one iter 19: 5.114 ms
Run time cloudsc_pattern_one iter 0: 5.025 ms
Run time cloudsc_pattern_one iter 1: 5.028 ms
Run time cloudsc_pattern_one iter 2: 5.072 ms
Run time cloudsc_pattern_one iter 3: 5.092 ms
Run time cloudsc_pattern_one iter 4: 5.108 ms
Run time cloudsc_pattern_one iter 5: 5.115 ms
Run time cloudsc_pattern_one iter 6: 5.119 ms
Run time cloudsc_pattern_one iter 7: 5.101 ms
Run time cloudsc_pattern_one iter 8: 5.112 ms
Run time cloudsc_pattern_one iter 9: 5.133 ms
Run time cloudsc_pattern_one iter 10: 5.081 ms
Run time cloudsc_pattern_one iter 11: 5.141 ms
Run time cloudsc_pattern_one iter 12: 5.146 ms
Run time cloudsc_pattern_one iter 13: 5.146 ms
Run time cloudsc_pattern_one iter 14: 5.160 ms
Run time cloudsc_pattern_one iter 15: 5.140 ms
Run time cloudsc_pattern_one iter 16: 5.168 ms
Run time cloudsc_pattern_one iter 17: 5.136 ms
Run time cloudsc_pattern_one iter 18: 5.253 ms
Run time cloudsc_pattern_one iter 19: 5.300 ms
