Physical cores: 128
Run time jacobi2d iter 0: 23.974 ms
Run time jacobi2d iter 1: 23.439 ms
Run time jacobi2d iter 2: 23.774 ms
Run time jacobi2d iter 3: 23.632 ms
Run time jacobi2d iter 4: 23.588 ms
Run time jacobi2d iter 5: 23.461 ms
Run time jacobi2d iter 6: 23.867 ms
Run time jacobi2d iter 7: 23.631 ms
Run time jacobi2d iter 8: 23.683 ms
Run time jacobi2d iter 9: 23.608 ms
Run time jacobi2d_vectorized_static_veclen_8_no_cpy iter 0: 9.795 ms
Run time jacobi2d_vectorized_static_veclen_8_no_cpy iter 1: 9.816 ms
Run time jacobi2d_vectorized_static_veclen_8_no_cpy iter 2: 9.858 ms
Run time jacobi2d_vectorized_static_veclen_8_no_cpy iter 3: 9.820 ms
Run time jacobi2d_vectorized_static_veclen_8_no_cpy iter 4: 9.811 ms
Run time jacobi2d_vectorized_static_veclen_8_no_cpy iter 5: 9.892 ms
Run time jacobi2d_vectorized_static_veclen_8_no_cpy iter 6: 9.938 ms
Run time jacobi2d_vectorized_static_veclen_8_no_cpy iter 7: 9.836 ms
Run time jacobi2d_vectorized_static_veclen_8_no_cpy iter 8: 9.816 ms
Run time jacobi2d_vectorized_static_veclen_8_no_cpy iter 9: 9.866 ms
Run time jacobi2d_vectorized_static_veclen_8_cpy iter 0: 19.736 ms
Run time jacobi2d_vectorized_static_veclen_8_cpy iter 1: 19.735 ms
Run time jacobi2d_vectorized_static_veclen_8_cpy iter 2: 19.718 ms
Run time jacobi2d_vectorized_static_veclen_8_cpy iter 3: 19.617 ms
Run time jacobi2d_vectorized_static_veclen_8_cpy iter 4: 19.907 ms
Run time jacobi2d_vectorized_static_veclen_8_cpy iter 5: 19.657 ms
Run time jacobi2d_vectorized_static_veclen_8_cpy iter 6: 19.659 ms
Run time jacobi2d_vectorized_static_veclen_8_cpy iter 7: 19.675 ms
Run time jacobi2d_vectorized_static_veclen_8_cpy iter 8: 19.699 ms
Run time jacobi2d_vectorized_static_veclen_8_cpy iter 9: 19.822 ms
Run time jacobi2d_vectorized_static_veclen_16_no_cpy iter 0: 32.436 ms
Run time jacobi2d_vectorized_static_veclen_16_no_cpy iter 1: 32.545 ms
Run time jacobi2d_vectorized_static_veclen_16_no_cpy iter 2: 32.876 ms
Run time jacobi2d_vectorized_static_veclen_16_no_cpy iter 3: 33.130 ms
Run time jacobi2d_vectorized_static_veclen_16_no_cpy iter 4: 34.067 ms
Run time jacobi2d_vectorized_static_veclen_16_no_cpy iter 5: 31.171 ms
Run time jacobi2d_vectorized_static_veclen_16_no_cpy iter 6: 31.241 ms
Run time jacobi2d_vectorized_static_veclen_16_no_cpy iter 7: 31.230 ms
Run time jacobi2d_vectorized_static_veclen_16_no_cpy iter 8: 32.782 ms
Run time jacobi2d_vectorized_static_veclen_16_no_cpy iter 9: 33.078 ms
Run time jacobi2d_vectorized_static_veclen_16_cpy iter 0: 47.367 ms
Run time jacobi2d_vectorized_static_veclen_16_cpy iter 1: 47.162 ms
Run time jacobi2d_vectorized_static_veclen_16_cpy iter 2: 47.039 ms
Run time jacobi2d_vectorized_static_veclen_16_cpy iter 3: 47.117 ms
Run time jacobi2d_vectorized_static_veclen_16_cpy iter 4: 47.147 ms
Run time jacobi2d_vectorized_static_veclen_16_cpy iter 5: 47.080 ms
Run time jacobi2d_vectorized_static_veclen_16_cpy iter 6: 47.179 ms
Run time jacobi2d_vectorized_static_veclen_16_cpy iter 7: 47.319 ms
Run time jacobi2d_vectorized_static_veclen_16_cpy iter 8: 46.213 ms
Run time jacobi2d_vectorized_static_veclen_16_cpy iter 9: 47.046 ms
Run time jacobi2d_vectorized_static_veclen_32_no_cpy iter 0: 27.582 ms
Run time jacobi2d_vectorized_static_veclen_32_no_cpy iter 1: 27.880 ms
Run time jacobi2d_vectorized_static_veclen_32_no_cpy iter 2: 27.695 ms
Run time jacobi2d_vectorized_static_veclen_32_no_cpy iter 3: 27.766 ms
Run time jacobi2d_vectorized_static_veclen_32_no_cpy iter 4: 27.597 ms
Run time jacobi2d_vectorized_static_veclen_32_no_cpy iter 5: 27.875 ms
Run time jacobi2d_vectorized_static_veclen_32_no_cpy iter 6: 27.565 ms
Run time jacobi2d_vectorized_static_veclen_32_no_cpy iter 7: 27.663 ms
Run time jacobi2d_vectorized_static_veclen_32_no_cpy iter 8: 27.510 ms
Run time jacobi2d_vectorized_static_veclen_32_no_cpy iter 9: 27.500 ms
Run time jacobi2d_vectorized_static_veclen_32_cpy iter 0: 41.532 ms
Run time jacobi2d_vectorized_static_veclen_32_cpy iter 1: 42.003 ms
Run time jacobi2d_vectorized_static_veclen_32_cpy iter 2: 41.748 ms
Run time jacobi2d_vectorized_static_veclen_32_cpy iter 3: 41.657 ms
Run time jacobi2d_vectorized_static_veclen_32_cpy iter 4: 41.672 ms
Run time jacobi2d_vectorized_static_veclen_32_cpy iter 5: 41.722 ms
Run time jacobi2d_vectorized_static_veclen_32_cpy iter 6: 41.599 ms
Run time jacobi2d_vectorized_static_veclen_32_cpy iter 7: 42.271 ms
Run time jacobi2d_vectorized_static_veclen_32_cpy iter 8: 41.945 ms
Run time jacobi2d_vectorized_static_veclen_32_cpy iter 9: 42.091 ms
Saved timing results to jacobi2d_timings_jacobi2d_timings_amd_epyc_gcc_1_core.csv.csv
Run time jacobi2d iter 0: 120.589 ms
Run time jacobi2d iter 1: 118.825 ms
Run time jacobi2d iter 2: 119.156 ms
Run time jacobi2d iter 3: 118.921 ms
Run time jacobi2d iter 4: 120.688 ms
Run time jacobi2d iter 5: 119.000 ms
Run time jacobi2d iter 6: 118.127 ms
Run time jacobi2d iter 7: 118.209 ms
Run time jacobi2d iter 8: 115.925 ms
Run time jacobi2d iter 9: 140.384 ms
Run time jacobi2d_vectorized_static_veclen_8_no_cpy iter 0: 60.665 ms
Run time jacobi2d_vectorized_static_veclen_8_no_cpy iter 1: 63.832 ms
Run time jacobi2d_vectorized_static_veclen_8_no_cpy iter 2: 64.254 ms
Run time jacobi2d_vectorized_static_veclen_8_no_cpy iter 3: 64.876 ms
Run time jacobi2d_vectorized_static_veclen_8_no_cpy iter 4: 63.849 ms
Run time jacobi2d_vectorized_static_veclen_8_no_cpy iter 5: 64.414 ms
Run time jacobi2d_vectorized_static_veclen_8_no_cpy iter 6: 64.744 ms
Run time jacobi2d_vectorized_static_veclen_8_no_cpy iter 7: 64.465 ms
Run time jacobi2d_vectorized_static_veclen_8_no_cpy iter 8: 64.188 ms
Run time jacobi2d_vectorized_static_veclen_8_no_cpy iter 9: 64.086 ms
Run time jacobi2d_vectorized_static_veclen_8_cpy iter 0: 93.673 ms
Run time jacobi2d_vectorized_static_veclen_8_cpy iter 1: 93.726 ms
Run time jacobi2d_vectorized_static_veclen_8_cpy iter 2: 93.883 ms
Run time jacobi2d_vectorized_static_veclen_8_cpy iter 3: 94.020 ms
Run time jacobi2d_vectorized_static_veclen_8_cpy iter 4: 93.549 ms
Run time jacobi2d_vectorized_static_veclen_8_cpy iter 5: 93.154 ms
Run time jacobi2d_vectorized_static_veclen_8_cpy iter 6: 93.224 ms
Run time jacobi2d_vectorized_static_veclen_8_cpy iter 7: 92.882 ms
Run time jacobi2d_vectorized_static_veclen_8_cpy iter 8: 92.541 ms
Run time jacobi2d_vectorized_static_veclen_8_cpy iter 9: 114.202 ms
Run time jacobi2d_vectorized_static_veclen_16_no_cpy iter 0: 129.577 ms
Run time jacobi2d_vectorized_static_veclen_16_no_cpy iter 1: 129.844 ms
Run time jacobi2d_vectorized_static_veclen_16_no_cpy iter 2: 129.738 ms
Run time jacobi2d_vectorized_static_veclen_16_no_cpy iter 3: 129.458 ms
Run time jacobi2d_vectorized_static_veclen_16_no_cpy iter 4: 129.476 ms
Run time jacobi2d_vectorized_static_veclen_16_no_cpy iter 5: 129.384 ms
Run time jacobi2d_vectorized_static_veclen_16_no_cpy iter 6: 129.690 ms
Run time jacobi2d_vectorized_static_veclen_16_no_cpy iter 7: 129.324 ms
Run time jacobi2d_vectorized_static_veclen_16_no_cpy iter 8: 128.455 ms
Run time jacobi2d_vectorized_static_veclen_16_no_cpy iter 9: 137.645 ms
Run time jacobi2d_vectorized_static_veclen_16_cpy iter 0: 205.044 ms
Run time jacobi2d_vectorized_static_veclen_16_cpy iter 1: 206.629 ms
Run time jacobi2d_vectorized_static_veclen_16_cpy iter 2: 198.590 ms
Run time jacobi2d_vectorized_static_veclen_16_cpy iter 3: 199.166 ms
Run time jacobi2d_vectorized_static_veclen_16_cpy iter 4: 200.563 ms
Run time jacobi2d_vectorized_static_veclen_16_cpy iter 5: 202.625 ms
Run time jacobi2d_vectorized_static_veclen_16_cpy iter 6: 199.729 ms
Run time jacobi2d_vectorized_static_veclen_16_cpy iter 7: 196.483 ms
Run time jacobi2d_vectorized_static_veclen_16_cpy iter 8: 190.126 ms
Run time jacobi2d_vectorized_static_veclen_16_cpy iter 9: 188.810 ms
Run time jacobi2d_vectorized_static_veclen_32_no_cpy iter 0: 141.532 ms
Run time jacobi2d_vectorized_static_veclen_32_no_cpy iter 1: 142.468 ms
Run time jacobi2d_vectorized_static_veclen_32_no_cpy iter 2: 140.967 ms
Run time jacobi2d_vectorized_static_veclen_32_no_cpy iter 3: 143.849 ms
Run time jacobi2d_vectorized_static_veclen_32_no_cpy iter 4: 143.438 ms
Run time jacobi2d_vectorized_static_veclen_32_no_cpy iter 5: 142.466 ms
Run time jacobi2d_vectorized_static_veclen_32_no_cpy iter 6: 142.330 ms
Run time jacobi2d_vectorized_static_veclen_32_no_cpy iter 7: 139.770 ms
Run time jacobi2d_vectorized_static_veclen_32_no_cpy iter 8: 143.262 ms
Run time jacobi2d_vectorized_static_veclen_32_no_cpy iter 9: 142.876 ms
Run time jacobi2d_vectorized_static_veclen_32_cpy iter 0: 175.496 ms
Run time jacobi2d_vectorized_static_veclen_32_cpy iter 1: 175.447 ms
Run time jacobi2d_vectorized_static_veclen_32_cpy iter 2: 176.154 ms
Run time jacobi2d_vectorized_static_veclen_32_cpy iter 3: 176.114 ms
Run time jacobi2d_vectorized_static_veclen_32_cpy iter 4: 176.318 ms
Run time jacobi2d_vectorized_static_veclen_32_cpy iter 5: 176.082 ms
Run time jacobi2d_vectorized_static_veclen_32_cpy iter 6: 176.671 ms
Run time jacobi2d_vectorized_static_veclen_32_cpy iter 7: 176.255 ms
Run time jacobi2d_vectorized_static_veclen_32_cpy iter 8: 176.820 ms
Run time jacobi2d_vectorized_static_veclen_32_cpy iter 9: 176.364 ms
Saved timing results to jacobi2d_timings_jacobi2d_timings_amd_epyc_gcc_1_core.csv.csv
Run time jacobi2d iter 0: 397.879 ms
Run time jacobi2d iter 1: 401.603 ms
Run time jacobi2d iter 2: 400.947 ms
Run time jacobi2d iter 3: 442.724 ms
Run time jacobi2d iter 4: 514.078 ms
Run time jacobi2d iter 5: 510.511 ms
Run time jacobi2d iter 6: 512.124 ms
Run time jacobi2d iter 7: 507.768 ms
Run time jacobi2d iter 8: 509.328 ms
Run time jacobi2d iter 9: 491.803 ms
Run time jacobi2d_vectorized_static_veclen_8_no_cpy iter 0: 420.255 ms
Run time jacobi2d_vectorized_static_veclen_8_no_cpy iter 1: 413.045 ms
Run time jacobi2d_vectorized_static_veclen_8_no_cpy iter 2: 426.498 ms
Run time jacobi2d_vectorized_static_veclen_8_no_cpy iter 3: 427.923 ms
Run time jacobi2d_vectorized_static_veclen_8_no_cpy iter 4: 420.541 ms
Run time jacobi2d_vectorized_static_veclen_8_no_cpy iter 5: 427.899 ms
Run time jacobi2d_vectorized_static_veclen_8_no_cpy iter 6: 415.106 ms
Run time jacobi2d_vectorized_static_veclen_8_no_cpy iter 7: 428.071 ms
Run time jacobi2d_vectorized_static_veclen_8_no_cpy iter 8: 428.286 ms
Run time jacobi2d_vectorized_static_veclen_8_no_cpy iter 9: 431.897 ms
Run time jacobi2d_vectorized_static_veclen_8_cpy iter 0: 502.096 ms
Run time jacobi2d_vectorized_static_veclen_8_cpy iter 1: 502.422 ms
Run time jacobi2d_vectorized_static_veclen_8_cpy iter 2: 494.722 ms
Run time jacobi2d_vectorized_static_veclen_8_cpy iter 3: 470.400 ms
Run time jacobi2d_vectorized_static_veclen_8_cpy iter 4: 481.336 ms
Run time jacobi2d_vectorized_static_veclen_8_cpy iter 5: 474.536 ms
Run time jacobi2d_vectorized_static_veclen_8_cpy iter 6: 484.760 ms
Run time jacobi2d_vectorized_static_veclen_8_cpy iter 7: 458.036 ms
Run time jacobi2d_vectorized_static_veclen_8_cpy iter 8: 388.850 ms
Run time jacobi2d_vectorized_static_veclen_8_cpy iter 9: 388.551 ms
Run time jacobi2d_vectorized_static_veclen_16_no_cpy iter 0: 555.076 ms
Run time jacobi2d_vectorized_static_veclen_16_no_cpy iter 1: 555.232 ms
Run time jacobi2d_vectorized_static_veclen_16_no_cpy iter 2: 555.028 ms
Run time jacobi2d_vectorized_static_veclen_16_no_cpy iter 3: 546.647 ms
Run time jacobi2d_vectorized_static_veclen_16_no_cpy iter 4: 519.666 ms
Run time jacobi2d_vectorized_static_veclen_16_no_cpy iter 5: 519.486 ms
Run time jacobi2d_vectorized_static_veclen_16_no_cpy iter 6: 520.488 ms
Run time jacobi2d_vectorized_static_veclen_16_no_cpy iter 7: 520.597 ms
Run time jacobi2d_vectorized_static_veclen_16_no_cpy iter 8: 531.001 ms
Run time jacobi2d_vectorized_static_veclen_16_no_cpy iter 9: 555.128 ms
Run time jacobi2d_vectorized_static_veclen_16_cpy iter 0: 764.306 ms
Run time jacobi2d_vectorized_static_veclen_16_cpy iter 1: 764.601 ms
Run time jacobi2d_vectorized_static_veclen_16_cpy iter 2: 779.147 ms
Run time jacobi2d_vectorized_static_veclen_16_cpy iter 3: 780.650 ms
Run time jacobi2d_vectorized_static_veclen_16_cpy iter 4: 780.246 ms
Run time jacobi2d_vectorized_static_veclen_16_cpy iter 5: 783.217 ms
Run time jacobi2d_vectorized_static_veclen_16_cpy iter 6: 782.326 ms
Run time jacobi2d_vectorized_static_veclen_16_cpy iter 7: 781.615 ms
Run time jacobi2d_vectorized_static_veclen_16_cpy iter 8: 778.550 ms
Run time jacobi2d_vectorized_static_veclen_16_cpy iter 9: 781.245 ms
Run time jacobi2d_vectorized_static_veclen_32_no_cpy iter 0: 544.640 ms
Run time jacobi2d_vectorized_static_veclen_32_no_cpy iter 1: 544.388 ms
Run time jacobi2d_vectorized_static_veclen_32_no_cpy iter 2: 542.712 ms
Run time jacobi2d_vectorized_static_veclen_32_no_cpy iter 3: 543.562 ms
Run time jacobi2d_vectorized_static_veclen_32_no_cpy iter 4: 544.224 ms
Run time jacobi2d_vectorized_static_veclen_32_no_cpy iter 5: 543.955 ms
Run time jacobi2d_vectorized_static_veclen_32_no_cpy iter 6: 527.482 ms
Run time jacobi2d_vectorized_static_veclen_32_no_cpy iter 7: 475.599 ms
Run time jacobi2d_vectorized_static_veclen_32_no_cpy iter 8: 475.592 ms
Run time jacobi2d_vectorized_static_veclen_32_no_cpy iter 9: 475.835 ms
Run time jacobi2d_vectorized_static_veclen_32_cpy iter 0: 736.363 ms
Run time jacobi2d_vectorized_static_veclen_32_cpy iter 1: 739.365 ms
Run time jacobi2d_vectorized_static_veclen_32_cpy iter 2: 736.888 ms
Run time jacobi2d_vectorized_static_veclen_32_cpy iter 3: 739.027 ms
Run time jacobi2d_vectorized_static_veclen_32_cpy iter 4: 739.307 ms
Run time jacobi2d_vectorized_static_veclen_32_cpy iter 5: 739.861 ms
Run time jacobi2d_vectorized_static_veclen_32_cpy iter 6: 743.867 ms
Run time jacobi2d_vectorized_static_veclen_32_cpy iter 7: 741.371 ms
Run time jacobi2d_vectorized_static_veclen_32_cpy iter 8: 715.781 ms
Run time jacobi2d_vectorized_static_veclen_32_cpy iter 9: 741.660 ms
Saved timing results to jacobi2d_timings_jacobi2d_timings_amd_epyc_gcc_1_core.csv.csv
Run time jacobi2d iter 0: 1750.105 ms
Run time jacobi2d iter 1: 2058.369 ms
Run time jacobi2d iter 2: 2025.678 ms
Run time jacobi2d iter 3: 1917.714 ms
Run time jacobi2d iter 4: 2052.819 ms
Run time jacobi2d iter 5: 2050.180 ms
Run time jacobi2d iter 6: 2049.886 ms
Run time jacobi2d iter 7: 2056.534 ms
Run time jacobi2d iter 8: 2056.158 ms
Run time jacobi2d iter 9: 1623.236 ms
Run time jacobi2d_vectorized_static_veclen_8_no_cpy iter 0: 1753.910 ms
Run time jacobi2d_vectorized_static_veclen_8_no_cpy iter 1: 1771.263 ms
Run time jacobi2d_vectorized_static_veclen_8_no_cpy iter 2: 1755.897 ms
Run time jacobi2d_vectorized_static_veclen_8_no_cpy iter 3: 1763.329 ms
Run time jacobi2d_vectorized_static_veclen_8_no_cpy iter 4: 1769.559 ms
Run time jacobi2d_vectorized_static_veclen_8_no_cpy iter 5: 1770.298 ms
Run time jacobi2d_vectorized_static_veclen_8_no_cpy iter 6: 1657.992 ms
Run time jacobi2d_vectorized_static_veclen_8_no_cpy iter 7: 1767.111 ms
Run time jacobi2d_vectorized_static_veclen_8_no_cpy iter 8: 1271.013 ms
Run time jacobi2d_vectorized_static_veclen_8_no_cpy iter 9: 1181.984 ms
Run time jacobi2d_vectorized_static_veclen_8_cpy iter 0: 2030.929 ms
Run time jacobi2d_vectorized_static_veclen_8_cpy iter 1: 2030.936 ms
Run time jacobi2d_vectorized_static_veclen_8_cpy iter 2: 1998.558 ms
Run time jacobi2d_vectorized_static_veclen_8_cpy iter 3: 1966.721 ms
Run time jacobi2d_vectorized_static_veclen_8_cpy iter 4: 2027.652 ms
Run time jacobi2d_vectorized_static_veclen_8_cpy iter 5: 2023.701 ms
Run time jacobi2d_vectorized_static_veclen_8_cpy iter 6: 1569.409 ms
Run time jacobi2d_vectorized_static_veclen_8_cpy iter 7: 1551.079 ms
Run time jacobi2d_vectorized_static_veclen_8_cpy iter 8: 1769.913 ms
Run time jacobi2d_vectorized_static_veclen_8_cpy iter 9: 2006.921 ms
Run time jacobi2d_vectorized_static_veclen_16_no_cpy iter 0: 2402.911 ms
Run time jacobi2d_vectorized_static_veclen_16_no_cpy iter 1: 2409.138 ms
Run time jacobi2d_vectorized_static_veclen_16_no_cpy iter 2: 2388.900 ms
Run time jacobi2d_vectorized_static_veclen_16_no_cpy iter 3: 2276.858 ms
Run time jacobi2d_vectorized_static_veclen_16_no_cpy iter 4: 2258.127 ms
Run time jacobi2d_vectorized_static_veclen_16_no_cpy iter 5: 2394.233 ms
Run time jacobi2d_vectorized_static_veclen_16_no_cpy iter 6: 2438.196 ms
Run time jacobi2d_vectorized_static_veclen_16_no_cpy iter 7: 2431.895 ms
Run time jacobi2d_vectorized_static_veclen_16_no_cpy iter 8: 2416.581 ms
Run time jacobi2d_vectorized_static_veclen_16_no_cpy iter 9: 2427.450 ms
Run time jacobi2d_vectorized_static_veclen_16_cpy iter 0: 3263.081 ms
Run time jacobi2d_vectorized_static_veclen_16_cpy iter 1: 3263.466 ms
Run time jacobi2d_vectorized_static_veclen_16_cpy iter 2: 3264.258 ms
Run time jacobi2d_vectorized_static_veclen_16_cpy iter 3: 3261.434 ms
Run time jacobi2d_vectorized_static_veclen_16_cpy iter 4: 3257.498 ms
Run time jacobi2d_vectorized_static_veclen_16_cpy iter 5: 3263.897 ms
Run time jacobi2d_vectorized_static_veclen_16_cpy iter 6: 3252.884 ms
Run time jacobi2d_vectorized_static_veclen_16_cpy iter 7: 3252.626 ms
Run time jacobi2d_vectorized_static_veclen_16_cpy iter 8: 3254.300 ms
Run time jacobi2d_vectorized_static_veclen_16_cpy iter 9: 3257.460 ms
Run time jacobi2d_vectorized_static_veclen_32_no_cpy iter 0: 2259.281 ms
Run time jacobi2d_vectorized_static_veclen_32_no_cpy iter 1: 2263.818 ms
Run time jacobi2d_vectorized_static_veclen_32_no_cpy iter 2: 2276.593 ms
Run time jacobi2d_vectorized_static_veclen_32_no_cpy iter 3: 2266.729 ms
Run time jacobi2d_vectorized_static_veclen_32_no_cpy iter 4: 2265.708 ms
Run time jacobi2d_vectorized_static_veclen_32_no_cpy iter 5: 2243.252 ms
Run time jacobi2d_vectorized_static_veclen_32_no_cpy iter 6: 2249.485 ms
Run time jacobi2d_vectorized_static_veclen_32_no_cpy iter 7: 2271.787 ms
Run time jacobi2d_vectorized_static_veclen_32_no_cpy iter 8: 2249.993 ms
Run time jacobi2d_vectorized_static_veclen_32_no_cpy iter 9: 2131.835 ms
Run time jacobi2d_vectorized_static_veclen_32_cpy iter 0: 3193.153 ms
Run time jacobi2d_vectorized_static_veclen_32_cpy iter 1: 3178.753 ms
Run time jacobi2d_vectorized_static_veclen_32_cpy iter 2: 3159.013 ms
Run time jacobi2d_vectorized_static_veclen_32_cpy iter 3: 3163.822 ms
Run time jacobi2d_vectorized_static_veclen_32_cpy iter 4: 3182.180 ms
Run time jacobi2d_vectorized_static_veclen_32_cpy iter 5: 3166.263 ms
Run time jacobi2d_vectorized_static_veclen_32_cpy iter 6: 3158.953 ms
Run time jacobi2d_vectorized_static_veclen_32_cpy iter 7: 3159.351 ms
Run time jacobi2d_vectorized_static_veclen_32_cpy iter 8: 3181.630 ms
Run time jacobi2d_vectorized_static_veclen_32_cpy iter 9: 3195.022 ms
Saved timing results to jacobi2d_timings_jacobi2d_timings_amd_epyc_gcc_1_core.csv.csv
Run time jacobi2d iter 0: 8245.323 ms
Run time jacobi2d iter 1: 7589.026 ms
Run time jacobi2d iter 2: 7554.423 ms
Run time jacobi2d iter 3: 8204.291 ms
Run time jacobi2d iter 4: 8191.781 ms
Run time jacobi2d iter 5: 8208.817 ms
Run time jacobi2d iter 6: 8205.199 ms
Run time jacobi2d iter 7: 8164.142 ms
Run time jacobi2d iter 8: 8029.166 ms
Run time jacobi2d iter 9: 8174.406 ms
Run time jacobi2d_vectorized_static_veclen_8_no_cpy iter 0: 6263.769 ms
Run time jacobi2d_vectorized_static_veclen_8_no_cpy iter 1: 6790.300 ms
Run time jacobi2d_vectorized_static_veclen_8_no_cpy iter 2: 7007.489 ms
Run time jacobi2d_vectorized_static_veclen_8_no_cpy iter 3: 6999.542 ms
Run time jacobi2d_vectorized_static_veclen_8_no_cpy iter 4: 6944.742 ms
Run time jacobi2d_vectorized_static_veclen_8_no_cpy iter 5: 7008.689 ms
Run time jacobi2d_vectorized_static_veclen_8_no_cpy iter 6: 7003.479 ms
Run time jacobi2d_vectorized_static_veclen_8_no_cpy iter 7: 6995.395 ms
Run time jacobi2d_vectorized_static_veclen_8_no_cpy iter 8: 6996.705 ms
Run time jacobi2d_vectorized_static_veclen_8_no_cpy iter 9: 6996.100 ms
Run time jacobi2d_vectorized_static_veclen_8_cpy iter 0: 8188.419 ms
Run time jacobi2d_vectorized_static_veclen_8_cpy iter 1: 8165.993 ms
Run time jacobi2d_vectorized_static_veclen_8_cpy iter 2: 8088.268 ms
Run time jacobi2d_vectorized_static_veclen_8_cpy iter 3: 8139.366 ms
Run time jacobi2d_vectorized_static_veclen_8_cpy iter 4: 8174.094 ms
Run time jacobi2d_vectorized_static_veclen_8_cpy iter 5: 8150.892 ms
Run time jacobi2d_vectorized_static_veclen_8_cpy iter 6: 8158.449 ms
Run time jacobi2d_vectorized_static_veclen_8_cpy iter 7: 8191.988 ms
Run time jacobi2d_vectorized_static_veclen_8_cpy iter 8: 7059.036 ms
Run time jacobi2d_vectorized_static_veclen_8_cpy iter 9: 8042.175 ms
Run time jacobi2d_vectorized_static_veclen_16_no_cpy iter 0: 9030.772 ms
Run time jacobi2d_vectorized_static_veclen_16_no_cpy iter 1: 9028.302 ms
Run time jacobi2d_vectorized_static_veclen_16_no_cpy iter 2: 9736.871 ms
Run time jacobi2d_vectorized_static_veclen_16_no_cpy iter 3: 9678.129 ms
Run time jacobi2d_vectorized_static_veclen_16_no_cpy iter 4: 9789.348 ms
Run time jacobi2d_vectorized_static_veclen_16_no_cpy iter 5: 9393.428 ms
Run time jacobi2d_vectorized_static_veclen_16_no_cpy iter 6: 9695.096 ms
Run time jacobi2d_vectorized_static_veclen_16_no_cpy iter 7: 9709.693 ms
Run time jacobi2d_vectorized_static_veclen_16_no_cpy iter 8: 9707.631 ms
Run time jacobi2d_vectorized_static_veclen_16_no_cpy iter 9: 9698.710 ms
Run time jacobi2d_vectorized_static_veclen_16_cpy iter 0: 13325.477 ms
Run time jacobi2d_vectorized_static_veclen_16_cpy iter 1: 12768.736 ms
Run time jacobi2d_vectorized_static_veclen_16_cpy iter 2: 12755.489 ms
Run time jacobi2d_vectorized_static_veclen_16_cpy iter 3: 12751.950 ms
Run time jacobi2d_vectorized_static_veclen_16_cpy iter 4: 12756.493 ms
Run time jacobi2d_vectorized_static_veclen_16_cpy iter 5: 12756.173 ms
Run time jacobi2d_vectorized_static_veclen_16_cpy iter 6: 12753.591 ms
Run time jacobi2d_vectorized_static_veclen_16_cpy iter 7: 12745.153 ms
Run time jacobi2d_vectorized_static_veclen_16_cpy iter 8: 12753.771 ms
Run time jacobi2d_vectorized_static_veclen_16_cpy iter 9: 12753.447 ms
Run time jacobi2d_vectorized_static_veclen_32_no_cpy iter 0: 7553.598 ms
Run time jacobi2d_vectorized_static_veclen_32_no_cpy iter 1: 7552.062 ms
Run time jacobi2d_vectorized_static_veclen_32_no_cpy iter 2: 7549.666 ms
Run time jacobi2d_vectorized_static_veclen_32_no_cpy iter 3: 7554.400 ms
Run time jacobi2d_vectorized_static_veclen_32_no_cpy iter 4: 7549.980 ms
Run time jacobi2d_vectorized_static_veclen_32_no_cpy iter 5: 7549.824 ms
Run time jacobi2d_vectorized_static_veclen_32_no_cpy iter 6: 7549.965 ms
Run time jacobi2d_vectorized_static_veclen_32_no_cpy iter 7: 7546.859 ms
Run time jacobi2d_vectorized_static_veclen_32_no_cpy iter 8: 7551.115 ms
Run time jacobi2d_vectorized_static_veclen_32_no_cpy iter 9: 7551.296 ms
Run time jacobi2d_vectorized_static_veclen_32_cpy iter 0: 10923.098 ms
Run time jacobi2d_vectorized_static_veclen_32_cpy iter 1: 10917.786 ms
Run time jacobi2d_vectorized_static_veclen_32_cpy iter 2: 10916.011 ms
Run time jacobi2d_vectorized_static_veclen_32_cpy iter 3: 10915.124 ms
Run time jacobi2d_vectorized_static_veclen_32_cpy iter 4: 10919.809 ms
Run time jacobi2d_vectorized_static_veclen_32_cpy iter 5: 10919.554 ms
Run time jacobi2d_vectorized_static_veclen_32_cpy iter 6: 10916.400 ms
Run time jacobi2d_vectorized_static_veclen_32_cpy iter 7: 10919.582 ms
Run time jacobi2d_vectorized_static_veclen_32_cpy iter 8: 10918.881 ms
Run time jacobi2d_vectorized_static_veclen_32_cpy iter 9: 10915.052 ms
Saved timing results to jacobi2d_timings_jacobi2d_timings_amd_epyc_gcc_1_core.csv.csv
