Physical cores: 128
Run time jacobi2d iter 0: 23.062 ms
Run time jacobi2d iter 1: 22.449 ms
Run time jacobi2d iter 2: 23.175 ms
Run time jacobi2d iter 3: 22.404 ms
Run time jacobi2d iter 4: 22.742 ms
Run time jacobi2d iter 5: 22.324 ms
Run time jacobi2d iter 6: 22.274 ms
Run time jacobi2d iter 7: 22.470 ms
Run time jacobi2d iter 8: 22.932 ms
Run time jacobi2d iter 9: 22.511 ms
Run time jacobi2d_vectorized_static_veclen_8_no_cpy iter 0: 9.856 ms
Run time jacobi2d_vectorized_static_veclen_8_no_cpy iter 1: 9.812 ms
Run time jacobi2d_vectorized_static_veclen_8_no_cpy iter 2: 9.756 ms
Run time jacobi2d_vectorized_static_veclen_8_no_cpy iter 3: 9.710 ms
Run time jacobi2d_vectorized_static_veclen_8_no_cpy iter 4: 9.706 ms
Run time jacobi2d_vectorized_static_veclen_8_no_cpy iter 5: 10.036 ms
Run time jacobi2d_vectorized_static_veclen_8_no_cpy iter 6: 9.853 ms
Run time jacobi2d_vectorized_static_veclen_8_no_cpy iter 7: 9.875 ms
Run time jacobi2d_vectorized_static_veclen_8_no_cpy iter 8: 9.906 ms
Run time jacobi2d_vectorized_static_veclen_8_no_cpy iter 9: 9.981 ms
Run time jacobi2d_vectorized_static_veclen_8_cpy iter 0: 19.396 ms
Run time jacobi2d_vectorized_static_veclen_8_cpy iter 1: 19.535 ms
Run time jacobi2d_vectorized_static_veclen_8_cpy iter 2: 19.332 ms
Run time jacobi2d_vectorized_static_veclen_8_cpy iter 3: 19.356 ms
Run time jacobi2d_vectorized_static_veclen_8_cpy iter 4: 19.499 ms
Run time jacobi2d_vectorized_static_veclen_8_cpy iter 5: 19.137 ms
Run time jacobi2d_vectorized_static_veclen_8_cpy iter 6: 19.186 ms
Run time jacobi2d_vectorized_static_veclen_8_cpy iter 7: 19.263 ms
Run time jacobi2d_vectorized_static_veclen_8_cpy iter 8: 19.184 ms
Run time jacobi2d_vectorized_static_veclen_8_cpy iter 9: 19.113 ms
Run time jacobi2d_vectorized_static_veclen_16_no_cpy iter 0: 32.212 ms
Run time jacobi2d_vectorized_static_veclen_16_no_cpy iter 1: 32.710 ms
Run time jacobi2d_vectorized_static_veclen_16_no_cpy iter 2: 31.780 ms
Run time jacobi2d_vectorized_static_veclen_16_no_cpy iter 3: 31.875 ms
Run time jacobi2d_vectorized_static_veclen_16_no_cpy iter 4: 31.349 ms
Run time jacobi2d_vectorized_static_veclen_16_no_cpy iter 5: 31.484 ms
Run time jacobi2d_vectorized_static_veclen_16_no_cpy iter 6: 31.283 ms
Run time jacobi2d_vectorized_static_veclen_16_no_cpy iter 7: 31.322 ms
Run time jacobi2d_vectorized_static_veclen_16_no_cpy iter 8: 31.266 ms
Run time jacobi2d_vectorized_static_veclen_16_no_cpy iter 9: 31.316 ms
Run time jacobi2d_vectorized_static_veclen_16_cpy iter 0: 49.292 ms
Run time jacobi2d_vectorized_static_veclen_16_cpy iter 1: 48.526 ms
Run time jacobi2d_vectorized_static_veclen_16_cpy iter 2: 48.212 ms
Run time jacobi2d_vectorized_static_veclen_16_cpy iter 3: 48.674 ms
Run time jacobi2d_vectorized_static_veclen_16_cpy iter 4: 48.841 ms
Run time jacobi2d_vectorized_static_veclen_16_cpy iter 5: 48.568 ms
Run time jacobi2d_vectorized_static_veclen_16_cpy iter 6: 48.432 ms
Run time jacobi2d_vectorized_static_veclen_16_cpy iter 7: 49.206 ms
Run time jacobi2d_vectorized_static_veclen_16_cpy iter 8: 49.020 ms
Run time jacobi2d_vectorized_static_veclen_16_cpy iter 9: 49.368 ms
Run time jacobi2d_vectorized_static_veclen_32_no_cpy iter 0: 29.224 ms
Run time jacobi2d_vectorized_static_veclen_32_no_cpy iter 1: 28.768 ms
Run time jacobi2d_vectorized_static_veclen_32_no_cpy iter 2: 28.123 ms
Run time jacobi2d_vectorized_static_veclen_32_no_cpy iter 3: 28.417 ms
Run time jacobi2d_vectorized_static_veclen_32_no_cpy iter 4: 28.160 ms
Run time jacobi2d_vectorized_static_veclen_32_no_cpy iter 5: 28.488 ms
Run time jacobi2d_vectorized_static_veclen_32_no_cpy iter 6: 28.578 ms
Run time jacobi2d_vectorized_static_veclen_32_no_cpy iter 7: 29.122 ms
Run time jacobi2d_vectorized_static_veclen_32_no_cpy iter 8: 29.113 ms
Run time jacobi2d_vectorized_static_veclen_32_no_cpy iter 9: 29.124 ms
Run time jacobi2d_vectorized_static_veclen_32_cpy iter 0: 40.738 ms
Run time jacobi2d_vectorized_static_veclen_32_cpy iter 1: 40.889 ms
Run time jacobi2d_vectorized_static_veclen_32_cpy iter 2: 40.651 ms
Run time jacobi2d_vectorized_static_veclen_32_cpy iter 3: 40.891 ms
Run time jacobi2d_vectorized_static_veclen_32_cpy iter 4: 40.532 ms
Run time jacobi2d_vectorized_static_veclen_32_cpy iter 5: 40.340 ms
Run time jacobi2d_vectorized_static_veclen_32_cpy iter 6: 40.398 ms
Run time jacobi2d_vectorized_static_veclen_32_cpy iter 7: 40.394 ms
Run time jacobi2d_vectorized_static_veclen_32_cpy iter 8: 40.381 ms
Run time jacobi2d_vectorized_static_veclen_32_cpy iter 9: 40.313 ms
Run time jacobi2d_vectorized_static_veclen_8_no_cpy_aligned iter 0: 10.491 ms
Run time jacobi2d_vectorized_static_veclen_8_no_cpy_aligned iter 1: 10.276 ms
Run time jacobi2d_vectorized_static_veclen_8_no_cpy_aligned iter 2: 10.277 ms
Run time jacobi2d_vectorized_static_veclen_8_no_cpy_aligned iter 3: 10.273 ms
Run time jacobi2d_vectorized_static_veclen_8_no_cpy_aligned iter 4: 10.263 ms
Run time jacobi2d_vectorized_static_veclen_8_no_cpy_aligned iter 5: 10.296 ms
Run time jacobi2d_vectorized_static_veclen_8_no_cpy_aligned iter 6: 10.292 ms
Run time jacobi2d_vectorized_static_veclen_8_no_cpy_aligned iter 7: 10.228 ms
Run time jacobi2d_vectorized_static_veclen_8_no_cpy_aligned iter 8: 10.402 ms
Run time jacobi2d_vectorized_static_veclen_8_no_cpy_aligned iter 9: 10.320 ms
Run time jacobi2d_vectorized_static_veclen_16_no_cpy_aligned iter 0: 31.930 ms
Run time jacobi2d_vectorized_static_veclen_16_no_cpy_aligned iter 1: 31.669 ms
Run time jacobi2d_vectorized_static_veclen_16_no_cpy_aligned iter 2: 31.910 ms
Run time jacobi2d_vectorized_static_veclen_16_no_cpy_aligned iter 3: 31.641 ms
Run time jacobi2d_vectorized_static_veclen_16_no_cpy_aligned iter 4: 31.364 ms
Run time jacobi2d_vectorized_static_veclen_16_no_cpy_aligned iter 5: 31.791 ms
Run time jacobi2d_vectorized_static_veclen_16_no_cpy_aligned iter 6: 31.371 ms
Run time jacobi2d_vectorized_static_veclen_16_no_cpy_aligned iter 7: 31.721 ms
Run time jacobi2d_vectorized_static_veclen_16_no_cpy_aligned iter 8: 31.585 ms
Run time jacobi2d_vectorized_static_veclen_16_no_cpy_aligned iter 9: 31.505 ms
Run time jacobi2d_vectorized_static_veclen_32_no_cpy_aligned iter 0: 28.448 ms
Run time jacobi2d_vectorized_static_veclen_32_no_cpy_aligned iter 1: 28.194 ms
Run time jacobi2d_vectorized_static_veclen_32_no_cpy_aligned iter 2: 28.208 ms
Run time jacobi2d_vectorized_static_veclen_32_no_cpy_aligned iter 3: 28.118 ms
Run time jacobi2d_vectorized_static_veclen_32_no_cpy_aligned iter 4: 28.258 ms
Run time jacobi2d_vectorized_static_veclen_32_no_cpy_aligned iter 5: 28.213 ms
Run time jacobi2d_vectorized_static_veclen_32_no_cpy_aligned iter 6: 28.136 ms
Run time jacobi2d_vectorized_static_veclen_32_no_cpy_aligned iter 7: 28.183 ms
Run time jacobi2d_vectorized_static_veclen_32_no_cpy_aligned iter 8: 28.218 ms
Run time jacobi2d_vectorized_static_veclen_32_no_cpy_aligned iter 9: 28.225 ms
Saved timing results to jacobi2d_timings_jacobi2d_timings_amd_epyc_gcc_1_core.csv.csv
Run time jacobi2d iter 0: 158.100 ms
Run time jacobi2d iter 1: 145.352 ms
Run time jacobi2d iter 2: 147.228 ms
Run time jacobi2d iter 3: 140.262 ms
Run time jacobi2d iter 4: 147.292 ms
Run time jacobi2d iter 5: 125.451 ms
Run time jacobi2d iter 6: 124.010 ms
Run time jacobi2d iter 7: 124.273 ms
Run time jacobi2d iter 8: 118.397 ms
Run time jacobi2d iter 9: 114.328 ms
Run time jacobi2d_vectorized_static_veclen_8_no_cpy iter 0: 72.051 ms
Run time jacobi2d_vectorized_static_veclen_8_no_cpy iter 1: 72.029 ms
Run time jacobi2d_vectorized_static_veclen_8_no_cpy iter 2: 70.968 ms
Run time jacobi2d_vectorized_static_veclen_8_no_cpy iter 3: 70.955 ms
Run time jacobi2d_vectorized_static_veclen_8_no_cpy iter 4: 72.074 ms
Run time jacobi2d_vectorized_static_veclen_8_no_cpy iter 5: 73.325 ms
Run time jacobi2d_vectorized_static_veclen_8_no_cpy iter 6: 80.702 ms
Run time jacobi2d_vectorized_static_veclen_8_no_cpy iter 7: 78.493 ms
Run time jacobi2d_vectorized_static_veclen_8_no_cpy iter 8: 79.412 ms
Run time jacobi2d_vectorized_static_veclen_8_no_cpy iter 9: 80.136 ms
Run time jacobi2d_vectorized_static_veclen_8_cpy iter 0: 96.582 ms
Run time jacobi2d_vectorized_static_veclen_8_cpy iter 1: 95.085 ms
Run time jacobi2d_vectorized_static_veclen_8_cpy iter 2: 95.514 ms
Run time jacobi2d_vectorized_static_veclen_8_cpy iter 3: 96.731 ms
Run time jacobi2d_vectorized_static_veclen_8_cpy iter 4: 97.132 ms
Run time jacobi2d_vectorized_static_veclen_8_cpy iter 5: 97.365 ms
Run time jacobi2d_vectorized_static_veclen_8_cpy iter 6: 97.594 ms
Run time jacobi2d_vectorized_static_veclen_8_cpy iter 7: 97.847 ms
Run time jacobi2d_vectorized_static_veclen_8_cpy iter 8: 97.604 ms
Run time jacobi2d_vectorized_static_veclen_8_cpy iter 9: 97.852 ms
Run time jacobi2d_vectorized_static_veclen_16_no_cpy iter 0: 130.367 ms
Run time jacobi2d_vectorized_static_veclen_16_no_cpy iter 1: 131.161 ms
Run time jacobi2d_vectorized_static_veclen_16_no_cpy iter 2: 133.809 ms
Run time jacobi2d_vectorized_static_veclen_16_no_cpy iter 3: 134.190 ms
Run time jacobi2d_vectorized_static_veclen_16_no_cpy iter 4: 139.547 ms
Run time jacobi2d_vectorized_static_veclen_16_no_cpy iter 5: 138.291 ms
Run time jacobi2d_vectorized_static_veclen_16_no_cpy iter 6: 136.126 ms
Run time jacobi2d_vectorized_static_veclen_16_no_cpy iter 7: 135.384 ms
Run time jacobi2d_vectorized_static_veclen_16_no_cpy iter 8: 135.709 ms
Run time jacobi2d_vectorized_static_veclen_16_no_cpy iter 9: 131.050 ms
Run time jacobi2d_vectorized_static_veclen_16_cpy iter 0: 191.846 ms
Run time jacobi2d_vectorized_static_veclen_16_cpy iter 1: 192.385 ms
Run time jacobi2d_vectorized_static_veclen_16_cpy iter 2: 192.930 ms
Run time jacobi2d_vectorized_static_veclen_16_cpy iter 3: 192.539 ms
Run time jacobi2d_vectorized_static_veclen_16_cpy iter 4: 195.070 ms
Run time jacobi2d_vectorized_static_veclen_16_cpy iter 5: 196.845 ms
Run time jacobi2d_vectorized_static_veclen_16_cpy iter 6: 192.512 ms
Run time jacobi2d_vectorized_static_veclen_16_cpy iter 7: 197.130 ms
Run time jacobi2d_vectorized_static_veclen_16_cpy iter 8: 216.277 ms
Run time jacobi2d_vectorized_static_veclen_16_cpy iter 9: 219.467 ms
Run time jacobi2d_vectorized_static_veclen_32_no_cpy iter 0: 161.067 ms
Run time jacobi2d_vectorized_static_veclen_32_no_cpy iter 1: 137.441 ms
Run time jacobi2d_vectorized_static_veclen_32_no_cpy iter 2: 138.697 ms
Run time jacobi2d_vectorized_static_veclen_32_no_cpy iter 3: 139.876 ms
Run time jacobi2d_vectorized_static_veclen_32_no_cpy iter 4: 144.446 ms
Run time jacobi2d_vectorized_static_veclen_32_no_cpy iter 5: 138.185 ms
Run time jacobi2d_vectorized_static_veclen_32_no_cpy iter 6: 139.502 ms
Run time jacobi2d_vectorized_static_veclen_32_no_cpy iter 7: 135.579 ms
Run time jacobi2d_vectorized_static_veclen_32_no_cpy iter 8: 120.183 ms
Run time jacobi2d_vectorized_static_veclen_32_no_cpy iter 9: 120.011 ms
Run time jacobi2d_vectorized_static_veclen_32_cpy iter 0: 167.005 ms
Run time jacobi2d_vectorized_static_veclen_32_cpy iter 1: 169.389 ms
Run time jacobi2d_vectorized_static_veclen_32_cpy iter 2: 172.901 ms
Run time jacobi2d_vectorized_static_veclen_32_cpy iter 3: 173.940 ms
Run time jacobi2d_vectorized_static_veclen_32_cpy iter 4: 189.068 ms
Run time jacobi2d_vectorized_static_veclen_32_cpy iter 5: 191.364 ms
Run time jacobi2d_vectorized_static_veclen_32_cpy iter 6: 185.353 ms
Run time jacobi2d_vectorized_static_veclen_32_cpy iter 7: 168.719 ms
Run time jacobi2d_vectorized_static_veclen_32_cpy iter 8: 167.070 ms
Run time jacobi2d_vectorized_static_veclen_32_cpy iter 9: 165.513 ms
Run time jacobi2d_vectorized_static_veclen_8_no_cpy_aligned iter 0: 123.120 ms
Run time jacobi2d_vectorized_static_veclen_8_no_cpy_aligned iter 1: 106.908 ms
Run time jacobi2d_vectorized_static_veclen_8_no_cpy_aligned iter 2: 106.331 ms
Run time jacobi2d_vectorized_static_veclen_8_no_cpy_aligned iter 3: 127.025 ms
Run time jacobi2d_vectorized_static_veclen_8_no_cpy_aligned iter 4: 143.231 ms
Run time jacobi2d_vectorized_static_veclen_8_no_cpy_aligned iter 5: 142.321 ms
Run time jacobi2d_vectorized_static_veclen_8_no_cpy_aligned iter 6: 147.871 ms
Run time jacobi2d_vectorized_static_veclen_8_no_cpy_aligned iter 7: 144.870 ms
Run time jacobi2d_vectorized_static_veclen_8_no_cpy_aligned iter 8: 148.994 ms
Run time jacobi2d_vectorized_static_veclen_8_no_cpy_aligned iter 9: 140.479 ms
Run time jacobi2d_vectorized_static_veclen_16_no_cpy_aligned iter 0: 134.207 ms
Run time jacobi2d_vectorized_static_veclen_16_no_cpy_aligned iter 1: 133.435 ms
Run time jacobi2d_vectorized_static_veclen_16_no_cpy_aligned iter 2: 141.489 ms
Run time jacobi2d_vectorized_static_veclen_16_no_cpy_aligned iter 3: 147.185 ms
Run time jacobi2d_vectorized_static_veclen_16_no_cpy_aligned iter 4: 147.747 ms
Run time jacobi2d_vectorized_static_veclen_16_no_cpy_aligned iter 5: 185.057 ms
Run time jacobi2d_vectorized_static_veclen_16_no_cpy_aligned iter 6: 192.302 ms
Run time jacobi2d_vectorized_static_veclen_16_no_cpy_aligned iter 7: 196.228 ms
Run time jacobi2d_vectorized_static_veclen_16_no_cpy_aligned iter 8: 164.312 ms
Run time jacobi2d_vectorized_static_veclen_16_no_cpy_aligned iter 9: 150.627 ms
Run time jacobi2d_vectorized_static_veclen_32_no_cpy_aligned iter 0: 131.001 ms
Run time jacobi2d_vectorized_static_veclen_32_no_cpy_aligned iter 1: 131.806 ms
Run time jacobi2d_vectorized_static_veclen_32_no_cpy_aligned iter 2: 130.834 ms
Run time jacobi2d_vectorized_static_veclen_32_no_cpy_aligned iter 3: 126.615 ms
Run time jacobi2d_vectorized_static_veclen_32_no_cpy_aligned iter 4: 126.080 ms
Run time jacobi2d_vectorized_static_veclen_32_no_cpy_aligned iter 5: 125.530 ms
Run time jacobi2d_vectorized_static_veclen_32_no_cpy_aligned iter 6: 121.538 ms
Run time jacobi2d_vectorized_static_veclen_32_no_cpy_aligned iter 7: 127.243 ms
Run time jacobi2d_vectorized_static_veclen_32_no_cpy_aligned iter 8: 144.356 ms
Run time jacobi2d_vectorized_static_veclen_32_no_cpy_aligned iter 9: 143.089 ms
Saved timing results to jacobi2d_timings_jacobi2d_timings_amd_epyc_gcc_1_core.csv.csv
Run time jacobi2d iter 0: 621.700 ms
Run time jacobi2d iter 1: 576.811 ms
Run time jacobi2d iter 2: 601.270 ms
Run time jacobi2d iter 3: 449.074 ms
Run time jacobi2d iter 4: 401.812 ms
Run time jacobi2d iter 5: 470.887 ms
Run time jacobi2d iter 6: 509.745 ms
Run time jacobi2d iter 7: 422.230 ms
Run time jacobi2d iter 8: 400.914 ms
Run time jacobi2d iter 9: 451.048 ms
Run time jacobi2d_vectorized_static_veclen_8_no_cpy iter 0: 472.449 ms
Run time jacobi2d_vectorized_static_veclen_8_no_cpy iter 1: 352.604 ms
Run time jacobi2d_vectorized_static_veclen_8_no_cpy iter 2: 328.397 ms
Run time jacobi2d_vectorized_static_veclen_8_no_cpy iter 3: 307.209 ms
Run time jacobi2d_vectorized_static_veclen_8_no_cpy iter 4: 400.371 ms
Run time jacobi2d_vectorized_static_veclen_8_no_cpy iter 5: 408.473 ms
Run time jacobi2d_vectorized_static_veclen_8_no_cpy iter 6: 381.004 ms
Run time jacobi2d_vectorized_static_veclen_8_no_cpy iter 7: 302.157 ms
Run time jacobi2d_vectorized_static_veclen_8_no_cpy iter 8: 303.349 ms
Run time jacobi2d_vectorized_static_veclen_8_no_cpy iter 9: 305.214 ms
Run time jacobi2d_vectorized_static_veclen_8_cpy iter 0: 436.088 ms
Run time jacobi2d_vectorized_static_veclen_8_cpy iter 1: 489.532 ms
Run time jacobi2d_vectorized_static_veclen_8_cpy iter 2: 498.047 ms
Run time jacobi2d_vectorized_static_veclen_8_cpy iter 3: 441.055 ms
Run time jacobi2d_vectorized_static_veclen_8_cpy iter 4: 449.943 ms
Run time jacobi2d_vectorized_static_veclen_8_cpy iter 5: 397.241 ms
Run time jacobi2d_vectorized_static_veclen_8_cpy iter 6: 542.979 ms
Run time jacobi2d_vectorized_static_veclen_8_cpy iter 7: 521.618 ms
Run time jacobi2d_vectorized_static_veclen_8_cpy iter 8: 633.838 ms
Run time jacobi2d_vectorized_static_veclen_8_cpy iter 9: 670.226 ms
Run time jacobi2d_vectorized_static_veclen_16_no_cpy iter 0: 533.909 ms
Run time jacobi2d_vectorized_static_veclen_16_no_cpy iter 1: 524.400 ms
Run time jacobi2d_vectorized_static_veclen_16_no_cpy iter 2: 541.052 ms
Run time jacobi2d_vectorized_static_veclen_16_no_cpy iter 3: 617.625 ms
Run time jacobi2d_vectorized_static_veclen_16_no_cpy iter 4: 717.482 ms
Run time jacobi2d_vectorized_static_veclen_16_no_cpy iter 5: 832.455 ms
Run time jacobi2d_vectorized_static_veclen_16_no_cpy iter 6: 716.219 ms
Run time jacobi2d_vectorized_static_veclen_16_no_cpy iter 7: 581.355 ms
Run time jacobi2d_vectorized_static_veclen_16_no_cpy iter 8: 567.696 ms
Run time jacobi2d_vectorized_static_veclen_16_no_cpy iter 9: 563.808 ms
Run time jacobi2d_vectorized_static_veclen_16_cpy iter 0: 883.672 ms
Run time jacobi2d_vectorized_static_veclen_16_cpy iter 1: 884.619 ms
Run time jacobi2d_vectorized_static_veclen_16_cpy iter 2: 885.628 ms
Run time jacobi2d_vectorized_static_veclen_16_cpy iter 3: 847.059 ms
Run time jacobi2d_vectorized_static_veclen_16_cpy iter 4: 825.700 ms
Run time jacobi2d_vectorized_static_veclen_16_cpy iter 5: 814.879 ms
Run time jacobi2d_vectorized_static_veclen_16_cpy iter 6: 799.911 ms
Run time jacobi2d_vectorized_static_veclen_16_cpy iter 7: 789.781 ms
Run time jacobi2d_vectorized_static_veclen_16_cpy iter 8: 796.900 ms
Run time jacobi2d_vectorized_static_veclen_16_cpy iter 9: 886.361 ms
Run time jacobi2d_vectorized_static_veclen_32_no_cpy iter 0: 650.449 ms
Run time jacobi2d_vectorized_static_veclen_32_no_cpy iter 1: 628.496 ms
Run time jacobi2d_vectorized_static_veclen_32_no_cpy iter 2: 594.144 ms
Run time jacobi2d_vectorized_static_veclen_32_no_cpy iter 3: 476.187 ms
Run time jacobi2d_vectorized_static_veclen_32_no_cpy iter 4: 473.972 ms
Run time jacobi2d_vectorized_static_veclen_32_no_cpy iter 5: 483.654 ms
Run time jacobi2d_vectorized_static_veclen_32_no_cpy iter 6: 630.649 ms
Run time jacobi2d_vectorized_static_veclen_32_no_cpy iter 7: 596.335 ms
Run time jacobi2d_vectorized_static_veclen_32_no_cpy iter 8: 664.830 ms
Run time jacobi2d_vectorized_static_veclen_32_no_cpy iter 9: 677.462 ms
Run time jacobi2d_vectorized_static_veclen_32_cpy iter 0: 719.026 ms
Run time jacobi2d_vectorized_static_veclen_32_cpy iter 1: 735.923 ms
Run time jacobi2d_vectorized_static_veclen_32_cpy iter 2: 895.671 ms
Run time jacobi2d_vectorized_static_veclen_32_cpy iter 3: 774.996 ms
Run time jacobi2d_vectorized_static_veclen_32_cpy iter 4: 696.938 ms
Run time jacobi2d_vectorized_static_veclen_32_cpy iter 5: 699.189 ms
Run time jacobi2d_vectorized_static_veclen_32_cpy iter 6: 698.462 ms
Run time jacobi2d_vectorized_static_veclen_32_cpy iter 7: 696.735 ms
Run time jacobi2d_vectorized_static_veclen_32_cpy iter 8: 814.680 ms
Run time jacobi2d_vectorized_static_veclen_32_cpy iter 9: 834.537 ms
Run time jacobi2d_vectorized_static_veclen_8_no_cpy_aligned iter 0: 617.216 ms
Run time jacobi2d_vectorized_static_veclen_8_no_cpy_aligned iter 1: 602.301 ms
Run time jacobi2d_vectorized_static_veclen_8_no_cpy_aligned iter 2: 540.214 ms
Run time jacobi2d_vectorized_static_veclen_8_no_cpy_aligned iter 3: 448.058 ms
Run time jacobi2d_vectorized_static_veclen_8_no_cpy_aligned iter 4: 453.127 ms
Run time jacobi2d_vectorized_static_veclen_8_no_cpy_aligned iter 5: 456.918 ms
Run time jacobi2d_vectorized_static_veclen_8_no_cpy_aligned iter 6: 420.849 ms
Run time jacobi2d_vectorized_static_veclen_8_no_cpy_aligned iter 7: 456.974 ms
Run time jacobi2d_vectorized_static_veclen_8_no_cpy_aligned iter 8: 452.594 ms
Run time jacobi2d_vectorized_static_veclen_8_no_cpy_aligned iter 9: 475.697 ms
Run time jacobi2d_vectorized_static_veclen_16_no_cpy_aligned iter 0: 543.430 ms
Run time jacobi2d_vectorized_static_veclen_16_no_cpy_aligned iter 1: 552.820 ms
Run time jacobi2d_vectorized_static_veclen_16_no_cpy_aligned iter 2: 635.722 ms
Run time jacobi2d_vectorized_static_veclen_16_no_cpy_aligned iter 3: 664.718 ms
Run time jacobi2d_vectorized_static_veclen_16_no_cpy_aligned iter 4: 694.126 ms
Run time jacobi2d_vectorized_static_veclen_16_no_cpy_aligned iter 5: 681.624 ms
Run time jacobi2d_vectorized_static_veclen_16_no_cpy_aligned iter 6: 644.897 ms
Run time jacobi2d_vectorized_static_veclen_16_no_cpy_aligned iter 7: 587.545 ms
Run time jacobi2d_vectorized_static_veclen_16_no_cpy_aligned iter 8: 598.148 ms
Run time jacobi2d_vectorized_static_veclen_16_no_cpy_aligned iter 9: 600.090 ms
Run time jacobi2d_vectorized_static_veclen_32_no_cpy_aligned iter 0: 580.969 ms
Run time jacobi2d_vectorized_static_veclen_32_no_cpy_aligned iter 1: 585.614 ms
Run time jacobi2d_vectorized_static_veclen_32_no_cpy_aligned iter 2: 647.063 ms
Run time jacobi2d_vectorized_static_veclen_32_no_cpy_aligned iter 3: 723.744 ms
Run time jacobi2d_vectorized_static_veclen_32_no_cpy_aligned iter 4: 597.746 ms
Run time jacobi2d_vectorized_static_veclen_32_no_cpy_aligned iter 5: 674.641 ms
Run time jacobi2d_vectorized_static_veclen_32_no_cpy_aligned iter 6: 721.233 ms
Run time jacobi2d_vectorized_static_veclen_32_no_cpy_aligned iter 7: 684.014 ms
Run time jacobi2d_vectorized_static_veclen_32_no_cpy_aligned iter 8: 587.240 ms
Run time jacobi2d_vectorized_static_veclen_32_no_cpy_aligned iter 9: 573.074 ms
Saved timing results to jacobi2d_timings_jacobi2d_timings_amd_epyc_gcc_1_core.csv.csv
Run time jacobi2d iter 0: 1937.951 ms
Run time jacobi2d iter 1: 2055.571 ms
Run time jacobi2d iter 2: 2057.111 ms
Run time jacobi2d iter 3: 2043.492 ms
Run time jacobi2d iter 4: 2049.404 ms
Run time jacobi2d iter 5: 2050.004 ms
Run time jacobi2d iter 6: 2055.845 ms
Run time jacobi2d iter 7: 2055.600 ms
Run time jacobi2d iter 8: 1882.303 ms
Run time jacobi2d iter 9: 1556.158 ms
Run time jacobi2d_vectorized_static_veclen_8_no_cpy iter 0: 1721.750 ms
Run time jacobi2d_vectorized_static_veclen_8_no_cpy iter 1: 1586.891 ms
Run time jacobi2d_vectorized_static_veclen_8_no_cpy iter 2: 1732.441 ms
Run time jacobi2d_vectorized_static_veclen_8_no_cpy iter 3: 1733.523 ms
Run time jacobi2d_vectorized_static_veclen_8_no_cpy iter 4: 1734.585 ms
Run time jacobi2d_vectorized_static_veclen_8_no_cpy iter 5: 1627.348 ms
Run time jacobi2d_vectorized_static_veclen_8_no_cpy iter 6: 1734.246 ms
Run time jacobi2d_vectorized_static_veclen_8_no_cpy iter 7: 1734.531 ms
Run time jacobi2d_vectorized_static_veclen_8_no_cpy iter 8: 1424.689 ms
Run time jacobi2d_vectorized_static_veclen_8_no_cpy iter 9: 1145.790 ms
Run time jacobi2d_vectorized_static_veclen_8_cpy iter 0: 1974.811 ms
Run time jacobi2d_vectorized_static_veclen_8_cpy iter 1: 1975.275 ms
Run time jacobi2d_vectorized_static_veclen_8_cpy iter 2: 1991.233 ms
Run time jacobi2d_vectorized_static_veclen_8_cpy iter 3: 1994.895 ms
Run time jacobi2d_vectorized_static_veclen_8_cpy iter 4: 1988.867 ms
Run time jacobi2d_vectorized_static_veclen_8_cpy iter 5: 1988.095 ms
Run time jacobi2d_vectorized_static_veclen_8_cpy iter 6: 1823.766 ms
Run time jacobi2d_vectorized_static_veclen_8_cpy iter 7: 1525.614 ms
Run time jacobi2d_vectorized_static_veclen_8_cpy iter 8: 1712.373 ms
Run time jacobi2d_vectorized_static_veclen_8_cpy iter 9: 1960.534 ms
Run time jacobi2d_vectorized_static_veclen_16_no_cpy iter 0: 2242.079 ms
Run time jacobi2d_vectorized_static_veclen_16_no_cpy iter 1: 2241.513 ms
Run time jacobi2d_vectorized_static_veclen_16_no_cpy iter 2: 2240.258 ms
Run time jacobi2d_vectorized_static_veclen_16_no_cpy iter 3: 2240.195 ms
Run time jacobi2d_vectorized_static_veclen_16_no_cpy iter 4: 2079.420 ms
Run time jacobi2d_vectorized_static_veclen_16_no_cpy iter 5: 2177.648 ms
Run time jacobi2d_vectorized_static_veclen_16_no_cpy iter 6: 2229.706 ms
Run time jacobi2d_vectorized_static_veclen_16_no_cpy iter 7: 2233.840 ms
Run time jacobi2d_vectorized_static_veclen_16_no_cpy iter 8: 2221.426 ms
Run time jacobi2d_vectorized_static_veclen_16_no_cpy iter 9: 2231.438 ms
Run time jacobi2d_vectorized_static_veclen_16_cpy iter 0: 3131.010 ms
Run time jacobi2d_vectorized_static_veclen_16_cpy iter 1: 3205.572 ms
Run time jacobi2d_vectorized_static_veclen_16_cpy iter 2: 3205.103 ms
Run time jacobi2d_vectorized_static_veclen_16_cpy iter 3: 3207.777 ms
Run time jacobi2d_vectorized_static_veclen_16_cpy iter 4: 3211.199 ms
Run time jacobi2d_vectorized_static_veclen_16_cpy iter 5: 3194.404 ms
Run time jacobi2d_vectorized_static_veclen_16_cpy iter 6: 3159.900 ms
Run time jacobi2d_vectorized_static_veclen_16_cpy iter 7: 3209.876 ms
Run time jacobi2d_vectorized_static_veclen_16_cpy iter 8: 3212.313 ms
Run time jacobi2d_vectorized_static_veclen_16_cpy iter 9: 3208.052 ms
Run time jacobi2d_vectorized_static_veclen_32_no_cpy iter 0: 1953.138 ms
Run time jacobi2d_vectorized_static_veclen_32_no_cpy iter 1: 2151.947 ms
Run time jacobi2d_vectorized_static_veclen_32_no_cpy iter 2: 2152.368 ms
Run time jacobi2d_vectorized_static_veclen_32_no_cpy iter 3: 2156.427 ms
Run time jacobi2d_vectorized_static_veclen_32_no_cpy iter 4: 2155.921 ms
Run time jacobi2d_vectorized_static_veclen_32_no_cpy iter 5: 2153.851 ms
Run time jacobi2d_vectorized_static_veclen_32_no_cpy iter 6: 2152.295 ms
Run time jacobi2d_vectorized_static_veclen_32_no_cpy iter 7: 2156.396 ms
Run time jacobi2d_vectorized_static_veclen_32_no_cpy iter 8: 2111.273 ms
Run time jacobi2d_vectorized_static_veclen_32_no_cpy iter 9: 1895.386 ms
Run time jacobi2d_vectorized_static_veclen_32_cpy iter 0: 2670.281 ms
Run time jacobi2d_vectorized_static_veclen_32_cpy iter 1: 2668.253 ms
Run time jacobi2d_vectorized_static_veclen_32_cpy iter 2: 2667.955 ms
Run time jacobi2d_vectorized_static_veclen_32_cpy iter 3: 2670.678 ms
Run time jacobi2d_vectorized_static_veclen_32_cpy iter 4: 2671.415 ms
Run time jacobi2d_vectorized_static_veclen_32_cpy iter 5: 2667.769 ms
Run time jacobi2d_vectorized_static_veclen_32_cpy iter 6: 2669.763 ms
Run time jacobi2d_vectorized_static_veclen_32_cpy iter 7: 2670.821 ms
Run time jacobi2d_vectorized_static_veclen_32_cpy iter 8: 2668.424 ms
Run time jacobi2d_vectorized_static_veclen_32_cpy iter 9: 2666.445 ms
Run time jacobi2d_vectorized_static_veclen_8_no_cpy_aligned iter 0: 1157.178 ms
Run time jacobi2d_vectorized_static_veclen_8_no_cpy_aligned iter 1: 1158.115 ms
Run time jacobi2d_vectorized_static_veclen_8_no_cpy_aligned iter 2: 1157.419 ms
Run time jacobi2d_vectorized_static_veclen_8_no_cpy_aligned iter 3: 1156.339 ms
Run time jacobi2d_vectorized_static_veclen_8_no_cpy_aligned iter 4: 1157.864 ms
Run time jacobi2d_vectorized_static_veclen_8_no_cpy_aligned iter 5: 1157.117 ms
Run time jacobi2d_vectorized_static_veclen_8_no_cpy_aligned iter 6: 1157.187 ms
Run time jacobi2d_vectorized_static_veclen_8_no_cpy_aligned iter 7: 1157.186 ms
Run time jacobi2d_vectorized_static_veclen_8_no_cpy_aligned iter 8: 1158.808 ms
Run time jacobi2d_vectorized_static_veclen_8_no_cpy_aligned iter 9: 1157.655 ms
Run time jacobi2d_vectorized_static_veclen_16_no_cpy_aligned iter 0: 2182.140 ms
Run time jacobi2d_vectorized_static_veclen_16_no_cpy_aligned iter 1: 2181.784 ms
Run time jacobi2d_vectorized_static_veclen_16_no_cpy_aligned iter 2: 2180.206 ms
Run time jacobi2d_vectorized_static_veclen_16_no_cpy_aligned iter 3: 2181.435 ms
Run time jacobi2d_vectorized_static_veclen_16_no_cpy_aligned iter 4: 2180.333 ms
Run time jacobi2d_vectorized_static_veclen_16_no_cpy_aligned iter 5: 2176.433 ms
Run time jacobi2d_vectorized_static_veclen_16_no_cpy_aligned iter 6: 2180.464 ms
Run time jacobi2d_vectorized_static_veclen_16_no_cpy_aligned iter 7: 2176.250 ms
Run time jacobi2d_vectorized_static_veclen_16_no_cpy_aligned iter 8: 2179.735 ms
Run time jacobi2d_vectorized_static_veclen_16_no_cpy_aligned iter 9: 2179.890 ms
Run time jacobi2d_vectorized_static_veclen_32_no_cpy_aligned iter 0: 2077.509 ms
Run time jacobi2d_vectorized_static_veclen_32_no_cpy_aligned iter 1: 2082.754 ms
Run time jacobi2d_vectorized_static_veclen_32_no_cpy_aligned iter 2: 2076.162 ms
Run time jacobi2d_vectorized_static_veclen_32_no_cpy_aligned iter 3: 2081.716 ms
Run time jacobi2d_vectorized_static_veclen_32_no_cpy_aligned iter 4: 2083.903 ms
Run time jacobi2d_vectorized_static_veclen_32_no_cpy_aligned iter 5: 2073.101 ms
Run time jacobi2d_vectorized_static_veclen_32_no_cpy_aligned iter 6: 2078.585 ms
Run time jacobi2d_vectorized_static_veclen_32_no_cpy_aligned iter 7: 2076.505 ms
Run time jacobi2d_vectorized_static_veclen_32_no_cpy_aligned iter 8: 2077.516 ms
Run time jacobi2d_vectorized_static_veclen_32_no_cpy_aligned iter 9: 2083.106 ms
Saved timing results to jacobi2d_timings_jacobi2d_timings_amd_epyc_gcc_1_core.csv.csv
