Physical cores: 128
Run time jacobi2d iter 0: 23.932 ms
Run time jacobi2d iter 1: 24.659 ms
Run time jacobi2d iter 2: 24.080 ms
Run time jacobi2d iter 3: 24.770 ms
Run time jacobi2d iter 4: 24.182 ms
Run time jacobi2d iter 5: 23.927 ms
Run time jacobi2d iter 6: 23.832 ms
Run time jacobi2d iter 7: 23.923 ms
Run time jacobi2d iter 8: 23.931 ms
Run time jacobi2d iter 9: 23.715 ms
Run time jacobi2d_vectorized_static_veclen_8_no_cpy iter 0: 9.791 ms
Run time jacobi2d_vectorized_static_veclen_8_no_cpy iter 1: 9.756 ms
Run time jacobi2d_vectorized_static_veclen_8_no_cpy iter 2: 9.838 ms
Run time jacobi2d_vectorized_static_veclen_8_no_cpy iter 3: 9.805 ms
Run time jacobi2d_vectorized_static_veclen_8_no_cpy iter 4: 9.775 ms
Run time jacobi2d_vectorized_static_veclen_8_no_cpy iter 5: 9.767 ms
Run time jacobi2d_vectorized_static_veclen_8_no_cpy iter 6: 9.793 ms
Run time jacobi2d_vectorized_static_veclen_8_no_cpy iter 7: 9.789 ms
Run time jacobi2d_vectorized_static_veclen_8_no_cpy iter 8: 9.974 ms
Run time jacobi2d_vectorized_static_veclen_8_no_cpy iter 9: 9.906 ms
Run time jacobi2d_vectorized_static_veclen_8_cpy iter 0: 19.213 ms
Run time jacobi2d_vectorized_static_veclen_8_cpy iter 1: 19.178 ms
Run time jacobi2d_vectorized_static_veclen_8_cpy iter 2: 19.205 ms
Run time jacobi2d_vectorized_static_veclen_8_cpy iter 3: 19.241 ms
Run time jacobi2d_vectorized_static_veclen_8_cpy iter 4: 19.208 ms
Run time jacobi2d_vectorized_static_veclen_8_cpy iter 5: 19.219 ms
Run time jacobi2d_vectorized_static_veclen_8_cpy iter 6: 19.315 ms
Run time jacobi2d_vectorized_static_veclen_8_cpy iter 7: 19.373 ms
Run time jacobi2d_vectorized_static_veclen_8_cpy iter 8: 19.538 ms
Run time jacobi2d_vectorized_static_veclen_8_cpy iter 9: 19.468 ms
Run time jacobi2d_vectorized_static_veclen_16_no_cpy iter 0: 20.980 ms
Run time jacobi2d_vectorized_static_veclen_16_no_cpy iter 1: 20.630 ms
Run time jacobi2d_vectorized_static_veclen_16_no_cpy iter 2: 20.493 ms
Run time jacobi2d_vectorized_static_veclen_16_no_cpy iter 3: 20.529 ms
Run time jacobi2d_vectorized_static_veclen_16_no_cpy iter 4: 20.423 ms
Run time jacobi2d_vectorized_static_veclen_16_no_cpy iter 5: 20.452 ms
Run time jacobi2d_vectorized_static_veclen_16_no_cpy iter 6: 20.487 ms
Run time jacobi2d_vectorized_static_veclen_16_no_cpy iter 7: 20.435 ms
Run time jacobi2d_vectorized_static_veclen_16_no_cpy iter 8: 20.453 ms
Run time jacobi2d_vectorized_static_veclen_16_no_cpy iter 9: 20.639 ms
Run time jacobi2d_vectorized_static_veclen_16_cpy iter 0: 38.135 ms
Run time jacobi2d_vectorized_static_veclen_16_cpy iter 1: 37.759 ms
Run time jacobi2d_vectorized_static_veclen_16_cpy iter 2: 37.790 ms
Run time jacobi2d_vectorized_static_veclen_16_cpy iter 3: 36.804 ms
Run time jacobi2d_vectorized_static_veclen_16_cpy iter 4: 36.801 ms
Run time jacobi2d_vectorized_static_veclen_16_cpy iter 5: 36.497 ms
Run time jacobi2d_vectorized_static_veclen_16_cpy iter 6: 36.799 ms
Run time jacobi2d_vectorized_static_veclen_16_cpy iter 7: 36.906 ms
Run time jacobi2d_vectorized_static_veclen_16_cpy iter 8: 36.302 ms
Run time jacobi2d_vectorized_static_veclen_16_cpy iter 9: 36.983 ms
Run time jacobi2d_vectorized_static_veclen_32_no_cpy iter 0: 20.095 ms
Run time jacobi2d_vectorized_static_veclen_32_no_cpy iter 1: 19.930 ms
Run time jacobi2d_vectorized_static_veclen_32_no_cpy iter 2: 19.837 ms
Run time jacobi2d_vectorized_static_veclen_32_no_cpy iter 3: 19.865 ms
Run time jacobi2d_vectorized_static_veclen_32_no_cpy iter 4: 19.924 ms
Run time jacobi2d_vectorized_static_veclen_32_no_cpy iter 5: 20.004 ms
Run time jacobi2d_vectorized_static_veclen_32_no_cpy iter 6: 19.796 ms
Run time jacobi2d_vectorized_static_veclen_32_no_cpy iter 7: 19.880 ms
Run time jacobi2d_vectorized_static_veclen_32_no_cpy iter 8: 19.841 ms
Run time jacobi2d_vectorized_static_veclen_32_no_cpy iter 9: 19.702 ms
Run time jacobi2d_vectorized_static_veclen_32_cpy iter 0: 30.835 ms
Run time jacobi2d_vectorized_static_veclen_32_cpy iter 1: 30.688 ms
Run time jacobi2d_vectorized_static_veclen_32_cpy iter 2: 31.063 ms
Run time jacobi2d_vectorized_static_veclen_32_cpy iter 3: 30.627 ms
Run time jacobi2d_vectorized_static_veclen_32_cpy iter 4: 30.671 ms
Run time jacobi2d_vectorized_static_veclen_32_cpy iter 5: 30.852 ms
Run time jacobi2d_vectorized_static_veclen_32_cpy iter 6: 31.087 ms
Run time jacobi2d_vectorized_static_veclen_32_cpy iter 7: 30.831 ms
Run time jacobi2d_vectorized_static_veclen_32_cpy iter 8: 30.613 ms
Run time jacobi2d_vectorized_static_veclen_32_cpy iter 9: 30.369 ms
Saved timing results to jacobi2d_timings_jacobi2d_timings_amd_epyc_gcc_1_core.csv.csv
Run time jacobi2d iter 0: 142.550 ms
Run time jacobi2d iter 1: 135.367 ms
Run time jacobi2d iter 2: 139.278 ms
Run time jacobi2d iter 3: 140.177 ms
Run time jacobi2d iter 4: 142.010 ms
Run time jacobi2d iter 5: 141.341 ms
Run time jacobi2d iter 6: 122.738 ms
Run time jacobi2d iter 7: 118.295 ms
Run time jacobi2d iter 8: 117.687 ms
Run time jacobi2d iter 9: 116.377 ms
Run time jacobi2d_vectorized_static_veclen_8_no_cpy iter 0: 62.841 ms
Run time jacobi2d_vectorized_static_veclen_8_no_cpy iter 1: 62.961 ms
Run time jacobi2d_vectorized_static_veclen_8_no_cpy iter 2: 62.501 ms
Run time jacobi2d_vectorized_static_veclen_8_no_cpy iter 3: 63.366 ms
Run time jacobi2d_vectorized_static_veclen_8_no_cpy iter 4: 62.900 ms
Run time jacobi2d_vectorized_static_veclen_8_no_cpy iter 5: 62.652 ms
Run time jacobi2d_vectorized_static_veclen_8_no_cpy iter 6: 62.812 ms
Run time jacobi2d_vectorized_static_veclen_8_no_cpy iter 7: 60.433 ms
Run time jacobi2d_vectorized_static_veclen_8_no_cpy iter 8: 59.841 ms
Run time jacobi2d_vectorized_static_veclen_8_no_cpy iter 9: 59.153 ms
Run time jacobi2d_vectorized_static_veclen_8_cpy iter 0: 92.519 ms
Run time jacobi2d_vectorized_static_veclen_8_cpy iter 1: 92.269 ms
Run time jacobi2d_vectorized_static_veclen_8_cpy iter 2: 92.614 ms
Run time jacobi2d_vectorized_static_veclen_8_cpy iter 3: 94.736 ms
Run time jacobi2d_vectorized_static_veclen_8_cpy iter 4: 91.292 ms
Run time jacobi2d_vectorized_static_veclen_8_cpy iter 5: 92.977 ms
Run time jacobi2d_vectorized_static_veclen_8_cpy iter 6: 94.414 ms
Run time jacobi2d_vectorized_static_veclen_8_cpy iter 7: 95.196 ms
Run time jacobi2d_vectorized_static_veclen_8_cpy iter 8: 95.417 ms
Run time jacobi2d_vectorized_static_veclen_8_cpy iter 9: 95.214 ms
Run time jacobi2d_vectorized_static_veclen_16_no_cpy iter 0: 98.698 ms
Run time jacobi2d_vectorized_static_veclen_16_no_cpy iter 1: 98.366 ms
Run time jacobi2d_vectorized_static_veclen_16_no_cpy iter 2: 99.474 ms
Run time jacobi2d_vectorized_static_veclen_16_no_cpy iter 3: 98.218 ms
Run time jacobi2d_vectorized_static_veclen_16_no_cpy iter 4: 99.093 ms
Run time jacobi2d_vectorized_static_veclen_16_no_cpy iter 5: 99.057 ms
Run time jacobi2d_vectorized_static_veclen_16_no_cpy iter 6: 98.595 ms
Run time jacobi2d_vectorized_static_veclen_16_no_cpy iter 7: 98.788 ms
Run time jacobi2d_vectorized_static_veclen_16_no_cpy iter 8: 99.770 ms
Run time jacobi2d_vectorized_static_veclen_16_no_cpy iter 9: 98.016 ms
Run time jacobi2d_vectorized_static_veclen_16_cpy iter 0: 150.656 ms
Run time jacobi2d_vectorized_static_veclen_16_cpy iter 1: 150.494 ms
Run time jacobi2d_vectorized_static_veclen_16_cpy iter 2: 153.384 ms
Run time jacobi2d_vectorized_static_veclen_16_cpy iter 3: 154.617 ms
Run time jacobi2d_vectorized_static_veclen_16_cpy iter 4: 154.640 ms
Run time jacobi2d_vectorized_static_veclen_16_cpy iter 5: 152.791 ms
Run time jacobi2d_vectorized_static_veclen_16_cpy iter 6: 154.912 ms
Run time jacobi2d_vectorized_static_veclen_16_cpy iter 7: 155.961 ms
Run time jacobi2d_vectorized_static_veclen_16_cpy iter 8: 155.788 ms
Run time jacobi2d_vectorized_static_veclen_16_cpy iter 9: 154.953 ms
Run time jacobi2d_vectorized_static_veclen_32_no_cpy iter 0: 125.164 ms
Run time jacobi2d_vectorized_static_veclen_32_no_cpy iter 1: 121.281 ms
Run time jacobi2d_vectorized_static_veclen_32_no_cpy iter 2: 125.458 ms
Run time jacobi2d_vectorized_static_veclen_32_no_cpy iter 3: 125.463 ms
Run time jacobi2d_vectorized_static_veclen_32_no_cpy iter 4: 121.556 ms
Run time jacobi2d_vectorized_static_veclen_32_no_cpy iter 5: 125.206 ms
Run time jacobi2d_vectorized_static_veclen_32_no_cpy iter 6: 125.463 ms
Run time jacobi2d_vectorized_static_veclen_32_no_cpy iter 7: 113.193 ms
Run time jacobi2d_vectorized_static_veclen_32_no_cpy iter 8: 125.492 ms
Run time jacobi2d_vectorized_static_veclen_32_no_cpy iter 9: 125.250 ms
Run time jacobi2d_vectorized_static_veclen_32_cpy iter 0: 128.106 ms
Run time jacobi2d_vectorized_static_veclen_32_cpy iter 1: 127.750 ms
Run time jacobi2d_vectorized_static_veclen_32_cpy iter 2: 127.753 ms
Run time jacobi2d_vectorized_static_veclen_32_cpy iter 3: 127.815 ms
Run time jacobi2d_vectorized_static_veclen_32_cpy iter 4: 127.881 ms
Run time jacobi2d_vectorized_static_veclen_32_cpy iter 5: 128.352 ms
Run time jacobi2d_vectorized_static_veclen_32_cpy iter 6: 137.419 ms
Run time jacobi2d_vectorized_static_veclen_32_cpy iter 7: 141.823 ms
Run time jacobi2d_vectorized_static_veclen_32_cpy iter 8: 141.580 ms
Run time jacobi2d_vectorized_static_veclen_32_cpy iter 9: 142.216 ms
Saved timing results to jacobi2d_timings_jacobi2d_timings_amd_epyc_gcc_1_core.csv.csv
Run time jacobi2d iter 0: 415.829 ms
Run time jacobi2d iter 1: 404.596 ms
Run time jacobi2d iter 2: 405.124 ms
Run time jacobi2d iter 3: 411.355 ms
Run time jacobi2d iter 4: 416.452 ms
Run time jacobi2d iter 5: 417.664 ms
Run time jacobi2d iter 6: 418.289 ms
Run time jacobi2d iter 7: 522.820 ms
Run time jacobi2d iter 8: 531.294 ms
Run time jacobi2d iter 9: 532.126 ms
Run time jacobi2d_vectorized_static_veclen_8_no_cpy iter 0: 293.955 ms
Run time jacobi2d_vectorized_static_veclen_8_no_cpy iter 1: 295.421 ms
Run time jacobi2d_vectorized_static_veclen_8_no_cpy iter 2: 295.981 ms
Run time jacobi2d_vectorized_static_veclen_8_no_cpy iter 3: 295.904 ms
Run time jacobi2d_vectorized_static_veclen_8_no_cpy iter 4: 299.619 ms
Run time jacobi2d_vectorized_static_veclen_8_no_cpy iter 5: 424.163 ms
Run time jacobi2d_vectorized_static_veclen_8_no_cpy iter 6: 443.485 ms
Run time jacobi2d_vectorized_static_veclen_8_no_cpy iter 7: 439.454 ms
Run time jacobi2d_vectorized_static_veclen_8_no_cpy iter 8: 440.586 ms
Run time jacobi2d_vectorized_static_veclen_8_no_cpy iter 9: 441.270 ms
Run time jacobi2d_vectorized_static_veclen_8_cpy iter 0: 395.969 ms
Run time jacobi2d_vectorized_static_veclen_8_cpy iter 1: 395.565 ms
Run time jacobi2d_vectorized_static_veclen_8_cpy iter 2: 404.432 ms
Run time jacobi2d_vectorized_static_veclen_8_cpy iter 3: 508.214 ms
Run time jacobi2d_vectorized_static_veclen_8_cpy iter 4: 474.465 ms
Run time jacobi2d_vectorized_static_veclen_8_cpy iter 5: 510.550 ms
Run time jacobi2d_vectorized_static_veclen_8_cpy iter 6: 510.380 ms
Run time jacobi2d_vectorized_static_veclen_8_cpy iter 7: 509.720 ms
Run time jacobi2d_vectorized_static_veclen_8_cpy iter 8: 509.033 ms
Run time jacobi2d_vectorized_static_veclen_8_cpy iter 9: 511.307 ms
Run time jacobi2d_vectorized_static_veclen_16_no_cpy iter 0: 489.127 ms
Run time jacobi2d_vectorized_static_veclen_16_no_cpy iter 1: 467.573 ms
Run time jacobi2d_vectorized_static_veclen_16_no_cpy iter 2: 378.922 ms
Run time jacobi2d_vectorized_static_veclen_16_no_cpy iter 3: 451.682 ms
Run time jacobi2d_vectorized_static_veclen_16_no_cpy iter 4: 495.472 ms
Run time jacobi2d_vectorized_static_veclen_16_no_cpy iter 5: 496.190 ms
Run time jacobi2d_vectorized_static_veclen_16_no_cpy iter 6: 498.127 ms
Run time jacobi2d_vectorized_static_veclen_16_no_cpy iter 7: 497.120 ms
Run time jacobi2d_vectorized_static_veclen_16_no_cpy iter 8: 491.213 ms
Run time jacobi2d_vectorized_static_veclen_16_no_cpy iter 9: 397.630 ms
Run time jacobi2d_vectorized_static_veclen_16_cpy iter 0: 670.553 ms
Run time jacobi2d_vectorized_static_veclen_16_cpy iter 1: 670.229 ms
Run time jacobi2d_vectorized_static_veclen_16_cpy iter 2: 670.576 ms
Run time jacobi2d_vectorized_static_veclen_16_cpy iter 3: 669.220 ms
Run time jacobi2d_vectorized_static_veclen_16_cpy iter 4: 660.556 ms
Run time jacobi2d_vectorized_static_veclen_16_cpy iter 5: 640.114 ms
Run time jacobi2d_vectorized_static_veclen_16_cpy iter 6: 642.519 ms
Run time jacobi2d_vectorized_static_veclen_16_cpy iter 7: 641.884 ms
Run time jacobi2d_vectorized_static_veclen_16_cpy iter 8: 667.450 ms
Run time jacobi2d_vectorized_static_veclen_16_cpy iter 9: 677.508 ms
Run time jacobi2d_vectorized_static_veclen_32_no_cpy iter 0: 487.298 ms
Run time jacobi2d_vectorized_static_veclen_32_no_cpy iter 1: 468.812 ms
Run time jacobi2d_vectorized_static_veclen_32_no_cpy iter 2: 487.498 ms
Run time jacobi2d_vectorized_static_veclen_32_no_cpy iter 3: 487.656 ms
Run time jacobi2d_vectorized_static_veclen_32_no_cpy iter 4: 482.310 ms
Run time jacobi2d_vectorized_static_veclen_32_no_cpy iter 5: 487.549 ms
Run time jacobi2d_vectorized_static_veclen_32_no_cpy iter 6: 487.583 ms
Run time jacobi2d_vectorized_static_veclen_32_no_cpy iter 7: 479.754 ms
Run time jacobi2d_vectorized_static_veclen_32_no_cpy iter 8: 487.515 ms
Run time jacobi2d_vectorized_static_veclen_32_no_cpy iter 9: 487.429 ms
Run time jacobi2d_vectorized_static_veclen_32_cpy iter 0: 565.462 ms
Run time jacobi2d_vectorized_static_veclen_32_cpy iter 1: 566.690 ms
Run time jacobi2d_vectorized_static_veclen_32_cpy iter 2: 554.312 ms
Run time jacobi2d_vectorized_static_veclen_32_cpy iter 3: 521.478 ms
Run time jacobi2d_vectorized_static_veclen_32_cpy iter 4: 522.567 ms
Run time jacobi2d_vectorized_static_veclen_32_cpy iter 5: 521.812 ms
Run time jacobi2d_vectorized_static_veclen_32_cpy iter 6: 521.530 ms
Run time jacobi2d_vectorized_static_veclen_32_cpy iter 7: 548.193 ms
Run time jacobi2d_vectorized_static_veclen_32_cpy iter 8: 566.415 ms
Run time jacobi2d_vectorized_static_veclen_32_cpy iter 9: 566.133 ms
Saved timing results to jacobi2d_timings_jacobi2d_timings_amd_epyc_gcc_1_core.csv.csv
Run time jacobi2d iter 0: 2047.515 ms
Run time jacobi2d iter 1: 2029.864 ms
Run time jacobi2d iter 2: 2052.533 ms
Run time jacobi2d iter 3: 2051.784 ms
Run time jacobi2d iter 4: 2021.321 ms
Run time jacobi2d iter 5: 1566.355 ms
Run time jacobi2d iter 6: 1763.727 ms
Run time jacobi2d iter 7: 2041.538 ms
Run time jacobi2d iter 8: 2034.088 ms
Run time jacobi2d iter 9: 2038.935 ms
Run time jacobi2d_vectorized_static_veclen_8_no_cpy iter 0: 1721.036 ms
Run time jacobi2d_vectorized_static_veclen_8_no_cpy iter 1: 1680.409 ms
Run time jacobi2d_vectorized_static_veclen_8_no_cpy iter 2: 1716.587 ms
Run time jacobi2d_vectorized_static_veclen_8_no_cpy iter 3: 1176.444 ms
Run time jacobi2d_vectorized_static_veclen_8_no_cpy iter 4: 1142.926 ms
Run time jacobi2d_vectorized_static_veclen_8_no_cpy iter 5: 1161.450 ms
Run time jacobi2d_vectorized_static_veclen_8_no_cpy iter 6: 1593.562 ms
Run time jacobi2d_vectorized_static_veclen_8_no_cpy iter 7: 1723.573 ms
Run time jacobi2d_vectorized_static_veclen_8_no_cpy iter 8: 1720.083 ms
Run time jacobi2d_vectorized_static_veclen_8_no_cpy iter 9: 1718.883 ms
Run time jacobi2d_vectorized_static_veclen_8_cpy iter 0: 2033.331 ms
Run time jacobi2d_vectorized_static_veclen_8_cpy iter 1: 2035.033 ms
Run time jacobi2d_vectorized_static_veclen_8_cpy iter 2: 2023.104 ms
Run time jacobi2d_vectorized_static_veclen_8_cpy iter 3: 1560.655 ms
Run time jacobi2d_vectorized_static_veclen_8_cpy iter 4: 1666.396 ms
Run time jacobi2d_vectorized_static_veclen_8_cpy iter 5: 2033.963 ms
Run time jacobi2d_vectorized_static_veclen_8_cpy iter 6: 2031.715 ms
Run time jacobi2d_vectorized_static_veclen_8_cpy iter 7: 2017.570 ms
Run time jacobi2d_vectorized_static_veclen_8_cpy iter 8: 2005.165 ms
Run time jacobi2d_vectorized_static_veclen_8_cpy iter 9: 2035.254 ms
Run time jacobi2d_vectorized_static_veclen_16_no_cpy iter 0: 1893.873 ms
Run time jacobi2d_vectorized_static_veclen_16_no_cpy iter 1: 1592.388 ms
Run time jacobi2d_vectorized_static_veclen_16_no_cpy iter 2: 1879.903 ms
Run time jacobi2d_vectorized_static_veclen_16_no_cpy iter 3: 1990.180 ms
Run time jacobi2d_vectorized_static_veclen_16_no_cpy iter 4: 1992.275 ms
Run time jacobi2d_vectorized_static_veclen_16_no_cpy iter 5: 1996.249 ms
Run time jacobi2d_vectorized_static_veclen_16_no_cpy iter 6: 1991.183 ms
Run time jacobi2d_vectorized_static_veclen_16_no_cpy iter 7: 1981.660 ms
Run time jacobi2d_vectorized_static_veclen_16_no_cpy iter 8: 1975.378 ms
Run time jacobi2d_vectorized_static_veclen_16_no_cpy iter 9: 1984.414 ms
Run time jacobi2d_vectorized_static_veclen_16_cpy iter 0: 2424.259 ms
Run time jacobi2d_vectorized_static_veclen_16_cpy iter 1: 2439.328 ms
Run time jacobi2d_vectorized_static_veclen_16_cpy iter 2: 2432.959 ms
Run time jacobi2d_vectorized_static_veclen_16_cpy iter 3: 2435.131 ms
Run time jacobi2d_vectorized_static_veclen_16_cpy iter 4: 2435.134 ms
Run time jacobi2d_vectorized_static_veclen_16_cpy iter 5: 2436.263 ms
Run time jacobi2d_vectorized_static_veclen_16_cpy iter 6: 2438.005 ms
Run time jacobi2d_vectorized_static_veclen_16_cpy iter 7: 2369.994 ms
Run time jacobi2d_vectorized_static_veclen_16_cpy iter 8: 2379.288 ms
Run time jacobi2d_vectorized_static_veclen_16_cpy iter 9: 2455.239 ms
Run time jacobi2d_vectorized_static_veclen_32_no_cpy iter 0: 1947.552 ms
Run time jacobi2d_vectorized_static_veclen_32_no_cpy iter 1: 1937.556 ms
Run time jacobi2d_vectorized_static_veclen_32_no_cpy iter 2: 1947.207 ms
Run time jacobi2d_vectorized_static_veclen_32_no_cpy iter 3: 1964.452 ms
Run time jacobi2d_vectorized_static_veclen_32_no_cpy iter 4: 1965.033 ms
Run time jacobi2d_vectorized_static_veclen_32_no_cpy iter 5: 1939.488 ms
Run time jacobi2d_vectorized_static_veclen_32_no_cpy iter 6: 1939.291 ms
Run time jacobi2d_vectorized_static_veclen_32_no_cpy iter 7: 1939.608 ms
Run time jacobi2d_vectorized_static_veclen_32_no_cpy iter 8: 1938.784 ms
Run time jacobi2d_vectorized_static_veclen_32_no_cpy iter 9: 1940.289 ms
Run time jacobi2d_vectorized_static_veclen_32_cpy iter 0: 2536.410 ms
Run time jacobi2d_vectorized_static_veclen_32_cpy iter 1: 2539.951 ms
Run time jacobi2d_vectorized_static_veclen_32_cpy iter 2: 2534.941 ms
Run time jacobi2d_vectorized_static_veclen_32_cpy iter 3: 2541.646 ms
Run time jacobi2d_vectorized_static_veclen_32_cpy iter 4: 2523.012 ms
Run time jacobi2d_vectorized_static_veclen_32_cpy iter 5: 2520.463 ms
Run time jacobi2d_vectorized_static_veclen_32_cpy iter 6: 2538.407 ms
Run time jacobi2d_vectorized_static_veclen_32_cpy iter 7: 2538.058 ms
Run time jacobi2d_vectorized_static_veclen_32_cpy iter 8: 2528.798 ms
Run time jacobi2d_vectorized_static_veclen_32_cpy iter 9: 2515.278 ms
Saved timing results to jacobi2d_timings_jacobi2d_timings_amd_epyc_gcc_1_core.csv.csv
Run time jacobi2d iter 0: 8309.317 ms
Run time jacobi2d iter 1: 8277.363 ms
Run time jacobi2d iter 2: 8264.787 ms
Run time jacobi2d iter 3: 8295.604 ms
Run time jacobi2d iter 4: 8272.783 ms
Run time jacobi2d iter 5: 8276.369 ms
Run time jacobi2d iter 6: 8278.383 ms
Run time jacobi2d iter 7: 8285.389 ms
Run time jacobi2d iter 8: 7010.548 ms
Run time jacobi2d iter 9: 8216.073 ms
Run time jacobi2d_vectorized_static_veclen_8_no_cpy iter 0: 6871.141 ms
Run time jacobi2d_vectorized_static_veclen_8_no_cpy iter 1: 6871.661 ms
Run time jacobi2d_vectorized_static_veclen_8_no_cpy iter 2: 6878.335 ms
Run time jacobi2d_vectorized_static_veclen_8_no_cpy iter 3: 6867.990 ms
Run time jacobi2d_vectorized_static_veclen_8_no_cpy iter 4: 6864.870 ms
Run time jacobi2d_vectorized_static_veclen_8_no_cpy iter 5: 6866.026 ms
Run time jacobi2d_vectorized_static_veclen_8_no_cpy iter 6: 6868.864 ms
Run time jacobi2d_vectorized_static_veclen_8_no_cpy iter 7: 6871.960 ms
Run time jacobi2d_vectorized_static_veclen_8_no_cpy iter 8: 5752.367 ms
Run time jacobi2d_vectorized_static_veclen_8_no_cpy iter 9: 6448.801 ms
Run time jacobi2d_vectorized_static_veclen_8_cpy iter 0: 8063.932 ms
Run time jacobi2d_vectorized_static_veclen_8_cpy iter 1: 8053.241 ms
Run time jacobi2d_vectorized_static_veclen_8_cpy iter 2: 8064.658 ms
Run time jacobi2d_vectorized_static_veclen_8_cpy iter 3: 8048.876 ms
Run time jacobi2d_vectorized_static_veclen_8_cpy iter 4: 7960.079 ms
Run time jacobi2d_vectorized_static_veclen_8_cpy iter 5: 8073.529 ms
Run time jacobi2d_vectorized_static_veclen_8_cpy iter 6: 7846.585 ms
Run time jacobi2d_vectorized_static_veclen_8_cpy iter 7: 7150.227 ms
Run time jacobi2d_vectorized_static_veclen_8_cpy iter 8: 8075.873 ms
Run time jacobi2d_vectorized_static_veclen_8_cpy iter 9: 8080.649 ms
Run time jacobi2d_vectorized_static_veclen_16_no_cpy iter 0: 7865.228 ms
Run time jacobi2d_vectorized_static_veclen_16_no_cpy iter 1: 7841.819 ms
Run time jacobi2d_vectorized_static_veclen_16_no_cpy iter 2: 7820.420 ms
Run time jacobi2d_vectorized_static_veclen_16_no_cpy iter 3: 7854.182 ms
Run time jacobi2d_vectorized_static_veclen_16_no_cpy iter 4: 7835.707 ms
Run time jacobi2d_vectorized_static_veclen_16_no_cpy iter 5: 6688.557 ms
Run time jacobi2d_vectorized_static_veclen_16_no_cpy iter 6: 7876.027 ms
Run time jacobi2d_vectorized_static_veclen_16_no_cpy iter 7: 7875.120 ms
Run time jacobi2d_vectorized_static_veclen_16_no_cpy iter 8: 7887.868 ms
Run time jacobi2d_vectorized_static_veclen_16_no_cpy iter 9: 7877.362 ms
Run time jacobi2d_vectorized_static_veclen_16_cpy iter 0: 9980.667 ms
Run time jacobi2d_vectorized_static_veclen_16_cpy iter 1: 10008.082 ms
Run time jacobi2d_vectorized_static_veclen_16_cpy iter 2: 9776.453 ms
Run time jacobi2d_vectorized_static_veclen_16_cpy iter 3: 9933.658 ms
Run time jacobi2d_vectorized_static_veclen_16_cpy iter 4: 9943.402 ms
Run time jacobi2d_vectorized_static_veclen_16_cpy iter 5: 9950.167 ms
Run time jacobi2d_vectorized_static_veclen_16_cpy iter 6: 9955.187 ms
Run time jacobi2d_vectorized_static_veclen_16_cpy iter 7: 9942.226 ms
Run time jacobi2d_vectorized_static_veclen_16_cpy iter 8: 9949.782 ms
Run time jacobi2d_vectorized_static_veclen_16_cpy iter 9: 9668.753 ms
Run time jacobi2d_vectorized_static_veclen_32_no_cpy iter 0: 5916.330 ms
Run time jacobi2d_vectorized_static_veclen_32_no_cpy iter 1: 5918.261 ms
Run time jacobi2d_vectorized_static_veclen_32_no_cpy iter 2: 5917.463 ms
Run time jacobi2d_vectorized_static_veclen_32_no_cpy iter 3: 5918.141 ms
Run time jacobi2d_vectorized_static_veclen_32_no_cpy iter 4: 5916.736 ms
Run time jacobi2d_vectorized_static_veclen_32_no_cpy iter 5: 5918.342 ms
Run time jacobi2d_vectorized_static_veclen_32_no_cpy iter 6: 5915.251 ms
Run time jacobi2d_vectorized_static_veclen_32_no_cpy iter 7: 5918.923 ms
Run time jacobi2d_vectorized_static_veclen_32_no_cpy iter 8: 5915.542 ms
Run time jacobi2d_vectorized_static_veclen_32_no_cpy iter 9: 5916.575 ms
Run time jacobi2d_vectorized_static_veclen_32_cpy iter 0: 8556.276 ms
Run time jacobi2d_vectorized_static_veclen_32_cpy iter 1: 8550.599 ms
Run time jacobi2d_vectorized_static_veclen_32_cpy iter 2: 8551.093 ms
Run time jacobi2d_vectorized_static_veclen_32_cpy iter 3: 8552.736 ms
Run time jacobi2d_vectorized_static_veclen_32_cpy iter 4: 8549.418 ms
Run time jacobi2d_vectorized_static_veclen_32_cpy iter 5: 8549.212 ms
Run time jacobi2d_vectorized_static_veclen_32_cpy iter 6: 8550.925 ms
Run time jacobi2d_vectorized_static_veclen_32_cpy iter 7: 8557.508 ms
Run time jacobi2d_vectorized_static_veclen_32_cpy iter 8: 8551.778 ms
Run time jacobi2d_vectorized_static_veclen_32_cpy iter 9: 8549.903 ms
Saved timing results to jacobi2d_timings_jacobi2d_timings_amd_epyc_gcc_1_core.csv.csv
