Physical cores: 128
Run time jacobi2d iter 0: 22.628 ms
Run time jacobi2d iter 1: 22.262 ms
Run time jacobi2d iter 2: 22.220 ms
Run time jacobi2d iter 3: 22.706 ms
Run time jacobi2d iter 4: 22.353 ms
Run time jacobi2d iter 5: 22.389 ms
Run time jacobi2d iter 6: 22.236 ms
Run time jacobi2d iter 7: 22.189 ms
Run time jacobi2d iter 8: 22.309 ms
Run time jacobi2d iter 9: 22.311 ms
Run time jacobi2d_vectorized_static_veclen_8_no_cpy iter 0: 10.609 ms
Run time jacobi2d_vectorized_static_veclen_8_no_cpy iter 1: 10.205 ms
Run time jacobi2d_vectorized_static_veclen_8_no_cpy iter 2: 10.099 ms
Run time jacobi2d_vectorized_static_veclen_8_no_cpy iter 3: 10.068 ms
Run time jacobi2d_vectorized_static_veclen_8_no_cpy iter 4: 10.091 ms
Run time jacobi2d_vectorized_static_veclen_8_no_cpy iter 5: 10.358 ms
Run time jacobi2d_vectorized_static_veclen_8_no_cpy iter 6: 10.183 ms
Run time jacobi2d_vectorized_static_veclen_8_no_cpy iter 7: 10.021 ms
Run time jacobi2d_vectorized_static_veclen_8_no_cpy iter 8: 9.793 ms
Run time jacobi2d_vectorized_static_veclen_8_no_cpy iter 9: 10.876 ms
Run time jacobi2d_vectorized_static_veclen_8_cpy iter 0: 19.182 ms
Run time jacobi2d_vectorized_static_veclen_8_cpy iter 1: 19.159 ms
Run time jacobi2d_vectorized_static_veclen_8_cpy iter 2: 19.123 ms
Run time jacobi2d_vectorized_static_veclen_8_cpy iter 3: 19.120 ms
Run time jacobi2d_vectorized_static_veclen_8_cpy iter 4: 19.168 ms
Run time jacobi2d_vectorized_static_veclen_8_cpy iter 5: 19.173 ms
Run time jacobi2d_vectorized_static_veclen_8_cpy iter 6: 19.134 ms
Run time jacobi2d_vectorized_static_veclen_8_cpy iter 7: 19.136 ms
Run time jacobi2d_vectorized_static_veclen_8_cpy iter 8: 19.155 ms
Run time jacobi2d_vectorized_static_veclen_8_cpy iter 9: 19.202 ms
Run time jacobi2d_vectorized_static_veclen_16_no_cpy iter 0: 20.887 ms
Run time jacobi2d_vectorized_static_veclen_16_no_cpy iter 1: 20.410 ms
Run time jacobi2d_vectorized_static_veclen_16_no_cpy iter 2: 20.402 ms
Run time jacobi2d_vectorized_static_veclen_16_no_cpy iter 3: 20.429 ms
Run time jacobi2d_vectorized_static_veclen_16_no_cpy iter 4: 20.533 ms
Run time jacobi2d_vectorized_static_veclen_16_no_cpy iter 5: 20.520 ms
Run time jacobi2d_vectorized_static_veclen_16_no_cpy iter 6: 20.447 ms
Run time jacobi2d_vectorized_static_veclen_16_no_cpy iter 7: 20.470 ms
Run time jacobi2d_vectorized_static_veclen_16_no_cpy iter 8: 20.786 ms
Run time jacobi2d_vectorized_static_veclen_16_no_cpy iter 9: 20.451 ms
Run time jacobi2d_vectorized_static_veclen_16_cpy iter 0: 36.490 ms
Run time jacobi2d_vectorized_static_veclen_16_cpy iter 1: 36.507 ms
Run time jacobi2d_vectorized_static_veclen_16_cpy iter 2: 36.558 ms
Run time jacobi2d_vectorized_static_veclen_16_cpy iter 3: 36.708 ms
Run time jacobi2d_vectorized_static_veclen_16_cpy iter 4: 36.575 ms
Run time jacobi2d_vectorized_static_veclen_16_cpy iter 5: 37.153 ms
Run time jacobi2d_vectorized_static_veclen_16_cpy iter 6: 37.088 ms
Run time jacobi2d_vectorized_static_veclen_16_cpy iter 7: 36.265 ms
Run time jacobi2d_vectorized_static_veclen_16_cpy iter 8: 36.597 ms
Run time jacobi2d_vectorized_static_veclen_16_cpy iter 9: 36.822 ms
Run time jacobi2d_vectorized_static_veclen_32_no_cpy iter 0: 19.166 ms
Run time jacobi2d_vectorized_static_veclen_32_no_cpy iter 1: 19.346 ms
Run time jacobi2d_vectorized_static_veclen_32_no_cpy iter 2: 19.009 ms
Run time jacobi2d_vectorized_static_veclen_32_no_cpy iter 3: 19.088 ms
Run time jacobi2d_vectorized_static_veclen_32_no_cpy iter 4: 19.269 ms
Run time jacobi2d_vectorized_static_veclen_32_no_cpy iter 5: 19.042 ms
Run time jacobi2d_vectorized_static_veclen_32_no_cpy iter 6: 19.107 ms
Run time jacobi2d_vectorized_static_veclen_32_no_cpy iter 7: 19.966 ms
Run time jacobi2d_vectorized_static_veclen_32_no_cpy iter 8: 19.901 ms
Run time jacobi2d_vectorized_static_veclen_32_no_cpy iter 9: 19.758 ms
Run time jacobi2d_vectorized_static_veclen_32_cpy iter 0: 32.444 ms
Run time jacobi2d_vectorized_static_veclen_32_cpy iter 1: 31.985 ms
Run time jacobi2d_vectorized_static_veclen_32_cpy iter 2: 32.338 ms
Run time jacobi2d_vectorized_static_veclen_32_cpy iter 3: 32.283 ms
Run time jacobi2d_vectorized_static_veclen_32_cpy iter 4: 31.954 ms
Run time jacobi2d_vectorized_static_veclen_32_cpy iter 5: 32.309 ms
Run time jacobi2d_vectorized_static_veclen_32_cpy iter 6: 32.249 ms
Run time jacobi2d_vectorized_static_veclen_32_cpy iter 7: 32.063 ms
Run time jacobi2d_vectorized_static_veclen_32_cpy iter 8: 32.213 ms
Run time jacobi2d_vectorized_static_veclen_32_cpy iter 9: 32.705 ms
Saved timing results to jacobi2d_timings_jacobi2d_timings_amd_epyc_gcc_1_core.csv.csv
Run time jacobi2d iter 0: 136.090 ms
Run time jacobi2d iter 1: 135.242 ms
Run time jacobi2d iter 2: 137.173 ms
Run time jacobi2d iter 3: 119.894 ms
Run time jacobi2d iter 4: 113.322 ms
Run time jacobi2d iter 5: 113.649 ms
Run time jacobi2d iter 6: 113.286 ms
Run time jacobi2d iter 7: 113.706 ms
Run time jacobi2d iter 8: 113.077 ms
Run time jacobi2d iter 9: 112.543 ms
Run time jacobi2d_vectorized_static_veclen_8_no_cpy iter 0: 61.342 ms
Run time jacobi2d_vectorized_static_veclen_8_no_cpy iter 1: 61.561 ms
Run time jacobi2d_vectorized_static_veclen_8_no_cpy iter 2: 61.562 ms
Run time jacobi2d_vectorized_static_veclen_8_no_cpy iter 3: 62.110 ms
Run time jacobi2d_vectorized_static_veclen_8_no_cpy iter 4: 61.105 ms
Run time jacobi2d_vectorized_static_veclen_8_no_cpy iter 5: 61.978 ms
Run time jacobi2d_vectorized_static_veclen_8_no_cpy iter 6: 61.588 ms
Run time jacobi2d_vectorized_static_veclen_8_no_cpy iter 7: 61.819 ms
Run time jacobi2d_vectorized_static_veclen_8_no_cpy iter 8: 61.762 ms
Run time jacobi2d_vectorized_static_veclen_8_no_cpy iter 9: 61.563 ms
Run time jacobi2d_vectorized_static_veclen_8_cpy iter 0: 94.212 ms
Run time jacobi2d_vectorized_static_veclen_8_cpy iter 1: 94.348 ms
Run time jacobi2d_vectorized_static_veclen_8_cpy iter 2: 94.206 ms
Run time jacobi2d_vectorized_static_veclen_8_cpy iter 3: 92.962 ms
Run time jacobi2d_vectorized_static_veclen_8_cpy iter 4: 93.771 ms
Run time jacobi2d_vectorized_static_veclen_8_cpy iter 5: 92.698 ms
Run time jacobi2d_vectorized_static_veclen_8_cpy iter 6: 94.764 ms
Run time jacobi2d_vectorized_static_veclen_8_cpy iter 7: 93.982 ms
Run time jacobi2d_vectorized_static_veclen_8_cpy iter 8: 93.480 ms
Run time jacobi2d_vectorized_static_veclen_8_cpy iter 9: 94.164 ms
Run time jacobi2d_vectorized_static_veclen_16_no_cpy iter 0: 91.854 ms
Run time jacobi2d_vectorized_static_veclen_16_no_cpy iter 1: 87.502 ms
Run time jacobi2d_vectorized_static_veclen_16_no_cpy iter 2: 88.638 ms
Run time jacobi2d_vectorized_static_veclen_16_no_cpy iter 3: 92.921 ms
Run time jacobi2d_vectorized_static_veclen_16_no_cpy iter 4: 94.027 ms
Run time jacobi2d_vectorized_static_veclen_16_no_cpy iter 5: 93.437 ms
Run time jacobi2d_vectorized_static_veclen_16_no_cpy iter 6: 93.936 ms
Run time jacobi2d_vectorized_static_veclen_16_no_cpy iter 7: 93.443 ms
Run time jacobi2d_vectorized_static_veclen_16_no_cpy iter 8: 93.702 ms
Run time jacobi2d_vectorized_static_veclen_16_no_cpy iter 9: 93.611 ms
Run time jacobi2d_vectorized_static_veclen_16_cpy iter 0: 146.574 ms
Run time jacobi2d_vectorized_static_veclen_16_cpy iter 1: 146.042 ms
Run time jacobi2d_vectorized_static_veclen_16_cpy iter 2: 146.673 ms
Run time jacobi2d_vectorized_static_veclen_16_cpy iter 3: 146.285 ms
Run time jacobi2d_vectorized_static_veclen_16_cpy iter 4: 146.539 ms
Run time jacobi2d_vectorized_static_veclen_16_cpy iter 5: 146.696 ms
Run time jacobi2d_vectorized_static_veclen_16_cpy iter 6: 146.816 ms
Run time jacobi2d_vectorized_static_veclen_16_cpy iter 7: 151.587 ms
Run time jacobi2d_vectorized_static_veclen_16_cpy iter 8: 151.594 ms
Run time jacobi2d_vectorized_static_veclen_16_cpy iter 9: 152.115 ms
Run time jacobi2d_vectorized_static_veclen_32_no_cpy iter 0: 124.127 ms
Run time jacobi2d_vectorized_static_veclen_32_no_cpy iter 1: 124.066 ms
Run time jacobi2d_vectorized_static_veclen_32_no_cpy iter 2: 120.914 ms
Run time jacobi2d_vectorized_static_veclen_32_no_cpy iter 3: 123.751 ms
Run time jacobi2d_vectorized_static_veclen_32_no_cpy iter 4: 123.971 ms
Run time jacobi2d_vectorized_static_veclen_32_no_cpy iter 5: 121.728 ms
Run time jacobi2d_vectorized_static_veclen_32_no_cpy iter 6: 123.904 ms
Run time jacobi2d_vectorized_static_veclen_32_no_cpy iter 7: 123.756 ms
Run time jacobi2d_vectorized_static_veclen_32_no_cpy iter 8: 121.277 ms
Run time jacobi2d_vectorized_static_veclen_32_no_cpy iter 9: 123.980 ms
Run time jacobi2d_vectorized_static_veclen_32_cpy iter 0: 125.854 ms
Run time jacobi2d_vectorized_static_veclen_32_cpy iter 1: 128.243 ms
Run time jacobi2d_vectorized_static_veclen_32_cpy iter 2: 128.997 ms
Run time jacobi2d_vectorized_static_veclen_32_cpy iter 3: 128.817 ms
Run time jacobi2d_vectorized_static_veclen_32_cpy iter 4: 128.731 ms
Run time jacobi2d_vectorized_static_veclen_32_cpy iter 5: 128.593 ms
Run time jacobi2d_vectorized_static_veclen_32_cpy iter 6: 125.198 ms
Run time jacobi2d_vectorized_static_veclen_32_cpy iter 7: 125.088 ms
Run time jacobi2d_vectorized_static_veclen_32_cpy iter 8: 125.441 ms
Run time jacobi2d_vectorized_static_veclen_32_cpy iter 9: 128.985 ms
Saved timing results to jacobi2d_timings_jacobi2d_timings_amd_epyc_gcc_1_core.csv.csv
Run time jacobi2d iter 0: 442.256 ms
Run time jacobi2d iter 1: 399.817 ms
Run time jacobi2d iter 2: 397.108 ms
Run time jacobi2d iter 3: 395.775 ms
Run time jacobi2d iter 4: 397.665 ms
Run time jacobi2d iter 5: 399.066 ms
Run time jacobi2d iter 6: 399.145 ms
Run time jacobi2d iter 7: 401.015 ms
Run time jacobi2d iter 8: 458.066 ms
Run time jacobi2d iter 9: 494.771 ms
Run time jacobi2d_vectorized_static_veclen_8_no_cpy iter 0: 287.310 ms
Run time jacobi2d_vectorized_static_veclen_8_no_cpy iter 1: 289.906 ms
Run time jacobi2d_vectorized_static_veclen_8_no_cpy iter 2: 290.575 ms
Run time jacobi2d_vectorized_static_veclen_8_no_cpy iter 3: 292.523 ms
Run time jacobi2d_vectorized_static_veclen_8_no_cpy iter 4: 292.657 ms
Run time jacobi2d_vectorized_static_veclen_8_no_cpy iter 5: 293.393 ms
Run time jacobi2d_vectorized_static_veclen_8_no_cpy iter 6: 291.253 ms
Run time jacobi2d_vectorized_static_veclen_8_no_cpy iter 7: 401.602 ms
Run time jacobi2d_vectorized_static_veclen_8_no_cpy iter 8: 431.845 ms
Run time jacobi2d_vectorized_static_veclen_8_no_cpy iter 9: 429.390 ms
Run time jacobi2d_vectorized_static_veclen_8_cpy iter 0: 388.502 ms
Run time jacobi2d_vectorized_static_veclen_8_cpy iter 1: 390.272 ms
Run time jacobi2d_vectorized_static_veclen_8_cpy iter 2: 394.117 ms
Run time jacobi2d_vectorized_static_veclen_8_cpy iter 3: 394.220 ms
Run time jacobi2d_vectorized_static_veclen_8_cpy iter 4: 429.253 ms
Run time jacobi2d_vectorized_static_veclen_8_cpy iter 5: 505.078 ms
Run time jacobi2d_vectorized_static_veclen_8_cpy iter 6: 483.041 ms
Run time jacobi2d_vectorized_static_veclen_8_cpy iter 7: 477.314 ms
Run time jacobi2d_vectorized_static_veclen_8_cpy iter 8: 492.034 ms
Run time jacobi2d_vectorized_static_veclen_8_cpy iter 9: 506.065 ms
Run time jacobi2d_vectorized_static_veclen_16_no_cpy iter 0: 402.221 ms
Run time jacobi2d_vectorized_static_veclen_16_no_cpy iter 1: 412.698 ms
Run time jacobi2d_vectorized_static_veclen_16_no_cpy iter 2: 493.111 ms
Run time jacobi2d_vectorized_static_veclen_16_no_cpy iter 3: 448.843 ms
Run time jacobi2d_vectorized_static_veclen_16_no_cpy iter 4: 402.078 ms
Run time jacobi2d_vectorized_static_veclen_16_no_cpy iter 5: 475.744 ms
Run time jacobi2d_vectorized_static_veclen_16_no_cpy iter 6: 496.348 ms
Run time jacobi2d_vectorized_static_veclen_16_no_cpy iter 7: 494.555 ms
Run time jacobi2d_vectorized_static_veclen_16_no_cpy iter 8: 498.031 ms
Run time jacobi2d_vectorized_static_veclen_16_no_cpy iter 9: 498.945 ms
Run time jacobi2d_vectorized_static_veclen_16_cpy iter 0: 616.160 ms
Run time jacobi2d_vectorized_static_veclen_16_cpy iter 1: 618.205 ms
Run time jacobi2d_vectorized_static_veclen_16_cpy iter 2: 616.964 ms
Run time jacobi2d_vectorized_static_veclen_16_cpy iter 3: 618.311 ms
Run time jacobi2d_vectorized_static_veclen_16_cpy iter 4: 613.462 ms
Run time jacobi2d_vectorized_static_veclen_16_cpy iter 5: 613.399 ms
Run time jacobi2d_vectorized_static_veclen_16_cpy iter 6: 601.973 ms
Run time jacobi2d_vectorized_static_veclen_16_cpy iter 7: 596.856 ms
Run time jacobi2d_vectorized_static_veclen_16_cpy iter 8: 596.709 ms
Run time jacobi2d_vectorized_static_veclen_16_cpy iter 9: 597.060 ms
Run time jacobi2d_vectorized_static_veclen_32_no_cpy iter 0: 495.431 ms
Run time jacobi2d_vectorized_static_veclen_32_no_cpy iter 1: 497.943 ms
Run time jacobi2d_vectorized_static_veclen_32_no_cpy iter 2: 496.974 ms
Run time jacobi2d_vectorized_static_veclen_32_no_cpy iter 3: 457.196 ms
Run time jacobi2d_vectorized_static_veclen_32_no_cpy iter 4: 496.487 ms
Run time jacobi2d_vectorized_static_veclen_32_no_cpy iter 5: 496.383 ms
Run time jacobi2d_vectorized_static_veclen_32_no_cpy iter 6: 497.033 ms
Run time jacobi2d_vectorized_static_veclen_32_no_cpy iter 7: 494.818 ms
Run time jacobi2d_vectorized_static_veclen_32_no_cpy iter 8: 496.902 ms
Run time jacobi2d_vectorized_static_veclen_32_no_cpy iter 9: 498.194 ms
Run time jacobi2d_vectorized_static_veclen_32_cpy iter 0: 574.182 ms
Run time jacobi2d_vectorized_static_veclen_32_cpy iter 1: 574.781 ms
Run time jacobi2d_vectorized_static_veclen_32_cpy iter 2: 564.165 ms
Run time jacobi2d_vectorized_static_veclen_32_cpy iter 3: 574.114 ms
Run time jacobi2d_vectorized_static_veclen_32_cpy iter 4: 570.102 ms
Run time jacobi2d_vectorized_static_veclen_32_cpy iter 5: 522.368 ms
Run time jacobi2d_vectorized_static_veclen_32_cpy iter 6: 520.794 ms
Run time jacobi2d_vectorized_static_veclen_32_cpy iter 7: 521.398 ms
Run time jacobi2d_vectorized_static_veclen_32_cpy iter 8: 520.916 ms
Run time jacobi2d_vectorized_static_veclen_32_cpy iter 9: 521.086 ms
Saved timing results to jacobi2d_timings_jacobi2d_timings_amd_epyc_gcc_1_core.csv.csv
Run time jacobi2d iter 0: 2067.677 ms
Run time jacobi2d iter 1: 2044.976 ms
Run time jacobi2d iter 2: 2070.033 ms
Run time jacobi2d iter 3: 2077.954 ms
Run time jacobi2d iter 4: 2077.926 ms
Run time jacobi2d iter 5: 1558.992 ms
Run time jacobi2d iter 6: 1545.822 ms
Run time jacobi2d iter 7: 1568.665 ms
Run time jacobi2d iter 8: 2057.790 ms
Run time jacobi2d iter 9: 2054.676 ms
Run time jacobi2d_vectorized_static_veclen_8_no_cpy iter 0: 1731.906 ms
Run time jacobi2d_vectorized_static_veclen_8_no_cpy iter 1: 1728.744 ms
Run time jacobi2d_vectorized_static_veclen_8_no_cpy iter 2: 1584.162 ms
Run time jacobi2d_vectorized_static_veclen_8_no_cpy iter 3: 1680.542 ms
Run time jacobi2d_vectorized_static_veclen_8_no_cpy iter 4: 1731.919 ms
Run time jacobi2d_vectorized_static_veclen_8_no_cpy iter 5: 1410.136 ms
Run time jacobi2d_vectorized_static_veclen_8_no_cpy iter 6: 1147.670 ms
Run time jacobi2d_vectorized_static_veclen_8_no_cpy iter 7: 1149.337 ms
Run time jacobi2d_vectorized_static_veclen_8_no_cpy iter 8: 1375.675 ms
Run time jacobi2d_vectorized_static_veclen_8_no_cpy iter 9: 1725.414 ms
Run time jacobi2d_vectorized_static_veclen_8_cpy iter 0: 2022.597 ms
Run time jacobi2d_vectorized_static_veclen_8_cpy iter 1: 2030.263 ms
Run time jacobi2d_vectorized_static_veclen_8_cpy iter 2: 1994.410 ms
Run time jacobi2d_vectorized_static_veclen_8_cpy iter 3: 2028.912 ms
Run time jacobi2d_vectorized_static_veclen_8_cpy iter 4: 1902.289 ms
Run time jacobi2d_vectorized_static_veclen_8_cpy iter 5: 1554.384 ms
Run time jacobi2d_vectorized_static_veclen_8_cpy iter 6: 1796.553 ms
Run time jacobi2d_vectorized_static_veclen_8_cpy iter 7: 2026.574 ms
Run time jacobi2d_vectorized_static_veclen_8_cpy iter 8: 2026.422 ms
Run time jacobi2d_vectorized_static_veclen_8_cpy iter 9: 1863.406 ms
Run time jacobi2d_vectorized_static_veclen_16_no_cpy iter 0: 2017.546 ms
Run time jacobi2d_vectorized_static_veclen_16_no_cpy iter 1: 2009.868 ms
Run time jacobi2d_vectorized_static_veclen_16_no_cpy iter 2: 1629.450 ms
Run time jacobi2d_vectorized_static_veclen_16_no_cpy iter 3: 1578.328 ms
Run time jacobi2d_vectorized_static_veclen_16_no_cpy iter 4: 1959.827 ms
Run time jacobi2d_vectorized_static_veclen_16_no_cpy iter 5: 2002.358 ms
Run time jacobi2d_vectorized_static_veclen_16_no_cpy iter 6: 1990.899 ms
Run time jacobi2d_vectorized_static_veclen_16_no_cpy iter 7: 1998.912 ms
Run time jacobi2d_vectorized_static_veclen_16_no_cpy iter 8: 1993.591 ms
Run time jacobi2d_vectorized_static_veclen_16_no_cpy iter 9: 2002.728 ms
Run time jacobi2d_vectorized_static_veclen_16_cpy iter 0: 2470.490 ms
Run time jacobi2d_vectorized_static_veclen_16_cpy iter 1: 2679.362 ms
Run time jacobi2d_vectorized_static_veclen_16_cpy iter 2: 2637.456 ms
Run time jacobi2d_vectorized_static_veclen_16_cpy iter 3: 2645.108 ms
Run time jacobi2d_vectorized_static_veclen_16_cpy iter 4: 2627.952 ms
Run time jacobi2d_vectorized_static_veclen_16_cpy iter 5: 2650.031 ms
Run time jacobi2d_vectorized_static_veclen_16_cpy iter 6: 2653.083 ms
Run time jacobi2d_vectorized_static_veclen_16_cpy iter 7: 2545.350 ms
Run time jacobi2d_vectorized_static_veclen_16_cpy iter 8: 2601.420 ms
Run time jacobi2d_vectorized_static_veclen_16_cpy iter 9: 2700.944 ms
Run time jacobi2d_vectorized_static_veclen_32_no_cpy iter 0: 1937.510 ms
Run time jacobi2d_vectorized_static_veclen_32_no_cpy iter 1: 1920.255 ms
Run time jacobi2d_vectorized_static_veclen_32_no_cpy iter 2: 1937.942 ms
Run time jacobi2d_vectorized_static_veclen_32_no_cpy iter 3: 1958.122 ms
Run time jacobi2d_vectorized_static_veclen_32_no_cpy iter 4: 1887.734 ms
Run time jacobi2d_vectorized_static_veclen_32_no_cpy iter 5: 1960.105 ms
Run time jacobi2d_vectorized_static_veclen_32_no_cpy iter 6: 1964.727 ms
Run time jacobi2d_vectorized_static_veclen_32_no_cpy iter 7: 1951.631 ms
Run time jacobi2d_vectorized_static_veclen_32_no_cpy iter 8: 1937.863 ms
Run time jacobi2d_vectorized_static_veclen_32_no_cpy iter 9: 1956.456 ms
Run time jacobi2d_vectorized_static_veclen_32_cpy iter 0: 2346.959 ms
Run time jacobi2d_vectorized_static_veclen_32_cpy iter 1: 2341.490 ms
Run time jacobi2d_vectorized_static_veclen_32_cpy iter 2: 2341.869 ms
Run time jacobi2d_vectorized_static_veclen_32_cpy iter 3: 2339.921 ms
Run time jacobi2d_vectorized_static_veclen_32_cpy iter 4: 2338.043 ms
Run time jacobi2d_vectorized_static_veclen_32_cpy iter 5: 2347.644 ms
Run time jacobi2d_vectorized_static_veclen_32_cpy iter 6: 2338.953 ms
Run time jacobi2d_vectorized_static_veclen_32_cpy iter 7: 2341.355 ms
Run time jacobi2d_vectorized_static_veclen_32_cpy iter 8: 2339.973 ms
Run time jacobi2d_vectorized_static_veclen_32_cpy iter 9: 2342.056 ms
Saved timing results to jacobi2d_timings_jacobi2d_timings_amd_epyc_gcc_1_core.csv.csv
Run time jacobi2d iter 0: 8328.398 ms
Run time jacobi2d iter 1: 8255.406 ms
Run time jacobi2d iter 2: 8211.795 ms
Run time jacobi2d iter 3: 8295.469 ms
Run time jacobi2d iter 4: 8323.149 ms
Run time jacobi2d iter 5: 8333.806 ms
Run time jacobi2d iter 6: 8307.827 ms
Run time jacobi2d iter 7: 8285.854 ms
Run time jacobi2d iter 8: 6761.275 ms
Run time jacobi2d iter 9: 8196.133 ms
Run time jacobi2d_vectorized_static_veclen_8_no_cpy iter 0: 6984.956 ms
Run time jacobi2d_vectorized_static_veclen_8_no_cpy iter 1: 6865.152 ms
Run time jacobi2d_vectorized_static_veclen_8_no_cpy iter 2: 6868.406 ms
Run time jacobi2d_vectorized_static_veclen_8_no_cpy iter 3: 6900.908 ms
Run time jacobi2d_vectorized_static_veclen_8_no_cpy iter 4: 6903.361 ms
Run time jacobi2d_vectorized_static_veclen_8_no_cpy iter 5: 6991.250 ms
Run time jacobi2d_vectorized_static_veclen_8_no_cpy iter 6: 6884.772 ms
Run time jacobi2d_vectorized_static_veclen_8_no_cpy iter 7: 6941.071 ms
Run time jacobi2d_vectorized_static_veclen_8_no_cpy iter 8: 5755.538 ms
Run time jacobi2d_vectorized_static_veclen_8_no_cpy iter 9: 5957.071 ms
Run time jacobi2d_vectorized_static_veclen_8_cpy iter 0: 8361.590 ms
Run time jacobi2d_vectorized_static_veclen_8_cpy iter 1: 8393.663 ms
Run time jacobi2d_vectorized_static_veclen_8_cpy iter 2: 8402.200 ms
Run time jacobi2d_vectorized_static_veclen_8_cpy iter 3: 8397.112 ms
Run time jacobi2d_vectorized_static_veclen_8_cpy iter 4: 8385.374 ms
Run time jacobi2d_vectorized_static_veclen_8_cpy iter 5: 8353.341 ms
Run time jacobi2d_vectorized_static_veclen_8_cpy iter 6: 6801.803 ms
Run time jacobi2d_vectorized_static_veclen_8_cpy iter 7: 8216.590 ms
Run time jacobi2d_vectorized_static_veclen_8_cpy iter 8: 8407.471 ms
Run time jacobi2d_vectorized_static_veclen_8_cpy iter 9: 8425.192 ms
Run time jacobi2d_vectorized_static_veclen_16_no_cpy iter 0: 8090.707 ms
Run time jacobi2d_vectorized_static_veclen_16_no_cpy iter 1: 8093.705 ms
Run time jacobi2d_vectorized_static_veclen_16_no_cpy iter 2: 7738.909 ms
Run time jacobi2d_vectorized_static_veclen_16_no_cpy iter 3: 8033.927 ms
Run time jacobi2d_vectorized_static_veclen_16_no_cpy iter 4: 6813.873 ms
Run time jacobi2d_vectorized_static_veclen_16_no_cpy iter 5: 7450.110 ms
Run time jacobi2d_vectorized_static_veclen_16_no_cpy iter 6: 7975.400 ms
Run time jacobi2d_vectorized_static_veclen_16_no_cpy iter 7: 7674.749 ms
Run time jacobi2d_vectorized_static_veclen_16_no_cpy iter 8: 7959.328 ms
Run time jacobi2d_vectorized_static_veclen_16_no_cpy iter 9: 8102.987 ms
Run time jacobi2d_vectorized_static_veclen_16_cpy iter 0: 10141.877 ms
Run time jacobi2d_vectorized_static_veclen_16_cpy iter 1: 10113.625 ms
Run time jacobi2d_vectorized_static_veclen_16_cpy iter 2: 9988.606 ms
Run time jacobi2d_vectorized_static_veclen_16_cpy iter 3: 10131.889 ms
Run time jacobi2d_vectorized_static_veclen_16_cpy iter 4: 10141.964 ms
Run time jacobi2d_vectorized_static_veclen_16_cpy iter 5: 10140.041 ms
Run time jacobi2d_vectorized_static_veclen_16_cpy iter 6: 10133.106 ms
Run time jacobi2d_vectorized_static_veclen_16_cpy iter 7: 10115.317 ms
Run time jacobi2d_vectorized_static_veclen_16_cpy iter 8: 10132.919 ms
Run time jacobi2d_vectorized_static_veclen_16_cpy iter 9: 9675.954 ms
Run time jacobi2d_vectorized_static_veclen_32_no_cpy iter 0: 5898.779 ms
Run time jacobi2d_vectorized_static_veclen_32_no_cpy iter 1: 5903.273 ms
Run time jacobi2d_vectorized_static_veclen_32_no_cpy iter 2: 5900.394 ms
Run time jacobi2d_vectorized_static_veclen_32_no_cpy iter 3: 5899.082 ms
Run time jacobi2d_vectorized_static_veclen_32_no_cpy iter 4: 5900.083 ms
Run time jacobi2d_vectorized_static_veclen_32_no_cpy iter 5: 5897.475 ms
Run time jacobi2d_vectorized_static_veclen_32_no_cpy iter 6: 5900.004 ms
Run time jacobi2d_vectorized_static_veclen_32_no_cpy iter 7: 5901.660 ms
Run time jacobi2d_vectorized_static_veclen_32_no_cpy iter 8: 5899.496 ms
Run time jacobi2d_vectorized_static_veclen_32_no_cpy iter 9: 5900.300 ms
Run time jacobi2d_vectorized_static_veclen_32_cpy iter 0: 8485.672 ms
Run time jacobi2d_vectorized_static_veclen_32_cpy iter 1: 8481.031 ms
Run time jacobi2d_vectorized_static_veclen_32_cpy iter 2: 8487.712 ms
Run time jacobi2d_vectorized_static_veclen_32_cpy iter 3: 8487.880 ms
Run time jacobi2d_vectorized_static_veclen_32_cpy iter 4: 8482.979 ms
Run time jacobi2d_vectorized_static_veclen_32_cpy iter 5: 8488.785 ms
Run time jacobi2d_vectorized_static_veclen_32_cpy iter 6: 8484.674 ms
Run time jacobi2d_vectorized_static_veclen_32_cpy iter 7: 8489.888 ms
Run time jacobi2d_vectorized_static_veclen_32_cpy iter 8: 8491.000 ms
Run time jacobi2d_vectorized_static_veclen_32_cpy iter 9: 8486.659 ms
Saved timing results to jacobi2d_timings_jacobi2d_timings_amd_epyc_gcc_1_core.csv.csv
