Physical cores: 288
Run time cloudsc_pattern_1 iter 0: 28.648 ms
Run time cloudsc_pattern_1 iter 1: 28.143 ms
Run time cloudsc_pattern_1 iter 2: 28.476 ms
Run time cloudsc_pattern_1 iter 3: 28.306 ms
Run time cloudsc_pattern_1 iter 4: 28.551 ms
Run time cloudsc_pattern_1 iter 5: 28.064 ms
Run time cloudsc_pattern_1 iter 6: 28.317 ms
Run time cloudsc_pattern_1 iter 7: 28.035 ms
Run time cloudsc_pattern_1 iter 8: 28.404 ms
Run time cloudsc_pattern_1 iter 9: 27.872 ms
[can_be_applied] to if_385 is True
[can_be_applied] to if_385 is True
Changing __out = (__in1 / __in2) to have +1.7800590868057611e-307 to avoid NaN/inf floating-point exception in division!
[can_be_applied] to if_391 is True
Changing __out = log(__in1) to have (__in1) + 1.7800590868057611e-307 inside log() to avoid log(0) NaN!
Changing __out = (__in1 / __in2) to have +1.7800590868057611e-307 to avoid NaN/inf floating-point exception in division!
Changing __out = (__in1 / __in2) to have +1.7800590868057611e-307 to avoid NaN/inf floating-point exception in division!
Changing __out = (__in1 / __in2) to have +1.7800590868057611e-307 to avoid NaN/inf floating-point exception in division!
Changing __out = (__in1 / __in2) to have +1.7800590868057611e-307 to avoid NaN/inf floating-point exception in division!
Changing __out = (__in1 / __in2) to have +1.7800590868057611e-307 to avoid NaN/inf floating-point exception in division!
Changing __out = (__in1 / __in2) to have +1.7800590868057611e-307 to avoid NaN/inf floating-point exception in division!
Changing __out = (__in1 / __in2) to have +1.7800590868057611e-307 to avoid NaN/inf floating-point exception in division!
Changing __out = (__in1 / __in2) to have +1.7800590868057611e-307 to avoid NaN/inf floating-point exception in division!
Changing __out = (__in1 / __in2) to have +1.7800590868057611e-307 to avoid NaN/inf floating-point exception in division!
Changing __out = (__in1 / __in2) to have +1.7800590868057611e-307 to avoid NaN/inf floating-point exception in division!
Run time cloudsc_pattern_1_vectorized_static_veclen_2_no_cpy iter 0: 54.478 ms
Run time cloudsc_pattern_1_vectorized_static_veclen_2_no_cpy iter 1: 55.155 ms
Run time cloudsc_pattern_1_vectorized_static_veclen_2_no_cpy iter 2: 54.375 ms
Run time cloudsc_pattern_1_vectorized_static_veclen_2_no_cpy iter 3: 54.490 ms
Run time cloudsc_pattern_1_vectorized_static_veclen_2_no_cpy iter 4: 54.705 ms
Run time cloudsc_pattern_1_vectorized_static_veclen_2_no_cpy iter 5: 54.536 ms
Run time cloudsc_pattern_1_vectorized_static_veclen_2_no_cpy iter 6: 54.784 ms
Run time cloudsc_pattern_1_vectorized_static_veclen_2_no_cpy iter 7: 54.553 ms
Run time cloudsc_pattern_1_vectorized_static_veclen_2_no_cpy iter 8: 54.596 ms
Run time cloudsc_pattern_1_vectorized_static_veclen_2_no_cpy iter 9: 55.200 ms
[can_be_applied] to if_385 is True
[can_be_applied] to if_385 is True
Changing __out = (__in1 / __in2) to have +1.7800590868057611e-307 to avoid NaN/inf floating-point exception in division!
[can_be_applied] to if_391 is True
Changing __out = (__in1 / __in2) to have +1.7800590868057611e-307 to avoid NaN/inf floating-point exception in division!
Changing __out = (__in1 / __in2) to have +1.7800590868057611e-307 to avoid NaN/inf floating-point exception in division!
Changing __out = log(__in1) to have (__in1) + 1.7800590868057611e-307 inside log() to avoid log(0) NaN!
Changing __out = (__in1 / __in2) to have +1.7800590868057611e-307 to avoid NaN/inf floating-point exception in division!
Changing __out = (__in1 / __in2) to have +1.7800590868057611e-307 to avoid NaN/inf floating-point exception in division!
Changing __out = (__in1 / __in2) to have +1.7800590868057611e-307 to avoid NaN/inf floating-point exception in division!
Changing __out = (__in1 / __in2) to have +1.7800590868057611e-307 to avoid NaN/inf floating-point exception in division!
Changing __out = (__in1 / __in2) to have +1.7800590868057611e-307 to avoid NaN/inf floating-point exception in division!
Changing __out = (__in1 / __in2) to have +1.7800590868057611e-307 to avoid NaN/inf floating-point exception in division!
Changing __out = (__in1 / __in2) to have +1.7800590868057611e-307 to avoid NaN/inf floating-point exception in division!
Changing __out = (__in1 / __in2) to have +1.7800590868057611e-307 to avoid NaN/inf floating-point exception in division!
Run time cloudsc_pattern_1_vectorized_static_veclen_4_no_cpy iter 0: 39.709 ms
Run time cloudsc_pattern_1_vectorized_static_veclen_4_no_cpy iter 1: 40.926 ms
Run time cloudsc_pattern_1_vectorized_static_veclen_4_no_cpy iter 2: 49.687 ms
Run time cloudsc_pattern_1_vectorized_static_veclen_4_no_cpy iter 3: 40.564 ms
Run time cloudsc_pattern_1_vectorized_static_veclen_4_no_cpy iter 4: 40.582 ms
Run time cloudsc_pattern_1_vectorized_static_veclen_4_no_cpy iter 5: 40.440 ms
Run time cloudsc_pattern_1_vectorized_static_veclen_4_no_cpy iter 6: 40.873 ms
Run time cloudsc_pattern_1_vectorized_static_veclen_4_no_cpy iter 7: 40.825 ms
Run time cloudsc_pattern_1_vectorized_static_veclen_4_no_cpy iter 8: 40.721 ms
Run time cloudsc_pattern_1_vectorized_static_veclen_4_no_cpy iter 9: 40.672 ms
[can_be_applied] to if_385 is True
[can_be_applied] to if_385 is True
Changing __out = (__in1 / __in2) to have +1.7800590868057611e-307 to avoid NaN/inf floating-point exception in division!
[can_be_applied] to if_391 is True
Changing __out = (__in1 / __in2) to have +1.7800590868057611e-307 to avoid NaN/inf floating-point exception in division!
Changing __out = (__in1 / __in2) to have +1.7800590868057611e-307 to avoid NaN/inf floating-point exception in division!
Changing __out = (__in1 / __in2) to have +1.7800590868057611e-307 to avoid NaN/inf floating-point exception in division!
Changing __out = (__in1 / __in2) to have +1.7800590868057611e-307 to avoid NaN/inf floating-point exception in division!
Changing __out = log(__in1) to have (__in1) + 1.7800590868057611e-307 inside log() to avoid log(0) NaN!
Changing __out = (__in1 / __in2) to have +1.7800590868057611e-307 to avoid NaN/inf floating-point exception in division!
Changing __out = (__in1 / __in2) to have +1.7800590868057611e-307 to avoid NaN/inf floating-point exception in division!
Changing __out = (__in1 / __in2) to have +1.7800590868057611e-307 to avoid NaN/inf floating-point exception in division!
Changing __out = (__in1 / __in2) to have +1.7800590868057611e-307 to avoid NaN/inf floating-point exception in division!
Changing __out = (__in1 / __in2) to have +1.7800590868057611e-307 to avoid NaN/inf floating-point exception in division!
Changing __out = (__in1 / __in2) to have +1.7800590868057611e-307 to avoid NaN/inf floating-point exception in division!
Run time cloudsc_pattern_1_vectorized_static_veclen_8_no_cpy iter 0: 61.253 ms
Run time cloudsc_pattern_1_vectorized_static_veclen_8_no_cpy iter 1: 63.298 ms
Run time cloudsc_pattern_1_vectorized_static_veclen_8_no_cpy iter 2: 62.747 ms
Run time cloudsc_pattern_1_vectorized_static_veclen_8_no_cpy iter 3: 62.593 ms
Run time cloudsc_pattern_1_vectorized_static_veclen_8_no_cpy iter 4: 63.735 ms
Run time cloudsc_pattern_1_vectorized_static_veclen_8_no_cpy iter 5: 64.329 ms
Run time cloudsc_pattern_1_vectorized_static_veclen_8_no_cpy iter 6: 64.213 ms
Run time cloudsc_pattern_1_vectorized_static_veclen_8_no_cpy iter 7: 63.723 ms
Run time cloudsc_pattern_1_vectorized_static_veclen_8_no_cpy iter 8: 63.745 ms
Run time cloudsc_pattern_1_vectorized_static_veclen_8_no_cpy iter 9: 63.410 ms
[can_be_applied] to if_385 is True
[can_be_applied] to if_385 is True
Changing __out = (__in1 / __in2) to have +1.7800590868057611e-307 to avoid NaN/inf floating-point exception in division!
[can_be_applied] to if_391 is True
Changing __out = (__in1 / __in2) to have +1.7800590868057611e-307 to avoid NaN/inf floating-point exception in division!
Changing __out = (__in1 / __in2) to have +1.7800590868057611e-307 to avoid NaN/inf floating-point exception in division!
Changing __out = (__in1 / __in2) to have +1.7800590868057611e-307 to avoid NaN/inf floating-point exception in division!
Changing __out = log(__in1) to have (__in1) + 1.7800590868057611e-307 inside log() to avoid log(0) NaN!
Changing __out = (__in1 / __in2) to have +1.7800590868057611e-307 to avoid NaN/inf floating-point exception in division!
Changing __out = (__in1 / __in2) to have +1.7800590868057611e-307 to avoid NaN/inf floating-point exception in division!
Changing __out = (__in1 / __in2) to have +1.7800590868057611e-307 to avoid NaN/inf floating-point exception in division!
Changing __out = (__in1 / __in2) to have +1.7800590868057611e-307 to avoid NaN/inf floating-point exception in division!
Changing __out = (__in1 / __in2) to have +1.7800590868057611e-307 to avoid NaN/inf floating-point exception in division!
Changing __out = (__in1 / __in2) to have +1.7800590868057611e-307 to avoid NaN/inf floating-point exception in division!
Changing __out = (__in1 / __in2) to have +1.7800590868057611e-307 to avoid NaN/inf floating-point exception in division!
Run time cloudsc_pattern_1_vectorized_static_veclen_32_no_cpy iter 0: 48.367 ms
Run time cloudsc_pattern_1_vectorized_static_veclen_32_no_cpy iter 1: 49.020 ms
Run time cloudsc_pattern_1_vectorized_static_veclen_32_no_cpy iter 2: 48.730 ms
Run time cloudsc_pattern_1_vectorized_static_veclen_32_no_cpy iter 3: 48.518 ms
Run time cloudsc_pattern_1_vectorized_static_veclen_32_no_cpy iter 4: 48.910 ms
Run time cloudsc_pattern_1_vectorized_static_veclen_32_no_cpy iter 5: 48.391 ms
Run time cloudsc_pattern_1_vectorized_static_veclen_32_no_cpy iter 6: 48.489 ms
Run time cloudsc_pattern_1_vectorized_static_veclen_32_no_cpy iter 7: 48.176 ms
Run time cloudsc_pattern_1_vectorized_static_veclen_32_no_cpy iter 8: 48.468 ms
Run time cloudsc_pattern_1_vectorized_static_veclen_32_no_cpy iter 9: 48.415 ms
[can_be_applied] to if_385 is True
[can_be_applied] to if_385 is True
Changing __out = (__in1 / __in2) to have +1.7800590868057611e-307 to avoid NaN/inf floating-point exception in division!
[can_be_applied] to if_391 is True
Changing __out = (__in1 / __in2) to have +1.7800590868057611e-307 to avoid NaN/inf floating-point exception in division!
Changing __out = (__in1 / __in2) to have +1.7800590868057611e-307 to avoid NaN/inf floating-point exception in division!
Changing __out = (__in1 / __in2) to have +1.7800590868057611e-307 to avoid NaN/inf floating-point exception in division!
Changing __out = (__in1 / __in2) to have +1.7800590868057611e-307 to avoid NaN/inf floating-point exception in division!
Changing __out = (__in1 / __in2) to have +1.7800590868057611e-307 to avoid NaN/inf floating-point exception in division!
Changing __out = (__in1 / __in2) to have +1.7800590868057611e-307 to avoid NaN/inf floating-point exception in division!
Changing __out = (__in1 / __in2) to have +1.7800590868057611e-307 to avoid NaN/inf floating-point exception in division!
Changing __out = (__in1 / __in2) to have +1.7800590868057611e-307 to avoid NaN/inf floating-point exception in division!
Changing __out = (__in1 / __in2) to have +1.7800590868057611e-307 to avoid NaN/inf floating-point exception in division!
Changing __out = (__in1 / __in2) to have +1.7800590868057611e-307 to avoid NaN/inf floating-point exception in division!
Changing __out = log(__in1) to have (__in1) + 1.7800590868057611e-307 inside log() to avoid log(0) NaN!
Run time cloudsc_pattern_1_vectorized_static_veclen_128_no_cpy iter 0: 52.069 ms
Run time cloudsc_pattern_1_vectorized_static_veclen_128_no_cpy iter 1: 51.003 ms
Run time cloudsc_pattern_1_vectorized_static_veclen_128_no_cpy iter 2: 50.031 ms
Run time cloudsc_pattern_1_vectorized_static_veclen_128_no_cpy iter 3: 51.902 ms
Run time cloudsc_pattern_1_vectorized_static_veclen_128_no_cpy iter 4: 52.821 ms
Run time cloudsc_pattern_1_vectorized_static_veclen_128_no_cpy iter 5: 51.366 ms
Run time cloudsc_pattern_1_vectorized_static_veclen_128_no_cpy iter 6: 50.307 ms
Run time cloudsc_pattern_1_vectorized_static_veclen_128_no_cpy iter 7: 50.121 ms
Run time cloudsc_pattern_1_vectorized_static_veclen_128_no_cpy iter 8: 50.189 ms
Run time cloudsc_pattern_1_vectorized_static_veclen_128_no_cpy iter 9: 50.176 ms
[can_be_applied] to if_385 is True
[can_be_applied] to if_385 is True
Changing __out = (__in1 / __in2) to have +1.7800590868057611e-307 to avoid NaN/inf floating-point exception in division!
[can_be_applied] to if_391 is True
Changing __out = (__in1 / __in2) to have +1.7800590868057611e-307 to avoid NaN/inf floating-point exception in division!
Changing __out = (__in1 / __in2) to have +1.7800590868057611e-307 to avoid NaN/inf floating-point exception in division!
Changing __out = (__in1 / __in2) to have +1.7800590868057611e-307 to avoid NaN/inf floating-point exception in division!
Changing __out = (__in1 / __in2) to have +1.7800590868057611e-307 to avoid NaN/inf floating-point exception in division!
Changing __out = (__in1 / __in2) to have +1.7800590868057611e-307 to avoid NaN/inf floating-point exception in division!
Changing __out = (__in1 / __in2) to have +1.7800590868057611e-307 to avoid NaN/inf floating-point exception in division!
Changing __out = (__in1 / __in2) to have +1.7800590868057611e-307 to avoid NaN/inf floating-point exception in division!
Changing __out = (__in1 / __in2) to have +1.7800590868057611e-307 to avoid NaN/inf floating-point exception in division!
Changing __out = log(__in1) to have (__in1) + 1.7800590868057611e-307 inside log() to avoid log(0) NaN!
Changing __out = (__in1 / __in2) to have +1.7800590868057611e-307 to avoid NaN/inf floating-point exception in division!
Changing __out = (__in1 / __in2) to have +1.7800590868057611e-307 to avoid NaN/inf floating-point exception in division!
Run time cloudsc_pattern_1_vectorized_static_veclen_512_no_cpy iter 0: 64.949 ms
Run time cloudsc_pattern_1_vectorized_static_veclen_512_no_cpy iter 1: 64.376 ms
Run time cloudsc_pattern_1_vectorized_static_veclen_512_no_cpy iter 2: 64.073 ms
Run time cloudsc_pattern_1_vectorized_static_veclen_512_no_cpy iter 3: 63.645 ms
Run time cloudsc_pattern_1_vectorized_static_veclen_512_no_cpy iter 4: 63.046 ms
Run time cloudsc_pattern_1_vectorized_static_veclen_512_no_cpy iter 5: 63.023 ms
Run time cloudsc_pattern_1_vectorized_static_veclen_512_no_cpy iter 6: 63.815 ms
Run time cloudsc_pattern_1_vectorized_static_veclen_512_no_cpy iter 7: 63.502 ms
Run time cloudsc_pattern_1_vectorized_static_veclen_512_no_cpy iter 8: 63.036 ms
Run time cloudsc_pattern_1_vectorized_static_veclen_512_no_cpy iter 9: 62.802 ms
Saved timing results to cloudsc_pattern_1_timings_1_core.csv.csv
Run time cloudsc_pattern_1 iter 0: 131.120 ms
Run time cloudsc_pattern_1 iter 1: 128.482 ms
Run time cloudsc_pattern_1 iter 2: 130.343 ms
Run time cloudsc_pattern_1 iter 3: 129.794 ms
Run time cloudsc_pattern_1 iter 4: 130.705 ms
Run time cloudsc_pattern_1 iter 5: 128.603 ms
Run time cloudsc_pattern_1 iter 6: 130.518 ms
Run time cloudsc_pattern_1 iter 7: 129.551 ms
Run time cloudsc_pattern_1 iter 8: 128.781 ms
Run time cloudsc_pattern_1 iter 9: 130.954 ms
[can_be_applied] to if_385 is True
[can_be_applied] to if_385 is True
Changing __out = (__in1 / __in2) to have +1.7800590868057611e-307 to avoid NaN/inf floating-point exception in division!
[can_be_applied] to if_391 is True
Changing __out = (__in1 / __in2) to have +1.7800590868057611e-307 to avoid NaN/inf floating-point exception in division!
Changing __out = (__in1 / __in2) to have +1.7800590868057611e-307 to avoid NaN/inf floating-point exception in division!
Changing __out = (__in1 / __in2) to have +1.7800590868057611e-307 to avoid NaN/inf floating-point exception in division!
Changing __out = (__in1 / __in2) to have +1.7800590868057611e-307 to avoid NaN/inf floating-point exception in division!
Changing __out = (__in1 / __in2) to have +1.7800590868057611e-307 to avoid NaN/inf floating-point exception in division!
Changing __out = (__in1 / __in2) to have +1.7800590868057611e-307 to avoid NaN/inf floating-point exception in division!
Changing __out = (__in1 / __in2) to have +1.7800590868057611e-307 to avoid NaN/inf floating-point exception in division!
Changing __out = (__in1 / __in2) to have +1.7800590868057611e-307 to avoid NaN/inf floating-point exception in division!
Changing __out = (__in1 / __in2) to have +1.7800590868057611e-307 to avoid NaN/inf floating-point exception in division!
Changing __out = log(__in1) to have (__in1) + 1.7800590868057611e-307 inside log() to avoid log(0) NaN!
Changing __out = (__in1 / __in2) to have +1.7800590868057611e-307 to avoid NaN/inf floating-point exception in division!
Run time cloudsc_pattern_1_vectorized_static_veclen_2_no_cpy iter 0: 240.433 ms
Run time cloudsc_pattern_1_vectorized_static_veclen_2_no_cpy iter 1: 236.500 ms
Run time cloudsc_pattern_1_vectorized_static_veclen_2_no_cpy iter 2: 239.337 ms
Run time cloudsc_pattern_1_vectorized_static_veclen_2_no_cpy iter 3: 242.960 ms
Run time cloudsc_pattern_1_vectorized_static_veclen_2_no_cpy iter 4: 240.559 ms
Run time cloudsc_pattern_1_vectorized_static_veclen_2_no_cpy iter 5: 239.906 ms
Run time cloudsc_pattern_1_vectorized_static_veclen_2_no_cpy iter 6: 236.455 ms
Run time cloudsc_pattern_1_vectorized_static_veclen_2_no_cpy iter 7: 240.108 ms
Run time cloudsc_pattern_1_vectorized_static_veclen_2_no_cpy iter 8: 237.995 ms
Run time cloudsc_pattern_1_vectorized_static_veclen_2_no_cpy iter 9: 235.574 ms
[can_be_applied] to if_385 is True
[can_be_applied] to if_385 is True
Changing __out = (__in1 / __in2) to have +1.7800590868057611e-307 to avoid NaN/inf floating-point exception in division!
[can_be_applied] to if_391 is True
Changing __out = log(__in1) to have (__in1) + 1.7800590868057611e-307 inside log() to avoid log(0) NaN!
Changing __out = (__in1 / __in2) to have +1.7800590868057611e-307 to avoid NaN/inf floating-point exception in division!
Changing __out = (__in1 / __in2) to have +1.7800590868057611e-307 to avoid NaN/inf floating-point exception in division!
Changing __out = (__in1 / __in2) to have +1.7800590868057611e-307 to avoid NaN/inf floating-point exception in division!
Changing __out = (__in1 / __in2) to have +1.7800590868057611e-307 to avoid NaN/inf floating-point exception in division!
Changing __out = (__in1 / __in2) to have +1.7800590868057611e-307 to avoid NaN/inf floating-point exception in division!
Changing __out = (__in1 / __in2) to have +1.7800590868057611e-307 to avoid NaN/inf floating-point exception in division!
Changing __out = (__in1 / __in2) to have +1.7800590868057611e-307 to avoid NaN/inf floating-point exception in division!
Changing __out = (__in1 / __in2) to have +1.7800590868057611e-307 to avoid NaN/inf floating-point exception in division!
Changing __out = (__in1 / __in2) to have +1.7800590868057611e-307 to avoid NaN/inf floating-point exception in division!
Changing __out = (__in1 / __in2) to have +1.7800590868057611e-307 to avoid NaN/inf floating-point exception in division!
Run time cloudsc_pattern_1_vectorized_static_veclen_4_no_cpy iter 0: 183.598 ms
Run time cloudsc_pattern_1_vectorized_static_veclen_4_no_cpy iter 1: 186.716 ms
Run time cloudsc_pattern_1_vectorized_static_veclen_4_no_cpy iter 2: 183.503 ms
Run time cloudsc_pattern_1_vectorized_static_veclen_4_no_cpy iter 3: 183.524 ms
Run time cloudsc_pattern_1_vectorized_static_veclen_4_no_cpy iter 4: 184.894 ms
Run time cloudsc_pattern_1_vectorized_static_veclen_4_no_cpy iter 5: 184.743 ms
Run time cloudsc_pattern_1_vectorized_static_veclen_4_no_cpy iter 6: 184.202 ms
Run time cloudsc_pattern_1_vectorized_static_veclen_4_no_cpy iter 7: 179.565 ms
Run time cloudsc_pattern_1_vectorized_static_veclen_4_no_cpy iter 8: 180.575 ms
Run time cloudsc_pattern_1_vectorized_static_veclen_4_no_cpy iter 9: 181.327 ms
[can_be_applied] to if_385 is True
[can_be_applied] to if_385 is True
Changing __out = (__in1 / __in2) to have +1.7800590868057611e-307 to avoid NaN/inf floating-point exception in division!
[can_be_applied] to if_391 is True
Changing __out = (__in1 / __in2) to have +1.7800590868057611e-307 to avoid NaN/inf floating-point exception in division!
Changing __out = (__in1 / __in2) to have +1.7800590868057611e-307 to avoid NaN/inf floating-point exception in division!
Changing __out = (__in1 / __in2) to have +1.7800590868057611e-307 to avoid NaN/inf floating-point exception in division!
Changing __out = (__in1 / __in2) to have +1.7800590868057611e-307 to avoid NaN/inf floating-point exception in division!
Changing __out = (__in1 / __in2) to have +1.7800590868057611e-307 to avoid NaN/inf floating-point exception in division!
Changing __out = (__in1 / __in2) to have +1.7800590868057611e-307 to avoid NaN/inf floating-point exception in division!
Changing __out = log(__in1) to have (__in1) + 1.7800590868057611e-307 inside log() to avoid log(0) NaN!
Changing __out = (__in1 / __in2) to have +1.7800590868057611e-307 to avoid NaN/inf floating-point exception in division!
Changing __out = (__in1 / __in2) to have +1.7800590868057611e-307 to avoid NaN/inf floating-point exception in division!
Changing __out = (__in1 / __in2) to have +1.7800590868057611e-307 to avoid NaN/inf floating-point exception in division!
Changing __out = (__in1 / __in2) to have +1.7800590868057611e-307 to avoid NaN/inf floating-point exception in division!
Run time cloudsc_pattern_1_vectorized_static_veclen_8_no_cpy iter 0: 264.565 ms
Run time cloudsc_pattern_1_vectorized_static_veclen_8_no_cpy iter 1: 274.811 ms
Run time cloudsc_pattern_1_vectorized_static_veclen_8_no_cpy iter 2: 269.213 ms
Run time cloudsc_pattern_1_vectorized_static_veclen_8_no_cpy iter 3: 273.385 ms
Run time cloudsc_pattern_1_vectorized_static_veclen_8_no_cpy iter 4: 267.537 ms
Run time cloudsc_pattern_1_vectorized_static_veclen_8_no_cpy iter 5: 268.581 ms
Run time cloudsc_pattern_1_vectorized_static_veclen_8_no_cpy iter 6: 266.050 ms
Run time cloudsc_pattern_1_vectorized_static_veclen_8_no_cpy iter 7: 263.540 ms
Run time cloudsc_pattern_1_vectorized_static_veclen_8_no_cpy iter 8: 263.496 ms
Run time cloudsc_pattern_1_vectorized_static_veclen_8_no_cpy iter 9: 264.008 ms
[can_be_applied] to if_385 is True
[can_be_applied] to if_385 is True
Changing __out = (__in1 / __in2) to have +1.7800590868057611e-307 to avoid NaN/inf floating-point exception in division!
[can_be_applied] to if_391 is True
Changing __out = (__in1 / __in2) to have +1.7800590868057611e-307 to avoid NaN/inf floating-point exception in division!
Changing __out = (__in1 / __in2) to have +1.7800590868057611e-307 to avoid NaN/inf floating-point exception in division!
Changing __out = log(__in1) to have (__in1) + 1.7800590868057611e-307 inside log() to avoid log(0) NaN!
Changing __out = (__in1 / __in2) to have +1.7800590868057611e-307 to avoid NaN/inf floating-point exception in division!
Changing __out = (__in1 / __in2) to have +1.7800590868057611e-307 to avoid NaN/inf floating-point exception in division!
Changing __out = (__in1 / __in2) to have +1.7800590868057611e-307 to avoid NaN/inf floating-point exception in division!
Changing __out = (__in1 / __in2) to have +1.7800590868057611e-307 to avoid NaN/inf floating-point exception in division!
Changing __out = (__in1 / __in2) to have +1.7800590868057611e-307 to avoid NaN/inf floating-point exception in division!
Changing __out = (__in1 / __in2) to have +1.7800590868057611e-307 to avoid NaN/inf floating-point exception in division!
Changing __out = (__in1 / __in2) to have +1.7800590868057611e-307 to avoid NaN/inf floating-point exception in division!
Changing __out = (__in1 / __in2) to have +1.7800590868057611e-307 to avoid NaN/inf floating-point exception in division!
Run time cloudsc_pattern_1_vectorized_static_veclen_32_no_cpy iter 0: 225.324 ms
Run time cloudsc_pattern_1_vectorized_static_veclen_32_no_cpy iter 1: 222.860 ms
Run time cloudsc_pattern_1_vectorized_static_veclen_32_no_cpy iter 2: 228.389 ms
Run time cloudsc_pattern_1_vectorized_static_veclen_32_no_cpy iter 3: 220.314 ms
Run time cloudsc_pattern_1_vectorized_static_veclen_32_no_cpy iter 4: 222.765 ms
Run time cloudsc_pattern_1_vectorized_static_veclen_32_no_cpy iter 5: 218.633 ms
Run time cloudsc_pattern_1_vectorized_static_veclen_32_no_cpy iter 6: 217.642 ms
Run time cloudsc_pattern_1_vectorized_static_veclen_32_no_cpy iter 7: 220.247 ms
Run time cloudsc_pattern_1_vectorized_static_veclen_32_no_cpy iter 8: 212.476 ms
Run time cloudsc_pattern_1_vectorized_static_veclen_32_no_cpy iter 9: 213.595 ms
[can_be_applied] to if_385 is True
[can_be_applied] to if_385 is True
Changing __out = (__in1 / __in2) to have +1.7800590868057611e-307 to avoid NaN/inf floating-point exception in division!
[can_be_applied] to if_391 is True
Changing __out = (__in1 / __in2) to have +1.7800590868057611e-307 to avoid NaN/inf floating-point exception in division!
Changing __out = (__in1 / __in2) to have +1.7800590868057611e-307 to avoid NaN/inf floating-point exception in division!
Changing __out = (__in1 / __in2) to have +1.7800590868057611e-307 to avoid NaN/inf floating-point exception in division!
Changing __out = (__in1 / __in2) to have +1.7800590868057611e-307 to avoid NaN/inf floating-point exception in division!
Changing __out = (__in1 / __in2) to have +1.7800590868057611e-307 to avoid NaN/inf floating-point exception in division!
Changing __out = log(__in1) to have (__in1) + 1.7800590868057611e-307 inside log() to avoid log(0) NaN!
Changing __out = (__in1 / __in2) to have +1.7800590868057611e-307 to avoid NaN/inf floating-point exception in division!
Changing __out = (__in1 / __in2) to have +1.7800590868057611e-307 to avoid NaN/inf floating-point exception in division!
Changing __out = (__in1 / __in2) to have +1.7800590868057611e-307 to avoid NaN/inf floating-point exception in division!
Changing __out = (__in1 / __in2) to have +1.7800590868057611e-307 to avoid NaN/inf floating-point exception in division!
Changing __out = (__in1 / __in2) to have +1.7800590868057611e-307 to avoid NaN/inf floating-point exception in division!
Run time cloudsc_pattern_1_vectorized_static_veclen_128_no_cpy iter 0: 251.745 ms
Run time cloudsc_pattern_1_vectorized_static_veclen_128_no_cpy iter 1: 252.204 ms
Run time cloudsc_pattern_1_vectorized_static_veclen_128_no_cpy iter 2: 250.940 ms
Run time cloudsc_pattern_1_vectorized_static_veclen_128_no_cpy iter 3: 249.888 ms
Run time cloudsc_pattern_1_vectorized_static_veclen_128_no_cpy iter 4: 247.782 ms
Run time cloudsc_pattern_1_vectorized_static_veclen_128_no_cpy iter 5: 250.742 ms
Run time cloudsc_pattern_1_vectorized_static_veclen_128_no_cpy iter 6: 246.658 ms
Run time cloudsc_pattern_1_vectorized_static_veclen_128_no_cpy iter 7: 246.375 ms
Run time cloudsc_pattern_1_vectorized_static_veclen_128_no_cpy iter 8: 245.245 ms
Run time cloudsc_pattern_1_vectorized_static_veclen_128_no_cpy iter 9: 244.124 ms
[can_be_applied] to if_385 is True
[can_be_applied] to if_385 is True
Changing __out = (__in1 / __in2) to have +1.7800590868057611e-307 to avoid NaN/inf floating-point exception in division!
[can_be_applied] to if_391 is True
Changing __out = (__in1 / __in2) to have +1.7800590868057611e-307 to avoid NaN/inf floating-point exception in division!
Changing __out = log(__in1) to have (__in1) + 1.7800590868057611e-307 inside log() to avoid log(0) NaN!
Changing __out = (__in1 / __in2) to have +1.7800590868057611e-307 to avoid NaN/inf floating-point exception in division!
Changing __out = (__in1 / __in2) to have +1.7800590868057611e-307 to avoid NaN/inf floating-point exception in division!
Changing __out = (__in1 / __in2) to have +1.7800590868057611e-307 to avoid NaN/inf floating-point exception in division!
Changing __out = (__in1 / __in2) to have +1.7800590868057611e-307 to avoid NaN/inf floating-point exception in division!
Changing __out = (__in1 / __in2) to have +1.7800590868057611e-307 to avoid NaN/inf floating-point exception in division!
Changing __out = (__in1 / __in2) to have +1.7800590868057611e-307 to avoid NaN/inf floating-point exception in division!
Changing __out = (__in1 / __in2) to have +1.7800590868057611e-307 to avoid NaN/inf floating-point exception in division!
Changing __out = (__in1 / __in2) to have +1.7800590868057611e-307 to avoid NaN/inf floating-point exception in division!
Changing __out = (__in1 / __in2) to have +1.7800590868057611e-307 to avoid NaN/inf floating-point exception in division!
Run time cloudsc_pattern_1_vectorized_static_veclen_512_no_cpy iter 0: 286.532 ms
Run time cloudsc_pattern_1_vectorized_static_veclen_512_no_cpy iter 1: 283.857 ms
Run time cloudsc_pattern_1_vectorized_static_veclen_512_no_cpy iter 2: 283.659 ms
Run time cloudsc_pattern_1_vectorized_static_veclen_512_no_cpy iter 3: 283.243 ms
Run time cloudsc_pattern_1_vectorized_static_veclen_512_no_cpy iter 4: 282.400 ms
Run time cloudsc_pattern_1_vectorized_static_veclen_512_no_cpy iter 5: 282.624 ms
Run time cloudsc_pattern_1_vectorized_static_veclen_512_no_cpy iter 6: 283.644 ms
Run time cloudsc_pattern_1_vectorized_static_veclen_512_no_cpy iter 7: 284.499 ms
Run time cloudsc_pattern_1_vectorized_static_veclen_512_no_cpy iter 8: 284.703 ms
Run time cloudsc_pattern_1_vectorized_static_veclen_512_no_cpy iter 9: 284.063 ms
Saved timing results to cloudsc_pattern_1_timings_1_core.csv.csv
Run time cloudsc_pattern_1 iter 0: 515.823 ms
Run time cloudsc_pattern_1 iter 1: 511.114 ms
Run time cloudsc_pattern_1 iter 2: 518.270 ms
Run time cloudsc_pattern_1 iter 3: 519.987 ms
Run time cloudsc_pattern_1 iter 4: 516.785 ms
Run time cloudsc_pattern_1 iter 5: 519.791 ms
Run time cloudsc_pattern_1 iter 6: 518.199 ms
Run time cloudsc_pattern_1 iter 7: 516.585 ms
Run time cloudsc_pattern_1 iter 8: 514.118 ms
Run time cloudsc_pattern_1 iter 9: 510.701 ms
[can_be_applied] to if_385 is True
[can_be_applied] to if_385 is True
Changing __out = (__in1 / __in2) to have +1.7800590868057611e-307 to avoid NaN/inf floating-point exception in division!
[can_be_applied] to if_391 is True
Changing __out = (__in1 / __in2) to have +1.7800590868057611e-307 to avoid NaN/inf floating-point exception in division!
Changing __out = (__in1 / __in2) to have +1.7800590868057611e-307 to avoid NaN/inf floating-point exception in division!
Changing __out = log(__in1) to have (__in1) + 1.7800590868057611e-307 inside log() to avoid log(0) NaN!
Changing __out = (__in1 / __in2) to have +1.7800590868057611e-307 to avoid NaN/inf floating-point exception in division!
Changing __out = (__in1 / __in2) to have +1.7800590868057611e-307 to avoid NaN/inf floating-point exception in division!
Changing __out = (__in1 / __in2) to have +1.7800590868057611e-307 to avoid NaN/inf floating-point exception in division!
Changing __out = (__in1 / __in2) to have +1.7800590868057611e-307 to avoid NaN/inf floating-point exception in division!
Changing __out = (__in1 / __in2) to have +1.7800590868057611e-307 to avoid NaN/inf floating-point exception in division!
Changing __out = (__in1 / __in2) to have +1.7800590868057611e-307 to avoid NaN/inf floating-point exception in division!
Changing __out = (__in1 / __in2) to have +1.7800590868057611e-307 to avoid NaN/inf floating-point exception in division!
Changing __out = (__in1 / __in2) to have +1.7800590868057611e-307 to avoid NaN/inf floating-point exception in division!
Run time cloudsc_pattern_1_vectorized_static_veclen_2_no_cpy iter 0: 980.236 ms
Run time cloudsc_pattern_1_vectorized_static_veclen_2_no_cpy iter 1: 980.820 ms
Run time cloudsc_pattern_1_vectorized_static_veclen_2_no_cpy iter 2: 976.379 ms
Run time cloudsc_pattern_1_vectorized_static_veclen_2_no_cpy iter 3: 960.134 ms
Run time cloudsc_pattern_1_vectorized_static_veclen_2_no_cpy iter 4: 986.291 ms
Run time cloudsc_pattern_1_vectorized_static_veclen_2_no_cpy iter 5: 957.013 ms
Run time cloudsc_pattern_1_vectorized_static_veclen_2_no_cpy iter 6: 964.626 ms
Run time cloudsc_pattern_1_vectorized_static_veclen_2_no_cpy iter 7: 984.213 ms
Run time cloudsc_pattern_1_vectorized_static_veclen_2_no_cpy iter 8: 973.354 ms
Run time cloudsc_pattern_1_vectorized_static_veclen_2_no_cpy iter 9: 977.406 ms
[can_be_applied] to if_385 is True
[can_be_applied] to if_385 is True
Changing __out = (__in1 / __in2) to have +1.7800590868057611e-307 to avoid NaN/inf floating-point exception in division!
[can_be_applied] to if_391 is True
Changing __out = log(__in1) to have (__in1) + 1.7800590868057611e-307 inside log() to avoid log(0) NaN!
Changing __out = (__in1 / __in2) to have +1.7800590868057611e-307 to avoid NaN/inf floating-point exception in division!
Changing __out = (__in1 / __in2) to have +1.7800590868057611e-307 to avoid NaN/inf floating-point exception in division!
Changing __out = (__in1 / __in2) to have +1.7800590868057611e-307 to avoid NaN/inf floating-point exception in division!
Changing __out = (__in1 / __in2) to have +1.7800590868057611e-307 to avoid NaN/inf floating-point exception in division!
Changing __out = (__in1 / __in2) to have +1.7800590868057611e-307 to avoid NaN/inf floating-point exception in division!
Changing __out = (__in1 / __in2) to have +1.7800590868057611e-307 to avoid NaN/inf floating-point exception in division!
Changing __out = (__in1 / __in2) to have +1.7800590868057611e-307 to avoid NaN/inf floating-point exception in division!
Changing __out = (__in1 / __in2) to have +1.7800590868057611e-307 to avoid NaN/inf floating-point exception in division!
Changing __out = (__in1 / __in2) to have +1.7800590868057611e-307 to avoid NaN/inf floating-point exception in division!
Changing __out = (__in1 / __in2) to have +1.7800590868057611e-307 to avoid NaN/inf floating-point exception in division!
Run time cloudsc_pattern_1_vectorized_static_veclen_4_no_cpy iter 0: 774.248 ms
Run time cloudsc_pattern_1_vectorized_static_veclen_4_no_cpy iter 1: 750.608 ms
Run time cloudsc_pattern_1_vectorized_static_veclen_4_no_cpy iter 2: 742.037 ms
Run time cloudsc_pattern_1_vectorized_static_veclen_4_no_cpy iter 3: 742.272 ms
Run time cloudsc_pattern_1_vectorized_static_veclen_4_no_cpy iter 4: 749.494 ms
Run time cloudsc_pattern_1_vectorized_static_veclen_4_no_cpy iter 5: 748.006 ms
Run time cloudsc_pattern_1_vectorized_static_veclen_4_no_cpy iter 6: 751.607 ms
Run time cloudsc_pattern_1_vectorized_static_veclen_4_no_cpy iter 7: 752.293 ms
Run time cloudsc_pattern_1_vectorized_static_veclen_4_no_cpy iter 8: 738.990 ms
Run time cloudsc_pattern_1_vectorized_static_veclen_4_no_cpy iter 9: 747.077 ms
[can_be_applied] to if_385 is True
[can_be_applied] to if_385 is True
Changing __out = (__in1 / __in2) to have +1.7800590868057611e-307 to avoid NaN/inf floating-point exception in division!
[can_be_applied] to if_391 is True
Changing __out = (__in1 / __in2) to have +1.7800590868057611e-307 to avoid NaN/inf floating-point exception in division!
Changing __out = (__in1 / __in2) to have +1.7800590868057611e-307 to avoid NaN/inf floating-point exception in division!
Changing __out = (__in1 / __in2) to have +1.7800590868057611e-307 to avoid NaN/inf floating-point exception in division!
Changing __out = log(__in1) to have (__in1) + 1.7800590868057611e-307 inside log() to avoid log(0) NaN!
Changing __out = (__in1 / __in2) to have +1.7800590868057611e-307 to avoid NaN/inf floating-point exception in division!
Changing __out = (__in1 / __in2) to have +1.7800590868057611e-307 to avoid NaN/inf floating-point exception in division!
Changing __out = (__in1 / __in2) to have +1.7800590868057611e-307 to avoid NaN/inf floating-point exception in division!
Changing __out = (__in1 / __in2) to have +1.7800590868057611e-307 to avoid NaN/inf floating-point exception in division!
Changing __out = (__in1 / __in2) to have +1.7800590868057611e-307 to avoid NaN/inf floating-point exception in division!
Changing __out = (__in1 / __in2) to have +1.7800590868057611e-307 to avoid NaN/inf floating-point exception in division!
Changing __out = (__in1 / __in2) to have +1.7800590868057611e-307 to avoid NaN/inf floating-point exception in division!
Run time cloudsc_pattern_1_vectorized_static_veclen_8_no_cpy iter 0: 1085.797 ms
Run time cloudsc_pattern_1_vectorized_static_veclen_8_no_cpy iter 1: 1078.302 ms
Run time cloudsc_pattern_1_vectorized_static_veclen_8_no_cpy iter 2: 1097.625 ms
Run time cloudsc_pattern_1_vectorized_static_veclen_8_no_cpy iter 3: 1092.891 ms
Run time cloudsc_pattern_1_vectorized_static_veclen_8_no_cpy iter 4: 1106.478 ms
Run time cloudsc_pattern_1_vectorized_static_veclen_8_no_cpy iter 5: 1114.446 ms
Run time cloudsc_pattern_1_vectorized_static_veclen_8_no_cpy iter 6: 1098.015 ms
Run time cloudsc_pattern_1_vectorized_static_veclen_8_no_cpy iter 7: 1101.607 ms
Run time cloudsc_pattern_1_vectorized_static_veclen_8_no_cpy iter 8: 1094.017 ms
Run time cloudsc_pattern_1_vectorized_static_veclen_8_no_cpy iter 9: 1092.351 ms
[can_be_applied] to if_385 is True
[can_be_applied] to if_385 is True
Changing __out = (__in1 / __in2) to have +1.7800590868057611e-307 to avoid NaN/inf floating-point exception in division!
[can_be_applied] to if_391 is True
Changing __out = (__in1 / __in2) to have +1.7800590868057611e-307 to avoid NaN/inf floating-point exception in division!
Changing __out = (__in1 / __in2) to have +1.7800590868057611e-307 to avoid NaN/inf floating-point exception in division!
Changing __out = (__in1 / __in2) to have +1.7800590868057611e-307 to avoid NaN/inf floating-point exception in division!
Changing __out = (__in1 / __in2) to have +1.7800590868057611e-307 to avoid NaN/inf floating-point exception in division!
Changing __out = (__in1 / __in2) to have +1.7800590868057611e-307 to avoid NaN/inf floating-point exception in division!
Changing __out = log(__in1) to have (__in1) + 1.7800590868057611e-307 inside log() to avoid log(0) NaN!
Changing __out = (__in1 / __in2) to have +1.7800590868057611e-307 to avoid NaN/inf floating-point exception in division!
Changing __out = (__in1 / __in2) to have +1.7800590868057611e-307 to avoid NaN/inf floating-point exception in division!
Changing __out = (__in1 / __in2) to have +1.7800590868057611e-307 to avoid NaN/inf floating-point exception in division!
Changing __out = (__in1 / __in2) to have +1.7800590868057611e-307 to avoid NaN/inf floating-point exception in division!
Changing __out = (__in1 / __in2) to have +1.7800590868057611e-307 to avoid NaN/inf floating-point exception in division!
Run time cloudsc_pattern_1_vectorized_static_veclen_32_no_cpy iter 0: 913.751 ms
Run time cloudsc_pattern_1_vectorized_static_veclen_32_no_cpy iter 1: 929.369 ms
Run time cloudsc_pattern_1_vectorized_static_veclen_32_no_cpy iter 2: 971.634 ms
Run time cloudsc_pattern_1_vectorized_static_veclen_32_no_cpy iter 3: 918.804 ms
Run time cloudsc_pattern_1_vectorized_static_veclen_32_no_cpy iter 4: 914.011 ms
Run time cloudsc_pattern_1_vectorized_static_veclen_32_no_cpy iter 5: 942.184 ms
Run time cloudsc_pattern_1_vectorized_static_veclen_32_no_cpy iter 6: 960.169 ms
Run time cloudsc_pattern_1_vectorized_static_veclen_32_no_cpy iter 7: 917.101 ms
Run time cloudsc_pattern_1_vectorized_static_veclen_32_no_cpy iter 8: 912.202 ms
Run time cloudsc_pattern_1_vectorized_static_veclen_32_no_cpy iter 9: 935.909 ms
[can_be_applied] to if_385 is True
[can_be_applied] to if_385 is True
Changing __out = (__in1 / __in2) to have +1.7800590868057611e-307 to avoid NaN/inf floating-point exception in division!
[can_be_applied] to if_391 is True
Changing __out = (__in1 / __in2) to have +1.7800590868057611e-307 to avoid NaN/inf floating-point exception in division!
Changing __out = (__in1 / __in2) to have +1.7800590868057611e-307 to avoid NaN/inf floating-point exception in division!
Changing __out = (__in1 / __in2) to have +1.7800590868057611e-307 to avoid NaN/inf floating-point exception in division!
Changing __out = (__in1 / __in2) to have +1.7800590868057611e-307 to avoid NaN/inf floating-point exception in division!
Changing __out = (__in1 / __in2) to have +1.7800590868057611e-307 to avoid NaN/inf floating-point exception in division!
Changing __out = (__in1 / __in2) to have +1.7800590868057611e-307 to avoid NaN/inf floating-point exception in division!
Changing __out = log(__in1) to have (__in1) + 1.7800590868057611e-307 inside log() to avoid log(0) NaN!
Changing __out = (__in1 / __in2) to have +1.7800590868057611e-307 to avoid NaN/inf floating-point exception in division!
Changing __out = (__in1 / __in2) to have +1.7800590868057611e-307 to avoid NaN/inf floating-point exception in division!
Changing __out = (__in1 / __in2) to have +1.7800590868057611e-307 to avoid NaN/inf floating-point exception in division!
Changing __out = (__in1 / __in2) to have +1.7800590868057611e-307 to avoid NaN/inf floating-point exception in division!
Run time cloudsc_pattern_1_vectorized_static_veclen_128_no_cpy iter 0: 989.139 ms
Run time cloudsc_pattern_1_vectorized_static_veclen_128_no_cpy iter 1: 989.552 ms
Run time cloudsc_pattern_1_vectorized_static_veclen_128_no_cpy iter 2: 975.053 ms
Run time cloudsc_pattern_1_vectorized_static_veclen_128_no_cpy iter 3: 977.578 ms
Run time cloudsc_pattern_1_vectorized_static_veclen_128_no_cpy iter 4: 987.639 ms
Run time cloudsc_pattern_1_vectorized_static_veclen_128_no_cpy iter 5: 991.772 ms
Run time cloudsc_pattern_1_vectorized_static_veclen_128_no_cpy iter 6: 983.750 ms
Run time cloudsc_pattern_1_vectorized_static_veclen_128_no_cpy iter 7: 990.229 ms
Run time cloudsc_pattern_1_vectorized_static_veclen_128_no_cpy iter 8: 990.954 ms
Run time cloudsc_pattern_1_vectorized_static_veclen_128_no_cpy iter 9: 993.668 ms
[can_be_applied] to if_385 is True
[can_be_applied] to if_385 is True
Changing __out = (__in1 / __in2) to have +1.7800590868057611e-307 to avoid NaN/inf floating-point exception in division!
[can_be_applied] to if_391 is True
Changing __out = (__in1 / __in2) to have +1.7800590868057611e-307 to avoid NaN/inf floating-point exception in division!
Changing __out = (__in1 / __in2) to have +1.7800590868057611e-307 to avoid NaN/inf floating-point exception in division!
Changing __out = (__in1 / __in2) to have +1.7800590868057611e-307 to avoid NaN/inf floating-point exception in division!
Changing __out = (__in1 / __in2) to have +1.7800590868057611e-307 to avoid NaN/inf floating-point exception in division!
Changing __out = log(__in1) to have (__in1) + 1.7800590868057611e-307 inside log() to avoid log(0) NaN!
Changing __out = (__in1 / __in2) to have +1.7800590868057611e-307 to avoid NaN/inf floating-point exception in division!
Changing __out = (__in1 / __in2) to have +1.7800590868057611e-307 to avoid NaN/inf floating-point exception in division!
Changing __out = (__in1 / __in2) to have +1.7800590868057611e-307 to avoid NaN/inf floating-point exception in division!
Changing __out = (__in1 / __in2) to have +1.7800590868057611e-307 to avoid NaN/inf floating-point exception in division!
Changing __out = (__in1 / __in2) to have +1.7800590868057611e-307 to avoid NaN/inf floating-point exception in division!
Changing __out = (__in1 / __in2) to have +1.7800590868057611e-307 to avoid NaN/inf floating-point exception in division!
Run time cloudsc_pattern_1_vectorized_static_veclen_512_no_cpy iter 0: 1160.733 ms
Run time cloudsc_pattern_1_vectorized_static_veclen_512_no_cpy iter 1: 1168.104 ms
Run time cloudsc_pattern_1_vectorized_static_veclen_512_no_cpy iter 2: 1167.775 ms
Run time cloudsc_pattern_1_vectorized_static_veclen_512_no_cpy iter 3: 1181.385 ms
Run time cloudsc_pattern_1_vectorized_static_veclen_512_no_cpy iter 4: 1176.600 ms
Run time cloudsc_pattern_1_vectorized_static_veclen_512_no_cpy iter 5: 1172.562 ms
Run time cloudsc_pattern_1_vectorized_static_veclen_512_no_cpy iter 6: 1166.456 ms
Run time cloudsc_pattern_1_vectorized_static_veclen_512_no_cpy iter 7: 1169.175 ms
Run time cloudsc_pattern_1_vectorized_static_veclen_512_no_cpy iter 8: 1175.500 ms
Run time cloudsc_pattern_1_vectorized_static_veclen_512_no_cpy iter 9: 1164.614 ms
Saved timing results to cloudsc_pattern_1_timings_1_core.csv.csv
Run time cloudsc_pattern_1 iter 0: 1036.503 ms
Run time cloudsc_pattern_1 iter 1: 1033.755 ms
Run time cloudsc_pattern_1 iter 2: 1071.301 ms
Run time cloudsc_pattern_1 iter 3: 1040.383 ms
Run time cloudsc_pattern_1 iter 4: 1035.621 ms
Run time cloudsc_pattern_1 iter 5: 1038.126 ms
Run time cloudsc_pattern_1 iter 6: 1040.110 ms
Run time cloudsc_pattern_1 iter 7: 1039.419 ms
Run time cloudsc_pattern_1 iter 8: 1035.995 ms
Run time cloudsc_pattern_1 iter 9: 1041.289 ms
[can_be_applied] to if_385 is True
[can_be_applied] to if_385 is True
Changing __out = (__in1 / __in2) to have +1.7800590868057611e-307 to avoid NaN/inf floating-point exception in division!
[can_be_applied] to if_391 is True
Changing __out = (__in1 / __in2) to have +1.7800590868057611e-307 to avoid NaN/inf floating-point exception in division!
Changing __out = (__in1 / __in2) to have +1.7800590868057611e-307 to avoid NaN/inf floating-point exception in division!
Changing __out = (__in1 / __in2) to have +1.7800590868057611e-307 to avoid NaN/inf floating-point exception in division!
Changing __out = (__in1 / __in2) to have +1.7800590868057611e-307 to avoid NaN/inf floating-point exception in division!
Changing __out = (__in1 / __in2) to have +1.7800590868057611e-307 to avoid NaN/inf floating-point exception in division!
Changing __out = (__in1 / __in2) to have +1.7800590868057611e-307 to avoid NaN/inf floating-point exception in division!
Changing __out = (__in1 / __in2) to have +1.7800590868057611e-307 to avoid NaN/inf floating-point exception in division!
Changing __out = (__in1 / __in2) to have +1.7800590868057611e-307 to avoid NaN/inf floating-point exception in division!
Changing __out = (__in1 / __in2) to have +1.7800590868057611e-307 to avoid NaN/inf floating-point exception in division!
Changing __out = (__in1 / __in2) to have +1.7800590868057611e-307 to avoid NaN/inf floating-point exception in division!
Changing __out = log(__in1) to have (__in1) + 1.7800590868057611e-307 inside log() to avoid log(0) NaN!
Run time cloudsc_pattern_1_vectorized_static_veclen_2_no_cpy iter 0: 1960.665 ms
Run time cloudsc_pattern_1_vectorized_static_veclen_2_no_cpy iter 1: 1955.326 ms
Run time cloudsc_pattern_1_vectorized_static_veclen_2_no_cpy iter 2: 1936.140 ms
Run time cloudsc_pattern_1_vectorized_static_veclen_2_no_cpy iter 3: 1945.528 ms
Run time cloudsc_pattern_1_vectorized_static_veclen_2_no_cpy iter 4: 1935.656 ms
Run time cloudsc_pattern_1_vectorized_static_veclen_2_no_cpy iter 5: 1941.803 ms
Run time cloudsc_pattern_1_vectorized_static_veclen_2_no_cpy iter 6: 1950.040 ms
Run time cloudsc_pattern_1_vectorized_static_veclen_2_no_cpy iter 7: 1941.309 ms
Run time cloudsc_pattern_1_vectorized_static_veclen_2_no_cpy iter 8: 1981.227 ms
Run time cloudsc_pattern_1_vectorized_static_veclen_2_no_cpy iter 9: 1949.665 ms
[can_be_applied] to if_385 is True
[can_be_applied] to if_385 is True
Changing __out = (__in1 / __in2) to have +1.7800590868057611e-307 to avoid NaN/inf floating-point exception in division!
[can_be_applied] to if_391 is True
Changing __out = (__in1 / __in2) to have +1.7800590868057611e-307 to avoid NaN/inf floating-point exception in division!
Changing __out = (__in1 / __in2) to have +1.7800590868057611e-307 to avoid NaN/inf floating-point exception in division!
Changing __out = (__in1 / __in2) to have +1.7800590868057611e-307 to avoid NaN/inf floating-point exception in division!
Changing __out = (__in1 / __in2) to have +1.7800590868057611e-307 to avoid NaN/inf floating-point exception in division!
Changing __out = (__in1 / __in2) to have +1.7800590868057611e-307 to avoid NaN/inf floating-point exception in division!
Changing __out = (__in1 / __in2) to have +1.7800590868057611e-307 to avoid NaN/inf floating-point exception in division!
Changing __out = (__in1 / __in2) to have +1.7800590868057611e-307 to avoid NaN/inf floating-point exception in division!
Changing __out = (__in1 / __in2) to have +1.7800590868057611e-307 to avoid NaN/inf floating-point exception in division!
Changing __out = (__in1 / __in2) to have +1.7800590868057611e-307 to avoid NaN/inf floating-point exception in division!
Changing __out = (__in1 / __in2) to have +1.7800590868057611e-307 to avoid NaN/inf floating-point exception in division!
Changing __out = log(__in1) to have (__in1) + 1.7800590868057611e-307 inside log() to avoid log(0) NaN!
Run time cloudsc_pattern_1_vectorized_static_veclen_4_no_cpy iter 0: 1499.710 ms
Run time cloudsc_pattern_1_vectorized_static_veclen_4_no_cpy iter 1: 1501.927 ms
Run time cloudsc_pattern_1_vectorized_static_veclen_4_no_cpy iter 2: 1500.929 ms
Run time cloudsc_pattern_1_vectorized_static_veclen_4_no_cpy iter 3: 1499.206 ms
Run time cloudsc_pattern_1_vectorized_static_veclen_4_no_cpy iter 4: 1487.114 ms
Run time cloudsc_pattern_1_vectorized_static_veclen_4_no_cpy iter 5: 1493.619 ms
Run time cloudsc_pattern_1_vectorized_static_veclen_4_no_cpy iter 6: 1484.940 ms
Run time cloudsc_pattern_1_vectorized_static_veclen_4_no_cpy iter 7: 1479.387 ms
Run time cloudsc_pattern_1_vectorized_static_veclen_4_no_cpy iter 8: 1490.449 ms
Run time cloudsc_pattern_1_vectorized_static_veclen_4_no_cpy iter 9: 1479.451 ms
[can_be_applied] to if_385 is True
[can_be_applied] to if_385 is True
Changing __out = (__in1 / __in2) to have +1.7800590868057611e-307 to avoid NaN/inf floating-point exception in division!
[can_be_applied] to if_391 is True
Changing __out = (__in1 / __in2) to have +1.7800590868057611e-307 to avoid NaN/inf floating-point exception in division!
Changing __out = (__in1 / __in2) to have +1.7800590868057611e-307 to avoid NaN/inf floating-point exception in division!
Changing __out = (__in1 / __in2) to have +1.7800590868057611e-307 to avoid NaN/inf floating-point exception in division!
Changing __out = (__in1 / __in2) to have +1.7800590868057611e-307 to avoid NaN/inf floating-point exception in division!
Changing __out = log(__in1) to have (__in1) + 1.7800590868057611e-307 inside log() to avoid log(0) NaN!
Changing __out = (__in1 / __in2) to have +1.7800590868057611e-307 to avoid NaN/inf floating-point exception in division!
Changing __out = (__in1 / __in2) to have +1.7800590868057611e-307 to avoid NaN/inf floating-point exception in division!
Changing __out = (__in1 / __in2) to have +1.7800590868057611e-307 to avoid NaN/inf floating-point exception in division!
Changing __out = (__in1 / __in2) to have +1.7800590868057611e-307 to avoid NaN/inf floating-point exception in division!
Changing __out = (__in1 / __in2) to have +1.7800590868057611e-307 to avoid NaN/inf floating-point exception in division!
Changing __out = (__in1 / __in2) to have +1.7800590868057611e-307 to avoid NaN/inf floating-point exception in division!
Run time cloudsc_pattern_1_vectorized_static_veclen_8_no_cpy iter 0: 2209.885 ms
Run time cloudsc_pattern_1_vectorized_static_veclen_8_no_cpy iter 1: 2214.755 ms
Run time cloudsc_pattern_1_vectorized_static_veclen_8_no_cpy iter 2: 2202.062 ms
Run time cloudsc_pattern_1_vectorized_static_veclen_8_no_cpy iter 3: 2168.883 ms
Run time cloudsc_pattern_1_vectorized_static_veclen_8_no_cpy iter 4: 2196.035 ms
Run time cloudsc_pattern_1_vectorized_static_veclen_8_no_cpy iter 5: 2209.279 ms
Run time cloudsc_pattern_1_vectorized_static_veclen_8_no_cpy iter 6: 2203.673 ms
Run time cloudsc_pattern_1_vectorized_static_veclen_8_no_cpy iter 7: 2179.015 ms
Run time cloudsc_pattern_1_vectorized_static_veclen_8_no_cpy iter 8: 2189.737 ms
Run time cloudsc_pattern_1_vectorized_static_veclen_8_no_cpy iter 9: 2195.676 ms
[can_be_applied] to if_385 is True
[can_be_applied] to if_385 is True
Changing __out = (__in1 / __in2) to have +1.7800590868057611e-307 to avoid NaN/inf floating-point exception in division!
[can_be_applied] to if_391 is True
Changing __out = (__in1 / __in2) to have +1.7800590868057611e-307 to avoid NaN/inf floating-point exception in division!
Changing __out = (__in1 / __in2) to have +1.7800590868057611e-307 to avoid NaN/inf floating-point exception in division!
Changing __out = (__in1 / __in2) to have +1.7800590868057611e-307 to avoid NaN/inf floating-point exception in division!
Changing __out = (__in1 / __in2) to have +1.7800590868057611e-307 to avoid NaN/inf floating-point exception in division!
Changing __out = (__in1 / __in2) to have +1.7800590868057611e-307 to avoid NaN/inf floating-point exception in division!
Changing __out = log(__in1) to have (__in1) + 1.7800590868057611e-307 inside log() to avoid log(0) NaN!
Changing __out = (__in1 / __in2) to have +1.7800590868057611e-307 to avoid NaN/inf floating-point exception in division!
Changing __out = (__in1 / __in2) to have +1.7800590868057611e-307 to avoid NaN/inf floating-point exception in division!
Changing __out = (__in1 / __in2) to have +1.7800590868057611e-307 to avoid NaN/inf floating-point exception in division!
Changing __out = (__in1 / __in2) to have +1.7800590868057611e-307 to avoid NaN/inf floating-point exception in division!
Changing __out = (__in1 / __in2) to have +1.7800590868057611e-307 to avoid NaN/inf floating-point exception in division!
Run time cloudsc_pattern_1_vectorized_static_veclen_32_no_cpy iter 0: 1922.266 ms
Run time cloudsc_pattern_1_vectorized_static_veclen_32_no_cpy iter 1: 1913.901 ms
Run time cloudsc_pattern_1_vectorized_static_veclen_32_no_cpy iter 2: 1943.122 ms
Run time cloudsc_pattern_1_vectorized_static_veclen_32_no_cpy iter 3: 1897.096 ms
Run time cloudsc_pattern_1_vectorized_static_veclen_32_no_cpy iter 4: 1905.400 ms
Run time cloudsc_pattern_1_vectorized_static_veclen_32_no_cpy iter 5: 1888.651 ms
Run time cloudsc_pattern_1_vectorized_static_veclen_32_no_cpy iter 6: 1924.394 ms
Run time cloudsc_pattern_1_vectorized_static_veclen_32_no_cpy iter 7: 1934.974 ms
Run time cloudsc_pattern_1_vectorized_static_veclen_32_no_cpy iter 8: 1926.393 ms
Run time cloudsc_pattern_1_vectorized_static_veclen_32_no_cpy iter 9: 1876.249 ms
[can_be_applied] to if_385 is True
[can_be_applied] to if_385 is True
Changing __out = (__in1 / __in2) to have +1.7800590868057611e-307 to avoid NaN/inf floating-point exception in division!
[can_be_applied] to if_391 is True
Changing __out = log(__in1) to have (__in1) + 1.7800590868057611e-307 inside log() to avoid log(0) NaN!
Changing __out = (__in1 / __in2) to have +1.7800590868057611e-307 to avoid NaN/inf floating-point exception in division!
Changing __out = (__in1 / __in2) to have +1.7800590868057611e-307 to avoid NaN/inf floating-point exception in division!
Changing __out = (__in1 / __in2) to have +1.7800590868057611e-307 to avoid NaN/inf floating-point exception in division!
Changing __out = (__in1 / __in2) to have +1.7800590868057611e-307 to avoid NaN/inf floating-point exception in division!
Changing __out = (__in1 / __in2) to have +1.7800590868057611e-307 to avoid NaN/inf floating-point exception in division!
Changing __out = (__in1 / __in2) to have +1.7800590868057611e-307 to avoid NaN/inf floating-point exception in division!
Changing __out = (__in1 / __in2) to have +1.7800590868057611e-307 to avoid NaN/inf floating-point exception in division!
Changing __out = (__in1 / __in2) to have +1.7800590868057611e-307 to avoid NaN/inf floating-point exception in division!
Changing __out = (__in1 / __in2) to have +1.7800590868057611e-307 to avoid NaN/inf floating-point exception in division!
Changing __out = (__in1 / __in2) to have +1.7800590868057611e-307 to avoid NaN/inf floating-point exception in division!
Run time cloudsc_pattern_1_vectorized_static_veclen_128_no_cpy iter 0: 1983.973 ms
Run time cloudsc_pattern_1_vectorized_static_veclen_128_no_cpy iter 1: 1987.906 ms
Run time cloudsc_pattern_1_vectorized_static_veclen_128_no_cpy iter 2: 1985.548 ms
Run time cloudsc_pattern_1_vectorized_static_veclen_128_no_cpy iter 3: 2011.928 ms
Run time cloudsc_pattern_1_vectorized_static_veclen_128_no_cpy iter 4: 1984.971 ms
Run time cloudsc_pattern_1_vectorized_static_veclen_128_no_cpy iter 5: 1996.884 ms
Run time cloudsc_pattern_1_vectorized_static_veclen_128_no_cpy iter 6: 1978.587 ms
Run time cloudsc_pattern_1_vectorized_static_veclen_128_no_cpy iter 7: 1974.308 ms
Run time cloudsc_pattern_1_vectorized_static_veclen_128_no_cpy iter 8: 1989.593 ms
Run time cloudsc_pattern_1_vectorized_static_veclen_128_no_cpy iter 9: 1980.347 ms
[can_be_applied] to if_385 is True
[can_be_applied] to if_385 is True
Changing __out = (__in1 / __in2) to have +1.7800590868057611e-307 to avoid NaN/inf floating-point exception in division!
[can_be_applied] to if_391 is True
Changing __out = (__in1 / __in2) to have +1.7800590868057611e-307 to avoid NaN/inf floating-point exception in division!
Changing __out = (__in1 / __in2) to have +1.7800590868057611e-307 to avoid NaN/inf floating-point exception in division!
Changing __out = (__in1 / __in2) to have +1.7800590868057611e-307 to avoid NaN/inf floating-point exception in division!
Changing __out = (__in1 / __in2) to have +1.7800590868057611e-307 to avoid NaN/inf floating-point exception in division!
Changing __out = (__in1 / __in2) to have +1.7800590868057611e-307 to avoid NaN/inf floating-point exception in division!
Changing __out = (__in1 / __in2) to have +1.7800590868057611e-307 to avoid NaN/inf floating-point exception in division!
Changing __out = (__in1 / __in2) to have +1.7800590868057611e-307 to avoid NaN/inf floating-point exception in division!
Changing __out = (__in1 / __in2) to have +1.7800590868057611e-307 to avoid NaN/inf floating-point exception in division!
Changing __out = log(__in1) to have (__in1) + 1.7800590868057611e-307 inside log() to avoid log(0) NaN!
Changing __out = (__in1 / __in2) to have +1.7800590868057611e-307 to avoid NaN/inf floating-point exception in division!
Changing __out = (__in1 / __in2) to have +1.7800590868057611e-307 to avoid NaN/inf floating-point exception in division!
Run time cloudsc_pattern_1_vectorized_static_veclen_512_no_cpy iter 0: 2326.622 ms
Run time cloudsc_pattern_1_vectorized_static_veclen_512_no_cpy iter 1: 2338.340 ms
Run time cloudsc_pattern_1_vectorized_static_veclen_512_no_cpy iter 2: 2342.463 ms
Run time cloudsc_pattern_1_vectorized_static_veclen_512_no_cpy iter 3: 2339.306 ms
Run time cloudsc_pattern_1_vectorized_static_veclen_512_no_cpy iter 4: 2332.226 ms
Run time cloudsc_pattern_1_vectorized_static_veclen_512_no_cpy iter 5: 2331.213 ms
Run time cloudsc_pattern_1_vectorized_static_veclen_512_no_cpy iter 6: 2339.509 ms
Run time cloudsc_pattern_1_vectorized_static_veclen_512_no_cpy iter 7: 2339.962 ms
Run time cloudsc_pattern_1_vectorized_static_veclen_512_no_cpy iter 8: 2339.592 ms
Run time cloudsc_pattern_1_vectorized_static_veclen_512_no_cpy iter 9: 2318.698 ms
Saved timing results to cloudsc_pattern_1_timings_1_core.csv.csv
Run time cloudsc_pattern_1 iter 0: 2073.122 ms
Run time cloudsc_pattern_1 iter 1: 2088.994 ms
Run time cloudsc_pattern_1 iter 2: 2083.356 ms
Run time cloudsc_pattern_1 iter 3: 2104.858 ms
Run time cloudsc_pattern_1 iter 4: 2087.181 ms
Run time cloudsc_pattern_1 iter 5: 2086.668 ms
Run time cloudsc_pattern_1 iter 6: 2086.836 ms
Run time cloudsc_pattern_1 iter 7: 2096.078 ms
Run time cloudsc_pattern_1 iter 8: 2091.787 ms
Run time cloudsc_pattern_1 iter 9: 2094.666 ms
[can_be_applied] to if_385 is True
[can_be_applied] to if_385 is True
Changing __out = (__in1 / __in2) to have +1.7800590868057611e-307 to avoid NaN/inf floating-point exception in division!
[can_be_applied] to if_391 is True
Changing __out = (__in1 / __in2) to have +1.7800590868057611e-307 to avoid NaN/inf floating-point exception in division!
Changing __out = (__in1 / __in2) to have +1.7800590868057611e-307 to avoid NaN/inf floating-point exception in division!
Changing __out = (__in1 / __in2) to have +1.7800590868057611e-307 to avoid NaN/inf floating-point exception in division!
Changing __out = log(__in1) to have (__in1) + 1.7800590868057611e-307 inside log() to avoid log(0) NaN!
Changing __out = (__in1 / __in2) to have +1.7800590868057611e-307 to avoid NaN/inf floating-point exception in division!
Changing __out = (__in1 / __in2) to have +1.7800590868057611e-307 to avoid NaN/inf floating-point exception in division!
Changing __out = (__in1 / __in2) to have +1.7800590868057611e-307 to avoid NaN/inf floating-point exception in division!
Changing __out = (__in1 / __in2) to have +1.7800590868057611e-307 to avoid NaN/inf floating-point exception in division!
Changing __out = (__in1 / __in2) to have +1.7800590868057611e-307 to avoid NaN/inf floating-point exception in division!
Changing __out = (__in1 / __in2) to have +1.7800590868057611e-307 to avoid NaN/inf floating-point exception in division!
Changing __out = (__in1 / __in2) to have +1.7800590868057611e-307 to avoid NaN/inf floating-point exception in division!
Run time cloudsc_pattern_1_vectorized_static_veclen_2_no_cpy iter 0: 3905.924 ms
Run time cloudsc_pattern_1_vectorized_static_veclen_2_no_cpy iter 1: 3856.764 ms
Run time cloudsc_pattern_1_vectorized_static_veclen_2_no_cpy iter 2: 3878.560 ms
Run time cloudsc_pattern_1_vectorized_static_veclen_2_no_cpy iter 3: 3885.015 ms
Run time cloudsc_pattern_1_vectorized_static_veclen_2_no_cpy iter 4: 3837.754 ms
Run time cloudsc_pattern_1_vectorized_static_veclen_2_no_cpy iter 5: 3865.994 ms
Run time cloudsc_pattern_1_vectorized_static_veclen_2_no_cpy iter 6: 3857.370 ms
Run time cloudsc_pattern_1_vectorized_static_veclen_2_no_cpy iter 7: 3870.537 ms
Run time cloudsc_pattern_1_vectorized_static_veclen_2_no_cpy iter 8: 3924.840 ms
Run time cloudsc_pattern_1_vectorized_static_veclen_2_no_cpy iter 9: 3895.759 ms
[can_be_applied] to if_385 is True
[can_be_applied] to if_385 is True
Changing __out = (__in1 / __in2) to have +1.7800590868057611e-307 to avoid NaN/inf floating-point exception in division!
[can_be_applied] to if_391 is True
Changing __out = (__in1 / __in2) to have +1.7800590868057611e-307 to avoid NaN/inf floating-point exception in division!
Changing __out = (__in1 / __in2) to have +1.7800590868057611e-307 to avoid NaN/inf floating-point exception in division!
Changing __out = (__in1 / __in2) to have +1.7800590868057611e-307 to avoid NaN/inf floating-point exception in division!
Changing __out = (__in1 / __in2) to have +1.7800590868057611e-307 to avoid NaN/inf floating-point exception in division!
Changing __out = log(__in1) to have (__in1) + 1.7800590868057611e-307 inside log() to avoid log(0) NaN!
Changing __out = (__in1 / __in2) to have +1.7800590868057611e-307 to avoid NaN/inf floating-point exception in division!
Changing __out = (__in1 / __in2) to have +1.7800590868057611e-307 to avoid NaN/inf floating-point exception in division!
Changing __out = (__in1 / __in2) to have +1.7800590868057611e-307 to avoid NaN/inf floating-point exception in division!
Changing __out = (__in1 / __in2) to have +1.7800590868057611e-307 to avoid NaN/inf floating-point exception in division!
Changing __out = (__in1 / __in2) to have +1.7800590868057611e-307 to avoid NaN/inf floating-point exception in division!
Changing __out = (__in1 / __in2) to have +1.7800590868057611e-307 to avoid NaN/inf floating-point exception in division!
Run time cloudsc_pattern_1_vectorized_static_veclen_4_no_cpy iter 0: 2958.944 ms
Run time cloudsc_pattern_1_vectorized_static_veclen_4_no_cpy iter 1: 2972.075 ms
Run time cloudsc_pattern_1_vectorized_static_veclen_4_no_cpy iter 2: 2972.331 ms
Run time cloudsc_pattern_1_vectorized_static_veclen_4_no_cpy iter 3: 2951.843 ms
Run time cloudsc_pattern_1_vectorized_static_veclen_4_no_cpy iter 4: 2977.370 ms
Run time cloudsc_pattern_1_vectorized_static_veclen_4_no_cpy iter 5: 2998.766 ms
Run time cloudsc_pattern_1_vectorized_static_veclen_4_no_cpy iter 6: 2994.374 ms
Run time cloudsc_pattern_1_vectorized_static_veclen_4_no_cpy iter 7: 2966.836 ms
Run time cloudsc_pattern_1_vectorized_static_veclen_4_no_cpy iter 8: 2995.956 ms
Run time cloudsc_pattern_1_vectorized_static_veclen_4_no_cpy iter 9: 3007.328 ms
[can_be_applied] to if_385 is True
[can_be_applied] to if_385 is True
Changing __out = (__in1 / __in2) to have +1.7800590868057611e-307 to avoid NaN/inf floating-point exception in division!
[can_be_applied] to if_391 is True
Changing __out = (__in1 / __in2) to have +1.7800590868057611e-307 to avoid NaN/inf floating-point exception in division!
Changing __out = (__in1 / __in2) to have +1.7800590868057611e-307 to avoid NaN/inf floating-point exception in division!
Changing __out = (__in1 / __in2) to have +1.7800590868057611e-307 to avoid NaN/inf floating-point exception in division!
Changing __out = (__in1 / __in2) to have +1.7800590868057611e-307 to avoid NaN/inf floating-point exception in division!
Changing __out = (__in1 / __in2) to have +1.7800590868057611e-307 to avoid NaN/inf floating-point exception in division!
Changing __out = (__in1 / __in2) to have +1.7800590868057611e-307 to avoid NaN/inf floating-point exception in division!
Changing __out = log(__in1) to have (__in1) + 1.7800590868057611e-307 inside log() to avoid log(0) NaN!
Changing __out = (__in1 / __in2) to have +1.7800590868057611e-307 to avoid NaN/inf floating-point exception in division!
Changing __out = (__in1 / __in2) to have +1.7800590868057611e-307 to avoid NaN/inf floating-point exception in division!
Changing __out = (__in1 / __in2) to have +1.7800590868057611e-307 to avoid NaN/inf floating-point exception in division!
Changing __out = (__in1 / __in2) to have +1.7800590868057611e-307 to avoid NaN/inf floating-point exception in division!
Run time cloudsc_pattern_1_vectorized_static_veclen_8_no_cpy iter 0: 4366.702 ms
Run time cloudsc_pattern_1_vectorized_static_veclen_8_no_cpy iter 1: 4399.330 ms
Run time cloudsc_pattern_1_vectorized_static_veclen_8_no_cpy iter 2: 4401.063 ms
Run time cloudsc_pattern_1_vectorized_static_veclen_8_no_cpy iter 3: 4381.732 ms
Run time cloudsc_pattern_1_vectorized_static_veclen_8_no_cpy iter 4: 4390.678 ms
Run time cloudsc_pattern_1_vectorized_static_veclen_8_no_cpy iter 5: 4370.955 ms
Run time cloudsc_pattern_1_vectorized_static_veclen_8_no_cpy iter 6: 4419.954 ms
Run time cloudsc_pattern_1_vectorized_static_veclen_8_no_cpy iter 7: 4365.624 ms
Run time cloudsc_pattern_1_vectorized_static_veclen_8_no_cpy iter 8: 4427.522 ms
Run time cloudsc_pattern_1_vectorized_static_veclen_8_no_cpy iter 9: 4376.691 ms
[can_be_applied] to if_385 is True
[can_be_applied] to if_385 is True
Changing __out = (__in1 / __in2) to have +1.7800590868057611e-307 to avoid NaN/inf floating-point exception in division!
[can_be_applied] to if_391 is True
Changing __out = (__in1 / __in2) to have +1.7800590868057611e-307 to avoid NaN/inf floating-point exception in division!
Changing __out = (__in1 / __in2) to have +1.7800590868057611e-307 to avoid NaN/inf floating-point exception in division!
Changing __out = (__in1 / __in2) to have +1.7800590868057611e-307 to avoid NaN/inf floating-point exception in division!
Changing __out = (__in1 / __in2) to have +1.7800590868057611e-307 to avoid NaN/inf floating-point exception in division!
Changing __out = (__in1 / __in2) to have +1.7800590868057611e-307 to avoid NaN/inf floating-point exception in division!
Changing __out = log(__in1) to have (__in1) + 1.7800590868057611e-307 inside log() to avoid log(0) NaN!
Changing __out = (__in1 / __in2) to have +1.7800590868057611e-307 to avoid NaN/inf floating-point exception in division!
Changing __out = (__in1 / __in2) to have +1.7800590868057611e-307 to avoid NaN/inf floating-point exception in division!
Changing __out = (__in1 / __in2) to have +1.7800590868057611e-307 to avoid NaN/inf floating-point exception in division!
Changing __out = (__in1 / __in2) to have +1.7800590868057611e-307 to avoid NaN/inf floating-point exception in division!
Changing __out = (__in1 / __in2) to have +1.7800590868057611e-307 to avoid NaN/inf floating-point exception in division!
Run time cloudsc_pattern_1_vectorized_static_veclen_32_no_cpy iter 0: 3749.842 ms
Run time cloudsc_pattern_1_vectorized_static_veclen_32_no_cpy iter 1: 3806.773 ms
Run time cloudsc_pattern_1_vectorized_static_veclen_32_no_cpy iter 2: 3818.295 ms
Run time cloudsc_pattern_1_vectorized_static_veclen_32_no_cpy iter 3: 3778.089 ms
Run time cloudsc_pattern_1_vectorized_static_veclen_32_no_cpy iter 4: 3784.115 ms
Run time cloudsc_pattern_1_vectorized_static_veclen_32_no_cpy iter 5: 3757.438 ms
Run time cloudsc_pattern_1_vectorized_static_veclen_32_no_cpy iter 6: 3813.945 ms
Run time cloudsc_pattern_1_vectorized_static_veclen_32_no_cpy iter 7: 3823.459 ms
Run time cloudsc_pattern_1_vectorized_static_veclen_32_no_cpy iter 8: 3718.896 ms
Run time cloudsc_pattern_1_vectorized_static_veclen_32_no_cpy iter 9: 3787.217 ms
[can_be_applied] to if_385 is True
[can_be_applied] to if_385 is True
Changing __out = (__in1 / __in2) to have +1.7800590868057611e-307 to avoid NaN/inf floating-point exception in division!
[can_be_applied] to if_391 is True
Changing __out = (__in1 / __in2) to have +1.7800590868057611e-307 to avoid NaN/inf floating-point exception in division!
Changing __out = (__in1 / __in2) to have +1.7800590868057611e-307 to avoid NaN/inf floating-point exception in division!
Changing __out = (__in1 / __in2) to have +1.7800590868057611e-307 to avoid NaN/inf floating-point exception in division!
Changing __out = (__in1 / __in2) to have +1.7800590868057611e-307 to avoid NaN/inf floating-point exception in division!
Changing __out = log(__in1) to have (__in1) + 1.7800590868057611e-307 inside log() to avoid log(0) NaN!
Changing __out = (__in1 / __in2) to have +1.7800590868057611e-307 to avoid NaN/inf floating-point exception in division!
Changing __out = (__in1 / __in2) to have +1.7800590868057611e-307 to avoid NaN/inf floating-point exception in division!
Changing __out = (__in1 / __in2) to have +1.7800590868057611e-307 to avoid NaN/inf floating-point exception in division!
Changing __out = (__in1 / __in2) to have +1.7800590868057611e-307 to avoid NaN/inf floating-point exception in division!
Changing __out = (__in1 / __in2) to have +1.7800590868057611e-307 to avoid NaN/inf floating-point exception in division!
Changing __out = (__in1 / __in2) to have +1.7800590868057611e-307 to avoid NaN/inf floating-point exception in division!
Run time cloudsc_pattern_1_vectorized_static_veclen_128_no_cpy iter 0: 4180.880 ms
Run time cloudsc_pattern_1_vectorized_static_veclen_128_no_cpy iter 1: 4101.245 ms
Run time cloudsc_pattern_1_vectorized_static_veclen_128_no_cpy iter 2: 3981.640 ms
Run time cloudsc_pattern_1_vectorized_static_veclen_128_no_cpy iter 3: 4153.179 ms
Run time cloudsc_pattern_1_vectorized_static_veclen_128_no_cpy iter 4: 4113.053 ms
Run time cloudsc_pattern_1_vectorized_static_veclen_128_no_cpy iter 5: 4153.720 ms
Run time cloudsc_pattern_1_vectorized_static_veclen_128_no_cpy iter 6: 4100.368 ms
Run time cloudsc_pattern_1_vectorized_static_veclen_128_no_cpy iter 7: 4042.651 ms
Run time cloudsc_pattern_1_vectorized_static_veclen_128_no_cpy iter 8: 3890.888 ms
Run time cloudsc_pattern_1_vectorized_static_veclen_128_no_cpy iter 9: 4060.540 ms
[can_be_applied] to if_385 is True
[can_be_applied] to if_385 is True
Changing __out = (__in1 / __in2) to have +1.7800590868057611e-307 to avoid NaN/inf floating-point exception in division!
[can_be_applied] to if_391 is True
Changing __out = (__in1 / __in2) to have +1.7800590868057611e-307 to avoid NaN/inf floating-point exception in division!
Changing __out = (__in1 / __in2) to have +1.7800590868057611e-307 to avoid NaN/inf floating-point exception in division!
Changing __out = (__in1 / __in2) to have +1.7800590868057611e-307 to avoid NaN/inf floating-point exception in division!
Changing __out = log(__in1) to have (__in1) + 1.7800590868057611e-307 inside log() to avoid log(0) NaN!
Changing __out = (__in1 / __in2) to have +1.7800590868057611e-307 to avoid NaN/inf floating-point exception in division!
Changing __out = (__in1 / __in2) to have +1.7800590868057611e-307 to avoid NaN/inf floating-point exception in division!
Changing __out = (__in1 / __in2) to have +1.7800590868057611e-307 to avoid NaN/inf floating-point exception in division!
Changing __out = (__in1 / __in2) to have +1.7800590868057611e-307 to avoid NaN/inf floating-point exception in division!
Changing __out = (__in1 / __in2) to have +1.7800590868057611e-307 to avoid NaN/inf floating-point exception in division!
Changing __out = (__in1 / __in2) to have +1.7800590868057611e-307 to avoid NaN/inf floating-point exception in division!
Changing __out = (__in1 / __in2) to have +1.7800590868057611e-307 to avoid NaN/inf floating-point exception in division!
Run time cloudsc_pattern_1_vectorized_static_veclen_512_no_cpy iter 0: 4664.890 ms
Run time cloudsc_pattern_1_vectorized_static_veclen_512_no_cpy iter 1: 4660.148 ms
Run time cloudsc_pattern_1_vectorized_static_veclen_512_no_cpy iter 2: 4639.448 ms
Run time cloudsc_pattern_1_vectorized_static_veclen_512_no_cpy iter 3: 4650.548 ms
Run time cloudsc_pattern_1_vectorized_static_veclen_512_no_cpy iter 4: 4663.069 ms
Run time cloudsc_pattern_1_vectorized_static_veclen_512_no_cpy iter 5: 4673.043 ms
Run time cloudsc_pattern_1_vectorized_static_veclen_512_no_cpy iter 6: 4682.651 ms
Run time cloudsc_pattern_1_vectorized_static_veclen_512_no_cpy iter 7: 4681.943 ms
Run time cloudsc_pattern_1_vectorized_static_veclen_512_no_cpy iter 8: 4686.503 ms
Run time cloudsc_pattern_1_vectorized_static_veclen_512_no_cpy iter 9: 4672.848 ms
Saved timing results to cloudsc_pattern_1_timings_1_core.csv.csv
Run time cloudsc_pattern_1 iter 0: 4218.494 ms
Run time cloudsc_pattern_1 iter 1: 4144.457 ms
Run time cloudsc_pattern_1 iter 2: 4203.730 ms
Run time cloudsc_pattern_1 iter 3: 4168.804 ms
Run time cloudsc_pattern_1 iter 4: 4160.685 ms
Run time cloudsc_pattern_1 iter 5: 4183.748 ms
Run time cloudsc_pattern_1 iter 6: 4174.947 ms
Run time cloudsc_pattern_1 iter 7: 4215.869 ms
Run time cloudsc_pattern_1 iter 8: 4192.705 ms
Run time cloudsc_pattern_1 iter 9: 4169.755 ms
[can_be_applied] to if_385 is True
[can_be_applied] to if_385 is True
Changing __out = (__in1 / __in2) to have +1.7800590868057611e-307 to avoid NaN/inf floating-point exception in division!
[can_be_applied] to if_391 is True
Changing __out = (__in1 / __in2) to have +1.7800590868057611e-307 to avoid NaN/inf floating-point exception in division!
Changing __out = (__in1 / __in2) to have +1.7800590868057611e-307 to avoid NaN/inf floating-point exception in division!
Changing __out = (__in1 / __in2) to have +1.7800590868057611e-307 to avoid NaN/inf floating-point exception in division!
Changing __out = (__in1 / __in2) to have +1.7800590868057611e-307 to avoid NaN/inf floating-point exception in division!
Changing __out = (__in1 / __in2) to have +1.7800590868057611e-307 to avoid NaN/inf floating-point exception in division!
Changing __out = (__in1 / __in2) to have +1.7800590868057611e-307 to avoid NaN/inf floating-point exception in division!
Changing __out = (__in1 / __in2) to have +1.7800590868057611e-307 to avoid NaN/inf floating-point exception in division!
Changing __out = (__in1 / __in2) to have +1.7800590868057611e-307 to avoid NaN/inf floating-point exception in division!
Changing __out = (__in1 / __in2) to have +1.7800590868057611e-307 to avoid NaN/inf floating-point exception in division!
Changing __out = (__in1 / __in2) to have +1.7800590868057611e-307 to avoid NaN/inf floating-point exception in division!
Changing __out = log(__in1) to have (__in1) + 1.7800590868057611e-307 inside log() to avoid log(0) NaN!
Run time cloudsc_pattern_1_vectorized_static_veclen_2_no_cpy iter 0: 7656.766 ms
Run time cloudsc_pattern_1_vectorized_static_veclen_2_no_cpy iter 1: 7738.893 ms
Run time cloudsc_pattern_1_vectorized_static_veclen_2_no_cpy iter 2: 7690.220 ms
Run time cloudsc_pattern_1_vectorized_static_veclen_2_no_cpy iter 3: 7697.315 ms
Run time cloudsc_pattern_1_vectorized_static_veclen_2_no_cpy iter 4: 7657.013 ms
Run time cloudsc_pattern_1_vectorized_static_veclen_2_no_cpy iter 5: 7723.585 ms
Run time cloudsc_pattern_1_vectorized_static_veclen_2_no_cpy iter 6: 7704.821 ms
Run time cloudsc_pattern_1_vectorized_static_veclen_2_no_cpy iter 7: 7696.834 ms
Run time cloudsc_pattern_1_vectorized_static_veclen_2_no_cpy iter 8: 7659.590 ms
Run time cloudsc_pattern_1_vectorized_static_veclen_2_no_cpy iter 9: 7704.703 ms
[can_be_applied] to if_385 is True
[can_be_applied] to if_385 is True
Changing __out = (__in1 / __in2) to have +1.7800590868057611e-307 to avoid NaN/inf floating-point exception in division!
[can_be_applied] to if_391 is True
Changing __out = (__in1 / __in2) to have +1.7800590868057611e-307 to avoid NaN/inf floating-point exception in division!
Changing __out = (__in1 / __in2) to have +1.7800590868057611e-307 to avoid NaN/inf floating-point exception in division!
Changing __out = (__in1 / __in2) to have +1.7800590868057611e-307 to avoid NaN/inf floating-point exception in division!
Changing __out = (__in1 / __in2) to have +1.7800590868057611e-307 to avoid NaN/inf floating-point exception in division!
Changing __out = (__in1 / __in2) to have +1.7800590868057611e-307 to avoid NaN/inf floating-point exception in division!
Changing __out = (__in1 / __in2) to have +1.7800590868057611e-307 to avoid NaN/inf floating-point exception in division!
Changing __out = (__in1 / __in2) to have +1.7800590868057611e-307 to avoid NaN/inf floating-point exception in division!
Changing __out = log(__in1) to have (__in1) + 1.7800590868057611e-307 inside log() to avoid log(0) NaN!
Changing __out = (__in1 / __in2) to have +1.7800590868057611e-307 to avoid NaN/inf floating-point exception in division!
Changing __out = (__in1 / __in2) to have +1.7800590868057611e-307 to avoid NaN/inf floating-point exception in division!
Changing __out = (__in1 / __in2) to have +1.7800590868057611e-307 to avoid NaN/inf floating-point exception in division!
Run time cloudsc_pattern_1_vectorized_static_veclen_4_no_cpy iter 0: 5962.595 ms
Run time cloudsc_pattern_1_vectorized_static_veclen_4_no_cpy iter 1: 5984.635 ms
Run time cloudsc_pattern_1_vectorized_static_veclen_4_no_cpy iter 2: 6022.705 ms
Run time cloudsc_pattern_1_vectorized_static_veclen_4_no_cpy iter 3: 5999.162 ms
Run time cloudsc_pattern_1_vectorized_static_veclen_4_no_cpy iter 4: 6036.196 ms
Run time cloudsc_pattern_1_vectorized_static_veclen_4_no_cpy iter 5: 5957.928 ms
Run time cloudsc_pattern_1_vectorized_static_veclen_4_no_cpy iter 6: 5964.740 ms
Run time cloudsc_pattern_1_vectorized_static_veclen_4_no_cpy iter 7: 6021.701 ms
Run time cloudsc_pattern_1_vectorized_static_veclen_4_no_cpy iter 8: 5988.384 ms
Run time cloudsc_pattern_1_vectorized_static_veclen_4_no_cpy iter 9: 5975.036 ms
[can_be_applied] to if_385 is True
[can_be_applied] to if_385 is True
Changing __out = (__in1 / __in2) to have +1.7800590868057611e-307 to avoid NaN/inf floating-point exception in division!
[can_be_applied] to if_391 is True
Changing __out = (__in1 / __in2) to have +1.7800590868057611e-307 to avoid NaN/inf floating-point exception in division!
Changing __out = (__in1 / __in2) to have +1.7800590868057611e-307 to avoid NaN/inf floating-point exception in division!
Changing __out = (__in1 / __in2) to have +1.7800590868057611e-307 to avoid NaN/inf floating-point exception in division!
Changing __out = (__in1 / __in2) to have +1.7800590868057611e-307 to avoid NaN/inf floating-point exception in division!
Changing __out = (__in1 / __in2) to have +1.7800590868057611e-307 to avoid NaN/inf floating-point exception in division!
Changing __out = (__in1 / __in2) to have +1.7800590868057611e-307 to avoid NaN/inf floating-point exception in division!
Changing __out = (__in1 / __in2) to have +1.7800590868057611e-307 to avoid NaN/inf floating-point exception in division!
Changing __out = (__in1 / __in2) to have +1.7800590868057611e-307 to avoid NaN/inf floating-point exception in division!
Changing __out = log(__in1) to have (__in1) + 1.7800590868057611e-307 inside log() to avoid log(0) NaN!
Changing __out = (__in1 / __in2) to have +1.7800590868057611e-307 to avoid NaN/inf floating-point exception in division!
Changing __out = (__in1 / __in2) to have +1.7800590868057611e-307 to avoid NaN/inf floating-point exception in division!
Run time cloudsc_pattern_1_vectorized_static_veclen_8_no_cpy iter 0: 8822.216 ms
Run time cloudsc_pattern_1_vectorized_static_veclen_8_no_cpy iter 1: 8856.983 ms
Run time cloudsc_pattern_1_vectorized_static_veclen_8_no_cpy iter 2: 8785.224 ms
Run time cloudsc_pattern_1_vectorized_static_veclen_8_no_cpy iter 3: 8843.914 ms
Run time cloudsc_pattern_1_vectorized_static_veclen_8_no_cpy iter 4: 8830.366 ms
Run time cloudsc_pattern_1_vectorized_static_veclen_8_no_cpy iter 5: 8799.392 ms
Run time cloudsc_pattern_1_vectorized_static_veclen_8_no_cpy iter 6: 8828.574 ms
Run time cloudsc_pattern_1_vectorized_static_veclen_8_no_cpy iter 7: 8851.337 ms
Run time cloudsc_pattern_1_vectorized_static_veclen_8_no_cpy iter 8: 8861.737 ms
Run time cloudsc_pattern_1_vectorized_static_veclen_8_no_cpy iter 9: 8806.845 ms
[can_be_applied] to if_385 is True
[can_be_applied] to if_385 is True
Changing __out = (__in1 / __in2) to have +1.7800590868057611e-307 to avoid NaN/inf floating-point exception in division!
[can_be_applied] to if_391 is True
Changing __out = (__in1 / __in2) to have +1.7800590868057611e-307 to avoid NaN/inf floating-point exception in division!
Changing __out = (__in1 / __in2) to have +1.7800590868057611e-307 to avoid NaN/inf floating-point exception in division!
Changing __out = (__in1 / __in2) to have +1.7800590868057611e-307 to avoid NaN/inf floating-point exception in division!
Changing __out = (__in1 / __in2) to have +1.7800590868057611e-307 to avoid NaN/inf floating-point exception in division!
Changing __out = (__in1 / __in2) to have +1.7800590868057611e-307 to avoid NaN/inf floating-point exception in division!
Changing __out = (__in1 / __in2) to have +1.7800590868057611e-307 to avoid NaN/inf floating-point exception in division!
Changing __out = (__in1 / __in2) to have +1.7800590868057611e-307 to avoid NaN/inf floating-point exception in division!
Changing __out = (__in1 / __in2) to have +1.7800590868057611e-307 to avoid NaN/inf floating-point exception in division!
Changing __out = log(__in1) to have (__in1) + 1.7800590868057611e-307 inside log() to avoid log(0) NaN!
Changing __out = (__in1 / __in2) to have +1.7800590868057611e-307 to avoid NaN/inf floating-point exception in division!
Changing __out = (__in1 / __in2) to have +1.7800590868057611e-307 to avoid NaN/inf floating-point exception in division!
Run time cloudsc_pattern_1_vectorized_static_veclen_32_no_cpy iter 0: 7777.197 ms
Run time cloudsc_pattern_1_vectorized_static_veclen_32_no_cpy iter 1: 7763.033 ms
Run time cloudsc_pattern_1_vectorized_static_veclen_32_no_cpy iter 2: 7718.788 ms
Run time cloudsc_pattern_1_vectorized_static_veclen_32_no_cpy iter 3: 7735.656 ms
Run time cloudsc_pattern_1_vectorized_static_veclen_32_no_cpy iter 4: 7760.942 ms
Run time cloudsc_pattern_1_vectorized_static_veclen_32_no_cpy iter 5: 7684.233 ms
Run time cloudsc_pattern_1_vectorized_static_veclen_32_no_cpy iter 6: 7760.531 ms
Run time cloudsc_pattern_1_vectorized_static_veclen_32_no_cpy iter 7: 7692.066 ms
Run time cloudsc_pattern_1_vectorized_static_veclen_32_no_cpy iter 8: 7735.170 ms
Run time cloudsc_pattern_1_vectorized_static_veclen_32_no_cpy iter 9: 7739.405 ms
[can_be_applied] to if_385 is True
[can_be_applied] to if_385 is True
Changing __out = (__in1 / __in2) to have +1.7800590868057611e-307 to avoid NaN/inf floating-point exception in division!
[can_be_applied] to if_391 is True
Changing __out = (__in1 / __in2) to have +1.7800590868057611e-307 to avoid NaN/inf floating-point exception in division!
Changing __out = (__in1 / __in2) to have +1.7800590868057611e-307 to avoid NaN/inf floating-point exception in division!
Changing __out = (__in1 / __in2) to have +1.7800590868057611e-307 to avoid NaN/inf floating-point exception in division!
Changing __out = (__in1 / __in2) to have +1.7800590868057611e-307 to avoid NaN/inf floating-point exception in division!
Changing __out = log(__in1) to have (__in1) + 1.7800590868057611e-307 inside log() to avoid log(0) NaN!
Changing __out = (__in1 / __in2) to have +1.7800590868057611e-307 to avoid NaN/inf floating-point exception in division!
Changing __out = (__in1 / __in2) to have +1.7800590868057611e-307 to avoid NaN/inf floating-point exception in division!
Changing __out = (__in1 / __in2) to have +1.7800590868057611e-307 to avoid NaN/inf floating-point exception in division!
Changing __out = (__in1 / __in2) to have +1.7800590868057611e-307 to avoid NaN/inf floating-point exception in division!
Changing __out = (__in1 / __in2) to have +1.7800590868057611e-307 to avoid NaN/inf floating-point exception in division!
Changing __out = (__in1 / __in2) to have +1.7800590868057611e-307 to avoid NaN/inf floating-point exception in division!
Run time cloudsc_pattern_1_vectorized_static_veclen_128_no_cpy iter 0: 8415.345 ms
Run time cloudsc_pattern_1_vectorized_static_veclen_128_no_cpy iter 1: 8443.682 ms
Run time cloudsc_pattern_1_vectorized_static_veclen_128_no_cpy iter 2: 8254.110 ms
Run time cloudsc_pattern_1_vectorized_static_veclen_128_no_cpy iter 3: 7957.858 ms
Run time cloudsc_pattern_1_vectorized_static_veclen_128_no_cpy iter 4: 8393.607 ms
Run time cloudsc_pattern_1_vectorized_static_veclen_128_no_cpy iter 5: 8476.625 ms
Run time cloudsc_pattern_1_vectorized_static_veclen_128_no_cpy iter 6: 8022.020 ms
Run time cloudsc_pattern_1_vectorized_static_veclen_128_no_cpy iter 7: 7954.544 ms
Run time cloudsc_pattern_1_vectorized_static_veclen_128_no_cpy iter 8: 8177.069 ms
Run time cloudsc_pattern_1_vectorized_static_veclen_128_no_cpy iter 9: 8004.214 ms
[can_be_applied] to if_385 is True
[can_be_applied] to if_385 is True
Changing __out = (__in1 / __in2) to have +1.7800590868057611e-307 to avoid NaN/inf floating-point exception in division!
[can_be_applied] to if_391 is True
Changing __out = log(__in1) to have (__in1) + 1.7800590868057611e-307 inside log() to avoid log(0) NaN!
Changing __out = (__in1 / __in2) to have +1.7800590868057611e-307 to avoid NaN/inf floating-point exception in division!
Changing __out = (__in1 / __in2) to have +1.7800590868057611e-307 to avoid NaN/inf floating-point exception in division!
Changing __out = (__in1 / __in2) to have +1.7800590868057611e-307 to avoid NaN/inf floating-point exception in division!
Changing __out = (__in1 / __in2) to have +1.7800590868057611e-307 to avoid NaN/inf floating-point exception in division!
Changing __out = (__in1 / __in2) to have +1.7800590868057611e-307 to avoid NaN/inf floating-point exception in division!
Changing __out = (__in1 / __in2) to have +1.7800590868057611e-307 to avoid NaN/inf floating-point exception in division!
Changing __out = (__in1 / __in2) to have +1.7800590868057611e-307 to avoid NaN/inf floating-point exception in division!
Changing __out = (__in1 / __in2) to have +1.7800590868057611e-307 to avoid NaN/inf floating-point exception in division!
Changing __out = (__in1 / __in2) to have +1.7800590868057611e-307 to avoid NaN/inf floating-point exception in division!
Changing __out = (__in1 / __in2) to have +1.7800590868057611e-307 to avoid NaN/inf floating-point exception in division!
Run time cloudsc_pattern_1_vectorized_static_veclen_512_no_cpy iter 0: 9371.743 ms
Run time cloudsc_pattern_1_vectorized_static_veclen_512_no_cpy iter 1: 9370.293 ms
Run time cloudsc_pattern_1_vectorized_static_veclen_512_no_cpy iter 2: 9365.740 ms
Run time cloudsc_pattern_1_vectorized_static_veclen_512_no_cpy iter 3: 9377.439 ms
Run time cloudsc_pattern_1_vectorized_static_veclen_512_no_cpy iter 4: 9393.777 ms
Run time cloudsc_pattern_1_vectorized_static_veclen_512_no_cpy iter 5: 9348.791 ms
Run time cloudsc_pattern_1_vectorized_static_veclen_512_no_cpy iter 6: 9434.659 ms
Run time cloudsc_pattern_1_vectorized_static_veclen_512_no_cpy iter 7: 9372.579 ms
Run time cloudsc_pattern_1_vectorized_static_veclen_512_no_cpy iter 8: 9392.612 ms
Run time cloudsc_pattern_1_vectorized_static_veclen_512_no_cpy iter 9: 9400.861 ms
Saved timing results to cloudsc_pattern_1_timings_1_core.csv.csv
